355 0
700 0
0 0
669 17
600 626
544 624
97 0
557 57
0 0
0 0
357 658
460 693
393 0
243 564
0 0
141 160
364 0
0 0
575 0
202 234
0 0
307 150
541 125
0 0
162 0
3 312
72 0
0 0
0 0
82 0
0 0
214 685
400 0
0 0
0 0
603 0
96 391
602 313
0 0
409 33
280 189
583 0
0 0
18 0
0 0
352 0
501 608
0 0
681 0
640 0
0 0
74 0
193 144
75 0
650 390
0 0
164 318
0 0
255 0
589 0
64 0
0 0
169 145
206 0
130 171
51 0
197 607
594 80
448 450
56 0
244 0
0 0
0 0
596 0
351 0
331 277
641 572
0 0
0 0
195 0
0 0
0 0
542 0
213 0
0 0
155 438
262 474
611 48
704 152
405 0
414 0
490 112
521 0
215 0
0 0
663 54
612 0
0 0
62 0
453 0
605 311
274 0
707 0
479 0
530 539
0 0
571 0
0 0
302 531
467 0
694 0
0 0
0 0
55 0
383 0
346 0
627 180
0 0
576 674
0 0
220 0
0 0
0 0
329 140
451 290
0 0
686 0
398 506
296 0
0 0
0 0
0 0
368 0
39 0
517 655
53 0
703 0
459 433
124 0
0 0
28 0
432 614
396 92
0 0
350 0
697 0
0 0
636 66
455 0
537 258
304 266
297 0
637 475
574 6
371 639
23 5
0 0
27 163
0 0
100 621
0 0
496 534
323 439
265 0
0 0
0 0
41 0
0 0
0 0
452 0
135 132
0 0
0 0
666 143
0 0
0 0
548 0
147 0
0 0
385 0
447 0
0 0
0 0
661 0
482 0
0 0
0 0
0 0
0 0
170 191
643 38
673 0
0 0
684 0
303 0
273 186
101 0
0 0
493 0
664 0
654 10
87 0
0 0
0 0
0 0
659 0
0 0
491 4
115 166
670 595
247 0
477 512
526 330
11 0
285 0
78 327
702 338
0 0
660 203
384 0
0 0
0 0
679 44
314 128
236 251
0 0
0 0
370 0
520 386
588 0
601 538
503 545
0 0
485 0
527 0
0 0
437 348
0 0
402 0
585 0
569 0
21 0
179 598
361 0
0 0
79 399
0 0
12 642
0 0
126 0
343 0
0 0
0 0
678 61
426 0
389 510
424 0
91 0
457 471
272 380
209 0
358 0
0 0
353 0
515 578
0 0
507 84
109 0
431 94
0 0
422 421
356 0
0 0
706 0
0 0
434 340
0 0
690 0
688 185
0 0
536 341
695 0
0 0
167 30
336 0
401 0
0 0
0 0
529 0
470 604
0 0
0 0
316 15
458 295
0 0
342 662
198 0
516 102
696 254
0 0
63 667
550 0
168 0
216 0
0 0
232 0
0 0
468 0
0 0
283 0
615 0
0 0
456 0
677 0
0 0
543 172
644 0
635 0
8 294
592 0
0 0
129 570
0 0
360 0
407 0
582 423
106 525
245 554
69 0
625 0
528 0
606 0
0 0
205 0
119 0
0 0
0 0
43 228
173 0
151 264
0 0
142 138
555 0
634 683
0 0
504 692
0 0
344 308
46 0
0 0
671 207
646 0
0 0
315 50
14 77
440 0
281 201
630 37
0 0
369 0
240 326
388 0
218 270
0 0
107 406
0 0
701 0
0 0
261 0
580 0
301 153
221 0
481 514
519 0
310 442
34 652
0 0
0 0
95 256
500 0
306 478
0 0
616 0
0 0
123 335
0 0
249 518
263 682
446 103
0 0
675 0
0 0
136 590
645 0
483 324
291 0
0 0
533 0
0 0
52 0
0 0
0 0
0 0
466 546
83 522
268 0
0 0
0 0
127 0
549 192
146 0
0 0
513 0
0 0
68 0
620 0
0 0
161 233
524 633
0 0
235 260
0 0
259 250
449 0
321 0
0 0
0 0
0 0
0 0
649 0
0 0
489 363
131 0
0 0
36 495
200 492
0 0
0 0
0 0
0 0
122 0
551 24
618 0
505 0
319 0
428 0
403 0
98 0
609 411
0 0
535 540
282 0
562 0
227 0
0 0
70 430
628 0
593 379
425 0
137 436
0 0
22 0
587 0
443 65
0 0
0 0
382 553
208 0
225 237
224 182
190 566
372 558
113 599
133 222
0 0
511 556
0 0
708 0
648 0
0 0
416 0
81 271
284 0
0 0
0 0
116 632
309 653
367 0
298 174
0 0
497 322
509 31
622 0
183 375
0 0
337 0
0 0
444 0
0 0
559 0
0 0
0 0
508 0
0 0
230 0
90 0
0 0
579 0
0 0
0 0
0 0
134 0
0 0
584 0
0 0
472 672
181 0
99 0
0 0
121 0
0 0
502 0
461 0
194 617
333 0
289 0
0 0
0 0
0 0
211 0
2 0
381 0
278 184
565 462
0 0
0 0
0 0
288 0
47 392
19 586
0 0
454 365
32 0
0 0
638 0
105 523
242 0
610 0
286 0
354 0
0 0
668 238
0 0
86 0
0 0
0 0
0 0
45 0
413 0
0 0
0 0
0 0
0 0
320 623
397 276
0 0
7 408
631 139
257 0
196 85
317 547
581 16
0 0
441 0
0 0
0 0
188 210
378 0
0 0
0 0
178 0
219 334
499 0
93 0
0 0
0 0
239 88
410 0
26 415
248 0
226 20
698 699
395 187
332 42
156 619
0 0
0 0
328 148
689 412
58 0
463 394
299 687
404 349
651 676
0 0
149 0
366 418
110 480
154 680
0 0
49 705
0 0
117 325
568 13
0 0
0 0
494 0
347 0
59 532
573 176
445 114
0 0
597 292
287 0
241 0
0 0
563 473
376 373
0 0
0 0
417 0
613 657
0 0
0 0
691 0
279 269
561 0
0 0
498 223
73 204
0 0
435 419
0 0
0 0
359 0
300 0
0 0
0 0
0 0
25 665
0 0
486 212
488 339
362 217
345 0
629 159
9 60
0 0
0 0
0 0
158 0
275 76
476 0
0 0
165 177
656 591
487 552
157 40
231 0
0 0
0 0
0 0
29 0
104 0
0 0
35 252
0 0
427 108
0 0
0 0
0 0
267 464
577 0
305 0
0 0
374 0
0 0
567 246
253 0
0 0
429 89
293 469
67 0
118 0
0 0
0 0
229 0
71 0
111 199
0 0
175 0
484 0
0 0
560 0
377 387
0 0
120 647
465 420
