151 127
153 94
61 140
35 0
73 0
0 0
0 0
27 0
181 0
0 0
112 0
0 0
31 80
0 0
93 0
0 0
0 0
142 144
137 91
64 124
0 0
68 0
176 0
16 0
0 0
109 65
28 76
100 43
77 0
0 0
54 0
52 0
0 0
129 175
0 0
0 0
21 0
0 0
114 0
0 0
111 119
134 0
85 81
0 0
0 0
121 29
147 179
0 0
0 0
113 0
177 0
0 0
58 0
139 12
79 71
162 2
0 0
0 0
0 0
0 0
9 0
67 86
130 0
57 143
136 0
33 161
22 0
0 0
103 98
0 0
13 174
25 0
8 149
55 0
66 132
45 0
171 128
101 0
23 0
40 34
20 75
0 0
118 146
184 168
138 0
126 0
18 47
0 0
0 0
0 0
60 99
42 82
0 0
0 0
180 0
155 7
17 0
6 63
115 105
0 0
0 0
0 0
110 0
0 0
0 0
0 0
0 0
0 0
95 0
0 0
158 24
97 0
0 0
141 160
0 0
183 0
0 0
0 0
116 0
0 0
120 125
89 0
0 0
135 4
159 0
26 87
148 84
117 0
10 0
0 0
36 0
37 83
157 0
169 50
164 104
0 0
14 172
0 0
0 0
154 72
133 0
48 156
0 0
0 0
0 0
30 69
170 0
41 0
88 56
131 163
19 167
0 0
38 0
62 46
0 0
70 182
0 0
152 3
0 0
173 0
165 0
44 74
92 0
0 0
0 0
122 123
0 0
178 145
0 0
102 11
32 0
107 0
59 0
96 0
15 150
0 0
78 106
53 0
166 5
108 0
0 0
90 0
39 0
51 49
