140 52
0 0
0 0
335 859
53 888
0 0
0 0
0 0
0 0
76 677
0 0
22 0
0 0
357 0
0 0
419 411
839 0
575 630
747 749
613 0
361 0
0 0
304 437
381 559
831 510
763 727
0 0
594 0
0 0
541 635
100 0
58 0
676 333
393 798
104 118
566 0
0 0
0 0
838 561
879 0
785 0
530 428
0 0
0 0
0 0
185 117
840 0
221 778
17 725
612 0
582 703
643 713
359 608
682 198
265 0
468 0
0 0
227 0
762 142
0 0
336 0
751 68
636 0
399 755
0 0
889 0
731 0
768 298
0 0
580 99
0 0
0 0
0 0
0 0
244 0
354 188
0 0
464 400
887 0
546 634
457 0
0 0
555 825
0 0
604 0
611 0
0 0
0 0
423 767
341 441
500 658
25 0
0 0
679 0
0 0
820 204
486 0
474 0
497 287
0 0
758 783
0 0
213 92
585 279
60 854
356 180
848 55
0 0
714 0
0 0
0 0
391 577
0 0
0 0
610 757
351 315
407 0
650 0
0 0
876 323
699 782
0 0
102 869
814 305
777 828
790 0
299 328
313 0
0 0
483 460
0 0
0 0
0 0
291 0
880 0
721 0
0 0
231 30
309 588
31 0
0 0
709 0
50 64
0 0
687 362
0 0
378 0
574 0
646 0
0 0
111 0
312 698
79 205
0 0
770 0
813 536
498 314
327 306
144 297
518 694
135 0
12 775
65 0
202 681
552 260
772 697
539 564
0 0
670 224
640 397
0 0
0 0
405 0
0 0
0 0
200 44
344 89
418 325
113 0
0 0
241 810
0 0
873 0
0 0
0 0
529 0
106 210
475 385
0 0
98 668
401 832
0 0
0 0
606 0
0 0
283 0
0 0
18 576
466 0
548 0
277 0
425 748
171 420
702 32
711 505
617 724
595 0
0 0
429 288
629 145
641 273
0 0
178 375
728 347
0 0
587 402
0 0
0 0
0 0
394 87
551 0
0 0
0 0
719 20
824 0
105 0
0 0
502 690
348 787
136 829
665 0
537 846
0 0
190 842
41 0
886 112
858 0
710 0
0 0
461 0
0 0
487 274
0 0
655 648
255 0
46 0
495 0
0 0
182 206
0 0
0 0
285 220
434 414
0 0
0 0
40 181
463 0
696 199
0 0
125 0
469 0
522 631
774 882
69 156
0 0
0 0
652 123
0 0
28 506
45 0
0 0
0 0
0 0
738 651
593 0
97 115
0 0
602 0
841 740
639 753
0 0
0 0
0 0
355 170
678 0
0 0
0 0
350 75
0 0
795 0
56 219
371 0
0 0
0 0
0 0
619 54
0 0
0 0
625 0
877 0
0 0
543 0
499 0
63 0
340 250
0 0
131 0
0 0
0 0
0 0
0 0
0 0
0 0
0 0
0 0
493 0
161 0
417 0
0 0
0 0
573 494
84 413
0 0
874 695
14 0
750 128
600 688
395 607
786 86
567 186
624 693
881 0
272 0
253 207
0 0
0 0
853 528
789 160
0 0
864 802
296 435
534 744
0 0
0 0
479 0
547 0
0 0
737 704
114 0
302 851
806 0
653 116
321 256
0 0
484 0
801 47
0 0
310 0
430 0
0 0
119 0
7 715
0 0
0 0
150 661
346 572
599 0
0 0
451 0
236 0
129 472
609 0
592 666
0 0
380 0
0 0
254 0
622 760
0 0
0 0
16 91
0 0
726 0
271 0
752 163
845 819
369 809
159 0
0 0
0 0
0 0
0 0
248 0
300 654
0 0
766 0
712 101
558 0
0 0
0 0
761 80
557 512
508 322
162 0
614 216
235 293
875 406
456 0
324 261
0 0
563 0
0 0
822 43
549 527
723 27
890 320
337 452
764 0
146 0
352 0
0 0
318 62
445 0
722 0
0 0
865 0
455 282
66 745
0 0
633 581
276 0
0 0
538 0
0 0
490 662
172 0
0 0
0 0
382 0
519 0
686 187
0 0
0 0
833 0
0 0
197 0
884 788
367 0
637 779
365 0
0 0
560 675
8 467
803 6
0 0
826 386
706 0
843 0
0 0
0 0
0 0
0 0
605 0
0 0
632 523
835 507
776 0
657 0
329 0
0 0
9 0
0 0
208 0
95 173
0 0
218 223
319 791
153 0
458 157
109 0
485 259
480 0
374 623
0 0
0 0
0 0
735 270
0 0
872 807
0 0
0 0
51 0
0 0
0 0
152 769
756 0
442 0
139 0
692 0
266 0
0 0
0 0
730 5
234 0
0 0
0 0
0 0
433 130
0 0
262 449
808 0
226 339
377 0
151 0
0 0
830 570
0 0
192 0
771 0
0 0
0 0
0 0
659 0
108 701
501 554
664 0
0 0
196 673
590 0
492 334
0 0
0 0
239 691
0 0
268 0
332 0
525 249
700 0
280 0
290 0
155 0
0 0
432 0
338 805
0 0
0 0
656 0
376 465
191 0
863 0
823 0
410 0
179 754
426 70
470 0
870 0
0 0
0 0
383 0
0 0
301 535
165 0
0 0
0 0
345 0
0 0
0 0
0 0
15 0
48 124
459 143
222 0
0 0
0 0
0 0
71 514
189 0
638 773
0 0
0 0
403 195
491 515
0 0
0 0
215 0
138 0
292 496
0 0
289 252
0 0
0 0
0 0
0 0
217 0
0 0
471 473
562 0
0 0
0 0
275 2
0 0
672 36
734 716
0 0
794 67
0 0
739 0
855 705
450 544
0 0
553 780
121 0
847 818
0 0
443 167
568 583
35 0
88 331
387 0
850 0
0 0
0 0
0 0
0 0
481 0
0 0
127 0
0 0
836 0
0 0
308 0
550 392
759 0
168 0
0 0
891 211
0 0
49 379
0 0
447 597
263 0
0 0
0 0
154 398
0 0
72 245
571 83
0 0
311 436
0 0
184 203
349 645
0 0
477 444
878 532
0 0
511 439
0 0
520 212
0 0
103 42
454 358
601 462
0 0
765 733
61 0
732 834
247 0
857 0
0 0
176 10
626 0
85 0
0 0
137 264
741 0
533 0
618 23
0 0
684 0
316 0
742 821
427 342
862 0
680 0
591 396
861 0
303 0
281 868
0 0
598 0
0 0
663 0
422 671
586 0
446 0
504 0
0 0
29 0
0 0
883 0
0 0
0 0
228 0
201 0
0 0
0 0
78 517
147 799
0 0
0 0
267 431
489 0
74 0
13 521
0 0
867 0
33 416
526 0
796 0
0 0
0 0
278 0
295 0
516 26
513 0
793 0
94 0
540 0
353 827
122 0
0 0
0 0
0 0
0 0
0 0
177 0
0 0
194 240
708 837
0 0
82 0
860 797
0 0
209 589
404 0
90 0
0 0
409 503
817 0
569 0
390 579
0 0
0 0
11 284
0 0
120 0
669 0
0 0
0 0
343 317
0 0
0 0
0 0
0 0
0 0
0 0
233 0
110 736
729 0
811 0
370 38
482 871
93 0
0 0
384 238
0 0
368 307
0 0
158 34
0 0
37 0
408 524
183 0
175 294
132 440
0 0
0 0
816 0
0 0
621 0
0 0
0 0
0 0
0 0
707 478
134 0
0 0
0 0
815 627
628 0
0 0
148 0
258 0
412 0
584 0
746 849
0 0
424 743
0 0
649 0
0 0
141 0
438 685
488 169
286 0
243 0
269 0
372 0
578 0
0 0
0 0
0 0
531 603
326 556
0 0
683 596
800 389
0 0
360 644
57 0
542 689
565 251
476 4
0 0
0 0
257 373
0 0
784 0
0 0
81 0
856 0
0 0
667 620
804 0
718 674
363 24
615 0
415 225
545 0
0 0
364 0
242 21
421 0
812 0
448 0
509 0
844 0
642 107
3 0
214 229
0 0
77 0
39 166
852 0
717 0
366 0
720 149
0 0
133 0
246 0
59 19
193 0
792 126
866 0
0 0
174 616
0 0
885 0
0 0
73 660
0 0
781 388
330 96
164 232
453 230
0 0
0 0
0 0
647 0
237 0
