10
18
18
19
12
16
16
16
22
21
1
12
17
5
12
24
14
17
9
18
26
16
23
13
13
12
21
23
13
16
18
18
26
17
22
23
16
23
17
18
6
8
18
15
17
10
20
19
11
24
18
15
18
5
23
9
14
15
14
8
23
16
16
23
18
21
17
23
16
19
19
17
18
14
17
22
11
20
22
20
21
23
15
11
12
24
16
19
10
17
13
24
22
11
20
12
17
17
12
14
3
13
11
16
11
11
24
15
13
13
17
17
15
15
12
14
14
18
13
4
18
15
16
19
17
17
16
17
13
25
9
22
12
12
19
13
18
18
15
6
12
14
22
17
13
13
16
12
17
20
25
23
16
13
12
23
13
17
2
7
16
17
24
17
4
20
19
14
12
26
15
15
17
5
21
19
8
18
19
21
4
13
19
21
22
7
14
11
12
14
18
16
19
16
14
17
10
16
15
15
13
19
15
10
19
24
6
8
15
0
192 
79 
118 145 
0
172 195 
89 127 163 
63 67 151 
78 92 
158 
24 108 128 200 
0
0
0
0
57 
0
45 88 203 
123 
0
148 
205 
189 
0
0
0
85 
186 
66 124 
166 
134 
0
30 
0
0
96 
15 162 
19 42 52 
0
0
0
0
0
0
105 
174 179 
149 
0
0
201 
7 
0
139 206 
49 
0
43 82 112 198 
36 103 
107 121 171 202 
18 130 
0
0
143 
106 
0
34 75 
0
91 
44 161 
0
0
0
0
0
64 137 
0
25 114 
9 65 
54 
183 
0
0
126 
84 98 
0
129 
0
0
83 104 
0
56 
0
22 27 35 37 
4 188 
80 
144 
31 
1 72 120 
0
113 199 
119 164 180 
0
11 
38 125 
14 133 140 168 
95 154 
150 
62 146 
116 167 
0
2 177 
50 
21 61 160 191 
68 197 
101 
0
0
3 204 
0
53 
70 
5 122 193 
0
94 
0
190 
71 111 
136 
73 
20 169 
196 
0
90 
0
0
0
0
47 182 
6 
159 185 
109 
208 
60 155 
39 
0
58 
74 97 110 157 
23 28 
0
0
32 
0
0
141 
153 181 
0
194 
117 
100 
41 59 176 207 
0
0
0
0
0
26 
0
138 
0
0
0
0
0
40 
131 142 
0
0
87 
0
8 
13 173 
16 
46 
184 
81 
0
51 170 
132 147 
135 156 
0
69 175 178 
17 
77 
12 33 
0
0
48 76 187 
0
0
0
99 115 
165 
29 
93 102 
0
0
0
55 
86 152 
