3
21
22
1
17
21
18
18
21
17
7
11
5
6
22
22
13
10
11
18
21
25
24
17
16
17
12
23
10
22
7
4
6
19
8
23
19
20
20
17
18
13
16
19
9
7
16
24
8
6
20
16
13
18
19
17
7
18
18
15
6
20
17
19
16
9
18
23
16
4
21
23
15
17
8
12
14
7
24
6
9
26
26
15
24
23
6
17
8
16
4
19
5
8
17
23
18
23
14
18
17
16
18
25
17
4
15
16
23
21
6
19
24
3
18
26
16
22
19
18
12
5
7
5
24
23
19
17
6
15
15
20
12
7
15
20
21
13
11
18
11
14
22
23
18
15
17
6
17
19
2
16
21
16
16
20
19
4
17
21
23
22
20
9
17
22
11
8
17
24
18
17
13
26
16
23
15
16
18
10
21
25
14
4
3
15
22
9
23
5
20
12
8
19
25
5
5
10
14
7
6
5
23
21
21
20
17
8
20
19
17
19
23
14
3
16
9
23
22
24
16
10
10
24
22
8
5
165 
97 108 202 
150 
66 
142 
0
156 
0
0
207 
26 75 191 
60 
199 
217 
0
0
140 
0
0
14 224 
0
0
6 102 
148 164 171 
40 144 
137 
84 
11 
35 143 
34 74 167 
123 
77 
155 208 
187 
0
0
8 
0
0
0
76 
94 
205 
222 
0
210 
0
65 80 
45 56 122 
20 70 
104 
141 182 213 
211 
0
96 
0
54 
149 
0
0
0
0
0
62 
17 
91 126 193 
78 223 
0
12 201 
117 186 
0
89 153 
0
0
0
0
0
0
0
197 
0
0
24 174 220 
0
0
30 
19 99 
0
0
0
50 
86 147 
163 216 
0
0
0
0
134 
43 
0
9 23 39 73 
0
115 
119 170 
92 226 
107 151 215 
206 
0
0
0
0
194 
31 69 183 
209 
0
158 
0
38 
36 63 
41 172 
79 200 
0
0
181 
22 169 219 
61 135 190 
7 53 58 
0
42 64 68 116 177 
154 
0
16 
88 192 
46 
136 
2 29 161 
0
132 
33 
0
0
85 160 
0
0
0
0
10 133 
139 
0
113 184 214 
4 87 168 
0
0
0
109 159 
37 
189 196 
178 
218 
124 
67 95 175 188 
1 204 
28 179 
0
0
120 
0
0
21 103 
111 118 
0
98 198 
0
55 100 
0
51 101 
0
0
0
0
0
59 72 83 145 176 
121 195 
90 105 
0
27 212 
221 
0
128 
5 152 180 
52 
44 
0
81 82 173 
0
49 
18 166 
0
48 93 225 
0
32 110 
47 112 
15 
0
0
57 
0
203 
131 
114 
162 
0
106 129 130 185 
157 
0
0
0
71 125 
0
25 127 146 
138 
0
0
0
0
13 
