116
21
10
10
13
10
18
22
29
22
16
17
23
21
28
24
25
28
17
15
26
25
22
5
15
24
18
29
26
11
7
23
18
28
23
20
21
5
23
21
24
23
21
20
20
6
24
11
15
24
17
14
23
4
15
16
25
25
19
6
17
22
16
15
29
16
31
28
21
26
18
23
23
19
7
9
9
8
19
31
15
29
21
23
20
27
20
18
17
28
23
19
20
22
19
24
23
25
14
28
9
24
20
9
21
22
20
23
29
32
25
9
19
13
22
27
1
12
25
16
19
21
26
20
12
8
27
15
16
12
25
17
18
19
21
5
24
23
22
29
20
18
17
21
22
22
5
24
19
18
23
22
28
13
21
24
20
20
15
20
20
7
20
25
21
29
20
16
18
8
28
18
21
22
15
20
25
11
18
18
20
24
10
21
17
20
6
14
21
22
20
26
17
26
10
10
22
19
30
19
21
20
23
18
16
18
9
14
30
25
18
22
27
16
3
21
18
16
19
8
13
4
18
17
21
28
21
22
14
31
26
22
21
22
15
16
14
15
29
24
28
25
18
19
19
21
22
31
2
19
24
20
21
25
18
27
19
18
23
21
22
18
22
24
19
22
21
25
16
16
28
27
26
20
18
22
14
19
19
24
29
7
22
17
13
17
12
26
22
15
18
6
18
29
29
25
21
20
17
26
20
13
20
16
26
17
30
29
6
30
22
12
23
27
7
29
14
30
19
24
25
16
20
17
11
12
7
15
21
17
8
21
24
19
19
14
4
12
23
28
19
4
33
29
14
17
7
9
5
20
26
16
8
19
18
26
21
21
23
26
21
29
18
19
23
20
23
19
20
10
25
6
17
6
8
22
23
24
8
3
20
21
9
16
17
21
105 189 233 260 
29 
0
236 335 
324 
363 
312 366 
0
71 
0
32 149 178 254 261 
0
0
8 81 238 293 343 
176 
359 
64 280 361 
0
204 217 269 
0
0
0
45 371 
0
110 
0
198 
85 
117 286 
77 169 378 
0
120 249 256 
0
0
0
0
186 308 
250 332 
0
130 241 
155 
0
266 
0
161 
0
124 311 
268 
0
205 362 
0
0
0
303 
0
0
0
201 368 
326 
0
0
60 223 298 372 
0
0
329 
109 
0
0
0
0
279 
25 
251 
219 352 374 
0
182 
76 
84 92 180 
0
10 65 383 
0
0
101 
0
67 
39 
73 197 264 
0
27 307 
0
156 
0
52 
44 86 
0
377 
69 
174 234 
139 165 294 
5 194 
118 370 
0
195 
0
338 
134 224 259 
46 
0
342 
272 
0
35 
51 98 
83 376 
225 240 
248 
4 
0
0
175 
145 
255 313 
215 
0
347 
0
128 
88 
0
28 122 304 
257 
0
0
275 
0
163 320 
15 147 319 
38 
0
356 
0
0
0
0
0
59 
16 
0
91 148 
136 
0
315 
207 
0
0
1 188 
0
55 
68 82 245 
360 
0
42 154 328 
193 
0
317 
121 
285 305 
0
75 
108 
334 
22 262 
258 
0
104 183 226 381 
230 287 
129 325 
133 278 
0
252 
0
0
288 
0
143 357 
281 
19 158 
0
34 
0
0
132 
0
47 177 
0
41 
0
247 
102 159 166 273 
0
385 
49 181 
353 
283 
199 
2 
0
79 
20 191 
0
90 202 
0
18 184 345 
221 336 
0
0
0
0
0
187 228 276 
135 
58 78 
70 290 
114 196 211 
0
0
0
24 48 54 127 
0
0
31 150 
0
0
321 351 
11 323 384 
0
213 
0
21 97 209 253 
0
350 
0
0
123 
9 138 144 173 282 
137 
0
214 379 
0
267 295 
164 
0
299 
340 
89 99 170 
140 
94 243 
0
7 
0
112 218 
0
0
106 349 
96 107 
375 
0
50 
0
0
14 17 33 152 270 
0
0
244 367 
0
63 
0
0
0
0
0
364 
171 
0
203 
153 284 
0
358 
0
318 333 
346 
0
0
208 306 309 
0
93 
13 296 
0
115 
0
316 344 
200 
131 192 
126 212 
26 179 
66 229 
0
74 
0
0
113 220 
0
339 
330 
0
237 
0
185 190 365 
0
0
0
36 
292 354 
337 
301 
125 
62 119 167 235 
61 231 246 
6 87 242 
0
265 
56 
157 322 
160 380 
0
37 
0
40 95 
0
0
23 146 348 
0
0
80 289 327 
216 
0
0
291 373 
0
0
142 
103 111 382 
43 162 302 
277 
271 
0
310 
0
0
0
0
0
0
239 
0
0
297 300 
172 331 
0
355 
30 
168 222 
314 
0
12 72 
263 
57 
100 206 
53 341 
232 
151 227 
3 369 
0
141 210 274 
0
