198
4
19
24
28
33
15
25
22
12
14
19
27
3
3
30
25
26
17
28
10
21
27
27
16
28
25
23
11
14
25
23
23
24
29
24
26
26
29
13
16
7
14
26
23
24
25
29
6
28
31
26
27
20
11
29
26
20
22
26
32
30
25
26
21
24
27
29
9
33
11
21
27
30
29
22
28
29
7
30
24
22
23
17
16
23
15
16
26
25
19
23
12
20
27
13
25
28
20
15
28
31
24
26
17
27
27
16
30
26
31
25
29
23
25
15
2
15
24
20
28
28
13
30
24
12
25
29
16
4
27
25
21
23
15
18
12
30
24
24
29
27
30
14
29
14
22
26
29
29
9
18
5
28
28
16
24
18
12
18
25
16
20
27
18
28
21
27
18
20
13
31
25
27
27
27
28
31
7
24
32
26
24
19
19
28
25
23
32
12
29
15
18
22
25
20
25
28
1
17
27
25
17
28
25
24
18
20
26
26
25
18
29
17
23
16
31
18
19
12
24
24
29
27
11
30
29
24
27
17
30
30
12
34
28
12
13
30
11
22
22
29
18
10
18
26
30
33
25
31
29
7
21
13
13
22
20
27
24
20
23
8
29
27
24
31
17
17
26
31
23
8
5
30
18
25
20
21
24
25
22
21
18
34
22
29
26
30
32
26
33
28
24
28
17
26
30
28
26
18
29
25
20
14
28
19
19
13
19
32
2
27
23
16
30
35
23
12
12
30
8
11
15
26
29
32
21
32
28
30
32
23
26
13
28
22
29
26
26
11
24
6
22
28
19
24
30
24
24
32
17
14
25
23
31
28
3
11
11
29
22
25
23
25
24
13
9
21
27
26
25
28
34
30
24
17
20
28
28
29
16
13
23
9
23
4
18
21
10
30
26
29
31
25
5
16
17
17
25
3
14
26
10
27
21
25
12
18
30
29
32
14
29
31
21
27
17
32
18
13
26
12
18
29
18
25
19
33
30
21
16
15
10
10
22
17
28
18
27
33
15
19
29
27
26
28
18
16
15
25
24
32
33
2
17
24
26
19
30
27
21
25
15
26
27
26
34
33
31
25
27
26
30
28
29
17
29
22
16
22
31
22
32
31
21
34
22
25
29
32
25
14
33
24
27
29
20
16
25
26
25
12
29
8
21
26
23
26
17
24
26
17
18
14
30
23
17
26
19
26
22
21
23
152 
259 
361 
250 
0
395 430 
0
522 
236 
440 
0
0
0
129 385 
468 
338 401 465 507 
175 
242 282 
391 
321 339 358 
81 
19 154 
4 
267 475 
285 
51 
0
136 158 232 501 
86 99 117 322 
36 
35 179 292 
450 
96 
0
26 363 393 
72 
415 
61 
143 
0
0
0
167 
0
111 405 
147 209 
296 
41 78 178 251 
77 140 379 502 
330 
66 
291 
64 252 326 
219 
0
106 
281 367 404 429 
44 85 133 382 
94 
0
0
0
470 
520 
131 194 204 352 370 469 487 
0
73 
243 
0
9 
0
49 371 
0
142 
0
38 55 149 324 
225 
261 271 320 503 
177 
0
31 32 113 
0
274 
397 
221 
107 380 
229 350 
0
245 369 463 499 
98 169 207 
0
253 254 307 
0
0
0
208 286 
212 
0
87 478 
0
417 
30 425 
0
135 
0
297 
0
0
105 403 494 
0
0
472 
0
0
40 313 447 
399 
0
0
0
47 
0
29 42 
0
0
365 
0
0
294 416 
272 
355 
0
193 280 335 342 
45 124 278 
0
306 441 
0
0
196 
0
0
185 473 
0
191 
79 319 
134 
0
0
0
0
402 
218 
0
495 
0
199 202 396 
0
0
0
0
63 295 471 
0
21 484 
121 197 234 445 
0
0
239 
328 
90 
166 
0
188 309 489 
0
377 436 
0
343 
0
349 
0
62 248 275 
492 
22 163 
0
0
376 
0
0
0
0
0
0
84 128 
11 344 457 518 
0
0
521 
37 420 
67 222 
116 310 453 
418 
100 
0
164 
34 74 474 
0
0
426 
71 277 460 504 
0
443 
0
0
0
206 437 512 
0
0
0
0
496 
0
89 398 
46 186 210 
230 
0
0
480 
0
201 500 
0
211 
0
110 249 
0
315 
241 262 
95 
0
0
235 318 
187 
316 
246 
0
28 357 
0
0
354 
0
59 332 390 
288 410 
0
0
75 146 
10 
145 491 
0
0
293 
0
0
80 182 227 
68 383 
123 
76 
498 
0
192 
159 
0
0
3 264 340 493 
150 
48 
483 
0
0
132 
0
114 172 
88 323 
0
284 
0
0
260 331 384 
0
0
0
0
0
283 372 466 
476 
7 126 
112 412 
386 
141 257 
269 
409 
0
0
0
103 517 
414 
448 462 
0
93 162 
53 
0
0
0
13 
378 
455 
0
50 413 
0
138 258 
0
39 381 
0
0
92 189 406 421 
24 155 497 
12 
287 
5 
8 
247 
148 
171 392 
427 
102 345 364 374 
0
303 351 400 
423 442 
0
15 
368 
0
125 317 
449 
0
0
127 144 
302 
279 
265 
0
16 461 
0
0
0
456 
65 348 509 
451 
190 
0
0
0
329 346 
312 506 515 
0
33 
505 
160 
0
0
0
25 97 
228 
43 298 
359 
0
0
0
157 
0
336 
226 
231 
0
513 
139 
20 388 432 433 
0
394 
0
240 
54 224 
0
130 173 
428 
60 482 
17 109 
341 
266 508 511 
422 
0
0
1 
0
0
70 
334 
360 481 486 
268 
122 333 419 
2 183 184 
0
458 
290 467 
6 115 431 
389 
180 
58 
176 
0
0
0
411 
0
170 
0
408 
0
0
195 
0
101 
434 477 
104 
161 
238 
0
0
217 407 
0
308 
0
485 
0
57 276 
108 137 
153 165 203 
0
300 488 
0
18 454 
0
337 444 
0
452 
0
14 356 
0
0
0
256 
216 
120 304 
0
519 
215 
0
0
0
0
233 
327 
56 
0
223 
0
0
0
299 424 
237 314 
91 353 362 
213 375 435 516 
82 
0
270 
69 439 
325 
479 
0
27 214 
181 510 
273 
0
289 
0
0
301 490 
0
514 
387 
83 
0
263 438 
0
0
373 
366 
255 
52 459 
156 
174 464 
151 244 
0
200 
0
305 
0
0
347 
168 446 
23 
119 
311 
0
0
118 205 220 
