34
24
20
20
21
21
24
8
3
23
19
19
21
25
27
19
15
21
11
23
11
21
23
29
27
16
24
24
19
22
14
18
19
17
1
23
3
27
18
18
20
22
18
20
28
24
23
21
21
25
25
18
22
23
4
26
21
17
27
29
25
10
20
14
19
11
12
11
25
19
28
23
22
27
20
7
18
19
20
19
9
18
25
27
16
20
14
22
12
22
21
20
18
19
14
8
2
14
16
18
17
22
21
22
23
13
24
22
19
23
15
21
20
21
13
23
20
23
5
20
3
28
22
24
5
8
24
2
26
21
20
29
22
17
27
22
10
21
6
23
20
20
19
19
20
14
20
19
28
21
29
12
19
24
18
26
9
3
5
13
22
12
23
21
24
15
12
21
15
14
24
2
18
4
20
23
19
22
21
22
24
25
20
26
17
19
20
18
19
19
23
22
11
29
28
21
25
18
18
17
19
7
24
17
11
13
24
21
22
24
12
21
20
15
16
18
21
26
24
10
27
4
23
0
0
137 
135 
107 
0
0
0
123 
119 141 
0
208 
55 183 217 
0
0
214 
179 
151 
126 170 
88 
29 122 
0
0
70 
133 199 
0
0
40 
53 
213 
185 
212 
0
96 127 171 
164 
54 173 221 
0
143 
32 188 
102 
46 
200 
0
131 
0
0
0
0
0
0
0
0
209 
124 
58 220 
0
76 172 
0
0
0
18 192 
4 5 21 47 56 90 111 
168 
85 116 
161 
114 
166 210 
0
0
193 
0
175 222 
44 
0
125 
0
78 
211 
43 
136 
15 28 176 
0
148 
33 184 
0
0
19 
0
9 35 
0
48 
189 
3 
0
80 156 
120 157 
16 110 165 
57 100 203 
0
38 197 
22 109 117 
0
0
27 
97 
0
71 
112 144 
26 218 
25 84 
0
129 
87 
0
6 
0
180 
0
0
0
0
162 
0
0
0
0
0
37 
89 191 
113 163 
0
0
31 39 81 92 99 
121 194 
104 
0
52 
75 201 
45 153 
195 207 
12 
186 
62 74 91 
0
0
0
2 
23 150 
0
0
0
140 182 
49 
10 69 152 
14 24 73 
61 219 
0
138 
86 94 145 169 
0
159 
0
132 
196 
0
105 205 
101 
98 
0
60 82 181 
8 36 
11 77 142 
118 158 
149 
1 
130 
190 
103 
0
0
128 
17 
0
42 51 215 
0
178 216 
93 
174 
146 
106 202 206 
115 139 
66 
0
59 
72 
155 
0
147 
0
0
7 95 
13 
154 187 198 
0
30 63 
50 
41 177 
0
0
0
160 
167 
0
0
64 79 108 
0
83 134 
68 
20 65 67 204 
0
0
0
