1151230
2002298
212718
-208830
-700000
-1758802
-205770
-998514
1221686
-291137
-390671
-964046
326577
-88508
16246
-688988
-89797
8867
753723
237861
-522993
-278773
-222839
-1327675
-1870319
-61636
-999031
183435
129001
-485376
-241621
-730648
38281
-257999
138567
-303035
818483
922551
1012523
-368226
-587559
-611976
-172159
342484
-40860
-1251182
1028784
-640971
91828
140808
17880
1623645
-21238
-75430
-164838
-1249285
232262
394841
-219427
978809
111551
-1798067
49625
633875
-405964
-1056225
1005873
-151657
-942858
-927845
-370369
-458402
-817237
162424
-250612
-1847821
-1505160
1943565
-211721
56275
398007
1944216
-679511
468681
116063
-74744
-494369
81723
-1307479
-115822
-201532
-663478
46140
-615221
2167
-70509
-9828
-415624
162783
-519846
-1215903
-405619
-980248
-1050133
-780686
88412
-1463926
-78514
91127
-821651
-1201326
-1073672
1385666
645972
869941
-621215
-1240615
-291151
-1106421
1071947
1030391
-174314
641878
-279566
51176
-1573310
-218203
903140
39254
461507
7572
-401238
-1318995
-75918
686687
-1023636
-998486
-80095
171263
172143
45298
-1058217
-1668375
-296570
1331665
718164
-135979
-1172505
-25455
-1051830
-1284664
-21758
-111515
-1537553
816922
-84928
-3969
1629574
-1508881
-1384103
-905860
112670
57059
401138
11718
48440
-773566
-294223
195506
-508777
-528132
-39571
-354609
529796
1595540
-812672
-187196
-896753
1228442
-1243694
-1292222
203078
574190
-848562
-199025
766153
-407535
-1146405
-1836809
-169802
-1462239
-420652
907935
199467
728553
830332
747002
-821375
-1408431
-444112
-17353
625498
140513
-1423559
115800
-758414
-548049
1496664
-1279312
-107996
-874284
791733
45278
-581012
162900
1130584
-960343
-1330632
134178
-599990
-1797850
322959
-148471
-1313410
-389672
-132347
-917310
-680579
-121336
-1396089
737352
1288229
-508289
-638723
3030
-144562
425040
-512134
-711805
-875882
589686
-1777136
49069
-1389509
478484
-1028614
1559487
194231
438045
-161660
543078
1516349
235163
33293
215003
-679823
-313743
442177
-330242
414831
-1115492
249299
-341230
379953
1368249
-227489
305777
-770912
1060918
-179885
592764
681859
-2001716
-513186
-723108
-380515
-8852
-887632
146713
870058
-204470
-665989
321485
1954070
988228
-1622128
49640
-126461
-1404482
-95412
-1052790
-508384
176488
-922102
196387
-1512352
347
-172243
175472
-220741
27093
-1168683
122186
937243
-706368
-549366
-1007007
-47389
-11921
1032094
-191878
880439
-144214
-38325
-844409
1257182
-1273562
44574
-803508
-444589
-1066576
-155996
221066
-101426
-728185
-80900
1644121
-344045
-252488
-632132
-1484888
37099
143550
-1327508
1176198
-965952
420585
-532440
396235
-280374
-943248
211833
228532
-184177
1194014
1034525
-1919714
1119775
-375751
-102510
-904594
-523739
-1727898
50641
-825480
9480
-272620
-1260803
-236721
-198629
129252
-562911
276240
63831
-293764
-175972
-1345089
732484
124438
1692504
523480
-1647515
-158536
-470480
507108
-550982
-1555107
-101905
-1444359
233908
-355622
-643138
-27622
389838
-810549
-1519402
1911508
-580309
-210281
-1331415
-937234
935676
-180323
732603
-5737
-294369
247580
-394159
139370
759378
1131819
913759
-648691
269846
-381763
-591796
-667747
-918180
-1604009
-481261
1672090
204194
-726139
-797274
-555936
5413
265965
-405515
355994
-1430721
-791662
-868026
-703925
-808688
207049
-1259256
-882133
457542
-1252818
-515745
-153568
268959
-674099
-1605838
817983
143916
-664879
-287327
-652756
-835346
418609
1502274
-98536
-190921
-384378
1164240
-28941
-1271474
-460034
-524669
-266108
52507
-1185610
2506
-415706
390781
25679
-801323
1122647
-517023
461904
909097
-54318
-1177312
-801011
1027415
-337759
-1434809
-1896086
-101321
-1489679
-1420136
-231667
435564
1271391
1825619
722334
-1780199
963411
597765
-20978
-434034
118845
-411945
-131855
-601735
660329
62154
302489
-343422
495331
173848
-327587
-79375
-11043
966914
-831068
-462716
-124130
220729
-779230
-1386433
-89617
592946
1080956
-174353
350624
971977
195868
3892
-49217
-1230425
-760902
207614
203062
-1465189
-1683238
-306292
407127
-505096
143507
-343387
-951513
-57533
463430
-1580670
-768562
-1161140
237683
10736
739763
309715
1912905
-517175
-156488
287402
-180770
-98777
480122
-300491
-1317026
228530
-79955
-432835
1204595
-1297048
-872969
-362867
1082216
132711
-1159878
1471696
-114701
-11120
55812
-1126718
359783
-52256
88512
-1452125
-1261516
-123571
-148318
-909672
-263187
-225309
-586998
252198
604557
343878
2017490
1548085
-1703437
-1090113
2079560
54947
684808
-87145
-625544
20264
182462
1412286
-618474
-582266
-335361
155371
-1066356
235499
1026158
1577587
203523
-30600
-206732
1063210
-365630
121644
182683
-266362
-141620
258145
-1775618
948331
1695443
-392157
-959040
-10272
491561
-1410497
257160
-1048122
-400625
42784
153965
949799
-173900
-1671043
534388
1140553
544982
-258838
-122857
-1868564
-291733
-1005279
-969857
-625782
-24090
1122975
487629
230007
-45890
-1086163
-1115367
154874
-908283
817556
-10728
-288110
-298330
25837
-1597435
-478844
-1213198
-1983141
137278
960912
201772
-931375
-358867
-1085227
-966839
-340934
-966978
-720286
487760
-1787938
-271779
1063033
-926344
214418
-841109
-679869
-1105625
-597469
-22919
1351676
287774
1840808
-462893
-587198
855817
-632787
-1205086
630734
187556
-265387
111946
1073089
-1175212
1324643
-388947
225173
-1610828
467813
1683326
-1023866
336940
722107
541306
945911
-1157100
-681643
752043
460036
-1290051
700595
-571927
-203782
-1386365
-1803014
-471808
784551
42724
-1532263
173936
93695
-1113000
187297
-1362905
-1809615
149824
-324303
-34368
1543052
332547
242272
-77996
-854337
-32177
-409486
1938145
120344
739190
-358410
-1573853
94500
866226
-55907
1574837
-73423
1074496
-854592
-6541
898181
768967
-1559401
76799
-587786
-436493
21580
-864716
-1221289
-286020
204459
-414059
-1513303
-343740
174600
-331221
-190335
-691215
9840
-149550
11421
-327680
195420
-1666697
-258593
-1250822
460610
-76816
-445279
301921
-1516920
-302306
-1369865
515930
168333
-372727
637445
-154825
84291
-252310
-358479
945531
-5313
-84177
33100
463787
1563885
1483951
-117600
-458612
1473034
-336916
418452
-506070
-557934
165718
-770483
-1846693
-369263
-14848
-365416
-2306331
122015
-750387
12119
-758961
-945117
-1258418
-206556
-289476
-331241
-1541014
-771807
455308
322843
-864798
-148331
-280602
321261
-651484
-3889
-63468
-290521
-123571
-42017
156187
-5453
7288
32117
-180058
810654
-899168
718276
-1049042
1285838
452763
233536
-214823
-1880017
50486
909537
-483139
873474
1394351
-255644
332694
-934344
-228079
-397618
653231
807111
1168977
-741886
-1191283
201787
59369
-33599
-36935
-700025
38740
-124842
-290230
204159
-8270
-422740
353146
-192570
146450
29601
106998
584845
-247680
-1595725
1000029
-394856
-288103
-1980387
-1263459
-289984
330206
-359032
360346
-88725
-6793
-23555
-395184
-1084142
-1281282
-1137000
-306987
-197659
356938
-179094
-402697
-239617
-785848
-1517209
-421278
292092
-1325193
-803204
606419
-402814
-403721
-1432965
-1037794
-686777
-198890
-1240440
-627149
-1905603
-964937
1709562
-100668
-687789
553582
-446822
-1252503
-1071916
319447
1267275
-34566
-1087851
-116891
-468769
-754189
269484
-451501
-1518725
-899814
18328
-228220
298215
-223828
-483242
-863342
-245234
1128431
57615
-243244
-576145
1065285
-466174
-235588
-318411
36801
-43774
-102141
-1652998
-1628609
-13738
-1382635
87295
-19787
-179582
401729
211390
-620668
353679
508382
592309
-690046
-730109
-571443
315800
-90379
-752326
240916
1017450
-176625
-1707863
-164211
54893
1485623
-22372
-188585
-1316959
-49295
549958
-786678
397984
-341798
1038337
-874486
-1073058
-1901590
109079
-1007881
-224429
553427
-181568
-61894
622618
-150869
350943
18579
-144
48307
-905716
-1501454
-299977
-1172200
498666
-114644
-115773
279606
274491
301058
1008998
89526
-1984811
-305934
-252171
426825
-746571
-382914
-912752
785322
-6388
195876
-1703161
-814535
-1479125
-16554
171713
-1322213
-261544
-701092
-754986
-33710
-71081
-42336
-274238
970937
-1037800
-1240070
-320988
-29795
159246
-393047
-1334843
-1121052
-273113
945833
515664
462072
-288859
-1638303
924239
-132816
1862041
1522465
-891267
-949251
-110070
320481
-1321288
-294291
-1389336
379173
-1351307
-267048
-30737
1466604
-363153
119479
-272812
-1009979
1860145
-1137778
-830422
-903835
-1459506
838580
-1653107
-475515
-314993
-1201390
-1942067
-538720
-343075
-985268
-308842
-759187
-609555
-228818
-17286
-43440
-1120268
-47342
355447
-202690
-689419
-1343863
-182260
739641
629171
-445711
237507
-155726
-1573666
-326781
-509098
-686119
1266165
97361
-1448610
-381315
-333745
1064205
-604081
-399797
89380
82130
131217
-797317
-2115494
209277
-780386
-123666
319959
-144823
293140
1325220
-243874
-212280
-160487
23506
-966624
-238594
-713319
330703
-1270050
-243126
-98672
-1298732
-986379
-510046
-1152644
436498
-1253928
824191
-66656
36316
-1195035
-195868
-240843
-93893
66723
-51734
-238937
-246257
-90134
-65428
-179148
1135936
-489076
585069
-18501
-1787712
-99345
40830
198288
1015901
1297831
-26727
-103325
-52013
995265
-242142
-1645506
47529
288875
13568
-228165
-410823
184892
-1136632
-1186135
-1964081
-660778
-38376
-1045411
-1837765
-1188109
-14797
800550
-349055
-624348
502153
-540370
-503987
-385842
-1760270
-249706
623050
-1711860
720680
880283
21471
-704966
-2133576
25956
-510623
1224450
-156624
147553
-1266585
-373101
548946
1007287
738737
251873
-614337
-1325765
226343
463770
-479340
-484065
-1387093
989381
-802756
-712257
778082
399364
-1712769
-220472
-307558
-1053345
-52770
-665630
106218
-1471270
1629990
191807
-529956
123592
-363139
112566
356436
-83681
116000
-517905
-338321
236679
642037
1614620
-185729
-300034
-199802
411128
322525
-104624
671121
42822
-104190
-209223
-456182
-1261226
-1237386
-1124333
-955038
-1613464
-134415
1056821
-52033
158017
-1011640
410207
23784
-160111
-8665
-1261855
119148
-656811
29128
230623
-1264280
-192634
38929
-279182
979078
-207959
-293321
659683
-771725
102496
1330909
0
68296
-998555
-2178437
545045
25762
36830
66826
13079
1615369
952084
-111872
-510486
396731
53065
-129509
-1452471
1452255
147352
-451335
98805
-369017
681671
-458830
-1514797
-126612
-241671
-195154
192940
395262
-1836535
1274977
-591891
-37369
95225
-280852
799749
-211645
114243
-1000751
-264094
-209824
829464
250112
1677272
-822819
-181553
-418488
1506156
-1326420
-1514533
448595
333113
-1180024
321843
-899132
-952748
-446431
456577
-579475
-181278
439559
-11564
-236414
-1915530
-825847
-312067
-82128
-533859
-1102311
523116
262597
-4864
568679
-3764
292780
806742
-1625314
-332546
-260622
-231496
-1664502
665940
-501732
271010
366498
62984
-608589
-307348
-178603
-1595000
-483537
79548
-809626
162008
-204482
-118008
-1201452
1418451
-121599
-1118492
-221770
109768
-1542622
1315199
-357921
-231615
-799022
214342
808484
610671
289633
-1598333
31956
527526
-667817
808589
-9452
355359
-95720
1478608
175416
-929938
1406627
-86213
1128784
-701016
181755
126733
-545839
208862
15047
-981607
-1012494
-1291709
1344119
-41467
-477315
-99107
-1038897
-880570
395937
1325320
-1591170
682065
-168170
-146247
1097788
-352066
-102261
666836
-31696
-278719
1446838
-294934
598118
-597994
-42775
968383
-1381457
-89194
943464
543773
-568386
-1280165
988013
-924198
-251817
-1545660
-1191359
-208304
229
362991
-19076
-69387
338974
-92117
-193490
-1307604
515752
-62987
-281456
-1369441
-518034
862429
1574267
-182055
-525929
-412057
-869475
-32866
1122775
679300
-1473736
-1156484
-813324
-445787
76579
-252119
-1583027
-841569
715099
20403
-1301809
503376
63362
68386
259857
977051
695842
-128823
-100404
-1206148
-1628877
608295
125654
-1317106
-1540194
9700
892563
-245076
467268
1856370
1169469
-881002
254640
235769
444185
-43889
137234
595236
-561757
1016705
737657
-1091103
-318989
-32993
-1393650
75372
-1295228
-360638
-449593
-138033
844635
-29799
-1068208
1313519
-906012
-582381
-451495
634200
560613
871259
962606
793423
-1170496
1126720
112929
-297293
1443975
-725723
-215425
-904207
167224
-855687
-136009
433005
663312
-15789
1900736
-1028612
12662
-1340323
-423914
667239
-509019
5569
-44486
147147
-743778
613882
-254743
1502074
-174793
14348
-243531
-1534670
-708914
-158971
936674
340458
-792634
735007
288030
-475884
1326461
-980561
424452
-431842
-862186
-610595
502344
117277
311578
-115423
-97721
859749
959476
1475840
-814286
-243150
-414758
202943
-17457
38244
-1353679
-25631
1101974
-1412671
-309723
-54062
-235755
-736652
966566
204338
765376
-722472
-349457
-193858
-924305
-70985
112247
-27952
400788
-852608
-336099
628953
786960
-1201860
-1625259
-1112188
-870525
131541
1008742
-336681
-466773
8755
-131030
-1000517
-155713
-1126092
751760
1188635
-544003
470506
-382678
-649854
953591
-94078
-1245986
-1248351
-276127
-132513
-658063
-1405721
262538
-653216
-1121418
-269158
-912744
-1920490
165616
631589
-442419
-1005774
756882
-1447017
-643567
414097
24918
-588404
-479458
-133675
621531
-160946
1247560
-122510
-1526001
-132509
-405083
532110
-1975225
-1577259
-1810932
13940
-782762
191225
-955565
-352925
-419137
-34928
892986
-469057
-1190719
-258036
-1017198
1021835
534902
84832
-1780110
908816
1711392
-424306
1322639
-310417
44098
-19444
77175
1124929
1312118
499649
1158869
403202
1551867
207919
-315878
533795
1047304
-1084546
-334944
1493418
79085
42879
197523
-176273
-1235330
785025
-984973
-292907
52861
266488
795280
-1177494
-566948
-1367124
896808
-488156
739545
-23080
-1610086
68735
1147784
-1895084
-179022
728814
-1767261
-132600
-1282633
-80410
298441
-1613813
71951
-178471
877742
364514
-1072509
-256738
-496731
1228
-340200
165996
-1367028
-1215483
-121965
-180602
-944413
305005
-218259
-173190
-762542
-1192710
-1862464
-537881
16393
20384
423052
-1183686
-1442096
-516179
883848
-226319
-1674485
961
91357
1032594
-530934
393730
-73706
1106790
-550717
615279
-1711901
204817
-534495
-218210
1165637
442902
85590
537953
-1715877
-1034970
-784577
-11049
405029
-523092
427441
191393
-1387181
910192
-319377
1509926
-147662
-721836
-711339
254970
-11594
-695250
-890562
-652428
-7953
-156314
261729
-522912
1580389
-123139
88726
-1298722
-305432
-357677
-186166
-1173239
1061150
1410725
230938
-1463832
-925844
75304
-1256510
-18421
-1607266
277435
410081
157960
480058
292301
-233214
1429085
-44561
-1080407
-1522445
864058
-401688
6097
341331
-864674
-717589
2109495
-1055749
-646016
-544456
-1421557
-332251
-960872
1055988
225668
106963
439201
-24257
345649
67073
18670
-476911
-255973
7583
-321587
-322662
-1534587
-996193
-876857
162809
-448244
-341303
672934
-576431
-1564384
195833
139868
-1779362
649169
-1150501
134359
-58674
-67694
-259529
-453906
139135
116807
-746548
284650
236846
933950
411052
-1790862
-230340
-549724
-719689
-593589
-1322518
-178315
1117918
180730
-595785
-1465796
-657030
365587
32130
-1389760
-1199578
-485229
479883
-279238
346957
-339370
456994
399186
1147534
263266
217429
-170823
1592682
-225886
-1550492
-420680
-738870
-57288
-830778
-769825
-1232216
1134949
-30330
780543
-31615
-1205562
-159635
-11606
-1383500
317544
-754634
160152
402510
365875
-200948
-303130
-853898
-86176
-2078466
973042
-16554
1223381
-59110
-32795
-216369
-5977
-13483
-1622403
-820471
-521033
-586986
153954
-1727742
-185211
-86719
-591223
-187552
-391338
56722
-484989
-1208841
425778
138101
-230749
-236488
-166398
-1668313
-95565
-1501133
-609000
1951461
-117961
7853
-1801477
-613661
-1169248
-1210469
68995
1513135
13651
-36565
-287163
-113458
-270922
-1640956
85289
-252685
977756
-424624
-579941
-1264789
152438
-1614887
-184517
891245
-1646465
40374
-292888
-249171
327497
-581358
2960
343357
-849033
-168830
1225677
26021
925501
-700884
1317511
233060
347490
-240012
-1475267
-396415
175342
-145916
328576
269693
6440
-343226
-546831
-100099
-687239
509340
265400
-191616
512809
91437
452095
-2275788
-725573
-390412
-301525
-184298
-128714
-1885742
-241896
-239567
-75167
-310071
-116052
-213253
-1362986
-2224898
-685027
-484111
-1106584
-375636
-1495595
-1182570
-142783
-1442774
-355382
1930873
-1799782
-792681
-674554
-873794
-71388
295903
-1566083
387738
-1853739
295715
-1488697
-1146954
-1644860
241963
197367
404584
375333
26854
-586855
-495363
1209310
-389933
1323171
60328
-164461
380837
59689
-203433
-1568702
-359600
39105
-241870
143743
-336477
379941
16518
-106266
-275625
153760
-848900
-1907884
327296
374450
-591413
-476891
-400290
360441
-1877663
438595
-831184
-720667
-757860
154811
-236249
-204982
308932
-625332
-1531654
126021
-228594
-849686
292528
193602
-149260
-1016645
-243845
-743140
104503
-992481
-391503
-70347
-171204
941911
-284961
-243874
655624
14716
785148
-1140052
315518
52759
682087
47170
1134403
-786849
-115351
800381
-1374790
136825
728880
-530843
549523
7327
-11320
256759
-228762
1564439
122894
-512988
-1541480
-1410398
-221927
-239447
1179952
-2056082
-1450853
38953
-1262545
42148
-306792
856978
-66923
-768795
470553
-841301
-1268276
137544
217575
723052
-206528
78022
25468
395130
364223
-900478
-5840
-1114655
293315
-379102
117524
66897
-534380
312640
1000181
-44110
-222134
270657
-608570
-1487655
230032
479913
-650044
-1468996
1590455
-197979
-1455734
1120322
-155567
31642
-497053
454161
18773
293479
-922344
91557
83560
-165984
-48959
-44611
-487533
-701665
-1020665
-468485
1635964
-538344
211127
-1012269
359479
-589386
-955351
1986140
727555
-1405806
165742
872835
1093372
-59648
362491
-32969
137190
-1734382
-1034826
-83608
-121623
-42014
-329528
454549
676024
1051221
-513079
-1573479
30627
1075810
-1282196
-129181
90062
-293447
-92736
-660086
-1394041
-25684
1771317
217030
-852212
-111642
-1169820
-494699
159397
-1163007
-1289724
785671
827118
-450724
462918
1274418
-633382
-1689217
-784180
-1196588
1324140
-1026962
-1023098
114768
-1082850
220599
148928
-137945
-515001
-865697
-529913
-568986
-261473
-794541
1204179
1121340
39873
805001
114260
-982777
-306867
-1071217
9464
-1346666
662359
1104323
-319854
-240906
520618
-233244
-79465
-800175
-1800123
-871175
547614
-1681961
1210892
15361
-494962
-238185
-1755893
-1183402
-279398
-793423
-1256304
288546
847628
-644177
-49036
58820
55183
419979
-1664361
76885
-620733
-443569
-723989
-1023569
-514099
-98881
-168374
178351
-905036
330463
-804659
496539
-21937
414340
-1417390
404109
-232756
756947
699762
643051
192048
-1786416
-1017738
203109
-103993
-740455
1638481
-824480
-1007973
1238002
117195
-1559136
32038
488164
45141
-467850
-175954
165896
1086328
356414
449905
-230366
10845
1175430
105570
-56116
-58431
-1361701
-636823
-834698
257306
244454
-256529
-739236
18873
-2319888
-254303
-219731
-529180
31505
-610888
159805
-188035
-617243
26740
42898
-155237
338378
-1903295
-102481
-2004088
-473226
240259
-1588526
-1903167
462683
-698488
131618
-240507
897829
1020287
-260722
-92047
-12211
-1468701
-1377535
178362
673352
271007
-25338
-323105
524061
-27563
94460
-722847
-346026
-711481
-18672
747916
-71102
-316619
-709732
1152773
255196
313617
-170148
-180854
30092
-667779
423422
407869
-1070106
-801755
-1237412
-90788
65496
-15334
335100
386814
-390720
836647
-921470
-816225
-1171093
399846
-135829
-1168296
112653
-210897
-781986
-1182671
-1530090
-1619028
-416829
-20925
-417138
80582
-21466
1896603
-908027
-665858
128877
-264412
-576399
-47662
-188464
-888648
114692
1607530
99289
157724
-997288
347370
-954194
-230957
1940459
1551396
-1865816
-38329
301134
214122
9555
167120
-69648
-991832
-825869
-1048428
49928
14963
-420572
-87614
551459
-71648
-658841
1419198
-477170
-163240
175439
-1877582
-435784
88980
-26295
-830192
-542190
72060
151880
711353
-196476
-1119902
82843
-345113
86527
305627
-559237
188390
-549597
-452839
-769596
410408
-526260
-330953
-488631
-1401815
1459647
1289288
358007
-653810
-46309
34334
662753
-217567
147388
-1154052
-1157416
-1174156
-330365
113160
-410518
-1167071
310647
-261289
875462
-967688
91158
-1551724
475927
378597
-419093
-1549385
-763144
181291
-253876
-206351
-428752
1072342
-1066175
1832675
47968
-315487
-1037041
1390918
-89924
4758
-866282
-375703
64908
-1096511
-1700631
-1491426
-1739350
89461
-1357295
-175486
121608
383233
-267308
-1173678
-370821
-37144
409445
-1239782
-265352
-146106
-122520
475602
-1253014
76667
249935
628852
649861
558018
1288350
-186912
-329752
-213662
-42559
-28375
854010
-1069876
984133
437948
-493485
274834
-23688
-1303840
213559
1941950
-1794080
395960
136035
-184532
100524
1615115
-802538
77516
-969047
-216142
-113071
-153211
-357827
-139934
-369112
-66143
12944
-281936
832818
-189826
175840
565798
-484031
-456134
1092126
349987
194180
1292560
-675851
-142257
-466538
-1638952
-320491
311834
892789
429293
-1630108
119032
125780
-465514
-427996
75424
-1160413
96597
798083
-340843
29645
70159
1508853
37568
325923
-522203
-1330398
-1722489
-1148676
-395775
-592054
-281382
675260
619263
-1728587
-1364594
-31942
-705818
-699498
723369
93716
10244
-1666870
-219771
-938381
-190693
832
-117809
-745731
790653
22961
250902
-73829
-1833802
-1128386
744594
-435057
-2112587
326262
-79801
-1428753
-1535942
-177185
92313
810055
-927038
-811364
-402325
1622854
-1542132
-1486983
-1805595
444780
-1192838
-654594
-1172744
-1795770
-841707
-1428256
-1399737
-611264
786211
-688964
669203
-366684
-238035
-154172
-390473
326287
926276
518721
139825
242225
653149
14528
-475751
1208710
-60575
-879148
-615532
-26950
479252
-300753
-932679
553953
210024
850653
39897
-643465
-88254
-1813833
712270
-850921
145982
-135787
-1298601
1509538
661460
62941
758058
1083511
1361587
867276
-330030
-1344644
351137
1787986
-141025
-339281
401986
-1335948
427324
123902
-189256
-411829
421729
1231967
304132
-651556
-1333284
1573847
-973441
20543
-412874
70620
369896
-388833
-859237
1072731
-826224
-12603
435178
-1036288
-242032
164092
-441204
-992023
-542041
-41012
-1917265
94861
1193584
-432837
1042977
-1114135
-1301555
955797
310970
942849
1486878
1055229
989278
-502282
-156500
-280003
-1171433
935880
-1604157
-1180113
1280459
201154
1472576
-1656918
-540986
-235837
-21355
-982723
-434661
-461731
-1792556
-1107337
1083884
78682
211481
-105656
223152
298961
-453285
-1113956
1441920
160155
-945768
402518
531497
114316
77698
-165639
-245601
-211141
-1175566
472547
255219
-425517
-304002
1299635
376342
-1009798
-870438
-185216
1584467
985751
-247585
-616034
-176864
785242
-448072
-210825
954479
-1221590
206115
-1166481
-1378805
-111129
-756477
-102849
186133
649986
1607430
-140321
250702
506145
-1535265
1460176
116688
-18929
-208092
172134
-1309095
-5756
-162023
-636846
-578126
-579330
-245778
76309
-1329701
-490183
-136181
-160531
-132911
-358846
145029
17490
-284613
-103106
1665322
-1140268
279568
-299074
-469537
238639
-662284
-1072191
-36451
-831179
98553
-194916
1120638
271064
-1085260
-33109
373321
129304
1059378
-312779
56940
330793
-189557
185971
442182
-470642
-882205
-358087
918835
452076
378712
-6519
-175566
342884
-58180
356488
-248539
270053
-353385
836946
41475
436048
423569
21092
-266793
256912
585033
-1369313
-1210187
-969669
-1628358
-1194562
-388130
-1982427
-484679
-1289178
-330851
-1492718
763773
-191045
436733
72894
-381637
-63568
-1041658
-255105
-193025
108485
-945640
-1143385
-85827
-1742529
-1282450
10875
1211637
-252728
617045
74799
829666
43007
668232
-781718
49672
-850202
-680200
-158753
-262826
-1122290
453118
-838838
68241
-982755
-593565
-1457248
-733614
-31488
145747
-93124
1631843
-163895
-286946
-1675491
-79688
-350859
-824717
-588027
265336
-1461739
-584238
-347956
778231
282252
-218494
584392
265982
-146442
32586
-319473
-401836
-88354
-197372
-1420503
-468333
-1924538
-269913
292419
-65786
-280491
-388923
-21157
-239471
-1105497
-756729
-195197
-225263
-379750
-139787
872928
52145
-564169
695552
-1046902
-1154535
-1490564
252072
-2904
-279100
174006
-1675151
851519
953232
163055
-593208
1184918
-967443
-144766
-1064929
537441
481768
-264874
-1783991
15627
-1504530
-1230476
-1115664
-510948
394256
1042706
353123
-243309
-1291337
-1263670
297972
-292978
563273
-1579194
-418058
619456
298688
1087848
-1327761
-605777
-1311768
408309
-39020
-1248362
326685
-109035
359472
-1097312
-79890
-922305
-583061
1520885
556240
-110167
-1529708
-480692
-101299
-710440
331401
1151487
1349251
-377913
483497
546027
-489255
-1118152
-1507040
-153382
140538
-118179
6227
-193786
-1462164
1090817
593678
-1237848
-1488
-257185
192178
490312
-142146
-415334
-188803
-266413
395742
653032
686995
304031
-90364
-1597019
-274420
-1758926
-154078
-1623911
-1600241
-265683
-1742405
-1375170
-1894141
-152730
-56674
917917
23329
-748760
-2127964
-869233
-106345
68238
184990
-632259
730981
-48055
-427379
-857726
1208
-375440
-178063
415495
-784844
27543
-936034
240998
291125
185112
-243711
-1171200
-1574883
-105278
-1399410
-509078
-1089270
17562
-341532
-851740
-462168
1871251
1017731
266979
-123909
370286
7596
-188144
-37715
-648193
-1314842
1182941
14843
-1084511
-56669
-1513567
-1703975
-309289
757889
387003
-876749
-450267
-55628
1406456
-995452
-1908524
-1391521
910544
-441737
-1166945
-1796431
-614917
723789
-506412
-664587
714952
-1390803
-124307
118655
1268032
-1076589
13417
80140
312736
-1107187
-50660
-932532
-1053751
1505016
-422704
-44708
-590882
-1248772
1469632
272413
-213248
469375
635474
-192576
-6196
-120658
-1146239
-139705
-75302
-1608556
-1383622
-959695
9956
-82934
-680765
-586382
907969
-597144
243821
692172
-567243
327645
-1192723
851714
-358075
-1045939
-19725
-988203
934834
-1190146
-1813224
1284805
-890382
-258336
-368082
453363
1336350
-525778
-1226385
238771
-32088
15117
964490
-1585301
-1308384
-548543
-1315938
-519137
-431993
-52880
445446
15617
460730
-602925
99756
237405
697590
-866244
-1123539
-28168
-237948
-221348
-130964
-396628
-465001
-566830
-1015613
-1244128
-70401
393018
-22759
-1334868
-175129
152730
87783
129383
-1209404
-1053783
-1061032
1786205
161114
-1161292
101055
79086
-408800
51724
-882767
1217830
-140266
-104553
-462671
324588
-768543
-919564
301726
202110
-1669956
-954978
-1590741
-201089
-38577
350728
-601613
-195317
-327865
-810530
-581916
-1038135
40224
-783043
-131961
129978
96119
1650485
-634716
1403480
-1176663
652808
-1084005
-294061
1873308
-168040
788673
562325
-119144
-1402382
-829411
-58968
-26658
82771
-1500771
83421
1038433
-1918314
49875
1107923
-283970
892856
-269773
-1291551
-258696
106957
283862
1025274
-1492402
-946455
-920812
351658
715776
-994326
9416
117571
-338716
-106860
35817
720488
-478462
998684
-223954
-1205180
24712
-459682
-889502
-401931
768896
-268703
-1397410
169837
-471728
-5491
-1423645
-60634
329035
155077
-1754876
-334519
-161293
1439725
-1227448
286827
-105036
-354070
1038027
104912
-1305422
-1479291
-1764239
-321646
-308147
334425
-327762
511790
-1661317
-157400
-553834
-25352
35817
-1261664
531390
804061
-5834
-25901
-1586080
-1495799
116088
-436328
-207208
1472939
-683813
-404275
-476556
-995779
478077
-54027
-577968
-7925
-40136
870890
535813
-1052961
123033
-537385
929855
-914586
43827
323718
-8977
1134819
-80306
-92024
-127692
175815
-1084320
-183299
-765465
-1062702
1144834
-1659368
-677371
-1044980
-1436389
-529504
-955876
-379583
683225
-1675859
-62224
8281
-1545544
-352586
-1666189
1509624
-938526
-858178
-745711
516205
-1148899
931546
1547546
-152689
-243427
-33891
487787
-336131
-1032715
-1504625
-1079830
-1647296
-3849
-261861
-1583818
-192657
-234632
-269462
450669
-457929
-1512280
768749
228606
911362
-113117
-592250
323367
78943
842862
-815058
-9589
-156533
449689
216304
71760
-776608
-48233
-1801751
-304345
-1114920
-588308
129312
-346443
-447297
-159718
-1078158
-219008
357881
1668990
-194278
63116
-612778
843023
11543
853159
-896321
458859
-133616
-880369
-399420
1086224
-1213269
-1788112
12063
-969240
401417
-29640
-503770
-1626464
146750
-7955
-502021
-56443
-88939
269893
412803
-765629
-804100
45824
979948
-1729083
-1374850
127024
-996611
-531059
-72765
-296277
-1262695
95760
534808
-273929
281045
-225091
671536
-1697706
292878
-59676
1170896
-136226
-1179914
-143802
-375377
-1603920
318020
337818
-890527
-458977
-367815
-5572
-509955
514435
-512523
65999
-477658
-1270035
-713765
-507002
-369251
-556770
135824
129683
680665
602583
229998
23015
-468517
-828812
-191912
-1210395
-309076
-1566220
-863294
-220860
882144
291691
-446375
339487
-1186679
-22849
55913
-1179488
-390356
-316729
-1598639
-1371633
1277253
184830
-43201
430702
-254293
-14592
697064
70269
-1296253
1684767
-108096
931365
837709
-515604
197304
-120902
-462495
-490888
23764
-1542996
-2148963
581079
1205793
-1763421
-1291001
-335771
612383
-1428758
738262
-410305
-609356
835731
-365298
-1437301
-1327607
-1773871
744888
152656
-598369
34885
-197842
-129302
123772
903580
1318523
1681678
6326
-553922
171172
-1303239
157524
129678
267750
-2513
-757281
-452904
1705
-62128
-444224
-62692
-627881
-986485
74364
-128943
-511351
-1218288
158435
-1264368
-1828535
-197107
-223655
236272
170072
-185856
1320252
431988
326710
-798546
-381700
379441
-113396
828763
82386
1438776
-419162
837844
-1655511
-68708
-666577
175449
1211210
18164
1394202
