1
19
14
10
21
27
19
18
15
9
19
13
15
12
13
22
13
13
11
21
19
21
11
8
17
8
23
16
21
10
14
17
13
16
25
2
14
8
17
4
20
19
18
24
18
25
14
11
19
16
19
6
28
25
23
24
17
10
13
16
20
10
20
28
12
23
11
6
20
26
28
14
14
6
13
23
16
10
9
26
31
15
24
14
15
21
26
13
9
18
13
3
12
12
23
13
25
14
4
20
14
24
16
12
14
30
14
17
9
21
17
7
25
18
6
21
5
14
9
20
21
15
8
30
12
23
20
13
25
22
17
17
2
6
18
12
15
15
23
17
16
11
18
11
14
27
15
12
24
11
17
9
24
8
8
13
25
26
28
14
26
31
14
11
30
17
23
26
6
15
20
13
25
25
8
10
12
5
12
10
20
13
20
17
16
14
9
22
13
11
15
12
9
15
28
27
27
9
12
26
18
10
11
3
13
14
22
18
32
26
22
24
19
22
9
24
15
25
14
26
27
11
14
5
18
14
19
12
23
16
29
23
24
15
14
22
22
5
10
13
11
14
30
13
13
29
20
15
14
18
11
20
24
5
10
11
7
12
15
12
