1
7
24
18
30
23
29
10
31
35
24
22
28
23
33
22
21
22
24
29
31
8
31
31
20
18
9
21
38
34
25
35
32
19
39
27
9
23
33
30
31
36
19
36
38
36
35
34
19
20
22
28
31
20
19
22
7
36
39
41
38
38
39
11
3
29
36
33
40
33
25
24
33
27
34
16
33
26
22
41
22
6
24
24
35
32
10
13
35
24
23
27
48
34
25
19
23
25
23
34
25
29
24
24
30
2
27
38
35
40
34
23
23
19
38
32
31
32
37
40
28
21
18
37
21
8
27
28
20
36
25
5
21
24
22
37
26
24
26
22
28
24
16
44
22
21
24
8
47
34
24
34
23
25
45
29
18
33
5
23
7
15
8
37
25
27
31
30
15
33
10
28
23
16
9
16
17
20
29
21
23
17
22
10
9
32
37
29
25
22
33
32
19
22
20
26
32
38
34
22
8
39
15
21
21
18
23
35
14
15
18
30
30
6
32
18
38
41
36
23
19
20
33
37
35
23
24
23
26
16
30
15
21
4
34
17
30
29
21
34
23
23
32
27
47
31
28
25
35
22
23
32
9
47
15
18
26
28
27
34
29
37
31
20
9
20
30
27
29
3
34
28
30
6
25
31
16
22
31
34
25
14
23
8
20
5
15
4
36
4
23
25
35
36
8
32
24
33
26
35
21
21
30
33
22
21
24
35
17
35
26
8
17
32
11
28
24
19
21
27
22
23
30
23
12
23
23
40
26
4
17
25
36
38
35
13
37
36
33
16
22
36
23
34
35
32
28
32
38
17
21
5
37
30
38
19
20
22
21
20
34
26
7
37
37
37
28
20
5
22
36
36
25
28
23
33
26
20
16
24
6
30
24
48
8
7
5
22
11
35
9
9
27
10
19
28
35
23
25
21
17
23
24
21
33
11
33
22
29
20
37
11
22
19
34
32
38
35
26
11
26
31
23
30
46
28
16
21
31
23
26
26
6
15
31
24
18
18
26
25
2
17
35
26
28
37
34
17
33
16
32
34
4
22
22
22
31
16
27
30
32
16
21
36
32
32
4
25
24
27
21
46
23
32
45
21
32
28
23
22
27
5
10
28
19
33
26
19
25
4
34
24
18
26
17
23
20
32
19
23
18
38
23
9
37
32
27
16
34
31
35
26
24
28
23
6
31
26
21
34
21
24
22
30
25
35
19
46
25
20
31
17
26
35
7
25
38
37
25
23
42
23
24
21
21
18
39
32
24
32
29
33
25
25
18
21
35
34
15
31
30
24
36
25
32
29
23
22
37
25
21
12
36
28
8
35
20
48
32
21
25
9
33
21
25
31
14
23
43
23
33
7
33
32
23
22
32
20
18
32
22
21
36
36
24
25
34
8
21
23
26
32
29
21
33
12
26
33
26
16
37
17
38
20
32
8
21
20
47
33
29
29
21
18
29
37
18
17
17
19
24
30
30
34
20
23
39
20
35
21
25
34
21
25
24
31
37
37
24
18
31
36
29
36
24
18
20
23
17
23
22
18
22
22
21
30
19
20
27
33
34
32
18
20
22
22
32
21
18
37
24
11
20
27
9
31
20
19
36
29
22
21
36
34
33
3
31
25
24
33
32
23
22
23
7
18
24
31
24
34
33
6
33
34
22
23
24
19
20
17
42
24
30
29
10
12
26
29
17
25
7
4
33
43
24
35
21
5
30
23
21
23
36
34
