1
17
6
9
24
19
21
6
18
14
12
21
14
20
22
18
20
19
15
20
12
18
18
18
18
10
17
20
14
19
20
13
17
18
13
17
14
15
11
23
18
13
22
24
15
17
21
15
12
19
17
20
20
16
11
4
13
10
12
9
11
5
20
11
14
16
16
10
17
4
13
6
13
11
7
12
19
13
8
16
8
20
9
14
14
8
17
21
18
19
15
8
20
13
18
11
16
18
10
13
9
17
16
15
19
20
3
12
14
9
21
11
21
20
18
20
16
4
17
10
14
14
17
13
21
19
22
11
18
12
18
3
21
9
17
25
18
18
16
14
17
17
14
12
21
21
2
15
20
16
2
20
14
19
19
20
19
19
13
10
14
3
13
16
18
2
21
10
17
16
11
15
18
16
6
20
21
21
7
19
17
5
4
14
17
18
4
20
17
19
9
10
15
17
11
17
16
23
16
17
18
13
17
15
20
2
17
10
16
16
11
16
17
12
15
16
17
12
13
14
16
15
11
8
19
18
19
12
8
18
13
18
7
20
10
5
17
18
13
13
21
15
23
17
12
11
19
14
22
13
16
19
19
18
9
