YES
YES
NO
NO
631269520
631269520
580112673
NO
NO
NO
NO
NO
NO
335118268
519824181
519824181
NO
111968339
NO
550570989
550570989
NO
692796738
NO
NO
NO
795515862
NO
323059561
NO
484184461
153494356
153494356
491554601
491554601
NO
770299207
NO
167962592
13367173
13367173
933509070
NO
NO
NO
NO
629927900
816804762
NO
974018475
83010719
81582796
NO
NO
NO
NO
586949044
NO
586949044
NO
586949044
586949044
NO
NO
227316890
227316890
NO
NO
671603404
452000963
381103685
381103685
NO
79277896
79277896
79277896
7982817
NO
NO
NO
NO
NO
7880598
876898835
NO
NO
NO
NO
NO
NO
NO
549982001
NO
365223902
NO
NO
NO
NO
NO
NO
296097724
443711004
NO
469665807
57479459
NO
NO
320646915
NO
NO
NO
NO
650200176
NO
NO
175929721
320278273
999694624
NO
NO
688510352
969484700
635331361
NO
372565124
893658304
NO
NO
302019392
182233968
182233968
NO
752687469
939550847
939550847
NO
NO
2899038
630017664
630017664
215488140
215488140
747437229
624612540
624612540
NO
385558966
385558966
NO
385558966
NO
NO
NO
NO
NO
NO
941070687
NO
NO
683266856
59318072
970601541
970601541
NO
970601541
802821126
990025247
990025247
NO
160017840
160017840
NO
NO
NO
NO
393538797
959402015
NO
535974779
535974779
535974779
535974779
NO
NO
819113485
NO
NO
NO
NO
873897418
NO
NO
NO
NO
NO
NO
243269171
NO
867031053
NO
NO
191342817
NO
68488261
43298709
43298709
NO
NO
472683087
NO
NO
472683087
NO
358319886
NO
961565723
961565723
NO
961565723
997488994
483266215
NO
NO
NO
803575887
NO
NO
NO
NO
887773231
442662574
NO
NO
NO
NO
NO
839802442
839802442
NO
839802442
839802442
839802442
745596448
745596448
745596448
NO
839802442
NO
767664124
518462799
518462799
NO
296596476
NO
NO
NO
NO
588824069
339651881
520245970
893973075
NO
NO
101500012
97816674
347291589
97816674
140361332
140361332
140361332
203108369
NO
951341814
951341814
213292256
996860798
996860798
731661196
NO
46709728
NO
NO
NO
NO
NO
460341996
460341996
NO
NO
235546406
128057292
NO
NO
706889021
706889021
NO
706889021
NO
491888777
NO
491888777
NO
NO
144895529
NO
374611729
NO
NO
NO
907609117
NO
NO
NO
NO
426956737
NO
798407633
NO
86000343
86000343
NO
388992800
NO
785564935
785564935
NO
104481068
NO
NO
NO
NO
NO
NO
448419676
493150392
493150392
NO
NO
855497773
855497773
NO
NO
724592950
194913196
NO
NO
NO
749913064
NO
NO
141554698
NO
141554698
141554698
216382136
216382136
217282852
727474022
NO
727474022
NO
NO
NO
NO
669878328
669878328
542075914
302162925
NO
NO
NO
NO
NO
NO
486515587
486515587
526033318
NO
297520888
NO
NO
NO
NO
NO
NO
571132691
236691486
236691486
NO
375655950
631223491
375655950
NO
258469690
258469690
258469690
NO
NO
575074912
NO
3964457
3964457
NO
NO
NO
NO
NO
NO
231530151
139744705
139744705
447026016
NO
629666915
NO
909613590
909613590
NO
NO
859523481
NO
629666915
391903556
378742725
NO
384226825
NO
NO
NO
510002698
510002698
NO
NO
538765445
964287603
NO
540223079
29191112
540223079
544106048
NO
249194663
NO
560795989
177555715
273322162
483905690
943572555
NO
NO
NO
NO
37969144
250146361
NO
869850389
NO
NO
946804479
NO
322783116
NO
699568120
NO
490486684
NO
760101378
310385740
NO
28427740
NO
374705859
374705859
383911197
NO
NO
215696748
NO
NO
259087192
259087192
61644159
259087192
259087192
NO
372793401
NO
752491835
NO
NO
NO
768462888
NO
682242893
NO
146326065
146326065
NO
NO
NO
79029319
819053934
819053934
NO
NO
NO
NO
NO
630234289
851581730
NO
533641429
612403251
NO
458701484
NO
149454662
294294725
294294725
NO
166490381
NO
476190327
654656295
654656295
748587486
748587486
253703901
253703901
NO
NO
NO
NO
17110322
NO
17110322
NO
423609961
NO
423609961
NO
NO
NO
918239016
NO
485402561
485402561
NO
152442121
152442121
NO
221048169
221048169
NO
NO
NO
NO
NO
NO
NO
NO
NO
NO
NO
NO
NO
904063047
NO
NO
551361413
503850974
503850974
835164343
21580572
21580572
NO
NO
431457652
195054233
NO
777959507
NO
NO
NO
NO
470205653
NO
112187806
376894640
NO
NO
40537946
40537946
NO
NO
NO
657543528
NO
NO
525455603
525455603
525455603
NO
NO
NO
937086698
NO
841595938
997881070
794933607
794933607
NO
333065610
NO
339624302
410656965
NO
NO
NO
NO
206418999
206418999
NO
NO
206418999
57192247
NO
839624448
839624448
309698108
309698108
839624448
219011359
NO
NO
NO
NO
952154012
952154012
466033983
466033983
NO
141867211
NO
NO
NO
NO
40700084
351397797
NO
742231021
742231021
451947475
NO
451947475
835548322
835548322
NO
495525644
933955117
933955117
859859095
NO
605209560
NO
NO
NO
NO
NO
787448218
NO
25310374
NO
NO
NO
25310374
NO
NO
NO
120147246
369175320
NO
837077884
NO
NO
NO
NO
429330583
NO
NO
NO
NO
699226911
505259240
505259240
427743374
427743374
19758448
19758448
NO
125109079
70640607
NO
NO
NO
NO
NO
570273662
NO
NO
575489166
82151740
NO
364905754
364905754
NO
568938945
568938945
792897872
792897872
792897872
NO
8502767
264101910
NO
264101910
NO
NO
228159451
NO
495595070
495595070
NO
NO
NO
NO
471659282
NO
NO
NO
437651137
258499609
NO
226084786
459508421
NO
NO
NO
NO
NO
300233780
517057420
NO
NO
968235167
968235167
465263264
NO
NO
901952792
509324677
689192485
873857306
764969394
479514025
567414065
NO
841421947
941870
884675837
402719195
NO
935698879
935698879
935698879
793157540
468308515
468308515
468308515
628867153
NO
349668720
349668720
NO
NO
336802305
838182491
NO
517554031
835043277
934746719
206817064
NO
808937481
808937481
54371651
54371651
NO
830338572
867849919
634287029
NO
NO
NO
NO
NO
NO
552716502
NO
650661363
650661363
650661363
522770586
NO
NO
761925123
761925123
NO
479367128
NO
NO
NO
973393064
NO
NO
973393064
202384308
NO
NO
NO
NO
NO
11770808
196922445
196922445
196922445
182483618
603882103
672451354
336039775
NO
NO
NO
NO
898348787
NO
NO
NO
NO
NO
856889187
NO
856889187
NO
NO
315502522
NO
203123319
NO
571753349
974494901
128582873
NO
462565776
462565776
462565776
NO
NO
NO
NO
NO
64460944
NO
64460944
287322537
182067114
NO
NO
437724405
NO
249277231
NO
NO
NO
269643931
681231097
524942018
138100205
NO
566072479
566072479
490300188
490300188
NO
64415822
64415822
NO
NO
NO
NO
NO
NO
691958184
NO
NO
NO
NO
NO
NO
244973581
NO
845657772
NO
NO
987889682
NO
800698756
NO
828987808
854724436
NO
327732786
NO
NO
NO
790750197
NO
NO
724760826
NO
NO
NO
NO
839686833
772801884
84187219
NO
84187219
NO
NO
955645255
NO
NO
365907155
NO
275707329
NO
887436435
NO
NO
NO
NO
NO
702014623
702014623
702014623
NO
702014623
613515051
NO
613515051
351771307
735374522
897794747
NO
897794747
826402313
795069088
13976888
NO
344554822
95571145
NO
NO
NO
359330151
NO
NO
NO
NO
NO
750781175
685307004
NO
NO
NO
NO
394160724
NO
NO
NO
750781175
NO
750781175
NO
NO
NO
NO
NO
NO
276048985
NO
NO
NO
115065096
79780627
191549734
191549734
867568288
867568288
NO
NO
494867009
NO
NO
661947231
NO
NO
148953370
789644294
841758710
841758710
NO
NO
NO
850937304
755991825
755991825
598257726
NO
NO
NO
188124719
NO
NO
NO
NO
NO
NO
NO
80617343
NO
527109640
617831754
NO
352190226
NO
NO
133574142
NO
353963445
379136401
379136401
379136401
379136401
NO
NO
NO
NO
865413381
80047136
NO
NO
NO
80047136
NO
NO
NO
717505819
717505819
100912297
289724363
777282598
781594587
781594587
NO
677679052
NO
NO
222614884
222614884
719657937
719657937
275918685
275918685
NO
275918685
NO
275918685
NO
637944020
NO
863961406
NO
998451434
87422355
184744617
NO
291588156
NO
NO
NO
855096886
855096886
376030030
NO
588398521
588398521
118226605
NO
735093519
NO
NO
NO
623620901
317754534
NO
NO
394573676
394573676
NO
789265023
NO
NO
287644661
287644661
503106703
NO
287644661
NO
NO
NO
488790908
277322376
277322376
NO
145488926
NO
220111112
220111112
NO
NO
531560770
685969427
981909243
118544933
NO
NO
118544933
NO
208652382
NO
NO
556717976
89022394
NO
NO
927512653
NO
34444585
NO
248107806
72821308
NO
492129549
NO
845720098
NO
395530331
NO
6969679
NO
6969679
664397536
190029613
652819869
NO
522341322
636114187
NO
51896186
908837567
51896186
51896186
NO
815843107
815843107
138523037
138523037
138523037
785058201
NO
218321518
NO
218321518
NO
165747601
NO
NO
307327479
7679494
228733900
NO
NO
NO
NO
835291128
835291128
NO
NO
NO
NO
886721996
NO
886721996
NO
NO
NO
NO
NO
209599628
NO
NO
NO
NO
512342634
972092771
972092771
906905340
NO
NO
885574984
NO
NO
NO
NO
544260017
NO
NO
NO
NO
NO
NO
491387383
NO
NO
770063569
NO
533361998
NO
533361998
533361998
NO
NO
770063569
770063569
770063569
770063569
13037211
NO
NO
860854970
129671303
426364055
317446673
NO
NO
92262426
687263522
NO
687263522
687263522
463932197
NO
NO
NO
286434188
NO
286434188
470479605
NO
NO
68313759
NO
NO
429507931
NO
NO
NO
NO
NO
NO
NO
NO
NO
466350331
507773830
246306643
NO
NO
NO
NO
NO
NO
168766581
NO
NO
549584762
562592734
317182080
317182080
NO
NO
485974310
59290917
449370109
NO
327629835
393487616
NO
588392901
588392901
NO
NO
NO
746619879
NO
NO
NO
346474724
NO
982350638
915651107
NO
915651107
NO
431442239
431442239
431442239
431442239
431442239
488970986
390458001
NO
NO
620629448
NO
NO
930061495
699059907
NO
NO
105706101
47797347
47797347
NO
NO
NO
NO
42262857
NO
802124157
NO
802124157
802124157
NO
NO
NO
NO
534977004
NO
NO
700755420
NO
NO
107562704
NO
NO
NO
NO
NO
NO
12069191
12069191
NO
243916024
405787431
NO
875244098
539891827
NO
642290505
864257962
NO
606440605
678292845
678292845
678292845
209745802
980119288
NO
980119288
NO
313306352
292345895
NO
NO
NO
992918388
129718436
NO
NO
NO
869043307
NO
NO
NO
837564559
NO
870528300
870528300
228572423
228572423
NO
659395257
659395257
NO
921012607
NO
NO
501564727
759514117
NO
NO
NO
636705399
NO
25900628
25900628
137063958
137063958
602670546
602670546
24296876
24296876
318862728
NO
NO
NO
NO
NO
212799588
826474452
NO
NO
360682238
NO
928830390
212493161
155202930
155202930
NO
NO
NO
NO
NO
483969922
NO
NO
NO
NO
NO
3703170
NO
NO
NO
923765365
923765365
513203682
513203682
NO
NO
NO
NO
NO
390654701
NO
713013489
713013489
NO
180668542
495621359
NO
759738473
921146894
507803170
836607929
NO
NO
507803170
507803170
17612754
NO
17612754
NO
648845791
NO
NO
NO
705735150
705735150
990701484
990701484
NO
945824425
NO
827097564
NO
98715591
NO
NO
3210219
3210219
3210219
NO
NO
NO
NO
NO
653770822
653770822
NO
NO
NO
463435045
NO
392587476
NO
NO
NO
NO
NO
NO
NO
NO
88249463
605845336
NO
NO
200855545
521725058
NO
695533184
695533184
NO
NO
334930497
334930497
NO
NO
160670515
NO
939863701
NO
939863701
NO
780098685
182212852
803482636
NO
707567167
NO
NO
27138731
NO
27138731
706266340
706266340
NO
706266340
576267489
576267489
NO
484575499
NO
NO
388346561
NO
388346561
388346561
983478050
NO
287344168
NO
923817041
NO
775085634
NO
NO
NO
NO
161020759
384668634
NO
566442260
NO
NO
NO
NO
NO
842625526
842625526
NO
490146664
NO
NO
123182247
NO
852061228
NO
983881530
763005641
902972802
NO
NO
327550826
NO
749376720
749376720
NO
NO
NO
NO
NO
895291764
NO
826817615
NO
826817615
NO
201799458
NO
571709510
280718894
NO
NO
290738766
370640929
NO
NO
NO
379519208
NO
128774610
167051521
407080166
344498032
NO
NO
NO
947744862
787483551
33780106
NO
NO
NO
NO
984943255
304824934
519869552
NO
NO
952739806
952739806
NO
NO
NO
583398084
NO
NO
121164255
NO
960319082
NO
NO
177568397
NO
736443199
86820607
86820607
684559371
86820607
NO
177568397
177568397
NO
462305443
462305443
335997312
328648123
NO
691082502
NO
NO
NO
585247993
NO
942913330
179033375
NO
124549317
19368774
NO
NO
701077618
NO
823997078
NO
726473268
NO
66621220
NO
NO
NO
NO
377960988
NO
NO
NO
NO
377960988
659698987
659698987
NO
995770779
995770779
NO
NO
NO
921756347
NO
NO
562610346
NO
195903427
195903427
667364513
474681015
474681015
NO
NO
NO
951311679
NO
380411510
NO
NO
NO
702723501
702723501
147151887
147151887
702723501
NO
850866561
728506826
368499133
NO
NO
21198307
NO
NO
996096381
996096381
NO
996096381
NO
938267588
938267588
NO
NO
NO
77061704
NO
819697860
156352940
NO
NO
448936584
553713020
NO
NO
36096709
NO
926611790
543211156
826895623
NO
NO
NO
401611613
204047100
482059959
NO
NO
NO
NO
NO
651519499
NO
651519499
94357036
NO
NO
736603292
844110959
90829045
90829045
NO
NO
964796858
NO
635025709
NO
955410026
29788561
173019671
613481276
613481276
613481276
613481276
NO
978571760
935726654
323222871
NO
NO
NO
NO
409243756
409243756
215859081
831456599
336229665
11790167
336229665
NO
48423463
NO
NO
48423463
NO
779821461
7986988
NO
326075965
NO
NO
NO
326386816
NO
564120796
917777179
NO
NO
NO
NO
NO
NO
866283661
NO
144487859
832057959
NO
NO
NO
907962020
NO
NO
NO
842507625
566817907
NO
831799323
NO
147058694
820689029
820689029
820689029
NO
129193819
499709603
NO
NO
NO
128785473
NO
NO
NO
NO
336717375
NO
NO
384328416
384328416
NO
NO
95884127
NO
720327245
227581090
NO
NO
781997547
NO
336799614
692939389
NO
327408667
NO
NO
378006376
378006376
NO
NO
NO
967505318
NO
NO
26147422
NO
NO
420838812
NO
NO
NO
NO
NO
NO
NO
574219517
574219517
NO
NO
NO
332469369
998705475
NO
559961317
NO
NO
577800856
343818333
NO
410419558
314011258
NO
NO
NO
518884004
753345248
NO
176685663
NO
176685663
NO
3404749
NO
166550079
166550079
807483437
NO
325669880
NO
NO
NO
NO
300026536
NO
882154013
306442253
NO
NO
NO
NO
NO
947937304
NO
763926675
168972489
NO
267181762
298559331
662873487
859839194
NO
847661540
117941177
NO
NO
NO
544148352
NO
NO
NO
694325522
NO
694325522
622104905
NO
NO
688795584
89274057
715190393
NO
NO
187534066
NO
NO
251375204
251375204
NO
113960481
410846351
880121765
NO
880121765
754456987
NO
162558462
NO
NO
355082710
NO
989721691
536099388
536099388
NO
926600533
NO
277848191
372124083
NO
451740058
208728936
NO
116066815
613211937
613211937
194160795
925877066
NO
803117149
213379094
NO
NO
NO
NO
NO
884320308
756737696
380244716
804397300
NO
380244716
NO
NO
NO
872736802
NO
591747529
591747529
NO
NO
635912612
NO
94926727
NO
94926727
550750027
550750027
550750027
NO
NO
NO
785256757
785256757
20006501
NO
NO
95485433
386019458
NO
386019458
386019458
321404267
321404267
NO
NO
803224905
803224905
NO
383334611
NO
NO
NO
NO
NO
179949092
615632657
NO
179949092
850214193
NO
NO
NO
162854291
NO
NO
211671692
211671692
211671692
351542515
NO
NO
NO
47047871
47047871
454979246
252611117
252611117
NO
NO
NO
NO
371308351
NO
371308351
666285175
521096338
NO
316397914
430514905
430514905
430514905
998408043
NO
771613140
NO
NO
646374833
31044024
31044024
NO
646374833
250749845
254828091
114148083
939792240
NO
493566428
493566428
NO
181174882
NO
577391671
577391671
NO
309601424
NO
543096768
NO
NO
NO
NO
NO
239049767
NO
NO
NO
NO
NO
365616549
975910130
975910130
975910130
694735471
519918719
770744299
NO
NO
877622563
NO
NO
NO
156428101
705930546
189250996
NO
999337383
999337383
NO
701622270
655735298
105378754
NO
NO
11760226
11760226
533953992
NO
NO
NO
NO
813964276
71041316
NO
89047863
580603377
NO
869615711
869615711
NO
869615711
NO
NO
888310215
NO
NO
725203841
725203841
NO
NO
NO
344659348
NO
558717371
NO
NO
820956487
797950262
797950262
797950262
907698895
NO
166910961
NO
NO
966797714
977766397
NO
515608230
529272259
529272259
NO
NO
NO
NO
NO
NO
601897100
NO
NO
NO
NO
24356664
539728824
539728824
NO
NO
79015592
79015592
NO
648388652
623896593
NO
NO
NO
871465022
871465022
NO
909388288
NO
436659352
925293044
925293044
NO
149401962
735515556
735515556
735515556
NO
NO
433486826
NO
460546634
460546634
460546634
441286042
NO
NO
NO
NO
853323682
628671725
628671725
NO
NO
NO
653709605
653709605
653709605
916434796
NO
NO
653709605
NO
310443436
766843795
NO
284412453
284412453
NO
439063222
NO
NO
NO
210539587
NO
NO
NO
953047220
376763604
599497727
NO
NO
NO
NO
688703328
97630446
NO
NO
314880182
314880182
NO
NO
NO
NO
NO
4885417
4885417
NO
NO
987710582
987710582
249318877
987710582
NO
810781691
774377226
NO
482832265
210617703
NO
NO
NO
NO
529305419
NO
273776785
273776785
NO
NO
333983234
267234137
715289145
267234137
267234137
NO
273776785
620885844
NO
NO
498870228
NO
238585386
238585386
NO
537091111
650258225
NO
650258225
NO
NO
650258225
650258225
712384817
NO
NO
430818832
NO
302748153
599584433
599584433
599584433
NO
NO
NO
NO
837119327
NO
635299499
635299499
486862533
NO
NO
NO
954946652
847562722
123117988
123117988
429143006
NO
883707248
NO
630632977
NO
837161703
NO
403582527
NO
NO
NO
253876991
NO
NO
NO
NO
NO
NO
NO
NO
NO
570409504
NO
96285517
650229073
NO
893272494
NO
182914933
462728572
NO
NO
NO
99939400
NO
NO
449887034
NO
79298365
395699413
NO
NO
NO
NO
NO
283343351
178728401
NO
178728401
NO
219579262
219579262
219579262
NO
519498236
NO
NO
790282758
NO
NO
948753367
948753367
948753367
NO
NO
NO
473637252
473637252
28164741
NO
NO
852228482
NO
513738051
NO
NO
909135872
909135872
NO
NO
NO
618199669
618199669
918199873
NO
NO
NO
NO
446649084
530945178
NO
NO
NO
795666085
179068454
NO
NO
NO
NO
412735206
NO
NO
937089091
NO
NO
710400417
NO
NO
NO
NO
NO
613505773
NO
428250392
NO
677517426
954988151
NO
NO
400067129
421857766
NO
180605678
180605678
NO
NO
NO
617979795
NO
NO
NO
218056794
218056794
NO
NO
218056794
NO
218056794
NO
NO
470550200
NO
302615233
NO
NO
138990677
612709581
119771315
119771315
119771315
612709581
612709581
260783652
612709581
612709581
NO
360961787
NO
NO
NO
75088502
75088502
NO
NO
NO
46105034
NO
4214933
NO
338148477
NO
52483551
802655629
52483551
52483551
NO
NO
NO
NO
NO
961316908
686111254
NO
686111254
NO
NO
339304586
NO
NO
339304586
339304586
339304586
14263875
NO
NO
507162109
NO
NO
NO
580112279
937089805
NO
NO
NO
NO
52909848
NO
757275655
473459923
775343745
80356344
80356344
NO
559846831
606972985
606972985
606972985
606972985
NO
499137911
NO
542752423
NO
245776592
NO
594284890
NO
277643624
450149979
450149979
472628047
472628047
NO
NO
NO
958471418
62537123
958471418
NO
96694676
96694676
NO
562123870
NO
539109255
418243390
NO
18445733
593088031
593088031
722625469
722625469
724672504
NO
NO
119401758
886750879
NO
864239365
NO
864239365
805235507
NO
NO
NO
718844820
NO
718844820
811314094
NO
NO
NO
166764927
243340759
946554063
568708555
NO
NO
871332761
57691044
NO
57691044
NO
NO
40223713
NO
NO
767276502
512419763
700177993
700177993
NO
812822982
76180942
NO
435981238
11874732
NO
245816661
886410046
886410046
NO
NO
234252540
956926380
NO
NO
NO
590101175
NO
NO
771778100
771778100
NO
NO
423772516
645357074
NO
NO
NO
331762044
331762044
330536548
NO
330536548
946922599
NO
246663429
445542504
365428997
365428997
365428997
NO
NO
NO
NO
631423873
NO
565056311
NO
687351190
289795752
289795752
687351190
NO
414836666
NO
218539888
NO
NO
230380647
230380647
NO
422002203
160383447
NO
160383447
665386092
665386092
437276586
NO
478061436
540438100
NO
NO
NO
NO
446119221
NO
NO
NO
872755165
NO
NO
660807589
660807589
660807589
999943628
NO
NO
898398675
221233269
221233269
221233269
105197141
105197141
NO
49169167
216378064
216378064
855571599
153468013
NO
NO
NO
NO
442359099
327510271
521798269
NO
NO
NO
NO
287470312
182990706
NO
NO
395685298
NO
NO
395685298
206168011
206168011
425598958
NO
189227141
189227141
NO
914385962
NO
NO
235549886
NO
NO
NO
78720800
NO
NO
526977127
NO
855213395
957273902
NO
957273902
30018415
NO
861125751
NO
NO
665518938
126962151
NO
126962151
NO
NO
NO
NO
852177147
NO
852177147
315415762
833286324
60406380
48818428
185603810
NO
185603810
NO
NO
34728630
227821017
NO
NO
NO
NO
8281828
NO
NO
245842807
NO
654795561
654795561
NO
936227450
936227450
936227450
NO
923168545
562817070
NO
NO
79371632
NO
NO
552752388
907846851
907846851
NO
815507972
105870313
105870313
NO
367834973
367834973
503402972
NO
348959137
440595764
868433517
868433517
868433517
NO
NO
868433517
NO
NO
NO
NO
NO
81076782
NO
NO
NO
NO
168992632
NO
967006061
86327524
NO
NO
537052628
NO
NO
511393119
890622459
NO
NO
NO
NO
593404745
593404745
214299217
214299217
NO
NO
538071040
546152623
274691800
NO
418898222
NO
NO
NO
604434780
604434780
NO
NO
NO
NO
923617021
NO
NO
NO
72086203
NO
NO
11785805
11785805
NO
NO
997790160
NO
NO
997790160
NO
NO
415952277
NO
68024401
20967366
214346326
211699065
NO
211699065
562051167
430428109
NO
768263523
NO
770183514
NO
NO
517168683
NO
NO
977225649
NO
586389862
813038913
739339121
NO
NO
NO
NO
700039377
700039377
700039377
NO
38853305
950983222
NO
NO
278244211
624872604
NO
NO
805767666
NO
472654186
169450476
520882975
NO
NO
548373146
NO
NO
572212347
NO
NO
NO
479682357
NO
993425395
NO
NO
288518681
NO
172663073
172663073
12533980
348998306
NO
NO
NO
373913040
373913040
NO
539916071
539916071
NO
NO
NO
749482978
749482978
NO
899128055
NO
NO
NO
NO
NO
904485647
NO
NO
NO
NO
489746201
NO
836580836
944797961
157119497
157119497
157119497
116101193
NO
NO
368388750
55797699
NO
55797699
251611166
251611166
251611166
677017253
NO
992537627
38019857
248762843
37948771
NO
722638446
667552928
NO
NO
NO
931624126
321926017
NO
882343389
NO
NO
734548518
NO
NO
NO
NO
281830195
NO
607709460
NO
NO
45983355
NO
222159844
NO
NO
359263267
NO
NO
628577866
628577866
NO
NO
227617805
NO
660315285
520027470
NO
385833093
438327177
NO
NO
361885417
361885417
361885417
361885417
NO
NO
11238302
NO
574689954
252463378
NO
NO
485070900
NO
NO
847181320
375212564
NO
176201736
266444006
NO
NO
NO
559411211
NO
NO
266380129
266380129
266380129
32385741
522658799
215747627
NO
49499663
NO
289944322
289944322
96521208
NO
NO
407181738
407181738
NO
190893384
NO
767696376
NO
767696376
NO
799467676
582952357
NO
NO
NO
580591725
NO
NO
NO
890949068
623690116
606354135
NO
489441920
NO
790454042
NO
204360176
477923984
546463313
NO
37813156
NO
NO
659023275
51779591
NO
51779591
NO
NO
316580417
NO
NO
NO
470278767
NO
843780285
NO
NO
612016598
NO
NO
NO
505293016
505293016
586904613
586904613
NO
268154194
268154194
709785014
664288086
NO
NO
147786392
308665946
308665946
308665946
116239752
NO
651568620
651568620
NO
572786940
983471856
983471856
759607579
183572640
270098480
NO
772824083
NO
NO
NO
NO
NO
NO
NO
46733654
316987839
NO
355689326
NO
NO
NO
917311693
935748008
660848428
NO
304366004
846083681
659242208
890245947
NO
NO
17382294
17382294
279878116
NO
NO
247122842
NO
NO
NO
NO
443414512
NO
NO
387060565
145305930
NO
6599801
NO
251840919
270630524
216198926
NO
938236645
72086830
NO
731902205
NO
731902205
NO
112375544
506572138
640952626
502690487
502690487
NO
NO
NO
502690487
NO
NO
NO
863962933
NO
NO
NO
361548024
NO
NO
113620516
NO
NO
705976579
705976579
NO
932229329
NO
932229329
932229329
NO
NO
856607119
317925147
NO
227843589
682421591
682421591
452810845
452810845
452810845
452810845
526491441
NO
143390089
NO
292118510
NO
810024392
810024392
NO
NO
NO
NO
NO
585369854
585369854
NO
464662126
187785464
NO
NO
134032743
134032743
NO
165717547
NO
269327366
NO
NO
NO
NO
331958390
331958390
331958390
159707694
159707694
NO
538923458
NO
NO
NO
NO
538923458
212669943
212669943
212669943
611140521
678514367
NO
NO
718099173
32917428
NO
NO
372950690
372950690
NO
887366695
NO
453214421
191400938
975227454
NO
NO
276966933
NO
NO
79933479
427611715
NO
NO
988359933
NO
17804687
NO
NO
284588335
786153028
786153028
613318683
NO
NO
393966224
393966224
NO
NO
884961395
884961395
884961395
252255449
NO
NO
307106459
NO
696024997
NO
NO
17085793
NO
NO
NO
165724371
NO
NO
751266210
NO
NO
NO
NO
NO
NO
NO
NO
NO
NO
NO
NO
804253408
986690289
986690289
629807349
NO
629807349
629807349
NO
NO
NO
707270946
NO
707270946
NO
890218619
475594495
NO
NO
NO
NO
125295594
347693505
347693505
845124734
NO
65060959
NO
136581684
NO
NO
29356927
7590028
NO
374424229
734783999
230951950
NO
NO
NO
515036736
NO
469748153
NO
NO
NO
356106113
NO
645267053
NO
NO
NO
NO
NO
NO
NO
956686764
956686764
956686764
NO
NO
NO
602837495
602837495
NO
187189863
NO
607780218
NO
549610234
NO
NO
NO
NO
635601079
828306842
NO
376541776
620910304
NO
NO
500324551
500324551
NO
NO
NO
NO
299484477
NO
464560526
NO
NO
861891118
NO
NO
NO
330634492
922695636
NO
933795852
NO
NO
904370819
NO
492041750
460449651
NO
NO
641630649
NO
524423189
524423189
NO
741047608
509053268
509053268
738989739
NO
738989739
NO
NO
932655885
NO
NO
NO
259376680
NO
NO
NO
229484755
NO
170436818
NO
NO
151859166
605417355
NO
234352528
NO
177148128
NO
841672537
NO
NO
NO
948276635
821939649
NO
NO
NO
NO
NO
300490372
NO
394307544
373566710
NO
550820674
NO
NO
494738205
NO
NO
506748530
NO
391204968
142808022
195764220
195764220
NO
NO
NO
NO
NO
NO
NO
NO
730850384
NO
NO
NO
950463456
NO
NO
NO
NO
NO
NO
444683231
NO
444683231
NO
873089592
NO
873089592
588633100
458164299
84068998
NO
NO
779468534
NO
NO
936985478
NO
446492459
NO
762338921
NO
172371549
124407406
124407406
124407406
124407406
867096414
NO
NO
988135697
NO
NO
NO
814088394
674951554
511328292
259255002
50989611
NO
NO
NO
NO
893339611
NO
746452348
NO
NO
56704512
NO
NO
885599238
885599238
NO
885599238
883166388
NO
999986802
999986802
NO
NO
NO
NO
98897550
98897550
241501771
NO
NO
NO
NO
713937786
NO
214143432
NO
586687492
NO
778224552
280732859
417322080
NO
NO
327559447
132223609
NO
606490655
330575541
330575541
NO
NO
NO
459158216
712194735
NO
107487536
NO
NO
71075655
322854165
NO
322854165
574911120
667604763
222534659
222534659
NO
943424733
NO
NO
650208798
488792577
NO
488792577
NO
133431782
NO
88550888
88550888
NO
NO
NO
NO
NO
116265733
NO
NO
NO
NO
NO
78355357
NO
NO
NO
NO
95569018
286825556
286825556
443029893
NO
NO
NO
NO
751276671
NO
NO
217219634
217219634
NO
988585221
NO
NO
235069993
NO
12515690
12515690
12515690
NO
163201575
911611736
NO
163201575
749635390
229260177
NO
NO
446823027
NO
NO
783047145
NO
NO
519930661
656510028
72012664
222486753
275340473
NO
840066344
840066344
NO
840066344
942413867
NO
646893418
NO
NO
39681345
39681345
39681345
NO
646893418
646893418
562232394
NO
640125828
NO
NO
913516538
530104349
NO
NO
876585832
112103707
NO
NO
331587455
548594547
961901472
NO
379277852
NO
724026222
NO
NO
56422849
NO
NO
961674178
NO
54067279
NO
NO
NO
NO
NO
NO
NO
319020244
NO
NO
NO
80470819
80470819
568511170
959596367
NO
NO
42525569
NO
NO
NO
NO
838214568
NO
13655108
13655108
299564370
NO
427258906
427258906
831215492
NO
818528786
NO
NO
NO
514203690
NO
NO
NO
NO
NO
207170660
NO
NO
NO
NO
625295450
625295450
NO
625295450
625295450
625295450
690393587
355936739
340900536
340900536
NO
735887961
NO
NO
435457318
925923188
NO
NO
NO
NO
NO
744452957
NO
NO
744452957
NO
NO
152209068
NO
965113767
978823132
978823132
997491543
997491543
NO
NO
340161014
NO
NO
885207919
885207919
NO
115811677
266033508
NO
NO
NO
266033508
717233334
NO
261220238
345613957
NO
967682371
NO
658243373
NO
691723328
911393390
NO
NO
NO
611628986
408340245
610425630
653966196
NO
320496219
572500015
572500015
928421332
NO
NO
NO
NO
NO
196812268
420669109
326869502
326869502
NO
NO
890277827
890277827
NO
464268799
NO
NO
NO
NO
907169188
NO
967343472
363864245
363864245
NO
NO
NO
491111039
491111039
941851612
941851612
941851612
NO
NO
NO
957594244
957594244
NO
951481856
957877363
957877363
NO
382207122
NO
382207122
NO
NO
264167966
NO
NO
NO
466327608
301374071
NO
NO
399913475
NO
NO
NO
NO
NO
528715307
NO
NO
800694765
800694765
NO
NO
370022277
NO
799476756
841351472
138605553
NO
NO
681327959
NO
NO
899998527
NO
472594181
NO
797383383
NO
NO
NO
544296177
540820173
540820173
NO
908461777
317398109
NO
NO
198233275
497142920
NO
NO
733511490
NO
226277995
226277995
733511490
865549494
356480598
NO
356480598
NO
86509208
582653149
NO
3850831
121332694
350877194
474640706
NO
NO
494398557
NO
NO
625911235
NO
884389761
NO
NO
16635773
NO
704642694
619312199
NO
909980615
NO
NO
795497496
NO
NO
NO
NO
420439424
420439424
420439424
420439424
612282243
612282243
NO
NO
293042158
NO
NO
NO
897475537
NO
160220450
160220450
160220450
NO
NO
NO
185325155
37029366
NO
NO
NO
NO
NO
978577903
94764494
NO
NO
94764494
NO
350900412
350900412
NO
745112841
179429588
NO
179429588
201062301
NO
NO
201062301
NO
107169182
NO
NO
NO
267203629
NO
507447014
NO
NO
NO
NO
276249041
NO
NO
NO
639122496
244058112
NO
118982683
NO
NO
NO
374307123
993413632
NO
853175763
NO
122839269
320662897
NO
NO
820920197
NO
417248509
NO
139323686
NO
920829648
985338998
642032375
NO
545508754
545508754
240095488
383026192
NO
NO
920992847
290226090
NO
7858204
NO
7858204
NO
NO
NO
NO
NO
NO
923158422
297266983
NO
208782392
208782392
208782392
NO
365872787
NO
365872787
365872787
694477673
NO
338940696
786419151
786419151
269806901
453461611
453461611
NO
856473621
856473621
856473621
NO
551459891
551459891
NO
NO
636664200
32318390
162263235
NO
NO
381908746
71162252
NO
730295478
NO
NO
862176064
39184093
471924429
NO
485627121
NO
735361171
735361171
NO
703923897
382445522
889436497
105556572
105556572
NO
752579175
NO
NO
687449033
NO
750083462
NO
216204112
NO
79912163
NO
NO
632598083
440775340
NO
179224945
244248497
244248497
244248497
NO
NO
253705035
NO
51587576
360097892
NO
NO
877317755
877317755
NO
NO
296356631
NO
NO
15369654
51587576
51587576
210826302
NO
NO
NO
98689053
NO
725770241
NO
NO
481296633
481296633
481296633
NO
65578525
65578525
65578525
NO
588877860
65578525
NO
577649220
607059333
NO
NO
NO
464290572
575728618
NO
575728618
NO
200395633
115635990
NO
NO
450238440
NO
NO
787597547
787597547
NO
NO
NO
NO
776232116
NO
NO
293561668
208354846
58838167
58838167
58838167
NO
NO
NO
423381243
877365466
608730900
NO
588232016
NO
588232016
574054604
574054604
181373034
181373034
NO
724480294
114805264
698347147
NO
698347147
662750479
NO
NO
312076876
571489224
NO
650046132
242988546
519483741
667414674
NO
125070172
106915555
NO
633663758
NO
NO
633663758
633663758
NO
387513641
NO
NO
281075592
997843575
NO
895664621
931786306
NO
35341737
NO
NO
246104135
NO
NO
NO
638584087
576330267
NO
858627310
NO
701713514
469629025
NO
469629025
NO
301170249
NO
543879887
543879887
495299843
495299843
NO
NO
755408047
755408047
NO
85967490
681745630
NO
NO
760596239
48222479
852382230
553048369
NO
944794016
NO
NO
427456205
575809445
575809445
NO
59858839
427456205
725936278
NO
NO
NO
NO
NO
335332446
582751581
NO
NO
NO
NO
NO
683073868
NO
NO
26347665
NO
459906390
459906390
933819053
NO
459906390
NO
806068143
806068143
987913794
NO
314207227
542318365
NO
692543611
416783675
76596640
NO
934322750
NO
217096185
NO
506931986
52295059
52295059
NO
635551886
NO
NO
999411170
NO
NO
NO
NO
939556410
939556410
NO
439111636
647324701
NO
96287944
NO
430396525
430396525
NO
NO
237208224
NO
NO
NO
989663819
594043485
NO
983506119
NO
NO
542126533
20496277
NO
20496277
NO
235661452
947915017
947915017
NO
945149674
945149674
945149674
NO
945149674
945149674
761142506
909829580
909829580
909829580
NO
NO
NO
702309839
NO
324674942
879293442
NO
NO
NO
979823596
NO
NO
496693767
NO
299518981
NO
NO
NO
NO
277208755
NO
866883227
NO
35730753
228644159
228644159
NO
NO
NO
274610697
NO
626927287
NO
322008015
322008015
NO
17962260
733789197
NO
NO
596371360
NO
NO
NO
352849719
NO
455764974
455764974
887524199
NO
887524199
NO
290030060
353413483
NO
353413483
353413483
NO
NO
35352591
NO
NO
NO
NO
176738715
454086340
454086340
NO
368278404
NO
NO
705244231
705244231
NO
NO
710235390
710235390
NO
NO
NO
NO
NO
118596285
334769438
348894522
NO
NO
235952058
NO
NO
802109820
NO
NO
NO
NO
472660984
472660984
NO
NO
525397091
NO
NO
472660984
NO
217903411
470006059
305938835
776846128
NO
NO
444375898
444375898
NO
NO
NO
360530896
NO
909817688
NO
282476129
282476129
5890323
5890323
NO
NO
566839404
566839404
566839404
566839404
566839404
133268944
NO
NO
NO
NO
NO
NO
679051000
NO
NO
NO
822024857
NO
NO
928234332
NO
959160673
NO
NO
NO
NO
424035634
104822904
104822904
104822904
474003285
364832040
474003285
474003285
424035634
NO
424035634
424035634
NO
NO
650826069
232061025
NO
954736903
954736903
954736903
471579485
NO
NO
NO
60460003
NO
NO
NO
991420393
NO
41215527
NO
421595709
421595709
NO
NO
NO
NO
217709600
NO
338212208
338212208
NO
NO
NO
NO
541545731
541545731
NO
337446494
392240829
392240829
NO
185535227
NO
NO
121618722
121618722
NO
121618722
NO
237351306
237351306
NO
805455095
NO
NO
347105461
NO
NO
NO
876080117
NO
184237859
NO
NO
731517841
902058086
NO
NO
NO
NO
298088612
332369097
NO
NO
NO
239987444
NO
863656484
NO
NO
863656484
863656484
NO
781557838
756055994
756055994
NO
NO
NO
NO
NO
149712917
NO
149712917
NO
NO
449848144
18720080
NO
63705036
NO
44282276
346219239
NO
NO
918349926
918349926
NO
859108151
673174000
NO
624050901
NO
NO
931698973
931698973
NO
NO
NO
NO
NO
NO
NO
NO
NO
NO
700798447
643215307
NO
643215307
905627013
796493837
900679422
NO
NO
66923986
NO
NO
15088250
NO
NO
66923986
66923986
43623382
43623382
NO
NO
NO
883859341
NO
NO
NO
312982271
315667103
NO
315667103
NO
315667103
342279878
NO
310226093
NO
639798120
NO
NO
61120321
NO
NO
NO
NO
NO
643402293
68840020
198491369
780228225
698036591
NO
519079856
NO
NO
316270909
829995209
NO
343867669
343867669
NO
463752808
NO
79359731
NO
922128425
316342843
603718139
546460125
546460125
NO
NO
56430835
56430835
NO
NO
NO
56430835
500143349
NO
68169012
68169012
220353649
NO
42876862
NO
973938033
973938033
NO
973938033
973938033
NO
NO
NO
692076543
262869291
170494665
88422604
479647516
421339642
NO
802016892
802016892
802016892
802016892
802016892
NO
336060836
336060836
NO
NO
124641243
NO
216749769
NO
216749769
216749769
17653690
17653690
17653690
NO
NO
NO
NO
NO
NO
189536898
NO
NO
NO
841184336
NO
239526420
NO
612335027
NO
612335027
612335027
768478560
73647078
344071791
NO
909288451
909288451
NO
888434827
888434827
NO
888434827
NO
NO
71377579
NO
NO
689758350
NO
NO
431196663
NO
NO
238646120
NO
86965952
322979001
322979001
577186979
NO
990761179
990761179
NO
959726556
NO
NO
313476960
NO
897856682
897856682
NO
NO
285879323
285879323
NO
285879323
NO
NO
NO
900508446
900508446
819804230
743579197
NO
173172305
492795937
492795937
492795937
492795937
NO
NO
NO
135121774
NO
NO
803564715
483140768
NO
NO
NO
NO
828223721
409121809
NO
180241753
539890781
539890781
NO
180241753
180241753
NO
NO
707962376
809514146
NO
809514146
973880838
NO
574256715
657770285
NO
580616964
580616964
NO
NO
NO
781575922
781575922
863595312
826361254
NO
NO
550618697
550618697
550618697
NO
446368317
NO
NO
NO
NO
110114169
172484089
783829437
855372981
NO
NO
NO
NO
121180407
121180407
121180407
NO
781795286
348099241
NO
161839521
NO
542445984
NO
NO
661742924
482475772
NO
482475772
NO
NO
NO
761447311
NO
NO
819462714
NO
923275643
785301862
NO
785301862
62986189
NO
NO
578071756
284553555
NO
721972931
721972931
NO
986324493
NO
86740877
NO
NO
NO
893460101
679587233
893460101
893460101
NO
NO
NO
106205951
252074245
159356010
NO
NO
453368385
NO
625747790
596716011
630377497
NO
NO
NO
NO
115540279
153710499
153710499
153710499
153710499
NO
NO
NO
499782934
NO
298310640
NO
18627600
NO
650297168
948363019
NO
NO
959504545
959504545
NO
936497561
936497561
811902876
789133080
218763312
39009020
554830105
900655917
NO
NO
39009020
NO
698283216
32652268
NO
212472869
NO
903885180
758100918
562487392
383294076
NO
NO
NO
NO
918943413
163992681
241358403
163992681
NO
446574521
NO
261196828
295335252
295335252
107964680
NO
295335252
295335252
NO
479341769
479341769
479341769
NO
NO
888354657
NO
268852740
149157018
211385895
NO
542411491
177927827
NO
NO
667428711
NO
NO
832530854
NO
NO
223264282
521531651
NO
532099788
NO
752763630
NO
NO
NO
219792499
117999609
73855761
61633420
478026161
NO
NO
NO
NO
589127463
779400154
779400154
33435486
NO
911410498
756832717
271361793
NO
NO
345188719
345188719
345188719
NO
841419453
NO
NO
253770693
841419453
841419453
841419453
534584256
NO
NO
305592483
474929762
NO
NO
333290912
NO
305592483
305592483
305592483
NO
282709348
501874699
NO
501874699
NO
501874699
772357667
NO
408274305
NO
408274305
NO
NO
NO
NO
NO
NO
NO
NO
NO
217085359
128093046
321099646
NO
417577915
476652114
476652114
476652114
NO
476652114
NO
131422233
131422233
NO
896996199
896996199
356248597
NO
NO
NO
955856401
955856401
NO
119211424
713190396
713190396
282848000
574473260
574473260
964560746
NO
NO
782139691
992571315
NO
955572395
955572395
NO
890242373
NO
890242373
NO
169657325
NO
94840761
NO
358563852
NO
218394357
218394357
384214908
NO
NO
710103397
NO
NO
18889604
NO
536558453
536558453
536558453
281790634
NO
NO
401220153
NO
NO
NO
484398349
NO
NO
NO
713418748
NO
322851957
322851957
NO
475061680
404969066
176491457
176491457
879702667
879702667
NO
793211131
NO
NO
NO
628769201
628769201
NO
943908736
943908736
275479042
275479042
399431427
949808056
NO
NO
527001819
657631703
NO
NO
NO
NO
NO
974696364
756035375
729449459
134668018
248195778
NO
212761356
212761356
212761356
405131274
20112006
818751571
865342616
NO
28921265
NO
606516550
NO
NO
519486888
518601723
446764721
NO
808165290
811217380
811217380
NO
NO
NO
923712041
NO
NO
NO
865497264
NO
210900221
NO
NO
NO
94087485
381750391
381750391
NO
24345404
NO
NO
589383379
NO
384199308
NO
NO
NO
NO
405750595
NO
NO
160700447
NO
811365993
NO
NO
NO
234621304
NO
422812783
NO
20164466
NO
NO
NO
255969181
NO
630558902
NO
773395314
773395314
153879630
153879630
288726672
NO
288726672
288726672
NO
255479923
NO
NO
NO
NO
920781334
820800765
820800765
820800765
NO
820800765
549726585
NO
853559729
NO
NO
NO
NO
NO
NO
NO
569483704
NO
913913768
NO
NO
653945965
493377289
NO
NO
594615189
980007977
980007977
980007977
457803037
457803037
NO
457803037
NO
276863005
826384964
NO
389463326
10630846
NO
389463326
NO
759298375
509772726
NO
NO
759298375
NO
NO
NO
NO
NO
NO
170875243
NO
743444706
NO
NO
NO
NO
22488142
NO
22488142
20064587
92207937
NO
NO
NO
NO
NO
NO
22488142
22488142
NO
843284635
676645012
NO
732198637
538096839
NO
NO
NO
NO
NO
NO
966983113
NO
NO
NO
NO
63618380
63618380
NO
632504974
514044700
516458316
31883622
348746133
124692877
NO
NO
644963364
920369371
NO
914218708
NO
NO
NO
909082925
NO
74148924
74148924
327161872
NO
NO
375759451
NO
185910960
NO
NO
719769045
NO
NO
NO
952051955
952051955
NO
520019611
480559791
NO
NO
162314988
439369058
NO
148036283
866605398
887747957
NO
NO
NO
756719739
316221755
396913961
NO
NO
168005471
168005471
NO
192341249
192341249
NO
335264335
NO
NO
469446582
NO
NO
NO
437867912
437867912
437867912
NO
209258216
947604395
619094385
756939671
NO
NO
NO
NO
NO
NO
91518928
91518928
91518928
NO
NO
757222291
279786841
965609280
NO
510428038
NO
735786384
403092439
403092439
NO
842567872
735786384
NO
371633974
NO
NO
NO
643079285
NO
NO
NO
NO
NO
NO
597044542
254969
NO
NO
NO
NO
48815446
NO
459887383
26537266
26537266
NO
NO
NO
269375353
376521420
376521420
38495977
NO
197074551
NO
NO
NO
NO
684818979
NO
215661056
NO
NO
281986471
85753619
85753619
NO
NO
160229359
NO
601426322
NO
NO
NO
NO
NO
914100497
NO
544055629
NO
244486789
244486789
NO
784375111
241637283
750876396
NO
NO
NO
241637283
71831863
NO
913250838
NO
NO
359250014
NO
NO
NO
NO
NO
NO
NO
NO
NO
NO
NO
NO
726490253
NO
NO
651212196
NO
651212196
651212196
NO
437477133
NO
505953624
NO
NO
895533032
NO
NO
627246034
NO
627246034
812420419
NO
679371467
NO
455726806
730090103
730090103
NO
147017317
NO
243070154
243070154
234599280
308152485
NO
544991079
544991079
40335825
NO
84447275
NO
491698957
789878252
NO
NO
331478665
NO
483617253
NO
NO
NO
NO
NO
836253594
125709952
125709952
NO
483898249
NO
NO
163781601
163781601
NO
891119032
488867753
NO
NO
834643394
833060991
728841199
NO
NO
987769090
NO
NO
NO
NO
168709575
449420152
NO
224417070
NO
605806138
NO
NO
819572584
NO
NO
63530081
NO
NO
NO
975532273
975532273
NO
53018591
NO
NO
NO
143826851
NO
294501341
NO
NO
294501341
NO
294501341
729134267
729134267
NO
NO
255361404
255361404
NO
NO
NO
322372435
NO
NO
NO
NO
310744756
310744756
NO
471167518
237399163
237399163
NO
192824815
NO
338037975
393905005
393905005
897845894
NO
378837118
NO
896915688
413703352
NO
NO
420540809
NO
NO
731692022
NO
622535779
NO
NO
810981140
761239881
573373013
802824716
802824716
NO
NO
421236586
NO
NO
421236586
974495970
634903717
NO
NO
665854255
NO
NO
NO
334232253
334232253
NO
NO
NO
151498986
415090406
NO
NO
415090406
415090406
415090406
NO
164909536
NO
152048291
910420133
910420133
NO
910420133
910420133
975833007
NO
NO
20345754
NO
NO
20345754
941116709
164302215
164302215
NO
NO
55423451
55423451
NO
NO
984504086
NO
NO
NO
12091607
12091607
NO
NO
112120532
112120532
112120532
8781413
NO
NO
217930695
210968427
990093472
NO
990093472
NO
NO
NO
NO
272975877
NO
NO
424581194
NO
622229218
NO
633743346
633743346
NO
633743346
506857880
506857880
875485220
328214615
931334198
NO
NO
864362019
NO
NO
631429905
NO
933440674
691449656
NO
NO
NO
858058141
NO
999183242
NO
488562615
NO
NO
NO
487910151
NO
NO
682314186
NO
682314186
70327851
70327851
NO
771530065
771530065
344033454
344033454
344033454
313580760
35568183
351238310
NO
NO
792587549
792587549
NO
NO
859187855
279630949
641281138
NO
721600223
NO
273223810
273223810
NO
NO
NO
97041597
NO
97041597
NO
729612216
869044947
854391589
854391589
195131537
NO
NO
NO
230647605
230647605
31031982
994951175
288497071
NO
NO
515165526
NO
515165526
515165526
NO
245184423
955120326
156947897
80225318
119381298
119381298
NO
676429748
NO
NO
NO
NO
NO
NO
379805603
NO
246750946
425396214
950981476
NO
NO
475062379
NO
NO
NO
589731023
589731023
NO
NO
238384993
NO
988785744
42492678
476602895
476602895
578924654
NO
246423979
948689651
NO
NO
948689651
NO
764606941
478767862
NO
NO
478767862
NO
396260747
NO
284075568
843222478
843222478
NO
NO
NO
NO
255449194
NO
NO
973212215
986967690
NO
461724955
362488651
665556210
665556210
80614166
90649537
696921485
NO
NO
NO
642940763
838260284
715665784
NO
NO
715665784
366348477
192868686
192868686
NO
NO
NO
355652957
378108587
571606748
571606748
571606748
NO
571606748
571606748
366124522
82054893
366124522
NO
NO
NO
NO
802751064
976595812
683781365
908746652
NO
NO
437119659
942842708
942842708
NO
NO
NO
942842708
NO
220561712
220561712
774822285
705810537
NO
NO
188673728
752293041
945649961
NO
NO
NO
989984336
106692136
106692136
998491248
463276096
897323950
897323950
NO
NO
292397627
254573422
70017812
NO
70017812
NO
NO
NO
NO
NO
NO
44554487
44554487
692115817
NO
NO
692115817
NO
692115817
21403521
21403521
21403521
645037805
645037805
NO
NO
NO
NO
791638279
284344412
973318844
467367319
NO
222122816
222122816
222122816
NO
NO
NO
856071759
NO
NO
26748315
745963212
NO
181022426
NO
848056750
2360492
2360492
NO
NO
761346303
NO
NO
NO
718376014
13124895
NO
NO
NO
262753296
262753296
262753296
87304087
265864783
244612746
826828266
904904319
701948892
701948892
NO
NO
NO
555928585
555928585
555928585
220180388
NO
41943176
NO
NO
NO
NO
NO
411792620
597429576
888740178
NO
NO
744899400
953316603
NO
953316603
953316603
NO
NO
NO
669692415
669692415
NO
202722531
603649967
603649967
NO
