19349
34957
60644
92666
52706
31186
47239
61837
64090
40542
11943
28585
57311
86751
90893
82116
20793
112458
71540
57930
87981
95445
60007
50761
56065
54933
134097
49534
21381
45290
22977
82831
76277
56053
36076
117642
79912
81948
5494
46858
82320
62213
87435
91334
32315
124607
97046
76469
69031
29009
74240
62784
70868
4102
95948
30507
112166
110556
120276
78475
85295
37087
85018
67785
48838
98958
22261
85989
71914
87205
116497
55112
60671
51423
134838
97846
63140
63567
88878
45600
96473
48482
101432
101126
44451
54229
127717
116473
