-743862596
-743862596
-500481566
-500481566
-821668419
-696253881
-696253881
-637592665
-637592665
-637592665
-637592665
-757528942
-757528942
-757528942
-637592665
-578910568
-557212815
-515651411
-515651411
-515651411
-515651411
-518979251
-589760748
-724812361
-992193929
-992193929
-992193929
-992193929
-958507285
-917284957
-675513693
-657149271
-657149271
-657149271
-589760748
-532023198
-532023198
-532023198
-460780917
-456071913
-456071913
-995321351
-424705557
-424705557
-408641533
-754341265
-512188831
-502130250
-502130250
-502130250
-502130250
-401121072
-920804809
-920804809
-353128384
-925850868
-740244856
-740244856
-688301002
-640985205
-640985205
-836435818
-851118938
-824121245
-720366408
-720366408
-841157760
-836074580
-614311177
-614311177
-614311177
-614311177
-614311177
-614311177
-614311177
-614311177
-614311177
-614311177
-593126707
-580704648
-664990251
-578873761
-693995856
-578873761
-948591879
-948591879
-938261480
-455296455
-578000848
-451528867
-425280707
-423573238
-518326350
-518326350
-518326350
-488525272
-488525272
-446688090
-775906066
-579807053
-644458880
-644458880
-446688090
-446688090
-401790486
-401790486
-985779710
-985779710
-985779710
-985779710
-951899092
-881350829
-881350829
-881350829
-704102308
-931638508
-884358781
-750752522
-750752522
-750752522
-750752522
-750752522
-704021155
-704021155
-677745243
-623707759
-455342675
-731448389
-731448389
-731448389
-731448389
-731448389
-731448389
-689610698
-686442575
-686442575
-551188870
-819162213
-819162213
-819162213
-819162213
-714910866
-512324316
-512324316
-998246682
-998246682
-998246682
-933844308
-894622823
-664235441
-664235441
-664235441
-664235441
-536101238
-536101238
-536101238
-750366777
-536101238
-512324316
-854408906
-724653056
-868110484
-643737469
-643737469
-643737469
-643737469
-604615044
-604615044
-604615044
-603092404
-603092404
-603092404
-603092404
-948614092
-948614092
-616670100
-861947813
-861947813
-632403145
-632403145
-495711800
-852375011
-428084574
-706777081
-558455781
-558455781
-558455781
-558455781
-558455781
-958887134
-958887134
-958887134
-958887134
-958887134
-747829433
-560386118
-560386118
-560386118
-674818452
-890989372
-890989372
-882732126
-847553106
-588876752
-472433598
-421405819
-852209290
-790877603
-979310834
-979310834
-979310834
-814357729
-814357729
-814357729
-814357729
-814357729
-848707404
-829055408
-812899047
-714844710
-897786275
-897786275
-916562526
-916562526
-682830680
-682830680
-682830680
-682830680
-696278150
-696278150
-696278150
-998167446
-646297971
-646297971
-646297971
-646297971
-636570130
-684159474
-684159474
-684159474
-684159474
-603349764
-603349764
-697090580
-697090580
-644173426
-644173426
-595297412
-595297412
-595297412
-644838790
-639923874
-926890709
-595297412
-747602167
-747602167
-675613001
-585892049
-570314064
-828301247
-828301247
-713353513
-827766913
-989523965
-989523965
-989523965
-992994022
-925028056
-965981801
-897929940
-860852043
-860852043
-860852043
-860852043
-860852043
-860852043
-713249672
-707592905
-706705383
-668641988
-668641988
-620571851
-620571851
-599067691
-539117817
-539117817
-539117817
-539117817
-539117817
-501758125
-966351428
-966351428
-966351428
-966351428
-599422688
-599422688
-501758125
-474194052
-922448005
-922448005
-610087666
-610087666
-610087666
-610087666
-610087666
-472298494
-752394720
-752394720
-752394720
-472298494
-917187853
-570592110
-462852741
-462852741
-844871846
-844871846
-844871846
-844871846
-844871846
-984286797
-843927638
-802129268
-610225413
-618182186
-843160413
-966725701
-966725701
-966725701
-843160413
-843160413
-924485267
-924485267
-832125724
-737015365
-800800562
-737015365
-737015365
-618971468
-791483609
-791483609
-791483609
-774198390
-774198390
-774198390
-714470895
-714470895
-714470895
-805423149
-805423149
-929008299
-897409008
-897409008
-897409008
-866520563
-866520563
-779756230
-714470895
-641238253
-916227252
-936451014
-936451014
-936451014
-921667434
-921667434
-921667434
-921667434
-921667434
-965066488
-895185020
-895185020
-888162497
-987290272
-871353614
-845347036
-845347036
-845347036
-845347036
-845347036
-798964450
-951508800
-951508800
-951508800
-951508800
-951508800
-972107149
-972107149
-972107149
-852655053
-742875402
-742875402
-742875402
-742875402
-717520197
-742381749
-742381749
-759281794
-742381749
-742381749
-742381749
-742381749
-677053596
-670388509
-641481380
-641481380
-641481380
-955769695
-641481380
-709931219
-899272616
-709931219
-709931219
-641481380
-952042362
-952042362
-849897606
-908560591
-799971571
-785149779
-752837281
-752837281
-752837281
-752837281
-995873134
-995873134
-752837281
-669007436
-973145335
-981130146
-816847873
-679298702
-679298702
-641481380
-906091053
-626770141
-875048788
-853728889
-817353600
-817353600
-817353600
-817353600
-817353600
-736946596
-736946596
-736946596
-620324255
-930588727
-930588727
-620324255
-629709124
-620324255
-788060959
-620324255
-620324255
-846499857
-846499857
-620324255
-895445321
-895445321
-895445321
-895445321
-840608690
-618971468
-618971468
-618971468
-618971468
-901240846
-603182603
-905419221
-772643582
-772643582
-698265233
-788014510
-654870379
-654870379
-654870379
-654870379
-596534965
-807401354
-892076157
-786505386
-786505386
-992840232
-992840232
-992840232
-992840232
-992840232
-593750193
-634839661
-952315223
-952315223
-839674676
-839674676
-839674676
-798082194
-798082194
-798082194
-824547232
-909770412
-593750193
-584247608
-584184780
-584184780
-584184780
-584184780
-631634794
-592056225
-592056225
-592056225
-584184780
-571768828
-568292235
-862555042
-862555042
-862555042
-755511220
-583855169
-588567143
-588567143
-561116544
-535241334
-746555886
-746555886
-966279096
-870547880
-933857711
-770494799
-770494799
-746555886
-746555886
-739226788
-739226788
-688035372
-809249722
-809249722
-809249722
-809249722
-961442150
-825942458
-825942458
-646578060
-646578060
-974487733
-849401669
-849401669
-698858603
-635249739
-606858690
-606858690
-606858690
-606858690
-606858690
-599080517
-599080517
-728029348
-974967411
-974967411
-674125866
-599080517
-599080517
-599080517
-599080517
-599080517
-599080517
-959855298
-959855298
-959855298
-959855298
-959855298
-959855298
-959855298
-959855298
-959855298
-775252932
-938197098
-775252932
-775252932
-775252932
-775252932
-596061351
-583748155
-937105663
-525249331
-525249331
-590584778
-525249331
-525249331
-520464280
-520464280
-608808267
-550828643
-520450077
-918839070
-918839070
-918839070
-918839070
-803986514
-947535396
-947535396
-947535396
-947535396
-947535396
-947535396
-947535396
-947535396
-593297162
-791982904
-736180869
-736180869
-736180869
-736180869
-736180869
-736180869
-855042183
-562957398
-562957398
-638826737
-562957398
-823945041
-951485553
-789875520
-789875520
-823332532
-836751482
-836751482
-836751482
-719898445
-719898445
-688915716
-688915716
-657632937
-960466472
-960466472
-983838733
-958013460
-893174655
-893174655
-893174655
-815842556
-741626872
-741626872
-741626872
-741626872
-925876379
-925876379
-697636906
-671948408
-684471081
-588510073
-538569117
-538569117
-538569117
-538569117
-888781975
-888781975
-888781975
-888781975
-697407530
-598718237
-590728050
