789418469
-818938139
264190184
264190184
-974573772
-974573772
-650579712
-650579712
-650579712
-874035114
-874035114
-815807563
-930316267
-930316267
-815807563
-815807563
-815807563
-815807563
-686093780
-709896826
-926469583
-926469583
-565572532
-565572532
-505560705
-654573160
-486179497
-925365587
-884411701
-179780559
-179780559
-730427379
-909019040
-909019040
-323519141
-604973374
-782424165
-782424165
-895144614
-895144614
-834432797
-927323693
-927323693
-782424165
-782424165
-782424165
-809379587
-809379587
-809379587
-809379587
-809379587
-878100929
-878100929
-878100929
-721988895
-709068397
-812325209
-733594685
-649449469
-954575574
-869838205
-869838205
-869838205
-817623730
-817623730
-707287731
-941175829
-875970582
-635667656
-590626681
-590626681
-589303203
-589303203
-831548477
-831548477
-858186744
-816256657
-794598769
-794598769
-872655048
-872655048
-872655048
-998391785
-998391785
-923888556
-923888556
-923888556
-923888556
-923888556
-899210164
-989668504
-989668504
-989668504
-989668504
-733668379
-995419010
-995419010
-635593706
-977196541
-851701499
-851701499
-851701499
-851701499
-931408262
-782386219
-782386219
-782386219
-782386219
-782386219
-589303203
-517098262
-517098262
-517098262
-560492053
-868191457
-634490162
-634490162
-539998350
-523504238
-523504238
-500101001
-499471684
-499471684
-637027627
-637027627
-637027627
-695149795
-789472700
-789472700
-789472700
-610065176
-422273820
-417791337
-417791337
-417791337
-873446893
-999135843
-999135843
-999135843
-855910940
-654853287
-471494746
-779848968
-779848968
-779848968
-523850285
-523850285
-523850285
-523850285
-588958181
-946005638
-946005638
-988049060
-988049060
-858278169
-788789212
-788789212
-508245447
-508245447
-508245447
-508245447
-436908774
-436908774
-633157990
-633157990
-383820797
-557822064
-379928138
-376299361
-660836940
-365900021
-861070256
-812010357
-780277623
-870501991
-870501991
-780277623
-780277623
-714627587
-714627587
-714627587
-714627587
-714627587
-538088368
-481552321
-538614829
-446146528
-446146528
-426306927
-415297630
-932071058
-932071058
-921008799
-921008799
-856671127
-856671127
-797180363
-797180363
-813166005
-554979102
-502046979
-502046979
-700780795
-700780795
-558671245
-726155949
-835246641
-835246641
-767975707
-967099179
-967099179
-967099179
-967099179
-967099179
-875184191
-677057080
-833300530
-677057080
-621367388
-494882009
-641040495
-507590405
-507590405
-689285449
-689285449
-689285449
-689285449
-940557371
-938602654
-597634672
-597634672
-597634672
-732214246
-771311249
-962326137
-962326137
-771311249
-732214246
-653700851
-653700851
-597634672
-621182348
-728089225
-902228833
-796191435
-507590405
-880811957
-780390788
-990644216
-990644216
-990644216
-990644216
-990644216
-990644216
-596339427
-932820315
-932820315
-932820315
-932820315
-932820315
-932820315
-852652104
-988993802
-988993802
-988993802
-938694536
-867970579
-787958581
-805884891
-767837445
-767837445
-729166930
-729166930
-673274480
-939778945
-918437880
-918437880
-774909394
-673274480
-673274480
-673274480
-673274480
-673274480
-673274480
-615845712
-615845712
-615845712
-615845712
-614451245
-610961379
-610961379
-596339427
-950237145
-730051949
-730051949
-730051949
-730051949
-883404299
-980916860
-980916860
-959248304
-959248304
-959248304
-985294677
-839714223
-839714223
-787249691
-787249691
-787249691
-736541615
-734660692
-875572621
-955049534
-955049534
-891219726
-891219726
-891219726
-891219726
-816559776
-816559776
-816559776
-816559776
-734660692
-734051628
-737466522
-986505021
-986505021
-986505021
-900580977
-692769097
-799943450
-689957571
-985411060
-985411060
-894144618
-689957571
-654389879
-654389879
-606768350
-967049660
-967049660
-726904067
-726904067
-604519117
-919245119
-919245119
-919245119
-910325429
-882950627
-960517081
-980442580
-865848857
-865848857
-865848857
-865848857
-857563791
-857563791
-857563791
-843087421
-889330354
-768911500
-690593092
-690593092
-986301618
-760583723
-674660897
-674660897
-664143662
-604519117
-903809238
-960999532
-951731551
-951731551
-951731551
-951731551
-950574197
-950574197
-965374108
-965374108
-965374108
-965374108
-919520537
-914391226
-914391226
-914391226
-914391226
-914391226
-914391226
-914391226
-856723914
-856723914
-850750693
-850750693
-832047715
-832047715
-832047715
-832047715
-946837895
-906509886
-787262452
-787262452
-787262452
-775815378
-775815378
-772404185
-734793867
-734793867
-734793867
-734793867
-645433871
-613319151
-609395387
-833220632
-833220632
-833220632
-921000596
-833220632
-609395387
-585953052
-585953052
-585417737
-584842295
-584842295
-870098591
-570034408
-570034408
-842363371
-842363371
-637322964
-637322964
-637322964
-831621765
-831621765
-831621765
-831621765
-895506707
-738747062
-620606210
-620606210
-620606210
-620606210
-567902710
-567902710
-878730829
-878730829
-878730829
-640816805
-937494624
-909240194
-562019450
-977909569
-936552928
-936552928
-861592276
-861592276
-861592276
-703381977
-635621557
-562019450
-651240829
-651240829
-777305842
-777305842
-953313802
-862175417
-862175417
-862175417
-716864172
-886285111
-716864172
-716864172
-831562994
-831562994
-665741439
-823420578
-823420578
-823420578
-823420578
-665741439
-665741439
-665741439
-595578481
-832859226
-832859226
-832859226
-832859226
-832859226
-794117003
-687484121
-566277621
-566277621
-977660505
-977660505
-977660505
-977660505
-977660505
-937588654
-937588654
-937588654
-740065209
-740065209
-715667258
-623279574
-815916760
-815916760
-552778190
-996961968
-836666039
-836666039
-836666039
-836666039
-647701972
-552778190
-552778190
-549586933
-860147201
-860147201
-736181417
-560840012
-920131414
-544576160
-544576160
-544576160
-543984626
-543984626
-543984626
-543984626
-919030674
-720913275
-841986831
-841986831
-841986831
-841986831
-948631664
-540012455
-937484082
-937484082
-959225683
-743351919
-947010103
-753848893
-760877575
-713809964
-713809964
-713809964
-684459017
-568592876
-568592876
-568592876
-540012455
-940752204
-532762732
-532762732
-532595817
-595341254
-595341254
-595341254
-550482867
-550482867
-978664876
-837181361
-837181361
-837181361
-837181361
-837181361
-690262155
-690262155
-690262155
-960146415
-621110210
-621110210
-621110210
-720044077
-720044077
-720044077
-720044077
-720044077
-892195391
-892195391
-570431528
-748418962
-748418962
-748418962
-748418962
-656950463
-791948654
-836367326
-836367326
-942828758
-942828758
-942828758
-942828758
-965663575
-965663575
-965663575
-871666589
-871666589
-816579883
-816579883
-791948654
-679076433
-879554244
-879554244
-900843921
-900843921
-900843921
-900843921
-860970151
-860970151
-860970151
-836140702
-836140702
-836140702
-763482601
-763482601
-656950463
-656950463
-656950463
-656950463
-964063403
-635501590
-599029252
-599029252
-586199979
-586199979
-572301027
-571044791
-599068423
-797368248
-599068423
-590585158
-569267252
-569267252
-739174406
-906473971
-906473971
-874975501
-744123831
-692911396
-692911396
-637901541
-637901541
-637901541
-637901541
-637901541
-637901541
-550482867
-549978758
-549978758
-653429737
-653429737
-653429737
-904057082
-528553575
-528553575
-528553575
-853695790
-853695790
-909861115
-909861115
-853695790
-749998942
-874846989
-682592265
-682592265
-817764619
-830362652
-681360912
-667641562
-655666993
-639978520
-639978520
-835144059
-676213522
-676213522
-639978520
-639978520
-639978520
-638748600
-973673239
-973673239
-973673239
-973673239
-976318495
-843423354
-843423354
-638748600
-638748600
-711639500
-675192660
-675192660
-642256322
-642256322
-642256322
-818595327
-958436938
-958436938
-958436938
-904331763
-882900639
-882900639
-882900639
-882900639
-872857998
-872857998
-872857998
-872857998
-872857998
-802030709
-924582953
-802030709
-716183592
-716183592
-716183592
-971012408
-971012408
-971012408
-971012408
-948461220
-948461220
-716088216
-716088216
-716088216
-716088216
-677013314
-718089322
-677013314
-677013314
-642256322
-632869384
-630617396
-630617396
-624530695
-591775174
-591775174
-687283952
-588579296
-976732313
-588579296
-928203938
-563307746
-563307746
-563307746
-563307746
-759328092
-819801142
-819801142
-997889913
-997889913
-989585422
-989585422
-989585422
-989585422
-981683169
-981683169
-809684590
-798656937
-795699541
-759328092
-759328092
-759328092
-759328092
-713061548
-713061548
-996875548
-616544107
-616544107
-608305173
-578692401
-563307746
-957853175
-790638420
-546347665
-670771514
-670771514
-543987287
-523051332
-523051332
-910341845
-910341845
-520065145
-517922949
-624636707
-514362932
-514362932
-513695708
-513695708
-513695708
-513695708
-512893616
-512582603
-511506054
-511506054
-508111590
-899737048
-899737048
-998073340
-899737048
-675854888
-877453209
-877453209
-877453209
-877453209
-877453209
-827255915
-827255915
-779808357
-779808357
-712490916
-704642059
-659496944
-924912067
-924912067
-632840453
-719439184
-908554103
-614968417
-614968417
-614968417
-614968417
-607842961
-607842961
-637720660
-607842961
-607842961
-607842961
-628153413
-607842961
-747150798
-615377959
-607842961
-607842961
-713976978
-607842961
-607842961
-607842961
-607842961
-636531428
-636531428
-650227143
-650227143
-607842961
-576385326
-630168122
-562366153
-542278728
-542278728
-542278728
-542278728
-531731173
-760609351
-760609351
-531731173
-706497167
-697214233
-516811957
-516811957
-515408526
-963688338
-721460463
-721460463
-721460463
-722565026
-722565026
-722565026
-926664376
-922165655
-922165655
-965924733
-861058429
-861058429
-861058429
-925222359
-790827203
-767360940
-767360940
-733813630
-733813630
-733813630
-733813630
-861509969
-861509969
-861509969
-861509969
-861509969
-861509969
-861509969
-733718242
-733718242
-733718242
-731430905
-731430905
-731430905
-731430905
-723085088
-723085088
-723085088
-723085088
-723085088
-723085088
-722565026
-702906229
-677482461
-677482461
-677482461
-655730074
-655730074
-655730074
-655730074
-655730074
-655730074
-655730074
-653557842
-653557842
-762862073
-788403260
-788403260
-788403260
-941153093
-911164085
-911164085
-911164085
-906250710
-754238973
-754238973
-939740342
-939740342
-939740342
-725583343
-718627000
-718627000
-664928554
-664928554
-664928554
-664928554
-981109090
-981109090
-669010235
-890466757
-890466757
-890466757
-890466757
-890466757
-890466757
-960332792
-960332792
-908987597
-908987597
-908987597
-908987597
-892950712
-904814793
-892950712
-892950712
-835259444
-799743998
-799743998
-799743998
-799883920
-711807920
-736629963
-832715968
-832715968
-649774288
-625596004
-915993405
-915993405
-915993405
-915993405
-621716067
-621716067
-742252626
-742252626
-742252626
-742252626
-742252626
-757445962
-757445962
-757445962
-757445962
-742252626
-934065345
-935070604
-935070604
-935070604
-851608520
-615525705
-615525705
-609658877
-609658877
-601627979
-601627979
-598014225
-699399742
-593885676
-592533975
-592533975
-592469704
-592469704
-592469704
-592469704
-592469704
-592469704
-592469704
-592469704
-592469704
-835746305
-835746305
-896286161
-878831056
-729784291
-862230227
-968489923
-742758484
-742758484
-662666558
-982862628
-982862628
-982862628
-982862628
-982862628
-982862628
-982862628
-636589331
-555045738
-753121940
-626329420
-566541815
-869130677
-566541815
-563796605
-563796605
-545029200
-541969673
-541969673
-539461861
-531267406
-895018263
-895018263
-895018263
-531267406
-531267406
-628388632
-510770573
-510770573
-510770573
-862117676
-510770573
-845372618
-845372618
-845372618
-879379938
-845814298
-653024457
-653024457
-653024457
-509941729
-509941729
-543994560
-509525119
-508111590
-508111590
-508111590
-718823624
-939847893
-869850620
-778442582
-508111590
-615945166
-615945166
-615945166
-909880597
-741501890
-741501890
-741501890
-741501890
-741501890
-741501890
-741501890
-741501890
-802757558
-802757558
-802757558
-802757558
-741501890
-857702059
-634539030
-614128311
-499787165
-608166682
-987114988
-987114988
-862628334
-850772800
-850772800
-850772800
-978778587
-978778587
-978778587
-800366596
-800366596
-977304126
-977304126
-977304126
-977304126
-721838151
-721838151
-633694235
-686030423
-881314061
-686030423
-686030423
-998114625
-998114625
-875450892
-875450892
-721539960
-972713250
-972713250
-762783909
-601235158
-601235158
-794353468
-566220931
-566220931
-977970210
-977970210
-989686856
-921038781
-906583971
-566220931
-764911936
-984466610
-986705154
-831589538
-831589538
-831589538
-793890832
-793890832
-793890832
-793890832
-690658633
-521728526
-958732475
-958732475
-958732475
-506580990
-506580990
-595589766
-949961181
-645404213
-593480492
-593480492
-500242454
-581749150
-581749150
-581749150
-581749150
-562086118
-892099707
-497778681
-786103368
-575024402
-575024402
-653680969
-653680969
-758146976
-913949858
-913949858
-913949858
-913949858
-758146976
-653680969
-653680969
-653680969
-653680969
-653680969
-865030644
-865030644
-865030644
-865030644
-998272560
-998272560
-865030644
-888606857
-653680969
-653680969
-564601635
-556245281
-934525081
-682307109
-682307109
-943561353
-943561353
-897760482
-729903910
-718583430
-718583430
-718583430
-599349607
-951344601
-951344601
-951344601
-943785368
-943785368
-854268632
-854268632
-845307503
-909426892
-744767961
-744767961
-744767961
-627712141
-617403156
-543769109
-507579867
-504011136
-925108291
-884231714
-884231714
-884231714
-876300299
-876300299
-942422217
-942422217
-942422217
-942422217
-802915198
-636722022
-636722022
-887539227
-887539227
-697765562
-697765562
-697420457
-741326399
-854942908
-915730003
-854942908
-854942908
-854942908
-854942908
-922041535
-922041535
-922041535
-922041535
-899348377
-899348377
-943696085
-943696085
-854942908
-854942908
-824803018
-824803018
-824803018
-824803018
-821026530
-697420457
-690220671
-690220671
-690220671
-876642336
-876642336
-714684255
-714684255
-708917417
-859161911
-859161911
-859161911
-954196454
-708917417
-975906741
-975906741
-845963815
-690220671
-713504049
-712434910
-712434910
-712434910
-758073216
-683676331
-947470716
-974846564
-660356019
-660356019
-644848896
-895571280
-979259180
-826199237
-826199237
-982462288
-991997247
-991997247
-991997247
-991997247
-982462288
-977194952
-977194952
-995178453
-974099845
-974099845
-974099845
-999377372
-973359160
-973359160
-985311433
-985311433
-985311433
-985311433
-985311433
-985311433
-985311433
-985311433
-979688990
-979688990
-969520474
-969520474
-969520474
-969520474
-919550641
-886881576
-886881576
-840000748
-840000748
-837330660
-910541100
-837330660
-837330660
-837330660
-837330660
-849430707
-849430707
-828281964
-828281964
-813594649
-990691830
-830197357
-862281399
-798332427
-798332427
-753319661
-812590020
-753319661
-753319661
-753319661
-753319661
-753319661
-753319661
-757446303
-747401358
-737408688
-737408688
-737408688
-737408688
-718807088
-718807088
-718807088
-908747147
-718770157
-982898166
-919438365
-775173052
-725239423
-725239423
-698574068
-957766787
-955493110
-934398719
-890138728
-890138728
-890138728
-997556600
-734691844
-734691844
-698633752
-769438405
-698574068
-765561424
-697340244
-697340244
-697340244
-697340244
-697340244
-899212648
-899212648
-770517819
-744102864
-694449691
-681633172
-664690647
-663169584
-679034202
-820397599
-967324078
-657581419
-641223463
-701791179
-968795065
-940597328
-636999421
-636999421
-636999421
-636999421
-633439754
-633439754
-621731458
-822604769
-816640073
-937405589
-937405589
-966566721
-937405589
-937098529
-883810620
-883810620
-883810620
-883810620
-883810620
-883810620
-851849461
-980124138
-730346653
-663057737
-663057737
-663057737
-638546470
-615017096
-615017096
-615017096
-615017096
-620411567
-613308284
-976700617
-832039788
-832039788
-939879523
-939879523
-939879523
-865884551
-865884551
-832251161
-788790353
-757884398
-757884398
-757884398
-757884398
-709029476
-753873025
-836274637
-641658901
-641658901
-611340090
-752580275
-752580275
-739649671
-721154981
-955404819
-987948048
-987948048
-987948048
-987948048
-778874957
-704002294
-922211823
-922211823
-922211823
-923736563
-903820054
-972125350
-972125350
-972125350
-972125350
-972125350
-972125350
-972125350
-912479373
-912479373
-903820054
-881589313
-881589313
-947824384
-704002294
-755376423
-755376423
-755376423
-755376423
-894244022
-894244022
-700092985
-666039513
-819246944
-819246944
-991447084
-947527265
-819246944
-662923702
-950201481
-950201481
-950201481
-950201481
-950201481
-950201481
-950201481
-967175712
-950201481
-922374002
-922374002
-922374002
-922374002
-882735245
-785224379
-785224379
-744841120
-801822054
-801822054
-801822054
-787997566
-744841120
-929137628
-929137628
-929137628
-866071740
-641378431
-641378431
-641378431
-641378431
-641378431
-608874568
-827787879
-973063261
-973063261
-608874568
-606711289
-739304108
-739304108
-599920149
-598456058
-597411795
-968860707
-597411795
-593446666
-586351058
-586351058
-586351058
-586351058
-891899239
-578173849
-576443792
-574456827
-778778440
-568791981
-590388869
-590388869
-568791981
-568791981
-567299903
-998569111
-932375945
-932375945
-932375945
-624771659
-624771659
-624771659
-684070070
-565115000
-565115000
-992331429
-992331429
-575758233
-685053188
-556060865
-970196359
-970196359
-798770273
-556060865
-817859722
-556060865
-583053406
-583053406
-566568769
-566568769
-552469964
-552205519
-552205519
-859089266
-859089266
-552205519
-552162149
-940888597
-756924928
-756924928
-797700277
-797700277
-756924928
-672464460
-598208526
-598208526
-598208526
-692945052
-598208526
-569844009
-569844009
-645845543
-645845543
-977151504
-977151504
-569844009
-541613736
-784688853
-977713397
-900950286
-900950286
-900950286
-541613736
-541613736
-537905555
-537905555
-535429132
-535429132
-532957795
-530460644
-530460644
-530460644
-634284910
-530460644
-972137215
-972137215
-559686005
-530286281
-530286281
-982278800
-529181401
-529102294
-528921092
-970288178
-719778851
-528487969
-528487969
-528487969
-788562520
-976886589
-976886589
-662808010
-662808010
-522126528
-514977502
-896913831
-896913831
-896913831
-896913831
-896444220
-896444220
-739816445
-814909217
-562975920
-514556025
-514556025
-513879944
-783700984
-783700984
-606398124
-513132500
-716492919
-508934973
-508934973
-902703088
-780538202
-508934973
-508934973
-938571421
-938571421
-938571421
-942058859
-507755635
-979875509
-902473556
-902473556
-734447586
-734447586
-734447586
-734447586
-718263283
-718263283
-710609589
-729692156
-729692156
-840531476
-729692156
-831947308
-773280900
-729692156
-695119212
-948561718
-948561718
-948561718
-963646174
-963646174
-948561718
-948561718
-948561718
-948561718
-898697699
-898697699
-898697699
-898697699
-742975166
-742975166
-742975166
-695119212
-695119212
-689295670
-664202840
-664202840
-612534429
-579720020
-975463129
-570168700
-570168700
-508913646
-507755635
-767792731
-506942999
-506942999
-682352229
-506706177
-506706177
-927567271
-506706177
-979044180
-979044180
-979044180
-979044180
-979044180
-857224157
-857224157
-954570196
-761844209
-761844209
-505510168
-504011136
-504011136
-713241661
-504011136
-504011136
-504011136
-907566624
-754774258
-754774258
-980858942
-837376219
-837376219
-837376219
-837376219
-837376219
-559364173
-559364173
-910245452
-910245452
-988669668
-988669668
-988669668
-988669668
-906662931
-906662931
-833533490
-915196716
-833533490
-833533490
-830761547
-967809419
-807165444
-954068926
-954068926
-954068926
-954068926
-900613308
-825502717
-825502717
-825502717
-804056327
-804056327
-719730102
-682184847
-990824777
-682184847
-920259616
-920259616
-910665021
-936502326
-936502326
-936502326
-936502326
-854031017
-843471933
-817125514
-721046505
-999729110
-721046505
-682184847
-682184847
-677570269
-677570269
-613968359
-608215131
-608215131
-788458535
-788458535
-987531566
-788458535
-727972538
-727972538
-727972538
-727972538
-942839030
-942839030
-942839030
-779027244
-779027244
-727972538
-727972538
-605518890
-605518890
-605518890
-605518890
-900837745
-900837745
-812065075
-812065075
-782466547
-782466547
-782466547
-605518890
-605518890
-933731884
-854893295
-712371339
-603380548
-603380548
-783451096
-921559136
-783451096
-734876479
-734876479
-734876479
-734876479
-734876479
-719801623
-611741509
-679724058
-657804713
-657804713
-604991410
-604991410
-603759944
-579977620
-579977620
-579977620
-579977620
-950434210
-861625074
-861625074
-658863659
-658863659
-658863659
-846416922
-769838635
-844060728
-844060728
-660714623
-660714623
-572030316
-941608706
-941608706
-941608706
-941608706
-778396780
-778396780
-778396780
-938198004
-822553531
-822553531
-757349966
-657292474
-559364173
-558961509
-862452181
-862452181
-718891183
-718891183
-558661623
-836952922
-836952922
-836952922
-982803380
-982803380
-558661623
-558599577
-550802509
-549142168
-549142168
-594842790
-543421366
-598818668
-758294365
-758294365
-598818668
-598818668
-598818668
-883170248
-883170248
-992963076
-812619612
-812619612
-884664093
-884664093
-983047259
-721698965
-742944190
-742944190
-660379759
-660379759
-660379759
-660379759
-750537197
-750537197
-750537197
-750537197
-630695262
-630695262
-630695262
-733762037
-733762037
-598818668
-598818668
-598818668
-543421366
-639397123
-619632074
-619632074
-619632074
-775138768
-619632074
-528987122
-528987122
-659067384
-585215823
-585215823
-585215823
-585215823
-585215823
-585215823
-585215823
-585215823
-585215823
-775589515
-502567755
-502567755
-501249466
-665438651
-566662382
-501249466
-948204157
-948204157
-501039931
-501039931
-692308496
-692308496
-499321953
-499321953
-832800033
-832800033
-812119745
-859690176
-811842657
-811842657
-811842657
-657488536
-657488536
-657488536
-657488536
-706039798
-814035503
-678796554
-965201359
-833229911
-833229911
-678796554
-654902648
-538083804
-499321953
-498070260
-567417213
-567417213
-857117125
-857117125
-646131602
-992897090
-951440640
-951440640
-930572954
-934060288
-816612701
-709439819
-859924298
-934843553
-934843553
-934843553
-632410152
-810140945
-758647616
-497778681
-559015042
-495814241
-494292332
-494292332
-943852537
-943852537
-628330417
-628330417
-798898532
-798898532
-798898532
-762218862
-522452936
-658018184
-769902174
-769902174
-769902174
-769902174
-769902174
-769902174
-769902174
-658018184
-643513340
-643513340
-662219144
-844301887
-844301887
-844301887
-889754920
-510945068
-510945068
-984795459
-492211077
-941675669
-941675669
-490337997
-489514154
-794456969
-794456969
-794456969
-794456969
-794456969
-703224096
-499684749
-499684749
-499684749
-499684749
-914711991
-949776091
-914711991
-508142545
-508142545
-596695210
-937920773
-734302633
-734302633
-784400015
-778413552
-710259388
-672168322
-883706906
-562951833
-818394509
-818394509
-832814714
-634245595
-508142545
-508142545
-651822516
-674328059
-985938421
-919474827
-919474827
-919474827
-919474827
-919474827
-919474827
-814625726
-814625726
-814625726
-814625726
-651822516
-651822516
-901028764
-681706454
-681706454
-651822516
-962488061
-651822516
-637684511
-858604848
-858604848
-603100588
-603100588
-525802393
-741699968
-741699968
-953427595
-489465674
-489289028
-866243850
-730680262
-730680262
-730680262
-489289028
-489289028
-652565014
-652565014
-652565014
-577301539
-974210473
-489289028
-488214060
-967246475
-967246475
-526205979
-799516722
-526205979
-986047345
-968003063
-968003063
-968003063
-968003063
-903175845
-903175845
-903175845
-587750974
-545627001
-641093148
-641093148
-641093148
-641093148
-998326799
-853583213
-500252533
-484908250
-819744128
-601143332
-583027105
-583027105
-583027105
-583027105
-583027105
-583027105
-583027105
-722260978
-484908250
-483696294
-483696294
-483696294
-751735464
-482065580
-480648653
-480648653
-996776947
-996776947
-996776947
-572810917
-692148201
-692148201
-511171213
-511171213
-648076110
-648076110
-480648653
-480648653
-480648653
-820605077
-869668442
-987047377
-869668442
-960305576
-960305576
-847064651
-792744214
-925828293
-925828293
-925828293
-925828293
-732115147
-724687363
-997400402
-997400402
-997400402
-997400402
-724687363
-794736921
-794736921
-724687363
-724687363
-809940478
-724687363
-605661730
-666656168
-605661730
-605661730
-575716787
-521450232
-811965762
-817657933
-811965762
-940742846
-731118334
-973781416
-973781416
-731118334
-731118334
-639854843
-631671337
-631671337
-791523587
-967510363
-791523587
-631671337
-631671337
-631671337
-631671337
-990986153
-990986153
-990986153
-990986153
-990986153
-990986153
-990986153
-907618011
-775529908
-829390743
-758385329
-758385329
-758385329
-758385329
-813397228
-662708781
-662708781
-651478508
-649419634
-611213958
-589394947
-583519208
-578799419
-578799419
-575885293
-575885293
-575885293
-674841439
-574127049
-971489242
-693825439
-693825439
-693825439
-625682025
-625682025
-574127049
-574127049
-862034321
-862034321
-574127049
-604469456
-604469456
-604469456
-562907984
-562907984
-562907984
-562907984
-691982834
-552973031
-533880325
-533880325
-532074816
-532074816
-532074816
-690589807
-909416851
-909416851
-909416851
-909416851
-909416851
-909416851
-906643791
-906643791
-906643791
-632074653
-632074653
-955348134
-955348134
-955348134
-955348134
-913752617
-931756902
-759960394
-759960394
-930693024
-930693024
-930693024
-930693024
-930693024
-930693024
-930693024
-806227057
-759960394
-790302405
-759960394
-753782550
-973009569
-973009569
-753782550
-753782550
-753782550
-753782550
-753782550
-874075679
-973207139
-753782550
-980988713
-980988713
-741866313
-738616827
-738616827
-712205887
-669762323
-669762323
-636130270
-622954853
-963028261
-617120471
-994738781
-878270975
-842857268
-842857268
-842857268
-794130526
-794130526
-951795478
-940593731
-940593731
-790298014
-766928107
-766928107
-987064672
-686374580
-635239973
-635239973
-789502973
-829659042
-872969604
-823655832
-823655832
-986179013
-959451807
-928701347
-789502973
-789502973
-997310508
-997310508
-752846146
-699149782
-656094473
-637665475
-617512632
-617512632
-617512632
-617512632
-729342339
-729342339
-612871321
-586865856
-845553130
-588680481
-588680481
-702193138
-702193138
-702193138
-702193138
-702193138
-654478389
-641494415
-904996992
-904996992
-904996992
-904996992
-904996992
-866458312
-586865856
-574417848
-573194100
-573194100
-537776591
-714192425
-752657974
-752657974
-752657974
-825196305
-745548705
-613433920
-613433920
-537776591
-524953818
-519169937
-966987696
-945922843
-896397572
-896397572
-896397572
-896397572
-751533826
-751533826
-726312088
-726312088
-726312088
-726312088
-819426316
-819426316
-819426316
-819426316
-895051981
-722967306
-974744058
-974744058
-830208215
-830208215
-723698741
-723698741
-908461116
-734880555
-734880555
-734880555
-723698741
-887467261
-855669366
-855669366
-723698741
-721282480
-715320462
-905072957
-859418991
-859418991
-859418991
-740032629
-710999683
-765706229
-704578575
-704578575
-704578575
-704578575
-704578575
-647003218
-647003218
-927791559
-927791559
-645333698
-645333698
-645333698
-645333698
-643319195
-641385456
-611529565
-867689702
-611529565
-609437564
-604997839
-946865508
-956309197
-946865508
-946865508
-787464228
-894250911
-848590240
-848590240
-848590240
-848590240
-787464228
-768943716
-768943716
-768943716
-759811927
-722830229
-722830229
-631128719
-631128719
-631128719
-631128719
-631128719
-944978567
-944978567
-758816951
-758816951
-878979456
-758816951
-696470552
-696470552
-855407523
-674828758
-808408885
-944173174
-944173174
-803357863
-758303099
-949363060
-635599373
-761997164
-906982992
-845979441
-845979441
-845979441
-845979441
-631128719
-631128719
-965546038
-965546038
-965546038
-965546038
-886233088
-623522265
-623522265
-623522265
-668367213
-668367213
-611433683
-611433683
-611433683
-955895848
-955895848
-682063218
-957091108
-957091108
-828142738
-828142738
-615090540
-611433683
-611433683
-611433683
-610976626
-604997839
-617857222
-833642275
-833642275
-842986307
-820017882
-849256547
-849256547
-820017882
-617857222
-617857222
-617857222
-870141030
-983719396
-614273415
-614273415
-614273415
-614273415
-814480981
-814480981
-872661282
-872661282
-938562178
-933560466
-933560466
-962908635
-962908635
-933560466
-814480981
-814480981
-814480981
-764013922
-969216935
-682266250
-784788008
-797259890
-797259890
-797259890
-797259890
-784788008
-729318624
-682266250
-888006962
-952516486
-952516486
-852404972
-825801311
-970002050
-869093896
-747847142
-705387916
-682266250
-682266250
-682266250
-682266250
-661531072
-661531072
-661531072
-783497959
-783497959
-783497959
-652619309
-822022338
-887572951
-887572951
-758618515
-938668639
-938668639
-790418370
-998313545
-790418370
-693589158
-846368776
-652619309
-910088773
-869998017
-758544652
-994284490
-771646418
-758544652
-758544652
-758544652
-910014533
-734710885
-659428108
-890254062
-890254062
-659428108
-990952128
-990952128
-990952128
-932959055
-890385686
-890385686
-890385686
-890385686
-890385686
-890385686
-779797369
-772747159
-762337040
-762337040
-762337040
-752873825
-665918379
-665918379
-665918379
-665918379
-794191299
-827245372
-923204300
-923204300
-647539189
-647539189
-824754388
-824754388
-647539189
-642290501
-642290501
-642290501
-642290501
-642177822
-642177822
-642177822
-642177822
-642177822
-642177822
-632126355
-632126355
-632126355
-622283650
-622283650
-622283650
-747989953
-619867245
-745407112
-745407112
-614273415
-612214742
-753378859
-914934161
-824244344
-824244344
-924852309
-924852309
-924852309
-924852309
-924852309
-924852309
-824244344
-781282960
-774379542
-774379542
-745399144
-745399144
-954625462
-954625462
-966714530
-902808276
-902808276
-781899060
-821578489
-876611945
-876611945
-876611945
-876611945
-850295007
-850295007
-915469943
-915469943
-749104597
-734374068
-726964545
-726964545
-723476262
-699115291
-927766238
-753262212
-753262212
-811278981
-757923999
-753262212
-937192686
-689856804
-686024734
-651195730
-871673720
-871673720
-722952456
-623833121
-605040390
-605040390
-605040390
-657497476
-657497476
-667785690
-667785690
-667785690
-667785690
-602667781
-967692053
-967692053
-884254944
-698311130
-703648413
-703648413
-698311130
-698311130
-886172051
-886172051
-886172051
-886172051
-851722070
-851722070
-861343411
-820910887
-820910887
-770269568
-682915706
-785408173
-785408173
-890034187
-890034187
-890034187
-890034187
-914219895
-914219895
-914219895
-914219895
-914219895
-890034187
-843919855
-785408173
-927393350
-814546951
-778360931
-769590716
-796558011
-754483604
-618217862
-602667781
-881541143
-881541143
-881541143
-881541143
-830495973
-830495973
-830495973
-601687826
-601687826
-601687826
-844643221
-844643221
-824384405
-824384405
-820772204
-850336909
-743378509
-743378509
-648459639
-648459639
-648459639
-648459639
-874002519
-901478732
-808343316
-808343316
-790899081
-790899081
-790899081
-790899081
-765423206
-765423206
-745677626
-745677626
-648459639
-674082254
-674082254
-932356289
-648459639
-635854511
-629464661
-601687826
-842112707
-842112707
-887173935
-887173935
-794351843
-794351843
-794351843
-676390241
-787623456
-851878979
-851878979
-851878979
-851878979
-963316440
-851878979
-851878979
-787623456
-787623456
-784233894
-784233894
-924054566
-924054566
-908671651
-908671651
-908671651
-908671651
-908671651
-908671651
-951284990
-784233894
-784233894
-981754698
-862336186
-862336186
-739983021
-635242776
-635242776
-597348381
-929818677
-929818677
-929818677
-929818677
-929818677
-929818677
-775195268
-783347683
-783347683
-783347683
-616489105
-597348381
-664246168
-664246168
-638146166
-638146166
-678484337
-995833415
-995833415
-995833415
-995833415
-995833415
-970799240
-939294973
-939294973
-904736333
-904736333
-904736333
-968157557
-788505623
-788505623
-668280437
-668280437
-968418115
-852167520
-852167520
-852167520
-852167520
-814819087
-595170217
-921407770
-833730576
-591972893
-591972893
-588832373
-588832373
-586546511
-586546511
-993735097
-993735097
-802197519
-591186796
-591186796
-591186796
-591186796
-591186796
-823995535
-823995535
-736022673
-939983236
-669187281
-738905117
-922370946
-908759257
-717267241
-974974058
-717267241
-665759032
-610307022
-610307022
-584536677
-583490882
-909783834
-909783834
-909783834
-580152984
-580152984
-590745378
-877301074
-636886809
-636886809
-636886809
-590745378
-590745378
-810918103
-739824862
-739824862
-769888860
-739824862
-739824862
-590745378
-576384517
-989985065
-989985065
-989985065
-966161495
-966161495
-991428488
-991428488
-966161495
-966161495
-871602499
-871602499
-957107633
-957107633
-957107633
-795306795
-579889427
-575863936
-575863936
-575863936
-570107430
-857555691
-688253514
-688253514
-568655228
-568655228
-564752692
-564752692
-971118023
-971118023
-951054498
-951054498
-931586308
-931586308
-931586308
-583338520
-583338520
-583338520
-572873904
-572873904
-897414353
-897414353
-897414353
-897414353
-897414353
-701905903
-569257798
-564752692
-564349479
-559721711
-559721711
-714353872
-557516112
-666063928
-787702733
-557516112
-557346307
-557346307
-845677445
-766585176
-807578233
-918191702
-918191702
-560442526
-560442526
-777648905
-777648905
-909052983
-909052983
-909052983
-909052983
-909052983
-897709854
-897709854
-897709854
-897709854
-759054916
-759054916
-626293382
-864787169
-562296816
-552199622
-552199622
-551879061
-550906895
-985948107
-967385790
-894125571
-781090025
-781090025
-781090025
-781090025
-781090025
-667077965
-667077965
-814508735
-988271821
-909972447
-909972447
-667077965
-667077965
-659348654
-964172950
-957619173
-957619173
-549582755
-549582755
-548835212
-546880544
-921980426
-902604810
-902604810
-544747125
-914032094
-914032094
-540750152
-540325009
-538926436
-971896508
-971896508
-538926436
-538926436
-538926436
-538926436
-888776528
-677460970
-677460970
-545283407
-538926436
-538355678
-538355678
-536716534
-536716534
-536716534
-536716534
-535364512
-534239985
-530419277
-942703815
-942703815
-995367947
-678269778
-530419277
-530419277
-530419277
-589793476
-861226122
-861226122
-861226122
-861226122
-861226122
-913383987
-861226122
-861226122
-834045785
-929159927
-635895684
-691089947
-691089947
-635895684
-864417703
-864417703
-822306366
-631223643
-973187338
-973187338
-973187338
-574507391
-566126351
-566126351
-529885177
-529885177
-712924133
-712924133
-528852847
-528852847
-527747253
-665695000
-527008133
-527008133
-527008133
-527008133
-526623434
-891131913
-891131913
-891131913
-891131913
-525768126
-524857603
-524857603
-524023268
-522900086
-519904960
-731784397
-851183607
-851183607
-858831504
-808896573
-701110430
-668801548
-668801548
-668801548
-668801548
-668801548
-668801548
-668801548
-705486405
-705486405
-664574488
-890922246
-890922246
-890922246
-798505482
-798505482
-798505482
-730393415
-598636981
-598636981
-566937319
-566937319
-868870414
-616756558
-797004395
-757408156
-757408156
-956082652
-953785677
-953785677
-953785677
-731474359
-771335426
-771335426
-598091766
-598091766
-704813860
-910620188
-910620188
-695358680
-695358680
-695358680
-695358680
-695358680
-695358680
-695358680
-589456395
-579734639
-927676912
-982197712
-849839059
-849839059
-567640435
-566937319
-696900101
-566937319
-554996389
-555509189
-520727610
-781935255
-904687544
-606268532
-606268532
-606268532
-606268532
-548601328
-516824066
-813473968
-748657899
-748657899
-540171788
-871275188
-871275188
-865491663
-865491663
-853308327
-853308327
-853308327
-853308327
-953477613
-953477613
-924879014
-931326176
-931326176
-931326176
-931326176
-924879014
-924879014
-853308327
-611706687
-556989191
-556989191
-793489195
-556989191
-540171788
-894728578
-637529203
-944423444
-847539768
-847539768
-516906568
-516697265
-516697265
-515311098
-513557884
-513557884
-960366709
-825834795
-513980497
-513980497
-513557884
-513557884
-622990945
-607051728
-607051728
-607051728
-607051728
-881703724
-607051728
-607051728
-607051728
-607051728
-511223417
-511065942
-509899268
-509899268
-509562256
-509562256
-580775527
-509562256
-507187502
-506380932
-683337324
-506380932
-506380932
-504639898
-889870614
-889870614
-889870614
-889870614
-880147845
-880147845
-880147845
-880147845
-855293850
-855293850
-838109248
-820870242
-820870242
-779381221
-779381221
-779381221
-580909323
-791486093
-580909323
-580909323
-580909323
-598754124
-637605548
-649387694
-649387694
-580909323
-529567408
-529567408
-529567408
-727038007
-727038007
-758248968
-758248968
-758248968
-758248968
-758248968
-763377849
-763377849
-889042137
-889042137
-889042137
-860181153
-860181153
-860181153
-860181153
-860181153
-850802578
-877916196
-850802578
-758248968
-710936888
-710936888
-947477715
-651398463
-637741559
-829383245
-721086875
-721086875
-721086875
-721086875
-721086875
-610546693
-920715734
-929101547
-687196845
-687196845
-687196845
-687196845
-687196845
-610546693
-756951580
-756951580
-756951580
-610546693
-610546693
-610546693
-580092471
-547771556
-528502039
-672668883
-672668883
-532536849
-528502039
-528502039
-525969219
-525969219
-525969219
-903481741
-903481741
-903481741
-903481741
-826624640
-929749673
-823979043
-823979043
-736417672
-729458604
-729042501
-672965165
-672965165
-672965165
-672965165
-672965165
-672965165
-976271878
-976271878
-543507177
-636869662
-636869662
-895888557
-943342207
-943342207
-760978326
-916221618
-647604417
-647604417
-647604417
-993494727
-903717960
-803044218
-803044218
-896999540
-664023619
-766227217
-766227217
-766227217
-766227217
-766227217
-742720108
-820774869
-820774869
-820774869
-820774869
-820774869
-820774869
-820774869
-820774869
-920211907
-920211907
-813041387
-963372567
-761712432
-711130843
-711130843
-711130843
-711130843
-711130843
-686683434
-790323353
-732696809
-854728947
-854728947
-854728947
-664023619
-664023619
-702563836
-664023619
-664023619
-646045589
-646045589
-989987492
-989987492
-989987492
-989987492
-881526590
-881526590
-881526590
-881526590
-709593450
-653037600
-603577163
-597011959
-755791048
-755791048
-955423020
-772366095
-772366095
-772366095
-772366095
-896040105
-759382117
-759382117
-759382117
-755791048
-755791048
-755791048
-755791048
-755791048
-803417496
-805652305
-805652305
-805652305
-805652305
-981545643
-981545643
-996765479
-981545643
-921160155
-771664175
-755791048
-711105601
-711105601
-729681905
-924524918
-684448265
-860168020
-684448265
-813589690
-813589690
-977370190
-856630686
-856630686
-856630686
-856630686
-847961211
-975934361
-975934361
-722913875
-979381617
-979381617
-844358638
-844358638
-844358638
-844358638
-844358638
-859015311
-957788940
-995470930
-664257372
-841284403
-841284403
-841284403
-650211545
-650211545
-646499882
-643023701
-643023701
-643023701
-905959605
-857281630
-836498496
-836498496
-836498496
-836498496
-810732821
-810732821
-638909897
-983314873
-634950738
-634950738
-894800946
-894800946
-615565352
-611986381
-611986381
-611986381
-611986381
-831454488
-831454488
-831454488
-831454488
-741781882
-741781882
-741781882
-827520404
-793429790
-888666447
-888666447
-888666447
-668664100
-631749604
-631749604
-631749604
-611986381
-607136980
-607136980
-607136980
-607136980
-607136980
-902087810
-969551189
-738555740
-918878017
-918878017
-605023964
-605023964
-890301100
-678581144
-678581144
-897830805
-785216788
-785216788
-579965577
-579965577
-813662499
-813662499
-577008452
-577008452
-577008452
-577008452
-537287716
-542505453
-542505453
-537287716
-537287716
-797400090
-745942457
-745942457
-745942457
-560463440
-916430489
-654359118
-560463440
-535343434
-834052371
-834052371
-535343434
-819842433
-680679157
-872167355
-872167355
-872167355
-872167355
-804254642
-813825466
-813825466
-675872337
-720788730
-670483100
-626583476
-627714671
-627714671
-627714671
-705016222
-837366908
-555907411
-810083238
-957459592
-957459592
-807680401
-807680401
-533288453
-533288453
-887974446
-704431252
-704431252
-525969219
-523991638
-523991638
-603923332
-603923332
-603923332
-988508663
-523991638
-923900759
-923900759
-737184133
-795625391
-737184133
-523991638
-523414010
-523414010
-780251309
-780251309
-780251309
-780251309
-910295596
-910295596
-956695722
-956695722
-956695722
-644080507
-880267821
-953033476
-961039061
-961039061
-978418597
-978418597
-978418597
-961039061
-961039061
-906505067
-819784977
-717880568
-618153357
-617481822
-617481822
-617481822
-617481822
-741920490
-930668480
-741920490
-973342347
-552820314
-846771640
-519221527
-752158073
-873769929
-752260894
-752260894
-752158073
-752158073
-752158073
-752158073
-587333348
-587333348
-536262056
-802387969
-988127364
-988127364
-988127364
-773049979
-773049979
-568711566
-672773719
-790929262
-983032002
-983032002
-983032002
-983032002
-568711566
-568711566
-517895576
-516077719
-516077719
-515969557
-949873467
-514698850
-595498144
-595498144
-595498144
-514698850
-514698850
-885287163
-885287163
-508734035
-518489229
-518489229
-617202064
-842901995
-506752798
-986391816
-986391816
-936326370
-936326370
-719519340
-719519340
-719519340
-763338914
-631548393
-811714337
-811714337
-811714337
-811714337
-811714337
-780448762
-543573842
-510859605
-942521957
-965905588
-990502238
-859603882
-859603882
-766356257
-766356257
-766356257
-673788710
-673788710
-673788710
-963488506
-963488506
-963488506
-963488506
-963488506
-673788710
-750303011
-590465228
-951303774
-959445751
-959445751
-959445751
-758751399
-857704391
-896881890
-833436119
-833436119
-649696932
-561261537
-561261537
-561261537
-561261537
-946485442
-946485442
-858253139
-858253139
-735037616
-820866237
-820866237
-820866237
-880385557
-880385557
-820866237
-820866237
-634441243
-634441243
-528900711
-987636146
-987636146
-987636146
-987636146
-987636146
-987636146
-987636146
-987636146
-966673945
-640539185
-734673656
-734673656
-734673656
-734673656
-675120780
-675120780
-528900711
-528900711
-798738474
-512783201
-512783201
-868140492
-827836910
-827836910
-724602878
-724602878
-724602878
-507280517
-912526453
-912526453
-912526453
-632649869
-504141208
-504141208
-503603035
-503603035
-503603035
-546575449
-503603035
-513035230
-513035230
-859936619
-859936619
-859936619
-502079574
-565647581
-806999605
-806999605
-806999605
-590064207
-566059323
-707699796
-707699796
-613410413
-957270657
-957270657
-957270657
-957270657
-957270657
-810591535
-810591535
-613410413
-757304423
-757304423
-757304423
-757304423
-613410413
-613410413
-748769025
-898092870
-748769025
-748769025
-599149843
-599149843
-535100919
-502009759
-502009759
-579888964
-579888964
-579888964
-579888964
-611262491
-611262491
-827058526
-620899485
-620899485
-620899485
-953234107
-783699016
-783699016
-674547880
-940330020
-940330020
-940330020
-940330020
-940330020
-940330020
-940330020
-940330020
-920799067
-733759124
-661442822
-661442822
-879514287
-661442822
-830829152
-830829152
-661442822
-579888964
-785784445
-785784445
-785784445
-785784445
-785784445
-715420239
-715420239
-679792415
-655556737
-655556737
-756047182
-502009759
-502009759
-611129821
-611129821
-611129821
-523954361
-523954361
-888493446
-888493446
-888493446
-998412148
-888493446
-888493446
-888493446
-888493446
-667225287
-712050072
-712050072
-613536979
-585352312
-585352312
-585352312
-525997502
-502009759
-502009759
-501435730
-499869835
-499469098
-499469098
-499469098
-496970024
-880014452
-880014452
-495917479
-903742606
-903742606
-903742606
-676448547
-494909301
-959336609
-494789716
-494789716
-494789716
-687552498
-963377728
-963377728
-687552498
-880093434
-870232015
-973574250
-943582200
-755766324
-920439609
-687552498
-687552498
-635126648
-608431533
-617628935
-617628935
-617628935
-981979106
-981979106
-981979106
-606088827
-506831641
-506831641
-506831641
-893283906
-658031136
-825573159
-584764142
-584764142
-584764142
-584764142
-499595559
-499595559
-499595559
-499595559
-499595559
-740359360
-582860077
-582860077
-582860077
-505578383
-505578383
-505578383
-494789716
-494789716
-494789716
-708195251
-494781050
-494781050
-494781050
-494781050
-494781050
-494781050
-804870033
-518963684
-518963684
-518963684
-518963684
-518963684
-493937583
-493937583
-493523919
-851110050
-492649181
-519676570
-856650259
-491767348
-489532512
-489532512
-770669507
-770669507
-488861521
-931748333
-931748333
-931748333
-931748333
-737955081
-737955081
-906716641
-737955081
-737955081
-831509824
-831509824
-703776433
-587836239
-776930458
-776930458
-794028838
-794028838
-794028838
-889647412
-819613218
-819613218
-857984438
-576944880
-506213283
-488861521
-488861521
-817877040
-817877040
-864312607
-864312607
-994616353
-994616353
-994616353
-864312607
-799507224
-995883773
-961704692
-961704692
-961704692
-909725978
-896809906
-896809906
-798993626
-799994627
-853042297
-700885068
-700885068
-837345203
-837345203
-837345203
-781563711
-681094351
-752232532
-752232532
-752232532
-752232532
-681094351
-681094351
-629430754
-629430754
-751949870
-751949870
-751949870
-769597717
-970709878
-970709878
-970709878
-889179730
-889179730
-889179730
-889179730
-889179730
-769597717
-706546463
-667907294
-667907294
-865895100
-865895100
-865895100
-859765833
-859765833
-813021343
-842864777
-842864777
-860635400
-761390524
-667907294
-907227390
-657783434
-642134617
-596114816
-971285826
-833198018
-941568993
-941568993
-941568993
-968831437
-599560144
-808159386
-590830814
-574418645
-572711969
-566378019
-517879939
-517879939
-835483104
-919866333
-690819834
-731086921
-731086921
-669483555
-669483555
-669483555
-669483555
-520426181
-801558951
-808444671
-801558951
-801558951
-801558951
-801558951
-801558951
-801558951
-870722280
-664127497
-629664514
-619541458
-612653208
-612653208
-612653208
-612653208
-612653208
-586675437
-586675437
-586675437
-632660688
-772059529
-951478104
-772059529
-525552556
-525552556
-525552556
-512849315
-512849315
-512849315
-512849315
-681078628
-681078628
-681078628
-881074517
-853583822
-840498899
-840498899
-943648147
-943648147
-943648147
-943648147
-943648147
-900648844
-900648844
-900648844
-669182164
-655615009
-949020546
-655615009
-655615009
-960690983
-732541665
-936408348
-936408348
-936408348
-991008478
-986227835
-986227835
-872368288
-826240705
-826240705
-826240705
-799586379
-984559781
-984559781
-841464000
-841464000
-841464000
-841464000
-968805534
-732541665
-712364377
-700134487
-942191808
-942191808
-942191808
-789420036
-789420036
-875372405
-875372405
-665167665
-665167665
-819609977
-786726955
-665167665
-665167665
-665167665
-665167665
-665167665
-962086635
-657981627
-657981627
-656326624
-656326624
-655058846
-713133558
-655058846
-815306941
-655058846
-655058846
-655058846
-901141705
-901141705
-901141705
-732567227
-732567227
-732567227
-705830457
-705830457
-705830457
-642288405
-642288405
-642288405
-926944172
-897119275
-637641667
-637641667
-807016820
-807016820
-708817164
-993785283
-638534984
-638534984
-638534984
-769205165
-769205165
-617372849
-617372849
-617372849
-617372849
-716322787
-641351595
-608188088
-896883244
-896883244
-928786657
-603973758
-690298056
-916178785
-600160365
-600160365
-908913289
-596780435
-574775750
-770088106
-815377290
-815377290
-568117355
-845390865
-845390865
-885506342
-845390865
-537186037
-537186037
-953308432
-650085137
-789827235
-614078017
-699870238
-614078017
-885688945
-885688945
-980040955
-776940559
-776940559
-776940559
-776940559
-941233653
-881541350
-776940559
-726860640
-726860640
-996167727
-726860640
-724630838
-754567523
-724630838
-724630838
-885295349
-885295349
-944559409
-861465859
-859283996
-848100271
-848100271
-973242436
-973242436
-813391164
-804721974
-786673429
-786673429
-786673429
-932265199
-971194222
-971194222
-769797124
-769797124
-739507325
-739507325
-733120812
-707717078
-797604629
-797604629
-797604629
-797604629
-760218358
-760218358
-763433268
-701876730
-696808247
-696808247
-977050117
-977050117
-977050117
-977050117
-856571767
-856571767
-856571767
-975813747
-991345270
-883571810
-883571810
-699474092
-688610240
-688610240
-938857244
-675140856
-675140856
-910568940
-664485583
-664485583
-664485583
-664485583
-661940971
-907443400
-653921573
-653921573
-641753964
-627085624
-627085624
-621977973
-619335252
-599611150
-588764129
-588764129
-588764129
-956789322
-915956151
-915956151
-977906727
-980011796
-896611206
-840935564
-906772140
-906772140
-906772140
-843487519
-821625969
-605880531
-598096600
-954300595
-641680986
-641680986
-558262343
-558262343
-590734245
-940408223
-940408223
-940408223
-940408223
-940408223
-940408223
-940408223
-660595533
-791789133
-660595533
-889591225
-746899994
-890879190
-746899994
-746899994
-982281303
-649276401
-649276401
-597527113
-597527113
-597527113
-597527113
-593872954
-750553591
-887590023
-887590023
-795760842
-886508529
-886508529
-593578824
-590734245
-551829692
-551402901
-559370760
-559370760
-559370760
-559370760
-718741357
-977373370
-546979883
-562000539
-931021814
-931021814
-882740414
-540597435
-683637350
-683637350
-683637350
-537186037
-970162798
-970162798
-970162798
-726503637
-842917067
-842917067
-842917067
-842917067
-842917067
-842917067
-842917067
-900420615
-726503637
-812769999
-840351392
-840351392
-716152246
-716152246
-716152246
-716152246
-662763437
-657637094
-657637094
-561247788
-561247788
-883581068
-883581068
-883581068
-883581068
-883581068
-883581068
-883581068
-883581068
-883581068
-904407412
-782382800
-703461988
-650560721
-856109868
-805565712
-936237163
-935536290
-935536290
-805565712
-650560721
-650560721
-644568161
-644568161
-909325341
-909325341
-644568161
-644568161
-779362827
-779362827
-622612365
-619442515
-581224916
-581224916
-581224916
-581224916
-962982154
-581224916
-569380158
-562185968
-816539161
-816539161
-562185968
-561532009
-548842923
-548842923
-987718994
-987718994
-987718994
-987718994
-679030397
-679030397
-679030397
-679030397
-556960849
-556960849
-778676052
-778676052
-619610926
-924054456
-556960849
-643646388
-951884979
-951884979
-563448636
-563448636
-542102063
-542102063
-911148320
-687030026
-629627352
-542102063
-530377021
-528604014
-844720710
-844720710
-519025578
-519025578
-732697573
-732697573
-519025578
-519025578
-519025578
-566224690
-754658778
-901281914
-901281914
-901281914
-986123924
-986123924
-781580443
-781580443
-867081503
-867081503
-867081503
-867081503
-904039461
-904039461
-867081503
-867081503
-867081503
-867081503
-867081503
-852516492
-754658778
-937841955
-632846260
-764674303
-618190651
-997050373
-997050373
-912124293
-678624638
-618190651
-605510508
-603803198
-525009998
-525009998
-719836472
-992601858
-562388074
-562388074
-904587417
-904587417
-904587417
-904587417
-904587417
-904587417
-904587417
-904587417
-878962621
-818603797
-818603797
-818603797
-764566307
-562388074
-920227514
-562388074
-570211838
-562388074
-699396171
-549251893
-514560358
-514560358
-513517392
-513517392
-513517392
-510557231
-673485911
-673485911
-673485911
-673485911
-798227535
-798227535
-795960297
-757534883
-757534883
-542029079
-542029079
-513366421
-513366421
-510262835
-585947956
-585947956
-694901993
-694901993
-694901993
-790266796
-836226930
-968960245
-968960245
-836226930
-836226930
-836226930
-910356528
-910356528
-910356528
-900021073
-900021073
-888544350
-836226930
-790266796
-757310105
-722225421
-865979622
-640447187
-607018590
-764245659
-764245659
-589513192
-910537715
-587701227
-957709624
-957709624
-872921943
-872921943
-872921943
-872921943
-977575559
-745371106
-745371106
-745371106
-745371106
-736898453
-576306548
-576306548
-658528649
-650096884
-856184790
-974590732
-974590732
-974590732
-750269607
-750269607
-997331036
-770739491
-858667864
-588315547
-990212519
-990212519
-850335597
-794552812
-698268378
-698268378
-545163615
-545163615
-543506631
-900841109
-900841109
-535317864
-535317864
-535317864
-535317864
-535317864
-523287757
-720713348
-511181375
-504912761
-504912761
-579129089
-579129089
-504912761
-504912761
-899529054
-503081904
-502666213
-502666213
-500200182
-500200182
-590681370
-590681370
-789318892
-789318892
-745002119
-658517623
-641517282
-975815973
-975815973
-975815973
-975815973
-975815973
-975815973
-975815973
-842119215
-842119215
-842119215
-842119215
-842119215
-842119215
-842119215
-842119215
-842119215
-842119215
-842119215
-842119215
-842119215
-842119215
-690255864
-833495427
-936431846
-936431846
-690255864
-641517282
-537346235
-519169490
-991376950
-991376950
-901938767
-901938767
-901938767
-901938767
-901938767
-797694202
-797694202
-791218760
-791218760
-721999222
-557093363
-500200182
-976948624
-976948624
-851532492
-851532492
-851532492
-851532492
-818155003
-905500680
-814936007
-814936007
-814936007
-530262386
-639664133
-994245684
-994245684
-543039697
-498657632
-496114269
-496114269
-495870439
-492124313
-969712082
-780092397
-780092397
-780092397
-780092397
-780092397
-780092397
-861771361
-834733726
-834733726
-834733726
-625097133
-604029077
-882716504
-882716504
-882716504
-882716504
-604029077
-604029077
-604029077
-604029077
-603467543
-530222478
-962129490
-553363236
-553363236
-530222478
-530222478
-530222478
-723684823
-530222478
-530222478
-963436228
-963436228
-963436228
-963436228
-963436228
-963436228
-989604174
-989604174
-989604174
-989604174
-763222521
-763222521
-711054341
-563661967
-530222478
-530222478
-514661198
-514661198
-857889236
-857889236
-857889236
-714320237
-897079269
-897079269
-514661198
-514661198
-514661198
-858666813
-504877957
-504877957
-504877957
-606307094
-502456110
-492124313
-492038700
-660015292
-660015292
-642995632
-985355408
-985355408
-986494646
-738151406
-738151406
-853214328
-853214328
-877214657
-877214657
-877214657
-877214657
-853214328
-853214328
-853214328
-849172842
-942316661
-942316661
-795495903
-961790998
-746916113
-881916823
-881916823
-691233274
-691233274
-691233274
-691200265
-691200265
-652558390
-809895235
-956378333
-956378333
-956378333
-894395916
-894395916
-774523440
-981749587
-981749587
-981749587
-981749587
-981749587
-981749587
-774523440
-667842044
-652558390
-864058017
-943561797
-771089012
-978795185
-806821103
-806821103
-628549345
-721081368
-721081368
-721081368
-726897946
-721081368
-784462192
-721081368
-628549345
-931162412
-621371293
-619558954
-619558954
-619558954
-614028114
-873638438
-584365527
-584365527
-584365527
-993685363
-662320783
-662320783
-662320783
-896032479
-886282392
-886282392
-845960447
-845960447
-817628438
-817628438
-817628438
-713507539
-713507539
-713507539
-662320783
-584365527
-708012415
-902541665
-653715495
-584365527
-629915071
-629915071
-629915071
-584365527
-683227149
-973177176
-973177176
-894041465
-732689549
-682549272
-576407479
-574050162
-574050162
-562238449
-555658819
-555658819
-628910103
-864128359
-932828424
-932828424
-533108214
-533108214
-533108214
-533108214
-734048502
-520027094
-955494579
-628067990
-913708558
-913708558
-913708558
-913708558
-913708558
-913708558
-705208531
-705208531
-705208531
-488999807
-963228994
-690229013
-690229013
-488631589
-488631589
-751253546
-751253546
-751253546
-751253546
-753508018
-753508018
-747808628
-732178670
-946805628
-946805628
-822683033
-747772269
-747772269
-747772269
-744875191
-744875191
-732178670
-982472835
-732178670
-732178670
-732178670
-624039172
-658108211
-658108211
-521704879
-513430600
-826386065
-826386065
-800208179
-800208179
-488067202
-994572371
-904360352
-558699353
-558699353
-487481481
-487481481
-487481481
-487481481
-487481481
-917188724
-703677703
-615263839
-615263839
-711147866
-911456700
-911456700
-803889427
-790068338
-622995430
-599209930
-599209930
-599209930
-599209930
-599209930
-854308966
-854308966
-854308966
-836128366
-728023694
-728023694
-728023694
-821229270
-821229270
-821229270
-758526382
-609596798
-936010755
-936010755
-929100544
-929100544
-883084103
-880720493
-880720493
-874647374
-808443558
-724451455
-665843160
-665843160
-665843160
-944075209
-929417672
-929417672
-929417672
-929417672
-929417672
-986399637
-986399637
-929417672
-929417672
-894586444
-894586444
-894586444
-894586444
-923785581
-908943588
-859775623
-859775623
-802238189
-802238189
-776520314
-790642134
-838974714
-873892148
-838974714
-776520314
-776520314
-776520314
-776520314
-776520314
-759424058
-752569942
-752569942
-752569942
-752569942
-743792285
-723952200
-718501162
-718501162
-694399941
-694399941
-694399941
-675853607
-759970154
-787563710
-759970154
-759970154
-830541017
-940017627
-940017627
-759970154
-646655204
-791530062
-639651880
-757115375
-773603035
-773603035
-773603035
-638026082
-638026082
-622659244
-938452211
-621825338
-606800251
-606800251
-606800251
-593537485
-578105735
-735571631
-748381184
-715729602
-995181454
-557766733
-601060224
-546726188
-546505470
-960364644
-960364644
-960364644
-935998610
-533687358
-527090787
-524261432
-515278769
-936542307
-502806166
-502806166
-987855623
-928349460
-928349460
-928349460
-644146675
-487481481
-750899526
-750899526
-750899526
-487440267
-487440267
-762160403
-762160403
-940775505
-940775505
-565655241
-487440267
-487440267
-486803201
-486803201
-485033518
-484316788
-483488689
-672723933
-672723933
-479690337
-478622182
-477795382
-922588273
-490944334
-490944334
-490944334
-490944334
-769553027
-490944334
-490944334
-477261221
-476664851
-915334222
-915334222
-915334222
-915334222
-915334222
-840058344
-840058344
-840058344
-538109716
-538109716
-538109716
-538109716
-818391356
-931113343
-931113343
-931113343
-813787507
-813787507
-813787507
-924115913
-924115913
-794006430
-857472719
-785053110
-806314266
-740555552
-713169520
-713169520
-653761391
-981822059
-981822059
-631265781
-527478061
-527478061
-527478061
-527478061
-527478061
-527478061
-765158701
-667667087
-527478061
-527478061
-690380278
-525725080
-525725080
-525725080
-525725080
-525725080
-524354548
-524354548
-524354548
-522936249
-522936249
-522936249
-522936249
-914176320
-840797936
-840797936
-819807299
-819807299
-511853454
-510240096
-510240096
-486300714
-838364202
-841179321
-659589097
-643089991
-856658713
-856658713
-856658713
-643089991
-846046163
-846046163
-846046163
-846046163
-846046163
-846046163
-738052379
-738052379
-705744973
-691199118
-806828626
-806828626
-806828626
-735899414
-674172292
-966329870
-787172217
-831856845
-831856845
-831856845
-831856845
-831856845
-625869803
-846370601
-999153003
-999153003
-999153003
-846370601
-619960166
-615657262
-615657262
-591930224
-700912304
-626151293
-626151293
-605223042
-605223042
-605223042
-810649670
-571138952
-563106383
-563106383
-563106383
-563106383
-771682795
-771682795
-612570509
-612570509
-612570509
-612570509
-953019454
-953019454
-590625799
-590625799
-626489290
-626489290
-551829503
-551829503
-551829503
-551829503
-948011696
-948011696
-797742575
-922783496
-922783496
-922783496
-903481379
-858346760
-657381394
-657381394
-845597929
-985902899
-845597929
-845597929
-800110979
-800110979
-800110979
-747447051
-630081377
-810010437
-810010437
-810010437
-810010437
-624730481
-624329171
-624329171
-624329171
-624329171
-548028119
-548028119
-943980918
-943980918
-943980918
-943980918
-943980918
-813553918
-813553918
-846839799
-846839799
-813553918
-731379805
-731379805
-731379805
-871461244
-925328114
-925328114
-925328114
-925328114
-925328114
-871461244
-858336018
-855327332
-858030510
-984203593
-984203593
-878526931
-742838780
-731379805
-686123146
-702415139
-757741905
-757741905
-625190553
-625190553
-962176102
-615037747
-609341494
-588530179
-528192273
-528192273
-528192273
-792868486
-674860877
-677228294
-945278748
-945278748
-567549582
-567549582
-639265778
-959228729
-959228729
-939487934
-939487934
-939487934
-939487934
-939487934
-939487934
-725371446
-814809455
-792815883
-777364222
-948647669
-655316498
-805197191
-776101579
-776101579
-776101579
-776101579
-912084138
-817822946
-817822946
-817822946
-680829655
-951169496
-695717579
-655855465
-719256731
-987186881
-641213112
-703936599
-630871896
-630871896
-629450765
-629450765
-628781410
-626786826
-625802411
-715535791
-866219388
-866219388
-866219388
-715535791
-812929399
-812929399
-625802411
-663101343
-625802411
-708989400
-708989400
-901516805
-901516805
-901516805
-901516805
-623806148
-686214407
-893466457
-893466457
-883749088
-883749088
-883749088
-686214407
-979975964
-993129426
-993129426
-993129426
-993129426
-993129426
-979975964
-945976519
-945976519
-945976519
-878718744
-842069235
-842069235
-822607636
-700886714
-700886714
-700886714
-700886714
-958765806
-767720791
-767720791
-892915289
-892915289
-892915289
-829245335
-775284216
-775284216
-686214407
-857244266
-686214407
-671126381
-797329449
-797329449
-843253824
-843253824
-843253824
-843253824
-671126381
-671126381
-670591188
-972334016
-972334016
-972334016
-648598568
-744721833
-648598568
-645387192
-636159042
-636159042
-681455548
-706193100
-636159042
-624701870
-623806148
-623806148
-688232001
-688232001
-688232001
-995507313
-995507313
-688232001
-688232001
-724323312
-724323312
-640276065
-640276065
-640276065
-640276065
-640276065
-623806148
-622501218
-622501218
-765776218
-919996151
-919996151
-919996151
-608571025
-660290415
-608571025
-603462990
-588810969
-588810969
-630106388
-975940530
-975940530
-975940530
-942417288
-588810969
-588810969
-831727702
-680952738
-680952738
-971072975
-971072975
-971072975
-971072975
-673334048
-656740364
-656740364
-732504485
-732504485
-718553976
-687958495
-687958495
-687958495
-610307194
-677714085
-677714085
-812275982
-807308365
-807308365
-669702684
-657609357
-610307194
-610307194
-610307194
-610307194
-610307194
-610307194
-602465292
-602465292
-591639621
-877118355
-877118355
-822902532
-804858429
-822766418
-822766418
-822766418
-995751982
-995751982
-995751982
-791140925
-791140925
-791140925
-791140925
-779895209
-779895209
-831444118
-779895209
-708921474
-708921474
-708921474
-708921474
-692606493
-663006782
-777195920
-980685660
-952039023
-930837868
-829664293
-796870279
-679561195
-679561195
-679561195
-979307795
-979307795
-979307795
-979307795
-979307795
-979307795
-794323297
-794323297
-794323297
-794323297
-722661799
-722661799
-722661799
-722661799
-722661799
-616382761
-616382761
-616382761
-592708536
-592708536
-962585829
-726877122
-726877122
-591639621
-639553145
-639553145
-588810969
-908211346
-938128199
-938128199
-625203739
-625203739
-625203739
-979959012
-979959012
-878591174
-839190451
-785561338
-785561338
-785561338
-785561338
-785561338
-662911601
-933211965
-933211965
-616276937
-583269733
-579770655
-901588078
-901588078
-944937054
-901588078
-766728770
-766728770
-766728770
-766728770
-766728770
-766728770
-766728770
-766728770
-766728770
-766728770
-884351316
-765147376
-579770655
-578490648
-578490648
-572814482
-831487875
-567549582
-565782929
-565782929
-565782929
-565782929
-654050654
-654050654
-565782929
-897507184
-565782929
-564077130
-564077130
-564077130
-564077130
-564077130
-563519323
-561840229
-561840229
-967835564
-967835564
-738151986
-867052904
-554502059
-552129911
-552129911
-552129911
-548707307
-548707307
-548707307
-548707307
-697901294
-697901294
-925749105
-544169970
-544169970
-544169970
-544169970
-544169970
-543616003
-543616003
-703370882
-874639110
-703370882
-703370882
-703370882
-936950999
-936950999
-936950999
-779477658
-779477658
-718449361
-718449361
-718449361
-703370882
-571885032
-571885032
-629361751
-571885032
-972786283
-738308587
-984808868
-556776514
-556776514
-894608493
-556776514
-536750916
-536750916
-533578162
-533578162
-533456597
-533385235
-529876726
-529876726
-543320123
-843862431
-843862431
-543320123
-543320123
-646851005
-643822698
-528341294
-988275566
-988275566
-853687859
-853687859
-853687859
-853687859
-954341300
-822487793
-822487793
-823792427
-822487793
-975204856
-833232941
-833232941
-821376108
-696907774
-674403122
-636803344
-633654682
-633654682
-655723057
-883554926
-929535861
-883554926
-883554926
-883554926
-883554926
-883554926
-875159158
-898598162
-898598162
-897980750
-897980750
-897980750
-897980750
-880293665
-880293665
-863547000
-863547000
-778996060
-678485811
-825020256
-985696212
-985696212
-825020256
-825020256
-918423179
-930008771
-671857300
-671857300
-671857300
-671857300
-671857300
-659815627
-659815627
-997553757
-997553757
-825943435
-814128787
-814128787
-762369421
-944038033
-944038033
-944038033
-762369421
-659815627
-659815627
-659111820
-639759378
-631425661
-780047594
-780047594
-941863873
-965171487
-965171487
-941863873
-941863873
-941863873
-868021387
-868021387
-786747706
-786747706
-802322102
-802322102
-802322102
-802322102
-802322102
-786747706
-776070837
-776070837
-776070837
-598017316
-598017316
-598017316
-581309559
-568500522
-557381224
-567589411
-572035302
-552658867
-548603115
-548603115
-858665471
-878409498
-528192273
-528192273
-528192273
-559109991
-525454915
-776771188
-524154429
-556206914
-522851497
-522851497
-519381019
-519197787
-968499503
-968499503
-526926889
-526926889
-526926889
-518328459
-952146568
-903346373
-903346373
-903346373
-743048420
-606116998
-940434629
-940434629
-940434629
-877666277
-612371430
-678663850
-900184142
-692721017
-692721017
-678663850
-678663850
-678663850
-565644470
-518328459
-518328459
-517547313
-658119829
-517223698
-510125815
-509265489
-508583042
-735749656
-590999519
-537696610
-503732884
-667260035
-667260035
-786818714
-786818714
-642102607
-642102607
-604986116
-618011288
-611146730
-644854484
-644854484
-644854484
-611146730
-595564050
-595564050
-595564050
-595564050
-595564050
-595564050
-595564050
-595564050
-595564050
-740405705
-740405705
-883940160
-883940160
-883940160
-883940160
-883940160
-883940160
-562338581
-555494543
-555494543
-555494543
-973278310
-973278310
-973278310
-973278310
-935454336
-935454336
-931324636
-931324636
-885494475
-885494475
-863252324
-863252324
-863252324
-863252324
-772562601
-772562601
-772562601
-872646673
-872646673
-872646673
-766861270
-766861270
-764051498
-753552856
-753552856
-753552856
-753552856
-753552856
-748721809
-748721809
-720743080
-720743080
-720743080
-720743080
-686345135
-686345135
-663318966
-640820725
-948216505
-948216505
-842095624
-842095624
-885297734
-867474226
-867474226
-867474226
-747076993
-598940417
-875957438
-875957438
-875957438
-555816710
-555816710
-555494543
-871314657
-871314657
-984166377
-933741875
-933741875
-534482780
-530567619
-923109658
-923109658
-530567619
-530567619
-646374563
-902728779
-943768323
-921626406
-750636914
-608430574
-608430574
-800713708
-800713708
-972323138
-560769611
-931013415
-533534874
-811489867
-500101543
-788783068
-500101543
-499406591
-858486943
-858486943
-499275594
-794793181
-768877189
-599930430
-946937138
-926505729
-926505729
-926505729
-926505729
-900605206
-884578113
-766822179
-766822179
-930102941
-930102941
-705479889
-705479889
-705479889
-705479889
-589698260
-814357920
-821330882
-765008932
-765008932
-899243666
-877670058
-787945481
-927763285
-819792176
-819792176
-787945481
-621054730
-621054730
-615728184
-615728184
-615728184
-615728184
-786200451
-786200451
-745064104
-745064104
-745064104
-745064104
-778385525
-745064104
-745064104
-745064104
-596456919
-596456919
-645030008
-892048558
-892048558
-892048558
-904871978
-815608721
-981140282
-684952112
-557431314
-557431314
-708665151
-692829124
-971759935
-688046180
-499275594
-615739589
-541837254
-769367084
-769367084
-752076219
-571853317
-745751752
-966910730
-930979194
-930979194
-930979194
-930979194
-949847331
-949847331
-691281753
-646103583
-641440627
-660675612
-641440627
-641440627
-779701661
-935907118
-935907118
-935907118
-935907118
-935907118
-874435776
-762734279
-895529516
-707517676
-605006500
-597564788
-980354142
-980354142
-597564788
-905672783
-905672783
-593076562
-975517645
-571853317
-571853317
-554041060
-550618486
-550618486
-546219479
-540714850
-540714850
-537174627
-532416314
-706336247
-532416314
-532416314
-795249533
-795249533
-795249533
-795249533
-723573093
-723573093
-722582658
-847500313
-892788995
-839639387
-839639387
-839639387
-676473703
-609762428
-659868388
-659868388
-659868388
-659868388
-562664563
-562664563
-920381928
-878674450
-564220262
-536304335
-851136010
-851136010
-536304335
-850159213
-850159213
-721007649
-536304335
-536304335
-639032663
-671541348
-639032663
-542286707
-534791846
-532416314
-994609954
-836558600
-618007140
-618007140
-781424615
-781424615
-946375473
-626258718
-954884954
-954884954
-799312794
-799312794
-918914842
-918914842
-886777835
-886777835
-769057255
-754418996
-963810004
-963810004
-963810004
-963810004
-896511003
-754418996
-731737103
-731737103
-717920283
-717920283
-717920283
-663555864
-731969475
-673586845
-876494725
-746172335
-746172335
-523320599
-891697017
-891697017
-518511635
-560923293
-560923293
-968826219
-968826219
-582353656
-564018638
-560923293
-525369008
-525369008
-866337837
-866337837
-520247912
-544700840
-509484094
-911346208
-499275594
-499275594
-499275594
-878918788
-703310983
-990334715
-990334715
-990334715
-959372728
-959372728
-959372728
-959372728
-711247828
-952867093
-675872869
-514470309
-514470309
-514470309
-700962894
-700962894
-700962894
-700962894
-700962894
-808013960
-951609295
-513084650
-513084650
-497840790
-497640050
-497640050
-497640050
-497640050
-497640050
-497640050
-497640050
-874736469
-874736469
-874736469
-874736469
-497306042
-506407136
-506407136
-496329722
-496329722
-496329722
-825639483
-825639483
-976020165
-976020165
-976020165
-976020165
-825639483
-825639483
-825639483
-787995884
-923781581
-787995884
-773765128
-857700761
-857700761
-857700761
-957957786
-639250919
-639250919
-639250919
-915872752
-617400576
-617400576
-617400576
-617400576
-786194164
-617400576
-609814670
-609814670
-609814670
-913714807
-559155500
-559155500
-559155500
-551450213
-727728079
-584839231
-495919880
-613873961
-560392996
-560392996
-560392996
-560392996
-904285736
-838397939
-698422091
-778513503
-725929949
-837549138
-893409492
-837549138
-837549138
-837549138
-837549138
-837549138
-803129517
-685022032
-651704757
-952055220
-952055220
-918528531
-918528531
-918528531
-975129914
-975129914
-961590320
-662815391
-888565278
-888565278
-611728506
-608009764
-592698270
-560392996
-991528317
-632793601
-632793601
-555597265
-555597265
-610484311
-610484311
-758403346
-758403346
-633253001
-633253001
-633253001
-798490701
-798490701
-798490701
-798490701
-798490701
-981010876
-798490701
-970327366
-970327366
-694590499
-694590499
-913077949
-640627837
-544351729
-544351729
-537915093
-537915093
-972578919
-878251389
-878251389
-878251389
-592011140
-580135643
-533719384
-774653518
-993038313
-770972341
-770972341
-770972341
-830470824
-830470824
-642486360
-694539108
-545133509
-539504563
-902439453
-692995920
-890410416
-890410416
-674480727
-674480727
-531059546
-530824152
-530824152
-530824152
-530824152
-530824152
-765594250
-944502498
-795003054
-795003054
-795003054
-791650510
-687323064
-520477902
-878225039
-878225039
-520477902
-520477902
-520477902
-828269733
-527105873
-527105873
-776535444
-776535444
-527105873
-527105873
-527105873
-506725583
-495812967
-495401452
-495401452
-888303410
-780840787
-780840787
-780840787
-780840787
-780840787
-963826564
-766709974
-913799852
-913799852
-913799852
-913799852
-889309349
-779081900
-815583642
-672556237
-672556237
-595478500
-577768562
-681731578
-681731578
-494182358
-494182358
-494182358
-533942733
-533942733
-659345640
-659345640
-659345640
-822086780
-822086780
-494182358
-936359801
-936359801
-936359801
-870610573
-867638697
-867638697
-931506545
-931506545
-755531728
-852673056
-854150240
-717434020
-809685782
-809685782
-809685782
-948675415
-792206427
-717004642
-717004642
-717004642
-717004642
-648844796
-648844796
-643676159
-801410781
-643676159
-643676159
-643676159
-643676159
-687733903
-643676159
-592028108
-592028108
-587380708
-587380708
-574886406
-574886406
-683378168
-683378168
-570396172
-629266991
-629266991
-629266991
-629266991
-629266991
-629266991
-852911256
-852911256
-797723872
-629266991
-571614957
-571614957
-571614957
-754823736
-623228594
-562233416
-561981396
-552278252
-813128614
-813128614
-813128614
-872039666
-552278252
-873218306
-552278252
-549415274
-549415274
-549415274
-580005650
-580005650
-527313396
-522226405
-733428017
-505351619
-924583273
-809724394
-737047104
-733771470
-958405827
-796813682
-796813682
-796813682
-796813682
-796813682
-680275103
-680275103
-680275103
-680275103
-680275103
-586412994
-632977315
-944619603
-718077316
-586412994
-586412994
-639532688
-639532688
-639532688
-639532688
-998419352
-586412994
-556499031
-556499031
-556499031
-550445047
-793398552
-521663594
-521663594
-521663594
-987480482
-687074406
-687074406
-521663594
-973955296
-973955296
-521663594
-504669888
-758553119
-758553119
-504669888
-504669888
-504669888
-504669888
-615371741
-627386184
-627386184
-581454996
-581454996
-978418194
-509180403
-525172596
-991729657
-991729657
-991729657
-918861151
-918861151
-724609078
-724609078
-592724290
-592724290
-878053887
-592724290
-592724290
-592724290
-592724290
-987302625
-615488411
-615488411
-967688671
-967688671
-967688671
-721205110
-721205110
-935235308
-863647903
-863647903
-721205110
-965428476
-830081217
-780774288
-780774288
-856179351
-856179351
-902627298
-751108235
-751108235
-751108235
-715477871
-860176701
-860176701
-860176701
-707864387
-707864387
-707864387
-691819595
-999438468
-999438468
-999438468
-691819595
-691819595
-691819595
-772336548
-716633613
-716633613
-691819595
-863264374
-863264374
-863264374
-863264374
-803221131
-803221131
-981374644
-781910575
-781910575
-679007851
-673350443
-977040604
-662806204
-660897175
-653177085
-984004009
-984004009
-984004009
-984004009
-984004009
-930787114
-930787114
-861939221
-861939221
-861939221
-772687601
-723324681
-646038661
-646038661
-954088917
-646038661
-880383949
-880383949
-880383949
-880383949
-880383949
-858677739
-947567533
-947567533
-947567533
-900065148
-858677739
-858677739
-858677739
-644379119
-632213779
-617792873
-983701380
-727309494
-727309494
-711736636
-711736636
-598493583
-598493583
-598493583
-608326978
-608326978
-608326978
-608326978
-608326978
-608326978
-987533687
-987533687
-944523134
-944523134
-812482516
-719075706
-595679277
-973704751
-973704751
-973704751
-973704751
-973704751
-989136583
-883932161
-883932161
-997997850
-997997850
-840802677
-840802677
-840802677
-839730718
-823887295
-823887295
-823887295
-954316479
-954316479
-954316479
-954316479
-954316479
-823887295
-809414052
-671296571
-671296571
-671296571
-985064631
-985064631
-685918256
-685918256
-603160052
-603160052
-631178573
-631178573
-631178573
-631178573
-743812949
-595679277
-595679277
-914928748
-914928748
-914928748
-914928748
-986854295
-983633160
-983633160
-955533647
-955533647
-955533647
-962607096
-962607096
-962607096
-955533647
-955533647
-931495445
-861796517
-861796517
-942253323
-784104424
-784104424
-772315492
-665312184
-922952616
-922952616
-731312507
-593904852
-593904852
-949565929
-588688063
-683093700
-683093700
-577105806
-577105806
-697825794
-697825794
-571872264
-566231739
-566231739
-566231739
-566231739
-566231739
-565183233
-565183233
-565183233
-817212132
-817212132
-948047340
-565183233
-565183233
-565183233
-563657979
-563657979
-603337812
-603337812
-603337812
-603337812
-603337812
-556289621
-556289621
-966817225
-994947053
-994947053
-966817225
-966817225
-966817225
-934692910
-887865052
-887865052
-887865052
-887865052
-887865052
-887865052
-887865052
-887865052
-887042506
-887042506
-878436141
-873689369
-873689369
-873689369
-873689369
-812021996
-675772289
-668928056
-982934118
-668928056
-973483504
-794963719
-794963719
-794963719
-794963719
-887815908
-720124185
-677695478
-677695478
-725334246
-880086357
-593271824
-580526277
-941166316
-820224244
-820224244
-849089196
-820224244
-982487378
-982487378
-831072748
-811857373
-811857373
-937927240
-805654343
-805654343
-805654343
-805654343
-800135518
-800135518
-800135518
-762422565
-668775506
-772986935
-772986935
-801127944
-801127944
-801127944
-801127944
-846357972
-832370005
-772986935
-772986935
-943710767
-917444842
-917444842
-917444842
-917444842
-917444842
-879930228
-879930228
-595580799
-595580799
-595580799
-560755650
-560755650
-854689377
-786012324
-786012324
-969838090
-878113417
-923391057
-895001991
-920650458
-789742740
-578616082
-551835768
-548060920
-812483909
-812483909
-812483909
-796820319
-796820319
-544242950
-941761716
-941761716
-921857181
-921857181
-983543976
-983543976
-923696038
-877234149
-877234149
-703439515
-703439515
-703439515
-769382418
-769382418
-816444462
-816444462
-781692979
-635588011
-624758501
-559525678
-840541602
-556665217
-727232661
-542256078
-938950385
-887294164
-887294164
-862380958
-862380958
-862380958
-542256078
-982843478
-982843478
-716778185
-695255656
-679936501
-603842143
-536884258
-536884258
-597367781
-597367781
-560724288
-928336095
-928336095
-535384067
-674792963
-674792963
-535384067
-535185819
-893355449
-755761110
-859580058
-755761110
-983901770
-755761110
-870042707
-870042707
-857669007
-877522814
-877522814
-877522814
-877522814
-713378731
-713378731
-713378731
-738323176
-961492029
-947368085
-838030398
-799969093
-799969093
-802631728
-802631728
-802631728
-926032850
-759828713
-728085376
-728085376
-845150163
-713378731
-891846459
-726578364
-668483278
-668483278
-767972413
-767972413
-767972413
-767972413
-812502332
-654610932
-867720054
-618314203
-614918998
-619653965
-598335737
-872677556
-872677556
-872677556
-872677556
-667225553
-797838691
-652213972
-652213972
-566034422
-566034422
-566034422
-560191263
-810008029
-810008029
-973556891
-766463202
-766463202
-766463202
-766463202
-832488014
-961474666
-961474666
-961474666
-961474666
-961474666
-881574889
-881574889
-848567819
-848567819
-830872973
-830872973
-830872973
-779678979
-779678979
-751763831
-751763831
-751763831
-745381129
-745381129
-745381129
-952502045
-952502045
-869905498
-869905498
-732994321
-732994321
-732994321
-634652188
-583550837
-985186544
-793082430
-677671607
-572978962
-572978962
-572978962
-572978962
-813501684
-813501684
-797442854
-797442854
-900209308
-797442854
-797442854
-797442854
-797442854
-797442854
-570150162
-563715275
-894553688
-824568510
-824568510
-824568510
-824568510
-569586632
-569586632
-569586632
-569586632
-609259923
-690564674
-690564674
-606988143
-881197065
-881197065
-540518978
-535150180
-987144148
-987144148
-991793182
-793783412
-793783412
-793783412
-775544481
-775544481
-722768477
-720600386
-720600386
-720600386
-720600386
-900408310
-813698190
-927783747
-927783747
-927783747
-927783747
-927783747
-744570669
-995938285
-622444917
-622444917
-622444917
-615220483
-615220483
-615220483
-615220483
-902063950
-615220483
-593539337
-593539337
-593539337
-933904924
-860902189
-658815213
-695044009
-695044009
-695044009
-682233690
-725982477
-658815213
-658815213
-692822976
-692822976
-770086448
-770086448
-770086448
-770086448
-820595637
-820595637
-770086448
-770086448
-692822976
-601297622
-695085676
-593539337
-582689223
-962899074
-929152279
-916009712
-991194266
-992770157
-959809575
-622107457
-622107457
-622107457
-596376029
-607149833
-607149833
-607149833
-607149833
-596376029
-596376029
-596376029
-596376029
-968699379
-968699379
-815719675
-963531322
-815719675
-815719675
-815719675
-815719675
-800467572
-800467572
-697095981
-681882265
-681882265
-660432558
-660432558
-723360417
-723360417
-660432558
-660432558
-660432558
-660432558
-660432558
-656055111
-919165889
-919165889
-582689223
-910117039
-910117039
-588278672
-580655274
-580655274
-580655274
-580655274
-578064596
-578064596
-578064596
-734882758
-979370510
-979370510
-979370510
-979370510
-979370510
-979370510
-979370510
-979370510
-979370510
-979370510
-867631974
-867631974
-867631974
-867631974
-578064596
-578064596
-578064596
-573273004
-552268729
-538651453
-724240580
-811022154
-811022154
-532740161
-532740161
-722777234
-722777234
-722777234
-722777234
-530790928
-725836409
-530671573
-526660811
-526254266
-908021089
-908021089
-942977984
-871676995
-871676995
-922848362
-871509875
-871509875
-871509875
-784269966
-784269966
-784269966
-784269966
-852613795
-784269966
-644886315
-644886315
-595918898
-835026666
-846826028
-846826028
-916882978
-916882978
-916882978
-856332459
-929731627
-879025483
-803841839
-803841839
-803841839
-803841839
-803841839
-775556146
-775556146
-947526154
-711289968
-711289968
-711289968
-672395080
-897933891
-897933891
-878073749
-878073749
-997831070
-909061894
-909061894
-786935634
-672395080
-672395080
-672395080
-672395080
-672395080
-672395080
-631532993
-928812353
-895868933
-895868933
-913463949
-895868933
-895868933
-867963373
-849772478
-847391124
-847391124
-810932727
-680625589
-680625589
-680625589
-644990214
-631532993
-858155866
-918881797
-918881797
-858155866
-942316442
-953372254
-953372254
-899819090
-899819090
-715953809
-715953809
-715953809
-867992871
-865335080
-714895292
-714895292
-752705916
-752705916
-752705916
-714895292
-714895292
-709709371
-709709371
-693337556
-693337556
-693337556
-691840942
-813869332
-631532993
-948758861
-631532993
-600920489
-981166478
-981166478
-981166478
-981166478
-981166478
-981166478
-611987841
-870781936
-870781936
-679354462
-595918898
-595918898
-595426040
-595426040
-850527789
-880523874
-880523874
-880523874
-724217545
-724217545
-651995303
-651995303
-595426040
-595426040
-957472117
-957472117
-905911901
-905911901
-905911901
-905911901
-897705631
-897705631
-986950173
-816144237
-783382400
-808537120
-783382400
-766933900
-814288310
-814363592
-814363592
-814363592
-766933900
-812105482
-764205756
-713813391
-695149871
-695149871
-972571718
-972571718
-655142346
-655142346
-858140182
-858140182
-858140182
-742501129
-742501129
-742501129
-742501129
-958921093
-958921093
-873859310
-970580701
-570056013
-832211223
-832211223
-832211223
-561841939
-554581934
-554554154
-551374075
-551374075
-543291532
-543291532
-543291532
-543291532
-547932690
-547932690
-537233658
-537233658
-688708102
-688708102
-688708102
-908767940
-688708102
-957851096
-957851096
-710136247
-670964145
-670964145
-670964145
-596388756
-600055874
-600055874
-600055874
-600055874
-949606520
-949606520
-596388756
-857350267
-857350267
-857350267
-872089836
-812876972
-812876972
-625830369
-625830369
-741350831
-992332535
-924207724
-785130527
-741350831
-741350831
-625830369
-610431890
-610431890
-604810903
-596388756
-596388756
-592821506
-577141963
-558958417
-558958417
-558958417
-558958417
-623635828
-885153063
-558958417
-745058251
-613809672
-613809672
-558958417
-558958417
-544616986
-544616986
-817378356
-817378356
-817378356
-725804606
-725804606
-526254266
-526254266
-526254266
-526254266
-970202471
-525934910
-525210521
-525210521
-524697282
-524697282
-524697282
-661151174
-523510954
-523385087
-523385087
-522396885
-522396885
-522043163
-522043163
-521475097
-520948928
-520751781
-759590120
-520751781
-520751781
-654190601
-546994554
-520751781
-520316020
-520316020
-520316020
-714593314
-520316020
-519189707
-519189707
-519189707
-626425266
-536718943
-780384785
-780384785
-764382382
-834709620
-559281977
-559281977
-588499387
-588499387
-875493054
-875493054
-840536007
-840536007
-790495940
-588499387
-558535890
-527477826
-595578915
-519040598
-519040598
-518745062
-567013428
-567013428
-840559144
-840559144
-840559144
-697321755
-881784878
-881784878
-881784878
-518439668
-518241048
-527539156
-924885667
-924885667
-515738338
-515738338
-515738338
-515738338
-515712424
-671943579
-671943579
-515425809
-514765876
-513399028
-621621719
-512939446
-511987272
-510676166
-510676166
-746346170
-615479959
-615479959
-840879178
-911359554
-911359554
-536432877
-964008407
-574192815
-982427309
-982427309
-601328747
-601328747
-509279508
-509279508
-509279508
-920176246
-663579717
-663579717
-953817388
-953817388
-933356603
-994149392
-994149392
-933356603
-875251139
-828471247
-854820075
-854820075
-854820075
-854820075
-854820075
-854820075
-828471247
-828471247
-859293565
-828471247
-795582745
-947915890
-947915890
-947915890
-760371145
-760371145
-682760768
-725236903
-725236903
-725236903
-725236903
-822957319
-992109568
-682163320
-891138902
-891138902
-918451889
-918451889
-918451889
-778509050
-797140349
-797140349
-797140349
-708738002
-663579717
-660541081
-931952838
-931952838
-895605411
-865356011
-710537565
-625561334
-625561334
-622753304
-622753304
-739067673
-739067673
-739067673
-911559333
-911559333
-911559333
-644927564
-644927564
-610859611
-610859611
-601511378
-601511378
-601511378
-600195514
-600195514
-600195514
-832583471
-885205300
-885205300
-832583471
-829487017
-936329332
-936329332
-936329332
-912477909
-823107462
-823107462
-958007815
-958007815
-860706794
-770466729
-734899377
-734899377
-720593680
-870340050
-873481655
-873481655
-805095685
-752342279
-704436383
-704436383
-710195440
-710195440
-710195440
-710195440
-671665330
-659366045
-659366045
-659366045
-659366045
-659366045
-629060979
-629060979
-969071717
-969071717
-969071717
-831118313
-732149351
-732149351
-996781515
-636901207
-599504019
-592353035
-591971829
-591971829
-591971829
-582221974
-582221974
-582221974
-928703615
-581528266
-783629675
-914152029
-914152029
-914152029
-914152029
-910174646
-910174646
-910174646
-910174646
-910174646
-910174646
-910174646
-946054358
-790481178
-967494727
-967494727
-790481178
-790481178
-790481178
-790481178
-790481178
-780411873
-758711557
-812174974
-812174974
-776155772
-729518722
-796204122
-796204122
-796204122
-771384516
-771384516
-962536164
-681034811
-642590390
-630748368
-773758024
-609979058
-950959903
-965439306
-965439306
-965439306
-965439306
-965439306
-832486572
-832486572
-770074960
-770074960
-973533483
-973533483
-806612830
-770074960
-770074960
-770074960
-770074960
-895079178
-939818106
-939818106
-939818106
-939818106
-939818106
-958368055
-924846190
-924846190
-669264046
-669264046
-661544011
-661544011
-659597510
-659597510
-984227105
-583143975
-583143975
-583143975
-583143975
-969670635
-621799272
-621799272
-678768740
-678768740
-605071333
-605071333
-987382907
-583143975
-583082458
-582566554
-581528266
-750253302
-601314762
-696704570
-701735518
-701735518
-701735518
-701735518
-577488634
-793979389
-574412856
-574412856
-568546545
-635806753
-635806753
-568546545
-821119429
-560670302
-560670302
-560670302
-560670302
-628563203
-628563203
-708056767
-708056767
-708056767
-551219053
-624783232
-736012192
-631312115
-888691983
-631312115
-549843242
-548541521
-548541521
-547688923
-888822270
-547688923
-547688923
-648813905
-605397374
-605397374
-639325400
-639325400
-639325400
-639325400
-639325400
-639325400
-989176194
-989176194
-989176194
-816119140
-816119140
-816119140
-816119140
-816119140
-735481149
-694922603
-694922603
-807396697
-829202264
-959389161
-959389161
-817762018
-635060692
-635060692
-635060692
-605397374
-602250935
-602250935
-553715389
-553715389
-551285238
-570459620
-570459620
-551285238
-678513399
-678513399
-678513399
-602378686
-697708944
-573887426
-573887426
-573887426
-790072633
-790072633
-920860291
-920860291
-920860291
-920860291
-784390852
-824763574
-824763574
-981155976
-981155976
-981155976
-547688923
-744908005
-699385088
-644786735
-644786735
-878678754
-794256557
-545839100
-545839100
-545839100
-544974087
-656060354
-656060354
-544974087
-544974087
-544368189
-990172234
-990172234
-834202322
-834202322
-834202322
-834202322
-834202322
-834202322
-834202322
-834202322
-787751287
-654783924
-654783924
-645959950
-645959950
-697496182
-919659322
-746223112
-646617710
-645959950
-645959950
-783447312
-645959950
-885696638
-615715451
-615715451
-615715451
-790756106
-790756106
-589146906
-589146906
-589146906
-589146906
-589146906
-589146906
-736842822
-736842822
-736842822
-898151451
-898151451
-728953074
-728953074
-611246774
-611246774
-587926391
-587926391
-560239311
-547617033
-547617033
-542758169
-812832160
-677484485
-540407192
-800346355
-688658602
-728043426
-728043426
-540407192
-638080240
-729904920
-533850937
-533850937
-527931042
-640641990
-640641990
-796510475
-796510475
-796510475
-796510475
-796510475
-796510475
-656786675
-656786675
-656786675
-920664419
-791014686
-791014686
-681060334
-957747734
-957747734
-957747734
-957747734
-681060334
-577699251
-790067998
-790067998
-577699251
-848088919
-848088919
-848088919
-773010673
-773010673
-577699251
-574286529
-632095088
-571133119
-571133119
-737881961
-737881961
-737881961
-544181285
-539273829
-539273829
-539273829
-524675368
-524675368
-518845553
-733990533
-774282013
-748052357
-748052357
-740821360
-733990533
-825793235
-825793235
-825793235
-768707330
-724586177
-635251782
-518845553
-517712993
-515407416
-515407416
-515407416
-515206659
-781881024
-781881024
-880539368
-880539368
-899296100
-880539368
-880539368
-795436816
-795436816
-743580790
-743580790
-836143942
-836143942
-811351935
-743580790
-738031363
-738031363
-688700242
-948407515
-948407515
-948407515
-948407515
-785916455
-785916455
-785916455
-784721884
-763226648
-888666162
-888666162
-974679913
-974679913
-637754739
-596015704
-596015704
-911108582
-911108582
-911108582
-911108582
-911108582
-796607331
-796607331
-796607331
-709558665
-625304076
-926228192
-926228192
-926228192
-926228192
-974081301
-974081301
-974081301
-974081301
-926228192
-926228192
-935936115
-637301529
-655502244
-655502244
-618139840
-590442809
-559848720
-813491684
-813491684
-813491684
-551790452
-538615008
-538615008
-538615008
-529026599
-848788209
-848788209
-515154384
-515154384
-515154384
-515154384
-877673078
-686742677
-686742677
-554337084
-842149438
-734825057
-734825057
-734825057
-726318601
-726318601
-726318601
-720052406
-720052406
-938720977
-698288516
-891842379
-891842379
-907154075
-907154075
-907154075
-907154075
-692161590
-688647214
-671492747
-671492747
-648342638
-648342638
-625965688
-711831147
-711831147
-734481279
-711831147
-742489806
-842997080
-810252715
-810252715
-810252715
-695532655
-624359744
-598452762
-598452762
-538463559
-538463559
-538463559
-538463559
-538463559
-537017617
-537017617
-514492788
-514492788
-514492788
-514492788
-606775968
