-603575100
803397000
366753996
646885561
-371782210
219054389
219054389
206965955
-893231408
-619458698
-211539034
-111221925
-764435560
-764435560
-764435560
-204779009
-661126131
-526793669
-526793669
-526793669
-762029808
-525307871
-522466689
-766296040
-766296040
-911030055
-911030055
-911030055
-667415315
-447289700
-340255433
-961370643
-957488090
-957488090
-957488090
-957488090
-608070630
-989044167
-989044167
-880582614
-828288514
-828288514
-828288514
-844567421
-828288514
-828288514
-753691322
-632678154
-620425058
-614061048
-614061048
-614061048
-614061048
-727905961
-727905961
-605944358
-605944358
-605944358
-591808310
-557498103
-557498103
-665565317
-665565317
-665565317
-765981119
-550536551
-821071297
-708227640
-901957616
-901957616
-901957616
-901957616
-901957616
-901957616
-901957616
-887038243
-887038243
-944876464
-887038243
-887038243
-887038243
-736645817
-917818084
-917818084
-917818084
-722680051
-715104252
-715104252
-678385938
-678385938
-678385938
-678385938
-526099510
-526099510
-526099510
-983672855
-520385480
-514309056
-514309056
-584458175
-500427579
-500427579
-473752957
-760911685
-760911685
-760911685
-983015992
-652036508
-917048732
-872631170
-914096643
-872631170
-872631170
-801993349
-801993349
-801993349
-973025365
-739587813
-739587813
-693379436
-628955009
-610094993
-883169115
-774924849
-783039978
-783039978
-945613895
-990806810
-807596325
-739601295
-936619394
-936619394
-936619394
-840394622
-840394622
-840394622
-840394622
-871272745
-871272745
-871272745
-679430834
-679430834
-775909273
-775909273
-775909273
-938454925
-938454925
-938454925
-775909273
-775909273
-775909273
-775909273
-775909273
-775909273
-775909273
-722404298
-859375017
-859375017
-934766692
-778818801
-934446372
-934446372
-784414695
-818471538
-818471538
-818471538
-722404298
-722404298
-714589659
-679430834
-825715391
-679430834
-679430834
-754296893
-754296893
-747521607
-627019764
-942875785
-627019764
-627019764
-874954124
-874954124
-681493886
-645235536
-645235536
-616654437
-603301107
-691723406
-691723406
-691723406
-691723406
-603301107
-603301107
-593432871
-834502120
-834502120
-834502120
-834502120
-831194382
-831194382
-831194382
-831194382
-593432871
-611943655
-592102283
-700125807
-758829484
-758829484
-592102283
-581124113
-579041678
-793638482
-556347845
-862101019
-813765184
-813765184
-654552122
-884576669
-884576669
-884576669
-718186233
-718186233
-705646674
-577648909
-953620395
-953620395
-892887858
-888246383
-888246383
-888246383
-722539164
-722539164
-680297008
-680297008
-538268502
-538268502
-835444813
-774173590
-676220979
-683745278
-769708627
-669113142
-669113142
-669113142
-947386553
-947386553
-925727848
-969880989
-969880989
-969880989
-969880989
-631492832
-571149342
-571149342
-983102552
-983102552
-983102552
-983102552
-983102552
-983102552
-983102552
-904608539
-904608539
-904608539
-904608539
-773579348
-773579348
-773579348
-853891883
-853891883
-974618254
-974618254
-959954220
-920810191
-920810191
-920810191
-920810191
-853891883
-827348152
-827348152
-858347102
-858347102
-858347102
-968813778
-968813778
-968813778
-858347102
-774256481
-761802201
-724521235
-724521235
-724521235
-712722082
-768818646
-645284291
-594135397
-594135397
-571435768
-571402455
-571402455
-577870790
-640703964
-640703964
-733709778
-636891802
-509169953
-509169953
-509169953
-509169953
-502377399
-502377399
-502377399
-502377399
-556077984
-762833094
-829895379
-940423208
-762833094
-671784499
-938635927
-883387061
-498114472
-498114472
-498114472
-796976818
-494437855
-494437855
-527985757
-527985757
-498998352
-498998352
-498998352
-660478397
-753496891
-944835210
-944835210
-762494710
-575157625
-493134858
-943554092
-849586328
-589530873
-766540204
-589530873
-525543696
-979717362
-483332785
-461415372
-847657910
-847657910
-788321174
-611156500
-611156500
-695644762
-611156500
-611156500
-511386625
-511386625
-982556096
-922967548
-818982786
-764454030
-764454030
-764454030
-951604784
-562487657
-852795217
-562487657
-562487657
-562487657
-562487657
-980847650
-881082852
-881082852
-548631797
-548631797
-548631797
-683216501
-454260620
-748431678
-748431678
-891636002
-876593922
-811585436
-748431678
-898032166
-898032166
-898032166
-934533230
-934533230
-937352131
-898032166
-898032166
-755719754
-755719754
-689066686
-550662150
-550662150
-892437836
-839825988
-806165836
-806165836
-609383387
-609383387
-609383387
-609383387
-545529159
-786933747
-662243305
-662243305
-822206721
-822206721
-545529159
-545529159
-569355111
-569355111
-954325299
-954325299
-783403049
-536246784
-536246784
-913527343
-979703901
-563068873
-964230116
-728867160
-519430015
-505144759
-865002752
-987630790
-987630790
-987630790
-833298001
-833298001
-786864435
-786864435
-748914878
-746480164
-567331280
-496060581
-496060581
-496060581
-818018629
-868467515
-868467515
-868467515
-868467515
-868467515
-496060581
-827640372
-731773287
-845050186
-845050186
-643774728
-643774728
-609404182
-609404182
-606561432
-606308345
-606308345
-986249515
-986249515
-986249515
-921090452
-939508894
-732826972
-715346014
-691772274
-691772274
-964563790
-589342731
-528018439
-528018439
-528018439
-528018439
-630735575
-630735575
-566313845
-517174800
-610212291
-610212291
-952468673
-952468673
-952468673
-952468673
-864354247
-864354247
-864354247
-864354247
-715780623
-683549411
-683549411
-518237577
-518237577
-816809406
-976872929
-976872929
-976872929
-816809406
-745522517
-745522517
-745522517
-816916720
-816916720
-965282826
-513847258
-513847258
-509947911
-509947911
-502035430
-940833226
-940833226
-896381395
-496538195
-622233528
-622233528
-496538195
-496538195
-696147383
-482039491
-697805499
-549275958
-637136781
-637136781
-637136781
-637136781
-486162034
-486162034
-486162034
-493313656
-493313656
-892609811
-892609811
-892609811
-629330855
-629330855
-486162034
-486162034
-482039491
-478090191
-478090191
-941422204
-459065372
-449030342
-449030342
-449030342
-700192557
-862995679
-862995679
-862995679
-789694651
-787081914
-787081914
-787081914
-787081914
-776762675
-776762675
-776006290
-648313778
-648313778
-648313778
-648313778
-646950049
-995920872
-995920872
-885582882
-885582882
-885582882
-884279095
-884279095
-884279095
-884279095
-884279095
-913789688
-709589560
-709589560
-709589560
-709589560
-646166015
-646166015
-646166015
-795600087
-795600087
-795600087
-646166015
-646166015
-936792409
-729748999
-729748999
-729748999
-580782616
-957794272
-811758197
-810490073
-794424670
-812821872
-683822817
-848720009
-591665836
-591665836
-673224235
-591665836
-707360804
-837625075
-837625075
-930826594
-707360804
-707360804
-728266378
-728266378
-882553673
-882553673
-882553673
-779120679
-686665180
-972588005
-642397926
-642397926
-869243447
-869243447
-869243447
-869243447
-658361402
-837050536
-837050536
-894523838
-837050536
-837050536
-837050536
-837050536
-827330311
-823243692
-823243692
-823243692
-761920758
-658361402
-757245174
-658361402
-726792469
-946302102
-946302102
-726792469
-726792469
-726792469
-681985699
-681985699
-681985699
-658361402
-658361402
-814510013
-814510013
-814510013
-642397926
-642397926
-623554763
-591665836
-591665836
-721838694
-591665836
-591665836
-924545064
-812476675
-704544899
-704544899
-774941614
-926079769
-986835429
-899225503
-959956119
-649769294
-735075488
-584064833
-584064833
-621569524
-652808229
-620357968
-813640765
-813640765
-713583635
-713583635
-713583635
-620357968
-893623479
-941784279
-858939781
-858939781
-808519830
-862869269
-862869269
-862869269
-862869269
-862869269
-862869269
-861787870
-861787870
-974893243
-974893243
-974893243
-973604897
-973604897
-973604897
-973604897
-777251298
-777251298
-944634005
-967285177
-967285177
-774906526
-774906526
-774906526
-699400496
-660125293
-607229203
-892630679
-892630679
-818699102
-604234975
-604234975
-604234975
-548311197
-548311197
-899651602
-899651602
-899651602
-899651602
-899651602
-947478235
-899651602
-803079148
-803079148
-803079148
-803079148
-803079148
-803079148
-803079148
-803079148
-787358743
-787358743
-644196183
-644196183
-644196183
-835575700
-835575700
-952858228
-952858228
-783392585
-548311197
-596370357
-596370357
-596370357
-950521019
-548311197
-957950675
-544122817
-531098985
-531098985
-531098985
-890086926
-890086926
-807547933
-815673822
-740388635
-720493572
-720493572
-720493572
-791653718
-791653718
-720493572
-647981115
-574052037
-574052037
-733778016
-567706414
-555092477
-555092477
-714705350
-714705350
-920106996
-977919473
-977919473
-933607041
-966949865
-567252322
-555092477
-511177133
-511177133
-498279205
-981996846
-498279205
-489050484
-488426373
-703664585
-554148987
-520689635
-488426373
-686864098
-488426373
-625506680
-625506680
-626371317
-626371317
-958601486
-704268869
-693145120
-987654582
-987654582
-987654582
-954447152
-785596726
-785596726
-616103408
-941305347
-941305347
-889605303
-805297382
-904913923
-904913923
-883136683
-883136683
-588008705
-615097474
-980221138
-980221138
-980221138
-980221138
-980221138
-615097474
-857050745
-857050745
-513956279
-513956279
-531510486
-499544623
-499544623
-787092985
-787092985
-787092985
-732956515
-701834001
-892376091
-673801261
-673801261
-673801261
-673801261
-673801261
-673801261
-711604471
-711604471
-711604471
-673801261
-673801261
-638055208
-638055208
-638055208
-638055208
-820081520
-820081520
-820081520
-638055208
-638055208
-619587834
-619587834
-617014362
-617014362
-880195695
-880195695
-880195695
-880195695
-880195695
-772325701
-718509625
-718509625
-995162542
-873695436
-873695436
-699843862
-717111199
-811690735
-806725080
-698720346
-698720346
-939507225
-973945502
-939507225
-939507225
-772734716
-772734716
-772734716
-965905223
-932034806
-762756388
-762756388
-741382893
-741382893
-741382893
-698720346
-698720346
-698720346
-698720346
-698720346
-698720346
-692876549
-692876549
-692876549
-692876549
-680555100
-654910373
-654910373
-654910373
-970152068
-970152068
-614041606
-802642701
-802642701
-802642701
-802642701
-802642701
-748489436
-748489436
-748489436
-748489436
-748489436
-900532571
-703287326
-986002743
-986002743
-986002743
-790275318
-801143717
-801143717
-863054269
-863054269
-863054269
-757089116
-953588992
-846211538
-651116194
-631308693
-631308693
-611838530
-611838530
-695503422
-994069606
-994069606
-604874798
-604379611
-597899652
-921930342
-921930342
-976820989
-976820989
-742184910
-610088790
-610088790
-766343075
-634112114
-634112114
-918692980
-913460818
-747830304
-924985838
-585982602
-582457698
-965579614
-953906826
-856552513
-856552513
-612567516
-945784869
-945784869
-734714963
-734714963
-570359315
-564841104
-812486734
-823295880
-823295880
-823295880
-812486734
-812486734
-812486734
-661292230
-723956267
-723956267
-723956267
-723956267
-723956267
-661292230
-902080816
-843618332
-843618332
-843618332
-843618332
-843618332
-843618332
-879951474
-879951474
-661292230
-661292230
-645451354
-645451354
-645451354
-645451354
-878463079
-878463079
-812958982
-665198497
-665198497
-945371830
-945371830
-718732977
-727001966
-727001966
-946526363
-946526363
-946526363
-946526363
-656077367
-645451354
-617756495
-603853599
-603853599
-603853599
-603853599
-603853599
-770483641
-870489420
-603853599
-596282246
-983504396
-596282246
-596282246
-596282246
-708841954
-708841954
-991967950
-991967950
-991967950
-954319501
-936690640
-882761832
-882761832
-841525072
-841525072
-841525072
-824302720
-761481691
-761481691
-811679508
-585514139
-585514139
-585514139
-585514139
-585514139
-575601511
-555734079
-551362793
-551362793
-551362793
-802879506
-608180702
-971004938
-665513170
-712830204
-978184592
-712830204
-712830204
-608180702
-598149933
-594573937
-551121184
-543771409
-543648329
-869070137
-975774751
-975774751
-537460918
-536552396
-536552396
-525694472
-816835217
-525694472
-525694472
-910712026
-570508738
-520878122
-518224433
-513356345
-513356345
-510364115
-508016094
-508016094
-508016094
-504029406
-535420964
-535420964
-943705162
-943705162
-943705162
-906891276
-906891276
-906891276
-879399832
-644202625
-644202625
-845020805
-845020805
-845020805
-845020805
-733698406
-665739958
-754741487
-527929210
-527929210
-527929210
-905500199
-905500199
-860620434
-886386021
-886386021
-886386021
-886386021
-886386021
-997264609
-997264609
-997264609
-997264609
-860620434
-860620434
-860620434
-527929210
-878619958
-868695652
-868695652
-801931636
-554361482
-527929210
-701715894
-701715894
-701715894
-885607633
-885607633
-769867713
-769867713
-874708035
-874708035
-650752614
-504244764
-499544623
-499544623
-499544623
-498041962
-498041962
-762056335
-762056335
-685667678
-685667678
-490419726
-948086352
-826882227
-959858945
-959858945
-977310069
-964446787
-921278348
-757316390
-567236280
-968444598
-498861949
-815783866
-573265157
-573265157
-711436842
-488960775
-602133608
-602133608
-753833682
-753833682
-970541354
-582347441
-907156813
-907156813
-785716336
-580526726
-757520696
-815195530
-708912186
-930663970
-530583793
-493013848
-493013848
-493013848
-487935168
-487935168
-487935168
-860490243
-884765090
-817359202
-817359202
-643146645
-732885561
-955837936
-955837936
-624967764
-624967764
-968574776
-968574776
-975319529
-884395133
-884395133
-824987698
-824987698
-811910910
-738396922
-660340016
-708857846
-708857846
-708857846
-953004189
-722619544
-722619544
-722619544
-959865557
-959865557
-946903999
-795274986
-795274986
-693925658
-668073815
-668073815
-983949839
-983949839
-983949839
-696038332
-844287541
-844287541
-844287541
-844287541
-985387222
-783827064
-800365014
-667682565
-782488633
-782488633
-782488633
-758318546
-758318546
-758318546
-758318546
-758318546
-747190213
-662039511
-649178071
-649178071
-653581315
-635392688
-685435554
-685435554
-791874332
-685435554
-624542537
-624542537
-624542537
-712105595
-889536910
-889536910
-896049313
-712105595
-628018781
-612773839
-818585691
-818585691
-836711366
-836711366
-612773839
-606106586
-874103238
-874103238
-840588928
-841901328
-778134400
-778134400
-842601178
-692722931
-692722931
-692722931
-692722931
-692722931
-637563070
-606106586
-606106586
-606106586
-606106586
-573164448
-573164448
-736480831
-736480831
-798658119
-736480831
-736480831
-719297280
-916348194
-916348194
-916348194
-719297280
-972000681
-573164448
-927223597
-950984067
-950984067
-804579934
-804579934
-895537515
-836942805
-974172558
-974172558
-836942805
-836942805
-836942805
-663462266
-663462266
-777533873
-777533873
-573164448
-572194465
-793439604
-793439604
-793439604
-793439604
-825697519
-793439604
-793439604
-839506994
-844734274
-792606347
-792606347
-768639000
-768639000
-768639000
-768639000
-648573153
-835397396
-807254034
-627472841
-599353019
-588940707
-588940707
-801828089
-632200944
-873793553
-565054679
-567069736
-567069736
-939906275
-741769641
-559024379
-555645837
-555645837
-555645837
-800172031
-800172031
-549650026
-549650026
-549650026
-549650026
-549650026
-549650026
-545652051
-567669122
-989180229
-560798105
-545652051
-545652051
-545652051
-945029282
-595840324
-595840324
-955290297
-595840324
-916602194
-541060684
-531736453
-531736453
-897836186
-897836186
-939220787
-897836186
-807105654
-807105654
-807105654
-807105654
-807105654
-706549021
-875421666
-827633051
-827633051
-827633051
-827633051
-827633051
-827633051
-807029953
-757791709
-757791709
-707267211
-698254954
-690660058
-634711536
-953120995
-953120995
-845962198
-845962198
-845962198
-724411156
-896932744
-992223642
-814192121
-814192121
-814192121
-814192121
-814192121
-798718765
-798718765
-798718765
-787573135
-787573135
-787573135
-787573135
-634711536
-634711536
-609541800
-609541800
-601959467
-601959467
-630948648
-601959467
-977969303
-592790462
-925112796
-953450792
-925112796
-592790462
-592790462
-752911401
-752911401
-752911401
-875791997
-875791997
-802346182
-785261161
-915996824
-778422589
-644535006
-814924168
-622947761
-672343940
-672343940
-590884638
-590884638
-590884638
-577591118
-559961783
-559961783
-563895468
-563895468
-563895468
-563895468
-559961783
-559961783
-559961783
-559961783
-681338905
-644256743
-557330058
-535524729
-890507368
-535524729
-531062451
-530981528
-954484119
-526158731
-932272014
-976529601
-524537385
-524537385
-980256490
-980256490
-691718403
-691718403
-521816491
-798016964
-515365230
-515365230
-515365230
-511155896
-511155896
-509028980
-509028980
-533172120
-533172120
-509028980
-906096550
-690725701
-509028980
-509028980
-509028980
-509028980
-922156168
-922156168
-498274163
-807284312
-807284312
-498274163
-498274163
-498274163
-496432070
-787799431
-787799431
-787799431
-787799431
-787799431
-587530722
-751042878
-482090809
-481874455
-813651724
-813651724
-800759177
-489035575
-489035575
-489035575
-870523205
-870523205
-976142397
-976142397
-976142397
-976142397
-976142397
-976142397
-941394970
-674105696
-669029408
-736197020
-736197020
-736197020
-845596403
-845596403
-845596403
-656288193
-841605514
-841605514
-971503359
-971503359
-971503359
-814249257
-789845518
-755910754
-804460982
-804460982
-796090904
-796090904
-796090904
-684097744
-591181737
-591181737
-591181737
-585874562
-585856108
-923247056
-923247056
-836614103
-553509429
-891777954
-553204387
-553204387
-665657305
-665657305
-665657305
-665657305
-665657305
-665657305
-516579687
-713471087
-504870193
-676261676
-676261676
-661123608
-646727131
-504870193
-504870193
-504870193
-920295016
-489035575
-587051151
-587051151
-587051151
-489035575
-479203535
-767108990
-828844173
-828844173
-921701677
-849251423
-968710474
-968710474
-828844173
-830461978
-830461978
-834927941
-834927941
-884614247
-830461978
-830461978
-871486426
-828844173
-806104782
-806104782
-991188375
-991188375
-991188375
-991188375
-991188375
-790432307
-790432307
-747679698
-723178791
-723178791
-697394416
-636887342
-943693021
-943693021
-792954588
-792954588
-792954588
-861727524
-861727524
-861727524
-792954588
-792954588
-792954588
-792954588
-792954588
-725361302
-691659004
-624029490
-624029490
-773751432
-634788438
-634788438
-634788438
-634788438
-614710400
-834378578
-808632651
-808632651
-602285074
-602285074
-763672911
-763672911
-665593860
-665593860
-665593860
-762182490
-762182490
-629329150
-629329150
-588549321
-844592715
-736072049
-568686355
-568686355
-558796583
-558796583
-794920185
-794920185
-794920185
-558796583
-558796583
-554002385
-554002385
-551888519
-551888519
-935528231
-905890312
-834850185
-868370750
-868370750
-907962456
-868370750
-868370750
-928738444
-967180830
-967180830
-967180830
-821705257
-984690722
-821705257
-950913050
-821705257
-821705257
-821705257
-833754006
-803849836
-796886378
-751086714
-738728953
-738728953
-698991032
-727781824
-727781824
-727781824
-727781824
-665107601
-693505956
-661455642
-661455642
-661455642
-649626812
-707614224
-707614224
-517623386
-515254398
-515254398
-995750399
-995750399
-995750399
-995750399
-760093717
-760093717
-971066971
-971066971
-971066971
-722925991
-904365662
-904365662
-904365662
-879762410
-567169563
-567169563
-554170760
-942456201
-818002524
-818002524
-818002524
-805479926
-635474832
-609147637
-609147637
-609147637
-874780424
-874780424
-636073758
-819291347
-948838502
-948838502
-819291347
-979246728
-979246728
-819291347
-819291347
-819291347
-819291347
-819291347
-819291347
-819291347
-929587169
-929587169
-929587169
-794710667
-794710667
-594104263
-594104263
-834426209
-834426209
-642597487
-525040821
-996978215
-996978215
-996978215
-841583191
-527182534
-527182534
-527182534
-639630870
-875411779
-875411779
-875411779
-875411779
-875411779
-605495761
-605495761
-605495761
-605495761
-604232477
-692735911
-809225740
-809225740
-809225740
-809225740
-809225740
-809225740
-743434333
-842657501
-872022994
-743434333
-733440611
-733440611
-733440611
-733440611
-881788335
-932440016
-747768307
-747768307
-747768307
-719471025
-690720730
-759321162
-759321162
-993963178
-993963178
-891921253
-810712014
-982047817
-982047817
-982047817
-982047817
-975925619
-961133748
-961133748
-961133748
-920051018
-851238888
-851238888
-810712014
-810712014
-759321162
-757269685
-757269685
-757269685
-757269685
-796074425
-724801443
-724801443
-707068320
-680661917
-665560968
-665560968
-665560968
-665560968
-665560968
-801165987
-665560968
-926966478
-773217698
-750373099
-754922186
-750373099
-750373099
-661896854
-661896854
-661896854
-996671950
-996671950
-871114859
-801776056
-734887521
-734887521
-661896854
-661896854
-661896854
-661896854
-809945712
-809945712
-661896854
-651586496
-632427382
-632427382
-627069288
-625916922
-625916922
-625916922
-625916922
-622273369
-789184755
-761194599
-699888126
-679772085
-621269169
-621269169
-620782246
-802586671
-802586671
-617024189
-691425547
-691425547
-691425547
-691425547
-682519306
-682519306
-617024189
-617024189
-617024189
-617024189
-846884116
-925640297
-925640297
-925640297
-617024189
-605170479
-605170479
-880905276
-950816545
-939909403
-939909403
-939909403
-844179929
-768546723
-717819268
-977712719
-970201206
-970201206
-970201206
-970201206
-927307870
-927307870
-883231613
-883231613
-823963205
-740399855
-740399855
-740399855
-740399855
-740399855
-740399855
-740399855
-986962786
-734367038
-734367038
-672108237
-672108237
-672108237
-652711169
-652711169
-608392792
-608392792
-608392792
-608392792
-656294701
-608392792
-846365339
-993128525
-993128525
-993128525
-737098231
-714924363
-710856230
-710856230
-864844310
-864844310
-991220603
-991220603
-587277049
-576395397
-719629593
-574450058
-574450058
-574450058
-892045400
-892045400
-842345452
-842345452
-842345452
-609874264
-609874264
-566054546
-551552105
-551552105
-550819461
-550819461
-550194305
-548640487
-794314002
-547606678
-538859075
-911956857
-715592277
-722665432
-722665432
-803995923
-958714627
-958714627
-989012650
-989012650
-989012650
-989012650
-825200199
-825200199
-825200199
-825200199
-825200199
-722665432
-697434060
-606295283
-992351916
-919463247
-919463247
-620434402
-620434402
-702634564
-640636629
-640636629
-841080469
-841080469
-841080469
-841080469
-606295283
-606295283
-529463182
-529463182
-526482698
-526208843
-952949145
-948051667
-948051667
-948051667
-948051667
-948051667
-948051667
-948051667
-948051667
-820216331
-985569345
-759964955
-754598753
-754598753
-754598753
-860672609
-754598753
-754598753
-754598753
-752930601
-752930601
-908313826
-908313826
-908313826
-752930601
-689801109
-866475760
-866475760
-866475760
-670707994
-668652905
-692896366
-692896366
-692896366
-692896366
-692896366
-923688528
-923688528
-710123125
-710123125
-710123125
-710123125
-946765981
-763421542
-763421542
-968783630
-968783630
-968783630
-968783630
-968783630
-968783630
-968783630
-968783630
-968783630
-968783630
-962104820
-939861395
-939861395
-937693994
-937693994
-937693994
-937693994
-937693994
-937693994
-937693994
-861424133
-861424133
-861424133
-857243796
-857243796
-964219452
-964219452
-763421542
-763421542
-763421542
-745936667
-921738411
-921738411
-921738411
-921738411
-895758060
-745558301
-745558301
-735369536
-842082280
-735369536
-715007850
-702132808
-702132808
-785451157
-692896366
-675147744
-668652905
-668652905
-653370039
-643331514
-640500246
-851264015
-851264015
-851264015
-920461232
-906735920
-622025255
-622025255
-619593342
-609385734
-890677350
-890677350
-802801035
-802801035
-596873866
-889033233
-986742230
-675381761
-754368442
-754368442
-675381761
-947296827
-947296827
-947296827
-947296827
-815029299
-815029299
-789919086
-789919086
-755205968
-755205968
-755205968
-668721068
-668721068
-939609476
-939609476
-939609476
-864802135
-864802135
-668721068
-596873866
-690904769
-590027599
-590027599
-562103789
-997449674
-997449674
-858725777
-579856775
-689306537
-689306537
-942964529
-942964529
-942964529
-942964529
-824491243
-763203617
-937049829
-937049829
-689306537
-642738323
-968123679
-968123679
-968123679
-968123679
-968123679
-944517241
-772817224
-613699290
-604449981
-604449981
-574364463
-562904981
-562904981
-757439184
-757439184
-757439184
-757439184
-757439184
-694721431
-721665771
-721665771
-721665771
-721665771
-872492752
-872492752
-638516937
-857235348
-544614619
-544614619
-825807889
-825807889
-539673675
-539499575
-674458820
-759649398
-535197413
-535197413
-727224889
-842256817
-938606445
-842256817
-842256817
-727224889
-535197413
-911176144
-911176144
-552581240
-552581240
-790491044
-552581240
-614024603
-614024603
-614024603
-534352062
-624871104
-624871104
-624871104
-898105833
-898105833
-820211403
-820211403
-754557559
-754557559
-764858016
-848710083
-848710083
-848780647
-848780647
-887656826
-887656826
-887656826
-887656826
-826065298
-826065298
-826065298
-754557559
-705656905
-611181668
-611181668
-611181668
-611181668
-979716410
-979716410
-611181668
-685476358
-712287472
-930331546
-930331546
-712287472
-685476358
-685476358
-685476358
-941573646
-569059282
-569059282
-569059282
-566846238
-571583683
-534352062
-854606953
-854606953
-715056161
-715056161
-815146349
-917881122
-917881122
-675278738
-843701990
-843701990
-920021535
-920021535
-843701990
-843701990
-743216791
-743216791
-675278738
-675278738
-610963130
-970869396
-970869396
-970869396
-977829539
-782018797
-530871513
-955174915
-824828136
-938194742
-634791660
-575920459
-575920459
-575920459
-575920459
-529464968
-528951738
-528951738
-751174419
-690587490
-792886191
-832263135
-832263135
-832263135
-760086834
-844225758
-844225758
-949457084
-891298541
-760086834
-760086834
-760086834
-677533976
-631906351
-944103350
-603257597
-603257597
-568529071
-553737742
-549980577
-549980577
-948539639
-951808214
-951808214
-959037116
-959037116
-959037116
-959037116
-889928663
-889928663
-795217109
-795217109
-626085131
-704552738
-704552738
-744265025
-744265025
-925109518
-925109518
-748711078
-744265025
-732963169
-732963169
-704552738
-650795443
-925806488
-594165578
-594165578
-594165578
-594165578
-594165578
-592810849
-592810849
-977268554
-862065883
-833252392
-697908116
-697908116
-697908116
-831155564
-986194209
-986194209
-831155564
-540337562
-540337562
-685572385
-948892810
-948892810
-877523308
-877523308
-872074798
-911532049
-911532049
-876021518
-876021518
-876091639
-876091639
-783960074
-783960074
-882213816
-758534167
-867711032
-867711032
-867711032
-867711032
-867711032
-867711032
-867711032
-978920286
-978920286
-978920286
-873871523
-685572385
-685572385
-734600879
-728875775
-728875775
-728875775
-685572385
-679781345
-868501524
-679781345
-679781345
-615008790
-615008790
-615008790
-671953184
-671953184
-744131399
-548166953
-548166953
-546431034
-737861438
-737861438
-737861438
-737861438
-546490932
-968591033
-968591033
-968591033
-928435490
-900988917
-916658031
-916658031
-916658031
-916658031
-916658031
-916658031
-900988917
-899427756
-899427756
-899427756
-899427756
-899427756
-899427756
-760594452
-760594452
-760594452
-701018567
-900336081
-900336081
-900336081
-900336081
-900336081
-858109301
-858109301
-858109301
-858109301
-821778287
-701018567
-701018567
-856925940
-856925940
-790794892
-980723434
-980723434
-980723434
-980723434
-980723434
-786969357
-786969357
-786969357
-786969357
-925771640
-925771640
-925771640
-786969357
-686780183
-683569504
-670558968
-665478008
-634303245
-617635821
-617635821
-761874889
-761874889
-752811977
-716577359
-617635821
-617635821
-608298187
-604270629
-604270629
-604270629
-824627338
-824627338
-855795099
-855795099
-649240835
-649240835
-604203369
-604203369
-604203369
-601884214
-593337474
-593337474
-593337474
-636965554
-574732480
-565229277
-552858620
-546490932
-546431034
-546431034
-544454118
-544454118
-693261516
-693261516
-693261516
-715048286
-715048286
-693261516
-797367817
-693261516
-661546488
-941127927
-941127927
-941127927
-595202299
-595202299
-595202299
-833827352
-833827352
-592963874
-930151911
-706558853
-706558853
-706558853
-706558853
-663222108
-829033651
-829033651
-747643695
-584832488
-959819684
-885413814
-885413814
-991073227
-991073227
-562713430
-562713430
-562713430
-964077928
-562713430
-562713430
-543628921
-576840611
-549812086
-740348087
-946216633
-896601665
-896601665
-753399337
-753399337
-753399337
-753399337
-814999157
-814999157
-814999157
-740348087
-730140060
-730140060
-730140060
-730140060
-959801310
-959801310
-959801310
-701615320
-948548293
-948548293
-948548293
-948548293
-948548293
-849274531
-849274531
-849274531
-849274531
-849274531
-838349632
-832722147
-985058804
-785712286
-785712286
-785712286
-845138883
-941847096
-941847096
-941847096
-890916170
-996547083
-996547083
-996547083
-958292982
-890916170
-890916170
-845138883
-767715328
-729277520
-743838673
-701615320
-697987786
-696311622
-679876637
-679876637
-679876637
-679876637
-654872468
-654872468
-654872468
-654872468
-654872468
-654872468
-593260697
-590841755
-590586492
-730662586
-730662586
-730662586
-730662586
-730662586
-750858367
-744864082
-590586492
-834331093
-946416115
-946416115
-789151446
-645968588
-645968588
-645968588
-645968588
-645968588
-589721972
-562289255
-562289255
-540337562
-536302271
-995322416
-995322416
-995322416
-844690227
-769864100
-769864100
-980060639
-980060639
-980060639
-980060639
-980060639
-947604346
-850272157
-831157559
-831157559
-715989960
-715989960
-715989960
-950598039
-950598039
-950598039
-950598039
-950598039
-950598039
-892202464
-715989960
-868494944
-868494944
-622345110
-555218323
-664335611
-664335611
-664335611
-664335611
-664335611
-664335611
-664335611
-527833473
-998394090
-890166067
-890166067
-879449727
-879449727
-879449727
-879449727
-879449727
-873234719
-661005869
-768473098
-605937834
-524361795
-707109869
-707109869
-519361204
-519361204
-519361204
-519048037
-517704955
-766598709
-937047926
-574185170
-574185170
-779308763
-779308763
-915101564
-915101564
-763128173
-792134518
-792134518
-792134518
-763128173
-720996305
-720996305
-926811237
-926811237
-926811237
-529705777
-529705777
-529705777
-876311589
-876311589
-876311589
-515719325
-521654381
-514717410
-813162997
-822770826
-515673365
-758386960
-515673365
-515673365
-767240646
-767240646
-774527297
-774527297
-774527297
-897260208
-774527297
-613430489
-973814364
-973814364
-973814364
-973814364
-719624661
-561122355
-506532765
-506532765
-580924166
-894027192
-584114519
-580924166
-693980505
-559584878
-665937460
-665937460
-559584878
-917614451
-917614451
-641578431
-848767365
-848767365
-848767365
-942978005
-964740388
-942978005
-848767365
-766128270
-766128270
-766128270
-641578431
-641578431
-551558486
-551558486
-651139744
-651139744
-651139744
-720471289
-720471289
-651139744
-661663649
-661663649
-856532184
-506266227
-869829313
-869829313
-869829313
-906263185
-906263185
-778526860
-778526860
-778526860
-617680653
-994571533
-994571533
-684319866
-773615925
-559575057
-885148349
-885148349
-885148349
-731290919
-731290919
-892966346
-892966346
-892966346
-892966346
-809819532
-809819532
-809819532
-764841464
-986046006
-764841464
-736254600
-563824992
-547997774
-547997774
-547997774
-744668891
-744668891
-558774612
-531374977
-983335762
-716288233
-716288233
-531374977
-531374977
-512284530
-512284530
-504611580
-504478545
-976556715
-976556715
-976556715
-976556715
-976556715
-977670680
-977670680
-977670680
-977670680
-925822977
-907696717
-907696717
-907696717
-907696717
-961680469
-961680469
-961680469
-879095600
-866973981
-656590948
-869148995
-839164133
-839164133
-587246761
-503106159
-765906175
-746134900
-984707217
-957629326
-957629326
-957629326
-776885712
-847914577
-847914577
-664876588
-664876588
-864946199
-664876588
-611665029
-611665029
-962413569
-893884140
-866619271
-611665029
-607138683
-578292657
-825850165
-987820938
-987820938
-987820938
-987820938
-987820938
-987820938
-987820938
-987820938
-987820938
-825850165
-825850165
-877532539
-877532539
-981153740
-825850165
-819541978
-819541978
-659687835
-810645463
-938479593
-938479593
-603180258
-903922746
-603180258
-788120156
-587482923
-663512834
-760735358
-581120939
-566591741
-555293492
-544755393
-544755393
-544755393
-544755393
-544755393
-544755393
-518376163
-518376163
-518376163
-518376163
-683276970
-683276970
-829682636
-683276970
-683276970
-683276970
-966698537
-966698537
-966698537
-997607705
-997607705
-595189503
-574692545
-899068514
-899068514
-740978647
-518376163
-650057339
-753017180
-517746533
-517746533
-517746533
-501668082
-501668082
-501178286
-497109960
-716294725
-716294725
-492426349
-492319943
-779303687
-779303687
-648431220
-668454157
-668454157
-668454157
-918602426
