768816842
-71605688
-675232779
-675232779
-609997418
-609997418
-280256907
-280256907
-721199777
-721199777
-754471282
-754471282
-721199777
-698296127
-693105401
-693105401
-693105401
-674310440
-514809592
-816233440
-422774397
-422774397
-345711393
-750897553
-974672293
-974672293
-974672293
-849800735
-849800735
-849800735
-868934734
-848779783
-869266049
-869266049
-848779783
-815268443
-750897553
-710940399
-877247423
-734615673
-734615673
-933124767
-933124767
-916845475
-615357624
-625079296
-545922618
-545922618
-980338942
-980338942
-934091472
-922960259
-847497571
-749222563
-616617312
-616617312
-616617312
-886820101
-646139490
-882092742
-882092742
-578598810
-578598810
-578598810
-578598810
-775816329
-705016162
-668492559
-587690909
-575891838
-881151657
-881151657
-786392040
-751352749
-751352749
-751352749
-751352749
-751352749
-751352749
-751352749
-678607397
-678607397
-678607397
-678607397
-939039471
-657124743
-898970636
-536931061
-642806806
-536931061
-536931061
-536931061
-536931061
-610005011
-610005011
-530493410
-706214371
-804708475
-703556999
-471007581
-458538827
-458538827
-411265843
-498311886
-498311886
-411265843
-411265843
-829444290
-402337232
-954925991
-954925991
-905077000
-701979155
-602314832
-602314832
-468389914
-402337232
-400067074
-400067074
-392567975
-392567975
-381655276
-380609590
-373720167
-373720167
-800564415
-362350435
-336639421
-318460714
-947174850
-947174850
-947174850
-928347076
-928347076
-737874074
-733707033
-583420604
-314643278
-314643278
-673432250
-670408002
-649119711
-372737799
-831908490
-372737799
-360131651
-312633545
-691345377
-919027033
-919027033
-919027033
-691345377
-691345377
-691345377
-691345377
-691345377
-691345377
-654008986
-641805359
-579963250
-579963250
-594011673
-594011673
-519151011
-676218588
-920227946
-519151011
-899287924
-562950444
-708869444
-695854187
-695854187
-675624364
-751858773
-806075897
-806075897
-806075897
-806075897
-806075897
-562950444
-532423481
-621604906
-918888281
-918888281
-918888281
-892340651
-892340651
-892340651
-852430860
-852430860
-838220129
-838220129
-996714511
-996714511
-996714511
-996714511
-838220129
-838220129
-817614010
-765257231
-751851792
-751851792
-751851792
-751851792
-751851792
-651359253
-651359253
-651359253
-651359253
-651359253
-650422623
-650422623
-650422623
-591270779
-591270779
-590390845
-838711148
-589051191
-528201843
-801021329
-528201843
-528201843
-958416201
-762924356
-749375323
-522877467
-829003703
-829003703
-829003703
-829003703
-770751826
-670181106
-814958887
-514998602
-729974725
-514998602
-507381043
-507381043
-843813041
-632471949
-681612617
-681612617
-681612617
-681612617
-858290149
-810062014
-810062014
-632471949
-632471949
-507381043
-784676164
-784676164
-572018430
-507381043
-507381043
-507381043
-507381043
-507381043
-488364657
-944580890
-488364657
-485141806
-717542653
-717542653
-485141806
-481011478
-614157436
-465259751
-465259751
-460794752
-431747920
-431747920
-404268034
-404268034
-939118688
-939118688
-719687156
-512525106
-456037555
-456037555
-456037555
-440484564
-440484564
-528519449
-528519449
-386550246
-920578497
-920578497
-985635201
-887685351
-887685351
-887685351
-658250896
-655883280
-845151130
-845151130
-503442972
-503442972
-470185826
-470185826
-381108501
-956445074
-956445074
-956445074
-725463182
-725463182
-725463182
-809540319
-784294968
-396261428
-405909702
-406032456
-406032456
-706896238
-706896238
-528002664
-837928582
-811534675
-605152596
-605152596
-405909702
-405909702
-405909702
-405909702
-523086939
-523086939
-798749283
-798749283
-719800040
-719800040
-879600894
-697964783
-754486663
-754486663
-754486663
-945876164
-945876164
-841141108
-801392691
-681716921
-623383502
-555412096
-984685676
-984685676
-996532812
-996532812
-996532812
-984685676
-984685676
-652235291
-883211760
-504580481
-493025459
-781512851
-889800075
-696987490
-696987490
-788414191
-883919454
-779881430
-696987490
-696987490
-696987490
-654217911
-654217911
-806062629
-576941161
-561315931
-561315931
-919051691
-919051691
-561315931
-561315931
-518223606
-750968058
-792730363
-541717917
-674960945
-495773999
-495773999
-607604061
-607604061
-606329830
-432396915
-832687109
-678525790
-678525790
-678525790
-678525790
-678525790
-678525790
-678525790
-677226826
-677226826
-677226826
-463055179
-463055179
-395257380
-394506064
-793933413
-793933413
-793933413
-674690519
-433999250
-927804598
-855771726
-855771726
-731388338
-731388338
-948318656
-948318656
-948318656
-910072978
-910072978
-906785360
-904315662
-904315662
-766573080
-766573080
-731388338
-752092900
-752092900
-677775789
-915756816
-651983613
-980498870
-601435761
-997741659
-997741659
-762250896
-590702232
-590702232
-579116151
-831237213
-663389152
-586280299
-733129251
-733129251
-733129251
-733129251
-733129251
-733129251
-779763881
-665344874
-927440283
-927440283
-665344874
-665344874
-942587845
-697543386
-697543386
-586280299
-586280299
-794986068
-781304141
-781304141
-858992920
-858992920
-663360283
-579116151
-577719440
-577719440
-570595478
-988513864
-988513864
-570595478
-719468568
-719468568
-719468568
-712516421
-712516421
-712516421
-710958200
-896692580
-896692580
-896692580
-896692580
-892027038
-892027038
-892027038
-984515094
-802905973
-842119900
-842119900
-842119900
-689490744
-689490744
-685888099
-685888099
-618697978
-651490500
-618697978
-618697978
-618697978
-614541375
-614541375
-614541375
-565264777
-565264777
-703863017
-565264777
-600888420
-600888420
-600888420
-785233842
-785233842
-600888420
-600888420
-554461387
-551627384
-551627384
-943055476
-593760060
-575149832
-575149832
-530811859
-927131442
-927131442
-805491801
-805491801
-788293182
-889829457
-889829457
-889829457
-889829457
-789205825
-707627705
-707627705
-615920106
-636350486
-636350486
-919314903
-919314903
-919314903
-769687872
-769687872
-853512664
-853512664
-853512664
-797845921
-797845921
-994977059
-994977059
-797845921
-950706647
-752507899
-636350486
-636350486
-631977077
-631977077
-933416251
-631977077
-678011807
-678011807
-517878792
-517302380
-517302380
-508097302
-508097302
-600479333
-600479333
-508097302
-502768530
-502768530
-723065789
-490280869
-566404138
-566404138
-664082858
-664082858
-998764873
-998764873
-998764873
-998764873
-998764873
-878351648
-878351648
-880685405
-880685405
-878351648
-748888475
-816204588
-566404138
-566404138
-566404138
-566404138
-884172533
-644416734
-991465015
-736756157
-736756157
-644416734
-644416734
-699463178
-783714689
-783714689
-783714689
-783714689
-783714689
-644416734
-591884999
-559733163
-559733163
-559733163
-559733163
-559733163
-512391505
-506891641
-858360218
-858360218
-858360218
-858360218
-708248568
-666588773
-666588773
-556321457
-490280869
-958537180
-928457459
-738896323
-939604545
-738896323
-633759734
-516895317
-516895317
-517324349
-916800663
-916800663
-916800663
-916800663
-916800663
-916800663
-865164368
-865164368
-865164368
-865164368
-865164368
-517324349
-992902460
-503992960
-503992960
-849539906
-681154350
-566673766
-566673766
-751241298
-751241298
-751241298
-751241298
-584324562
-584324562
-811123596
-745381100
-584324562
-584324562
-603955303
-603955303
-630244148
-902411904
-943776205
-943776205
-943776205
-943776205
-630244148
-847715806
-847715806
-847715806
-847715806
-730373376
-630244148
-948104011
-948104011
-730754180
-730754180
-537960882
-525589895
-518220703
-503992960
-503992960
-490540968
-478271467
-478271467
-475103534
-903215643
-903215643
-918657788
-918657788
-918657788
-918657788
-903215643
-903215643
-903215643
-903215643
-776544260
-765416002
-765416002
-750330451
-794361916
-794361916
-794361916
-761983678
-585508467
-988573946
-988573946
-937402588
-877031440
-966935265
-874324758
-874324758
-830952899
-830952899
-710467745
-948441039
-948441039
-681507016
-681507016
-944894983
-944894983
-874459138
-874459138
-873687798
-763233163
-719882471
-899990950
-899990950
-845481319
-845481319
-982976839
-982976839
-828451666
-747592511
-747592511
-974742637
-974742637
-974742637
-974742637
-919101608
-996686345
-908181067
-776206242
-669680024
-804986669
-804986669
-804986669
-804986669
-898341318
-669680024
-669680024
-615376041
-615376041
-615376041
-585683056
-585508467
-585508467
-561765218
-907857131
-907857131
-907857131
-907857131
-907857131
-820844525
-820844525
-719598553
-762280381
-762280381
-762280381
-762280381
-762280381
-998256005
-673278503
-851581863
-851581863
-851581863
-851581863
-712431582
-712431582
-712431582
-712431582
-712431582
-757663969
-757663969
-757663969
-757663969
-617417066
-617417066
-617417066
-617417066
-610463130
-609961300
-609961300
-609961300
-746815725
-596726176
-596726176
-929372373
-929372373
-803776873
-928614409
-555546189
-550311957
-550311957
-570884299
-545246279
-543243459
-543243459
-541314374
-541314374
-788674267
-701362519
-670152292
-670152292
-898624135
-898624135
-670152292
-810261791
-810261791
-810261791
-642148902
-931069471
-734446014
-621179548
-947407997
-621179548
-782778593
-782778593
-743135138
-784338146
-784338146
-784338146
-920813311
-920813311
-667619229
-667619229
-667619229
-667619229
-664291567
-664291567
-664291567
-664291567
-579930475
-817991531
-817991531
-817991531
-613181186
-608745238
-608745238
-608745238
-925198885
-925198885
-925198885
-932815114
-807324073
-770798138
-770798138
-770798138
-770798138
-770798138
-770798138
-940829253
-940829253
-920484497
-920484497
-769046957
-769046957
-804041314
-768445695
-623699805
-930581813
-930581813
-930581813
-930581813
-894396685
-894396685
-894396685
-894396685
-894396685
-842785941
-842785941
-914602324
-842785941
-761593836
-761593836
-761593836
-871207053
-965478856
-965478856
-965478856
-965478856
-593153951
-994840124
-994840124
-880803385
-880803385
-880803385
-669299831
-669299831
-768522157
-818990173
-701910239
-701910239
-669299831
-815767105
-579930475
-564774523
-564774523
-726267858
-726267858
-556106529
-555976908
-554709400
-554709400
-977433437
-977433437
-921932576
-800691580
-560061006
-560061006
-569793763
-569793763
-688776836
-688776836
-688776836
-560061006
-560061006
-872835197
-733203431
-903073578
-733203431
-668165169
-905683070
-905683070
-615976656
-615976656
-592266492
-592262641
-592262641
-592262641
-592262641
-592262641
-592262641
-560061006
-560061006
-938551918
-938551918
-938551918
-938551918
-936930418
-936930418
-936930418
-648669151
-648669151
-939400717
-597929730
-540706718
-967582006
-540495958
-540495958
-539373314
-658791475
-658791475
-658791475
-658791475
-658791475
-665261506
-820171867
-665261506
-619040916
-574919272
-530203415
-530203415
-522226195
-839028232
-865320596
-839028232
-839028232
-839028232
-993840473
-993840473
-516950459
-848078146
-848078146
-837575161
-835250318
-835250318
-763213525
-669230428
-669230428
-669230428
-669230428
-669230428
-639564356
-604696311
-988527677
-516950459
-857129606
-889312499
-889312499
-897584987
-507717419
-507717419
-647953481
-564993293
-800469394
-800469394
-800469394
-559640775
-981888196
-981888196
-518140299
-922231700
-927197059
-927197059
-975763172
-975763172
-975763172
-975763172
-975763172
-975763172
-878608965
-849707778
-849707778
-849707778
-757733864
-757733864
-814631854
-814631854
-743935858
-939755737
-698360903
-679755482
-551421482
-551421482
-551421482
-551421482
-544110838
-544110838
-542394908
-542394908
-976504175
-976504175
-786331198
-786331198
-862595183
-542394908
-615758391
-615758391
-615758391
-615758391
-615758391
-615758391
-615758391
-615758391
-615758391
-542394908
-605316670
-605316670
-605316670
-542394908
-541816841
-558392219
-558392219
-558392219
-558392219
-873554470
-873554470
-551708921
-551708921
-537262346
-537262346
-530838393
-537850518
-721411742
-721411742
-721411742
-721411742
-661448878
-537850518
-523246705
-942951106
-947052542
-942951106
-920482806
-920482806
-920482806
-920482806
-920482806
-811549565
-766072985
-766072985
-766072985
-745569671
-745569671
-827252794
-745569671
-773956030
-760826425
-760826425
-745569671
-745569671
-744690809
-857539007
-857539007
-857539007
-857539007
-988420515
-857539007
-857539007
-857539007
-834850048
-823417293
-823417293
-798370373
-653406931
-617145892
-955199353
-955199353
-955199353
-646891914
-616316889
-616316889
-601603308
-601603308
-600088754
-597215361
-570704008
-570704008
-562067843
-914509456
-914509456
-914509456
-941458056
-914509456
-877617054
-684182836
-684182836
-681598182
-664571445
-927699333
-927699333
-908468375
-664571445
-871255626
-999727095
-972459342
-972459342
-972459342
-970815592
-866870564
-866870564
-866870564
-866870564
-866870564
-866870564
-866870564
-866870564
-775668370
-714354123
-714354123
-607116876
-607116876
-552556616
-552556616
-552556616
-552556616
-719200382
-719200382
-953799375
-953799375
-953799375
-612687812
-536590510
-533454285
-533454285
-533454285
-799997451
-799997451
-963719390
-799997451
-799997451
-799997451
-799997451
-771166752
-771166752
-934293794
-736321994
-652270409
-652270409
-999924798
-813044916
-813044916
-835944110
-835944110
-835944110
-600584168
-924026524
-557333672
-796659911
-557333672
-557333672
-557333672
-538037662
-538037662
-528408531
-527302781
-527302781
-526423750
-526423750
-668768219
-722762867
-722762867
-531863940
-757097980
-616356221
-616356221
-770584308
-888037674
-888037674
-888037674
-855451734
-695474825
-616356221
-616356221
-616356221
-616356221
-616356221
-616356221
-646589764
-616356221
-736358877
-736358877
-602983044
-531863940
-576673064
-510762646
-510762646
-714768978
-714768978
-714768978
-714768978
-833118477
-833118477
-691700815
-722962201
-722962201
-722962201
-716110575
-525288060
-559696718
-559696718
-559696718
-961961968
-874192206
-952564216
-901945415
-949848730
-949848730
-802121656
-802121656
-802121656
-735097310
-714576786
-830284676
-830284676
-968942964
-747738728
-734510905
-734510905
-734510905
-932764113
-827859565
-734510905
-749036371
-714576786
-804236741
-700704814
-670205433
-925771499
-925771499
-819519203
-642717355
-642193438
-614109379
-614109379
-614109379
-595689596
-595689596
-595689596
-579636832
-557884287
-557884287
-555110491
-836558119
-515608037
-515608037
-909913941
-510186343
-790879358
-968279510
-841916119
-516304678
-503987259
-503987259
-501972792
-815280455
-955763402
-955763402
-955763402
-815280455
-703649745
-811709108
-811709108
-722552577
-722552577
-710758058
-688991432
-599480798
-599480798
-599480798
-599480798
-646781004
-586863855
-586863855
-921906818
-507845922
-504325086
-504325086
-500337064
-793726396
-793726396
-660899676
-819125798
-793398441
-793398441
-872018647
-914572633
-914572633
-914572633
-914572633
-914572633
-728837171
-728837171
-728837171
-968421090
-968421090
-968421090
-968421090
-968421090
-968421090
-829015975
-829015975
-829015975
-829015975
-829015975
-829015975
-762690986
-762690986
-768059522
-768059522
-768059522
-745014949
-865395244
-745014949
-745014949
-745014949
-745014949
-745014949
-745014949
-745014949
-745014949
-722842655
-700215235
-687546656
-668179523
-668179523
-668179523
-668179523
-668179523
-668179523
-941008870
-941008870
-668179523
-856277350
-920527724
-938695261
-994134994
-994134994
-994134994
-994134994
-994134994
-994134994
-994134994
-938695261
-938695261
-938695261
-938695261
-938695261
-922323204
-922323204
-920527724
-821792341
-784302185
-889883026
-889883026
-784302185
-784302185
-784302185
-720422780
-817800050
-720422780
-792803236
-786433803
-673951361
-985943989
-985943989
-668179523
-668179523
-666887587
-626480081
-991669824
-991669824
-991669824
-991669824
-991669824
-841562894
-623374241
-623374241
-623374241
-894462185
-623374241
-909124329
-618040646
-613099342
-613099342
-613099342
-821345616
-681930330
-681930330
-604082875
-925099952
-925099952
-835030649
-807098564
-804615368
-804615368
-688886246
-677464067
-604082875
-604082875
-604082875
-598810365
-929438029
-650768927
-883705698
-883705698
-916060703
-916060703
-797041578
-797041578
-695237270
-695237270
-595197109
-595197109
-606513079
-640539683
-677321047
-677321047
-677321047
-677321047
-677321047
-640539683
-640539683
-640539683
-640539683
-875076659
-875076659
-738666840
-738666840
-633983168
-798423252
-938852893
-642355835
-642355835
-576526386
-576526386
-930484206
-576526386
-576526386
-576526386
-933447275
-570814483
-570814483
-614019040
-568277434
-566820646
-639561878
-559089126
-559089126
-549185266
-549185266
-549185266
-837724438
-549185266
-544102041
-527442220
-808014278
-756924021
-756924021
-677729174
-763661565
-691969674
-601895203
-559935554
-734228410
-833652780
-838629665
-838629665
-838629665
-838629665
-838629665
-838629665
-838629665
-747359619
-596853702
-945342007
-886909142
-962264048
-962264048
-858625306
-858625306
-858625306
-858625306
-858625306
-858625306
-640021328
-640021328
-829173114
-829173114
-829173114
-632548756
-627599772
-928203146
-928203146
-928203146
-928203146
-810054902
-795072726
-795072726
-792447202
-792447202
-768697930
-768697930
-698030746
-698030746
-698030746
-698030746
-805884106
-882837703
-655960315
-940757852
-626133921
-617628179
-633432445
-633432445
-633432445
-633432445
-617628179
-617628179
-778118946
-961089817
-778118946
-778118946
-637736824
-617628179
-710970014
-710970014
-819030252
-860670720
-804815768
-804815768
-804815768
-888996278
-888996278
-888996278
-888996278
-867368141
-977478197
-977478197
-914647234
-867368141
-804815768
-769647123
-769647123
-750983531
-750983531
-689662122
-689662122
-947536397
-947536397
-713969116
-713969116
-679300751
-890200367
-650431324
-846089829
-846089829
-846089829
-846089829
-836013035
-706331878
-706331878
-706331878
-698567723
-816006086
-917825382
-917825382
-816006086
-816006086
-647079745
-646800219
-786650602
-786650602
-912302538
-912302538
-883765592
-864443188
-786650602
-786650602
-646800219
-899710154
-812681510
-812681510
-646800219
-646800219
-853186256
-674006078
-674006078
-674006078
-674006078
-674006078
-645515313
-645515313
-645515313
-665511227
-665511227
-645515313
-975172896
-604435244
-604435244
-604435244
-655890360
-655890360
-930864609
-930864609
-968279991
-992621680
-963489972
-963489972
-947139233
-947139233
-930864609
-892556362
-892556362
-892556362
-892556362
-892556362
-892556362
-892556362
-839450370
-784603154
-879227025
-879227025
-879227025
-732033087
-732033087
-732033087
-655890360
-655890360
-652718111
-652718111
-984884344
-984884344
-984884344
-984884344
-636980011
-754431945
-965907276
-870951933
-870951933
-870951933
-870951933
-619198246
-846629176
-846629176
-761284779
-714561217
-714561217
-714561217
-627748221
-627748221
-604191502
-604191502
-816303434
-964804244
-921770452
-921770452
-921770452
-921770452
-921770452
-872370682
-816303434
-816303434
-816303434
-816303434
-816303434
-871468580
-871468580
-871468580
-871468580
-956063131
-956063131
-956063131
-956063131
-956063131
-956063131
-878325831
-878325831
-878325831
-878325831
-878325831
-878325831
-864517871
-822671754
-973647103
-973647103
-973647103
-822671754
-822671754
-816303434
-847415438
-847415438
-847415438
-847415438
-847415438
-832304519
-771963460
-739935394
-939699375
-939699375
-781004151
-781004151
-928604691
-928604691
-928604691
-928604691
-990218952
-813355106
-792898324
-781004151
-772900556
-729293317
-888359486
-888359486
-888359486
-824007112
-824007112
-824007112
-824007112
-824007112
-824007112
-861068269
-861068269
-996533483
-861068269
-949071080
-969786370
-796753144
-796753144
-796753144
-973431342
-973431342
-796753144
-755490489
-755490489
-755490489
-704958702
-704958702
-704958702
-704958702
-704958702
-704958702
-704958702
-704958702
-704958702
-704958702
-704958702
-918263781
-918263781
-918263781
-918263781
-700899024
-700899024
-686039965
-686039965
-686039965
-686039965
-680841654
-679911062
-679911062
-679911062
-669257967
-840277147
-702292270
-702292270
-628743267
-883434233
-883434233
-883434233
-883434233
-628053277
-980054270
-980054270
-980054270
-980054270
-601224699
-599267296
-599267296
-925393032
-740292667
-740292667
-740292667
-740292667
-818397875
-818397875
-818397875
-818397875
-591024239
-591024239
-591024239
-936178069
-936178069
-591024239
-591024239
-591024239
-591024239
-591024239
-591024239
-591024239
-627830184
-843261484
-589239085
-589239085
-702426559
-702426559
-702426559
-702426559
-702426559
-702426559
-702426559
-702426559
-702426559
-589138187
-628866484
-589138187
-589138187
-589138187
-865790835
-589138187
-589138187
-589138187
-589138187
-588127666
-584444821
-808136562
-808136562
-808136562
-920383381
-808136562
