632830
1429
1584
36561
502691
396361
383982
478032
228260
396215
7471
451576
357331
45784
79767
59018
304034
0
516947
1532
443086
70869
165267
477742
51
562439
567
530
387583
1231
0
718050
3038
344007
433002
76
715401
624790
394525
537439
584015
262
10
180
222184
610
266
108
217765
56705
42114
14
355
304
150984
326612
3110
20
36874
349
139594
14
10
305284
442749
26205
414795
404081
152170
452908
483
43868
108870
6095
2125
700966
292306
22
336382
56737
142659
414280
362130
154938
220
351951
10
136888
322704
