19003
64351
105150
50786
54079
25034
36329
74711
72294
82718
99174
60613
61543
103101
15595
95259
44658
90930
66509
106767
81754
11264
119691
73306
106081
77192
135067
89066
95969
109859
129368
67718
111077
118681
35389
51804
54219
102033
26865
66058
60946
62810
109612
66123
75767
98151
53201
104000
28157
111791
88873
83308
128029
73646
91470
59707
85156
74653
24385
101526
53821
72588
38459
92074
45387
101994
85891
42097
53346
84942
85815
72246
45075
38672
98030
79542
58354
14217
69184
77451
15922
76824
19018
109196
107916
90662
57950
52437
39870
95804
67332
81892
80521
76263
53565
62330
72109
43253
19232
