103019
38075
55665
86595
40760
80277
24926
102239
87222
51477
96121
76058
136091
65898
72149
61972
123119
63451
25976
35207
69558
75223
112570
92593
3124
56476
139988
102162
52161
17831
74960
63399
128886
67554
32606
31271
99514
17291
47367
80377
79896
115155
19171
98094
103664
41381
68584
33070
38522
86049
50227
42801
83876
34890
80032
48244
112956
27197
22156
85335
18389
96048
54707
93724
89750
17790
16506
52576
8300
132384
38279
16877
94038
82414
51008
118190
62474
77042
89432
68235
35779
41046
