42254
138108
28476
44959
86462
105427
92124
67856
51077
103372
72063
48861
39864
84955
64632
26152
47628
118559
89660
94465
48656
134731
89810
96940
105130
93829
107382
53554
90176
26598
117378
58110
52542
49423
42055
71350
107609
57146
63687
99064
61023
115610
22525
82599
101560
84481
116096
69797
46994
110643
57932
38151
56099
67184
99582
114301
55841
13772
80517
59235
106882
26232
15496
52675
54098
74037
70949
126566
97398
114909
82378
33000
56209
52874
88214
94100
51447
91865
100429
90658
65119
