616 
316 120 
370 714 882 
548 398 452 7 
922 56 661 203 31 
683 143 341 606 605 746 
61 575 524 187 190 612 44 
518 96 613 672 368 349 495 542 
969 1 278 736 69 414 110 422 946 
527 496 178 669 844 266 102 685 362 239 
204 238 801 217 268 990 215 350 204 562 124 
490 667 956 322 813 193 678 216 496 672 396 609 
792 147 163 770 681 818 178 354 421 60 609 387 179 
743 310 157 854 447 728 271 937 916 344 48 184 541 47 
482 171 119 231 209 95 196 212 892 725 718 789 269 583 627 
868 972 118 661 185 812 458 734 675 12 987 850 669 496 492 184 
498 933 2 699 801 87 516 712 450 149 598 912 416 875 655 338 99 
986 440 469 914 384 212 915 862 570 639 808 552 44 511 819 649 159 213 
837 926 958 222 175 243 174 754 845 163 816 566 238 181 178 754 106 243 712 
668 3 606 938 311 44 571 718 705 151 688 898 216 492 309 928 440 815 486 772 
209 264 782 854 436 684 34 464 419 160 76 796 958 628 597 91 64 181 19 445 946 
410 360 7 150 61 591 544 572 102 905 206 663 744 440 948 444 502 570 456 497 336 928 
664 625 970 852 692 520 616 897 881 263 550 551 65 138 800 96 745 566 419 375 964 519 30 
412 6 928 729 494 304 728 780 285 643 336 767 339 259 164 72 414 976 924 129 554 173 501 87 
233 737 917 506 601 26 783 295 820 235 511 382 550 895 388 119 189 752 198 117 847 857 443 941 26 
