214 
247 873 
456 137 351 
778 817 821 232 
524 54 769 382 2 
761 975 501 730 850 556 
490 651 737 635 915 674 829 
217 560 62 135 889 991 548 348 
883 920 108 768 251 945 621 51 359 
221 686 626 948 362 864 876 312 452 383 
140 938 865 295 907 618 776 150 830 376 984 
894 643 625 141 547 152 858 168 870 427 455 644 
134 660 698 325 399 574 542 121 745 672 166 633 311 
394 870 241 340 675 817 331 603 368 55 397 25 421 58 
773 903 451 521 143 70 493 420 387 556 948 368 715 292 546 
475 587 381 531 524 104 490 775 242 885 48 51 745 199 221 72 
864 368 504 641 85 301 436 907 954 455 98 474 679 956 956 361 840 
409 934 227 371 621 310 221 367 909 351 893 939 667 556 649 445 317 876 
688 313 618 158 214 8 769 560 7 27 724 558 474 313 379 243 920 549 569 
474 272 139 645 995 641 258 729 940 936 251 409 909 830 791 768 667 833 806 239 
316 450 138 121 171 947 407 82 727 567 24 262 90 194 362 106 245 404 462 777 299 
472 957 428 144 737 159 841 862 554 672 472 705 354 50 872 324 636 439 310 843 429 903 
780 488 937 413 898 389 699 254 425 255 86 586 588 729 476 632 288 314 22 726 214 108 398 
884 861 264 868 533 707 531 99 140 256 660 405 335 123 322 794 861 612 311 431 43 106 994 618 
220 62 934 334 73 391 609 149 985 101 261 311 605 793 484 942 361 407 332 969 475 264 814 723 776 
554 641 875 191 324 450 307 359 728 167 219 574 624 380 784 643 794 728 378 670 113 63 639 829 884 33 
988 916 865 779 146 456 482 630 285 351 811 968 952 622 51 769 814 937 374 247 964 806 965 898 189 151 169 
420 24 792 310 705 463 356 149 558 396 335 324 734 624 828 710 35 160 673 220 120 143 385 511 577 122 506 625 
933 949 632 408 637 453 825 309 549 649 909 578 88 565 201 582 111 611 657 779 741 199 553 720 145 585 274 567 511 
939 386 252 406 153 246 603 781 606 829 525 481 735 616 458 828 399 978 359 819 406 787 877 784 21 182 761 873 595 643 
302 293 16 662 442 471 14 131 143 252 367 415 24 870 368 420 593 485 600 749 356 362 34 61 408 597 295 229 901 753 650 
19 53 551 780 442 86 206 822 602 15 729 1000 662 300 238 378 151 1000 297 190 251 817 271 437 656 847 236 402 22 193 717 252 
135 658 926 150 925 636 265 424 435 646 318 987 97 583 357 345 105 796 61 849 245 965 335 302 511 137 480 102 510 654 355 300 112 
830 398 32 809 46 610 549 351 148 790 595 924 932 606 521 5 605 792 253 845 704 193 605 2 212 217 97 595 493 466 206 960 361 741 
542 962 766 932 472 83 667 215 309 291 92 75 955 898 272 448 188 563 483 171 149 570 621 900 440 525 168 273 802 696 469 745 421 663 600 
196 826 352 57 498 290 575 702 739 495 171 758 591 251 975 405 100 3 593 387 521 818 643 139 804 708 245 702 405 619 360 822 808 262 124 371 
432 877 275 473 235 466 162 721 122 996 804 623 688 233 694 472 869 865 979 913 820 800 295 520 470 504 542 542 198 173 603 811 156 271 225 330 498 
929 53 25 445 580 109 648 703 826 236 171 894 706 91 580 875 408 196 583 685 682 616 292 572 906 267 504 751 727 3 932 167 587 188 685 674 438 734 
706 557 817 667 846 658 180 596 740 192 399 364 29 137 140 888 158 804 389 289 321 164 172 316 452 391 257 832 264 608 680 283 59 22 8 382 974 331 605 
447 154 184 375 659 681 121 297 401 384 333 965 830 227 848 893 561 996 295 891 528 89 375 832 107 180 907 198 800 778 17 422 294 133 214 4 986 330 166 398 
976 707 591 536 586 125 693 52 392 16 765 279 569 964 575 290 218 967 585 157 376 239 453 939 873 571 344 281 228 371 581 523 564 187 120 824 689 357 612 273 934 
86 772 193 655 657 998 881 37 784 459 188 82 295 360 192 372 836 27 477 772 194 337 311 447 934 144 831 896 93 14 146 748 332 312 552 748 38 916 846 974 378 128 
717 51 64 321 837 94 596 50 159 895 191 574 227 284 161 317 817 352 462 588 511 682 910 595 214 643 363 47 957 668 717 832 741 470 617 300 771 287 78 130 65 372 735 
