1
12
9
7
28
21
24
7
32
24
12
10
21
22
21
18
25
22
45
8
13
6
14
16
46
27
15
46
28
19
15
11
24
8
7
30
16
28
11
23
9
18
10
10
26
25
9
25
23
27
21
24
6
14
17
22
21
9
10
28
18
6
22
26
23
13
30
33
17
23
24
16
12
17
17
27
18
4
7
9
16
39
13
20
15
36
26
32
21
13
9
32
20
9
46
37
44
5
29
12
21
38
22
10
16
12
21
23
2
44
27
8
10
12
24
39
20
16
2
36
33
25
23
5
8
8
16
26
11
9
22
33
37
40
15
16
36
17
15
14
20
23
23
26
20
13
20
7
46
19
7
23
45
33
10
12
27
25
10
22
7
13
13
38
8
25
8
7
27
21
9
12
37
15
23
11
13
21
17
38
15
10
9
24
33
22
12
26
25
27
29
40
9
12
44
10
11
15
23
9
18
31
20
26
27
24
28
26
23
28
11
15
19
9
9
33
27
23
17
34
8
22
8
21
43
41
17
25
18
23
43
21
31
24
12
19
9
23
11
11
14
24
28
22
35
17
20
22
22
43
17
14
25
18
20
22
35
28
25
25
17
13
8
29
14
9
21
36
16
8
34
23
10
6
24
14
25
9
23
19
9
32
33
6
16
18
21
8
24
27
8
12
19
29
9
9
23
30
22
10
9
42
9
23
10
11
9
21
24
5
25
22
21
7
44
8
21
21
3
22
42
22
26
14
19
30
30
31
22
18
29
20
21
13
19
6
23
37
31
9
12
24
21
22
20
15
19
26
27
24
25
20
40
29
15
42
36
24
41
41
24
23
39
28
