1
14
28
28
15
21
15
23
32
21
29
23
27
23
26
23
27
27
27
23
29
11
17
24
28
19
29
10
17
31
16
20
21
11
14
24
23
24
15
29
32
11
12
27
20
19
24
30
24
23
26
23
27
29
14
23
28
24
14
27
25
22
28
28
13
11
17
33
20
5
22
16
20
28
10
26
27
27
21
20
31
22
27
16
25
24
5
27
24
29
15
28
32
26
28
25
23
24
31
23
20
24
7
31
22
7
26
27
13
20
18
12
22
19
24
27
28
25
10
19
30
13
26
13
27
20
26
7
31
15
20
21
16
32
16
21
7
27
12
11
13
25
25
8
13
17
22
19
25
26
18
33
21
9
22
28
24
28
15
19
28
28
19
15
27
18
26
29
29
28
15
34
29
25
10
10
28
24
22
24
28
26
32
23
18
28
25
32
28
23
15
19
24
22
14
18
26
23
29
26
14
24
16
12
13
12
16
8
30
14
22
33
25
6
19
22
29
17
27
23
29
22
29
20
10
16
25
28
28
28
27
29
28
14
25
13
28
14
13
20
28
16
14
29
13
28
29
23
23
25
25
21
29
23
30
30
22
27
22
28
26
28
16
10
26
26
29
29
27
22
25
29
15
27
23
29
27
22
23
22
25
10
2
6
22
11
26
17
30
29
20
17
22
29
8
15
28
32
24
29
32
31
17
15
29
28
17
11
24
23
21
22
25
23
12
13
4
10
21
35
29
16
22
10
12
22
18
21
9
21
22
29
25
27
19
21
30
27
27
23
26
11
20
23
20
18
26
17
22
28
25
14
31
31
27
13
23
28
19
17
15
15
15
24
28
21
21
25
8
28
24
17
16
19
13
24
16
15
15
14
27
9
19
25
25
25
23
24
23
9
14
27
19
29
24
23
9
26
31
15
20
30
6
23
6
26
16
25
26
19
20
20
29
25
24
29
19
29
21
21
28
15
24
19
11
16
32
21
25
25
27
25
18
12
24
22
25
13
31
24
28
9
11
29
12
25
20
25
24
29
32
14
25
15
21
28
18
12
29
25
23
17
23
9
23
24
26
24
25
13
26
29
9
29
19
13
27
20
27
18
22
12
29
17
27
19
24
25
26
31
28
27
24
17
25
13
9
32
24
13
23
18
16
21
31
30
28
21
7
22
26
21
3
16
29
31
26
26
31
20
26
30
18
26
14
16
10
14
25
25
26
26
20
26
24
20
14
31
24
21
10
19
27
10
28
31
26
19
22
28
18
26
27
27
18
9
11
27
16
21
18
18
26
24
34
5
12
32
8
15
23
30
27
28
24
14
26
29
23
30
35
27
18
22
22
25
14
30
25
30
20
31
15
30
24
23
27
30
23
30
13
25
22
20
21
21
24
26
31
28
26
12
14
30
27
28
24
25
20
30
15
26
23
26
27
12
28
14
22
27
27
13
26
28
31
26
14
23
31
25
11
28
9
11
11
23
28
27
15
27
14
23
25
20
5
30
16
12
13
8
10
29
22
32
9
12
25
6
26
27
22
25
23
32
30
12
33
22
10
27
23
28
26
27
27
24
28
30
26
23
28
19
13
33
22
26
18
21
