1
22
26
34
20
10
24
39
45
35
37
11
40
45
5
31
28
35
8
42
38
37
16
40
35
33
12
17
38
31
10
9
38
39
25
29
32
34
32
25
5
17
31
27
33
21
31
26
35
6
37
31
9
36
30
43
39
4
8
8
32
39
24
38
33
10
24
24
26
28
22
21
37
35
28
26
19
46
6
25
31
7
23
37
36
9
39
16
19
13
33
21
9
25
9
12
34
35
35
37
19
10
45
9
33
27
22
33
29
36
6
40
35
13
23
22
9
33
36
37
35
41
37
26
41
33
26
17
30
24
14
9
29
12
37
18
8
33
27
37
15
8
36
29
9
38
36
25
21
24
9
21
4
10
13
40
33
7
36
25
33
25
36
11
45
7
41
34
40
41
30
46
37
8
33
23
47
31
36
27
5
10
9
14
34
8
41
24
35
35
34
38
17
46
25
25
20
45
11
31
40
44
23
35
46
34
40
35
38
33
40
43
35
34
47
38
33
23
4
38
22
30
15
27
27
35
37
38
11
27
36
29
10
14
36
36
34
23
40
40
18
12
25
36
37
33
39
39
8
38
20
29
11
6
24
39
26
8
15
8
26
15
23
10
42
32
32
36
32
14
35
39
34
35
10
34
38
33
10
16
10
40
44
41
30
31
22
27
39
5
35
36
35
9
43
17
13
31
26
22
39
41
30
28
15
35
33
32
32
33
39
45
44
30
28
33
35
33
35
19
36
22
8
7
34
46
37
21
38
38
33
38
47
41
5
40
35
32
6
37
32
13
25
28
24
43
33
29
37
33
27
6
33
39
27
25
32
37
15
16
25
26
43
40
36
31
46
20
35
34
25
46
9
11
34
25
35
34
45
14
30
37
32
8
34
26
20
18
26
8
42
29
17
44
35
24
8
36
36
23
22
32
32
12
38
13
20
10
24
10
24
31
21
9
14
35
34
28
42
18
28
13
28
38
11
7
32
36
36
12
30
39
35
37
27
36
36
28
25
33
6
2
25
34
27
11
47
24
16
39
6
11
43
35
12
42
34
38
39
25
39
36
36
27
32
42
26
36
32
16
33
26
37
38
7
35
31
31
39
21
46
20
32
38
32
7
12
7
18
36
7
37
33
18
29
36
26
19
20
24
11
7
37
7
11
29
20
32
36
19
37
36
33
38
30
10
37
24
33
34
37
37
10
41
24
7
31
6
29
39
12
10
35
35
34
30
38
32
39
32
33
29
40
30
20
37
9
35
32
24
14
48
32
34
31
28
36
36
25
34
23
40
31
37
42
25
41
3
34
8
9
35
35
30
26
37
3
8
41
20
36
34
23
7
27
10
38
26
39
34
40
26
31
32
32
36
32
19
