1
24
18
16
30
28
28
18
25
38
18
47
19
26
21
14
29
23
15
24
14
29
22
31
13
20
19
40
18
26
33
31
19
24
25
29
15
46
39
49
33
41
17
31
22
28
33
17
25
24
20
28
23
28
25
33
17
30
18
29
28
31
24
25
22
36
26
15
32
43
25
45
46
30
43
23
15
11
23
25
42
32
26
19
29
17
13
25
25
41
29
26
28
35
29
37
20
31
33
28
28
26
46
32
20
25
30
24
36
15
20
29
17
16
32
41
21
30
34
31
31
16
15
28
34
30
4
17
41
27
14
21
14
29
47
23
23
16
15
25
28
20
29
36
14
33
25
4
10
19
18
14
31
35
32
21
41
28
39
26
27
32
32
24
38
30
14
28
27
23
30
17
24
26
22
43
27
43
29
37
29
16
10
14
36
27
21
22
23
6
17
22
18
40
20
25
25
24
38
8
19
16
24
18
8
23
41
27
27
32
31
22
20
29
15
26
19
33
17
37
27
24
36
20
18
34
3
38
17
13
31
21
8
28
26
25
16
47
47
46
39
15
28
25
27
26
22
19
28
40
34
20
31
34
13
23
20
25
35
26
12
32
22
35
25
17
19
7
18
22
25
38
8
14
40
17
40
14
23
42
22
27
16
23
44
26
26
28
34
17
39
27
45
30
18
37
16
20
20
8
44
31
28
2
17
22
13
37
20
32
7
29
29
19
20
15
26
31
48
10
41
26
27
13
42
44
31
19
27
13
29
42
35
16
4
16
22
17
20
18
34
28
32
33
25
31
36
15
18
49
34
13
22
21
31
27
25
35
29
30
29
24
6
46
29
13
27
30
28
10
19
26
33
23
14
32
27
12
33
25
19
24
17
34
17
18
22
30
35
9
30
23
14
13
45
15
35
28
30
32
39
19
23
25
33
16
17
45
6
39
34
48
38
35
20
40
45
33
31
5
41
48
22
32
27
21
25
24
25
19
36
29
23
34
34
16
32
25
5
28
31
23
22
17
25
24
23
35
44
26
42
27
18
22
23
19
30
29
21
21
34
13
21
6
26
28
26
17
27
26
25
19
25
24
14
20
16
17
32
28
34
24
26
27
31
16
29
38
19
34
29
29
19
26
25
30
17
9
6
34
16
16
19
13
18
17
30
29
16
29
28
32
27
25
30
46
39
29
18
28
11
20
8
5
14
22
26
20
28
39
33
18
33
19
36
28
49
15
7
18
14
7
34
7
22
26
46
40
17
23
16
25
33
14
31
24
25
29
48
23
17
16
27
38
26
30
23
20
9
29
39
44
5
31
37
17
15
15
13
28
31
24
28
36
26
23
29
18
27
46
18
19
19
27
38
38
45
42
29
39
45
24
28
10
47
26
15
17
22
17
27
27
29
40
28
28
18
41
40
42
19
19
25
17
40
30
17
47
20
39
16
45
25
11
14
33
9
34
18
32
10
16
22
23
16
8
43
24
7
25
34
25
20
25
34
21
45
41
18
31
2
27
30
28
36
5
43
40
13
30
20
25
42
47
48
35
38
30
31
14
26
44
23
41
23
13
25
5
14
34
27
26
27
19
14
46
24
45
18
18
15
25
22
27
20
40
28
12
26
19
11
19
20
19
30
18
31
24
20
12
21
26
29
20
31
32
15
23
30
30
33
26
16
27
27
7
30
25
7
21
24
42
29
36
27
21
22
3
7
14
43
28
16
16
29
28
16
19
46
46
36
12
32
37
24
20
28
29
32
39
21
13
21
27
27
15
19
23
15
17
35
15
24
29
6
28
42
19
41
27
27
24
28
49
22
17
34
25
27
18
18
26
16
24
14
12
32
9
25
29
41
22
26
40
25
31
44
21
27
21
23
33
18
26
18
16
24
40
28
33
39
30
25
47
28
16
32
32
25
27
6
26
16
30
16
28
31
26
8
46
29
16
28
17
34
30
35
41
28
29
18
5
47
43
22
18
24
31
21
5
48
34
18
31
27
32
4
44
33
26
27
24
19
31
43
