1
22
27
31
36
18
28
25
15
17
22
30
6
6
33
28
29
20
31
13
24
30
30
19
31
28
26
14
17
28
26
26
27
32
27
29
29
32
16
19
10
17
29
26
27
28
32
9
31
34
29
30
23
14
32
29
23
25
29
35
33
28
29
24
27
30
32
12
36
14
24
30
33
32
25
31
32
10
33
27
25
26
20
19
26
18
19
29
28
22
26
15
23
30
16
28
31
23
18
31
34
27
29
20
30
30
19
33
29
34
28
32
26
28
18
3
18
27
23
31
31
16
33
27
15
28
32
19
7
30
28
24
26
18
21
15
33
27
27
32
30
33
17
32
17
25
29
32
32
12
21
2
31
31
19
27
21
15
21
28
19
23
30
21
31
24
30
21
23
16
34
28
30
30
30
31
34
10
27
35
29
27
22
22
31
28
26
35
15
32
18
21
25
28
23
28
31
4
20
30
28
20
31
28
27
21
23
29
29
28
21
32
20
26
19
34
21
22
15
27
27
32
30
14
33
32
27
30
20
33
33
15
37
31
15
16
33
14
25
25
32
21
13
21
29
33
36
28
34
32
10
24
16
16
25
23
30
27
23
26
11
32
30
27
34
20
20
29
34
26
11
8
33
21
28
23
24
27
28
25
24
21
37
25
32
29
33
35
29
36
31
27
31
20
29
33
31
29
21
32
28
23
17
31
22
22
16
22
35
5
30
26
19
33
38
26
15
15
33
11
14
18
29
32
35
24
35
31
33
35
26
29
16
31
25
32
29
29
14
27
9
25
31
22
27
33
27
27
35
20
17
28
26
34
31
6
14
14
32
25
28
26
28
27
16
12
24
30
29
28
31
37
33
27
20
23
31
31
32
19
16
26
12
26
7
21
24
13
33
29
32
34
28
8
19
20
20
28
2
17
29
13
30
24
28
15
21
33
32
35
17
32
34
24
30
20
35
21
16
29
15
21
32
21
28
22
36
33
24
19
18
13
13
25
20
31
21
30
36
18
22
32
30
29
31
21
19
18
28
27
35
36
5
20
27
29
22
33
30
24
28
18
29
30
29
37
36
34
28
30
29
33
31
32
20
32
25
19
25
34
25
35
34
24
37
25
28
32
35
28
17
36
27
30
32
23
19
28
29
28
15
32
11
24
29
26
29
20
27
29
20
21
17
33
26
20
29
22
29
25
24
26
