301
11
13
22
18
10
18
6
8
11
21
21
23
14
20
20
10
25
28
11
20
6
14
20
22
31
24
23
8
8
15
6
11
25
23
9
24
16
8
19
29
19
13
4
11
19
21
4
24
23
24
25
21
5
26
19
5
21
22
12
25
8
12
18
9
11
18
6
17
16
10
9
23
9
4
23
6
10
19
4
21
12
3
18
14
5
12
22
22
19
13
23
15
13
27
20
22
22
25
15
10
16
18
17
17
19
24
21
7
15
13
19
18
3
23
9
27
20
11
30
25
22
26
26
26
18
19
21
17
7
10
12
17
15
14
23
20
29
18
4
19
19
9
15
12
13
18
15
23
18
16
19
11
19
21
21
17
22
22
20
12
13
4
7
17
16
15
20
19
25
14
19
20
9
22
19
25
11
19
28
9
18
32
12
23
13
24
22
12
26
22
23
15
20
23
10
5
12
24
20
16
27
30
10
9
22
16
13
14
22
11
25
8
18
22
29
23
11
25
9
15
26
27
20
17
20
26
23
7
20
11
23
15
14
18
17
16
19
20
19
16
21
10
17
14
29
21
20
16
17
14
20
31
9
12
26
34
20
9
7
30
18
14
15
8
18
22
33
14
13
20
24
17
24
6
13
14
12
27
19
13
7
22
21
13
16
22
8
11
14
20
20
12
13
12
21
6
19
2
19
31
1
7
18
24
19
12
5
21
13
29
10
29
25
21
24
6
23
24
22
23
24
12
25
19
25
8
18
26
18
23
23
19
19
29
28
21
5
21
7
20
22
19
22
3
3
19
15
13
6
17
28
22
24
15
15
23
21
15
30
12
14
20
22
24
19
18
20
9
13
24
4
12
11
8
30
13
5
20
20
18
20
25
10
20
20
17
20
4
9
14
13
6
28
22
10
21
24
22
14
25
15
24
17
9
12
18
12
24
14
12
14
19
15
26
20
11
19
16
19
28
15
5
13
13
11
21
8
26
12
11
19
4
13
6
13
7
31
21
26
10
31
4
2
20
19
24
22
10
25
12
11
11
12
18
7
21
18
6
17
11
18
12
7
5
20
21
29
429 
0
231 
151 237 
152 210 
0
281 436 
0
0
190 447 
0
0
0
456 
0
230 430 
0
40 467 
86 453 
11 80 426 
302 
354 
10 396 
0
0
0
186 304 
73 173 
64 142 258 368 404 
418 
0
372 
189 221 
271 
70 
0
272 386 
0
378 384 415 
0
159 
13 
196 
322 
0
3 209 
307 
0
408 
17 
54 122 
0
67 349 
0
0
316 
97 
0
0
124 
219 253 
0
78 
0
81 188 292 
140 365 
0
63 454 
0
451 460 
5 100 130 
0
0
377 
0
163 259 
9 
247 
0
0
110 376 
79 
0
133 
7 458 
90 369 
216 
91 
251 381 
0
26 50 
0
233 
0
0
0
75 
255 
69 101 200 
65 288 
68 235 459 
178 
261 329 380 406 
83 
0
382 
282 286 363 
374 427 
248 
134 262 
14 95 290 
297 324 346 445 
442 
0
203 440 
0
155 
59 144 306 360 
0
0
0
0
0
0
111 168 333 
0
343 394 
0
326 
19 44 
0
0
0
0
48 273 
154 
119 260 
175 
422 
270 
0
0
0
433 
361 390 
0
0
0
39 239 332 
249 
23 
197 
0
214 319 352 
0
0
0
27 
336 
0
170 
0
0
0
128 156 
0
357 
225 
226 414 
0
465 
0
0
317 
0
0
410 462 
340 
0
77 
412 
267 
0
321 370 397 
0
449 
12 49 
161 
0
114 
0
165 
57 
0
32 452 
0
145 
218 
0
0
0
441 
0
0
0
224 243 
268 289 
0
0
0
328 428 
0
55 171 
135 330 331 
359 
364 
131 
123 
242 383 
0
0
351 
308 
6 461 
107 
116 201 
353 
0
0
254 
0
236 
358 
0
4 146 303 
0
0
0
15 444 
104 
157 
1 177 416 425 
0
147 263 
0
24 398 
0
164 403 
327 
30 92 
0
182 
16 
348 423 
0
0
0
448 
29 61 264 
0
126 299 
0
206 
71 389 
305 342 
0
256 
413 
0
466 
120 400 
66 149 265 366 
33 
463 
0
99 109 143 421 
42 
18 179 335 393 420 
0
276 
0
194 
0
409 
103 350 
0
115 180 
183 
0
314 438 
241 
0
208 
0
88 266 
129 339 455 
136 
0
20 379 
0
298 443 
0
105 153 417 
0
229 
280 284 
296 
58 187 
411 
202 
217 373 
375 
0
158 341 
325 
0
0
0
148 
0
211 323 
424 
0
367 
439 
0
0
94 
89 
198 
36 106 315 318 402 446 
291 
0
0
215 312 
121 
0
0
0
0
34 72 184 191 356 
387 
0
43 162 371 388 432 
47 74 139 
0
0
0
0
102 138 
245 310 
0
0
0
37 285 
0
0
150 240 
252 300 437 
0
0
0
0
0
117 223 238 
41 45 431 
0
0
22 
51 60 169 176 313 
56 464 
0
0
35 
25 
0
76 
52 246 283 
0
0
46 
0
0
0
338 
213 
127 
85 
395 
0
399 
0
137 334 
227 
0
96 
0
320 
192 220 
0
0
98 
125 
195 311 
435 
0
93 
0
166 355 
309 
232 347 401 
385 
0
222 278 
0
277 
193 
132 
199 362 
0
0
392 434 
250 
0
405 
174 205 
204 
0
2 275 
62 160 294 
172 257 
337 
84 244 
228 
0
38 
0
87 
0
0
0
53 
82 113 344 345 
295 
167 
0
0
118 
0
207 269 293 
0
407 
391 
141 279 419 
212 
0
0
108 
112 181 234 457 
450 
0
185 
8 28 287 
21 31 274 
0
0
0
