361
23
28
10
17
10
26
24
26
26
41
10
24
40
33
27
5
25
26
12
25
28
27
16
7
29
16
28
23
34
34
34
33
29
5
2
21
25
16
3
11
22
39
29
26
32
24
32
28
33
28
40
21
8
23
22
21
26
34
27
6
4
23
23
21
21
17
32
18
9
23
22
8
5
7
23
39
26
8
18
32
27
23
12
21
24
21
27
26
8
31
24
24
28
6
23
33
19
6
25
33
18
25
23
4
5
24
23
18
18
20
8
20
23
34
24
24
16
18
26
35
34
28
8
20
9
26
11
30
22
20
26
30
21
5
23
27
23
25
22
9
23
29
34
24
12
25
15
27
16
12
24
11
41
10
29
38
29
24
29
27
24
25
2
24
29
24
14
21
11
31
4
10
20
19
20
8
26
3
23
20
9
8
15
20
41
16
25
19
16
33
24
26
13
7
28
8
19
27
19
8
21
14
31
30
32
11
7
16
17
28
24
18
9
19
23
35
12
33
29
26
23
7
20
23
24
13
25
26
9
34
14
27
17
24
40
23
23
36
3
32
16
22
21
32
22
4
22
24
33
29
29
17
32
21
25
35
27
4
29
18
28
8
7
13
22
37
29
22
3
31
13
31
36
11
27
34
23
12
37
17
14
20
19
18
16
35
23
33
30
23
21
25
24
31
19
23
25
38
25
36
30
24
25
39
25
26
15
20
27
18
39
20
14
25
30
34
20
19
9
25
17
18
10
27
32
31
5
24
31
22
34
23
18
22
18
36
15
6
22
40
24
15
32
23
21
22
13
6
22
33
3
23
21
16
19
5
33
8
32
30
1
7
39
21
28
21
29
33
27
38
22
20
20
17
36
37
24
31
9
36
21
18
33
26
32
39
22
34
22
21
17
20
30
23
22
13
20
8
15
14
33
23
17
21
30
15
20
22
5
29
27
14
42
6
23
23
37
20
25
10
16
4
24
16
25
35
12
33
9
20
28
26
15
24
26
33
34
36
9
19
5
24
19
27
13
27
22
8
28
11
26
13
6
23
4
14
21
24
8
22
27
37
31
5
14
25
22
21
23
9
23
12
30
28
21
27
30
17
36
24
23
25
18
5
16
27
31
15
8
6
19
31
22
22
14
31
19
21
31
21
20
4
6
35
9
22
26
9
34
25
26
22
20
19
9
18
17
32
10
17
24
22
33
23
20
34
14
14
18
13
25
13
23
23
7
20
17
25
14
28
35
30
21
21
31
33
35
2
20
12
21
7
32
36
19
29
13
22
35
23
28
29
8
7
4
22
9
20
15
27
15
21
24
22
24
10
25
18
22
6
5
27
25
22
21
19
29
6
35
30
26
15
38
19
26
17
6
21
27
28
21
13
29
5
28
24
20
3
24
23
19
39
28
23
27
27
24
21
16
29
19
11
22
24
25
5
30
6
27
31
2
18
30
21
17
25
21
4
7
23
8
28
14
37
17
17
15
26
22
19
24
27
4
7
18
31
23
22
20
22
5
19
12
14
22
20
28
5
5
46 191 
251 
40 127 
0
0
0
162 314 510 
160 615 
87 
413 
0
0
0
143 388 
667 
628 
126 192 451 
629 
271 452 532 
88 
219 
0
374 
262 
128 473 542 
66 520 
0
12 
0
0
286 547 
0
0
0
608 
0
0
209 321 478 
171 258 565 638 653 
472 
0
0
0
411 476 
14 
0
32 357 
155 
0
165 267 
10 153 185 
0
69 213 470 
144 302 341 
287 
71 
198 369 652 
0
0
222 
356 
293 
0
558 
665 
0
401 
97 594 
0
0
107 
515 
453 
0
211 
13 51 340 
0
0
491 586 
0
0
0
193 
0
20 255 
247 389 
613 
446 
0
205 553 
0
187 
142 157 620 
0
0
0
110 
535 639 
77 
30 31 276 
0
8 228 
164 
134 
0
0
0
611 650 
0
52 168 500 
0
56 543 618 637 
0
426 
37 227 
0
0
621 
232 
300 336 
0
0
439 508 
345 
172 
444 582 
278 
0
296 560 
64 364 468 
0
0
467 574 
98 
0
210 431 
92 225 521 
9 432 648 
344 
519 
423 
132 
256 541 559 
625 
445 
0
117 619 
50 540 
0
0
0
19 145 663 
0
152 450 
0
76 311 
289 
0
0
93 
0
0
39 178 239 269 
138 305 
393 
636 
0
0
550 
0
327 464 
622 
601 
223 430 568 
0
0
148 486 
0
166 434 
0
154 576 
125 229 
354 
390 544 
0
403 517 
0
392 
0
0
0
81 616 
465 
53 182 196 
0
181 
130 373 
48 
372 
140 
0
0
0
329 
218 249 350 546 
0
89 200 489 
635 
335 483 
0
99 
214 283 555 
420 
501 607 
7 
0
347 530 
121 526 
360 405 477 
461 
575 
78 563 
0
0
0
0
220 435 
22 
0
504 589 
342 399 433 
0
0
531 
0
0
0
0
246 502 
0
233 252 537 
1 54 215 471 534 
0
49 
415 
668 669 
95 179 352 614 657 
419 
114 
315 590 627 
0
79 516 578 632 
0
339 623 
511 
238 380 
0
0
633 
0
25 33 
0
0
412 
402 610 
156 
301 
137 
61 104 
80 
0
385 
417 
150 217 
0
0
158 377 
0
0
68 109 260 382 
406 569 592 
0
407 418 
199 497 
0
0
442 
0
326 
115 
522 566 
0
0
244 
0
573 
119 131 306 
612 
0
279 376 
0
0
6 
0
0
0
26 149 
133 366 475 572 
0
188 
0
634 
0
0
0
0
243 
0
0
44 384 
0
355 
0
0
0
0
60 
425 
240 343 
70 113 533 
0
161 606 
318 514 
103 
295 
0
186 424 
654 
0
0
0
0
383 
480 
0
28 221 
0
74 552 
0
230 
422 455 
0
494 
646 
525 
94 
0
0
436 
487 496 
35 163 548 631 
0
0
41 268 
0
265 584 
0
316 331 
0
42 363 
236 
36 381 457 498 
551 
0
644 
593 
0
47 
3 5 
0
349 460 
0
58 
0
100 368 
235 
0
216 
0
387 
0
353 
272 463 499 630 
85 
0
400 456 495 643 
0
0
0
0
0
106 151 
108 310 655 
0
203 
241 421 
598 
0
414 
0
605 
0
0
0
0
328 651 
0
86 
595 
169 206 274 
596 
409 626 
292 583 
391 645 
57 
438 554 
226 396 557 
437 509 
0
585 
367 
0
0
482 
309 
0
0
0
323 
124 536 
338 
303 
175 184 308 549 
122 
527 
21 261 
469 
319 
0
427 
257 599 
202 231 313 664 
24 
0
0
0
0
299 466 
379 567 
0
449 474 
370 
0
0
0
0
224 
408 649 
116 
0
248 
602 
90 492 545 
556 
395 658 660 
0
294 378 
333 
266 462 
0
91 
0
443 
0
0
0
0
23 189 208 
0
0
0
67 
0
237 290 
307 488 647 
0
0
579 
45 
0
65 291 
73 484 604 
194 
0
0
454 
0
0
120 
0
0
141 524 
0
282 513 
0
197 
322 
523 
0
0
102 
0
29 
617 
0
0
147 
337 
0
167 281 539 
591 
0
0
0
111 358 398 
201 
101 212 284 529 
0
183 
410 
273 
656 
0
55 
253 
0
0
351 
254 
0
0
459 
96 190 288 428 
0
666 
0
528 
135 
375 479 
0
43 
0
429 505 
72 123 
0
82 332 416 640 
11 
404 
0
195 
0
242 493 
320 577 
0
146 
0
0
662 
63 
207 362 564 
503 588 597 
600 
507 
62 
129 371 447 
317 397 
0
263 
0
170 270 
275 
38 485 
304 386 
0
59 324 570 
0
0
0
27 561 642 
250 
512 
0
0
348 580 
562 
0
84 
0
17 
0
112 659 
0
259 
234 
0
2 
0
330 
4 280 
204 
0
83 
75 481 
297 538 
177 
0
0
0
365 
325 
0
440 
0
334 346 506 
118 
18 
139 245 
34 581 
448 641 
609 624 
0
0
571 
298 
0
0
285 
15 136 
277 
0
0
0
16 105 441 661 
176 
174 
359 518 
458 
394 
0
0
0
173 180 312 
264 
0
0
0
159 587 603 
490 
0
