303
40
32
45
31
31
32
36
28
46
45
17
25
25
41
33
44
50
34
37
13
3
41
27
45
29
28
28
20
33
26
38
38
37
27
27
37
38
47
44
46
46
35
35
30
40
2
32
39
31
35
31
25
45
31
46
38
27
41
30
24
39
29
46
48
34
4
35
29
26
33
40
30
21
42
35
30
40
43
34
40
34
44
31
32
4
34
36
33
38
39
35
4
7
44
32
8
17
29
33
37
34
41
39
22
36
43
28
31
36
31
46
29
38
29
34
17
24
42
33
19
35
38
35
40
16
45
43
16
29
33
40
29
33
18
37
22
39
39
42
45
46
39
38
31
39
39
37
9
42
33
30
42
42
40
43
34
33
15
45
41
37
27
31
21
33
29
32
35
42
6
36
14
36
46
45
11
44
23
8
38
34
40
42
48
36
34
47
38
25
36
39
43
35
43
39
13
38
32
8
37
38
4
40
19
5
29
36
32
7
12
38
43
26
36
7
10
36
32
43
45
32
44
30
52
37
41
34
33
34
19
8
40
27
36
36
36
33
29
37
52
32
36
39
31
16
34
34
33
36
12
41
44
33
47
33
36
33
36
37
38
44
35
43
37
31
45
47
7
18
34
37
35
45
20
39
38
35
41
42
45
31
33
15
44
34
5
33
33
28
33
44
43
23
6
17
31
46
4
40
10
32
44
1
42
30
40
33
13
44
34
17
26
36
30
35
14
41
45
40
38
30
36
18
43
32
22
38
41
23
36
20
19
36
8
29
34
33
34
39
40
44
30
15
35
29
33
17
32
37
33
18
35
39
34
8
7
46
34
48
19
31
18
39
40
38
3
46
32
30
39
38
39
33
21
29
37
31
22
45
28
36
41
6
12
48
45
11
42
33
35
33
33
26
42
41
45
45
40
41
34
24
15
12
40
38
6
11
30
32
25
40
45
18
39
28
37
36
37
38
45
35
43
46
46
23
5
43
35
35
37
38
12
46
43
41
40
10
39
11
11
32
41
9
34
33
33
31
34
34
47
35
42
34
44
33
39
38
46
21
28
16
22
32
38
30
32
12
29
33
37
36
36
37
23
31
52
45
40
35
34
20
40
45
33
30
19
32
41
36
15
16
38
42
37
32
40
45
43
47
9
40
45
21
34
34
42
40
34
39
50
11
30
46
35
44
51
42
37
39
35
35
32
27
35
38
41
22
35
32
28
30
38
34
29
26
44
40
40
41
41
27
32
35
38
23
32
39
30
18
29
34
5
26
32
35
29
43
31
31
20
47
40
3
37
39
36
41
29
21
30
41
34
41
41
33
37
33
42
37
49
32
37
30
34
38
14
37
46
35
19
16
45
35
31
43
38
48
9
41
23
41
18
28
27
39
41
45
31
26
37
40
37
42
32
29
26
36
24
35
41
36
36
12
35
19
22
42
34
42
39
45
34
36
46
38
36
24
45
27
40
33
43
37
39
38
22
40
32
6
32
49
22
39
21
43
18
35
28
33
19
49
6
37
28
10
10
26
42
7
36
32
36
34
41
31
40
38
45
35
38
45
30
21
6
6
20
26
34
39
20
18
13
31
40
40
38
36
33
42
42
38
38
35
28
7
30
47
46
34
49
41
37
37
43
17
33
21
40
52
39
15
32
30
8
16
7
36
32
17
44
31
33
30
33
40
41
34
36
31
34
33
29
44
20
43
18
41
40
36
18
34
14
39
33
33
51
26
37
39
17
31
35
35
674 
130 754 
357 
325 
301 
346 
147 576 
98 345 
450 
423 
0
69 213 667 
0
627 
0
220 420 
516 
0
180 525 696 
316 752 
92 
0
658 
0
321 465 
0
206 
459 654 683 
81 
35 57 233 639 
372 438 
370 
0
0
107 415 664 
0
145 363 
597 
483 497 
0
0
472 
185 
0
711 
21 366 563 
133 469 575 
154 
581 
0
0
393 609 757 
433 
441 
0
0
8 
0
594 675 
0
0
72 305 
38 187 
0
0
0
214 381 636 
706 
541 
18 
382 571 601 747 
739 
0
714 
471 622 
0
0
730 
0
0
0
24 681 
348 409 671 
0
205 426 552 
277 
161 264 473 
505 688 
61 
203 411 
727 
0
334 
0
150 
148 500 
134 656 
548 
448 508 
327 544 
315 
0
131 
178 293 
0
94 
568 615 
0
0
198 522 
254 
0
0
223 
344 
269 351 362 
52 
127 155 422 557 
0
0
0
0
0
0
11 
0
222 309 
97 116 
0
0
0
0
86 751 
120 486 
320 
0
404 507 
496 
78 595 642 
0
0
0
191 
466 
694 
0
585 
437 665 
0
181 737 
108 
0
498 
0
261 
50 
310 338 
125 
0
0
0
27 
0
104 
449 
369 733 
0
313 
219 
0
0
402 
712 
561 
424 
210 467 
175 273 386 
0
0
195 
0
0
106 
580 
100 225 271 418 
0
64 184 385 
103 
312 535 616 
0
80 482 
177 536 
242 
515 
398 538 
172 586 
353 653 
70 
0
260 419 
0
0
0
560 
684 
342 408 
587 
257 455 
96 179 724 
0
146 
82 341 454 
0
0
199 
407 511 
582 
248 290 577 
0
0
337 391 
280 
361 
0
0
0
0
285 
91 
28 
0
0
704 
0
0
33 610 
632 
0
0
0
228 
0
0
728 
295 715 
0
421 514 762 
247 270 
564 
308 
629 
126 
115 
0
584 
19 416 612 
0
0
31 
0
318 
672 
0
464 
47 84 
41 297 367 
359 
0
625 
0
32 365 
0
0
0
501 
138 605 
333 
152 700 
0
174 458 
529 554 
358 
128 245 461 491 725 
266 379 
0
383 
0
0
742 
0
0
0
60 
209 356 
746 750 
614 
0
286 
0
0
0
53 396 397 631 
46 
212 
54 296 447 558 
488 
101 504 
0
0
193 524 
413 549 
0
0
608 
0
490 721 
452 
0
317 599 
0
144 
349 643 
0
0
0
425 
48 644 
699 
0
239 
0
0
0
598 
0
67 
0
0
647 
58 
412 638 
731 761 
591 
0
0
0
323 691 
255 282 288 
677 
0
0
0
77 340 
0
0
355 
0
479 
0
0
0
332 660 
0
102 567 
565 
202 
0
0
0
1 748 
0
232 
551 
646 
44 76 
56 371 405 
722 
545 
141 588 
114 
0
118 506 
0
0
661 710 
634 
0
292 
79 673 
235 
740 
186 
23 
0
149 304 
0
0
278 
517 
42 168 763 
12 410 
0
692 
0
0
215 669 
0
693 
755 
30 553 687 
435 526 620 736 
0
0
0
166 
431 
376 579 
197 
339 
9 40 63 
417 
291 
267 
0
0
170 
0
7 105 566 
234 
457 
0
0
499 707 
743 
394 
328 
387 439 440 
695 
0
250 432 
15 
279 668 
0
555 
229 453 
0
0
429 451 543 589 
0
0
87 
263 
43 75 262 619 679 
607 
0
299 436 
137 
0
462 626 
129 375 556 
729 
0
99 307 373 659 
630 759 
0
0
196 
512 
156 336 
0
713 
0
635 
0
6 
0
0
160 226 
0
520 521 
503 569 
442 
708 
0
0
686 
165 
74 169 613 
0
0
760 
243 720 
194 
211 
237 484 734 
0
111 
0
0
216 300 666 
395 
55 
378 
0
0
192 655 745 
0
0
0
756 
384 403 623 
49 244 377 475 
0
190 217 
3 159 
224 476 719 
434 
122 
306 640 
109 489 
258 670 738 
287 
26 530 
0
90 519 
0
0
617 697 749 
0
0
51 
456 
0
59 314 531 570 
0
140 
22 539 
540 
0
0
0
0
171 249 
0
117 401 637 
350 445 641 716 
364 537 
0
0
0
390 703 
294 406 649 662 685 
162 
0
0
682 
0
218 
487 
73 
0
0
66 85 298 
0
676 
0
388 
723 
136 652 
4 5 
578 
428 
0
0
0
532 701 
480 
0
596 
17 
698 
0
281 
0
142 
158 283 343 
89 113 188 645 
0
0
0
311 347 
0
173 207 256 
2 
0
0
651 
0
0
618 
153 
204 
62 238 468 534 
380 
735 
183 493 
0
648 650 
34 
143 492 
0
276 
0
29 157 
0
523 604 
0
0
621 
0
36 
0
20 
322 
690 744 
474 600 
324 
528 593 
0
124 
0
657 
200 494 
0
0
518 
13 189 
0
289 460 603 
0
533 628 
0
37 201 
0
414 509 
0
14 573 
119 
705 
0
0
329 
71 
326 
39 252 284 302 
360 
0
0
65 
274 331 481 
510 
93 268 
0
25 68 335 550 
176 
0
0
0
0
135 430 758 
253 389 
0
0
139 
167 241 
399 606 
275 
0
236 
689 
513 
265 
527 
0
726 
164 374 
0
123 352 
45 182 319 478 718 
0
590 
0
95 495 
0
574 
547 
259 663 
0
0
427 
753 
0
330 633 
112 132 
0
83 110 
0
0
0
0
0
680 
702 
16 
602 
246 354 400 
0
0
0
562 
0
0
0
443 
0
231 
470 
88 392 446 732 741 
0
10 502 678 
221 368 463 546 
444 709 
163 559 
227 
0
0
272 
0
208 
0
0
151 485 583 
477 592 
717 
0
230 
0
251 
0
0
121 624 
0
0
0
572 
240 
0
0
611 
0
542 
0
0
