603
5
31
24
14
21
31
24
8
23
18
11
30
13
30
19
24
26
6
17
20
15
28
9
18
26
15
26
27
17
7
18
20
22
19
19
18
14
31
9
16
22
8
20
27
25
26
23
7
32
25
27
22
31
12
23
33
23
22
13
11
14
17
20
19
26
17
34
15
23
27
19
29
9
23
8
24
24
20
16
24
21
20
21
20
15
29
24
30
20
4
2
22
20
32
24
22
16
20
32
13
30
15
23
29
24
20
18
24
12
18
27
27
35
16
36
21
23
25
21
20
30
19
17
20
16
8
23
15
8
20
19
10
19
22
31
16
17
14
22
27
25
18
22
15
24
14
18
20
8
5
19
18
30
16
14
30
26
19
9
19
15
12
21
16
15
21
25
24
27
19
22
26
15
17
18
20
30
23
11
20
17
23
31
5
5
29
29
12
15
19
17
17
16
28
20
22
13
20
7
9
6
19
27
27
25
28
6
9
13
23
23
9
21
30
7
6
27
14
24
25
26
13
8
23
15
16
20
26
25
12
8
29
13
29
28
7
11
6
41
23
16
18
15
21
17
29
22
22
11
21
20
12
29
28
25
28
36
14
18
29
25
31
15
15
16
14
6
31
22
22
11
30
17
10
27
17
14
18
26
40
16
22
40
17
18
26
20
11
18
14
23
11
13
16
17
21
29
15
15
21
12
16
29
30
28
18
28
26
22
21
25
19
32
17
29
25
39
8
29
30
28
15
26
29
31
13
25
12
18
20
19
25
15
25
26
27
23
25
20
16
11
23
23
20
27
17
12
18
19
32
14
18
30
23
14
21
18
26
17
26
24
13
8
8
21
17
23
14
8
25
12
34
26
7
22
23
24
24
15
27
22
17
30
13
5
22
25
8
24
24
21
15
17
20
21
14
22
4
21
19
18
23
14
22
21
16
24
18
22
40
37
21
32
24
18
14
20
10
10
22
7
27
27
25
26
10
19
24
34
21
11
15
18
19
24
12
18
8
26
20
15
19
17
19
25
13
20
21
25
19
19
25
24
18
22
12
24
23
14
23
19
23
16
4
12
18
9
31
33
16
6
28
12
19
18
3
28
38
31
23
24
7
12
17
24
37
26
21
19
19
28
17
14
22
26
20
7
18
19
6
8
32
18
32
31
33
31
19
7
17
20
31
22
18
7
22
20
19
11
21
12
23
25
14
15
33
36
17
15
9
17
19
18
13
9
25
26
29
17
17
23
16
23
15
27
32
22
16
18
27
29
19
11
8
22
7
23
28
31
8
29
9
13
17
17
15
5
23
25
15
22
20
31
15
7
10
18
17
19
8
17
19
27
14
33
24
20
17
28
21
17
10
22
29
30
31
14
13
21
20
26
22
1
24
20
27
24
27
26
12
21
30
11
17
26
24
10
19
23
21
25
9
24
15
16
16
20
12
18
35
22
14
29
13
19
30
6
22
8
29
31
19
33
15
18
24
17
23
26
15
19
26
22
6
23
19
21
26
17
8
15
33
23
18
25
19
18
27
4
20
16
21
24
16
30
18
13
16
15
11
15
32
28
17
27
23
29
17
9
20
32
26
25
22
22
21
19
22
19
25
24
32
5
32
17
21
31
16
21
16
18
8
16
18
13
28
12
23
18
5
15
19
15
16
17
21
16
24
18
20
18
19
19
27
34
22
21
18
17
23
11
3
13
25
19
16
19
19
31
13
31
30
13
18
24
25
16
30
17
13
26
22
14
19
20
23
24
25
19
29
19
17
26
25
24
15
13
20
15
24
26
19
19
26
29
5
19
15
10
27
28
17
19
30
11
27
16
18
26
37
17
38
26
31
28
24
34
9
33
15
23
32
16
5
22
23
17
23
30
35
17
32
9
23
26
27
21
18
16
16
19
9
22
14
18
7
27
17
23
39
27
28
24
27
21
11
26
18
30
20
29
33
26
19
18
20
13
24
29
24
16
8
17
9
31
24
18
25
13
25
38
7
10
23
14
18
14
20
10
14
28
30
16
23
21
17
14
5
5
17
18
29
19
37
6
32
18
14
35
6
15
21
32
20
21
13
30
31
8
4
16
26
36
19
9
5
27
38
15
31
22
14
4
10
13
27
24
16
22
12
6
13
19
30
30
10
31
17
17
33
25
16
28
28
24
20
24
21
25
23
31
19
11
33
35
20
22
9
33
19
16
12
28
31
19
16
18
20
20
13
15
21
25
19
267 500 654 
682 903 
334 
392 919 
0
704 
50 665 744 
0
947 
158 
347 930 
512 
877 922 
559 
0
0
0
0
0
296 827 885 
40 302 883 
785 
879 
461 
217 
0
0
254 
285 876 
369 
400 
672 726 
210 
124 148 
20 227 878 
952 
0
502 
924 
886 
0
535 832 864 
0
881 
360 
0
0
712 
56 469 
17 615 761 
0
0
0
750 
0
735 
607 
0
138 403 
717 
624 
0
300 
0
111 380 
433 454 
0
294 463 
168 435 780 860 
944 
0
353 934 
0
361 728 
39 
316 
0
696 
192 393 739 
0
52 134 
166 
0
948 972 
0
752 
220 
325 749 908 
0
1 567 916 
476 742 
367 663 824 
737 
0
370 
0
443 510 
0
662 
898 
0
193 
428 701 843 
101 882 
445 693 774 
0
666 
0
563 
0
194 
256 683 
257 
821 
0
0
105 
0
695 
0
0
0
10 
0
0
0
485 
0
0
520 
0
11 292 846 
84 850 
127 766 
0
863 
0
0
55 
477 
0
0
0
0
0
0
71 764 
0
0
216 
0
442 
0
0
0
0
112 345 
0
419 
0
0
13 
0
0
0
96 248 698 
784 
0
589 842 
0
0
734 
713 
357 891 
444 490 
0
0
0
465 628 
706 
549 835 
0
0
18 
0
153 758 794 
0
869 
0
0
408 
0
0
0
213 
0
258 
0
0
576 
0
82 
472 
321 491 
358 652 781 
594 
199 421 
873 
0
16 
586 
0
0
2 507 
318 364 501 862 
374 482 497 
0
165 
941 
0
0
834 
200 
0
0
0
488 
0
0
446 
212 
819 
0
156 304 636 
72 234 
639 
0
0
0
145 
382 759 
783 
0
269 
348 514 577 897 
935 
240 950 
182 
301 
0
448 
233 
0
0
65 
0
894 
173 570 723 
331 635 787 
0
172 228 847 
350 812 
281 
0
295 346 359 614 
225 243 901 
215 236 
0
522 
740 
109 188 328 
865 
0
0
0
36 629 
650 
0
837 
0
647 
343 
239 
0
34 518 697 
608 
0
0
579 
529 
623 767 
456 
0
565 725 
110 754 
455 
383 
79 830 928 
829 
0
0
0
612 
804 964 
104 253 561 
508 965 
0
140 
568 
0
0
0
506 954 
466 645 
0
46 
0
208 
595 
479 641 751 
232 
154 406 671 708 966 
423 550 
12 14 320 
822 
880 
0
970 
893 
0
670 
773 
265 470 
286 
0
0
0
649 
0
0
962 
0
0
0
307 716 963 
401 437 
59 197 677 
0
0
852 
0
122 151 782 
0
0
0
638 
450 651 745 
0
31 278 711 
44 583 
0
266 355 
0
159 808 
0
0
806 858 
68 779 788 
958 
0
925 
113 630 955 
28 203 917 
75 231 438 554 580 
718 
7 481 
0
229 338 
226 626 674 
0
57 655 
0
468 920 
493 
238 900 
0
0
689 
141 
569 973 
0
0
175 259 667 828 
0
41 92 381 409 420 736 921 
525 
462 543 
889 
375 555 815 
0
552 
0
379 
0
593 
0
868 
0
0
0
478 
196 
0
0
131 933 
0
0
680 741 795 
179 237 
47 
0
0
0
323 439 
0
0
0
756 
899 
270 
0
727 
15 160 642 
0
0
293 
0
0
0
0
797 
0
0
120 130 
0
0
902 
282 
0
0
600 
601 
424 523 
0
224 648 811 
598 
332 
646 755 775 
0
407 
904 
0
939 
0
384 760 
747 
0
0
0
0
515 
324 640 
634 906 
0
0
90 464 910 
0
0
0
77 616 866 
0
126 
362 753 
855 967 
452 
802 871 918 
0
0
93 
0
687 
664 729 
810 
9 884 
0
116 
0
0
195 
48 556 
530 823 
0
618 
0
0
0
896 
0
8 363 
289 475 
0
691 
0
489 
388 
816 839 
0
856 
54 230 371 
139 547 929 
715 932 
0
0
26 189 681 
97 
0
411 
0
340 861 942 
0
0
98 344 627 
0
584 
0
0
169 
0
0
533 
377 378 453 
492 
80 
0
305 791 
585 643 
0
890 
974 
0
214 675 
496 690 
473 483 
0
0
129 
945 
538 
0
915 
0
132 
0
0
0
241 813 
0
0
279 609 658 825 
746 
0
356 
0
0
149 660 
0
0
498 
0
0
0
106 198 517 572 
0
0
429 
205 
391 
306 731 
770 
513 
0
249 288 519 953 
0
0
183 
49 313 
102 776 
597 
0
244 
0
103 
91 
949 
0
0
0
22 
275 
0
33 602 653 762 
951 
436 
0
0
255 
0
63 
390 
58 516 
0
418 
0
678 
0
0
83 119 399 
209 534 
64 
0
0
144 644 
0
277 290 875 
0
6 707 
872 
178 541 557 
73 
0
546 
0
372 
114 125 
656 
327 449 
0
87 
51 204 336 422 
0
778 
545 
337 458 
575 
0
0
0
685 
107 152 719 
0
0
0
0
349 793 
853 
0
0
235 
185 385 888 
395 405 611 709 
181 540 588 
247 386 
311 870 
591 792 
268 505 
0
4 146 887 
688 
136 
252 
0
0
0
352 
0
0
907 
714 
0
905 
959 
844 
799 
874 
354 
0
0
342 
0
0
621 
0
0
0
142 
143 631 
0
123 
957 
0
133 854 960 
467 
801 
0
218 351 
186 851 
222 857 
3 389 
0
471 
164 
0
542 710 911 961 
314 578 
0
494 
19 
700 
35 434 474 769 771 
430 
190 
330 968 
0
0
0
619 
397 404 
170 312 699 
0
0
610 
398 669 923 
763 
157 425 692 
251 
245 528 
78 
511 
94 99 413 
0
0
0
0
722 
0
27 373 
0
53 
0
37 524 632 
0
69 376 402 
263 
32 
163 
0
0
25 308 537 803 912 
0
849 
176 
0
0
221 495 
0
0
61 155 
250 310 
724 
45 167 536 
606 826 
339 
287 587 
0
177 272 
207 637 
969 
0
0
206 
859 
798 
0
0
162 521 
558 
174 659 817 
202 733 748 
790 926 
0
738 867 
317 840 
70 841 
0
0
387 
820 
0
0
0
673 
809 
191 539 
895 
460 480 818 
76 457 
329 415 503 
414 
0
0
242 
0
592 
108 
668 
0
0
499 582 831 
62 
284 581 772 
447 730 
426 617 
0
544 574 721 
0
0
943 
676 848 
95 
280 283 410 
0
0
0
805 
694 
0
796 
914 
937 
620 
121 
807 
0
394 946 
0
845 
396 416 
261 768 
0
118 
137 
562 622 
0
0
0
0
451 
0
0
487 
0
42 223 560 909 
60 271 341 431 553 613 
604 927 
85 299 432 
0
128 264 298 333 441 566 
81 599 
0
0
86 246 297 319 
262 573 
0
219 
171 
0
21 661 679 
0
0
24 147 
0
88 
0
0
0
526 940 
732 
322 
115 913 
509 836 
0
309 571 833 
0
0
0
368 459 
38 596 
0
23 
150 786 
273 276 
0
486 800 
765 
789 936 
201 931 
0
0
548 
0
74 686 
161 971 
184 703 720 814 
0
0
0
0
66 366 838 
117 211 291 
100 777 
30 
0
0
0
135 
0
0
0
0
67 
0
29 484 531 564 705 
303 892 
315 633 
0
412 590 657 
0
0
335 
0
0
43 417 440 956 
0
0
527 
5 
0
274 
0
180 605 
684 938 
326 743 
187 260 551 
504 702 
89 
0
427 532 
0
365 
0
625 757 
0
0
0
