867 
706 855 
188 516 137 
232 625 330 967 
919 661 584 451 819 
443 314 769 200 647 285 
644 409 577 804 658 862 923 
673 403 1 886 967 484 8 95 
561 833 404 317 97 601 320 158 472 
581 777 135 854 132 960 682 293 967 926 
737 421 366 189 329 238 445 882 443 283 98 
651 441 279 241 746 317 779 815 690 139 267 731 
517 364 971 181 544 31 619 508 247 737 668 173 961 
13 729 668 269 518 541 818 273 824 875 127 470 931 228 
665 133 458 188 817 202 727 405 154 471 325 756 313 148 525 
676 137 569 857 602 526 930 902 263 731 690 828 913 454 625 546 
273 270 770 231 757 640 221 564 963 161 574 496 976 165 67 289 886 
746 545 94 52 985 246 958 988 234 765 313 33 729 722 672 874 116 814 
357 594 501 590 520 743 884 706 509 204 700 553 686 821 577 26 99 410 467 
367 132 582 463 422 845 871 528 414 359 608 920 944 301 780 53 788 364 195 262 
554 128 851 389 942 164 651 411 465 913 107 968 834 783 988 455 102 181 367 264 510 
977 524 152 445 519 19 418 987 770 399 443 207 467 897 4 437 253 317 293 963 712 603 
146 169 283 624 159 492 829 847 803 980 395 12 5 729 349 281 543 22 121 396 193 843 494 
953 183 435 855 366 299 621 540 939 13 626 219 733 300 763 582 229 739 443 730 435 567 218 998 
510 953 196 457 272 692 856 681 984 374 552 451 449 229 125 528 589 617 407 107 880 256 7 171 435 
267 649 119 955 578 527 57 278 832 913 321 741 271 956 260 406 808 401 419 469 638 932 62 120 744 685 
578 209 809 853 371 391 987 790 597 650 48 443 226 790 885 562 481 891 482 333 220 644 852 626 922 288 781 
998 339 617 47 163 949 14 284 706 702 152 212 852 177 577 74 456 205 545 240 406 581 965 594 614 278 276 938 
785 411 566 693 42 999 584 81 507 749 728 720 813 205 449 647 717 261 563 931 244 951 902 378 982 232 947 67 940 
516 557 567 890 60 658 491 836 399 302 687 715 420 947 652 811 576 357 377 953 200 845 727 825 610 494 874 369 957 635 
978 326 989 739 319 991 375 518 25 929 63 904 88 748 903 107 21 924 667 604 489 833 755 565 469 277 452 76 272 986 127 
675 367 612 427 645 693 444 145 704 135 13 333 321 397 582 544 241 113 291 965 103 346 500 814 516 442 468 463 860 345 434 777 
59 284 45 197 574 815 852 717 841 698 631 61 977 449 476 732 830 15 951 350 101 761 381 355 583 353 241 886 800 444 922 718 944 
36 685 621 541 761 910 129 173 313 934 466 872 256 762 496 100 925 969 628 957 380 10 706 544 37 213 374 665 931 45 203 141 685 501 
420 451 21 997 198 41 228 777 623 585 776 634 410 175 280 399 342 746 306 656 501 158 125 3 261 426 712 953 626 91 240 746 786 479 710 
579 756 588 642 493 1000 275 94 265 866 987 544 642 590 144 475 428 785 529 504 683 894 10 780 426 195 803 184 629 828 246 56 631 511 613 757 
566 176 421 345 276 955 539 673 974 896 639 841 996 616 538 629 683 905 876 812 163 317 104 578 985 841 203 622 294 447 736 821 949 676 494 349 25 
368 687 292 575 321 668 745 408 842 268 726 493 698 518 278 528 445 201 30 786 626 988 23 619 45 11 863 459 549 113 969 573 439 824 744 806 121 426 
476 201 405 96 994 669 521 878 221 959 446 644 788 471 254 19 448 25 988 481 512 652 241 704 608 291 771 437 141 472 297 609 475 132 944 372 560 704 433 
308 78 454 352 995 751 220 419 722 612 887 510 921 612 663 626 975 896 383 68 892 280 688 164 888 254 869 439 729 824 93 494 762 642 341 413 366 506 27 133 
898 516 305 310 65 493 173 750 394 6 165 49 211 237 605 241 252 355 274 177 505 254 57 96 372 759 733 26 233 149 773 182 265 337 787 168 463 920 22 433 630 
903 256 315 293 673 606 630 477 699 399 833 326 160 109 128 264 960 187 694 861 302 548 175 411 451 938 6 797 866 48 440 818 338 57 664 485 919 767 465 563 562 228 
253 467 555 425 258 696 721 799 485 243 736 155 873 313 453 635 700 441 263 472 697 79 36 456 646 137 541 676 847 821 325 675 17 681 566 549 192 938 748 306 225 182 895 
489 47 186 444 198 193 593 506 407 703 215 375 884 421 246 145 804 833 118 121 881 902 994 921 575 675 611 156 89 914 492 102 421 641 532 40 587 780 479 46 425 609 525 8 
394 451 555 812 586 83 352 54 519 430 578 478 828 245 114 486 611 573 328 782 807 945 589 17 908 78 809 16 314 254 782 237 821 229 499 810 640 471 842 592 93 824 146 784 246 
816 549 411 864 617 861 7 834 399 706 84 926 624 637 541 977 489 635 150 720 897 419 529 949 483 628 892 616 752 220 201 195 586 265 726 189 755 852 283 992 540 882 486 932 718 410 
971 228 204 35 190 618 877 562 764 506 706 426 76 302 252 124 49 31 639 109 537 959 861 496 222 816 728 218 905 515 924 884 442 779 91 821 585 423 791 101 593 131 915 531 575 255 210 
217 117 812 737 210 429 781 35 444 456 553 912 143 115 6 136 450 218 889 673 276 931 73 667 750 321 289 603 855 274 770 649 351 34 718 545 668 38 886 198 8 922 726 467 456 100 68 512 
591 450 585 871 180 752 798 900 150 310 732 587 890 579 547 58 153 95 404 670 248 930 62 726 391 844 29 533 346 323 205 908 691 656 275 741 613 658 573 817 683 185 844 443 239 836 633 59 435 
592 460 619 301 725 755 965 48 223 294 935 34 600 218 766 668 561 904 708 287 134 884 831 219 174 152 185 145 276 471 718 521 801 658 833 557 263 791 279 436 495 52 818 896 300 32 383 456 118 443 
904 429 631 411 323 807 992 338 763 84 235 415 114 489 503 129 735 268 388 256 292 105 166 612 577 393 206 133 648 326 993 944 287 465 487 665 609 4 85 171 605 336 20 426 885 321 359 457 169 229 193 
844 97 213 168 187 762 116 201 862 79 29 126 654 306 812 153 58 571 994 605 492 386 464 933 712 752 920 345 712 615 316 256 930 622 989 281 856 598 725 377 567 631 501 1000 761 764 8 195 235 26 334 92 
954 509 420 720 37 378 923 948 89 993 277 25 494 509 84 75 449 636 312 459 363 398 938 34 289 483 969 10 906 946 304 653 956 43 965 227 192 870 844 617 313 66 755 501 217 295 955 75 85 148 349 867 300 
142 154 502 111 622 632 839 388 903 261 699 172 768 187 875 559 606 254 660 766 159 871 784 426 175 562 197 835 743 208 396 930 865 446 339 415 726 636 876 828 352 536 940 151 992 496 205 180 993 211 260 721 251 193 
658 386 368 302 524 312 328 461 919 294 415 325 68 875 925 224 820 843 552 988 877 926 87 873 532 520 928 630 302 87 147 645 613 1000 5 107 73 843 766 25 364 762 739 837 645 974 116 890 918 498 95 819 390 822 380 
547 185 945 242 405 594 149 621 369 572 583 341 734 453 665 981 844 169 748 103 450 662 697 421 681 791 91 188 279 106 915 940 141 986 99 665 609 421 379 981 813 814 848 836 438 532 752 430 854 954 823 328 994 229 236 59 
676 394 121 411 186 35 473 357 167 493 57 108 770 94 368 874 450 688 1000 296 620 912 232 951 577 897 563 42 5 383 823 962 386 781 103 841 659 735 282 919 657 257 513 625 889 974 133 36 476 857 870 990 974 264 541 454 112 
394 198 745 834 896 647 976 777 480 887 920 904 29 555 973 116 894 756 379 568 839 798 38 452 264 401 160 489 637 107 183 62 972 101 364 974 706 97 901 712 854 667 595 502 669 485 45 86 764 752 332 932 433 858 413 526 843 219 
201 428 820 200 60 361 473 245 443 943 300 202 592 288 642 716 273 621 227 477 562 138 701 634 416 661 631 878 928 122 327 661 358 601 845 850 382 30 941 585 383 825 697 77 923 916 53 219 737 608 289 998 739 744 891 193 888 635 90 
982 237 305 208 205 584 597 216 969 758 697 926 355 609 175 206 850 455 160 736 934 332 783 881 38 694 108 274 355 496 427 80 627 615 162 682 663 408 726 367 629 784 454 885 758 10 958 579 641 861 886 752 919 579 225 193 221 796 599 223 
344 268 714 137 577 66 477 660 637 364 234 766 773 948 691 649 903 983 295 742 658 831 24 232 203 793 501 567 642 456 817 663 414 464 962 710 733 291 499 529 949 160 18 447 622 223 922 884 838 718 19 488 467 215 997 614 844 944 377 317 873 
327 466 48 176 436 143 398 803 62 543 463 607 974 754 228 319 182 117 636 544 535 521 559 645 677 713 532 421 197 952 756 907 310 977 996 22 949 277 639 575 911 489 738 93 83 229 215 460 157 318 914 361 341 292 295 208 438 381 746 399 231 632 
828 606 377 500 991 307 571 705 291 52 710 944 566 458 44 747 972 711 641 951 386 460 173 606 651 196 189 269 855 951 131 23 423 552 401 848 939 431 450 58 868 776 570 108 850 675 464 741 502 370 75 974 105 141 674 838 844 633 195 259 182 389 757 
606 571 392 589 983 151 877 531 492 732 669 211 209 470 624 443 82 698 315 962 930 837 604 47 924 459 871 599 150 858 748 147 57 532 302 727 27 121 549 709 196 210 797 696 116 999 997 817 644 42 457 998 80 50 873 686 540 169 128 878 276 911 357 535 
286 527 900 669 526 753 585 26 273 734 782 393 380 298 367 194 288 543 937 458 200 868 450 223 53 442 820 877 901 94 926 916 976 843 850 15 26 429 336 462 692 366 842 581 739 92 782 275 952 209 568 988 934 938 469 464 694 361 40 433 62 443 432 89 686 
79 399 929 118 326 821 419 764 602 101 591 41 1000 243 545 250 248 753 404 818 468 563 54 992 181 650 175 198 142 305 174 307 215 211 547 266 419 683 78 857 866 289 623 419 376 308 339 542 708 611 246 62 130 763 35 552 746 804 286 192 742 12 563 91 512 442 
659 450 397 473 289 561 640 236 848 78 29 359 165 299 87 312 109 608 360 553 340 546 540 414 511 311 651 483 969 714 146 428 850 645 818 915 611 114 568 814 571 122 620 543 885 742 530 938 984 496 332 42 814 515 125 612 653 607 263 850 993 990 126 649 104 762 636 
99 477 440 832 960 581 152 105 740 134 397 643 230 451 337 969 542 546 708 844 628 799 330 146 222 55 931 626 54 766 122 25 674 954 879 936 107 933 285 955 526 270 612 587 166 257 624 397 440 67 464 98 549 790 816 533 971 747 79 504 829 803 802 503 231 29 671 586 
232 728 160 961 32 991 730 682 568 939 885 223 302 61 314 266 904 795 593 987 566 575 547 423 109 341 577 683 13 609 220 437 196 615 443 748 674 737 928 739 83 925 699 330 336 932 781 917 590 165 662 787 37 935 817 680 290 594 459 595 749 87 847 129 420 475 956 856 566 
685 327 13 789 101 454 829 361 848 675 706 621 540 134 731 634 606 668 808 240 526 764 1 577 798 485 404 284 607 463 3 651 387 85 540 589 36 849 439 165 364 592 20 929 139 66 690 395 381 635 737 220 593 685 273 828 803 860 201 291 602 392 377 124 683 438 975 588 628 440 
892 731 819 153 35 989 369 443 569 689 332 271 830 413 627 56 356 582 885 275 241 11 712 762 488 696 75 242 568 613 413 924 283 821 707 903 440 272 382 332 250 521 507 145 352 952 609 503 715 696 350 108 266 458 131 290 369 601 443 990 261 644 72 186 714 168 70 907 373 563 470 
268 248 516 325 428 282 48 42 55 498 724 74 100 832 633 326 629 622 609 515 726 691 828 729 242 936 558 246 534 29 967 288 340 949 538 614 498 277 318 920 201 513 808 578 478 872 351 230 395 307 351 631 567 138 303 134 98 863 219 408 883 488 762 758 162 1 592 643 133 480 134 394 
838 220 837 816 724 638 394 422 335 251 621 940 821 81 804 960 198 585 882 887 503 80 134 256 840 106 681 7 174 59 380 164 913 892 664 522 511 972 227 120 199 148 130 299 431 322 689 370 535 927 813 985 660 841 707 567 270 946 854 991 602 735 805 931 792 641 66 268 150 735 228 843 107 
987 778 939 571 472 320 664 516 656 810 670 873 46 62 316 225 314 883 420 799 552 872 194 242 575 908 457 980 316 987 870 940 948 183 931 228 77 941 341 19 677 364 551 155 681 586 365 412 280 6 650 808 670 175 466 781 402 939 752 670 175 1 274 362 143 568 760 172 723 501 192 305 524 97 
840 755 436 282 891 459 377 721 526 868 954 328 254 492 947 7 615 80 902 790 622 589 342 395 176 570 997 487 632 715 606 265 165 392 891 801 169 947 608 46 347 902 222 121 262 643 753 712 88 50 275 668 828 110 863 435 456 392 46 398 872 443 861 652 401 766 853 902 927 485 602 209 743 769 413 
341 653 902 19 7 868 721 832 217 626 700 327 906 628 61 494 249 887 785 134 183 318 957 777 547 759 280 715 101 965 942 718 355 783 406 843 575 360 405 776 566 653 34 125 450 874 151 710 738 413 46 252 525 737 58 52 186 205 154 342 308 867 801 23 214 753 201 751 843 507 587 716 792 983 544 206 
635 422 274 612 463 140 638 114 83 232 104 328 210 11 4 441 575 874 776 709 35 192 791 56 882 754 623 633 166 585 52 788 523 92 723 320 145 67 79 962 414 573 176 633 25 483 647 311 152 499 748 782 163 526 944 425 398 729 931 406 475 248 431 603 662 351 563 558 711 807 785 188 68 815 16 35 772 
12 916 87 217 197 920 504 889 958 12 991 350 782 546 587 796 592 556 339 282 340 525 600 585 710 856 760 656 221 7 749 995 573 469 36 952 638 508 175 601 50 497 395 772 563 739 291 510 267 407 83 204 945 767 781 256 643 222 608 170 431 421 12 60 648 162 199 117 199 852 891 759 120 680 317 178 297 463 
509 476 282 511 522 394 527 932 302 838 867 853 966 672 903 74 246 859 95 667 421 367 628 871 148 432 139 318 155 357 661 336 612 322 341 476 430 294 765 410 787 350 777 769 762 104 770 682 230 817 348 546 461 656 280 260 865 960 739 229 235 666 69 591 139 929 619 70 41 844 110 678 192 447 650 963 821 474 336 
186 873 592 93 870 779 490 651 815 771 529 630 298 695 981 841 713 930 937 663 386 17 5 361 582 481 581 348 35 271 744 224 555 806 482 242 715 5 338 274 413 726 605 830 310 361 217 446 432 103 467 621 33 23 425 198 283 980 305 29 498 468 24 114 833 163 44 474 389 278 851 965 920 641 129 105 655 634 422 909 
928 844 671 176 157 332 974 709 628 360 338 911 23 302 90 533 497 191 750 914 956 576 959 446 931 140 39 445 946 767 444 462 632 516 738 5 852 577 926 777 797 606 299 991 305 426 1 269 191 46 73 696 101 71 986 118 474 544 439 773 541 78 311 90 92 186 636 979 374 195 805 886 330 473 371 847 133 955 895 734 744 
320 587 69 270 914 747 730 578 844 626 258 651 177 365 106 789 848 789 4 860 126 31 213 70 67 106 849 54 256 52 155 539 863 942 797 902 251 443 222 680 571 957 455 321 852 472 957 202 812 981 547 652 688 929 308 231 966 11 525 356 700 705 609 219 439 804 163 230 605 311 16 364 588 196 122 151 936 199 678 54 201 177 
579 865 965 918 254 512 366 999 664 86 838 730 548 662 785 612 298 143 351 416 323 982 47 642 38 66 607 413 583 47 557 541 170 948 673 134 204 533 896 891 907 337 971 903 401 764 742 608 261 999 993 271 585 483 234 49 389 874 377 513 659 118 291 308 505 928 824 475 978 706 765 204 901 637 859 722 140 932 318 993 663 551 406 
775 782 645 315 301 95 449 350 867 886 491 143 458 935 646 753 687 504 257 807 116 811 489 724 238 64 965 352 48 928 753 514 975 11 132 625 477 411 137 266 807 991 986 357 479 945 384 808 834 417 516 218 218 367 914 417 325 924 177 845 540 50 44 666 813 431 795 450 554 535 467 801 576 159 882 15 705 331 148 802 522 280 209 113 
774 792 635 228 687 916 554 869 291 438 686 179 93 464 867 401 855 832 647 982 827 774 565 535 142 474 515 779 63 315 843 566 437 953 902 367 310 588 420 113 33 522 765 398 85 965 115 63 663 363 958 189 209 380 711 116 285 576 157 538 366 511 355 653 783 270 895 634 785 873 629 431 562 483 859 441 409 599 858 847 643 403 635 709 297 
829 196 201 889 711 312 594 430 693 574 465 943 607 312 639 49 431 738 472 368 527 597 784 656 161 205 668 407 573 572 885 320 654 37 601 25 837 161 762 165 813 821 20 396 725 386 115 390 473 460 923 916 121 204 278 831 729 286 114 743 24 52 56 813 593 937 574 953 284 334 774 933 326 576 549 63 261 32 237 331 669 250 579 743 693 646 
481 309 144 209 192 325 878 872 307 344 606 363 290 853 945 948 575 121 258 768 762 763 180 202 740 485 810 454 244 513 653 326 213 394 882 849 142 999 705 759 80 939 735 566 44 855 421 176 651 263 14 971 483 593 501 519 937 561 869 420 330 336 319 1 704 368 464 958 771 474 816 267 85 576 539 639 605 387 788 242 981 750 286 66 692 969 497 
818 826 280 512 496 144 534 217 797 17 310 811 148 725 55 574 977 879 294 912 287 277 553 224 746 537 845 508 143 354 585 4 751 692 665 356 664 236 755 366 403 405 957 502 375 973 901 156 973 880 504 374 522 36 524 235 856 132 485 57 124 22 668 79 26 5 979 532 885 967 762 30 487 151 229 972 463 860 356 13 710 881 930 399 657 659 975 849 
398 818 756 502 966 79 937 674 826 313 705 855 141 877 690 621 26 236 808 590 939 990 905 908 258 458 999 256 35 815 522 796 536 887 924 851 956 94 371 555 681 367 626 58 826 855 984 822 241 784 455 228 978 592 910 690 286 927 600 852 130 53 163 683 373 505 330 409 45 131 380 254 923 155 586 742 810 783 861 305 572 193 45 18 581 367 819 73 142 
762 613 177 256 576 194 524 300 666 232 356 322 284 61 540 616 301 666 232 859 994 979 683 743 233 561 169 607 191 264 479 939 691 401 926 509 480 89 516 723 855 784 578 665 682 323 55 244 563 387 531 223 739 524 389 946 99 303 574 734 70 216 740 290 485 200 128 649 170 564 192 386 693 372 317 935 866 581 294 846 729 448 860 67 605 641 556 652 886 976 
912 704 802 871 493 557 162 601 848 773 555 694 52 300 850 275 256 473 856 914 646 889 240 64 605 738 821 720 160 145 730 302 261 796 24 540 415 769 307 352 941 533 397 396 368 966 538 485 489 802 891 949 577 221 211 330 774 343 917 716 356 924 171 986 786 426 672 710 705 62 528 964 561 551 723 79 380 466 397 173 553 100 105 486 186 19 905 160 174 294 688 
100 686 369 212 485 811 189 656 814 421 131 299 728 591 383 356 593 112 672 58 28 563 499 123 236 669 878 806 565 771 382 769 372 985 33 747 561 35 181 515 372 256 23 959 30 530 517 694 643 231 869 423 839 947 91 311 934 924 479 856 505 837 436 620 688 155 123 446 411 939 774 49 640 842 469 55 657 355 340 563 890 277 651 807 543 698 893 783 172 706 793 4 
315 338 317 861 699 562 882 120 699 97 131 772 377 817 556 349 972 527 250 306 946 492 737 16 123 408 47 637 733 402 622 886 293 785 6 929 868 766 800 772 263 647 340 188 583 302 572 863 959 856 463 11 305 815 95 556 921 233 779 74 1000 654 550 128 162 669 446 671 609 512 270 857 600 635 332 870 112 841 459 786 470 527 707 333 123 831 596 225 587 719 511 376 359 
60 379 711 253 637 336 886 122 87 867 940 859 465 276 25 874 374 120 523 429 536 32 269 240 176 944 810 409 375 888 46 939 601 846 325 388 293 539 658 694 998 561 914 265 749 395 318 168 668 62 157 832 796 904 879 532 312 688 603 283 440 517 762 288 615 821 825 554 862 816 331 994 31 323 389 919 978 134 209 525 515 926 827 81 642 300 839 543 49 947 625 933 138 534 
677 711 104 403 319 864 762 226 660 153 416 102 468 312 820 288 721 603 842 79 770 241 338 348 353 500 178 404 469 245 65 289 601 296 781 977 307 795 278 685 398 868 465 172 568 664 301 957 293 669 217 672 402 505 116 310 810 936 468 485 221 898 608 117 260 554 310 181 431 840 486 582 407 464 804 103 12 785 890 632 863 767 300 695 537 466 250 198 891 533 497 802 4 303 82 
