773 
371 76 
136 442 343 
487 324 246 889 
456 626 115 764 380 
868 159 418 652 768 968 
378 483 211 964 485 930 577 
654 649 20 714 688 88 735 607 
149 114 828 254 741 767 164 638 966 
226 224 809 943 25 527 610 495 298 655 
533 388 299 558 720 122 861 766 922 456 601 
214 545 743 609 879 937 940 782 553 531 495 817 
310 254 429 274 995 816 126 883 364 352 715 140 335 
342 719 130 629 953 157 803 1 40 643 338 671 773 906 
854 661 31 989 851 228 263 412 499 178 819 436 672 571 795 
504 545 881 783 490 214 82 285 943 307 164 976 933 47 95 812 
322 333 719 246 646 62 19 147 770 291 397 862 617 643 611 925 274 
952 660 550 590 184 235 56 664 352 520 443 19 112 373 448 793 443 878 
743 645 856 377 353 713 343 592 967 537 374 264 862 562 18 774 268 293 557 
387 780 673 356 920 727 569 405 386 472 979 179 649 120 841 670 800 699 457 639 
545 257 121 419 879 154 377 518 599 863 635 717 348 364 707 39 526 706 396 597 600 
822 127 677 905 486 152 785 659 577 263 114 261 286 837 680 737 352 4 656 413 247 344 
535 53 725 305 807 526 686 803 151 35 785 548 600 518 548 651 917 410 224 977 351 787 620 
95 689 623 104 849 772 655 871 986 331 828 344 731 296 496 54 719 895 224 7 757 376 549 312 
436 296 179 528 13 236 138 380 259 505 85 897 136 918 161 663 589 627 800 113 438 867 23 404 664 
666 759 645 887 996 702 647 372 747 449 543 23 759 656 271 306 331 888 301 579 126 498 313 911 277 747 
902 30 158 334 615 38 659 661 873 24 612 337 681 121 623 730 253 104 359 161 978 194 897 573 614 793 613 
612 855 364 91 397 396 582 913 200 284 784 439 357 656 995 850 823 805 732 390 151 826 950 576 174 485 46 157 
778 723 141 319 649 651 661 500 78 652 331 930 294 299 117 751 456 791 36 694 464 558 78 533 477 96 460 864 458 
523 877 544 80 273 907 97 97 231 548 323 423 587 375 519 507 922 794 147 189 796 405 953 487 571 853 246 591 616 51 
885 110 748 152 8 664 526 902 15 594 575 264 70 537 174 364 4 653 155 5 629 331 204 434 761 484 707 581 363 644 69 
251 783 919 988 829 872 61 547 835 499 630 970 734 520 810 427 689 316 143 172 483 64 31 633 984 128 7 536 473 476 402 947 
436 138 360 654 442 273 491 863 721 431 494 495 462 81 943 117 734 647 656 435 967 735 63 449 1000 576 525 879 828 32 71 151 780 
769 938 85 252 742 496 191 787 828 40 53 582 283 762 583 45 32 833 940 465 65 864 261 987 243 849 856 435 589 271 350 418 810 446 
859 685 462 207 315 515 64 629 65 975 931 150 9 135 430 880 507 954 498 118 275 318 653 310 199 899 888 67 604 549 521 515 650 430 434 
651 617 552 892 328 40 237 743 388 472 782 359 847 160 477 16 892 174 488 145 563 81 112 387 960 383 979 29 698 897 571 307 621 627 429 531 
