168 
895 835 
130 717 740 
109 174 642 284 
537 451 179 981 995 
12 317 905 249 47 409 
630 268 605 105 314 758 814 
819 657 936 435 819 85 284 921 
969 846 268 440 349 421 169 897 820 
160 999 408 630 4 908 953 207 859 645 
482 981 839 321 657 117 640 999 559 36 597 
988 885 84 11 186 475 562 793 85 896 340 587 
533 544 126 990 401 74 204 819 639 469 620 921 785 
487 21 986 892 346 506 249 86 993 241 94 377 917 173 
379 174 446 857 168 912 534 975 192 435 521 185 864 208 400 
325 663 741 360 325 211 592 124 741 945 273 581 309 361 80 386 
702 992 702 5 107 967 219 899 350 650 514 980 446 594 764 871 147 
826 753 222 673 364 974 230 664 168 138 607 275 283 563 16 633 380 243 
492 544 923 839 232 349 162 970 916 464 569 267 692 526 558 400 871 640 105 
132 225 195 819 116 435 69 759 779 653 178 91 358 132 942 53 577 463 25 702 
543 857 999 214 75 372 713 150 589 826 613 446 112 528 237 129 169 476 545 762 690 
352 134 960 392 694 793 543 796 767 564 783 170 340 664 962 789 170 618 664 397 848 261 
116 80 169 720 874 581 558 541 986 73 171 112 388 29 506 691 477 486 440 101 715 397 263 
375 922 677 721 569 118 962 282 943 52 474 467 903 653 720 727 771 381 351 770 811 154 264 823 
866 315 969 558 822 908 971 381 533 396 378 860 453 819 612 29 7 371 132 812 178 75 779 529 78 
465 364 471 990 235 751 952 803 367 374 725 76 175 910 197 24 573 506 834 332 13 982 316 423 417 348 
421 953 777 283 916 773 286 413 228 646 206 768 401 617 921 835 394 239 703 56 459 163 607 654 387 295 953 
617 549 259 377 989 66 603 33 604 407 661 334 888 202 36 565 399 98 427 984 310 42 141 13 866 754 11 789 
18 762 475 832 548 359 127 989 337 283 284 897 108 282 151 40 617 649 656 346 99 563 41 267 295 286 507 78 512 
723 209 119 391 990 89 184 636 540 478 605 291 372 24 760 648 891 894 823 83 707 945 423 720 630 943 957 189 479 169 
197 895 8 546 801 288 874 753 721 919 96 615 652 605 196 905 469 375 372 643 805 158 794 555 38 933 675 892 249 838 433 
691 936 515 305 611 345 299 605 984 614 54 30 667 278 101 86 213 821 972 115 437 316 435 910 701 940 928 452 181 199 68 256 
489 787 327 391 458 24 46 177 211 935 50 530 193 432 434 499 272 701 418 384 987 147 817 67 60 672 738 432 18 95 895 175 174 
351 172 255 633 444 203 515 337 497 371 390 647 754 282 582 416 943 432 711 906 381 891 183 435 141 925 617 480 412 277 571 480 578 818 
687 59 678 646 872 81 214 947 883 267 23 412 507 358 783 590 216 273 190 310 470 250 836 905 556 610 410 738 966 212 108 712 684 66 910 
871 557 622 295 233 306 519 434 585 113 664 693 817 743 22 536 287 346 794 292 791 30 872 838 375 682 161 753 418 20 929 897 486 801 985 728 
313 116 445 535 143 127 824 4 750 732 230 615 574 757 835 267 263 858 581 425 136 260 513 470 153 83 999 650 146 577 865 874 378 917 848 198 257 
90 930 171 390 646 46 936 810 491 467 684 641 568 410 217 174 172 690 77 274 238 44 444 769 68 661 452 657 349 935 808 574 455 576 974 1 689 689 
208 324 232 514 258 172 652 116 687 673 497 145 569 308 201 740 506 817 906 690 81 642 822 944 620 738 905 747 241 691 326 502 787 232 714 520 875 875 335 
236 170 985 386 980 607 80 736 540 369 880 928 324 871 266 811 398 917 155 319 937 554 124 367 255 803 73 38 263 830 211 488 859 544 854 538 995 984 587 293 
533 891 27 955 241 62 558 602 779 751 830 839 879 852 931 754 207 312 752 921 977 80 829 596 214 393 798 1000 61 352 746 213 173 8 789 392 774 688 510 530 457 
255 547 89 221 154 501 818 791 802 461 206 127 662 583 409 189 765 863 8 307 340 312 177 994 787 157 646 132 767 91 334 259 530 925 836 225 999 439 902 198 774 740 
580 946 597 678 70 4 710 191 362 545 702 543 412 918 345 12 124 74 105 473 229 746 779 35 272 720 810 663 599 55 443 570 186 545 448 231 277 137 389 725 936 665 310 
695 714 919 521 962 199 795 612 702 167 686 765 492 277 366 755 164 153 201 909 280 448 397 676 511 848 187 774 555 101 855 292 507 879 794 157 522 817 296 864 118 740 275 999 
871 115 510 430 400 478 152 510 119 614 77 458 876 949 993 510 269 529 877 818 957 23 378 493 321 428 346 877 297 866 647 280 317 682 690 14 245 780 213 300 352 872 337 490 342 
841 972 901 847 632 498 417 648 478 750 327 661 452 561 568 642 510 73 868 606 462 320 773 700 728 498 698 638 61 227 429 781 112 567 493 850 980 592 421 801 923 572 507 713 96 5 
929 34 578 36 494 268 47 180 632 402 626 841 663 572 917 375 222 567 661 556 468 780 741 459 30 336 57 465 467 459 932 171 343 65 266 534 993 700 998 318 828 79 526 376 346 284 474 
686 884 147 625 976 11 386 382 173 785 370 531 917 139 10 792 545 550 616 899 993 273 749 45 551 968 100 861 610 267 423 139 148 516 482 534 333 261 374 727 469 384 848 276 349 685 767 982 
729 557 330 981 112 977 878 491 617 126 649 198 465 354 337 15 633 727 498 986 673 796 971 624 96 404 346 861 757 660 228 522 561 513 886 708 227 480 831 251 730 469 595 948 815 853 625 584 392 
476 909 310 172 583 16 112 815 782 494 671 256 143 155 688 8 914 274 544 977 508 759 36 540 845 606 591 563 18 666 336 327 171 374 593 483 382 32 585 871 746 177 115 446 885 654 101 72 311 754 
377 839 303 948 570 977 169 708 661 236 622 46 768 180 547 664 713 396 417 500 685 390 279 977 418 908 206 234 444 923 580 421 772 835 474 228 228 496 478 40 76 252 610 265 537 770 707 975 192 669 898 
613 169 225 33 476 563 579 971 758 218 699 25 37 264 238 287 953 700 611 759 348 972 696 600 524 982 966 530 444 125 976 491 307 282 832 317 587 953 323 453 483 464 344 934 326 83 652 260 626 259 96 522 
79 346 146 625 137 272 897 54 510 829 948 917 350 156 23 299 680 867 777 41 940 326 535 611 841 395 327 738 880 61 414 266 670 314 219 612 526 397 825 29 509 948 449 982 765 674 621 626 874 478 263 186 976 
427 890 505 269 927 968 71 466 193 242 617 340 825 751 273 598 45 814 887 400 901 312 980 350 318 883 617 367 248 865 822 231 656 559 851 653 103 646 610 406 400 286 410 232 750 558 126 400 724 877 620 756 235 972 
771 510 570 753 474 764 86 329 903 484 950 834 153 456 754 134 597 972 568 748 464 488 914 398 672 706 838 643 836 777 5 798 351 827 228 709 185 215 454 570 262 876 415 878 117 377 554 513 314 818 829 235 860 346 608 
491 384 692 199 594 529 462 459 951 376 408 379 833 93 465 160 810 251 774 32 642 835 953 412 571 863 557 66 547 295 644 563 469 887 273 446 192 231 870 843 742 290 56 513 47 359 686 634 995 403 405 689 620 933 751 659 
288 972 645 615 96 404 153 376 807 480 325 76 361 181 294 228 705 886 338 629 388 818 167 48 324 155 841 249 870 984 128 89 701 36 167 540 621 325 599 468 824 349 34 620 981 893 664 125 956 717 901 156 227 317 377 362 20 
393 892 980 265 390 775 856 620 359 841 996 717 904 424 990 822 746 885 449 536 673 613 138 645 430 987 462 231 654 627 354 807 489 769 665 783 828 128 610 504 927 140 576 69 176 592 736 278 295 464 342 686 912 801 32 406 652 244 
40 431 825 331 358 386 394 965 640 557 474 300 338 685 327 525 786 713 563 67 382 896 179 253 757 226 137 901 25 466 618 266 139 883 848 399 279 743 305 610 123 865 990 630 229 221 581 513 226 123 384 6 160 887 940 341 725 748 251 
884 923 655 458 9 458 490 434 740 598 985 306 639 194 177 184 897 733 84 532 300 36 756 110 296 534 836 565 479 111 951 369 807 870 239 10 555 54 327 710 706 313 946 47 319 952 386 123 375 708 385 242 110 913 356 36 194 525 90 609 
939 661 436 402 134 783 719 710 223 756 630 611 289 157 638 887 721 234 638 104 224 397 586 572 605 701 986 348 480 988 8 165 240 609 454 989 782 599 718 100 912 988 304 640 895 379 151 543 585 266 796 634 552 805 690 28 176 289 800 231 773 
67 286 42 115 86 796 540 315 902 361 901 279 700 239 559 477 748 315 201 524 175 919 765 896 97 361 51 407 483 843 253 414 874 657 89 68 150 398 338 645 660 591 823 240 29 686 187 794 725 848 235 329 300 840 635 266 241 498 81 108 698 856 
808 721 203 293 384 189 541 208 22 659 8 695 795 75 235 843 889 538 198 644 209 128 729 925 261 530 410 634 814 656 4 609 887 456 778 870 624 409 440 373 900 233 611 980 723 464 435 686 97 3 728 489 845 882 3 953 699 394 912 931 730 971 699 
431 418 327 112 165 906 999 545 876 146 732 539 19 688 9 47 460 104 176 114 662 851 491 662 491 226 551 768 387 31 604 228 544 36 318 357 904 217 743 13 47 514 275 963 458 839 530 848 412 643 9 337 836 414 553 384 414 435 183 547 798 450 474 11 
526 892 703 5 638 90 419 290 144 727 693 450 779 672 135 332 529 295 412 863 734 964 682 401 373 201 439 689 83 941 785 662 34 515 196 789 880 432 753 367 533 416 201 344 80 177 261 178 923 214 674 48 635 469 277 875 793 266 947 688 267 778 276 352 219 
66 363 347 433 748 820 109 713 336 322 121 809 668 64 430 744 374 482 798 835 381 947 896 616 137 887 423 788 646 859 561 766 182 944 808 193 4 371 501 110 849 472 224 471 18 899 913 661 320 669 123 556 175 341 627 130 703 884 701 323 878 896 951 880 564 818 
308 20 278 102 406 387 852 861 261 681 38 963 356 162 450 262 499 543 857 280 230 972 177 753 116 667 924 899 576 72 727 109 812 564 940 794 81 35 24 871 529 157 357 536 862 576 938 715 319 724 838 915 730 230 568 398 956 62 274 760 651 977 769 54 925 751 655 
519 253 381 128 229 207 714 636 867 622 675 461 116 135 924 529 470 591 781 304 758 84 924 344 480 189 160 924 543 317 959 280 979 252 281 647 590 14 970 206 214 178 532 782 143 452 779 285 590 483 775 854 382 851 181 868 167 693 822 627 322 170 967 848 390 668 984 291 
991 637 624 708 105 247 828 354 677 613 830 632 519 508 57 155 132 929 406 74 245 702 87 651 624 275 836 95 839 923 521 266 742 467 462 124 161 22 534 522 84 875 72 861 361 997 881 273 518 386 368 640 364 805 865 285 89 405 747 978 751 483 778 106 83 624 349 351 854 
891 53 755 108 345 832 220 621 82 903 533 811 783 148 923 620 662 284 756 566 317 697 282 997 139 913 493 833 888 500 925 421 313 329 427 474 845 778 313 90 890 187 357 485 592 719 179 951 204 747 496 272 791 689 911 218 613 655 664 567 815 709 780 977 953 531 787 904 908 416 
211 15 519 323 827 372 455 500 857 114 26 555 782 529 108 138 854 317 529 961 688 527 364 162 735 484 922 971 396 948 996 975 449 692 985 21 631 965 353 47 97 306 443 125 247 382 984 352 308 508 445 327 649 237 373 621 272 502 757 521 769 247 607 100 800 845 751 887 525 896 857 
916 268 670 319 172 235 262 444 119 498 483 374 429 143 149 38 504 464 64 211 895 995 551 582 612 5 828 628 999 364 474 615 24 349 540 597 680 558 178 71 441 269 763 100 594 39 646 275 796 594 544 140 319 380 809 248 14 873 790 692 374 169 721 259 620 343 932 969 772 723 418 96 
446 7 364 602 723 710 37 438 568 846 158 748 826 501 438 451 700 198 322 680 506 695 553 677 935 418 831 885 359 584 106 682 445 945 256 400 22 45 784 23 493 166 780 340 93 732 709 560 522 608 423 704 936 9 328 579 418 362 126 367 853 834 942 405 450 10 261 257 727 923 483 155 319 
1 237 441 212 858 140 386 657 525 675 737 822 29 775 843 907 459 588 723 700 909 861 1000 168 626 6 484 988 111 683 414 839 101 798 625 356 632 956 179 906 393 353 855 855 597 591 587 761 805 971 491 988 964 57 468 599 484 306 601 582 585 973 674 777 204 764 792 988 225 898 595 605 889 732 
160 545 432 666 92 23 417 511 190 577 956 614 289 294 405 101 917 406 207 335 869 837 86 274 706 524 796 416 437 400 391 562 281 801 849 896 903 477 359 194 623 626 539 306 206 423 843 440 906 476 895 821 384 173 430 984 655 459 10 636 843 99 791 800 714 173 584 773 970 86 418 732 641 758 560 
778 305 524 581 570 324 983 268 54 598 132 317 975 721 512 356 621 565 315 140 394 31 506 323 245 941 909 9 296 795 554 797 419 32 353 904 46 114 901 967 418 198 745 677 561 329 929 215 850 514 93 926 350 245 362 585 238 849 104 712 498 699 333 290 691 593 736 520 82 168 679 871 311 519 154 626 
278 326 775 322 581 890 836 269 83 917 607 726 364 819 652 442 796 194 451 587 181 101 992 227 205 258 49 661 773 924 788 556 163 497 798 802 929 412 996 475 532 100 526 543 589 948 751 259 531 361 663 448 136 119 305 427 992 484 773 316 349 172 231 647 853 195 886 462 874 974 862 972 425 746 118 395 444 
63 8 15 36 353 87 209 459 622 112 414 322 326 26 475 204 341 500 461 975 364 272 295 953 641 412 944 504 115 336 762 712 191 66 708 529 286 5 537 439 852 965 103 968 195 684 609 225 126 289 926 714 950 460 743 829 625 211 637 883 957 481 728 871 322 761 849 937 861 215 689 436 550 655 80 416 707 468 
609 458 315 318 782 395 725 591 891 708 57 873 335 931 127 70 607 7 470 349 457 488 55 256 962 962 263 615 969 319 33 276 753 362 730 37 203 652 275 54 929 898 755 164 180 429 506 10 464 305 15 600 411 726 139 823 401 218 108 454 363 758 731 144 835 44 598 396 353 920 703 780 929 788 355 46 323 81 619 
