575 
211 679 
355 221 80 
153 896 22 489 
121 951 492 420 197 
962 325 435 279 464 327 
929 775 581 770 455 718 628 
382 392 326 8 553 962 957 850 
370 516 443 7 525 299 412 163 699 
601 258 449 377 40 428 238 455 517 653 
764 269 401 98 698 763 515 413 495 523 571 
394 949 107 546 737 987 979 306 685 291 542 542 
720 297 280 917 338 176 183 965 740 541 555 3 316 
151 199 876 825 893 939 737 374 323 846 819 154 157 814 
461 14 123 744 400 94 447 20 152 963 674 829 984 930 322 
453 356 243 694 854 297 75 831 974 720 837 695 845 154 673 306 
331 692 27 413 81 438 63 858 358 266 801 95 374 807 51 868 478 
499 650 706 399 822 698 15 381 267 282 237 119 111 926 444 788 826 944 
521 489 946 131 616 445 654 434 522 850 683 542 226 741 486 101 661 532 961 
758 772 766 259 224 836 741 54 18 325 395 949 925 56 850 378 711 83 184 790 
345 268 322 501 555 772 785 675 312 665 321 920 696 516 857 149 948 807 535 591 284 
268 898 674 841 939 593 717 3 334 768 471 965 121 83 103 366 149 732 776 488 238 64 
