397 
282 301 
652 340 379 
591 731 238 12 
806 100 783 79 244 
315 323 634 212 641 546 
937 602 73 159 802 677 830 
36 789 720 971 42 322 566 173 
366 694 314 539 804 547 419 120 414 
747 657 778 50 987 949 88 224 27 38 
669 752 890 202 825 835 128 432 843 3 91 
831 488 838 472 403 126 711 612 993 901 333 410 
461 553 577 933 251 386 326 702 71 831 338 255 30 
250 337 894 877 659 26 586 641 56 691 551 293 605 24 
808 88 639 130 576 58 413 305 56 932 260 773 829 134 850 
378 564 576 713 563 707 891 440 306 87 775 203 929 372 386 691 
620 358 19 827 929 586 373 809 447 860 729 34 868 964 541 287 224 
793 985 404 957 379 384 16 304 573 105 318 869 513 785 917 740 161 666 
946 2 918 816 550 546 542 527 652 343 961 415 531 222 653 975 362 793 934 
221 105 612 136 187 194 50 225 625 713 660 922 581 438 545 435 397 577 426 734 
18 340 136 607 574 226 823 746 655 699 483 459 169 972 314 9 541 462 887 74 680 
566 164 966 434 434 207 913 324 232 472 217 795 900 251 5 878 470 842 695 258 940 499 
516 772 841 90 995 515 58 562 472 970 752 46 215 502 444 797 643 249 366 923 303 865 279 
614 440 68 548 418 393 757 848 297 981 356 686 447 353 626 647 646 454 975 886 873 490 131 851 
832 235 305 329 539 717 925 552 254 44 368 176 174 333 82 529 938 155 901 607 128 475 719 466 625 
75 935 788 852 289 464 741 413 603 961 855 565 406 7 904 694 339 140 578 921 702 398 941 864 449 854 
261 272 935 730 39 326 489 306 130 287 683 330 187 656 957 303 283 819 402 663 158 382 799 529 85 257 985 
823 184 367 213 200 723 787 755 775 266 768 192 33 93 886 985 254 540 872 20 171 198 379 687 656 395 530 774 
924 579 229 671 647 496 853 731 700 813 489 267 9 328 45 127 366 570 214 218 112 129 921 557 151 767 617 659 991 
968 884 316 620 791 586 429 851 837 362 200 725 319 844 558 290 975 327 368 477 567 274 733 743 10 886 433 266 804 66 
173 149 625 703 82 162 275 224 396 341 833 803 191 172 962 943 3 271 113 873 869 188 219 623 710 726 828 581 427 801 586 
879 129 845 811 925 5 100 564 437 473 951 62 642 987 782 288 853 276 395 967 644 987 485 816 173 1000 822 865 560 154 701 432 
904 301 532 267 66 757 369 787 130 208 437 563 700 404 836 697 793 42 402 42 934 808 926 414 307 256 850 879 814 743 421 910 429 
923 609 472 713 579 173 663 119 374 405 829 491 424 170 655 436 202 275 849 319 544 439 497 843 251 368 363 779 591 714 619 664 47 600 
972 203 302 714 133 247 809 171 933 661 411 569 113 112 299 340 505 483 243 399 659 884 962 114 830 612 891 120 112 32 516 265 945 619 672 
886 740 446 87 90 632 368 579 201 640 9 130 250 513 609 373 500 301 90 607 339 665 779 199 386 894 222 249 843 563 978 253 168 889 425 55 
307 431 302 900 932 467 185 697 462 276 236 688 894 105 574 105 747 635 570 848 804 712 431 252 775 426 534 225 211 798 320 78 863 6 110 856 904 
270 201 159 236 192 825 973 840 615 986 405 381 64 129 196 491 428 761 190 214 247 894 641 36 227 251 112 570 675 508 513 576 880 284 360 792 415 353 
323 418 341 961 47 766 401 379 549 221 199 29 587 694 942 55 487 321 360 467 336 789 740 571 806 163 365 288 317 112 289 732 879 399 234 530 63 933 753 
60 216 163 480 637 469 424 486 238 273 615 243 465 49 535 239 298 191 524 220 835 312 740 531 837 221 129 239 718 598 177 271 950 794 305 928 161 56 662 1 
877 603 220 330 166 306 987 563 826 689 782 122 615 31 675 638 669 405 269 210 753 10 610 343 603 734 950 647 512 591 742 628 856 639 102 871 393 995 460 761 26 
720 497 970 995 187 942 983 54 966 231 664 757 815 338 276 431 789 176 261 177 622 990 779 259 26 663 560 982 157 903 250 500 9 585 733 232 578 331 150 145 64 893 
881 499 113 342 464 94 965 545 605 495 175 350 700 733 901 246 877 944 481 693 509 639 306 976 245 571 338 614 346 130 265 620 355 493 576 15 927 618 911 847 180 738 41 
778 501 539 822 784 91 778 679 977 420 807 298 536 547 873 238 911 746 9 998 297 624 360 772 424 614 471 241 424 977 724 823 602 715 812 599 634 714 3 179 674 808 822 357 
607 993 524 741 599 338 697 179 645 640 315 138 392 815 651 240 206 505 995 162 973 589 593 111 437 35 193 148 732 569 104 814 120 433 578 251 232 424 348 314 156 921 402 542 560 
714 395 407 648 486 965 651 809 805 454 22 258 93 972 431 665 886 327 920 923 124 943 905 78 712 868 460 224 55 155 783 374 801 760 837 862 115 502 205 870 686 593 698 234 645 324 
46 237 55 112 33 391 301 123 404 378 74 197 308 525 863 363 209 816 660 827 241 618 442 84 435 276 859 608 933 892 340 689 519 923 290 618 830 951 442 762 442 434 775 461 32 233 143 
439 179 702 361 195 283 760 853 4 255 603 333 574 917 838 578 283 383 994 334 943 234 399 994 778 824 48 689 601 102 522 611 942 286 826 107 923 494 100 482 27 824 828 298 962 512 753 467 
279 71 320 926 935 220 369 545 152 439 748 423 903 280 943 360 190 366 877 407 232 577 124 285 31 345 439 997 735 764 717 702 112 956 16 972 71 527 48 64 61 261 94 411 919 934 217 807 476 
594 565 464 370 488 549 339 402 236 310 855 364 275 151 773 232 86 489 951 49 945 697 722 287 974 10 147 942 248 977 751 309 136 743 641 552 252 763 1000 239 643 837 166 605 282 108 554 313 42 313 
546 320 857 392 656 809 47 211 898 791 121 440 555 798 860 693 133 514 339 807 708 279 886 676 441 799 622 672 864 728 579 532 634 763 86 306 12 78 207 963 527 851 376 633 822 47 15 165 98 332 672 
315 538 405 370 196 43 626 416 21 28 306 726 827 145 702 723 326 349 454 947 164 781 850 246 851 875 732 526 306 636 732 397 697 923 715 13 148 812 560 758 220 153 990 787 390 329 732 757 834 372 972 639 
831 567 968 516 166 311 46 963 858 288 608 801 758 874 702 788 118 4 865 506 659 782 865 640 952 56 536 587 65 608 797 419 743 809 738 123 269 22 639 323 534 691 812 510 685 77 899 404 362 588 659 913 684 
66 602 212 449 185 334 126 704 929 247 532 371 680 963 623 108 821 651 592 765 854 805 367 246 619 754 877 138 904 840 810 90 559 104 960 176 268 217 309 246 823 644 277 365 573 318 158 926 880 729 315 637 98 178 
134 733 38 164 55 173 829 257 311 52 850 225 418 105 876 581 792 541 630 360 574 349 533 129 653 419 837 430 450 453 957 876 285 564 118 264 34 535 551 449 507 485 820 251 827 702 515 141 116 467 805 100 498 962 923 
111 731 143 440 845 581 190 345 975 850 565 996 720 350 401 954 313 300 757 534 328 417 832 151 228 927 892 65 786 836 632 44 347 872 711 139 499 394 831 175 516 540 939 666 897 699 706 364 155 888 709 354 56 753 5 601 
