906 
376 752 
169 761 110 
329 769 655 512 
403 891 461 282 639 
615 556 166 566 498 468 
119 161 510 294 24 924 720 
274 376 587 354 759 13 397 201 
673 331 399 365 752 981 650 385 844 
169 770 335 370 994 871 469 952 534 150 
250 48 811 151 643 157 894 106 100 830 363 
23 743 686 479 961 893 184 118 421 214 367 421 
269 287 392 718 746 65 212 28 869 124 53 943 471 
856 260 849 951 528 69 131 348 9 552 798 298 806 655 
660 718 583 857 488 612 20 617 262 354 578 634 578 477 192 
56 486 306 610 171 843 134 431 477 475 433 657 908 518 628 488 
873 175 598 843 253 889 303 562 363 48 850 63 433 44 113 221 253 
53 122 706 694 862 957 965 449 263 443 161 600 882 453 605 681 429 635 
341 733 137 901 318 642 811 945 124 75 757 230 578 542 741 602 479 298 731 
576 942 127 548 557 408 367 733 673 623 722 736 527 840 518 804 722 286 912 534 
773 36 917 16 747 108 123 254 53 878 403 618 139 200 389 416 303 721 24 309 594 
80 118 910 952 877 386 770 318 232 217 684 390 964 948 94 987 878 411 40 830 879 656 
759 7 803 99 208 809 621 699 560 500 381 490 441 660 121 649 301 930 586 394 759 828 270 
254 600 629 84 153 358 518 329 344 201 258 387 264 311 794 587 179 770 570 893 991 73 824 418 
514 335 899 675 421 237 259 127 638 639 338 594 981 799 738 110 573 872 384 290 478 125 534 449 483 
226 728 221 302 238 932 165 270 326 130 830 709 845 902 857 933 40 213 606 359 865 50 642 729 461 124 
