159 
695 424 
433 372 83 
590 533 310 172 
851 128 484 718 172 
171 153 485 603 886 66 
88 67 448 59 468 272 710 
175 391 344 427 92 952 335 8 
978 223 454 903 136 372 665 914 584 
994 275 976 870 985 595 1000 536 264 114 
878 437 953 546 809 438 480 796 609 231 73 
262 169 898 701 878 667 638 185 139 233 788 939 
180 712 864 491 564 983 387 927 111 918 653 453 771 
475 453 822 220 68 695 702 841 256 65 903 807 206 367 
809 360 989 849 379 937 427 182 657 399 119 384 869 301 359 
90 67 778 211 868 183 114 142 902 66 996 311 121 917 835 953 
830 650 488 935 153 373 185 887 453 670 246 475 610 868 598 499 874 
237 710 726 877 678 260 950 528 943 531 589 288 452 874 539 711 928 705 
936 12 211 521 439 511 702 396 730 820 276 652 267 447 26 464 449 552 23 
971 603 824 42 868 612 394 369 370 990 886 778 20 202 639 474 927 374 676 288 
601 420 877 714 499 358 828 849 936 444 993 205 676 484 789 944 900 708 846 302 469 
767 613 791 886 582 570 588 954 906 585 465 520 38 297 437 347 603 132 465 692 814 104 
820 424 569 512 974 279 913 58 796 806 239 516 616 408 976 924 752 495 717 818 960 988 122 
640 832 666 746 231 850 605 502 318 781 642 219 373 5 204 844 546 957 24 553 237 665 146 5 
170 861 470 668 948 417 49 604 591 365 533 539 921 571 197 66 943 181 580 887 557 675 395 363 232 
16 17 65 872 148 735 418 86 393 929 339 718 457 654 106 430 711 463 385 292 479 178 249 381 145 337 
122 779 471 836 918 136 874 865 813 75 111 976 202 648 210 605 460 574 709 139 909 185 84 871 220 521 911 
550 842 432 705 762 766 883 254 817 533 391 536 637 195 879 605 329 51 218 131 711 232 659 367 100 856 423 791 
906 28 91 435 257 468 32 343 96 666 698 100 640 951 827 482 618 310 567 696 460 7 295 607 987 333 440 100 939 
302 353 129 753 622 650 285 748 674 425 168 327 38 37 993 33 411 399 371 101 86 677 924 50 502 528 159 86 649 598 
401 859 173 718 30 617 865 440 437 699 402 173 722 325 567 67 740 925 62 435 788 369 917 979 546 942 668 637 712 497 776 
590 392 512 319 685 624 393 990 475 62 371 330 617 604 929 652 228 190 897 343 972 751 718 380 478 236 47 747 499 751 879 889 
799 881 82 495 65 919 848 273 948 570 222 158 535 232 199 102 724 567 679 599 793 405 151 11 426 975 27 80 557 731 307 878 364 
937 276 847 400 100 427 460 475 214 866 128 316 932 679 618 673 438 237 405 774 586 959 134 946 439 25 289 571 371 440 644 302 662 940 
73 768 928 211 157 962 603 341 723 949 897 779 814 134 764 932 558 971 63 777 740 465 364 264 376 631 750 394 683 184 769 981 245 181 717 
390 24 531 171 455 271 720 623 890 822 494 957 249 999 943 217 289 789 507 809 866 308 620 51 512 657 464 604 173 318 570 81 732 88 121 498 
536 346 27 678 708 97 807 81 9 898 361 408 366 5 880 332 212 550 371 260 738 788 40 271 20 379 62 589 920 58 852 63 176 918 287 435 946 
392 185 955 284 596 456 623 978 10 97 187 963 760 323 132 293 279 870 565 478 594 520 453 52 283 923 486 107 839 781 848 723 749 102 603 328 634 693 
