5024 5024
4120 4120
-1 -1
-1 -1
4233 4234
3842 3842
-1 -1
9292 9293
9911 9912
4530 4531
9233 9237
5590 5590
5300 5300
9357 9357
2977 2978
-1 -1
-1 -1
-1 -1
4414 4414
1255 1258
3871 3871
3863 3865
1571 1571
-1 -1
9696 9697
2281 2281
2961 2961
5941 5942
-1 -1
-1 -1
1988 1988
4505 4508
650 651
-1 -1
-1 -1
4890 4890
6200 6202
7851 7851
9260 9260
-1 -1
909 909
7480 7481
-1 -1
6196 6196
-1 -1
9211 9213
8606 8606
-1 -1
-1 -1
5927 5930
-1 -1
6560 6562
-1 -1
-1 -1
1099 1099
-1 -1
-1 -1
6446 6446
8809 8809
-1 -1
4390 4391
5103 5103
2355 2355
-1 -1
-1 -1
9579 9580
259 260
94 94
8057 8057
5663 5665
5705 5706
-1 -1
8111 8111
8748 8748
-1 -1
301 301
-1 -1
1277 1277
4465 4465
5974 5974
3466 3466
438 439
-1 -1
-1 -1
7855 7856
-1 -1
6032 6032
-1 -1
8567 8567
191 191
9738 9739
5337 5337
-1 -1
5328 5332
2991 2991
5534 5536
6560 6562
4139 4139
-1 -1
10016 10016
6495 6497
-1 -1
60 60
-1 -1
-1 -1
8727 8727
1185 1185
5672 5672
6354 6354
5873 5874
8032 8035
-1 -1
9357 9357
1496 1496
1575 1575
4301 4301
8125 8126
1370 1371
-1 -1
-1 -1
-1 -1
-1 -1
4606 4608
3192 3192
-1 -1
6589 6590
-1 -1
7888 7888
-1 -1
9595 9596
4907 4907
6270 6270
3189 3190
8223 8224
-1 -1
2660 2663
3691 3691
-1 -1
4595 4596
-1 -1
4461 4461
-1 -1
8019 8019
8302 8305
7121 7121
-1 -1
-1 -1
5170 5171
-1 -1
9843 9843
6783 6783
5478 5478
745 745
-1 -1
-1 -1
1727 1728
9529 9529
8660 8660
1782 1782
-1 -1
9404 9404
3755 3755
5350 5350
-1 -1
4565 4565
1089 1089
-1 -1
1367 1369
-1 -1
-1 -1
156 156
7496 7497
-1 -1
4091 4091
2589 2591
-1 -1
4132 4132
-1 -1
214 215
-1 -1
-1 -1
1290 1290
4042 4042
6344 6344
3808 3810
-1 -1
5580 5580
8400 8402
8369 8369
-1 -1
4915 4915
-1 -1
462 462
982 982
-1 -1
28 29
6763 6765
2115 2115
165 165
-1 -1
7004 7004
776 776
-1 -1
4773 4773
8745 8747
-1 -1
-1 -1
1580 1580
3522 3522
8172 8174
3141 3141
7378 7382
1455 1459
-1 -1
8293 8293
-1 -1
-1 -1
9166 9166
-1 -1
-1 -1
2472 2472
4908 4908
-1 -1
213 213
-1 -1
6692 6692
-1 -1
4253 4256
8932 8934
6322 6322
4280 4280
5615 5617
-1 -1
-1 -1
-1 -1
888 888
9277 9277
3016 3016
9121 9121
-1 -1
7449 7449
9791 9792
6163 6163
2820 2820
1775 1776
1106 1106
4425 4425
8266 8266
8403 8403
2940 2940
7944 7944
-1 -1
-1 -1
7610 7611
2782 2783
-1 -1
6615 6616
7030 7030
2175 2175
-1 -1
4527 4527
528 528
8342 8342
4513 4513
2226 2227
2252 2256
675 675
8390 8391
-1 -1
-1 -1
-1 -1
4280 4280
8715 8715
4235 4236
5181 5181
-1 -1
-1 -1
-1 -1
480 480
7607 7609
4418 4418
5848 5848
7467 7468
5172 5172
-1 -1
7922 7922
2427 2427
-1 -1
6442 6442
-1 -1
434 434
7100 7100
162 162
6640 6640
9996 9997
7890 7892
6078 6078
2520 2520
9591 9591
3318 3318
-1 -1
4126 4128
8726 8726
7444 7446
1659 1659
-1 -1
-1 -1
8733 8733
-1 -1
-1 -1
1454 1454
-1 -1
5090 5090
9720 9722
8857 8859
-1 -1
1420 1420
-1 -1
6083 6083
5505 5506
9946 9946
4090 4090
4068 4069
6714 6714
3906 3909
1390 1390
-1 -1
2825 2826
8214 8214
7021 7021
4210 4210
9561 9562
3502 3502
-1 -1
471 471
-1 -1
-1 -1
4167 4168
7852 7852
2721 2722
4726 4726
5200 5201
14 14
9924 9924
-1 -1
9962 9962
7213 7213
4499 4499
6892 6892
5367 5368
7948 7948
-1 -1
4062 4062
4125 4125
7365 7365
9006 9007
9875 9876
97 98
4648 4649
2231 2231
9842 9842
-1 -1
-1 -1
-1 -1
-1 -1
-1 -1
-1 -1
5355 5356
-1 -1
5381 5381
1611 1612
6614 6614
5388 5388
7120 7120
6602 6602
8742 8742
1485 1485
6901 6902
6055 6055
-1 -1
-1 -1
-1 -1
-1 -1
-1 -1
8527 8527
3750 3751
-1 -1
-1 -1
6984 6984
-1 -1
395 395
-1 -1
1608 1608
-1 -1
1171 1171
7801 7801
-1 -1
9260 9260
2246 2246
-1 -1
7859 7860
5656 5658
6979 6979
9211 9213
3299 3299
-1 -1
-1 -1
-1 -1
1319 1319
-1 -1
1185 1185
-1 -1
8184 8184
3046 3047
8932 8934
2791 2793
-1 -1
-1 -1
6585 6586
649 649
9452 9452
5226 5226
4986 4986
9801 9801
8172 8174
-1 -1
-1 -1
-1 -1
9181 9181
-1 -1
-1 -1
-1 -1
-1 -1
5338 5338
-1 -1
2657 2657
4489 4490
-1 -1
-1 -1
-1 -1
680 680
1205 1207
-1 -1
-1 -1
591 591
1756 1756
3345 3348
-1 -1
-1 -1
2721 2722
6536 6537
1833 1833
1501 1501
-1 -1
596 596
6969 6970
752 754
-1 -1
-1 -1
963 964
6397 6398
6103 6103
-1 -1
708 710
-1 -1
-1 -1
487 487
1656 1656
2412 2413
-1 -1
-1 -1
6494 6494
1421 1421
926 926
3955 3955
1920 1920
9605 9606
-1 -1
2848 2850
4894 4895
7688 7688
59 59
7260 7262
5074 5074
2864 2867
4134 4134
5683 5683
8271 8272
3593 3593
8891 8892
6656 6656
-1 -1
-1 -1
5952 5952
6811 6811
-1 -1
852 853
7383 7383
-1 -1
-1 -1
-1 -1
-1 -1
-1 -1
-1 -1
3112 3112
3268 3269
446 446
870 870
2322 2322
6134 6134
-1 -1
3678 3678
-1 -1
2686 2688
2679 2680
7219 7220
-1 -1
1113 1113
9945 9945
6612 6613
2210 2212
9618 9618
7886 7886
-1 -1
-1 -1
-1 -1
-1 -1
-1 -1
-1 -1
1232 1232
-1 -1
-1 -1
9383 9383
6291 6291
-1 -1
-1 -1
2036 2036
4109 4110
6881 6882
233 234
9253 9254
6389 6390
5036 5037
-1 -1
227 227
-1 -1
-1 -1
903 903
1337 1337
655 658
-1 -1
133 133
7392 7392
-1 -1
9589 9589
2841 2842
7166 7166
-1 -1
8500 8500
1420 1420
-1 -1
2272 2275
6476 6478
-1 -1
-1 -1
7663 7663
3349 3349
-1 -1
-1 -1
-1 -1
5876 5876
-1 -1
-1 -1
5720 5720
7885 7885
4217 4217
8145 8145
5446 5446
-1 -1
764 764
8468 8468
-1 -1
8971 8971
-1 -1
2581 2581
2222 2225
1971 1971
7074 7075
2497 2497
6768 6768
2134 2134
1463 1463
9292 9293
8658 8658
7604 7606
4458 4458
7319 7319
6738 6738
-1 -1
3423 3423
-1 -1
9512 9512
4855 4855
-1 -1
7279 7279
3128 3129
9046 9046
4422 4422
7030 7030
8890 8890
-1 -1
-1 -1
5758 5758
1111 1111
8860 8860
-1 -1
-1 -1
-1 -1
-1 -1
7275 7275
5971 5972
6028 6028
6191 6193
-1 -1
7488 7488
2026 2026
84 84
5768 5768
1274 1274
1928 1929
9633 9633
3433 3434
1260 1260
3805 3805
-1 -1
-1 -1
3036 3036
3758 3761
-1 -1
9888 9889
6326 6326
-1 -1
268 268
9225 9225
7612 7613
1777 1781
3441 3442
4157 4157
8456 8458
-1 -1
-1 -1
-1 -1
5321 5325
9453 9453
8117 8118
-1 -1
8976 8977
4802 4802
9175 9175
607 607
-1 -1
-1 -1
-1 -1
7801 7801
-1 -1
-1 -1
6399 6399
5504 5504
8080 8080
-1 -1
1761 1761
-1 -1
7600 7600
5147 5148
1923 1924
-1 -1
8125 8126
336 336
3954 3954
-1 -1
8293 8293
-1 -1
-1 -1
4325 4328
3140 3140
-1 -1
3991 3992
-1 -1
-1 -1
-1 -1
-1 -1
3192 3192
-1 -1
4885 4885
8953 8954
6072 6072
8099 8099
909 909
1338 1339
-1 -1
2194 2194
8904 8904
-1 -1
1442 1442
8876 8876
2503 2504
7732 7732
4630 4632
5644 5644
7474 7475
-1 -1
2265 2265
-1 -1
4986 4986
7653 7654
-1 -1
8842 8842
-1 -1
-1 -1
5291 5291
472 472
-1 -1
-1 -1
-1 -1
4652 4653
-1 -1
1010 1011
4906 4906
492 492
2840 2840
3027 3027
9619 9619
3737 3737
5488 5489
-1 -1
1283 1283
428 428
7859 7860
-1 -1
6247 6247
-1 -1
824 826
4052 4052
4797 4797
-1 -1
5622 5622
7197 7197
1598 1598
8624 8625
217 217
4749 4750
9100 9101
6875 6875
1504 1504
2899 2900
-1 -1
310 310
6772 6772
-1 -1
-1 -1
-1 -1
-1 -1
1 1
-1 -1
1137 1137
-1 -1
1558 1558
-1 -1
-1 -1
-1 -1
6919 6919
9063 9063
8524 8524
218 219
-1 -1
148 148
-1 -1
2706 2706
9819 9820
-1 -1
-1 -1
9418 9418
-1 -1
-1 -1
7986 7986
-1 -1
9893 9893
2354 2354
2366 2366
1028 1028
2765 2765
5450 5450
6187 6187
4797 4797
664 664
8438 8438
5625 5627
3048 3048
1305 1306
9665 9666
-1 -1
-1 -1
8968 8968
4465 4465
8827 8828
-1 -1
1902 1902
1141 1143
8827 8828
9500 9500
-1 -1
6577 6578
4034 4035
9279 9279
-1 -1
5841 5841
4617 4617
7134 7134
-1 -1
1336 1336
2313 2313
5429 5429
6850 6851
-1 -1
-1 -1
7055 7055
7155 7156
-1 -1
680 680
2753 2753
4745 4745
-1 -1
5123 5123
5464 5464
4512 4512
2582 2582
8193 8193
2452 2452
1012 1013
4675 4677
-1 -1
-1 -1
603 603
-1 -1
-1 -1
3429 3429
-1 -1
-1 -1
-1 -1
-1 -1
3971 3971
-1 -1
9107 9111
6130 6131
7202 7203
-1 -1
-1 -1
1898 1899
-1 -1
54 54
1762 1762
2803 2803
3211 3212
9474 9474
-1 -1
5926 5926
-1 -1
6921 6923
-1 -1
3679 3679
3843 3844
8729 8729
7776 7776
-1 -1
696 696
-1 -1
-1 -1
-1 -1
-1 -1
7885 7885
-1 -1
7563 7563
6656 6656
4961 4961
-1 -1
5596 5596
2797 2797
6147 6147
-1 -1
4589 4589
-1 -1
2732 2733
8658 8658
2013 2015
4571 4573
3438 3438
1349 1349
6627 6627
87 90
4745 4745
2026 2026
5364 5366
9313 9314
8273 8273
7344 7344
7741 7742
9149 9151
4355 4355
3199 3199
9534 9536
-1 -1
-1 -1
8862 8862
-1 -1
-1 -1
6576 6576
8661 8664
-1 -1
-1 -1
1044 1044
-1 -1
-1 -1
3716 3716
9846 9846
-1 -1
4170 4170
1272 1273
1367 1369
7689 7689
9318 9318
9178 9178
4512 4512
4585 4585
-1 -1
-1 -1
2919 2920
6686 6686
6702 6702
2498 2499
-1 -1
6400 6400
1452 1452
2262 2264
1520 1523
4729 4730
9661 9662
-1 -1
-1 -1
-1 -1
3118 3118
9483 9483
2179 2179
7288 7288
-1 -1
-1 -1
7244 7244
6757 6757
6160 6160
1442 1442
1137 1137
948 948
3 4
623 623
9342 9342
3958 3958
5747 5750
6806 6806
-1 -1
2615 2615
565 565
2925 2927
3547 3547
4476 4476
60 60
4996 4996
2656 2656
-1 -1
5666 5666
-1 -1
3750 3751
-1 -1
-1 -1
3423 3423
9432 9435
845 846
3375 3375
8024 8024
6526 6527
8445 8446
4492 4492
5637 5637
1545 1545
133 133
1851 1851
2644 2644
62 62
-1 -1
256 256
1911 1913
9310 9310
-1 -1
4867 4867
-1 -1
3090 3090
-1 -1
3183 3183
2360 2360
-1 -1
-1 -1
9793 9796
-1 -1
5360 5360
5543 5543
1267 1268
-1 -1
9927 9927
7256 7256
8420 8421
9594 9594
-1 -1
-1 -1
-1 -1
2730 2730
-1 -1
2526 2526
2777 2777
-1 -1
-1 -1
4729 4730
-1 -1
-1 -1
9310 9310
3984 3984
-1 -1
-1 -1
-1 -1
-1 -1
2054 2054
496 496
5154 5156
8364 8366
226 226
-1 -1
2868 2868
-1 -1
2910 2910
4042 4042
-1 -1
-1 -1
1715 1716
6637 6639
-1 -1
-1 -1
-1 -1
3400 3400
-1 -1
-1 -1
2979 2980
-1 -1
-1 -1
-1 -1
2691 2691
-1 -1
-1 -1
-1 -1
-1 -1
5436 5437
-1 -1
1340 1340
185 185
-1 -1
3294 3294
6872 6872
-1 -1
3975 3980
6454 6454
-1 -1
-1 -1
6663 6663
5720 5720
-1 -1
-1 -1
-1 -1
-1 -1
-1 -1
-1 -1
-1 -1
5812 5813
3636 3636
-1 -1
-1 -1
5093 5093
5528 5528
-1 -1
-1 -1
-1 -1
2883 2883
8864 8864
-1 -1
-1 -1
9199 9199
-1 -1
3065 3066
-1 -1
8509 8509
3431 3431
4624 4624
2986 2986
-1 -1
1649 1649
3888 3888
6979 6979
-1 -1
6464 6464
7997 7997
-1 -1
447 447
9383 9383
9607 9607
1360 1360
8848 8848
8827 8828
6718 6718
8413 8413
4731 4731
8348 8348
82 82
9481 9482
-1 -1
-1 -1
2175 2175
8466 8467
3719 3722
5484 5484
-1 -1
-1 -1
-1 -1
7627 7627
-1 -1
9510 9510
-1 -1
-1 -1
4117 4117
5471 5471
2645 2646
4928 4929
8307 8310
-1 -1
9286 9287
4066 4066
-1 -1
-1 -1
4054 4055
-1 -1
8897 8897
388 388
2061 2063
-1 -1
4789 4789
-1 -1
-1 -1
-1 -1
5795 5795
5434 5434
8221 8222
5097 5097
5132 5132
1353 1353
-1 -1
562 562
3825 3826
6248 6249
-1 -1
1156 1156
4052 4052
3960 3963
-1 -1
4194 4196
6568 6569
8992 8992
8509 8509
4108 4108
1729 1729
5172 5172
2158 2158
8629 8630
-1 -1
-1 -1
7980 7980
3301 3302
1766 1766
8562 8563
9890 9890
8631 8632
9289 9289
1426 1426
-1 -1
4837 4838
726 726
1753 1754
-1 -1
7174 7174
4051 4051
267 267
9994 9995
-1 -1
1863 1863
1547 1547
-1 -1
-1 -1
4219 4219
8884 8884
889 889
4439 4439
4056 4060
-1 -1
-1 -1
-1 -1
9838 9838
6873 6873
5760 5761
574 574
8182 8183
1876 1876
-1 -1
8343 8343
5283 5283
-1 -1
-1 -1
-1 -1
-1 -1
-1 -1
8775 8775
6910 6910
2144 2145
3419 3421
2836 2836
4683 4683
-1 -1
-1 -1
-1 -1
7655 7656
9733 9733
1276 1276
1372 1372
934 935
-1 -1
6856 6856
1383 1383
-1 -1
-1 -1
7467 7468
-1 -1
-1 -1
1625 1625
5337 5337
-1 -1
-1 -1
-1 -1
4657 4657
-1 -1
7954 7954
6521 6521
1841 1841
-1 -1
6986 6987
-1 -1
-1 -1
-1 -1
-1 -1
-1 -1
-1 -1
-1 -1
5927 5930
2194 2194
5963 5963
4824 4825
6519 6520
-1 -1
-1 -1
-1 -1
1291 1291
9224 9224
1854 1854
5038 5040
1022 1022
3937 3939
-1 -1
-1 -1
-1 -1
-1 -1
2629 2630
1272 1273
-1 -1
8615 8615
4984 4984
5659 5660
5420 5421
1266 1266
3464 3464
6187 6187
-1 -1
6104 6105
6067 6067
2305 2305
214 215
5999 5999
9819 9820
-1 -1
-1 -1
9123 9124
-1 -1
3502 3502
5525 5526
-1 -1
4788 4788
6414 6414
-1 -1
1755 1755
6501 6501
5860 5861
8503 8503
-1 -1
5509 5509
-1 -1
6246 6246
6466 6466
959 962
-1 -1
7006 7008
-1 -1
-1 -1
8223 8224
6164 6166
3181 3181
1182 1183
5064 5064
597 599
-1 -1
-1 -1
2706 2706
-1 -1
2804 2805
5350 5350
-1 -1
-1 -1
3141 3141
3337 3340
3762 3763
612 613
457 457
-1 -1
6538 6539
3081 3081
2454 2455
-1 -1
3153 3153
3021 3023
6459 6460
8181 8181
8912 8913
8818 8818
4566 4566
-1 -1
3310 3312
-1 -1
8279 8282
5293 5293
436 436
-1 -1
8081 8085
8414 8414
9905 9905
-1 -1
-1 -1
-1 -1
1419 1419
8570 8574
263 265
2354 2354
1009 1009
3988 3988
2052 2052
3545 3546
-1 -1
6885 6885
5824 5824
7331 7331
-1 -1
7269 7269
-1 -1
-1 -1
3638 3638
4797 4797
2080 2084
-1 -1
3536 3536
-1 -1
1672 1674
6393 6393
5659 5660
7550 7550
603 603
3592 3592
1584 1585
6806 6806
4709 4709
-1 -1
-1 -1
746 749
7588 7588
-1 -1
2293 2295
-1 -1
-1 -1
3182 3182
-1 -1
-1 -1
-1 -1
-1 -1
3317 3317
2443 2444
9839 9841
223 224
-1 -1
9264 9264
4162 4165
661 661
480 480
7230 7233
5051 5052
3667 3667
5967 5967
5478 5478
-1 -1
721 721
5288 5288
-1 -1
-1 -1
-1 -1
-1 -1
-1 -1
3954 3954
-1 -1
294 294
-1 -1
2445 2445
5859 5859
-1 -1
6509 6509
-1 -1
-1 -1
8986 8988
596 596
3619 3620
-1 -1
2531 2534
8912 8913
-1 -1
3781 3782
4363 4363
-1 -1
3570 3570
4615 4615
-1 -1
103 107
1557 1557
5312 5313
7035 7036
8140 8140
-1 -1
220 220
3517 3518
9058 9059
1162 1162
3345 3348
2954 2954
9331 9335
3074 3075
7713 7713
7113 7113
-1 -1
7030 7030
5979 5979
-1 -1
2614 2614
5609 5610
-1 -1
7862 7863
3456 3457
8144 8144
-1 -1
-1 -1
5967 5967
1126 1126
1559 1559
-1 -1
5299 5299
-1 -1
7116 7118
576 576
-1 -1
527 527
5864 5865
1155 1155
7415 7415
8468 8468
218 219
-1 -1
4970 4972
4767 4767
7697 7697
4296 4296
6125 6125
5139 5141
8672 8672
-1 -1
9583 9583
-1 -1
6628 6629
7121 7121
2095 2095
6343 6343
6443 6443
3060 3060
-1 -1
2787 2787
5357 5357
-1 -1
2411 2411
10009 10009
8261 8261
-1 -1
-1 -1
7369 7370
3580 3581
3040 3040
-1 -1
-1 -1
4962 4962
9375 9377
-1 -1
1097 1097
-1 -1
-1 -1
-1 -1
-1 -1
5879 5881
70 70
-1 -1
2747 2748
6749 6749
5751 5751
3801 3802
3098 3098
-1 -1
6973 6973
5027 5029
2959 2960
87 90
1137 1137
552 554
-1 -1
-1 -1
5590 5590
9609 9610
-1 -1
9316 9317
2508 2510
2694 2694
6278 6279
7735 7737
2345 2345
6415 6416
-1 -1
9 10
5306 5306
5467 5467
5682 5682
3426 3426
9353 9353
4216 4216
8015 8015
-1 -1
4170 4170
1202 1202
3482 3482
6931 6931
4063 4063
6056 6056
8971 8971
-1 -1
2588 2588
-1 -1
8949 8949
1104 1105
-1 -1
879 879
-1 -1
8297 8298
4553 4555
-1 -1
-1 -1
981 981
4423 4424
4120 4120
455 456
1597 1597
-1 -1
6074 6074
-1 -1
4459 4459
-1 -1
-1 -1
-1 -1
2811 2811
7113 7113
6762 6762
-1 -1
7598 7599
-1 -1
7532 7532
-1 -1
8890 8890
191 191
8902 8902
-1 -1
1693 1693
-1 -1
-1 -1
6364 6364
6686 6686
7211 7211
-1 -1
7394 7397
-1 -1
1497 1500
740 740
-1 -1
6821 6821
4062 4062
9572 9572
-1 -1
1533 1535
-1 -1
-1 -1
9243 9243
32 32
-1 -1
3897 3897
9471 9472
6235 6236
-1 -1
-1 -1
-1 -1
-1 -1
-1 -1
7321 7322
6348 6348
7537 7538
9769 9769
9521 9523
1405 1405
5090 5090
9327 9328
3443 3443
-1 -1
-1 -1
9331 9335
3866 3867
4854 4854
9166 9166
-1 -1
443 443
7893 7893
-1 -1
731 732
-1 -1
1180 1180
-1 -1
209 212
8589 8589
7244 7244
4240 4240
6068 6070
-1 -1
-1 -1
2384 2384
-1 -1
-1 -1
8168 8169
-1 -1
2088 2089
9565 9567
2592 2592
9127 9127
6670 6672
7941 7943
5738 5738
44 45
7028 7028
7957 7957
2012 2012
-1 -1
153 155
-1 -1
1449 1450
3593 3593
2164 2164
9933 9933
4720 4720
8203 8203
-1 -1
3817 3817
2739 2739
6252 6253
-1 -1
467 468
1801 1801
6298 6299
3944 3944
9062 9062
1771 1771
730 730
4357 4360
1417 1418
-1 -1
9899 9899
9854 9854
-1 -1
-1 -1
-1 -1
8505 8505
4568 4570
1957 1957
-1 -1
4817 4818
8621 8622
819 819
3574 3574
-1 -1
1819 1819
7906 7906
9460 9460
4658 4658
8949 8949
-1 -1
3358 3358
2820 2820
7760 7761
1559 1559
928 928
4431 4431
974 977
3437 3437
3536 3536
7337 7337
1717 1717
-1 -1
7667 7667
3137 3138
1970 1970
-1 -1
7932 7932
4982 4982
3900 3901
109 112
-1 -1
-1 -1
-1 -1
5425 5426
1176 1178
-1 -1
3465 3465
7819 7819
4759 4759
-1 -1
-1 -1
-1 -1
568 568
-1 -1
7030 7030
833 833
-1 -1
5125 5125
-1 -1
1228 1228
3583 3586
1239 1239
5937 5937
4925 4926
-1 -1
3515 3515
9347 9347
8147 8148
-1 -1
849 850
-1 -1
-1 -1
1972 1973
772 775
8414 8414
3921 3921
1447 1447
8890 8890
8439 8439
9946 9946
2355 2355
-1 -1
7505 7505
-1 -1
5945 5945
9892 9892
9467 9467
-1 -1
-1 -1
3409 3409
-1 -1
-1 -1
2672 2672
-1 -1
9316 9317
1270 1270
6039 6039
6381 6381
-1 -1
5913 5914
5495 5496
4410 4411
7979 7979
132 132
-1 -1
8182 8183
8924 8925
9329 9330
-1 -1
-1 -1
8939 8939
6399 6399
1774 1774
883 884
8179 8180
6869 6871
-1 -1
-1 -1
-1 -1
-1 -1
-1 -1
-1 -1
5486 5486
1810 1811
2393 2393
3233 3234
-1 -1
1560 1560
-1 -1
3056 3056
1066 1066
5312 5313
-1 -1
-1 -1
-1 -1
5987 5987
-1 -1
-1 -1
-1 -1
-1 -1
1815 1817
5218 5218
9125 9126
4757 4757
5607 5607
2300 2301
8158 8161
9034 9034
2257 2257
-1 -1
-1 -1
985 986
-1 -1
9778 9779
5838 5838
-1 -1
9025 9025
6115 6115
4167 4168
8714 8714
6808 6808
37 37
4085 4085
7209 7210
-1 -1
241 241
7280 7281
9999 10000
5580 5580
-1 -1
2258 2258
8357 8358
-1 -1
7985 7985
-1 -1
7389 7389
-1 -1
1859 1859
8537 8537
-1 -1
7338 7339
1532 1532
6319 6319
-1 -1
-1 -1
-1 -1
-1 -1
-1 -1
567 567
9311 9312
4678 4678
-1 -1
-1 -1
-1 -1
-1 -1
3323 3323
-1 -1
1625 1625
1774 1774
2266 2267
1391 1391
3193 3194
68 69
2192 2192
8319 8319
-1 -1
4227 4227
-1 -1
2472 2472
-1 -1
8755 8755
3278 3278
4096 4098
7811 7815
724 725
8880 8880
9900 9901
-1 -1
9301 9301
-1 -1
-1 -1
8029 8030
-1 -1
4510 4510
-1 -1
8423 8424
3940 3940
7823 7823
7897 7897
3633 3633
5999 5999
-1 -1
-1 -1
799 799
-1 -1
8944 8944
5882 5882
2777 2777
4489 4490
7175 7175
5903 5904
9210 9210
6510 6510
7626 7626
6705 6705
1602 1603
413 413
477 477
4299 4299
3353 3353
7256 7256
-1 -1
4489 4490
108 108
-1 -1
5718 5718
6373 6376
-1 -1
-1 -1
-1 -1
1488 1489
8342 8342
9251 9252
6583 6583
-1 -1
5244 5244
6926 6926
8823 8823
2384 2384
1553 1553
-1 -1
1711 1711
6856 6856
-1 -1
5648 5650
4402 4402
-1 -1
6395 6395
-1 -1
2833 2833
8838 8841
-1 -1
-1 -1
3107 3107
-1 -1
6712 6712
-1 -1
-1 -1
-1 -1
-1 -1
5975 5975
-1 -1
382 385
-1 -1
8809 8809
7288 7288
4503 4504
5553 5554
6203 6203
6393 6393
-1 -1
-1 -1
-1 -1
-1 -1
-1 -1
-1 -1
327 330
-1 -1
8995 8996
7958 7958
1891 1892
570 570
6513 6514
2335 2337
3459 3459
4491 4491
2453 2453
-1 -1
3209 3210
496 496
-1 -1
6454 6454
6566 6567
-1 -1
7432 7435
-1 -1
-1 -1
-1 -1
3213 3213
2281 2281
9801 9801
6283 6284
-1 -1
7651 7651
4101 4101
-1 -1
5000 5000
7293 7294
-1 -1
-1 -1
4076 4077
1260 1260
-1 -1
4624 4624
7852 7852
-1 -1
855 856
9849 9850
-1 -1
-1 -1
-1 -1
4244 4245
6034 6035
6404 6404
7177 7177
7615 7615
-1 -1
5158 5158
9499 9499
293 293
5911 5911
8688 8692
2183 2184
-1 -1
-1 -1
3000 3000
175 178
9420 9421
4166 4166
58 58
-1 -1
7778 7778
7879 7880
6713 6713
1529 1529
-1 -1
3309 3309
-1 -1
-1 -1
9027 9027
870 870
-1 -1
6300 6302
-1 -1
4210 4210
-1 -1
4012 4012
-1 -1
4624 4624
2262 2264
-1 -1
3065 3066
-1 -1
7823 7823
1710 1710
9148 9148
-1 -1
5878 5878
-1 -1
6252 6253
-1 -1
8369 8369
1222 1222
2544 2544
6874 6874
985 986
-1 -1
1266 1266
866 866
3239 3239
-1 -1
4221 4221
-1 -1
7219 7220
9256 9256
5872 5872
6617 6617
608 608
5712 5714
9290 9290
2540 2540
-1 -1
6369 6369
2845 2845
1880 1880
1231 1231
3674 3674
5381 5381
4377 4378
-1 -1
-1 -1
-1 -1
6358 6358
2814 2814
9701 9701
-1 -1
-1 -1
-1 -1
5997 5997
1310 1313
-1 -1
-1 -1
9479 9479
4810 4811
-1 -1
9381 9381
5698 5698
7288 7288
6778 6778
-1 -1
3869 3869
6405 6406
-1 -1
6084 6087
1099 1099
161 161
-1 -1
2633 2633
4205 4206
5913 5914
3537 3537
6098 6098
9964 9964
-1 -1
4221 4221
3116 3117
1009 1009
6595 6595
-1 -1
9665 9666
6231 6232
2913 2913
1777 1781
1684 1686
-1 -1
298 298
8223 8224
6961 6961
6695 6696
5759 5759
3945 3945
8728 8728
5960 5961
4096 4098
8577 8577
2436 2438
7401 7401
4467 4467
194 194
3178 3178
844 844
-1 -1
-1 -1
1642 1643
-1 -1
1473 1474
-1 -1
2024 2024
-1 -1
8627 8627
-1 -1
5032 5033
-1 -1
630 631
5805 5807
-1 -1
3657 3658
758 758
-1 -1
2385 2386
-1 -1
-1 -1
256 256
8534 8534
-1 -1
3249 3249
-1 -1
1752 1752
-1 -1
-1 -1
6888 6888
5157 5157
-1 -1
8237 8237
4246 4246
-1 -1
436 436
9886 9886
7249 7249
1254 1254
5146 5146
-1 -1
8896 8896
4852 4853
492 492
-1 -1
1836 1836
-1 -1
-1 -1
7888 7888
-1 -1
2803 2803
4170 4170
-1 -1
3813 3813
-1 -1
4774 4777
9525 9528
8242 8247
5305 5305
5970 5970
5720 5720
-1 -1
-1 -1
-1 -1
3946 3948
-1 -1
8319 8319
758 758
-1 -1
1767 1767
-1 -1
2219 2220
8231 8231
-1 -1
1070 1070
-1 -1
2245 2245
1794 1796
6170 6170
3156 3156
7249 7249
3272 3274
-1 -1
3014 3015
-1 -1
3912 3913
-1 -1
5423 5423
3807 3807
-1 -1
-1 -1
-1 -1
-1 -1
7907 7908
-1 -1
372 372
7081 7082
5134 5134
-1 -1
6849 6849
5866 5867
510 510
3208 3208
-1 -1
-1 -1
3368 3369
5314 5315
-1 -1
5663 5665
134 136
-1 -1
-1 -1
6615 6616
772 775
-1 -1
7631 7632
5373 5373
9044 9044
-1 -1
903 903
-1 -1
-1 -1
8697 8699
327 330
8196 8196
-1 -1
1253 1253
-1 -1
9744 9744
5005 5006
3737 3737
3728 3728
-1 -1
-1 -1
7185 7185
7451 7452
1507 1507
-1 -1
-1 -1
8011 8011
-1 -1
4896 4896
-1 -1
-1 -1
5756 5756
9286 9287
3816 3816
2304 2304
3165 3165
-1 -1
3558 3558
-1 -1
5347 5349
8598 8598
3642 3642
477 477
-1 -1
7014 7014
-1 -1
8323 8323
9321 9321
10001 10003
-1 -1
8682 8682
6712 6712
2628 2628
711 711
6407 6408
-1 -1
2678 2678
-1 -1
-1 -1
-1 -1
-1 -1
-1 -1
2048 2049
9095 9096
592 593
7739 7739
-1 -1
3112 3112
-1 -1
2385 2386
-1 -1
7457 7458
9250 9250
-1 -1
1900 1901
7756 7756
-1 -1
1938 1938
1750 1750
3599 3600
8230 8230
1137 1137
6005 6005
9456 9456
6333 6334
6488 6490
-1 -1
8250 8251
838 838
414 415
5645 5645
3349 3349
7311 7314
703 703
-1 -1
9514 9514
-1 -1
3792 3792
4761 4762
5124 5124
7438 7439
8146 8146
-1 -1
3370 3371
4887 4887
5106 5106
-1 -1
1671 1671
-1 -1
-1 -1
8502 8502
-1 -1
3549 3549
6596 6596
5639 5640
-1 -1
4905 4905
3780 3780
-1 -1
-1 -1
1862 1862
1420 1420
5197 5197
9674 9675
5471 5471
7196 7196
-1 -1
6733 6737
8914 8914
-1 -1
-1 -1
5358 5358
-1 -1
1135 1135
-1 -1
1251 1252
9258 9258
7915 7916
3953 3953
9036 9036
9726 9726
5766 5766
-1 -1
8785 8786
5981 5983
-1 -1
-1 -1
2991 2991
3619 3620
1615 1616
8776 8776
2789 2789
9035 9035
1931 1931
-1 -1
8236 8236
1007 1007
-1 -1
8519 8519
9801 9801
2731 2731
7074 7075
1575 1575
-1 -1
3637 3637
4640 4640
8214 8214
-1 -1
-1 -1
4078 4079
2750 2750
5829 5829
1707 1708
133 133
-1 -1
-1 -1
5154 5156
-1 -1
1032 1032
-1 -1
-1 -1
2353 2353
6179 6179
-1 -1
8001 8001
1627 1628
7858 7858
9438 9439
6100 6101
-1 -1
-1 -1
4886 4886
3714 3715
2930 2932
7976 7976
5109 5110
1002 1002
7111 7111
696 696
3646 3647
-1 -1
8024 8024
1995 1995
-1 -1
20 20
-1 -1
3679 3679
-1 -1
-1 -1
1605 1605
6951 6952
500 500
5831 5831
9800 9800
5293 5293
3295 3295
791 791
-1 -1
3309 3309
6431 6435
8177 8177
9758 9760
8203 8203
6012 6012
4637 4639
-1 -1
8693 8693
-1 -1
1202 1202
6386 6386
-1 -1
-1 -1
-1 -1
-1 -1
-1 -1
1986 1986
5225 5225
-1 -1
-1 -1
7125 7125
1497 1500
4026 4026
-1 -1
-1 -1
-1 -1
8524 8524
6653 6655
8899 8901
8737 8737
-1 -1
-1 -1
9471 9472
-1 -1
2026 2026
-1 -1
87 90
9744 9744
2222 2225
3257 3257
7951 7951
6071 6071
-1 -1
4437 4437
3910 3910
1192 1192
9521 9523
4925 4926
-1 -1
8767 8767
-1 -1
6221 6221
-1 -1
6717 6717
7336 7336
-1 -1
2692 2693
-1 -1
757 757
6219 6219
-1 -1
-1 -1
6571 6571
5073 5073
9280 9280
4433 4433
2379 2379
6971 6971
-1 -1
-1 -1
1336 1336
-1 -1
-1 -1
8319 8319
-1 -1
6104 6105
2732 2733
862 863
-1 -1
120 120
92 92
3322 3322
-1 -1
4469 4471
-1 -1
-1 -1
9107 9111
8409 8409
7794 7797
7288 7288
-1 -1
-1 -1
227 227
-1 -1
6256 6256
6543 6543
-1 -1
-1 -1
-1 -1
6716 6716
8230 8230
981 981
2732 2733
5438 5438
-1 -1
-1 -1
4736 4736
-1 -1
-1 -1
-1 -1
-1 -1
-1 -1
6804 6804
-1 -1
5918 5920
-1 -1
757 757
7447 7447
1560 1560
2194 2194
-1 -1
1537 1537
3143 3144
1867 1867
9184 9185
-1 -1
8026 8026
-1 -1
789 789
-1 -1
-1 -1
637 637
-1 -1
-1 -1
9233 9237
7953 7953
171 171
9635 9635
-1 -1
8329 8330
9285 9285
8712 8712
7983 7983
4505 4508
-1 -1
-1 -1
-1 -1
9787 9788
7726 7726
4911 4911
2517 2518
-1 -1
-1 -1
3214 3214
7344 7344
-1 -1
-1 -1
-1 -1
3141 3141
5335 5335
-1 -1
3379 3379
5106 5106
7456 7456
8713 8713
-1 -1
6983 6983
-1 -1
6721 6721
-1 -1
-1 -1
-1 -1
-1 -1
-1 -1
2814 2814
-1 -1
5800 5800
9686 9686
7141 7141
-1 -1
-1 -1
-1 -1
800 800
1592 1593
5639 5640
4022 4022
3354 3354
-1 -1
560 560
4342 4342
922 923
3414 3414
7922 7922
9313 9314
5163 5166
3525 3525
-1 -1
-1 -1
-1 -1
-1 -1
6040 6044
-1 -1
1082 1085
5622 5622
-1 -1
5360 5360
7709 7710
8322 8322
1911 1913
-1 -1
9180 9180
-1 -1
3935 3935
5666 5666
7890 7892
4728 4728
-1 -1
2602 2603
9095 9096
2057 2057
2385 2386
8729 8729
-1 -1
6441 6441
-1 -1
4515 4516
-1 -1
4637 4639
9768 9768
-1 -1
7345 7345
-1 -1
-1 -1
7270 7270
-1 -1
-1 -1
2180 2180
-1 -1
2371 2372
7131 7133
299 300
-1 -1
8127 8127
-1 -1
8107 8107
7945 7945
-1 -1
470 470
6446 6446
4205 4206
5630 5631
6591 6591
9475 9475
8337 8339
6533 6533
3485 3485
-1 -1
6324 6324
3813 3813
-1 -1
1921 1921
4767 4767
-1 -1
390 390
-1 -1
-1 -1
9913 9913
3193 3194
-1 -1
8809 8809
-1 -1
2566 2567
-1 -1
1827 1827
4826 4826
4634 4636
-1 -1
6004 6004
1300 1300
6820 6820
8739 8739
896 897
9537 9537
4624 4624
-1 -1
6637 6639
-1 -1
4524 4524
3574 3574
7823 7823
7021 7021
751 751
-1 -1
-1 -1
-1 -1
1622 1622
-1 -1
8944 8944
-1 -1
-1 -1
-1 -1
-1 -1
857 857
4868 4868
1284 1285
8955 8955
5866 5867
5278 5278
-1 -1
8301 8301
9040 9040
4218 4218
-1 -1
1819 1819
6507 6508
3893 3894
4934 4934
9257 9257
5054 5055
1877 1877
6409 6410
-1 -1
7581 7581
8420 8421
6392 6392
-1 -1
-1 -1
-1 -1
2967 2967
2166 2166
-1 -1
4602 4603
205 206
7315 7316
-1 -1
9557 9558
3428 3428
9784 9786
-1 -1
-1 -1
8903 8903
-1 -1
3926 3926
9609 9610
-1 -1
-1 -1
1718 1718
1711 1711
4247 4248
-1 -1
-1 -1
5989 5989
5259 5259
2785 2786
4709 4709
2023 2023
-1 -1
-1 -1
827 828
6695 6696
4840 4840
6933 6933
9416 9416
-1 -1
-1 -1
2445 2445
-1 -1
8810 8815
-1 -1
-1 -1
3301 3302
-1 -1
6145 6146
-1 -1
-1 -1
-1 -1
1185 1185
-1 -1
2432 2432
-1 -1
7845 7845
2551 2552
-1 -1
3789 3790
-1 -1
-1 -1
3705 3705
-1 -1
5945 5945
5444 5444
2990 2990
-1 -1
-1 -1
-1 -1
-1 -1
7706 7706
-1 -1
-1 -1
-1 -1
6733 6737
6216 6216
-1 -1
8649 8649
-1 -1
435 435
-1 -1
4061 4061
9379 9379
4367 4367
7640 7642
9060 9060
269 270
-1 -1
7714 7715
-1 -1
568 568
-1 -1
-1 -1
-1 -1
-1 -1
3409 3409
-1 -1
1366 1366
7224 7225
-1 -1
3268 3269
2230 2230
3959 3959
-1 -1
-1 -1
-1 -1
2248 2248
4833 4833
9119 9120
1980 1981
422 424
-1 -1
-1 -1
159 159
-1 -1
3921 3921
-1 -1
5425 5426
-1 -1
6916 6916
3266 3266
-1 -1
1939 1939
3176 3177
8197 8197
8741 8741
6135 6135
6933 6933
6465 6465
-1 -1
-1 -1
9161 9161
-1 -1
-1 -1
-1 -1
8186 8186
8800 8803
5876 5876
-1 -1
-1 -1
6344 6344
4379 4379
983 983
21 21
5411 5413
-1 -1
-1 -1
5448 5449
4983 4983
9159 9160
4192 4192
6322 6322
4187 4187
8411 8412
9495 9495
340 344
1182 1183
9968 9968
-1 -1
7634 7634
3685 3685
3886 3886
3678 3678
-1 -1
8185 8185
8919 8919
9452 9452
9061 9061
8428 8428
1290 1290
7893 7893
7618 7618
5732 5735
635 635
3061 3061
-1 -1
-1 -1
-1 -1
-1 -1
26 27
3836 3836
7969 7969
4511 4511
2924 2924
7915 7916
3888 3888
7436 7436
7244 7244
6281 6282
3321 3321
-1 -1
1889 1890
-1 -1
9087 9087
-1 -1
-1 -1
-1 -1
-1 -1
-1 -1
-1 -1
8932 8934
-1 -1
1993 1993
608 608
8683 8683
1392 1392
3134 3134
8575 8575
6483 6483
-1 -1
3537 3537
1846 1848
3651 3652
7909 7910
4988 4988
-1 -1
6893 6893
108 108
9169 9169
246 246
-1 -1
-1 -1
507 507
-1 -1
-1 -1
-1 -1
396 396
-1 -1
4820 4820
5653 5653
1506 1506
-1 -1
4467 4467
5083 5085
-1 -1
-1 -1
-1 -1
-1 -1
9771 9771
7496 7497
298 298
7135 7135
407 407
6240 6244
-1 -1
9845 9845
137 137
9128 9128
9815 9815
2756 2756
-1 -1
3102 3105
8361 8362
-1 -1
422 424
-1 -1
2702 2702
-1 -1
-1 -1
7828 7828
-1 -1
5288 5288
1231 1231
5188 5188
-1 -1
7428 7428
8152 8152
1801 1801
-1 -1
-1 -1
7177 7177
8271 8272
9035 9035
1788 1789
-1 -1
8855 8855
526 526
172 172
5239 5239
-1 -1
-1 -1
4413 4413
8423 8424
9861 9861
2124 2124
7205 7205
-1 -1
1867 1867
8209 8209
9460 9460
-1 -1
3616 3616
5553 5554
6541 6541
10007 10007
9892 9892
-1 -1
967 969
4593 4593
9024 9024
4380 4380
4027 4029
2203 2204
-1 -1
3202 3202
3200 3200
9418 9418
663 663
2517 2518
-1 -1
6278 6279
2404 2405
2050 2050
-1 -1
-1 -1
-1 -1
-1 -1
6686 6686
2379 2379
3147 3147
-1 -1
-1 -1
1201 1201
-1 -1
5595 5595
7034 7034
2194 2194
4371 4371
3372 3374
-1 -1
-1 -1
2696 2698
4233 4234
-1 -1
2940 2940
1245 1246
1917 1917
-1 -1
9037 9039
9924 9924
3830 3830
3642 3642
6705 6705
-1 -1
-1 -1
7480 7481
697 697
9492 9492
8420 8421
-1 -1
-1 -1
2469 2469
3723 3723
8810 8815
-1 -1
-1 -1
-1 -1
-1 -1
2819 2819
-1 -1
6778 6778
7305 7305
5107 5107
8242 8247
65 65
1557 1557
7694 7695
1497 1500
9793 9796
9983 9983
5862 5862
6988 6988
-1 -1
-1 -1
2922 2922
9191 9191
7329 7330
-1 -1
3608 3608
9557 9558
5406 5407
622 622
5974 5974
-1 -1
2869 2870
1930 1930
3893 3894
6942 6942
1577 1579
-1 -1
2282 2283
6425 6425
6997 6997
493 494
-1 -1
5275 5276
2026 2026
1112 1112
2664 2664
6498 6499
1865 1865
165 165
1596 1596
-1 -1
-1 -1
2785 2786
-1 -1
-1 -1
-1 -1
9461 9462
-1 -1
5508 5508
9861 9861
-1 -1
1962 1962
4828 4828
9338 9338
2061 2063
3732 3735
5291 5291
5836 5836
-1 -1
-1 -1
4732 4733
1545 1545
5977 5977
4616 4616
-1 -1
7186 7186
9255 9255
7159 7159
9814 9814
-1 -1
8883 8883
-1 -1
9445 9446
9169 9169
-1 -1
-1 -1
8919 8919
5149 5150
-1 -1
-1 -1
5161 5161
-1 -1
4600 4601
6366 6367
-1 -1
7164 7165
3842 3842
9175 9175
9793 9796
649 649
2860 2861
-1 -1
-1 -1
8650 8650
9720 9722
-1 -1
3193 3194
-1 -1
8884 8884
5781 5783
6969 6970
-1 -1
-1 -1
1768 1768
-1 -1
-1 -1
5857 5857
346 346
4040 4040
-1 -1
480 480
5937 5937
9276 9276
5173 5174
8548 8552
2086 2087
2596 2596
-1 -1
120 120
2524 2524
-1 -1
9223 9223
3680 3680
9091 9093
9323 9324
-1 -1
841 841
8201 8202
1945 1945
882 882
-1 -1
6006 6006
5468 5469
11 12
9036 9036
2922 2922
3130 3130
648 648
-1 -1
-1 -1
-1 -1
4874 4874
6827 6827
-1 -1
7072 7073
-1 -1
7552 7552
-1 -1
7402 7405
-1 -1
-1 -1
-1 -1
-1 -1
-1 -1
-1 -1
7442 7443
4864 4866
5977 5977
4109 4110
5220 5221
6769 6769
-1 -1
-1 -1
6227 6229
1060 1060
-1 -1
4985 4985
4911 4911
4491 4491
-1 -1
-1 -1
9445 9446
2525 2525
3182 3182
-1 -1
3205 3205
-1 -1
-1 -1
-1 -1
1403 1404
1059 1059
9040 9040
8641 8641
3201 3201
565 565
-1 -1
1242 1242
-1 -1
-1 -1
-1 -1
5043 5044
9419 9419
3051 3051
2899 2900
1057 1057
-1 -1
5338 5338
-1 -1
-1 -1
5335 5335
2034 2035
9070 9070
3321 3321
4243 4243
-1 -1
-1 -1
-1 -1
3926 3926
-1 -1
4755 4755
-1 -1
-1 -1
-1 -1
9145 9145
1829 1829
1448 1448
379 380
3927 3928
6981 6981
9848 9848
2541 2541
-1 -1
3390 3391
-1 -1
819 819
4250 4250
7525 7526
8090 8091
8564 8566
6109 6112
9804 9804
-1 -1
-1 -1
6872 6872
-1 -1
-1 -1
2060 2060
6515 6515
9699 9699
-1 -1
-1 -1
-1 -1
9171 9174
743 743
2628 2628
-1 -1
7912 7912
6389 6390
1242 1242
-1 -1
-1 -1
985 986
-1 -1
-1 -1
7616 7616
6173 6173
8949 8949
-1 -1
7948 7948
4875 4875
-1 -1
7960 7960
6113 6113
6910 6910
8779 8783
7464 7464
-1 -1
-1 -1
-1 -1
1951 1951
-1 -1
-1 -1
-1 -1
4851 4851
8230 8230
-1 -1
-1 -1
885 885
-1 -1
9843 9843
-1 -1
1607 1607
7693 7693
2526 2526
-1 -1
3549 3549
-1 -1
1960 1960
3368 3369
-1 -1
9510 9510
3137 3138
870 870
1166 1166
6724 6724
-1 -1
-1 -1
6852 6853
-1 -1
1334 1335
-1 -1
-1 -1
2787 2787
5192 5192
-1 -1
947 947
8041 8041
7160 7160
2530 2530
6017 6018
5380 5380
-1 -1
7802 7805
-1 -1
-1 -1
-1 -1
-1 -1
3776 3778
-1 -1
2785 2786
-1 -1
2203 2204
3931 3931
-1 -1
4389 4389
-1 -1
-1 -1
1772 1772
-1 -1
5424 5424
-1 -1
7756 7756
10017 10018
-1 -1
4082 4083
-1 -1
5546 5546
6855 6855
4501 4501
769 769
7889 7889
6769 6769
5133 5133
594 594
8714 8714
-1 -1
2757 2758
7184 7184
-1 -1
6476 6478
-1 -1
3989 3990
8326 8327
7463 7463
-1 -1
8740 8740
5732 5735
-1 -1
-1 -1
4101 4101
965 966
-1 -1
4540 4541
7983 7983
-1 -1
4764 4764
-1 -1
3176 3177
9015 9015
-1 -1
3188 3188
-1 -1
8719 8719
-1 -1
-1 -1
-1 -1
-1 -1
9154 9154
-1 -1
-1 -1
115 115
-1 -1
-1 -1
-1 -1
-1 -1
4911 4911
-1 -1
9498 9498
4198 4198
7041 7041
9853 9853
4915 4915
3356 3357
898 899
2430 2431
-1 -1
9880 9880
3230 3230
-1 -1
5488 5489
-1 -1
3903 3904
-1 -1
7631 7632
7186 7186
8041 8041
-1 -1
3319 3320
9326 9326
870 870
6318 6318
-1 -1
655 658
4135 4135
-1 -1
2266 2267
-1 -1
2844 2844
7477 7477
-1 -1
7882 7882
3113 3113
-1 -1
4982 4982
6766 6767
-1 -1
7428 7428
8223 8224
5589 5589
1528 1528
-1 -1
9463 9463
5436 5437
7295 7296
5472 5473
-1 -1
9318 9318
7749 7750
3049 3049
4833 4833
-1 -1
6943 6943
7402 7405
-1 -1
3450 3451
8999 9000
5515 5515
-1 -1
2633 2633
5024 5024
3384 3384
9981 9981
3570 3570
8967 8967
7571 7571
8109 8109
-1 -1
-1 -1
4093 4093
8482 8484
1963 1965
318 318
2268 2268
-1 -1
-1 -1
-1 -1
9490 9490
-1 -1
209 212
9863 9864
-1 -1
3902 3902
1624 1624
8150 8151
-1 -1
-1 -1
8475 8476
2644 2644
7213 7213
762 763
9854 9854
1602 1603
-1 -1
288 288
5236 5236
448 448
-1 -1
-1 -1
-1 -1
-1 -1
583 583
9374 9374
-1 -1
7882 7882
421 421
9428 9430
7266 7267
-1 -1
4078 4079
-1 -1
2034 2035
-1 -1
8295 8295
-1 -1
982 982
5639 5640
-1 -1
4056 4060
1354 1355
2519 2519
2609 2610
2888 2891
6464 6464
-1 -1
-1 -1
8000 8000
6400 6400
3910 3910
1066 1066
1057 1057
-1 -1
-1 -1
-1 -1
-1 -1
8791 8791
-1 -1
6894 6894
6577 6578
7752 7753
6106 6106
-1 -1
5890 5892
-1 -1
2801 2801
-1 -1
3038 3039
-1 -1
7070 7071
8926 8926
2860 2861
9041 9041
-1 -1
2461 2461
3480 3480
3859 3859
7155 7156
9744 9744
566 566
9054 9055
9452 9452
5153 5153
8101 8101
-1 -1
5304 5304
-1 -1
1594 1594
738 738
-1 -1
7922 7922
5010 5010
3181 3181
-1 -1
-1 -1
4200 4201
-1 -1
-1 -1
-1 -1
3498 3498
5403 5405
-1 -1
8513 8513
3429 3429
5543 5543
3516 3516
8005 8005
1709 1709
7669 7670
4600 4601
8258 8258
-1 -1
1210 1210
-1 -1
-1 -1
-1 -1
-1 -1
-1 -1
4590 4591
5238 5238
681 681
-1 -1
9848 9848
-1 -1
4966 4967
625 625
4276 4277
9838 9838
-1 -1
-1 -1
6297 6297
5855 5856
3609 3609
4033 4033
8418 8419
8146 8146
9460 9460
3633 3633
4033 4033
-1 -1
241 241
-1 -1
-1 -1
-1 -1
9913 9913
-1 -1
3481 3481
-1 -1
4867 4867
-1 -1
-1 -1
5152 5152
3895 3895
9515 9517
4030 4030
6620 6621
5580 5580
-1 -1
-1 -1
7420 7420
5505 5506
-1 -1
5394 5395
4672 4672
2899 2900
-1 -1
4413 4413
7685 7686
-1 -1
6949 6950
8701 8702
7120 7120
5604 5604
-1 -1
9872 9874
1897 1897
6610 6611
7462 7462
-1 -1
-1 -1
8602 8602
352 355
7556 7559
-1 -1
2886 2886
4166 4166
1657 1657
4907 4907
1179 1179
-1 -1
2566 2567
7584 7586
-1 -1
-1 -1
-1 -1
5488 5489
1153 1154
9671 9673
7111 7111
3008 3008
1238 1238
-1 -1
-1 -1
9256 9256
-1 -1
4698 4699
-1 -1
8075 8076
1627 1628
-1 -1
9497 9497
9899 9899
5837 5837
-1 -1
5534 5536
4648 4649
2771 2772
-1 -1
6198 6198
-1 -1
6257 6257
-1 -1
2381 2381
396 396
1947 1947
-1 -1
7537 7538
-1 -1
-1 -1
-1 -1
-1 -1
1613 1614
7600 7600
477 477
739 739
5752 5753
8285 8290
-1 -1
2895 2898
5136 5137
2902 2902
3463 3463
-1 -1
5555 5557
9914 9914
7619 7619
-1 -1
6699 6699
1023 1024
3773 3775
3227 3229
-1 -1
852 853
2157 2157
2626 2627
2674 2675
-1 -1
30 30
9564 9564
-1 -1
637 637
-1 -1
-1 -1
4685 4689
6553 6554
-1 -1
7480 7481
7571 7571
-1 -1
-1 -1
4957 4958
3616 3616
-1 -1
8170 8170
7919 7920
2962 2962
5281 5281
5302 5302
1834 1835
4968 4969
-1 -1
-1 -1
-1 -1
3837 3837
-1 -1
6773 6773
4837 4838
4392 4394
-1 -1
-1 -1
3046 3047
-1 -1
-1 -1
2614 2614
3781 3782
9342 9342
-1 -1
-1 -1
-1 -1
-1 -1
8479 8480
5981 5983
-1 -1
6938 6938
8500 8500
1502 1502
-1 -1
61 61
4720 4720
928 928
563 563
777 777
-1 -1
9157 9158
-1 -1
1860 1860
-1 -1
4084 4084
-1 -1
2327 2327
6939 6939
8337 8339
1272 1273
3758 3761
4078 4079
712 712
8437 8437
3565 3565
-1 -1
9179 9179
-1 -1
3294 3294
5759 5759
-1 -1
8423 8424
-1 -1
-1 -1
833 833
2125 2128
-1 -1
7125 7125
-1 -1
5824 5824
2645 2646
9313 9314
1595 1595
9914 9914
1282 1282
-1 -1
6769 6769
8315 8316
13 13
2268 2268
3714 3715
5067 5067
-1 -1
5468 5469
2024 2024
3841 3841
7357 7357
4285 4285
-1 -1
4745 4745
8010 8010
7120 7120
3324 3325
3372 3374
-1 -1
2072 2072
6293 6293
1849 1849
4905 4905
241 241
3847 3847
4183 4183
-1 -1
1378 1381
-1 -1
5598 5598
7286 7286
7521 7521
-1 -1
4479 4479
-1 -1
-1 -1
-1 -1
-1 -1
4907 4907
2502 2502
-1 -1
9805 9805
8740 8740
-1 -1
1136 1136
3758 3761
1231 1231
1903 1904
5798 5798
2804 2805
8482 8484
834 835
8348 8348
3770 3771
9594 9594
3130 3130
-1 -1
21 21
7142 7147
-1 -1
558 559
7121 7121
-1 -1
9967 9967
6217 6218
8909 8909
6915 6915
5023 5023
-1 -1
8643 8644
-1 -1
8127 8127
4085 4085
-1 -1
-1 -1
-1 -1
9578 9578
-1 -1
8328 8328
9447 9447
-1 -1
4736 4736
-1 -1
7531 7531
6171 6172
6129 6129
-1 -1
-1 -1
4272 4273
9483 9483
-1 -1
6784 6784
8820 8822
9702 9703
5434 5434
3076 3078
5898 5898
-1 -1
-1 -1
6235 6236
6288 6288
7112 7112
9294 9295
6163 6163
-1 -1
5935 5935
3601 3602
-1 -1
7968 7968
1496 1496
4221 4221
9035 9035
6884 6884
4823 4823
99 99
-1 -1
-1 -1
7959 7959
5383 5383
7635 7636
-1 -1
6093 6093
3635 3635
3092 3094
-1 -1
461 461
-1 -1
9684 9684
9358 9359
6709 6709
3610 3610
7266 7267
2397 2397
3982 3982
2197 2200
2550 2550
1348 1348
3955 3955
-1 -1
-1 -1
-1 -1
4837 4838
3587 3587
5416 5418
8026 8026
5618 5619
9268 9268
-1 -1
-1 -1
-1 -1
2579 2579
7786 7786
2797 2797
6395 6395
-1 -1
-1 -1
6449 6449
2313 2313
3430 3430
-1 -1
9337 9337
6701 6701
-1 -1
3920 3920
5187 5187
34 36
1211 1211
-1 -1
8092 8092
8248 8249
9681 9681
395 395
676 676
2691 2691
-1 -1
-1 -1
7748 7748
2936 2936
6599 6600
-1 -1
9326 9326
-1 -1
7398 7399
9181 9181
3440 3440
7944 7944
-1 -1
8509 8509
1176 1178
-1 -1
3345 3348
9277 9277
2004 2004
2977 2978
3017 3017
7966 7967
5333 5333
246 246
7085 7086
2829 2829
497 498
271 271
-1 -1
5628 5628
1012 1013
-1 -1
-1 -1
-1 -1
2019 2019
4270 4271
5604 5604
-1 -1
2560 2561
-1 -1
1519 1519
-1 -1
937 937
-1 -1
-1 -1
3833 3834
-1 -1
7175 7175
5789 5789
1431 1431
-1 -1
7363 7364
760 760
7463 7463
6295 6295
-1 -1
4496 4496
-1 -1
-1 -1
-1 -1
6155 6155
9190 9190
-1 -1
926 926
3459 3459
321 322
4769 4769
5010 5010
3351 3352
9175 9175
-1 -1
2933 2935
8270 8270
-1 -1
-1 -1
7841 7841
-1 -1
-1 -1
-1 -1
3603 3604
2135 2136
5584 5584
-1 -1
-1 -1
-1 -1
5430 5431
-1 -1
9529 9529
9027 9027
2678 2678
5609 5610
1790 1790
-1 -1
-1 -1
3718 3718
6459 6460
1717 1717
-1 -1
-1 -1
-1 -1
4528 4528
-1 -1
2102 2102
8866 8866
473 475
-1 -1
7393 7393
5109 5110
-1 -1
5837 5837
-1 -1
2407 2407
-1 -1
-1 -1
-1 -1
9761 9761
7550 7550
416 416
7940 7940
608 608
5684 5684
-1 -1
7227 7228
6785 6785
-1 -1
-1 -1
7932 7932
3616 3616
4132 4132
5471 5471
6097 6097
-1 -1
5634 5634
-1 -1
7808 7808
7038 7038
-1 -1
-1 -1
7946 7946
8041 8041
-1 -1
3065 3066
3560 3560
7909 7910
2546 2547
2886 2886
-1 -1
8867 8867
6695 6696
-1 -1
-1 -1
6895 6896
-1 -1
1155 1155
3686 3687
14 14
7013 7013
3293 3293
-1 -1
3395 3396
54 54
-1 -1
5909 5909
4278 4278
3964 3964
2773 2775
-1 -1
-1 -1
-1 -1
9238 9238
1629 1629
3711 3711
7473 7473
5056 5056
8588 8588
6055 6055
5170 5171
5240 5243
-1 -1
7633 7633
2542 2543
-1 -1
7875 7875
6932 6932
10004 10005
5980 5980
9145 9145
3134 3134
9586 9587
1660 1663
1581 1581
-1 -1
-1 -1
-1 -1
7904 7904
9157 9158
-1 -1
2387 2387
-1 -1
-1 -1
-1 -1
8058 8058
5339 5339
3483 3483
7265 7265
5609 5610
-1 -1
-1 -1
7329 7330
-1 -1
6132 6133
-1 -1
-1 -1
4354 4354
-1 -1
-1 -1
9358 9359
-1 -1
1788 1789
2721 2722
-1 -1
1675 1676
-1 -1
7936 7937
3847 3847
2060 2060
4092 4092
6405 6406
3156 3156
9584 9584
4511 4511
-1 -1
730 730
-1 -1
5804 5804
-1 -1
8134 8135
-1 -1
-1 -1
8564 8566
4221 4221
6576 6576
38 38
-1 -1
-1 -1
2962 2962
-1 -1
-1 -1
8749 8749
114 114
6059 6061
-1 -1
1454 1454
5740 5741
2228 2228
694 695
7187 7187
2785 2786
9207 9207
-1 -1
-1 -1
8523 8523
764 764
5863 5863
1942 1943
-1 -1
7767 7768
4278 4278
8923 8923
-1 -1
-1 -1
-1 -1
2235 2237
9913 9913
-1 -1
1238 1238
5041 5041
-1 -1
4367 4367
7919 7920
452 452
6951 6952
7913 7913
3896 3896
-1 -1
4181 4181
2825 2826
-1 -1
-1 -1
9733 9733
3749 3749
5282 5282
222 222
3501 3501
9026 9026
-1 -1
5090 5090
-1 -1
5262 5262
-1 -1
3018 3020
-1 -1
7584 7586
2595 2595
4217 4217
5774 5775
-1 -1
6555 6555
9177 9177
6940 6940
-1 -1
-1 -1
6700 6700
5784 5785
8233 8235
5789 5789
-1 -1
-1 -1
7776 7776
-1 -1
-1 -1
-1 -1
2201 2201
-1 -1
4717 4717
-1 -1
-1 -1
-1 -1
7909 7910
6587 6588
7185 7185
2261 2261
-1 -1
9452 9452
2814 2814
7040 7040
-1 -1
4061 4061
2558 2558
-1 -1
-1 -1
744 744
6610 6611
-1 -1
5420 5421
-1 -1
8438 8438
9575 9576
6323 6323
-1 -1
-1 -1
6343 6343
5801 5802
1224 1224
-1 -1
526 526
319 319
-1 -1
5682 5682
3382 3382
675 675
3875 3876
8431 8431
4659 4662
1994 1994
-1 -1
-1 -1
-1 -1
9777 9777
-1 -1
-1 -1
-1 -1
-1 -1
-1 -1
5789 5789
-1 -1
2196 2196
2152 2153
4080 4080
-1 -1
-1 -1
1352 1352
-1 -1
-1 -1
8220 8220
6203 6203
9863 9864
5328 5332
629 629
5161 5161
5903 5904
-1 -1
6204 6204
4813 4815
-1 -1
8187 8187
8832 8832
-1 -1
6295 6295
7427 7427
-1 -1
-1 -1
-1 -1
8015 8015
1111 1111
4004 4004
1850 1850
1453 1453
6036 6037
-1 -1
2639 2640
1069 1069
2902 2902
7039 7039
7516 7516
5512 5514
-1 -1
-1 -1
-1 -1
6291 6291
-1 -1
-1 -1
-1 -1
1006 1006
8145 8145
9032 9032
2521 2521
-1 -1
760 760
9934 9935
7980 7980
-1 -1
7960 7960
8897 8897
7192 7194
-1 -1
-1 -1
6286 6287
-1 -1
-1 -1
576 576
4557 4557
7275 7275
2546 2547
4126 4128
1001 1001
-1 -1
3179 3180
-1 -1
-1 -1
2160 2162
603 603
8770 8770
-1 -1
8409 8409
7745 7746
-1 -1
784 784
-1 -1
6568 6569
3915 3915
2012 2012
-1 -1
1173 1175
6292 6292
-1 -1
7738 7738
6286 6287
1602 1603
2471 2471
-1 -1
-1 -1
-1 -1
6013 6015
9468 9468
2149 2149
-1 -1
-1 -1
9594 9594
9599 9599
2032 2032
1918 1919
9417 9417
6509 6509
6160 6160
6366 6367
450 450
6357 6357
8661 8664
4651 4651
-1 -1
9508 9508
-1 -1
7355 7356
9427 9427
-1 -1
-1 -1
5976 5976
-1 -1
2156 2156
4034 4035
6868 6868
-1 -1
2628 2628
9810 9810
1140 1140
1980 1981
2185 2186
3683 3683
7683 7684
-1 -1
6445 6445
1290 1290
-1 -1
4056 4060
8178 8178
6491 6492
6758 6758
-1 -1
5369 5369
7751 7751
1473 1474
-1 -1
597 599
8628 8628
1510 1513
3304 3304
-1 -1
1044 1044
-1 -1
449 449
6466 6466
7274 7274
736 736
5136 5137
-1 -1
9805 9805
9388 9389
92 92
357 358
-1 -1
-1 -1
1531 1531
-1 -1
8810 8815
-1 -1
-1 -1
-1 -1
7142 7147
5978 5978
7560 7561
5389 5390
9062 9062
2470 2470
-1 -1
3872 3872
-1 -1
8130 8131
6981 6981
2412 2413
-1 -1
8266 8266
7588 7588
4140 4140
1079 1080
-1 -1
4010 4010
2456 2457
-1 -1
-1 -1
555 555
637 637
8164 8165
-1 -1
-1 -1
7776 7776
2777 2777
4925 4926
-1 -1
-1 -1
3997 3997
-1 -1
-1 -1
6357 6357
1758 1758
6338 6338
-1 -1
8537 8537
6863 6864
-1 -1
-1 -1
632 632
7714 7715
-1 -1
3528 3528
-1 -1
-1 -1
7902 7903
-1 -1
5279 5279
-1 -1
4934 4934
-1 -1
2129 2129
-1 -1
9570 9571
8584 8584
5195 5196
7886 7886
3659 3659
125 125
813 814
3631 3631
-1 -1
7196 7196
5546 5546
9643 9643
-1 -1
5986 5986
5238 5238
4081 4081
3689 3689
8518 8518
9015 9015
8186 8186
-1 -1
-1 -1
-1 -1
9231 9232
3982 3982
-1 -1
5007 5009
-1 -1
-1 -1
2181 2182
3746 3748
3165 3165
5089 5089
-1 -1
-1 -1
-1 -1
8252 8252
7532 7532
1370 1371
-1 -1
5357 5357
1527 1527
6961 6961
-1 -1
3552 3552
-1 -1
6316 6316
1530 1530
4908 4908
-1 -1
724 725
7161 7163
1223 1223
-1 -1
7763 7763
6733 6737
7324 7324
7758 7758
-1 -1
5281 5281
4542 4542
1241 1241
9677 9677
8259 8259
5453 5455
1223 1223
-1 -1
9152 9153
7667 7667
9311 9312
8711 8711
-1 -1
-1 -1
402 405
-1 -1
7774 7774
6381 6381
7664 7664
-1 -1
-1 -1
338 338
323 323
9382 9382
3838 3838
2393 2393
6419 6419
7540 7540
-1 -1
-1 -1
9911 9912
2873 2875
5337 5337
-1 -1
-1 -1
-1 -1
-1 -1
3197 3198
5427 5428
2047 2047
2757 2758
359 359
3483 3483
7658 7658
6556 6557
4899 4899
5925 5925
4018 4020
-1 -1
650 651
5446 5446
2797 2797
3659 3659
9471 9472
9827 9827
-1 -1
-1 -1
5206 5206
1286 1286
2348 2348
1980 1981
-1 -1
-1 -1
7310 7310
6382 6382
-1 -1
4499 4499
4988 4988
9006 9007
9996 9997
-1 -1
4755 4755
5340 5342
-1 -1
3376 3377
3004 3007
3824 3824
7531 7531
3565 3565
1293 1293
2802 2802
137 137
6901 6902
-1 -1
3003 3003
746 749
6057 6058
3082 3082
5401 5401
-1 -1
6568 6569
-1 -1
539 539
7525 7526
-1 -1
7451 7452
6901 6902
2766 2767
-1 -1
4475 4475
2536 2537
-1 -1
1275 1275
-1 -1
-1 -1
4606 4608
549 549
1282 1282
-1 -1
-1 -1
3958 3958
2219 2220
8430 8430
-1 -1
8523 8523
6399 6399
-1 -1
5899 5900
1865 1865
4964 4964
9353 9353
2085 2085
-1 -1
2496 2496
-1 -1
4472 4472
-1 -1
2001 2001
7864 7865
2398 2400
2522 2523
3113 3113
6709 6709
5087 5087
4496 4496
9244 9245
-1 -1
8545 8546
2942 2942
-1 -1
4219 4219
-1 -1
7707 7707
-1 -1
-1 -1
7455 7455
4905 4905
569 569
-1 -1
6806 6806
-1 -1
7996 7996
-1 -1
-1 -1
-1 -1
-1 -1
-1 -1
7698 7698
-1 -1
4724 4724
-1 -1
-1 -1
7744 7744
204 204
4072 4072
8078 8079
-1 -1
610 610
9354 9355
9897 9897
8791 8791
8213 8213
-1 -1
7001 7001
8765 8765
7072 7073
3415 3415
-1 -1
-1 -1
8695 8695
1857 1857
3799 3799
1619 1619
2798 2798
-1 -1
4381 4381
7536 7536
7721 7721
9852 9852
-1 -1
9952 9953
6690 6690
-1 -1
1679 1681
9464 9465
122 122
1156 1156
1012 1013
5499 5499
-1 -1
4694 4694
4485 4485
-1 -1
1696 1696
4257 4257
1447 1447
4933 4933
-1 -1
8889 8889
6297 6297
2005 2005
3351 3352
8739 8739
9464 9465
9600 9600
867 869
334 335
-1 -1
171 171
5377 5377
1504 1504
2333 2334
9861 9861
7120 7120
9122 9122
4468 4468
-1 -1
7104 7104
-1 -1
929 929
2801 2801
7662 7662
3520 3520
-1 -1
7464 7464
1471 1472
-1 -1
-1 -1
2 2
2699 2700
-1 -1
7816 7816
1187 1187
2886 2886
-1 -1
4052 4052
7047 7050
-1 -1
-1 -1
-1 -1
-1 -1
3356 3357
5868 5868
3693 3693
8926 8926
-1 -1
1833 1833
-1 -1
7038 7038
3787 3787
4628 4629
-1 -1
-1 -1
-1 -1
3615 3615
2952 2953
-1 -1
8795 8796
2718 2718
2578 2578
-1 -1
-1 -1
-1 -1
-1 -1
-1 -1
3545 3546
1591 1591
-1 -1
5670 5671
-1 -1
9481 9482
-1 -1
-1 -1
6297 6297
9784 9786
5057 5058
5667 5668
6027 6027
3029 3029
-1 -1
-1 -1
2806 2806
1010 1011
-1 -1
1467 1468
8200 8200
6844 6844
-1 -1
8342 8342
7614 7614
8077 8077
4726 4726
-1 -1
1700 1701
-1 -1
861 861
7305 7305
4840 4840
4308 4309
6713 6713
-1 -1
8848 8848
5419 5419
9320 9320
1629 1629
6179 6179
-1 -1
-1 -1
-1 -1
6943 6943
5361 5361
-1 -1
7268 7268
4523 4523
8756 8757
8021 8021
6359 6362
-1 -1
30 30
3915 3915
973 973
9323 9324
865 865
-1 -1
-1 -1
-1 -1
943 943
6486 6486
829 830
6185 6185
5864 5865
8568 8568
-1 -1
6934 6934
1360 1360
8008 8008
6383 6383
1204 1204
8454 8454
8975 8975
8588 8588
-1 -1
-1 -1
8524 8524
-1 -1
4953 4956
8848 8848
9155 9155
-1 -1
-1 -1
6329 6329
7832 7833
-1 -1
9810 9810
-1 -1
-1 -1
-1 -1
1338 1339
4157 4157
8129 8129
-1 -1
-1 -1
7305 7305
-1 -1
7541 7542
9849 9850
-1 -1
-1 -1
4792 4792
9518 9518
9811 9811
-1 -1
-1 -1
6673 6679
6550 6551
7869 7870
-1 -1
1478 1480
-1 -1
9793 9796
-1 -1
9195 9195
6135 6135
5312 5313
4131 4131
-1 -1
-1 -1
3329 3329
5672 5672
9716 9719
-1 -1
372 372
6916 6916
8254 8254
1441 1441
-1 -1
5515 5515
-1 -1
8466 8467
-1 -1
1946 1946
3612 3614
-1 -1
7021 7021
-1 -1
-1 -1
5326 5326
3446 3449
5740 5741
-1 -1
3213 3213
-1 -1
5103 5103
9134 9135
2705 2705
-1 -1
3732 3735
5670 5671
-1 -1
3710 3710
724 725
451 451
9411 9415
-1 -1
3467 3467
9758 9760
6850 6851
5010 5010
1743 1743
4641 4643
978 978
-1 -1
-1 -1
-1 -1
3723 3723
4851 4851
7923 7923
7383 7383
-1 -1
-1 -1
-1 -1
-1 -1
1942 1943
4663 4663
6529 6529
3245 3245
-1 -1
-1 -1
6961 6961
7610 7611
3270 3271
-1 -1
-1 -1
-1 -1
4347 4348
6098 6098
7864 7865
-1 -1
694 695
4211 4212
-1 -1
5502 5502
4510 4510
-1 -1
9127 9127
-1 -1
7087 7087
3710 3710
8231 8231
8810 8815
-1 -1
-1 -1
8172 8174
6768 6768
-1 -1
-1 -1
-1 -1
-1 -1
-1 -1
2248 2248
4582 4584
-1 -1
4991 4993
8311 8311
928 928
833 833
-1 -1
-1 -1
-1 -1
1679 1681
9445 9446
-1 -1
9315 9315
7997 7997
7045 7045
5333 5333
-1 -1
6703 6704
5237 5237
7226 7226
-1 -1
4682 4682
9220 9221
-1 -1
-1 -1
-1 -1
1111 1111
7448 7448
9360 9361
-1 -1
8667 8667
2503 2504
8615 8615
-1 -1
-1 -1
8585 8585
3257 3257
-1 -1
9375 9377
2884 2885
4984 4984
-1 -1
-1 -1
1978 1978
-1 -1
1697 1697
6420 6422
4848 4848
2357 2357
7208 7208
4543 4543
7520 7520
5086 5086
6074 6074
-1 -1
3143 3144
-1 -1
2602 2603
5579 5579
-1 -1
1619 1619
8670 8670
3465 3465
-1 -1
-1 -1
3887 3887
1076 1078
-1 -1
8404 8404
2692 2693
4137 4137
9694 9694
-1 -1
768 768
-1 -1
-1 -1
3563 3563
369 370
4988 4988
-1 -1
4833 4833
7879 7880
507 507
9479 9479
-1 -1
-1 -1
822 823
-1 -1
-1 -1
7276 7278
1999 2000
2553 2554
8416 8416
2951 2951
5316 5316
-1 -1
-1 -1
-1 -1
-1 -1
7184 7184
6689 6689
-1 -1
5667 5668
-1 -1
3965 3965
-1 -1
-1 -1
7974 7974
8140 8140
9952 9953
-1 -1
-1 -1
5354 5354
1818 1818
8367 8367
2581 2581
-1 -1
-1 -1
3323 3323
-1 -1
6624 6624
-1 -1
1801 1801
379 380
-1 -1
5814 5815
9326 9326
9233 9237
-1 -1
6024 6024
-1 -1
-1 -1
848 848
8915 8917
5575 5576
-1 -1
-1 -1
3674 3674
-1 -1
3807 3807
793 793
-1 -1
4220 4220
-1 -1
7195 7195
8952 8952
1277 1277
4957 4958
-1 -1
6538 6539
5073 5073
1697 1697
1222 1222
8215 8215
952 952
9354 9355
-1 -1
9682 9682
3653 3656
-1 -1
1554 1554
-1 -1
-1 -1
1807 1808
421 421
1219 1220
2346 2346
-1 -1
-1 -1
8204 8204
3779 3779
7697 7697
8968 8968
9849 9850
6958 6958
9891 9891
4561 4563
2157 2157
5024 5024
9812 9812
-1 -1
3375 3375
7188 7189
-1 -1
8564 8566
4747 4747
6919 6919
5908 5908
9288 9288
8428 8428
5468 5469
5708 5711
-1 -1
6239 6239
1372 1372
-1 -1
5864 5865
2475 2475
3625 3626
5569 5569
3131 3131
-1 -1
9074 9075
-1 -1
-1 -1
-1 -1
9340 9341
-1 -1
2195 2195
9914 9914
5286 5286
1045 1045
2325 2326
8964 8964
-1 -1
-1 -1
3973 3974
-1 -1
5065 5065
434 434
4550 4552
3004 3007
8024 8024
8824 8824
8429 8429
-1 -1
-1 -1
7482 7482
-1 -1
9404 9404
-1 -1
-1 -1
3239 3239
451 451
5204 5204
8121 8121
2588 2588
6608 6609
7333 7333
4888 4889
3558 3558
4257 4257
9838 9838
6303 6303
8864 8864
8795 8796
-1 -1
8905 8905
5705 5706
7595 7595
-1 -1
8645 8645
9843 9843
569 569
-1 -1
-1 -1
3625 3626
7595 7595
7107 7107
4448 4450
7196 7196
5979 5979
9157 9158
2658 2659
-1 -1
4022 4022
4246 4246
7740 7740
-1 -1
-1 -1
9002 9002
-1 -1
6257 6257
-1 -1
2160 2162
3930 3930
1198 1199
3884 3884
-1 -1
-1 -1
-1 -1
-1 -1
2172 2173
-1 -1
-1 -1
-1 -1
9417 9417
-1 -1
5086 5086
2348 2348
-1 -1
-1 -1
-1 -1
4774 4777
723 723
-1 -1
8949 8949
4672 4672
-1 -1
7567 7568
7427 7427
-1 -1
7819 7819
-1 -1
-1 -1
3508 3509
7079 7080
8064 8064
7067 7069
-1 -1
-1 -1
589 590
-1 -1
4377 4378
-1 -1
9319 9319
-1 -1
-1 -1
4543 4543
-1 -1
-1 -1
-1 -1
4012 4012
1580 1580
1412 1412
-1 -1
3114 3115
-1 -1
-1 -1
2757 2758
1926 1927
-1 -1
953 953
8919 8919
-1 -1
-1 -1
-1 -1
1731 1732
2358 2358
4117 4117
-1 -1
819 819
-1 -1
4836 4836
6522 6524
2694 2694
586 587
4005 4005
397 397
7089 7089
529 534
-1 -1
-1 -1
8672 8672
-1 -1
7685 7686
4392 4394
733 734
6125 6125
-1 -1
-1 -1
5307 5310
2864 2867
1341 1341
-1 -1
-1 -1
6073 6073
4565 4565
4693 4693
-1 -1
3514 3514
7986 7986
1248 1249
-1 -1
6344 6344
-1 -1
-1 -1
5214 5214
-1 -1
7390 7390
3018 3020
4301 4301
3446 3449
8002 8003
153 155
4276 4277
5862 5862
-1 -1
-1 -1
857 857
-1 -1
7972 7972
-1 -1
-1 -1
-1 -1
-1 -1
-1 -1
-1 -1
8616 8618
-1 -1
-1 -1
-1 -1
-1 -1
-1 -1
7321 7322
1624 1624
7166 7166
-1 -1
6066 6066
-1 -1
1952 1956
6860 6860
4100 4100
-1 -1
8307 8310
-1 -1
6386 6386
-1 -1
5301 5301
-1 -1
5837 5837
-1 -1
2159 2159
4530 4531
9030 9031
9070 9070
3611 3611
1684 1686
5357 5357
-1 -1
7798 7798
2717 2717
-1 -1
3835 3835
9347 9347
7246 7247
6156 6156
9457 9457
9347 9347
-1 -1
4461 4461
-1 -1
-1 -1
-1 -1
3441 3442
-1 -1
558 559
3837 3837
762 763
5524 5524
7175 7175
357 358
-1 -1
6205 6206
1727 1728
3823 3823
8411 8412
5767 5767
6494 6494
-1 -1
9248 9248
-1 -1
4386 4386
-1 -1
3528 3528
-1 -1
-1 -1
6363 6363
4043 4043
432 432
3197 3198
5461 5461
9157 9158
4668 4668
8357 8358
8720 8721
1170 1170
6083 6083
8313 8313
-1 -1
4558 4558
721 721
8530 8531
1270 1270
-1 -1
797 797
-1 -1
-1 -1
4454 4454
6622 6623
-1 -1
2628 2628
6046 6047
3355 3355
-1 -1
5820 5822
6615 6616
8436 8436
-1 -1
-1 -1
-1 -1
1063 1064
-1 -1
-1 -1
-1 -1
504 504
6151 6151
-1 -1
8073 8073
-1 -1
279 280
8010 8010
3758 3761
6188 6188
-1 -1
5758 5758
-1 -1
4559 4559
-1 -1
8405 8406
-1 -1
5410 5410
-1 -1
2660 2663
9731 9732
5666 5666
7211 7211
2116 2118
-1 -1
9924 9924
1797 1797
-1 -1
8631 8632
7673 7674
8168 8169
3853 3854
9636 9636
-1 -1
8539 8539
7517 7517
99 99
1577 1579
5326 5326
3140 3140
4379 4379
-1 -1
5552 5552
8233 8235
8784 8784
4816 4816
6031 6031
1755 1755
-1 -1
4136 4136
-1 -1
1393 1394
-1 -1
-1 -1
-1 -1
1634 1634
9822 9825
1089 1089
-1 -1
8124 8124
5857 5857
3514 3514
7751 7751
6160 6160
9466 9466
-1 -1
-1 -1
2339 2339
3984 3984
1916 1916
-1 -1
1920 1920
2648 2649
-1 -1
-1 -1
697 697
1071 1071
-1 -1
7968 7968
8201 8202
5938 5938
9557 9558
-1 -1
5887 5889
1818 1818
-1 -1
4002 4002
-1 -1
3966 3967
23 25
-1 -1
7306 7306
-1 -1
1896 1896
3638 3638
8236 8236
6731 6732
2032 2032
7467 7468
3884 3884
1834 1835
5146 5146
-1 -1
-1 -1
-1 -1
7366 7367
94 94
9348 9348
4835 4835
-1 -1
-1 -1
-1 -1
8132 8133
-1 -1
4310 4310
9599 9599
1248 1249
578 578
-1 -1
-1 -1
-1 -1
121 121
-1 -1
4658 4658
-1 -1
-1 -1
-1 -1
8410 8410
3261 3262
9027 9027
5937 5937
5295 5295
99 99
8969 8969
-1 -1
452 452
5937 5937
-1 -1
-1 -1
-1 -1
-1 -1
-1 -1
-1 -1
-1 -1
-1 -1
2910 2910
-1 -1
1260 1260
1032 1032
2845 2845
5577 5578
4671 4671
6884 6884
-1 -1
3032 3032
-1 -1
3292 3292
5318 5318
3142 3142
7305 7305
-1 -1
-1 -1
-1 -1
983 983
-1 -1
339 339
9653 9653
6928 6929
3519 3519
9286 9287
4240 4240
-1 -1
2778 2778
5017 5017
646 647
6163 6163
6373 6376
1918 1919
978 978
-1 -1
182 182
-1 -1
-1 -1
-1 -1
941 941
5585 5586
-1 -1
-1 -1
-1 -1
4416 4416
-1 -1
4194 4196
2730 2730
6823 6824
4405 4406
10019 75166
4789 4789
7961 7961
-1 -1
1718 1718
2313 2313
-1 -1
8669 8669
5529 5530
-1 -1
-1 -1
5985 5985
6024 6024
681 681
-1 -1
5925 5925
-1 -1
4769 4769
6731 6732
2565 2565
8462 8464
8799 8799
550 551
7741 7742
5189 5189
2219 2220
-1 -1
9701 9701
-1 -1
2806 2806
3644 3645
3151 3152
-1 -1
-1 -1
-1 -1
711 711
-1 -1
1524 1526
5282 5282
9233 9237
2129 2129
3021 3023
8028 8028
-1 -1
7655 7656
-1 -1
-1 -1
-1 -1
8147 8148
-1 -1
8905 8905
-1 -1
8123 8123
6208 6208
9543 9543
8671 8671
9233 9237
-1 -1
7591 7592
-1 -1
-1 -1
-1 -1
-1 -1
-1 -1
6560 6562
653 654
3474 3474
91 91
5318 5318
8410 8410
-1 -1
-1 -1
-1 -1
5712 5714
-1 -1
3300 3300
-1 -1
9049 9049
-1 -1
-1 -1
2123 2123
1357 1358
-1 -1
-1 -1
6913 6914
7490 7490
9054 9055
6289 6290
5500 5500
-1 -1
2578 2578
1576 1576
6822 6822
7947 7947
-1 -1
4104 4104
-1 -1
8060 8060
-1 -1
7853 7853
6331 6331
-1 -1
9180 9180
8983 8985
8523 8523
5207 5208
2366 2366
9643 9643
-1 -1
7191 7191
2214 2214
145 147
-1 -1
3136 3136
4910 4910
7790 7792
5495 5496
2356 2356
-1 -1
-1 -1
8447 8447
-1 -1
-1 -1
2417 2417
-1 -1
7665 7665
9989 9990
4241 4241
9230 9230
8961 8963
6715 6715
-1 -1
-1 -1
7161 7163
7849 7849
4467 4467
204 204
2346 2346
134 136
586 587
7584 7586
-1 -1
3660 3660
8945 8945
1359 1359
-1 -1
4134 4134
6023 6023
9262 9263
4434 4436
6528 6528
-1 -1
1434 1434
1957 1957
862 863
7478 7478
8948 8948
3294 3294
4512 4512
1170 1170
7912 7912
1496 1496
-1 -1
-1 -1
8590 8593
6690 6690
5218 5218
8785 8786
-1 -1
1153 1154
-1 -1
-1 -1
9154 9154
-1 -1
-1 -1
4965 4965
2679 2680
5720 5720
4968 4969
7260 7262
-1 -1
-1 -1
2818 2818
-1 -1
7757 7757
8872 8874
3295 3295
3353 3353
408 408
1897 1897
1409 1411
-1 -1
3890 3890
2098 2098
-1 -1
9344 9346
2160 2162
-1 -1
3653 3656
-1 -1
1006 1006
1882 1882
3029 3029
7581 7581
510 510
3425 3425
2390 2390
8730 8731
-1 -1
8673 8675
-1 -1
4717 4717
7897 7897
9559 9559
-1 -1
648 648
5661 5662
7997 7997
7873 7873
4616 4616
-1 -1
-1 -1
8021 8021
-1 -1
5233 5235
1188 1190
-1 -1
-1 -1
-1 -1
8728 8728
-1 -1
1251 1252
-1 -1
6067 6067
4013 4014
-1 -1
-1 -1
8862 8862
1203 1203
2732 2733
-1 -1
5751 5751
2995 2995
-1 -1
9936 9938
8074 8074
3414 3414
6778 6778
-1 -1
-1 -1
-1 -1
-1 -1
8408 8408
2881 2881
2902 2902
6878 6878
-1 -1
-1 -1
-1 -1
3439 3439
2568 2568
-1 -1
4560 4560
-1 -1
944 945
8779 8783
1305 1306
-1 -1
4461 4461
6310 6311
-1 -1
5855 5856
1412 1412
7449 7449
-1 -1
-1 -1
-1 -1
-1 -1
2346 2346
6900 6900
401 401
-1 -1
6000 6002
9136 9138
438 439
8926 8926
5154 5156
-1 -1
8979 8980
2103 2105
8409 8409
697 697
7181 7181
6446 6446
7990 7990
8871 8871
4084 4084
564 564
-1 -1
-1 -1
837 837
-1 -1
1756 1756
241 241
8385 8388
2229 2229
5994 5995
-1 -1
3490 3490
7457 7458
283 287
5427 5428
2893 2894
9228 9229
-1 -1
-1 -1
5829 5829
9121 9121
-1 -1
-1 -1
3805 3805
-1 -1
-1 -1
-1 -1
-1 -1
7053 7053
457 457
6716 6716
1069 1069
1324 1324
6640 6640
2266 2267
2530 2530
6927 6927
7447 7447
8219 8219
-1 -1
109 112
1880 1880
-1 -1
2098 2098
3996 3996
3430 3430
1352 1352
-1 -1
391 394
755 755
-1 -1
3617 3618
-1 -1
1442 1442
259 260
-1 -1
3616 3616
-1 -1
-1 -1
7919 7920
-1 -1
6581 6581
3458 3458
4120 4120
5598 5598
7151 7151
8579 8579
7589 7589
-1 -1
-1 -1
-1 -1
902 902
7385 7385
8509 8509
5738 5738
1814 1814
579 579
-1 -1
992 996
-1 -1
5633 5633
6325 6325
-1 -1
5777 5777
1717 1717
3140 3140
-1 -1
-1 -1
1271 1271
-1 -1
-1 -1
-1 -1
-1 -1
4402 4402
4772 4772
8884 8884
-1 -1
4793 4796
8645 8645
7115 7115
5100 5100
9441 9443
9296 9298
7096 7097
-1 -1
-1 -1
727 727
3797 3798
5294 5294
2637 2638
-1 -1
-1 -1
8205 8205
-1 -1
2366 2366
9525 9528
-1 -1
6509 6509
6304 6306
-1 -1
5503 5503
3630 3630
2004 2004
3135 3135
-1 -1
-1 -1
233 234
7336 7336
8423 8424
8390 8391
8146 8146
8069 8069
8175 8175
-1 -1
9280 9280
-1 -1
-1 -1
1294 1297
1860 1860
138 139
3490 3490
-1 -1
765 765
9808 9808
-1 -1
-1 -1
7246 7247
3108 3110
-1 -1
-1 -1
-1 -1
-1 -1
5757 5757
-1 -1
-1 -1
1745 1745
9273 9273
728 728
9303 9306
-1 -1
-1 -1
1922 1922
3473 3473
-1 -1
4425 4425
-1 -1
-1 -1
-1 -1
1759 1759
8192 8192
3561 3562
8257 8257
6869 6871
9051 9051
4590 4591
-1 -1
1061 1061
867 869
2276 2280
9369 9369
5001 5001
308 309
9893 9893
1960 1960
-1 -1
2114 2114
6533 6533
-1 -1
4888 4889
4030 4030
-1 -1
8849 8850
-1 -1
-1 -1
5213 5213
-1 -1
-1 -1
5926 5926
2654 2655
-1 -1
-1 -1
4574 4575
7426 7426
-1 -1
-1 -1
3791 3791
-1 -1
5877 5877
-1 -1
3855 3857
3625 3626
8449 8449
-1 -1
7744 7744
-1 -1
-1 -1
4502 4502
2632 2632
1419 1419
9475 9475
7697 7697
8170 8170
-1 -1
8129 8129
4418 4418
1065 1065
97 98
-1 -1
-1 -1
8015 8015
744 744
9145 9145
3684 3684
4578 4580
-1 -1
2540 2540
3605 3607
-1 -1
-1 -1
-1 -1
6310 6311
3021 3023
-1 -1
-1 -1
-1 -1
715 715
5869 5870
563 563
6071 6071
4027 4029
-1 -1
-1 -1
7116 7118
7111 7111
6297 6297
9244 9245
1969 1969
319 319
-1 -1
5389 5390
6190 6190
-1 -1
7799 7800
-1 -1
7088 7088
2564 2564
-1 -1
-1 -1
6219 6219
6972 6972
-1 -1
-1 -1
338 338
-1 -1
-1 -1
-1 -1
8745 8747
-1 -1
4210 4210
-1 -1
6846 6846
7006 7008
6021 6021
1235 1236
3794 3796
8036 8036
-1 -1
8575 8575
854 854
1982 1982
1896 1896
-1 -1
-1 -1
3819 3821
4856 4858
-1 -1
6345 6345
677 679
1598 1598
-1 -1
-1 -1
8193 8193
-1 -1
217 217
-1 -1
967 969
6455 6456
3458 3458
-1 -1
1930 1930
9969 9970
5595 5595
1697 1697
2674 2675
7121 7121
8590 8593
4078 4079
-1 -1
7436 7436
-1 -1
5361 5361
7375 7376
-1 -1
9986 9988
4997 4998
5673 5674
-1 -1
1977 1977
5294 5294
3552 3552
8392 8392
2958 2958
351 351
-1 -1
3646 3647
5978 5978
1757 1757
-1 -1
-1 -1
3921 3921
1390 1390
6188 6188
-1 -1
9552 9555
5952 5952
8080 8080
-1 -1
3313 3314
1864 1864
6758 6758
-1 -1
-1 -1
-1 -1
642 642
6235 6236
9674 9675
1211 1211
2381 2381
5158 5158
5819 5819
-1 -1
8860 8860
-1 -1
-1 -1
4561 4563
5487 5487
-1 -1
-1 -1
4633 4633
5875 5875
-1 -1
632 632
2363 2364
4725 4725
782 782
1786 1786
-1 -1
-1 -1
3902 3902
-1 -1
-1 -1
8838 8841
-1 -1
6814 6814
-1 -1
5923 5924
115 115
8835 8835
3362 3366
9125 9126
-1 -1
4852 4853
737 737
2637 2638
8970 8970
-1 -1
-1 -1
316 317
8403 8403
5583 5583
5780 5780
8741 8741
-1 -1
-1 -1
6289 6290
1519 1519
-1 -1
-1 -1
-1 -1
745 745
3116 3117
3858 3858
-1 -1
7202 7203
4476 4476
956 957
-1 -1
5204 5204
9542 9542
9862 9862
2078 2078
1613 1614
-1 -1
4874 4874
5835 5835
7587 7587
-1 -1
-1 -1
-1 -1
9879 9879
1572 1572
-1 -1
-1 -1
2257 2257
9968 9968
-1 -1
-1 -1
4654 4655
3166 3167
10016 10016
8220 8220
2028 2029
8740 8740
-1 -1
-1 -1
6915 6915
4816 4816
7912 7912
2644 2644
6304 6306
3858 3858
-1 -1
3915 3915
1467 1468
3674 3674
-1 -1
8172 8174
-1 -1
1821 1821
6932 6932
3122 3123
3098 3098
-1 -1
4184 4184
2018 2018
-1 -1
-1 -1
-1 -1
5067 5067
298 298
-1 -1
7913 7913
1700 1701
2727 2729
1228 1228
-1 -1
655 658
4162 4165
8665 8666
3270 3271
351 351
7155 7156
-1 -1
-1 -1
2013 2015
7246 7247
-1 -1
8700 8700
336 336
-1 -1
6972 6972
3051 3051
-1 -1
8166 8167
-1 -1
8204 8204
6075 6075
-1 -1
-1 -1
-1 -1
1874 1874
7954 7954
9200 9206
6960 6960
-1 -1
8456 8458
7822 7822
7934 7934
-1 -1
6448 6448
3238 3238
8748 8748
-1 -1
636 636
-1 -1
1287 1288
7628 7630
9772 9773
414 415
5572 5573
8956 8956
1911 1913
3038 3039
7089 7089
2806 2806
2433 2434
-1 -1
5064 5064
-1 -1
6815 6817
7393 7393
-1 -1
-1 -1
-1 -1
-1 -1
8020 8020
4392 4394
6000 6002
2727 2729
6832 6834
9107 9111
1923 1924
535 536
4108 4108
4749 4750
3091 3091
2053 2053
-1 -1
-1 -1
2322 2322
6665 6666
6766 6767
8258 8258
6973 6973
-1 -1
6935 6935
2738 2738
-1 -1
-1 -1
6128 6128
7344 7344
2179 2179
8646 8648
4237 4237
5764 5764
3021 3023
1515 1516
1755 1755
-1 -1
-1 -1
-1 -1
2228 2228
5663 5665
9945 9945
3804 3804
4465 4465
3574 3574
9542 9542
8823 8823
-1 -1
8258 8258
-1 -1
7321 7322
7626 7626
7582 7582
5551 5551
4747 4747
7495 7495
-1 -1
8405 8406
-1 -1
5745 5745
-1 -1
764 764
-1 -1
8694 8694
6592 6593
7936 7937
5209 5209
3124 3124
3072 3073
3379 3379
230 232
9190 9190
1837 1837
-1 -1
-1 -1
8203 8203
3294 3294
4199 4199
8856 8856
9420 9421
9363 9363
7607 7609
2381 2381
406 406
890 890
1557 1557
6303 6303
-1 -1
2346 2346
9149 9151
6077 6077
4187 4187
8891 8892
-1 -1
2002 2003
-1 -1
1360 1360
4872 4872
1530 1530
569 569
-1 -1
1745 1745
8441 8442
-1 -1
1443 1444
5596 5596
1173 1175
3088 3089
2776 2776
7063 7064
-1 -1
-1 -1
9457 9457
6602 6602
8986 8988
5718 5718
7230 7233
3535 3535
6313 6313
9928 9928
-1 -1
9466 9466
6152 6154
-1 -1
1551 1552
331 333
-1 -1
9899 9899
6585 6586
-1 -1
59 59
1506 1506
7930 7931
7463 7463
8967 8967
-1 -1
8436 8436
432 432
1478 1480
4855 4855
3395 3396
8711 8711
-1 -1
6335 6335
-1 -1
-1 -1
952 952
7889 7889
-1 -1
-1 -1
3836 3836
2190 2190
1291 1291
2936 2936
6261 6261
-1 -1
4279 4279
-1 -1
6700 6700
481 483
8066 8067
2673 2673
6828 6828
1984 1984
2115 2115
-1 -1
6457 6457
9179 9179
-1 -1
9720 9722
6029 6030
6979 6979
9467 9467
173 173
-1 -1
-1 -1
2464 2465
1863 1863
-1 -1
8329 8330
6553 6554
5030 5031
2464 2465
3738 3742
9653 9653
3098 3098
8872 8874
-1 -1
-1 -1
347 348
1046 1047
2933 2935
2707 2709
8181 8181
3717 3717
4191 4191
58 58
8113 8115
-1 -1
-1 -1
2249 2249
2024 2024
8899 8901
3822 3822
5087 5087
157 157
5435 5435
1985 1985
-1 -1
-1 -1
-1 -1
8528 8528
1720 1721
510 510
-1 -1
2513 2514
7219 7220
6684 6684
-1 -1
5948 5948
7506 7506
6689 6689
8314 8314
8842 8842
2974 2974
6313 6313
-1 -1
1559 1559
-1 -1
-1 -1
1932 1933
5699 5701
2446 2448
-1 -1
-1 -1
552 554
-1 -1
5025 5026
5490 5491
-1 -1
7431 7431
7698 7698
2738 2738
7495 7495
9268 9268
4812 4812
1657 1657
6059 6061
-1 -1
1446 1446
1276 1276
-1 -1
7390 7390
-1 -1
-1 -1
4222 4226
8004 8004
7224 7225
5045 5047
-1 -1
680 680
-1 -1
8403 8403
-1 -1
5968 5969
9404 9404
-1 -1
-1 -1
972 972
3685 3685
-1 -1
-1 -1
9581 9582
-1 -1
8703 8703
6941 6941
2485 2485
-1 -1
3303 3303
4718 4718
-1 -1
1338 1339
8999 9000
-1 -1
9134 9135
5108 5108
7177 7177
-1 -1
1514 1514
3293 3293
1269 1269
-1 -1
2679 2680
3931 3931
5376 5376
9780 9780
3597 3597
8186 8186
-1 -1
-1 -1
-1 -1
649 649
829 830
7780 7781
8960 8960
4280 4280
664 664
7164 7165
810 810
-1 -1
2961 2961
-1 -1
3319 3320
-1 -1
8538 8538
-1 -1
1435 1435
3030 3030
8120 8120
-1 -1
9215 9217
-1 -1
578 578
9925 9925
-1 -1
-1 -1
3779 3779
6541 6541
8086 8089
9368 9368
8323 8323
8932 8934
-1 -1
8749 8749
7134 7134
-1 -1
6140 6143
4692 4692
10001 10003
5488 5489
-1 -1
-1 -1
6982 6982
3873 3874
1482 1484
-1 -1
510 510
8403 8403
-1 -1
-1 -1
630 631
6386 6386
1416 1416
-1 -1
2886 2886
3955 3955
-1 -1
-1 -1
226 226
2892 2892
8086 8089
8254 8254
-1 -1
4228 4228
8861 8861
6317 6317
-1 -1
-1 -1
-1 -1
3492 3492
7689 7689
-1 -1
-1 -1
9215 9217
3972 3972
-1 -1
-1 -1
6598 6598
9495 9495
1715 1716
-1 -1
4747 4747
8502 8502
-1 -1
-1 -1
-1 -1
-1 -1
8201 8202
2025 2025
-1 -1
-1 -1
-1 -1
1473 1474
-1 -1
-1 -1
420 420
6608 6609
3149 3149
9479 9479
-1 -1
7085 7086
-1 -1
5630 5631
9215 9217
-1 -1
9669 9670
-1 -1
-1 -1
-1 -1
-1 -1
2921 2921
-1 -1
1594 1594
-1 -1
-1 -1
-1 -1
8232 8232
-1 -1
1543 1543
-1 -1
-1 -1
9365 9365
4894 4895
-1 -1
8407 8407
271 271
6951 6952
-1 -1
6606 6607
-1 -1
-1 -1
-1 -1
-1 -1
1338 1339
-1 -1
6956 6957
-1 -1
7823 7823
397 397
5630 5631
407 407
3401 3403
4499 4499
-1 -1
3384 3384
-1 -1
-1 -1
4837 4838
-1 -1
9917 9918
4416 4416
6009 6010
5853 5854
6935 6935
8357 8358
5819 5819
-1 -1
1319 1319
-1 -1
7055 7055
-1 -1
-1 -1
-1 -1
-1 -1
2596 2596
-1 -1
5630 5631
5512 5514
5460 5460
9368 9368
4789 4789
-1 -1
-1 -1
1889 1890
2977 2978
-1 -1
8918 8918
-1 -1
9368 9368
8448 8448
-1 -1
8356 8356
1821 1821
1486 1486
6940 6940
4084 4084
-1 -1
3816 3816
4837 4838
6500 6500
8228 8228
213 213
-1 -1
9323 9324
364 364
7612 7613
9826 9826
2678 2678
5187 5187
909 909
8344 8344
-1 -1
1155 1155
5001 5001
3516 3516
-1 -1
7320 7320
7875 7875
8053 8054
448 448
-1 -1
-1 -1
6631 6635
2411 2411
2302 2303
4383 4383
478 479
8688 8692
3792 3792
9765 9767
-1 -1
4367 4367
-1 -1
-1 -1
2160 2162
5575 5576
6219 6219
8639 8639
9261 9261
6267 6267
6346 6347
7297 7297
2019 2019
8532 8533
-1 -1
2284 2284
2158 2158
9559 9559
-1 -1
2520 2520
3217 3218
-1 -1
2657 2657
3092 3094
-1 -1
2840 2840
2427 2427
-1 -1
-1 -1
8583 8583
1558 1558
7198 7199
5422 5422
-1 -1
-1 -1
2129 2129
8577 8577
-1 -1
2178 2178
9734 9735
4672 4672
6790 6790
9014 9014
3203 3204
909 909
6577 6578
-1 -1
-1 -1
3702 3703
-1 -1
-1 -1
-1 -1
-1 -1
2234 2234
5270 5270
-1 -1
8348 8348
2058 2059
3128 3129
-1 -1
5383 5383
9561 9562
1573 1573
2851 2851
-1 -1
7698 7698
5547 5547
672 674
4615 4615
-1 -1
-1 -1
8635 8635
66 66
7831 7831
8744 8744
-1 -1
2025 2025
2249 2249
3287 3288
-1 -1
8496 8496
9253 9254
-1 -1
8741 8741
-1 -1
3898 3899
-1 -1
-1 -1
-1 -1
-1 -1
745 745
2005 2005
4593 4593
-1 -1
305 307
6430 6430
978 978
4630 4632
-1 -1
-1 -1
5372 5372
5976 5976
-1 -1
2868 2868
8733 8733
8579 8579
4932 4932
-1 -1
5382 5382
8927 8930
9447 9447
4804 4804
1939 1939
1647 1648
7197 7197
-1 -1
-1 -1
294 294
-1 -1
5505 5506
-1 -1
9665 9666
3349 3349
2266 2267
1187 1187
9411 9415
1564 1568
6000 6002
-1 -1
7563 7563
8147 8148
-1 -1
-1 -1
3487 3489
-1 -1
-1 -1
4952 4952
-1 -1
8390 8391
1619 1619
1215 1215
3130 3130
-1 -1
5192 5192
-1 -1
8187 8187
5001 5001
-1 -1
3092 3094
-1 -1
7315 7316
-1 -1
-1 -1
4767 4767
3680 3680
3452 3452
9026 9026
-1 -1
3646 3647
2622 2622
6516 6516
-1 -1
880 880
4980 4980
9265 9266
-1 -1
1340 1340
-1 -1
-1 -1
7980 7980
-1 -1
5492 5493
-1 -1
-1 -1
4376 4376
4003 4003
8579 8579
-1 -1
-1 -1
6912 6912
-1 -1
-1 -1
-1 -1
7925 7925
-1 -1
5280 5280
-1 -1
5088 5088
6706 6708
-1 -1
9067 9067
4252 4252
2812 2812
-1 -1
8713 8713
1179 1179
-1 -1
-1 -1
-1 -1
5757 5757
9771 9771
-1 -1
-1 -1
7245 7245
9177 9177
-1 -1
3570 3570
-1 -1
9116 9117
3706 3707
8715 8715
6359 6362
1032 1032
6912 6912
-1 -1
8967 8967
540 545
7338 7339
3563 3563
4979 4979
5690 5690
4374 4375
7114 7114
-1 -1
5173 5174
8981 8981
-1 -1
9445 9446
5908 5908
-1 -1
852 853
3433 3434
2990 2990
6039 6039
-1 -1
4549 4549
7936 7937
-1 -1
1833 1833
-1 -1
4258 4258
6106 6106
-1 -1
592 593
4240 4240
-1 -1
721 721
6126 6126
-1 -1
3184 3184
4297 4297
9572 9572
2657 2657
-1 -1
847 847
8737 8737
-1 -1
3630 3630
7857 7857
1103 1103
-1 -1
3235 3237
6770 6771
6161 6162
4260 4265
9321 9321
-1 -1
6962 6962
7623 7625
-1 -1
-1 -1
9497 9497
8271 8272
-1 -1
9142 9143
-1 -1
9770 9770
7958 7958
1822 1823
535 536
6292 6292
5353 5353
412 412
5281 5281
14 14
7456 7456
3905 3905
6237 6237
8525 8525
5336 5336
3737 3737
46 46
4976 4976
1231 1231
-1 -1
-1 -1
9504 9504
610 610
7929 7929
6312 6312
-1 -1
-1 -1
5051 5052
4911 4911
-1 -1
3176 3177
-1 -1
5955 5957
1475 1477
9048 9048
1793 1793
5790 5790
-1 -1
9849 9850
9965 9965
-1 -1
-1 -1
-1 -1
2235 2237
134 136
-1 -1
6266 6266
-1 -1
2823 2823
-1 -1
8694 8694
7078 7078
8713 8713
9934 9935
-1 -1
-1 -1
3807 3807
8970 8970
7871 7871
5224 5224
-1 -1
121 121
3097 3097
6956 6957
-1 -1
-1 -1
6016 6016
4292 4294
8410 8410
9090 9090
8728 8728
4941 4943
7637 7637
4724 4724
-1 -1
6494 6494
3679 3679
6525 6525
9962 9962
-1 -1
4509 4509
5478 5478
9609 9610
722 722
9152 9153
7594 7594
9669 9670
5194 5194
1882 1882
-1 -1
7702 7704
-1 -1
1122 1122
4859 4859
-1 -1
-1 -1
7425 7425
-1 -1
2316 2317
-1 -1
507 507
4105 4105
-1 -1
6354 6354
5941 5942
-1 -1
7480 7481
4177 4180
-1 -1
9327 9328
-1 -1
316 317
-1 -1
6510 6510
-1 -1
-1 -1
8912 8913
292 292
3526 3527
-1 -1
4927 4927
9860 9860
3824 3824
9340 9341
8735 8735
1424 1425
5848 5848
4031 4031
-1 -1
3981 3981
-1 -1
731 732
8317 8317
-1 -1
-1 -1
-1 -1
592 593
5666 5666
3921 3921
-1 -1
-1 -1
10016 10016
-1 -1
5923 5924
2370 2370
-1 -1
7384 7384
-1 -1
8867 8867
1359 1359
3912 3913
2862 2863
8473 8473
6300 6302
-1 -1
8922 8922
9481 9482
9010 9011
-1 -1
8548 8552
-1 -1
2963 2965
-1 -1
8670 8670
561 561
2488 2490
3097 3097
6533 6533
-1 -1
2605 2605
7842 7842
3372 3374
-1 -1
2411 2411
5912 5912
6161 6162
8645 8645
4556 4556
3531 3532
-1 -1
-1 -1
1783 1783
6535 6535
8395 8397
1180 1180
8370 8372
-1 -1
-1 -1
-1 -1
2039 2040
5667 5668
-1 -1
1540 1540
-1 -1
-1 -1
5109 5110
-1 -1
2163 2163
3704 3704
-1 -1
8231 8231
-1 -1
4626 4626
-1 -1
-1 -1
396 396
183 184
-1 -1
4887 4887
-1 -1
-1 -1
-1 -1
5173 5174
7581 7581
9969 9970
-1 -1
9758 9760
3576 3576
-1 -1
173 173
7177 7177
4812 4812
-1 -1
8482 8484
6939 6939
-1 -1
-1 -1
3746 3748
4104 4104
-1 -1
1813 1813
9200 9206
601 601
-1 -1
3185 3185
889 889
-1 -1
5562 5566
1412 1412
6606 6607
-1 -1
-1 -1
7164 7165
1104 1105
1642 1643
9919 9923
5756 5756
1837 1837
1338 1339
8434 8435
-1 -1
1408 1408
-1 -1
8191 8191
3991 3992
8461 8461
-1 -1
-1 -1
3787 3787
-1 -1
-1 -1
-1 -1
1580 1580
-1 -1
9551 9551
8524 8524
-1 -1
-1 -1
2293 2295
817 817
-1 -1
3714 3715
-1 -1
-1 -1
6625 6626
8119 8119
-1 -1
7550 7550
-1 -1
-1 -1
3920 3920
9934 9935
1020 1021
-1 -1
5876 5876
-1 -1
-1 -1
1838 1838
6705 6705
-1 -1
3492 3492
3900 3901
-1 -1
5697 5697
9030 9031
7572 7573
-1 -1
-1 -1
4252 4252
5677 5679
-1 -1
4928 4929
5585 5586
242 242
-1 -1
3307 3307
4374 4375
4200 4201
6354 6354
5051 5052
-1 -1
5542 5542
6890 6891
5121 5121
-1 -1
-1 -1
3201 3201
8896 8896
9471 9472
-1 -1
8636 8637
5352 5352
3270 3271
4071 4071
-1 -1
6237 6237
9178 9178
3529 3529
2940 2940
-1 -1
-1 -1
4841 4843
-1 -1
-1 -1
-1 -1
4615 4615
6370 6371
1623 1623
-1 -1
-1 -1
2381 2381
6097 6097
5388 5388
-1 -1
1609 1609
4752 4753
6563 6563
1539 1539
-1 -1
9 10
1229 1229
1996 1996
4999 4999
5628 5628
6359 6362
9701 9701
-1 -1
8926 8926
3697 3697
8884 8884
9163 9164
-1 -1
2928 2929
580 580
7702 7704
7429 7429
-1 -1
7965 7965
-1 -1
-1 -1
-1 -1
9891 9891
2809 2810
257 258
7295 7296
-1 -1
8732 8732
8636 8637
9853 9853
4461 4461
1684 1686
6727 6728
2166 2166
1007 1007
-1 -1
-1 -1
-1 -1
-1 -1
5503 5503
47 48
-1 -1
337 337
5186 5186
5768 5768
4616 4616
9161 9161
-1 -1
-1 -1
-1 -1
3991 3992
8584 8584
-1 -1
-1 -1
-1 -1
4131 4131
6627 6627
-1 -1
7991 7991
8370 8372
-1 -1
-1 -1
8060 8060
2644 2644
-1 -1
-1 -1
-1 -1
-1 -1
3030 3030
-1 -1
7305 7305
6558 6559
5430 5431
9521 9523
-1 -1
-1 -1
7878 7878
1751 1751
-1 -1
-1 -1
-1 -1
5307 5310
485 486
9585 9585
-1 -1
5569 5569
-1 -1
-1 -1
7693 7693
49 49
4386 4386
5690 5690
-1 -1
-1 -1
-1 -1
-1 -1
-1 -1
3859 3859
5863 5863
-1 -1
5745 5745
7965 7965
7402 7405
8589 8589
-1 -1
4023 4023
2629 2630
-1 -1
-1 -1
4946 4947
-1 -1
-1 -1
7871 7871
-1 -1
-1 -1
-1 -1
9409 9410
2110 2113
8142 8142
6729 6729
5203 5203
5081 5081
-1 -1
-1 -1
-1 -1
-1 -1
6048 6049
6783 6783
-1 -1
-1 -1
-1 -1
10017 10018
-1 -1
-1 -1
3969 3969
8170 8170
9884 9885
-1 -1
-1 -1
7708 7708
824 826
2809 2810
8218 8218
4476 4476
7325 7326
927 927
1822 1823
3868 3868
2899 2900
4462 4464
-1 -1
5227 5228
-1 -1
8818 8818
2192 2192
3422 3422
6919 6919
2992 2992
102 102
9680 9680
-1 -1
1062 1062
-1 -1
8140 8140
-1 -1
7905 7905
6409 6410
6778 6778
2050 2050
5935 5935
-1 -1
8255 8256
5081 5081
8955 8955
921 921
6353 6353
3794 3796
-1 -1
-1 -1
-1 -1
6098 6098
9709 9711
4589 4589
-1 -1
-1 -1
-1 -1
8710 8710
-1 -1
2246 2246
-1 -1
6457 6457
3397 3397
6157 6159
9797 9798
4371 4371
-1 -1
-1 -1
6786 6786
-1 -1
-1 -1
6856 6856
844 844
9600 9600
-1 -1
-1 -1
-1 -1
-1 -1
-1 -1
4004 4004
7876 7877
-1 -1
4808 4809
-1 -1
-1 -1
2881 2881
6892 6892
526 526
880 880
-1 -1
4396 4396
8499 8499
-1 -1
-1 -1
5967 5967
-1 -1
-1 -1
7471 7471
-1 -1
-1 -1
436 436
-1 -1
8474 8474
5666 5666
-1 -1
6190 6190
4096 4098
-1 -1
-1 -1
5801 5802
6660 6661
8423 8424
-1 -1
3873 3874
2764 2764
1687 1688
8475 8476
6610 6611
7074 7075
-1 -1
1882 1882
357 358
-1 -1
2951 2951
-1 -1
-1 -1
5505 5506
-1 -1
5027 5029
-1 -1
-1 -1
7595 7595
-1 -1
7121 7121
6977 6978
-1 -1
3958 3958
2818 2818
-1 -1
-1 -1
2650 2653
8842 8842
675 675
8269 8269
3530 3530
1883 1888
281 281
2731 2731
1062 1062
5316 5316
5780 5780
8792 8794
8163 8163
5032 5033
4989 4990
1263 1263
8889 8889
505 506
292 292
425 425
3079 3080
3942 3942
2942 2942
-1 -1
4117 4117
9821 9821
-1 -1
-1 -1
4952 4952
5388 5388
2658 2659
5198 5199
3211 3212
1615 1616
6252 6253
-1 -1
9035 9035
2325 2326
6517 6517
1287 1288
1073 1075
5853 5854
4252 4252
6161 6162
3318 3318
9315 9315
2764 2764
4249 4249
785 787
-1 -1
6222 6226
7464 7464
-1 -1
854 854
5147 5148
2955 2955
-1 -1
8231 8231
8395 8397
555 555
7282 7285
9693 9693
2710 2710
6889 6889
6180 6181
420 420
8524 8524
914 916
-1 -1
-1 -1
5149 5150
4819 4819
-1 -1
2187 2189
3207 3207
-1 -1
7537 7538
-1 -1
1902 1902
882 882
4260 4265
-1 -1
8687 8687
-1 -1
7290 7291
7019 7020
6332 6332
477 477
-1 -1
-1 -1
4437 4437
-1 -1
-1 -1
8677 8677
-1 -1
9999 10000
6377 6379
-1 -1
-1 -1
-1 -1
406 406
7415 7415
9983 9983
8345 8345
-1 -1
-1 -1
1563 1563
7600 7600
5001 5001
2195 2195
3003 3003
2110 2113
-1 -1
6879 6879
-1 -1
-1 -1
290 290
-1 -1
-1 -1
-1 -1
-1 -1
-1 -1
-1 -1
7302 7304
8659 8659
5859 5859
8744 8744
5620 5621
4682 4682
3638 3638
3704 3704
3837 3837
9042 9042
2886 2886
-1 -1
6028 6028
6326 6326
6830 6831
301 301
6601 6601
-1 -1
-1 -1
7693 7693
9046 9046
4431 4431
5222 5223
-1 -1
9051 9051
-1 -1
8876 8876
6156 6156
8475 8476
4432 4432
2730 2730
8576 8576
-1 -1
8416 8416
7253 7254
-1 -1
-1 -1
6466 6466
-1 -1
-1 -1
7159 7159
896 897
-1 -1
7734 7734
-1 -1
5117 5118
8720 8721
-1 -1
8015 8015
6681 6681
-1 -1
-1 -1
1806 1806
4207 4208
2492 2493
3924 3925
9319 9319
-1 -1
4935 4935
-1 -1
-1 -1
-1 -1
7154 7154
-1 -1
2811 2811
4176 4176
5756 5756
789 789
4156 4156
-1 -1
3832 3832
-1 -1
1463 1463
-1 -1
5134 5134
4145 4146
5595 5595
-1 -1
-1 -1
614 616
9481 9482
788 788
2102 2102
-1 -1
6219 6219
6 8
7905 7905
-1 -1
-1 -1
3336 3336
1803 1804
1045 1045
3503 3503
-1 -1
8725 8725
-1 -1
2734 2736
-1 -1
5436 5437
-1 -1
958 958
-1 -1
9827 9827
-1 -1
-1 -1
3949 3950
-1 -1
9477 9477
-1 -1
1667 1667
-1 -1
7734 7734
8589 8589
4757 4757
8891 8892
-1 -1
1221 1221
821 821
-1 -1
2717 2717
-1 -1
9574 9574
4932 4932
-1 -1
-1 -1
2290 2290
5290 5290
-1 -1
1184 1184
8343 8343
-1 -1
9466 9466
4068 4069
6100 6101
7617 7617
9480 9480
5774 5775
1769 1769
-1 -1
2986 2986
5088 5088
3299 3299
3293 3293
7317 7317
8283 8284
-1 -1
6507 6508
2060 2060
6975 6976
-1 -1
-1 -1
9307 9307
-1 -1
6292 6292
-1 -1
5895 5896
4741 4743
549 549
2717 2717
3970 3970
5841 5841
7482 7482
6214 6214
-1 -1
-1 -1
7626 7626
6758 6758
6445 6445
-1 -1
4499 4499
-1 -1
-1 -1
9284 9284
1001 1001
3530 3530
652 652
-1 -1
9020 9021
-1 -1
3870 3870
9726 9726
-1 -1
919 919
5803 5803
7131 7133
-1 -1
9190 9190
473 475
-1 -1
2350 2351
6912 6912
-1 -1
7985 7985
6257 6257
4617 4617
-1 -1
1086 1086
583 583
6687 6688
-1 -1
-1 -1
6145 6146
-1 -1
4203 4203
4728 4728
-1 -1
567 567
8787 8787
6852 6853
1390 1390
9838 9838
-1 -1
5158 5158
-1 -1
4185 4186
3048 3048
6778 6778
6939 6939
-1 -1
-1 -1
-1 -1
-1 -1
-1 -1
6769 6769
3356 3357
-1 -1
-1 -1
9241 9241
9884 9885
7273 7273
-1 -1
4765 4766
-1 -1
-1 -1
-1 -1
-1 -1
4828 4828
-1 -1
7384 7384
1644 1644
-1 -1
6295 6295
8784 8784
7365 7365
6008 6008
2759 2760
1365 1365
2001 2001
4072 4072
5667 5668
650 651
4266 4267
1787 1787
-1 -1
7074 7075
8061 8061
-1 -1
-1 -1
5311 5311
17 19
-1 -1
1846 1848
1657 1657
-1 -1
5878 5878
9258 9258
-1 -1
-1 -1
-1 -1
-1 -1
-1 -1
652 652
2657 2657
889 889
1422 1423
3590 3591
-1 -1
-1 -1
-1 -1
5320 5320
9269 9270
-1 -1
7096 7097
9515 9517
6114 6114
4066 4066
5081 5081
4892 4893
26 27
6995 6995
-1 -1
9683 9683
-1 -1
2764 2764
-1 -1
7029 7029
-1 -1
293 293
-1 -1
2454 2455
-1 -1
-1 -1
3839 3839
2388 2388
5392 5392
3931 3931
-1 -1
7237 7237
1799 1800
2305 2305
6558 6559
5669 5669
-1 -1
7744 7744
4755 4755
62 62
8760 8763
4124 4124
6604 6604
5260 5260
-1 -1
1650 1650
6528 6528
6445 6445
8810 8815
-1 -1
987 988
3127 3127
7469 7470
-1 -1
-1 -1
4095 4095
7697 7697
7531 7531
7579 7580
-1 -1
-1 -1
6945 6947
3946 3948
8063 8063
3837 3837
7954 7954
-1 -1
9852 9852
-1 -1
-1 -1
3173 3173
-1 -1
7292 7292
1251 1252
-1 -1
407 407
4822 4822
6354 6354
-1 -1
9687 9692
3678 3678
2531 2534
-1 -1
-1 -1
-1 -1
9320 9320
2500 2500
904 904
2092 2092
5862 5862
7876 7877
-1 -1
-1 -1
-1 -1
2749 2749
5280 5280
6644 6644
158 158
4616 4616
7667 7667
4805 4806
-1 -1
4624 4624
6885 6885
5863 5863
1280 1280
-1 -1
-1 -1
8432 8432
9170 9170
-1 -1
1170 1170
8855 8855
3923 3923
8418 8419
5902 5902
2839 2839
-1 -1
-1 -1
8475 8476
643 645
5795 5795
6257 6257
-1 -1
4556 4556
-1 -1
8481 8481
6170 6170
367 368
3214 3214
-1 -1
3770 3771
5192 5192
6298 6299
1260 1260
-1 -1
8428 8428
6915 6915
3965 3965
-1 -1
1406 1407
9828 9828
7749 7750
5648 5650
5819 5819
4342 4342
