-1 -1
-1 -1
-1 -1
-1 -1
1153 1153
-1 -1
-1 -1
180 180
-1 -1
-1 -1
-1 -1
1755 1755
-1 -1
-1 -1
1522 1522
821 821
-1 -1
-1 -1
-1 -1
-1 -1
-1 -1
1193 1193
-1 -1
-1 -1
689 689
-1 -1
-1 -1
-1 -1
-1 -1
-1 -1
-1 -1
658 658
-1 -1
-1 -1
-1 -1
-1 -1
-1 -1
-1 -1
-1 -1
-1 -1
-1 -1
1600 1600
-1 -1
-1 -1
-1 -1
-1 -1
-1 -1
-1 -1
-1 -1
-1 -1
-1 -1
-1 -1
-1 -1
-1 -1
-1 -1
-1 -1
-1 -1
-1 -1
-1 -1
-1 -1
-1 -1
-1 -1
-1 -1
-1 -1
-1 -1
1763 1763
-1 -1
-1 -1
1782 1782
-1 -1
-1 -1
-1 -1
1789 1790
-1 -1
-1 -1
-1 -1
-1 -1
-1 -1
-1 -1
-1 -1
-1 -1
-1 -1
-1 -1
-1 -1
-1 -1
-1 -1
-1 -1
-1 -1
-1 -1
69 69
-1 -1
504 504
-1 -1
-1 -1
1110 1110
-1 -1
-1 -1
-1 -1
571 571
-1 -1
-1 -1
-1 -1
739 739
-1 -1
-1 -1
466 466
1798 1798
-1 -1
276 276
-1 -1
-1 -1
-1 -1
978 978
-1 -1
-1 -1
-1 -1
-1 -1
1250 1250
-1 -1
-1 -1
-1 -1
-1 -1
-1 -1
1192 1192
-1 -1
-1 -1
-1 -1
-1 -1
1015 1015
-1 -1
1881 1881
-1 -1
-1 -1
-1 -1
-1 -1
-1 -1
-1 -1
-1 -1
1155 1156
-1 -1
-1 -1
-1 -1
-1 -1
-1 -1
-1 -1
-1 -1
-1 -1
63 63
-1 -1
415 416
-1 -1
-1 -1
460 460
1093 1093
-1 -1
-1 -1
-1 -1
-1 -1
-1 -1
174 174
-1 -1
-1 -1
-1 -1
-1 -1
-1 -1
-1 -1
725 725
-1 -1
-1 -1
-1 -1
-1 -1
-1 -1
-1 -1
-1 -1
822 822
1950 1950
-1 -1
-1 -1
1055 1055
-1 -1
-1 -1
-1 -1
1754 1754
-1 -1
-1 -1
-1 -1
-1 -1
-1 -1
-1 -1
1317 1317
-1 -1
-1 -1
-1 -1
-1 -1
-1 -1
839 839
-1 -1
-1 -1
-1 -1
1389 1389
-1 -1
-1 -1
977 977
-1 -1
48 48
-1 -1
-1 -1
-1 -1
-1 -1
-1 -1
778 778
-1 -1
-1 -1
-1 -1
-1 -1
-1 -1
-1 -1
-1 -1
-1 -1
-1 -1
-1 -1
-1 -1
-1 -1
-1 -1
-1 -1
-1 -1
1681 1681
-1 -1
-1 -1
391 391
-1 -1
-1 -1
-1 -1
-1 -1
1301 1301
-1 -1
-1 -1
-1 -1
-1 -1
-1 -1
-1 -1
172 172
-1 -1
-1 -1
-1 -1
384 384
-1 -1
918 918
-1 -1
-1 -1
-1 -1
-1 -1
-1 -1
-1 -1
-1 -1
-1 -1
-1 -1
292 292
-1 -1
-1 -1
-1 -1
-1 -1
-1 -1
-1 -1
466 466
1330 1330
-1 -1
-1 -1
-1 -1
-1 -1
1901 1901
592 592
-1 -1
-1 -1
-1 -1
-1 -1
-1 -1
1102 1102
859 859
-1 -1
-1 -1
-1 -1
-1 -1
1272 1272
1402 1402
-1 -1
887 888
-1 -1
-1 -1
-1 -1
93 93
-1 -1
-1 -1
-1 -1
-1 -1
410 410
-1 -1
1251 1251
-1 -1
-1 -1
-1 -1
-1 -1
-1 -1
338 338
-1 -1
-1 -1
-1 -1
-1 -1
-1 -1
-1 -1
24 24
-1 -1
856 856
-1 -1
-1 -1
-1 -1
-1 -1
-1 -1
-1 -1
-1 -1
-1 -1
-1 -1
789 789
1782 1782
459 459
-1 -1
-1 -1
-1 -1
991 991
-1 -1
-1 -1
-1 -1
-1 -1
-1 -1
1486 1486
-1 -1
-1 -1
-1 -1
-1 -1
-1 -1
-1 -1
-1 -1
-1 -1
-1 -1
-1 -1
-1 -1
-1 -1
-1 -1
-1 -1
-1 -1
-1 -1
-1 -1
-1 -1
-1 -1
-1 -1
-1 -1
-1 -1
-1 -1
-1 -1
-1 -1
-1 -1
-1 -1
-1 -1
-1 -1
1165 1165
760 760
-1 -1
-1 -1
-1 -1
-1 -1
-1 -1
-1 -1
-1 -1
-1 -1
-1 -1
-1 -1
-1 -1
-1 -1
-1 -1
-1 -1
-1 -1
-1 -1
-1 -1
-1 -1
-1 -1
-1 -1
-1 -1
-1 -1
-1 -1
-1 -1
-1 -1
-1 -1
-1 -1
-1 -1
-1 -1
292 292
-1 -1
-1 -1
1563 1563
-1 -1
-1 -1
-1 -1
-1 -1
561 561
-1 -1
931 931
-1 -1
-1 -1
1340 1340
-1 -1
-1 -1
1410 1410
-1 -1
-1 -1
-1 -1
-1 -1
-1 -1
-1 -1
-1 -1
628 628
333 333
-1 -1
-1 -1
1982 1982
-1 -1
-1 -1
-1 -1
-1 -1
-1 -1
-1 -1
-1 -1
-1 -1
1451 1452
-1 -1
-1 -1
-1 -1
-1 -1
434 434
-1 -1
-1 -1
-1 -1
-1 -1
1944 1944
-1 -1
1361 1361
-1 -1
-1 -1
-1 -1
394 394
-1 -1
-1 -1
1350 1350
-1 -1
-1 -1
-1 -1
-1 -1
-1 -1
-1 -1
1121 1121
-1 -1
3 3
-1 -1
-1 -1
-1 -1
136 136
-1 -1
-1 -1
-1 -1
-1 -1
-1 -1
-1 -1
-1 -1
-1 -1
1153 1153
-1 -1
-1 -1
1678 1679
-1 -1
1071 1071
-1 -1
-1 -1
-1 -1
-1 -1
1223 1223
-1 -1
-1 -1
-1 -1
-1 -1
-1 -1
1686 1686
1449 1449
-1 -1
-1 -1
-1 -1
-1 -1
-1 -1
1548 1548
-1 -1
-1 -1
-1 -1
1259 1259
-1 -1
-1 -1
-1 -1
-1 -1
-1 -1
-1 -1
-1 -1
-1 -1
-1 -1
-1 -1
-1 -1
-1 -1
-1 -1
301 301
-1 -1
1723 1723
-1 -1
-1 -1
-1 -1
-1 -1
-1 -1
-1 -1
-1 -1
-1 -1
-1 -1
-1 -1
-1 -1
-1 -1
-1 -1
-1 -1
-1 -1
-1 -1
756 756
-1 -1
22 22
355 355
-1 -1
-1 -1
-1 -1
-1 -1
1015 1015
-1 -1
-1 -1
-1 -1
921 921
-1 -1
-1 -1
-1 -1
-1 -1
-1 -1
-1 -1
-1 -1
-1 -1
1336 1336
1371 1371
-1 -1
-1 -1
-1 -1
-1 -1
-1 -1
-1 -1
-1 -1
-1 -1
-1 -1
-1 -1
-1 -1
592 592
-1 -1
-1 -1
94 94
880 880
-1 -1
-1 -1
341 341
-1 -1
-1 -1
1941 1941
-1 -1
-1 -1
-1 -1
974 974
-1 -1
237 237
-1 -1
360 360
1113 1113
288 288
-1 -1
-1 -1
-1 -1
-1 -1
-1 -1
-1 -1
-1 -1
-1 -1
-1 -1
133 133
-1 -1
-1 -1
-1 -1
-1 -1
-1 -1
-1 -1
-1 -1
-1 -1
-1 -1
-1 -1
-1 -1
-1 -1
412 412
-1 -1
1782 1782
-1 -1
-1 -1
1192 1192
-1 -1
690 690
-1 -1
-1 -1
751 751
-1 -1
-1 -1
-1 -1
-1 -1
-1 -1
716 716
-1 -1
-1 -1
-1 -1
-1 -1
971 971
58 58
-1 -1
-1 -1
-1 -1
-1 -1
-1 -1
-1 -1
-1 -1
1423 1423
-1 -1
-1 -1
-1 -1
-1 -1
-1 -1
-1 -1
-1 -1
-1 -1
-1 -1
-1 -1
-1 -1
-1 -1
-1 -1
-1 -1
36 36
-1 -1
-1 -1
-1 -1
-1 -1
-1 -1
35 35
-1 -1
-1 -1
1899 1900
-1 -1
1925 1925
-1 -1
-1 -1
399 399
802 802
-1 -1
262 262
1973 1974
-1 -1
1500 1500
-1 -1
-1 -1
-1 -1
984 984
-1 -1
-1 -1
-1 -1
505 505
-1 -1
-1 -1
766 766
-1 -1
-1 -1
-1 -1
-1 -1
-1 -1
-1 -1
-1 -1
-1 -1
-1 -1
-1 -1
-1 -1
794 794
-1 -1
-1 -1
771 771
-1 -1
-1 -1
897 897
-1 -1
-1 -1
-1 -1
-1 -1
-1 -1
-1 -1
-1 -1
1791 1791
-1 -1
-1 -1
603 603
-1 -1
-1 -1
-1 -1
109 109
-1 -1
-1 -1
914 914
-1 -1
-1 -1
-1 -1
-1 -1
-1 -1
-1 -1
-1 -1
1185 1185
-1 -1
837 837
-1 -1
-1 -1
979 979
-1 -1
-1 -1
-1 -1
-1 -1
-1 -1
1824 1824
1397 1397
399 399
-1 -1
1756 1756
-1 -1
-1 -1
1411 1411
-1 -1
-1 -1
1410 1410
581 581
-1 -1
-1 -1
-1 -1
-1 -1
-1 -1
-1 -1
-1 -1
558 558
-1 -1
-1 -1
-1 -1
-1 -1
909 910
-1 -1
879 879
-1 -1
-1 -1
-1 -1
-1 -1
1543 1543
-1 -1
1534 1534
-1 -1
-1 -1
-1 -1
-1 -1
-1 -1
-1 -1
-1 -1
-1 -1
-1 -1
-1 -1
-1 -1
1958 1959
-1 -1
-1 -1
1526 1526
-1 -1
-1 -1
-1 -1
1615 1615
551 551
1450 1450
-1 -1
-1 -1
-1 -1
-1 -1
157 157
-1 -1
-1 -1
-1 -1
-1 -1
-1 -1
-1 -1
-1 -1
-1 -1
1954 1954
-1 -1
-1 -1
-1 -1
-1 -1
-1 -1
927 927
-1 -1
-1 -1
1168 1168
711 711
-1 -1
-1 -1
1831 1831
-1 -1
-1 -1
-1 -1
-1 -1
-1 -1
1693 1693
-1 -1
-1 -1
-1 -1
-1 -1
-1 -1
-1 -1
-1 -1
-1 -1
-1 -1
1159 1159
-1 -1
-1 -1
-1 -1
1167 1167
-1 -1
-1 -1
-1 -1
-1 -1
-1 -1
-1 -1
-1 -1
-1 -1
1937 1937
-1 -1
-1 -1
1096 1096
-1 -1
-1 -1
48 48
-1 -1
-1 -1
-1 -1
-1 -1
-1 -1
-1 -1
-1 -1
-1 -1
-1 -1
-1 -1
790 790
-1 -1
-1 -1
683 683
253 253
-1 -1
1327 1327
-1 -1
-1 -1
-1 -1
-1 -1
-1 -1
-1 -1
642 642
-1 -1
-1 -1
-1 -1
34 34
-1 -1
-1 -1
-1 -1
-1 -1
-1 -1
-1 -1
-1 -1
-1 -1
-1 -1
-1 -1
-1 -1
-1 -1
-1 -1
-1 -1
-1 -1
-1 -1
429 429
-1 -1
-1 -1
343 343
-1 -1
1674 1674
-1 -1
-1 -1
-1 -1
1153 1153
-1 -1
-1 -1
-1 -1
-1 -1
-1 -1
-1 -1
-1 -1
-1 -1
-1 -1
1511 1511
-1 -1
-1 -1
-1 -1
-1 -1
-1 -1
-1 -1
-1 -1
-1 -1
-1 -1
-1 -1
-1 -1
-1 -1
-1 -1
-1 -1
642 642
-1 -1
-1 -1
-1 -1
-1 -1
-1 -1
-1 -1
-1 -1
-1 -1
-1 -1
-1 -1
-1 -1
-1 -1
-1 -1
-1 -1
-1 -1
-1 -1
-1 -1
-1 -1
152 152
-1 -1
-1 -1
-1 -1
-1 -1
-1 -1
1597 1597
-1 -1
-1 -1
-1 -1
1305 1305
-1 -1
-1 -1
-1 -1
-1 -1
1118 1118
-1 -1
-1 -1
-1 -1
-1 -1
639 639
-1 -1
1326 1326
-1 -1
-1 -1
1200 1200
-1 -1
-1 -1
-1 -1
-1 -1
-1 -1
-1 -1
1557 1557
-1 -1
-1 -1
1185 1185
-1 -1
-1 -1
-1 -1
-1 -1
-1 -1
-1 -1
69 69
-1 -1
-1 -1
621 621
-1 -1
1224 1224
-1 -1
-1 -1
-1 -1
-1 -1
-1 -1
-1 -1
176 176
-1 -1
-1 -1
1333 1333
-1 -1
-1 -1
438 440
-1 -1
766 766
-1 -1
352 352
-1 -1
-1 -1
-1 -1
-1 -1
854 854
1662 1662
-1 -1
-1 -1
-1 -1
-1 -1
-1 -1
-1 -1
-1 -1
1803 1803
-1 -1
-1 -1
-1 -1
-1 -1
-1 -1
-1 -1
-1 -1
-1 -1
-1 -1
703 703
752 752
-1 -1
-1 -1
-1 -1
-1 -1
-1 -1
-1 -1
762 762
-1 -1
1393 1393
-1 -1
-1 -1
-1 -1
-1 -1
-1 -1
552 552
-1 -1
-1 -1
-1 -1
-1 -1
-1 -1
-1 -1
-1 -1
-1 -1
-1 -1
-1 -1
-1 -1
-1 -1
-1 -1
-1 -1
-1 -1
-1 -1
-1 -1
899 899
-1 -1
-1 -1
1727 1727
-1 -1
-1 -1
-1 -1
-1 -1
-1 -1
-1 -1
-1 -1
-1 -1
-1 -1
-1 -1
-1 -1
-1 -1
-1 -1
-1 -1
-1 -1
-1 -1
-1 -1
-1 -1
-1 -1
-1 -1
1349 1349
-1 -1
-1 -1
-1 -1
-1 -1
-1 -1
-1 -1
-1 -1
-1 -1
-1 -1
-1 -1
667 667
-1 -1
-1 -1
-1 -1
-1 -1
-1 -1
-1 -1
378 379
-1 -1
-1 -1
-1 -1
-1 -1
-1 -1
-1 -1
-1 -1
-1 -1
-1 -1
-1 -1
-1 -1
-1 -1
-1 -1
1514 1514
-1 -1
-1 -1
273 273
-1 -1
-1 -1
-1 -1
-1 -1
776 776
-1 -1
-1 -1
-1 -1
-1 -1
-1 -1
-1 -1
-1 -1
-1 -1
-1 -1
-1 -1
-1 -1
1005 1005
-1 -1
-1 -1
66 66
986 986
-1 -1
1852 1852
-1 -1
-1 -1
-1 -1
738 738
-1 -1
-1 -1
-1 -1
-1 -1
-1 -1
-1 -1
1623 1624
1657 1657
-1 -1
-1 -1
-1 -1
-1 -1
-1 -1
-1 -1
-1 -1
-1 -1
-1 -1
-1 -1
-1 -1
855 855
-1 -1
-1 -1
1569 1569
-1 -1
-1 -1
-1 -1
-1 -1
-1 -1
-1 -1
-1 -1
-1 -1
1430 1430
-1 -1
-1 -1
-1 -1
130 130
-1 -1
-1 -1
-1 -1
-1 -1
-1 -1
191 191
392 392
-1 -1
-1 -1
-1 -1
219 219
-1 -1
956 956
-1 -1
-1 -1
-1 -1
-1 -1
-1 -1
-1 -1
-1 -1
-1 -1
-1 -1
-1 -1
1728 1728
-1 -1
-1 -1
-1 -1
-1 -1
879 879
-1 -1
-1 -1
-1 -1
-1 -1
-1 -1
274 274
-1 -1
-1 -1
-1 -1
-1 -1
-1 -1
-1 -1
-1 -1
-1 -1
-1 -1
-1 -1
-1 -1
-1 -1
-1 -1
-1 -1
-1 -1
-1 -1
-1 -1
-1 -1
-1 -1
-1 -1
-1 -1
-1 -1
-1 -1
1450 1450
-1 -1
-1 -1
-1 -1
-1 -1
-1 -1
-1 -1
-1 -1
-1 -1
-1 -1
-1 -1
-1 -1
-1 -1
-1 -1
153 154
-1 -1
-1 -1
-1 -1
-1 -1
-1 -1
-1 -1
1095 1095
-1 -1
-1 -1
-1 -1
-1 -1
-1 -1
-1 -1
-1 -1
-1 -1
-1 -1
1055 1055
-1 -1
-1 -1
569 570
-1 -1
-1 -1
1870 1870
-1 -1
-1 -1
-1 -1
495 495
-1 -1
-1 -1
1782 1782
-1 -1
-1 -1
-1 -1
-1 -1
157 157
-1 -1
-1 -1
-1 -1
-1 -1
-1 -1
-1 -1
-1 -1
-1 -1
-1 -1
-1 -1
-1 -1
-1 -1
862 864
-1 -1
-1 -1
-1 -1
-1 -1
-1 -1
-1 -1
-1 -1
-1 -1
7 7
-1 -1
-1 -1
-1 -1
257 257
-1 -1
1242 1242
-1 -1
-1 -1
-1 -1
1188 1188
-1 -1
-1 -1
-1 -1
-1 -1
-1 -1
1823 1823
-1 -1
866 866
-1 -1
-1 -1
-1 -1
-1 -1
-1 -1
-1 -1
-1 -1
-1 -1
-1 -1
1946 1947
1587 1587
-1 -1
-1 -1
-1 -1
770 770
-1 -1
-1 -1
-1 -1
-1 -1
-1 -1
473 473
-1 -1
-1 -1
-1 -1
-1 -1
-1 -1
-1 -1
-1 -1
1165 1165
-1 -1
-1 -1
-1 -1
-1 -1
-1 -1
-1 -1
-1 -1
-1 -1
-1 -1
-1 -1
1578 1578
-1 -1
-1 -1
-1 -1
-1 -1
995 995
-1 -1
-1 -1
-1 -1
-1 -1
-1 -1
-1 -1
-1 -1
-1 -1
640 640
-1 -1
-1 -1
-1 -1
-1 -1
-1 -1
-1 -1
903 903
292 292
-1 -1
-1 -1
-1 -1
-1 -1
-1 -1
-1 -1
-1 -1
-1 -1
-1 -1
1960 1960
1972 1972
-1 -1
-1 -1
-1 -1
-1 -1
-1 -1
-1 -1
-1 -1
-1 -1
-1 -1
-1 -1
-1 -1
-1 -1
1735 1735
-1 -1
-1 -1
-1 -1
1730 1730
-1 -1
-1 -1
-1 -1
-1 -1
-1 -1
-1 -1
-1 -1
-1 -1
-1 -1
-1 -1
-1 -1
-1 -1
-1 -1
-1 -1
-1 -1
1208 1208
-1 -1
-1 -1
-1 -1
1125 1125
-1 -1
1294 1294
-1 -1
-1 -1
-1 -1
-1 -1
-1 -1
-1 -1
-1 -1
290 290
-1 -1
584 584
-1 -1
588 588
-1 -1
-1 -1
-1 -1
-1 -1
1041 1041
214 214
421 421
-1 -1
-1 -1
-1 -1
-1 -1
1178 1178
-1 -1
-1 -1
-1 -1
-1 -1
1034 1035
-1 -1
123 123
-1 -1
-1 -1
-1 -1
-1 -1
-1 -1
-1 -1
-1 -1
-1 -1
-1 -1
-1 -1
1890 1890
-1 -1
-1 -1
-1 -1
-1 -1
-1 -1
-1 -1
-1 -1
-1 -1
-1 -1
1102 1102
1725 1725
-1 -1
-1 -1
-1 -1
-1 -1
-1 -1
1829 1829
-1 -1
-1 -1
1123 1123
-1 -1
-1 -1
-1 -1
-1 -1
-1 -1
1285 1285
-1 -1
1073 1073
-1 -1
-1 -1
-1 -1
1820 1820
-1 -1
-1 -1
-1 -1
-1 -1
-1 -1
-1 -1
-1 -1
-1 -1
-1 -1
-1 -1
585 586
-1 -1
-1 -1
-1 -1
-1 -1
-1 -1
793 793
-1 -1
1648 1648
-1 -1
1637 1637
-1 -1
638 638
715 715
-1 -1
-1 -1
-1 -1
-1 -1
-1 -1
936 936
-1 -1
-1 -1
-1 -1
1786 1786
1465 1465
-1 -1
-1 -1
-1 -1
-1 -1
-1 -1
-1 -1
-1 -1
-1 -1
513 513
-1 -1
-1 -1
-1 -1
-1 -1
-1 -1
-1 -1
-1 -1
1836 1836
-1 -1
-1 -1
3 3
-1 -1
-1 -1
-1 -1
-1 -1
-1 -1
-1 -1
-1 -1
-1 -1
-1 -1
-1 -1
-1 -1
-1 -1
-1 -1
-1 -1
1053 1053
-1 -1
1917 1917
-1 -1
-1 -1
-1 -1
1043 1043
-1 -1
-1 -1
-1 -1
-1 -1
-1 -1
-1 -1
452 452
-1 -1
-1 -1
-1 -1
710 710
-1 -1
-1 -1
-1 -1
-1 -1
-1 -1
1684 1685
-1 -1
-1 -1
-1 -1
-1 -1
-1 -1
-1 -1
-1 -1
-1 -1
-1 -1
-1 -1
-1 -1
-1 -1
-1 -1
-1 -1
856 856
-1 -1
-1 -1
-1 -1
-1 -1
-1 -1
662 663
-1 -1
-1 -1
-1 -1
-1 -1
-1 -1
601 601
-1 -1
223 223
-1 -1
-1 -1
-1 -1
-1 -1
-1 -1
-1 -1
-1 -1
-1 -1
1351 1351
-1 -1
-1 -1
-1 -1
-1 -1
-1 -1
-1 -1
-1 -1
-1 -1
895 895
906 906
-1 -1
-1 -1
-1 -1
-1 -1
858 858
-1 -1
-1 -1
-1 -1
-1 -1
1362 1362
-1 -1
-1 -1
-1 -1
711 711
-1 -1
-1 -1
-1 -1
-1 -1
1858 1858
1283 1283
-1 -1
1686 1686
-1 -1
-1 -1
-1 -1
1197 1197
1089 1089
-1 -1
353 353
-1 -1
679 680
-1 -1
-1 -1
934 934
-1 -1
-1 -1
-1 -1
-1 -1
-1 -1
1555 1555
-1 -1
1854 1854
-1 -1
-1 -1
-1 -1
-1 -1
1388 1388
-1 -1
-1 -1
-1 -1
551 551
-1 -1
-1 -1
866 866
-1 -1
964 965
-1 -1
1373 1373
-1 -1
1047 1047
-1 -1
-1 -1
-1 -1
1930 1930
-1 -1
-1 -1
709 709
1864 1865
-1 -1
920 920
-1 -1
-1 -1
-1 -1
-1 -1
-1 -1
-1 -1
-1 -1
-1 -1
-1 -1
-1 -1
-1 -1
-1 -1
-1 -1
489 489
-1 -1
-1 -1
-1 -1
-1 -1
-1 -1
-1 -1
-1 -1
1473 1473
-1 -1
-1 -1
-1 -1
-1 -1
-1 -1
-1 -1
457 457
-1 -1
-1 -1
-1 -1
-1 -1
-1 -1
-1 -1
-1 -1
-1 -1
-1 -1
53 53
1973 1974
-1 -1
-1 -1
-1 -1
-1 -1
-1 -1
-1 -1
-1 -1
-1 -1
-1 -1
-1 -1
-1 -1
-1 -1
-1 -1
-1 -1
-1 -1
-1 -1
-1 -1
-1 -1
-1 -1
-1 -1
1233 1233
-1 -1
871 873
-1 -1
-1 -1
1049 1049
-1 -1
149 149
1832 1832
-1 -1
-1 -1
-1 -1
-1 -1
-1 -1
-1 -1
1444 1444
361 361
-1 -1
-1 -1
-1 -1
-1 -1
-1 -1
62 62
-1 -1
-1 -1
-1 -1
-1 -1
-1 -1
1667 1667
-1 -1
-1 -1
-1 -1
-1 -1
1357 1358
-1 -1
-1 -1
-1 -1
-1 -1
-1 -1
-1 -1
-1 -1
126 126
-1 -1
-1 -1
-1 -1
-1 -1
-1 -1
-1 -1
-1 -1
-1 -1
-1 -1
-1 -1
-1 -1
-1 -1
-1 -1
-1 -1
1223 1223
-1 -1
-1 -1
1668 1668
27 27
1838 1838
-1 -1
1463 1463
-1 -1
1668 1668
-1 -1
-1 -1
-1 -1
-1 -1
-1 -1
-1 -1
-1 -1
-1 -1
-1 -1
217 217
1074 1074
1605 1605
-1 -1
-1 -1
-1 -1
-1 -1
-1 -1
-1 -1
524 524
-1 -1
175 175
1494 1494
-1 -1
-1 -1
-1 -1
-1 -1
138 138
-1 -1
-1 -1
-1 -1
-1 -1
-1 -1
-1 -1
1751 1751
-1 -1
-1 -1
-1 -1
-1 -1
361 361
-1 -1
-1 -1
-1 -1
-1 -1
-1 -1
-1 -1
-1 -1
-1 -1
-1 -1
1457 1457
-1 -1
-1 -1
-1 -1
-1 -1
-1 -1
-1 -1
-1 -1
-1 -1
-1 -1
-1 -1
-1 -1
1090 1090
-1 -1
-1 -1
-1 -1
-1 -1
-1 -1
-1 -1
-1 -1
956 956
1149 1149
-1 -1
-1 -1
-1 -1
1511 1511
-1 -1
731 731
-1 -1
-1 -1
-1 -1
-1 -1
-1 -1
-1 -1
-1 -1
-1 -1
-1 -1
-1 -1
-1 -1
1551 1551
-1 -1
-1 -1
-1 -1
-1 -1
-1 -1
-1 -1
-1 -1
-1 -1
-1 -1
-1 -1
-1 -1
-1 -1
-1 -1
-1 -1
-1 -1
359 359
-1 -1
-1 -1
-1 -1
-1 -1
-1 -1
-1 -1
-1 -1
-1 -1
-1 -1
-1 -1
-1 -1
-1 -1
-1 -1
-1 -1
-1 -1
-1 -1
-1 -1
-1 -1
-1 -1
214 214
-1 -1
-1 -1
-1 -1
-1 -1
-1 -1
-1 -1
-1 -1
1906 1906
-1 -1
-1 -1
-1 -1
682 682
-1 -1
-1 -1
-1 -1
-1 -1
445 445
-1 -1
-1 -1
1759 1759
-1 -1
-1 -1
-1 -1
-1 -1
433 433
-1 -1
-1 -1
-1 -1
-1 -1
-1 -1
-1 -1
-1 -1
-1 -1
-1 -1
1729 1729
-1 -1
-1 -1
-1 -1
1147 1147
-1 -1
-1 -1
-1 -1
-1 -1
-1 -1
-1 -1
-1 -1
-1 -1
-1 -1
-1 -1
-1 -1
-1 -1
-1 -1
-1 -1
98 98
-1 -1
-1 -1
-1 -1
-1 -1
-1 -1
-1 -1
255 255
985 985
-1 -1
-1 -1
1286 1286
-1 -1
-1 -1
404 404
93 93
-1 -1
-1 -1
945 946
1580 1580
-1 -1
-1 -1
-1 -1
-1 -1
-1 -1
-1 -1
-1 -1
1433 1433
-1 -1
-1 -1
-1 -1
-1 -1
-1 -1
-1 -1
-1 -1
-1 -1
-1 -1
-1 -1
-1 -1
-1 -1
-1 -1
414 414
-1 -1
-1 -1
-1 -1
-1 -1
-1 -1
-1 -1
-1 -1
-1 -1
-1 -1
-1 -1
-1 -1
-1 -1
-1 -1
-1 -1
-1 -1
-1 -1
-1 -1
-1 -1
857 857
-1 -1
-1 -1
-1 -1
-1 -1
-1 -1
-1 -1
1798 1798
-1 -1
-1 -1
-1 -1
1779 1779
1006 1006
-1 -1
-1 -1
-1 -1
1197 1197
-1 -1
1140 1140
-1 -1
-1 -1
-1 -1
-1 -1
-1 -1
1421 1421
-1 -1
-1 -1
-1 -1
644 644
-1 -1
-1 -1
-1 -1
-1 -1
340 340
-1 -1
72 72
-1 -1
-1 -1
-1 -1
-1 -1
-1 -1
-1 -1
-1 -1
-1 -1
-1 -1
1244 1244
-1 -1
-1 -1
1386 1386
1484 1485
-1 -1
1140 1140
-1 -1
-1 -1
-1 -1
1101 1101
-1 -1
-1 -1
-1 -1
-1 -1
-1 -1
-1 -1
-1 -1
-1 -1
-1 -1
-1 -1
-1 -1
1101 1101
1742 1742
-1 -1
205 205
-1 -1
-1 -1
-1 -1
-1 -1
-1 -1
-1 -1
-1 -1
1788 1788
-1 -1
-1 -1
-1 -1
-1 -1
-1 -1
1571 1572
209 209
-1 -1
-1 -1
-1 -1
-1 -1
-1 -1
-1 -1
-1 -1
-1 -1
-1 -1
914 914
-1 -1
-1 -1
314 314
-1 -1
-1 -1
-1 -1
-1 -1
-1 -1
-1 -1
1493 1493
-1 -1
242 242
-1 -1
-1 -1
-1 -1
-1 -1
-1 -1
-1 -1
1654 1654
-1 -1
-1 -1
1311 1311
-1 -1
-1 -1
-1 -1
334 334
433 433
-1 -1
-1 -1
-1 -1
-1 -1
-1 -1
-1 -1
-1 -1
-1 -1
-1 -1
1451 1452
-1 -1
-1 -1
-1 -1
-1 -1
-1 -1
-1 -1
-1 -1
-1 -1
-1 -1
1254 1254
-1 -1
-1 -1
-1 -1
-1 -1
-1 -1
-1 -1
-1 -1
-1 -1
-1 -1
-1 -1
-1 -1
-1 -1
-1 -1
-1 -1
-1 -1
535 535
1266 1266
1053 1053
517 517
-1 -1
-1 -1
-1 -1
-1 -1
-1 -1
-1 -1
-1 -1
-1 -1
-1 -1
-1 -1
-1 -1
-1 -1
-1 -1
-1 -1
790 790
-1 -1
1581 1582
-1 -1
-1 -1
1071 1071
-1 -1
-1 -1
-1 -1
-1 -1
5 5
-1 -1
-1 -1
577 577
-1 -1
-1 -1
-1 -1
-1 -1
729 729
-1 -1
-1 -1
671 671
-1 -1
-1 -1
-1 -1
-1 -1
-1 -1
-1 -1
-1 -1
-1 -1
-1 -1
-1 -1
-1 -1
-1 -1
-1 -1
-1 -1
-1 -1
-1 -1
-1 -1
-1 -1
-1 -1
-1 -1
449 449
-1 -1
-1 -1
-1 -1
-1 -1
-1 -1
-1 -1
1001 1001
1387 1387
-1 -1
-1 -1
-1 -1
-1 -1
-1 -1
-1 -1
-1 -1
1563 1563
-1 -1
-1 -1
-1 -1
-1 -1
-1 -1
-1 -1
-1 -1
-1 -1
-1 -1
-1 -1
-1 -1
-1 -1
1213 1213
250 250
-1 -1
-1 -1
-1 -1
973 973
-1 -1
-1 -1
1406 1406
-1 -1
100 100
-1 -1
147 147
644 644
-1 -1
-1 -1
-1 -1
-1 -1
-1 -1
-1 -1
-1 -1
-1 -1
-1 -1
-1 -1
-1 -1
-1 -1
1078 1078
-1 -1
-1 -1
-1 -1
-1 -1
-1 -1
-1 -1
-1 -1
-1 -1
-1 -1
-1 -1
-1 -1
-1 -1
-1 -1
-1 -1
-1 -1
-1 -1
-1 -1
-1 -1
-1 -1
1953 1953
-1 -1
-1 -1
-1 -1
-1 -1
-1 -1
-1 -1
-1 -1
-1 -1
1524 1524
-1 -1
-1 -1
-1 -1
415 416
-1 -1
-1 -1
-1 -1
-1 -1
-1 -1
-1 -1
-1 -1
66 66
-1 -1
-1 -1
718 719
-1 -1
-1 -1
-1 -1
-1 -1
-1 -1
-1 -1
-1 -1
-1 -1
-1 -1
-1 -1
-1 -1
-1 -1
-1 -1
-1 -1
-1 -1
-1 -1
-1 -1
309 309
122 122
-1 -1
-1 -1
-1 -1
-1 -1
-1 -1
-1 -1
-1 -1
-1 -1
-1 -1
1196 1196
-1 -1
1141 1141
-1 -1
-1 -1
-1 -1
-1 -1
-1 -1
-1 -1
-1 -1
-1 -1
1943 1943
-1 -1
-1 -1
-1 -1
1342 1342
-1 -1
1295 1295
-1 -1
1066 1066
1497 1497
-1 -1
-1 -1
1694 1694
-1 -1
40 40
-1 -1
-1 -1
-1 -1
-1 -1
-1 -1
368 368
-1 -1
482 482
-1 -1
68 68
-1 -1
1956 1956
1211 1211
-1 -1
-1 -1
557 557
-1 -1
-1 -1
1884 1884
742 742
-1 -1
-1 -1
930 930
-1 -1
-1 -1
-1 -1
-1 -1
-1 -1
-1 -1
-1 -1
-1 -1
744 744
-1 -1
-1 -1
-1 -1
1422 1422
-1 -1
1353 1353
-1 -1
-1 -1
-1 -1
-1 -1
-1 -1
1380 1382
-1 -1
-1 -1
-1 -1
607 607
-1 -1
-1 -1
-1 -1
856 856
-1 -1
-1 -1
72 72
-1 -1
-1 -1
-1 -1
-1 -1
-1 -1
-1 -1
-1 -1
-1 -1
-1 -1
-1 -1
-1 -1
-1 -1
-1 -1
-1 -1
-1 -1
-1 -1
1724 1724
-1 -1
984 984
-1 -1
-1 -1
1687 1687
1472 1472
-1 -1
-1 -1
-1 -1
-1 -1
-1 -1
166 166
-1 -1
-1 -1
-1 -1
-1 -1
-1 -1
-1 -1
-1 -1
-1 -1
-1 -1
-1 -1
-1 -1
-1 -1
-1 -1
16 16
-1 -1
-1 -1
-1 -1
-1 -1
-1 -1
-1 -1
-1 -1
-1 -1
-1 -1
-1 -1
-1 -1
1384 1384
-1 -1
-1 -1
-1 -1
-1 -1
-1 -1
-1 -1
-1 -1
-1 -1
-1 -1
-1 -1
-1 -1
99 99
-1 -1
-1 -1
-1 -1
-1 -1
376 376
-1 -1
-1 -1
-1 -1
982 982
-1 -1
-1 -1
-1 -1
-1 -1
-1 -1
-1 -1
-1 -1
-1 -1
-1 -1
-1 -1
-1 -1
-1 -1
-1 -1
-1 -1
-1 -1
-1 -1
-1 -1
-1 -1
523 523
-1 -1
-1 -1
-1 -1
-1 -1
1827 1827
-1 -1
-1 -1
-1 -1
-1 -1
-1 -1
1745 1745
-1 -1
-1 -1
-1 -1
-1 -1
308 308
945 946
1434 1435
-1 -1
-1 -1
-1 -1
-1 -1
-1 -1
-1 -1
1498 1498
-1 -1
-1 -1
-1 -1
-1 -1
-1 -1
1632 1632
-1 -1
840 840
-1 -1
1319 1319
1761 1761
-1 -1
1258 1258
1174 1175
-1 -1
-1 -1
-1 -1
-1 -1
1086 1086
-1 -1
-1 -1
-1 -1
-1 -1
-1 -1
-1 -1
10 10
-1 -1
-1 -1
1981 1981
1050 1050
-1 -1
-1 -1
-1 -1
-1 -1
-1 -1
-1 -1
-1 -1
-1 -1
-1 -1
-1 -1
-1 -1
-1 -1
-1 -1
-1 -1
-1 -1
-1 -1
-1 -1
-1 -1
-1 -1
-1 -1
-1 -1
858 858
-1 -1
-1 -1
-1 -1
-1 -1
978 978
-1 -1
-1 -1
-1 -1
-1 -1
-1 -1
635 635
431 431
-1 -1
-1 -1
-1 -1
-1 -1
-1 -1
-1 -1
-1 -1
753 753
-1 -1
-1 -1
-1 -1
-1 -1
-1 -1
-1 -1
-1 -1
-1 -1
-1 -1
-1 -1
983 983
-1 -1
-1 -1
899 899
-1 -1
-1 -1
-1 -1
-1 -1
-1 -1
-1 -1
-1 -1
-1 -1
1911 1911
-1 -1
-1 -1
1909 1909
-1 -1
-1 -1
210 210
-1 -1
-1 -1
-1 -1
982 982
-1 -1
-1 -1
-1 -1
1474 1474
1881 1881
-1 -1
-1 -1
-1 -1
-1 -1
-1 -1
-1 -1
1969 1969
-1 -1
-1 -1
1847 1847
-1 -1
-1 -1
-1 -1
-1 -1
-1 -1
333 333
-1 -1
-1 -1
-1 -1
0 0
-1 -1
1751 1751
-1 -1
-1 -1
-1 -1
-1 -1
1737 1737
-1 -1
-1 -1
-1 -1
598 598
-1 -1
1318 1318
226 226
-1 -1
-1 -1
1068 1068
-1 -1
1787 1787
-1 -1
-1 -1
-1 -1
320 320
-1 -1
-1 -1
-1 -1
-1 -1
-1 -1
-1 -1
358 358
-1 -1
-1 -1
1588 1588
-1 -1
-1 -1
-1 -1
-1 -1
-1 -1
-1 -1
749 749
-1 -1
-1 -1
-1 -1
-1 -1
-1 -1
-1 -1
-1 -1
-1 -1
-1 -1
-1 -1
-1 -1
-1 -1
-1 -1
-1 -1
-1 -1
-1 -1
-1 -1
596 596
-1 -1
-1 -1
-1 -1
-1 -1
-1 -1
641 641
-1 -1
-1 -1
-1 -1
-1 -1
-1 -1
990 990
1937 1937
-1 -1
-1 -1
-1 -1
-1 -1
-1 -1
-1 -1
-1 -1
-1 -1
997 997
-1 -1
-1 -1
-1 -1
-1 -1
-1 -1
-1 -1
-1 -1
-1 -1
-1 -1
-1 -1
-1 -1
-1 -1
-1 -1
342 342
-1 -1
-1 -1
-1 -1
1081 1081
-1 -1
-1 -1
-1 -1
-1 -1
-1 -1
-1 -1
-1 -1
-1 -1
-1 -1
-1 -1
-1 -1
-1 -1
-1 -1
-1 -1
1845 1845
-1 -1
31 31
-1 -1
-1 -1
-1 -1
-1 -1
-1 -1
-1 -1
-1 -1
177 177
-1 -1
-1 -1
692 692
-1 -1
-1 -1
-1 -1
-1 -1
-1 -1
-1 -1
-1 -1
-1 -1
-1 -1
-1 -1
-1 -1
1786 1786
-1 -1
64 64
1635 1635
-1 -1
-1 -1
-1 -1
-1 -1
985 985
-1 -1
-1 -1
745 745
-1 -1
-1 -1
-1 -1
-1 -1
-1 -1
-1 -1
-1 -1
-1 -1
1324 1325
-1 -1
-1 -1
-1 -1
-1 -1
-1 -1
-1 -1
-1 -1
-1 -1
-1 -1
1637 1637
-1 -1
1137 1138
-1 -1
-1 -1
-1 -1
-1 -1
-1 -1
-1 -1
504 504
-1 -1
-1 -1
-1 -1
-1 -1
-1 -1
937 937
-1 -1
1791 1791
-1 -1
-1 -1
1813 1813
-1 -1
578 578
438 440
-1 -1
1647 1647
-1 -1
-1 -1
975 975
-1 -1
-1 -1
-1 -1
-1 -1
-1 -1
-1 -1
-1 -1
-1 -1
1885 1885
-1 -1
-1 -1
-1 -1
-1 -1
-1 -1
-1 -1
-1 -1
1879 1879
-1 -1
-1 -1
-1 -1
-1 -1
-1 -1
-1 -1
-1 -1
1371 1371
-1 -1
-1 -1
-1 -1
-1 -1
1859 1859
1103 1103
-1 -1
1014 1014
-1 -1
-1 -1
-1 -1
-1 -1
-1 -1
1864 1865
-1 -1
1536 1536
-1 -1
-1 -1
-1 -1
-1 -1
-1 -1
592 592
-1 -1
-1 -1
-1 -1
-1 -1
392 392
-1 -1
-1 -1
-1 -1
1625 1625
-1 -1
-1 -1
-1 -1
-1 -1
-1 -1
-1 -1
-1 -1
1362 1362
1429 1429
-1 -1
-1 -1
402 403
-1 -1
-1 -1
-1 -1
-1 -1
-1 -1
-1 -1
312 312
-1 -1
-1 -1
-1 -1
-1 -1
1954 1954
-1 -1
507 507
249 249
-1 -1
-1 -1
-1 -1
-1 -1
-1 -1
-1 -1
809 809
-1 -1
618 618
-1 -1
-1 -1
566 566
-1 -1
-1 -1
-1 -1
20 20
-1 -1
-1 -1
-1 -1
-1 -1
-1 -1
920 920
-1 -1
-1 -1
-1 -1
-1 -1
-1 -1
-1 -1
-1 -1
-1 -1
-1 -1
-1 -1
175 175
-1 -1
-1 -1
-1 -1
-1 -1
-1 -1
-1 -1
-1 -1
-1 -1
-1 -1
804 804
-1 -1
1223 1223
-1 -1
-1 -1
-1 -1
-1 -1
-1 -1
1534 1534
681 681
-1 -1
-1 -1
-1 -1
-1 -1
-1 -1
-1 -1
-1 -1
-1 -1
-1 -1
1530 1530
-1 -1
-1 -1
-1 -1
703 703
-1 -1
-1 -1
-1 -1
1786 1786
-1 -1
-1 -1
-1 -1
523 523
-1 -1
-1 -1
-1 -1
-1 -1
-1 -1
-1 -1
-1 -1
-1 -1
1938 1939
-1 -1
-1 -1
-1 -1
-1 -1
-1 -1
572 572
-1 -1
-1 -1
-1 -1
28 28
-1 -1
-1 -1
-1 -1
-1 -1
-1 -1
-1 -1
-1 -1
-1 -1
411 411
-1 -1
-1 -1
1207 1207
748 748
-1 -1
-1 -1
-1 -1
-1 -1
-1 -1
-1 -1
-1 -1
-1 -1
-1 -1
-1 -1
-1 -1
-1 -1
-1 -1
312 312
-1 -1
1849 1850
-1 -1
-1 -1
-1 -1
-1 -1
-1 -1
-1 -1
617 617
-1 -1
-1 -1
-1 -1
1922 1923
-1 -1
-1 -1
-1 -1
-1 -1
-1 -1
-1 -1
-1 -1
603 603
1526 1526
-1 -1
814 814
-1 -1
-1 -1
-1 -1
-1 -1
-1 -1
-1 -1
-1 -1
-1 -1
-1 -1
-1 -1
1104 1105
-1 -1
-1 -1
-1 -1
-1 -1
-1 -1
-1 -1
-1 -1
-1 -1
-1 -1
-1 -1
-1 -1
-1 -1
-1 -1
-1 -1
-1 -1
546 548
-1 -1
-1 -1
-1 -1
-1 -1
-1 -1
-1 -1
-1 -1
1740 1740
-1 -1
-1 -1
99 99
-1 -1
-1 -1
590 590
-1 -1
-1 -1
-1 -1
-1 -1
-1 -1
-1 -1
-1 -1
-1 -1
-1 -1
-1 -1
-1 -1
575 576
-1 -1
-1 -1
-1 -1
-1 -1
1460 1460
1024 1024
-1 -1
1527 1527
-1 -1
316 316
1074 1074
-1 -1
-1 -1
-1 -1
-1 -1
-1 -1
-1 -1
-1 -1
-1 -1
-1 -1
-1 -1
-1 -1
-1 -1
1453 1453
-1 -1
-1 -1
-1 -1
-1 -1
-1 -1
-1 -1
-1 -1
-1 -1
-1 -1
-1 -1
-1 -1
-1 -1
1383 1383
-1 -1
401 401
-1 -1
-1 -1
-1 -1
-1 -1
-1 -1
-1 -1
-1 -1
-1 -1
-1 -1
1620 1620
-1 -1
-1 -1
-1 -1
-1 -1
-1 -1
1275 1275
-1 -1
-1 -1
-1 -1
-1 -1
-1 -1
-1 -1
-1 -1
62 62
-1 -1
-1 -1
-1 -1
-1 -1
-1 -1
-1 -1
-1 -1
1834 1834
-1 -1
1298 1298
-1 -1
-1 -1
-1 -1
-1 -1
-1 -1
-1 -1
-1 -1
-1 -1
-1 -1
-1 -1
-1 -1
-1 -1
-1 -1
-1 -1
-1 -1
-1 -1
385 385
1864 1865
-1 -1
-1 -1
1062 1062
-1 -1
-1 -1
-1 -1
1630 1630
977 977
890 890
-1 -1
-1 -1
-1 -1
-1 -1
-1 -1
-1 -1
-1 -1
433 433
-1 -1
-1 -1
1364 1364
-1 -1
-1 -1
571 571
736 737
-1 -1
-1 -1
-1 -1
-1 -1
-1 -1
-1 -1
-1 -1
101 101
-1 -1
-1 -1
-1 -1
-1 -1
-1 -1
-1 -1
1410 1410
-1 -1
-1 -1
-1 -1
-1 -1
-1 -1
-1 -1
-1 -1
219 219
-1 -1
-1 -1
-1 -1
-1 -1
-1 -1
-1 -1
-1 -1
-1 -1
-1 -1
-1 -1
-1 -1
-1 -1
-1 -1
-1 -1
-1 -1
-1 -1
-1 -1
-1 -1
-1 -1
-1 -1
-1 -1
539 539
-1 -1
-1 -1
-1 -1
-1 -1
-1 -1
-1 -1
-1 -1
-1 -1
-1 -1
-1 -1
-1 -1
-1 -1
-1 -1
1185 1185
-1 -1
446 446
-1 -1
-1 -1
-1 -1
-1 -1
-1 -1
-1 -1
-1 -1
513 513
-1 -1
-1 -1
-1 -1
1489 1489
564 565
-1 -1
-1 -1
838 838
-1 -1
544 545
-1 -1
-1 -1
-1 -1
524 524
-1 -1
-1 -1
-1 -1
-1 -1
-1 -1
-1 -1
-1 -1
-1 -1
-1 -1
-1 -1
-1 -1
-1 -1
-1 -1
1260 1261
-1 -1
-1 -1
-1 -1
-1 -1
776 776
-1 -1
-1 -1
-1 -1
-1 -1
-1 -1
482 482
-1 -1
-1 -1
1793 1793
-1 -1
-1 -1
1369 1369
-1 -1
-1 -1
-1 -1
-1 -1
-1 -1
-1 -1
-1 -1
-1 -1
-1 -1
-1 -1
445 445
-1 -1
-1 -1
-1 -1
1983 1983
160 160
-1 -1
-1 -1
-1 -1
-1 -1
-1 -1
-1 -1
-1 -1
979 979
-1 -1
-1 -1
-1 -1
-1 -1
-1 -1
-1 -1
-1 -1
-1 -1
-1 -1
-1 -1
-1 -1
-1 -1
-1 -1
-1 -1
1848 1848
-1 -1
-1 -1
-1 -1
-1 -1
-1 -1
-1 -1
-1 -1
-1 -1
-1 -1
-1 -1
1501 1502
-1 -1
987 987
-1 -1
-1 -1
-1 -1
-1 -1
-1 -1
-1 -1
-1 -1
1043 1043
-1 -1
-1 -1
820 820
-1 -1
-1 -1
-1 -1
-1 -1
-1 -1
-1 -1
-1 -1
-1 -1
-1 -1
-1 -1
-1 -1
-1 -1
-1 -1
198 198
-1 -1
-1 -1
1849 1850
164 164
609 609
-1 -1
1492 1492
-1 -1
-1 -1
-1 -1
-1 -1
-1 -1
-1 -1
-1 -1
-1 -1
-1 -1
-1 -1
-1 -1
-1 -1
34 34
-1 -1
-1 -1
-1 -1
290 290
-1 -1
-1 -1
-1 -1
-1 -1
-1 -1
1071 1071
-1 -1
-1 -1
-1 -1
-1 -1
1326 1326
-1 -1
-1 -1
-1 -1
1298 1298
-1 -1
609 609
-1 -1
-1 -1
-1 -1
-1 -1
-1 -1
822 822
1953 1953
-1 -1
-1 -1
-1 -1
-1 -1
-1 -1
-1 -1
-1 -1
1907 1907
183 183
-1 -1
-1 -1
1049 1049
-1 -1
-1 -1
-1 -1
-1 -1
-1 -1
-1 -1
-1 -1
-1 -1
-1 -1
-1 -1
-1 -1
-1 -1
-1 -1
-1 -1
115 115
1599 1599
-1 -1
-1 -1
1654 1654
-1 -1
-1 -1
-1 -1
-1 -1
1646 1646
-1 -1
-1 -1
-1 -1
-1 -1
1588 1588
-1 -1
-1 -1
1394 1395
208 208
1597 1597
-1 -1
-1 -1
-1 -1
-1 -1
1148 1148
600 600
-1 -1
-1 -1
-1 -1
-1 -1
-1 -1
-1 -1
-1 -1
-1 -1
-1 -1
-1 -1
-1 -1
-1 -1
-1 -1
-1 -1
171 171
-1 -1
-1 -1
-1 -1
-1 -1
-1 -1
-1 -1
1468 1468
-1 -1
-1 -1
-1 -1
-1 -1
-1 -1
851 851
-1 -1
1321 1321
-1 -1
-1 -1
-1 -1
-1 -1
-1 -1
-1 -1
-1 -1
233 233
293 293
1004 1004
1602 1602
1919 1919
-1 -1
-1 -1
-1 -1
1416 1416
-1 -1
414 414
-1 -1
-1 -1
-1 -1
-1 -1
-1 -1
-1 -1
332 332
-1 -1
-1 -1
-1 -1
-1 -1
-1 -1
-1 -1
862 864
-1 -1
-1 -1
-1 -1
-1 -1
-1 -1
-1 -1
-1 -1
-1 -1
922 922
-1 -1
-1 -1
-1 -1
-1 -1
-1 -1
-1 -1
-1 -1
-1 -1
-1 -1
-1 -1
-1 -1
538 538
-1 -1
-1 -1
-1 -1
-1 -1
-1 -1
-1 -1
-1 -1
-1 -1
-1 -1
-1 -1
1179 1180
-1 -1
-1 -1
-1 -1
620 620
-1 -1
-1 -1
-1 -1
-1 -1
-1 -1
-1 -1
444 444
-1 -1
1681 1681
-1 -1
-1 -1
-1 -1
-1 -1
-1 -1
-1 -1
-1 -1
-1 -1
-1 -1
-1 -1
-1 -1
-1 -1
-1 -1
363 363
-1 -1
-1 -1
-1 -1
-1 -1
-1 -1
-1 -1
-1 -1
490 490
-1 -1
-1 -1
-1 -1
-1 -1
-1 -1
1269 1269
1422 1422
-1 -1
-1 -1
-1 -1
-1 -1
1817 1817
-1 -1
-1 -1
-1 -1
-1 -1
-1 -1
-1 -1
1830 1830
1280 1280
-1 -1
-1 -1
-1 -1
-1 -1
-1 -1
1155 1156
-1 -1
1983 1983
-1 -1
166 166
-1 -1
-1 -1
338 338
-1 -1
-1 -1
152 152
-1 -1
-1 -1
-1 -1
-1 -1
-1 -1
-1 -1
-1 -1
-1 -1
452 452
-1 -1
-1 -1
297 297
-1 -1
-1 -1
-1 -1
-1 -1
-1 -1
-1 -1
-1 -1
-1 -1
-1 -1
-1 -1
-1 -1
1256 1257
-1 -1
-1 -1
-1 -1
-1 -1
-1 -1
-1 -1
-1 -1
1205 1205
-1 -1
-1 -1
-1 -1
-1 -1
-1 -1
1146 1146
-1 -1
-1 -1
-1 -1
-1 -1
-1 -1
-1 -1
887 888
-1 -1
-1 -1
-1 -1
1695 1695
-1 -1
-1 -1
-1 -1
-1 -1
-1 -1
-1 -1
-1 -1
452 452
-1 -1
-1 -1
-1 -1
-1 -1
-1 -1
1593 1593
-1 -1
-1 -1
-1 -1
-1 -1
-1 -1
-1 -1
-1 -1
-1 -1
-1 -1
-1 -1
852 852
-1 -1
187 187
-1 -1
-1 -1
572 572
-1 -1
-1 -1
-1 -1
-1 -1
-1 -1
-1 -1
340 340
418 418
-1 -1
-1 -1
-1 -1
-1 -1
-1 -1
-1 -1
-1 -1
258 258
1184 1184
-1 -1
465 465
1140 1140
-1 -1
346 346
-1 -1
-1 -1
-1 -1
-1 -1
-1 -1
-1 -1
-1 -1
-1 -1
-1 -1
-1 -1
-1 -1
-1 -1
-1 -1
250 250
-1 -1
-1 -1
-1 -1
-1 -1
-1 -1
59 59
-1 -1
-1 -1
640 640
-1 -1
-1 -1
-1 -1
-1 -1
-1 -1
-1 -1
-1 -1
-1 -1
-1 -1
-1 -1
-1 -1
-1 -1
-1 -1
-1 -1
-1 -1
-1 -1
-1 -1
-1 -1
-1 -1
-1 -1
1910 1910
-1 -1
-1 -1
-1 -1
-1 -1
-1 -1
1283 1283
1203 1203
-1 -1
-1 -1
-1 -1
-1 -1
-1 -1
420 420
-1 -1
-1 -1
-1 -1
-1 -1
-1 -1
-1 -1
-1 -1
-1 -1
-1 -1
-1 -1
-1 -1
-1 -1
1377 1377
-1 -1
-1 -1
