6858 6858
2966 2967
-1 -1
7927 7928
5828 5829
7908 7912
2810 2810
-1 -1
4370 4370
1425 1429
4394 4394
8861 8862
4020 4021
-1 -1
7646 7646
4206 4206
537 537
4043 4044
4132 4132
4062 4062
9204 9204
6017 6018
-1 -1
2883 2884
3551 3551
3182 3182
4184 4184
-1 -1
4339 4339
-1 -1
6939 6940
-1 -1
-1 -1
-1 -1
8955 8955
4251 4251
106 106
232 232
2234 2235
-1 -1
-1 -1
8107 8108
-1 -1
3854 3855
9375 9375
-1 -1
6683 6683
3402 3402
-1 -1
7305 7307
7651 7651
7648 7648
7927 7928
-1 -1
9167 9167
9560 9561
-1 -1
6829 6829
4519 4519
1871 1871
5833 5833
9303 9303
4600 4600
8481 8482
5260 5260
8894 8894
9557 9557
-1 -1
-1 -1
7203 7203
-1 -1
-1 -1
-1 -1
-1 -1
9627 9627
7447 7448
-1 -1
9141 9141
7588 7588
8378 8378
9447 9448
9016 9016
4416 4418
2784 2784
6359 6361
6308 6308
6715 6715
1630 1630
-1 -1
374 374
-1 -1
2666 2666
-1 -1
3808 3808
-1 -1
7942 7942
8240 8241
6076 6076
-1 -1
4377 4377
4147 4147
-1 -1
3788 3790
-1 -1
4809 4810
2441 2441
9060 9060
7418 7419
-1 -1
2023 2023
6268 6270
9640 9640
4905 4906
8387 8388
-1 -1
9372 9373
2150 2150
6321 6321
352 352
9660 9662
-1 -1
9428 9428
8908 8908
6014 6015
7906 7907
6392 6392
8205 8207
3360 3360
5115 5117
6251 6251
9440 9441
958 960
2460 2462
4050 4051
1158 1158
7461 7461
8845 8845
6933 6933
-1 -1
7373 7375
3396 3397
3228 3231
-1 -1
-1 -1
1500 1500
9911 9912
8760 8761
-1 -1
5438 5438
-1 -1
1948 1949
5671 5671
2394 2394
5517 5518
4868 4868
6566 6567
7121 7122
9254 9255
8632 8632
961 961
4244 4244
-1 -1
1085 1085
4500 4500
4066 4067
8363 8364
3727 3727
7164 7166
7644 7644
8641 8642
-1 -1
-1 -1
9052 9054
9335 9335
-1 -1
9771 9772
1000 1001
721 722
5337 5338
9642 9642
-1 -1
-1 -1
8853 8853
-1 -1
1656 1656
7442 7443
4134 4135
3728 3728
8114 8114
6658 6659
7842 7844
6579 6579
670 670
7116 7116
-1 -1
4277 4277
2269 2269
-1 -1
9329 9329
-1 -1
7730 7730
-1 -1
-1 -1
-1 -1
274 274
1321 1321
2745 2745
3933 3934
-1 -1
3214 3214
-1 -1
2909 2909
3695 3695
-1 -1
9891 9891
9094 9094
9578 9579
7039 7039
5395 5395
541 542
6987 6987
1926 1927
8097 8097
8693 8693
4851 4851
-1 -1
8500 8500
9240 9240
-1 -1
2044 2045
2758 2758
-1 -1
7927 7928
618 618
6570 6570
-1 -1
3336 3344
4745 4745
-1 -1
8005 8005
9468 9468
-1 -1
7487 7487
6685 6685
81 81
-1 -1
7413 7413
4643 4643
9119 9122
3328 3332
1805 1805
1885 1885
-1 -1
8434 8434
-1 -1
9016 9016
-1 -1
-1 -1
-1 -1
7528 7529
315 315
-1 -1
5499 5499
7162 7162
2441 2441
6743 6744
9914 9914
-1 -1
5368 5369
4701 4701
-1 -1
3089 3089
7632 7637
3528 3529
4483 4483
-1 -1
-1 -1
-1 -1
-1 -1
-1 -1
6580 6580
-1 -1
-1 -1
-1 -1
7080 7080
-1 -1
-1 -1
-1 -1
-1 -1
-1 -1
-1 -1
-1 -1
1082 1083
9433 9433
8747 8747
-1 -1
-1 -1
-1 -1
-1 -1
5715 5715
2752 2752
-1 -1
4444 4444
1784 1784
4319 4321
-1 -1
4786 4786
9175 9175
-1 -1
5253 5253
143 143
131 131
4355 4355
-1 -1
1505 1505
4407 4407
4753 4753
1375 1375
-1 -1
40 41
4894 4895
53 54
4038 4038
-1 -1
2388 2388
8705 8705
4125 4126
1951 1951
4990 4990
-1 -1
3828 3829
-1 -1
-1 -1
7526 7526
-1 -1
350 350
-1 -1
6442 6442
3816 3818
8014 8014
-1 -1
9493 9493
1295 1295
-1 -1
1002 1002
1491 1491
5877 5878
-1 -1
-1 -1
-1 -1
3668 3668
4987 4988
6617 6619
-1 -1
9390 9390
-1 -1
8532 8534
6732 6732
9346 9346
9196 9196
9929 9929
2838 2838
-1 -1
7438 7438
5873 5873
3901 3901
7180 7180
2493 2493
4901 4902
-1 -1
5311 5313
1421 1421
1066 1067
-1 -1
3264 3264
5433 5433
5876 5876
5044 5046
-1 -1
1596 1597
4620 4620
9407 9407
8034 8036
3617 3621
5131 5132
7979 7979
-1 -1
320 320
2265 2265
-1 -1
-1 -1
4275 4276
-1 -1
-1 -1
-1 -1
-1 -1
4259 4259
9412 9412
7879 7879
-1 -1
7504 7505
-1 -1
6200 6202
-1 -1
1662 1664
-1 -1
-1 -1
5163 5163
6786 6787
-1 -1
-1 -1
7119 7119
9266 9268
7956 7956
-1 -1
1162 1162
2886 2887
6162 6163
8690 8690
3291 3292
1765 1765
-1 -1
9000 9001
9965 9965
-1 -1
-1 -1
4859 4859
5962 5962
7856 7859
6005 6005
-1 -1
2236 2237
7299 7299
-1 -1
5835 5836
2513 2514
-1 -1
2310 2312
-1 -1
-1 -1
3580 3581
4151 4152
-1 -1
2580 2581
-1 -1
53 54
3755 3755
-1 -1
2065 2067
-1 -1
7763 7763
6846 6846
-1 -1
36 36
-1 -1
6116 6116
-1 -1
1645 1646
-1 -1
7410 7410
14 17
-1 -1
-1 -1
8796 8796
-1 -1
4629 4629
4901 4902
4318 4318
5277 5278
5596 5596
-1 -1
3655 3655
5582 5582
5828 5829
3985 3987
4794 4794
-1 -1
-1 -1
5417 5417
8284 8284
-1 -1
-1 -1
8583 8584
6178 6180
-1 -1
2355 2355
-1 -1
5925 5925
-1 -1
8516 8516
7297 7297
3168 3168
924 924
-1 -1
8121 8121
1622 1623
7808 7808
1969 1971
2578 2579
5437 5437
-1 -1
5386 5386
-1 -1
1375 1375
1792 1793
5467 5469
5743 5743
9162 9162
7640 7640
8272 8275
-1 -1
3646 3646
-1 -1
1495 1495
1624 1625
5449 5449
-1 -1
-1 -1
-1 -1
-1 -1
7366 7366
-1 -1
4979 4979
-1 -1
-1 -1
-1 -1
915 915
359 359
-1 -1
-1 -1
-1 -1
4183 4183
-1 -1
3885 3885
-1 -1
-1 -1
-1 -1
3822 3826
4564 4564
9262 9262
4502 4502
5115 5117
7074 7074
-1 -1
2143 2143
4662 4662
6788 6788
720 720
732 732
1801 1804
-1 -1
6404 6404
339 340
2396 2396
6768 6768
6923 6923
3024 3026
2604 2605
8723 8723
2777 2779
1730 1730
747 747
523 524
8313 8313
7288 7288
9746 9746
-1 -1
3089 3089
3427 3427
9743 9743
494 494
4451 4452
2803 2803
9726 9726
1800 1800
8456 8458
9246 9247
9733 9734
-1 -1
6914 6914
183 185
4887 4887
3360 3360
1293 1293
9565 9565
-1 -1
5606 5606
1555 1555
-1 -1
-1 -1
6451 6451
2905 2906
2974 2975
-1 -1
-1 -1
-1 -1
-1 -1
705 705
9573 9573
-1 -1
1379 1379
-1 -1
6527 6528
5383 5384
4238 4238
8617 8617
-1 -1
5896 5896
1711 1713
6708 6708
2187 2188
-1 -1
-1 -1
3505 3505
3893 3893
6014 6015
-1 -1
-1 -1
6296 6299
8655 8655
3860 3860
7653 7653
7747 7747
-1 -1
1197 1197
-1 -1
3686 3686
-1 -1
67 67
-1 -1
567 568
4872 4873
312 312
2721 2721
3515 3517
-1 -1
1122 1123
2523 2523
4501 4501
4997 4997
-1 -1
8309 8310
8967 8969
6612 6612
4233 4234
5425 5425
-1 -1
81 81
-1 -1
6454 6454
3890 3890
487 489
-1 -1
-1 -1
-1 -1
198 198
-1 -1
6065 6065
1984 1987
-1 -1
3545 3545
196 197
9346 9346
-1 -1
9541 9541
5843 5843
-1 -1
9808 9811
-1 -1
2092 2093
4099 4099
8705 8705
1438 1440
9915 9915
-1 -1
-1 -1
784 784
5145 5146
2266 2266
4944 4944
4484 4485
6530 6531
7259 7259
2668 2668
8765 8766
-1 -1
3937 3937
2753 2753
3190 3192
2020 2020
8227 8227
-1 -1
-1 -1
-1 -1
7187 7187
4542 4542
4147 4147
2789 2790
4064 4064
-1 -1
-1 -1
3959 3959
9408 9409
4398 4398
-1 -1
9218 9218
475 476
3355 3356
-1 -1
-1 -1
1162 1162
9514 9516
9026 9026
7369 7369
7311 7311
3153 3153
5427 5427
-1 -1
6827 6828
563 564
-1 -1
-1 -1
4623 4623
-1 -1
-1 -1
2937 2938
2567 2569
5711 5711
4150 4150
4219 4220
5974 5974
3787 3787
4263 4263
1825 1826
-1 -1
4908 4908
-1 -1
6020 6022
4877 4878
365 365
3203 3203
-1 -1
7059 7059
2092 2093
6932 6932
8868 8872
240 240
-1 -1
-1 -1
4833 4833
6098 6099
7119 7119
3013 3014
8640 8640
-1 -1
4389 4389
4551 4551
9973 9973
-1 -1
7522 7522
2926 2926
-1 -1
7267 7268
-1 -1
-1 -1
4607 4607
-1 -1
-1 -1
8378 8378
7197 7197
4381 4381
-1 -1
7780 7782
7418 7419
-1 -1
565 566
1885 1885
-1 -1
2970 2970
8163 8164
1457 1458
-1 -1
4901 4902
-1 -1
7975 7977
633 634
-1 -1
5265 5268
5304 5304
-1 -1
7292 7293
2030 2030
2085 2086
8173 8174
2882 2882
-1 -1
6336 6336
8972 8972
3449 3449
2264 2264
851 852
9311 9311
-1 -1
-1 -1
6030 6031
3675 3676
6975 6975
-1 -1
-1 -1
9783 9783
7967 7967
5814 5814
6214 6214
8055 8055
-1 -1
4695 4695
-1 -1
6805 6805
5890 5890
3664 3664
4156 4156
-1 -1
9224 9224
3544 3544
957 957
4403 4405
7487 7487
6860 6861
-1 -1
9331 9332
3205 3205
2436 2436
3016 3016
9240 9240
-1 -1
7260 7260
-1 -1
2056 2057
5854 5855
3613 3614
-1 -1
-1 -1
5880 5881
-1 -1
2489 2489
-1 -1
6421 6421
6402 6402
-1 -1
298 298
1861 1861
9723 9723
-1 -1
4995 4995
5530 5530
8209 8209
8844 8844
274 274
3595 3595
6207 6207
1177 1177
4147 4147
-1 -1
-1 -1
4357 4360
-1 -1
487 489
2803 2803
4039 4039
1111 1115
9817 9817
-1 -1
1397 1397
6709 6709
6711 6713
6106 6107
-1 -1
4456 4457
-1 -1
6818 6818
-1 -1
3376 3376
1942 1942
-1 -1
1741 1741
-1 -1
-1 -1
7915 7917
2412 2413
1853 1853
8802 8803
7668 7669
9605 9607
2305 2305
2837 2837
-1 -1
1922 1922
339 340
1775 1775
815 815
6436 6436
4846 4847
-1 -1
-1 -1
5536 5536
-1 -1
-1 -1
8459 8460
5374 5374
4503 4503
-1 -1
5828 5829
2351 2351
616 617
765 766
-1 -1
6098 6099
5984 5986
-1 -1
3439 3440
-1 -1
7577 7577
241 244
-1 -1
6921 6922
7 7
1031 1031
-1 -1
1443 1444
8113 8113
-1 -1
8656 8656
8975 8975
2829 2829
-1 -1
-1 -1
3376 3376
-1 -1
9095 9095
-1 -1
8748 8750
-1 -1
-1 -1
4214 4215
3070 3070
7774 7774
5995 5995
9943 9943
567 568
972 972
-1 -1
-1 -1
-1 -1
7037 7037
3094 3096
-1 -1
-1 -1
4756 4756
-1 -1
604 609
7970 7970
8094 8095
7085 7088
5290 5290
-1 -1
-1 -1
-1 -1
1546 1546
5172 5173
-1 -1
-1 -1
-1 -1
-1 -1
8523 8525
2464 2464
3359 3359
21 21
-1 -1
-1 -1
-1 -1
-1 -1
-1 -1
-1 -1
8253 8253
-1 -1
9981 9981
3584 3584
7848 7849
7743 7743
6684 6684
5974 5974
2033 2033
1074 1075
1291 1291
3567 3567
4859 4859
3505 3505
374 374
-1 -1
8944 8944
3246 3246
1471 1471
6185 6185
5339 5339
-1 -1
5140 5142
860 861
-1 -1
7904 7904
975 975
7885 7885
1506 1506
6755 6758
3151 3151
887 889
2320 2321
-1 -1
3937 3937
-1 -1
1845 1845
9553 9554
8096 8096
6537 6538
-1 -1
4344 4344
8408 8408
903 903
5580 5581
-1 -1
1050 1051
-1 -1
-1 -1
2495 2495
9071 9071
-1 -1
4236 4236
8726 8727
1070 1070
6613 6614
7868 7868
-1 -1
7507 7507
1422 1423
3622 3622
3862 3862
-1 -1
-1 -1
-1 -1
-1 -1
1422 1423
4455 4455
3914 3914
-1 -1
-1 -1
9220 9220
-1 -1
6701 6701
421 421
3164 3165
2897 2899
77 78
7550 7550
-1 -1
2702 2702
-1 -1
3604 3604
-1 -1
6159 6159
8045 8045
-1 -1
-1 -1
-1 -1
-1 -1
5106 5106
-1 -1
5979 5979
1094 1095
4557 4560
-1 -1
-1 -1
-1 -1
9043 9043
5418 5419
-1 -1
1754 1755
4640 4640
2096 2096
2411 2411
3538 3538
1585 1587
8009 8010
3510 3510
1776 1776
-1 -1
6667 6667
-1 -1
9931 9933
4118 4118
3039 3040
5500 5503
-1 -1
6840 6843
-1 -1
-1 -1
2997 2998
7969 7969
7151 7152
-1 -1
36 36
4138 4139
7836 7836
-1 -1
-1 -1
6899 6899
-1 -1
2651 2652
8578 8579
7931 7934
-1 -1
1959 1959
366 366
8019 8020
9982 9983
1798 1798
66 66
-1 -1
-1 -1
7138 7138
4082 4083
1828 1828
7958 7958
6602 6602
-1 -1
7592 7592
2218 2220
-1 -1
-1 -1
2228 2228
4025 4025
6615 6616
1006 1006
3992 3994
-1 -1
-1 -1
-1 -1
-1 -1
7927 7928
8949 8950
139 139
6454 6454
4244 4244
-1 -1
-1 -1
5060 5062
-1 -1
152 152
354 357
-1 -1
8462 8463
9317 9317
4189 4189
5551 5554
8667 8667
-1 -1
5250 5250
8953 8954
3423 3423
5185 5185
-1 -1
4891 4891
-1 -1
-1 -1
-1 -1
4080 4080
2366 2366
-1 -1
3891 3891
8997 8997
8055 8055
-1 -1
1656 1656
761 761
8322 8322
4353 4353
7199 7199
6564 6565
7918 7918
4363 4363
5685 5686
2774 2774
6866 6866
3478 3478
2449 2451
-1 -1
6529 6529
7221 7221
-1 -1
-1 -1
-1 -1
690 690
-1 -1
8294 8295
6412 6412
9963 9963
-1 -1
1047 1048
2050 2052
3081 3081
-1 -1
8205 8207
1198 1198
-1 -1
4816 4816
-1 -1
4013 4014
9633 9634
-1 -1
4916 4916
9449 9449
1354 1355
6780 6780
-1 -1
-1 -1
8729 8730
8657 8657
9934 9936
4218 4218
1650 1652
-1 -1
9411 9411
3123 3128
-1 -1
6849 6849
603 603
-1 -1
2016 2017
-1 -1
-1 -1
4222 4223
9901 9902
-1 -1
217 218
7259 7259
9278 9279
1640 1644
-1 -1
4199 4200
-1 -1
9640 9640
-1 -1
5778 5779
5345 5346
1618 1619
-1 -1
5621 5621
-1 -1
-1 -1
-1 -1
-1 -1
3849 3850
8702 8702
7845 7845
3450 3452
-1 -1
-1 -1
-1 -1
9952 9952
-1 -1
5876 5876
1718 1718
6454 6454
-1 -1
835 835
-1 -1
3590 3590
6769 6769
5126 5127
1483 1483
6431 6431
5529 5529
8437 8439
6961 6964
6683 6683
-1 -1
-1 -1
8120 8120
7396 7396
4183 4183
1373 1373
5337 5338
820 820
7385 7386
-1 -1
6579 6579
-1 -1
9380 9380
416 416
3908 3908
3690 3691
2621 2621
1825 1826
7353 7353
-1 -1
5987 5987
-1 -1
48 48
9562 9562
851 852
-1 -1
-1 -1
-1 -1
2952 2952
2150 2150
2416 2416
-1 -1
3323 3325
3094 3096
4716 4717
2252 2252
9493 9493
-1 -1
3203 3203
7985 7986
6200 6202
2496 2496
7426 7428
2373 2374
-1 -1
3315 3315
-1 -1
6305 6305
3520 3520
-1 -1
1417 1417
5221 5221
-1 -1
-1 -1
-1 -1
2406 2406
5991 5991
4526 4526
-1 -1
3375 3375
-1 -1
1816 1817
9189 9189
1212 1212
4397 4397
899 899
2933 2934
1050 1051
2306 2307
3879 3880
-1 -1
-1 -1
-1 -1
7864 7864
9759 9760
8025 8025
6885 6885
8224 8224
-1 -1
-1 -1
-1 -1
8605 8605
-1 -1
-1 -1
-1 -1
-1 -1
6307 6307
9931 9933
718 719
-1 -1
4006 4006
-1 -1
-1 -1
5873 5873
195 195
-1 -1
5802 5802
9065 9065
1338 1338
4630 4630
9372 9373
3588 3589
8561 8561
9302 9302
7983 7984
748 749
-1 -1
770 770
8226 8226
5006 5006
-1 -1
986 986
2930 2930
5325 5327
7279 7279
-1 -1
-1 -1
-1 -1
3361 3361
9521 9522
7151 7152
-1 -1
8523 8525
6639 6639
1098 1102
4579 4579
-1 -1
2340 2341
-1 -1
3409 3409
4956 4958
-1 -1
-1 -1
5258 5259
5290 5290
7542 7542
9823 9824
9907 9907
-1 -1
7640 7640
3717 3719
6953 6956
-1 -1
4197 4198
7282 7282
-1 -1
-1 -1
6167 6167
9480 9480
-1 -1
8757 8759
7714 7714
7538 7538
-1 -1
8738 8738
9203 9203
7714 7714
2642 2643
-1 -1
5912 5912
1126 1128
2157 2158
8297 8297
1562 1562
6183 6184
-1 -1
6230 6230
1692 1692
1158 1158
-1 -1
6097 6097
9383 9383
-1 -1
-1 -1
-1 -1
-1 -1
-1 -1
4953 4954
-1 -1
-1 -1
3034 3034
6102 6102
3814 3814
7336 7336
1561 1561
5751 5751
-1 -1
5532 5533
-1 -1
2326 2326
1064 1064
97 97
9898 9898
5247 5247
-1 -1
2231 2231
-1 -1
-1 -1
1229 1229
2889 2896
5951 5951
1330 1331
5208 5208
-1 -1
1425 1429
5219 5219
5696 5696
-1 -1
8293 8293
4684 4684
-1 -1
3016 3016
7051 7051
6827 6828
1875 1877
7253 7254
-1 -1
4687 4693
9475 9476
1837 1837
8494 8494
-1 -1
-1 -1
-1 -1
-1 -1
-1 -1
9709 9709
-1 -1
-1 -1
8720 8722
7736 7736
6428 6429
6063 6063
-1 -1
9251 9251
9216 9216
7037 7037
-1 -1
-1 -1
-1 -1
5504 5505
-1 -1
8009 8010
2426 2429
-1 -1
9068 9068
-1 -1
-1 -1
1053 1053
4504 4505
9174 9174
1119 1119
-1 -1
-1 -1
8578 8579
7431 7431
4243 4243
9514 9516
4434 4436
7871 7871
-1 -1
3047 3049
7868 7868
4547 4547
-1 -1
3019 3020
-1 -1
4063 4063
3697 3699
-1 -1
5790 5791
-1 -1
-1 -1
3352 3353
-1 -1
-1 -1
7285 7285
-1 -1
3958 3958
9301 9301
4743 4743
-1 -1
6760 6764
-1 -1
9004 9007
7357 7357
8578 8579
-1 -1
-1 -1
1319 1319
-1 -1
-1 -1
4573 4574
1763 1764
2695 2695
8355 8356
1178 1179
-1 -1
-1 -1
7411 7411
2596 2596
6596 6596
9245 9245
1789 1789
1501 1501
14 17
7567 7567
4685 4685
8165 8166
2728 2728
4573 4574
-1 -1
-1 -1
4415 4415
2673 2674
2398 2398
1738 1738
7670 7670
1552 1552
9281 9281
5323 5323
1819 1821
9628 9628
7728 7728
-1 -1
-1 -1
5257 5257
-1 -1
1719 1721
2832 2832
-1 -1
7269 7269
4003 4005
2365 2365
2042 2042
4148 4149
4231 4231
3656 3656
-1 -1
2635 2636
9274 9274
5611 5611
9710 9710
8514 8514
1251 1251
4241 4242
-1 -1
8309 8310
4030 4031
-1 -1
7942 7942
59 59
-1 -1
5258 5259
5013 5013
-1 -1
-1 -1
7361 7364
4355 4355
-1 -1
4897 4898
-1 -1
2135 2136
3576 3577
-1 -1
7406 7406
6389 6389
5895 5895
1863 1863
-1 -1
3143 3143
6602 6602
1211 1211
-1 -1
2269 2269
-1 -1
2346 2346
7308 7308
4250 4250
-1 -1
1714 1715
6850 6850
-1 -1
7157 7157
-1 -1
-1 -1
-1 -1
9988 9988
-1 -1
-1 -1
4530 4531
4594 4594
4205 4205
6845 6845
4975 4975
8951 8951
-1 -1
2497 2498
-1 -1
5754 5754
5980 5980
6883 6883
7125 7125
-1 -1
4413 4413
3664 3664
4342 4342
9097 9098
7522 7522
-1 -1
9339 9340
6464 6464
-1 -1
8516 8516
-1 -1
-1 -1
-1 -1
6048 6048
5489 5489
2038 2039
1850 1850
-1 -1
-1 -1
181 182
-1 -1
4727 4728
4138 4139
-1 -1
5332 5333
4115 4115
4111 4111
-1 -1
-1 -1
-1 -1
9911 9912
-1 -1
-1 -1
7951 7952
7024 7024
8801 8801
9126 9129
5639 5640
2882 2882
-1 -1
-1 -1
4397 4397
1058 1059
4842 4842
2699 2699
6934 6934
8280 8280
5287 5288
2699 2699
5858 5858
4283 4285
9704 9707
6505 6505
3070 3070
3647 3651
9357 9357
1387 1387
-1 -1
9059 9059
-1 -1
5838 5841
3074 3074
3382 3382
1706 1706
1914 1914
-1 -1
-1 -1
-1 -1
3505 3505
9890 9890
7179 7179
2585 2586
5124 5125
-1 -1
745 745
3863 3863
-1 -1
-1 -1
2641 2641
-1 -1
-1 -1
-1 -1
9052 9054
5054 5054
-1 -1
-1 -1
2384 2384
5251 5252
6903 6903
3467 3470
-1 -1
6589 6591
-1 -1
-1 -1
10 12
388 388
299 300
9915 9915
-1 -1
-1 -1
-1 -1
6698 6699
-1 -1
2097 2097
6041 6041
7562 7563
6529 6529
4626 4627
7490 7490
-1 -1
-1 -1
-1 -1
4374 4374
3057 3057
9171 9171
-1 -1
1702 1703
6075 6075
6227 6227
4704 4705
4424 4425
5908 5911
9981 9981
-1 -1
-1 -1
809 809
9228 9229
2488 2488
-1 -1
1787 1788
-1 -1
-1 -1
6795 6795
7286 7286
1880 1881
9112 9112
525 526
4484 4485
8314 8314
9192 9192
338 338
3707 3707
6733 6734
9700 9702
-1 -1
2845 2845
-1 -1
6769 6769
6173 6174
4193 4195
-1 -1
6865 6865
-1 -1
3073 3073
-1 -1
-1 -1
8896 8896
1630 1630
5124 5125
668 668
5474 5474
3175 3175
9239 9239
-1 -1
4567 4567
-1 -1
1287 1287
-1 -1
6986 6986
6635 6637
-1 -1
-1 -1
-1 -1
1084 1084
6178 6180
6909 6910
234 237
-1 -1
-1 -1
9253 9253
6995 6997
7347 7347
2293 2293
-1 -1
1313 1313
9014 9014
-1 -1
7514 7515
9000 9001
-1 -1
6445 6445
6683 6683
1314 1314
1188 1189
-1 -1
8139 8140
7461 7461
4808 4808
-1 -1
-1 -1
-1 -1
9430 9431
-1 -1
-1 -1
971 971
-1 -1
-1 -1
6844 6844
9306 9307
-1 -1
-1 -1
-1 -1
8127 8128
2033 2033
7581 7581
3459 3459
7662 7662
-1 -1
-1 -1
-1 -1
2198 2198
9424 9425
1880 1881
-1 -1
-1 -1
6481 6481
8440 8440
4538 4538
4620 4620
1151 1152
4408 4408
1655 1655
-1 -1
309 309
2459 2459
-1 -1
4069 4069
4896 4896
8352 8352
9503 9503
1252 1255
5106 5106
-1 -1
1274 1274
-1 -1
3697 3699
3166 3167
5773 5774
7394 7395
5201 5201
576 576
8092 8093
4816 4816
5803 5803
9176 9176
-1 -1
3455 3455
7577 7577
-1 -1
3752 3753
-1 -1
5560 5560
9643 9644
5147 5147
9712 9713
3890 3890
4897 4898
-1 -1
4347 4349
2094 2094
-1 -1
-1 -1
1442 1442
-1 -1
4147 4147
-1 -1
98 98
4001 4001
-1 -1
8922 8922
6640 6641
4462 4463
7897 7898
-1 -1
5608 5608
8383 8383
5685 5686
1872 1872
-1 -1
4818 4821
5792 5793
3985 3987
5885 5885
176 176
4805 4805
-1 -1
3494 3494
7639 7639
-1 -1
742 742
8905 8905
-1 -1
1015 1016
232 232
6899 6899
-1 -1
2164 2164
-1 -1
4710 4710
9064 9064
-1 -1
-1 -1
-1 -1
9514 9516
9311 9311
9575 9576
602 602
4030 4031
4248 4248
-1 -1
-1 -1
-1 -1
-1 -1
-1 -1
2347 2347
-1 -1
4807 4807
8880 8882
4088 4089
9303 9303
-1 -1
-1 -1
2303 2304
8440 8440
4147 4147
4422 4422
3917 3917
4629 4629
-1 -1
5086 5088
-1 -1
8898 8900
8735 8737
-1 -1
9906 9906
2580 2581
-1 -1
2218 2220
2619 2620
-1 -1
3299 3301
-1 -1
-1 -1
1832 1833
8038 8039
440 440
3658 3658
6155 6155
8407 8407
1111 1115
1696 1697
506 507
-1 -1
5172 5173
-1 -1
-1 -1
5096 5096
8104 8104
1403 1403
4952 4952
-1 -1
9493 9493
6478 6478
6367 6369
-1 -1
2130 2130
-1 -1
4178 4180
511 511
4788 4790
-1 -1
6141 6141
7815 7815
2169 2171
9201 9201
-1 -1
2622 2626
7832 7832
7238 7238
-1 -1
-1 -1
3903 3903
6250 6250
8816 8818
5221 5221
1473 1474
1605 1605
1165 1166
6239 6239
3675 3676
1002 1002
2952 2952
-1 -1
-1 -1
3321 3322
-1 -1
-1 -1
4378 4378
8034 8036
9510 9510
2955 2955
8226 8226
7729 7729
-1 -1
3731 3732
5790 5791
6075 6075
8210 8210
4704 4705
-1 -1
630 631
-1 -1
-1 -1
7812 7813
6399 6399
7827 7828
4378 4378
-1 -1
9060 9060
9615 9616
192 192
6430 6430
8973 8973
5064 5064
3510 3510
-1 -1
-1 -1
6048 6048
-1 -1
5756 5756
9654 9654
-1 -1
3090 3091
3248 3248
957 957
-1 -1
3416 3416
8932 8933
567 568
3384 3384
9813 9813
6454 6454
3878 3878
1923 1923
1790 1791
-1 -1
378 378
-1 -1
-1 -1
-1 -1
341 343
1980 1980
-1 -1
-1 -1
-1 -1
-1 -1
-1 -1
-1 -1
4082 4083
-1 -1
7451 7451
5741 5742
5756 5756
-1 -1
-1 -1
7431 7431
-1 -1
3844 3844
-1 -1
2081 2082
9526 9529
9503 9503
158 158
7795 7795
2955 2955
-1 -1
3754 3754
2771 2772
-1 -1
8805 8805
7784 7784
1109 1109
2478 2479
3175 3175
-1 -1
-1 -1
733 733
-1 -1
6356 6358
9012 9013
-1 -1
8405 8406
2096 2096
5342 5342
2198 2198
7935 7935
1142 1144
2426 2429
6158 6158
4901 4902
8190 8192
6080 6080
9801 9802
8839 8842
99 102
-1 -1
4623 4623
820 820
1171 1171
1690 1690
-1 -1
6144 6144
511 511
2617 2618
-1 -1
4034 4034
-1 -1
-1 -1
1322 1324
7815 7815
5402 5402
8937 8937
7461 7461
-1 -1
8615 8615
8375 8376
8464 8467
-1 -1
-1 -1
5289 5289
7708 7709
-1 -1
-1 -1
2303 2304
5996 5996
5260 5260
4567 4567
9623 9624
3480 3480
-1 -1
2464 2464
-1 -1
1505 1505
7299 7299
-1 -1
-1 -1
-1 -1
590 590
4682 4682
1896 1896
2670 2670
6612 6612
-1 -1
6349 6349
-1 -1
5160 5160
-1 -1
5924 5924
6995 6997
33 34
1184 1185
-1 -1
7378 7378
8560 8560
6599 6600
3156 3156
-1 -1
7850 7850
1151 1152
2804 2804
-1 -1
5323 5323
2714 2714
5470 5470
6471 6471
6556 6556
7534 7534
2563 2565
4995 4995
5923 5923
2920 2920
5709 5710
4614 4614
7763 7763
6403 6403
9043 9043
1495 1495
4039 4039
4735 4736
7996 7996
4346 4346
-1 -1
5417 5417
9690 9690
9982 9983
-1 -1
4871 4871
30 30
7442 7443
853 854
-1 -1
8952 8952
-1 -1
-1 -1
3659 3659
3743 3744
4805 4805
7947 7947
-1 -1
6878 6881
8444 8445
-1 -1
-1 -1
8909 8909
4289 4289
5571 5572
2026 2027
8480 8480
2590 2590
7109 7109
6998 6998
1580 1580
1692 1692
-1 -1
4771 4771
55 55
9377 9377
7420 7420
-1 -1
2363 2363
8352 8352
-1 -1
1564 1564
7229 7230
-1 -1
7730 7730
-1 -1
7023 7023
-1 -1
4434 4436
6253 6253
71 71
-1 -1
8612 8613
-1 -1
7879 7879
5270 5270
-1 -1
3668 3668
1948 1949
1588 1588
-1 -1
-1 -1
9981 9981
3997 4000
380 381
177 177
8878 8878
-1 -1
1378 1378
6080 6080
7601 7601
8316 8318
4883 4883
6082 6082
5474 5474
7103 7103
9186 9188
519 520
-1 -1
-1 -1
3384 3384
1819 1821
3568 3568
4236 4236
4626 4627
-1 -1
8980 8981
-1 -1
661 661
5811 5811
-1 -1
-1 -1
4012 4012
5434 5434
2296 2298
4737 4737
-1 -1
3082 3082
6530 6531
4034 4034
1541 1545
-1 -1
7274 7276
-1 -1
6917 6917
8454 8454
4371 4372
2040 2041
7269 7269
-1 -1
1098 1102
9113 9113
-1 -1
-1 -1
-1 -1
-1 -1
7904 7904
1282 1284
5630 5630
-1 -1
9639 9639
-1 -1
-1 -1
-1 -1
-1 -1
-1 -1
-1 -1
9362 9362
7506 7506
-1 -1
7981 7981
1071 1071
-1 -1
6949 6951
354 357
6886 6886
-1 -1
3693 3693
1552 1552
6780 6780
-1 -1
-1 -1
-1 -1
8233 8233
425 425
4551 4551
9350 9350
3449 3449
6876 6876
3066 3066
-1 -1
4381 4381
1371 1372
1781 1782
1540 1540
-1 -1
-1 -1
-1 -1
2529 2531
-1 -1
-1 -1
-1 -1
-1 -1
7110 7111
1538 1538
678 681
6039 6039
7590 7591
-1 -1
8909 8909
985 985
8284 8284
9654 9654
-1 -1
2380 2380
5672 5672
-1 -1
9744 9744
-1 -1
2346 2346
4783 4784
6792 6794
5163 5163
6541 6541
3459 3459
-1 -1
7523 7525
-1 -1
-1 -1
-1 -1
-1 -1
221 221
2693 2693
6728 6731
-1 -1
4361 4362
1191 1191
-1 -1
5983 5983
2541 2541
-1 -1
-1 -1
1871 1871
-1 -1
6115 6115
7056 7057
-1 -1
-1 -1
8301 8301
7714 7714
9450 9450
3802 3802
-1 -1
9310 9310
4711 4711
8831 8833
1197 1197
-1 -1
3357 3357
5439 5439
3094 3096
-1 -1
1666 1666
3813 3813
7259 7259
-1 -1
5277 5278
7181 7182
222 222
-1 -1
5014 5014
451 451
-1 -1
8864 8864
-1 -1
6991 6991
-1 -1
5308 5308
141 142
3180 3181
-1 -1
5193 5193
6426 6427
4355 4355
547 547
5523 5523
378 378
2749 2749
6781 6781
-1 -1
8057 8057
-1 -1
1914 1914
-1 -1
-1 -1
7037 7037
-1 -1
1948 1949
7073 7073
-1 -1
9683 9683
7210 7211
-1 -1
-1 -1
8037 8037
4944 4944
5120 5122
2904 2904
-1 -1
7387 7387
8184 8184
-1 -1
4060 4061
1917 1917
1158 1158
916 918
-1 -1
-1 -1
1606 1608
-1 -1
-1 -1
7329 7330
1453 1453
8632 8632
783 783
906 906
8965 8966
4538 4538
1449 1449
96 96
4738 4739
9819 9822
-1 -1
4809 4810
8398 8398
1014 1014
1873 1874
4162 4162
-1 -1
991 992
6370 6371
-1 -1
377 377
6306 6306
5832 5832
4552 4553
6767 6767
8389 8389
6927 6927
1902 1903
-1 -1
4147 4147
-1 -1
518 518
6106 6107
5924 5924
-1 -1
-1 -1
1955 1955
-1 -1
5205 5207
9620 9620
4928 4930
2552 2554
37 37
8269 8270
4778 4779
8567 8567
2879 2879
-1 -1
1868 1869
-1 -1
2028 2029
-1 -1
8078 8078
8867 8867
7559 7559
2971 2971
2546 2550
6226 6226
1848 1849
-1 -1
7465 7465
9787 9787
7421 7422
-1 -1
-1 -1
-1 -1
8246 8247
-1 -1
8254 8254
979 979
8811 8811
5457 5457
7290 7290
10 12
7809 7809
-1 -1
4788 4790
-1 -1
-1 -1
-1 -1
597 598
6917 6917
-1 -1
729 730
7533 7533
5920 5920
5175 5175
-1 -1
-1 -1
8210 8210
-1 -1
7470 7470
-1 -1
9867 9869
6675 6675
8891 8891
-1 -1
6364 6364
5922 5922
4987 4988
7708 7709
2447 2447
-1 -1
5483 5483
8366 8366
5607 5607
5587 5587
2933 2934
9171 9171
296 297
-1 -1
5546 5546
3296 3296
-1 -1
5303 5303
9495 9495
604 609
5378 5379
6932 6932
6170 6170
9422 9422
-1 -1
2747 2748
-1 -1
7606 7606
9117 9117
-1 -1
-1 -1
2456 2457
3567 3567
2927 2927
-1 -1
-1 -1
-1 -1
-1 -1
8407 8407
-1 -1
3371 3371
-1 -1
702 702
8754 8754
4905 4906
-1 -1
4520 4520
-1 -1
3644 3644
-1 -1
3326 3327
2291 2292
5166 5167
-1 -1
7931 7934
8298 8300
6474 6475
5753 5753
5895 5895
3864 3864
9109 9109
9779 9781
5512 5513
715 715
4043 4044
5208 5208
-1 -1
8739 8739
-1 -1
591 593
4937 4937
-1 -1
671 672
4557 4560
8684 8684
558 559
6340 6340
1981 1982
-1 -1
9663 9663
2486 2487
-1 -1
9596 9596
3820 3820
3978 3979
9583 9583
-1 -1
-1 -1
1145 1145
-1 -1
-1 -1
-1 -1
4928 4930
7404 7405
-1 -1
3503 3504
7392 7393
9440 9441
1014 1014
6237 6238
5291 5292
6268 6270
-1 -1
9813 9813
9892 9892
-1 -1
1552 1552
9296 9297
-1 -1
5261 5261
-1 -1
936 937
7040 7041
1765 1765
1453 1453
-1 -1
7138 7138
1 2
-1 -1
-1 -1
-1 -1
150 150
9574 9574
8296 8296
-1 -1
5576 5576
758 758
3760 3760
3133 3135
9885 9885
-1 -1
1228 1228
1019 1019
-1 -1
5403 5405
-1 -1
9011 9011
3809 3809
5070 5071
6932 6932
-1 -1
7488 7488
-1 -1
2768 2768
523 524
6597 6597
7114 7114
1864 1864
-1 -1
6108 6111
-1 -1
-1 -1
-1 -1
1229 1229
1657 1659
6393 6393
5885 5885
3858 3858
5476 5476
7599 7599
7532 7532
6849 6849
6094 6094
238 238
6754 6754
2715 2716
-1 -1
6966 6968
8835 8836
40 41
141 142
-1 -1
-1 -1
7950 7950
4625 4625
-1 -1
2124 2124
-1 -1
-1 -1
-1 -1
-1 -1
3368 3368
837 838
-1 -1
3683 3685
2771 2772
3336 3344
4984 4984
9723 9723
1577 1577
-1 -1
-1 -1
654 655
8254 8254
-1 -1
7127 7127
-1 -1
5023 5023
-1 -1
6095 6096
2628 2628
585 585
2226 2227
-1 -1
2381 2382
6566 6567
1689 1689
8115 8115
-1 -1
7411 7411
-1 -1
-1 -1
-1 -1
4396 4396
-1 -1
5456 5456
-1 -1
7670 7670
7639 7639
4825 4825
-1 -1
3119 3119
-1 -1
5423 5424
2285 2285
4663 4663
1012 1012
169 169
9324 9324
-1 -1
9282 9282
7017 7018
173 174
1776 1776
9234 9234
-1 -1
9500 9501
-1 -1
3640 3640
6396 6398
980 980
2001 2002
-1 -1
3558 3559
-1 -1
2234 2235
-1 -1
-1 -1
5720 5720
7118 7118
6642 6643
-1 -1
9503 9503
2294 2295
-1 -1
9004 9007
9227 9227
-1 -1
8277 8277
5004 5004
-1 -1
1887 1889
-1 -1
4952 4952
-1 -1
-1 -1
3821 3821
-1 -1
5261 5261
1270 1270
1105 1106
67 67
8573 8574
-1 -1
2497 2498
-1 -1
4095 4095
-1 -1
8385 8386
-1 -1
432 433
3445 3447
5876 5876
9767 9768
6106 6107
-1 -1
-1 -1
5748 5748
-1 -1
-1 -1
541 542
8158 8158
-1 -1
-1 -1
2666 2666
328 328
-1 -1
1065 1065
178 178
9383 9383
4748 4750
5431 5432
9026 9026
9379 9379
6004 6004
-1 -1
7493 7493
-1 -1
2320 2321
9818 9818
-1 -1
-1 -1
8494 8494
4892 4892
2414 2414
-1 -1
9016 9016
763 763
6125 6126
5176 5179
6416 6417
-1 -1
9453 9455
-1 -1
7081 7081
-1 -1
4680 4681
-1 -1
-1 -1
-1 -1
9429 9429
3259 3259
1190 1190
4201 4202
5847 5847
9633 9634
3132 3132
9786 9786
6923 6923
-1 -1
1605 1605
2332 2335
922 922
-1 -1
5556 5558
3156 3156
5108 5108
4017 4017
8877 8877
-1 -1
473 474
-1 -1
9357 9357
5041 5041
7733 7733
7516 7516
-1 -1
-1 -1
-1 -1
1566 1566
3089 3089
-1 -1
951 951
9709 9709
492 492
2050 2052
-1 -1
3182 3182
-1 -1
8225 8225
1017 1018
-1 -1
8682 8682
3984 3984
-1 -1
-1 -1
7240 7240
6883 6883
7217 7217
4975 4975
-1 -1
2116 2116
-1 -1
9333 9333
5279 5281
-1 -1
-1 -1
-1 -1
-1 -1
6024 6024
4006 4006
-1 -1
8850 8850
9783 9783
1419 1419
2679 2681
-1 -1
3494 3494
2655 2655
-1 -1
5514 5515
9956 9956
-1 -1
4129 4130
-1 -1
3227 3227
5651 5652
9446 9446
2951 2951
7904 7904
-1 -1
-1 -1
-1 -1
-1 -1
-1 -1
-1 -1
49 49
-1 -1
-1 -1
7356 7356
8544 8544
6483 6483
-1 -1
4373 4373
2425 2425
1806 1806
2395 2395
-1 -1
8205 8207
971 971
7930 7930
5277 5278
5688 5688
-1 -1
-1 -1
-1 -1
7331 7333
2509 2509
-1 -1
4108 4108
-1 -1
6178 6180
5400 5400
5651 5652
581 582
-1 -1
-1 -1
-1 -1
3521 3521
-1 -1
4671 4671
-1 -1
-1 -1
-1 -1
-1 -1
7109 7109
8601 8601
-1 -1
-1 -1
2718 2718
1305 1306
2189 2194
3622 3622
2500 2500
-1 -1
-1 -1
9004 9007
8632 8632
6416 6417
109 110
-1 -1
3809 3809
9481 9481
-1 -1
176 176
1879 1879
-1 -1
-1 -1
6088 6089
-1 -1
715 715
5222 5222
8444 8445
6723 6723
2003 2003
-1 -1
-1 -1
-1 -1
-1 -1
164 164
7556 7556
-1 -1
3051 3052
-1 -1
8705 8705
1460 1464
1004 1004
-1 -1
2182 2182
-1 -1
-1 -1
-1 -1
-1 -1
1200 1200
-1 -1
3876 3876
-1 -1
-1 -1
-1 -1
9703 9703
7750 7751
4080 4080
1718 1718
1363 1363
9745 9745
2342 2342
-1 -1
1556 1556
9308 9309
9957 9957
138 138
9033 9034
7773 7773
-1 -1
4347 4349
3224 3224
-1 -1
6370 6371
7105 7106
-1 -1
915 915
-1 -1
2129 2129
4651 4651
3714 3716
-1 -1
-1 -1
3153 3153
-1 -1
-1 -1
-1 -1
6059 6061
3941 3941
4910 4910
-1 -1
9829 9829
-1 -1
6234 6234
748 749
3769 3770
2030 2030
5559 5559
7625 7625
6033 6033
811 811
8168 8168
2201 2202
9031 9031
2843 2844
-1 -1
495 495
663 663
-1 -1
-1 -1
4889 4889
4619 4619
1495 1495
2874 2877
8657 8657
275 275
4805 4805
2831 2831
-1 -1
-1 -1
-1 -1
8797 8797
-1 -1
4190 4192
518 518
2463 2463
1418 1418
3069 3069
527 527
7931 7934
9473 9473
4401 4401
8751 8751
9123 9125
1076 1076
-1 -1
-1 -1
3258 3258
40 41
2996 2996
485 485
5921 5921
6090 6091
9445 9445
7342 7344
5174 5174
6443 6443
-1 -1
3615 3615
1695 1695
-1 -1
-1 -1
7662 7662
6612 6612
5493 5494
-1 -1
-1 -1
-1 -1
-1 -1
8605 8605
-1 -1
1511 1511
-1 -1
-1 -1
-1 -1
9625 9626
-1 -1
2490 2491
-1 -1
1666 1666
6155 6155
8615 8615
2794 2795
5738 5740
-1 -1
3528 3529
7001 7001
6603 6603
2109 2111
5229 5229
-1 -1
5467 5469
-1 -1
2711 2712
-1 -1
3065 3065
3161 3162
9926 9928
8211 8214
1840 1840
9595 9595
267 267
2175 2175
-1 -1
6446 6446
6150 6150
638 638
659 659
1215 1215
5068 5068
2719 2719
-1 -1
338 338
7336 7336
623 623
7123 7124
7506 7506
4136 4136
8131 8131
9735 9736
9235 9235
-1 -1
6557 6557
4869 4870
-1 -1
-1 -1
2693 2693
-1 -1
-1 -1
4326 4328
-1 -1
18 20
1055 1056
-1 -1
-1 -1
2839 2840
-1 -1
-1 -1
8643 8643
-1 -1
9357 9357
-1 -1
3455 3455
5373 5373
-1 -1
-1 -1
-1 -1
8248 8249
-1 -1
-1 -1
7901 7901
-1 -1
4224 4224
602 602
-1 -1
2072 2072
5697 5698
2303 2304
5080 5080
4575 4576
6884 6884
5359 5359
9331 9332
-1 -1
-1 -1
6745 6745
-1 -1
-1 -1
5757 5757
-1 -1
4241 4242
-1 -1
528 532
5289 5289
3494 3494
1665 1665
4035 4035
7890 7890
-1 -1
7119 7119
-1 -1
-1 -1
-1 -1
-1 -1
4275 4276
-1 -1
2000 2000
1198 1198
-1 -1
8053 8053
2097 2097
-1 -1
4731 4731
-1 -1
4614 4614
-1 -1
-1 -1
7631 7631
4534 4534
4580 4580
-1 -1
1140 1140
4708 4708
105 105
4264 4266
5460 5461
8617 8617
9233 9233
3032 3033
2833 2834
8510 8510
9173 9173
2018 2018
3216 3216
3938 3938
9657 9658
9677 9681
-1 -1
4415 4415
4473 4473
2319 2319
90 90
-1 -1
5974 5974
-1 -1
2353 2353
5772 5772
4250 4250
-1 -1
2301 2302
1650 1652
4608 4609
-1 -1
2695 2695
9908 9908
1434 1434
853 854
-1 -1
-1 -1
-1 -1
-1 -1
-1 -1
104 104
2865 2866
-1 -1
-1 -1
5495 5496
-1 -1
1345 1346
4891 4891
7748 7748
9081 9081
8112 8112
2471 2472
7190 7190
1656 1656
2223 2223
1380 1380
-1 -1
-1 -1
-1 -1
6380 6380
303 303
8369 8370
4818 4821
2257 2257
3992 3994
1919 1920
9292 9292
2327 2327
8690 8690
-1 -1
2541 2541
6818 6818
428 429
9037 9037
8893 8893
-1 -1
6911 6911
-1 -1
2234 2235
3385 3386
-1 -1
-1 -1
8565 8565
-1 -1
7924 7924
6680 6680
3545 3545
2347 2347
6274 6276
-1 -1
-1 -1
9966 9967
-1 -1
-1 -1
8415 8415
-1 -1
1878 1878
2261 2262
-1 -1
7959 7961
4908 4908
-1 -1
4371 4372
-1 -1
5138 5139
-1 -1
-1 -1
9294 9295
5693 5695
-1 -1
5161 5161
8296 8296
3948 3948
-1 -1
5491 5491
-1 -1
3760 3760
-1 -1
-1 -1
4444 4444
8790 8790
6989 6989
2761 2762
7456 7456
-1 -1
-1 -1
7549 7549
-1 -1
4959 4960
-1 -1
7025 7025
8694 8695
-1 -1
7128 7128
-1 -1
1727 1727
5257 5257
7892 7892
8580 8580
4203 4204
4993 4993
-1 -1
-1 -1
8436 8436
-1 -1
-1 -1
-1 -1
8141 8142
4357 4360
-1 -1
1395 1396
5611 5611
1673 1673
1069 1069
-1 -1
3024 3026
9308 9309
905 905
3187 3187
-1 -1
7492 7492
8078 8078
8110 8111
-1 -1
3104 3105
6123 6123
-1 -1
1449 1449
2839 2840
2098 2098
7955 7955
2504 2505
-1 -1
-1 -1
1184 1185
2929 2929
7193 7194
1561 1561
-1 -1
986 986
-1 -1
-1 -1
-1 -1
5417 5417
541 542
-1 -1
1024 1025
1763 1764
-1 -1
-1 -1
-1 -1
9344 9345
6557 6557
1076 1076
3187 3187
8334 8334
747 747
1049 1049
-1 -1
5463 5463
-1 -1
-1 -1
-1 -1
-1 -1
-1 -1
1022 1022
-1 -1
3877 3877
-1 -1
9577 9577
1003 1003
9147 9148
-1 -1
-1 -1
2619 2620
-1 -1
-1 -1
8001 8001
8519 8519
8162 8162
-1 -1
169 169
770 770
4580 4580
-1 -1
-1 -1
-1 -1
3887 3889
599 601
8102 8103
-1 -1
8555 8555
8375 8376
-1 -1
-1 -1
803 803
7765 7765
8344 8344
-1 -1
7022 7022
3090 3091
9958 9958
-1 -1
5091 5095
-1 -1
7048 7049
1137 1137
8094 8095
-1 -1
-1 -1
438 438
-1 -1
5798 5799
-1 -1
-1 -1
405 405
-1 -1
1559 1559
-1 -1
6062 6062
8385 8386
3714 3716
350 350
3956 3957
8668 8669
5013 5013
9888 9889
5809 5810
944 945
5773 5774
-1 -1
-1 -1
-1 -1
337 337
-1 -1
7370 7370
9842 9844
-1 -1
535 535
8114 8114
7537 7537
4329 4329
6273 6273
6686 6686
5786 5786
8780 8780
-1 -1
4735 4736
7554 7554
-1 -1
4087 4087
1280 1280
1571 1573
-1 -1
8118 8119
9637 9637
-1 -1
7204 7204
3409 3409
-1 -1
6181 6181
-1 -1
-1 -1
7025 7025
-1 -1
5491 5491
3360 3360
6426 6427
1756 1756
2793 2793
394 394
2727 2727
1518 1518
8602 8602
7734 7735
-1 -1
6062 6062
-1 -1
2802 2802
-1 -1
358 358
-1 -1
7312 7314
6532 6532
4668 4669
1522 1522
5504 5505
8740 8741
7894 7894
1929 1930
5962 5962
561 562
1466 1466
1670 1670
-1 -1
3945 3945
2826 2827
8435 8435
9114 9114
-1 -1
-1 -1
6918 6918
651 651
4943 4943
-1 -1
4927 4927
7474 7474
5953 5953
-1 -1
-1 -1
4865 4865
3244 3244
9795 9795
-1 -1
1807 1809
-1 -1
5609 5610
7627 7630
-1 -1
-1 -1
8500 8500
3571 3573
5284 5286
7235 7237
-1 -1
639 639
-1 -1
1585 1587
-1 -1
2263 2263
-1 -1
3707 3707
9331 9332
-1 -1
-1 -1
1035 1035
-1 -1
-1 -1
5763 5763
-1 -1
7567 7567
5464 5464
2591 2591
-1 -1
4163 4163
2773 2773
-1 -1
8623 8624
6405 6405
7181 7182
-1 -1
7826 7826
3305 3306
3552 3552
9151 9151
6320 6320
-1 -1
7729 7729
-1 -1
2638 2638
8181 8182
9219 9219
-1 -1
1505 1505
2015 2015
-1 -1
8302 8303
4498 4498
-1 -1
1579 1579
9966 9967
9252 9252
916 918
-1 -1
815 815
1784 1784
7382 7383
8641 8642
-1 -1
168 168
-1 -1
-1 -1
-1 -1
5107 5107
5263 5263
3886 3886
-1 -1
2365 2365
2556 2557
346 346
1593 1594
8403 8403
9236 9238
2007 2009
6426 6427
3028 3028
1754 1755
8349 8351
7806 7807
1508 1509
7331 7333
-1 -1
6351 6351
2859 2859
1739 1740
793 794
9975 9975
250 250
-1 -1
-1 -1
6083 6083
-1 -1
8838 8838
3943 3943
9423 9423
-1 -1
5784 5784
8441 8441
-1 -1
-1 -1
521 521
6563 6563
-1 -1
-1 -1
3991 3991
1718 1718
9277 9277
-1 -1
-1 -1
4799 4799
7589 7589
8822 8822
-1 -1
7664 7666
-1 -1
2365 2365
9387 9388
6144 6144
9871 9872
9841 9841
-1 -1
8065 8068
320 320
5613 5613
-1 -1
1786 1786
9861 9862
-1 -1
4127 4127
3513 3513
9257 9257
9769 9769
4335 4337
-1 -1
1026 1026
-1 -1
2629 2629
-1 -1
-1 -1
2682 2682
7407 7407
1501 1501
1496 1497
616 617
1790 1791
-1 -1
5589 5590
3375 3375
3214 3214
6256 6259
7220 7220
-1 -1
3951 3951
-1 -1
5971 5971
1039 1040
2430 2430
5756 5756
-1 -1
1822 1822
-1 -1
-1 -1
2747 2748
6073 6073
5336 5336
-1 -1
3868 3870
5546 5546
-1 -1
2595 2595
6581 6581
4732 4733
4398 4398
1378 1378
9975 9975
2570 2572
-1 -1
2306 2307
7020 7021
316 316
2317 2317
-1 -1
3361 3361
-1 -1
5263 5263
-1 -1
-1 -1
6965 6965
5433 5433
8311 8312
-1 -1
-1 -1
2176 2176
-1 -1
-1 -1
-1 -1
7866 7866
-1 -1
3984 3984
4370 4370
-1 -1
-1 -1
-1 -1
-1 -1
-1 -1
7851 7852
2710 2710
4580 4580
-1 -1
6464 6464
-1 -1
1866 1866
-1 -1
4742 4742
4104 4104
1887 1889
2224 2224
7819 7819
3540 3540
7489 7489
7201 7201
-1 -1
3161 3162
4041 4041
-1 -1
4536 4537
-1 -1
5714 5714
7607 7607
-1 -1
295 295
5975 5975
