-1 -1
-1 -1
-1 -1
1905 1905
251 251
-1 -1
-1 -1
-1 -1
1262 1262
1626 1626
-1 -1
-1 -1
-1 -1
-1 -1
-1 -1
1314 1314
-1 -1
-1 -1
-1 -1
-1 -1
-1 -1
1092 1092
-1 -1
-1 -1
-1 -1
-1 -1
-1 -1
-1 -1
1283 1283
-1 -1
-1 -1
-1 -1
737 737
-1 -1
1086 1086
1991 1991
525 526
-1 -1
-1 -1
-1 -1
-1 -1
-1 -1
-1 -1
-1 -1
-1 -1
-1 -1
-1 -1
-1 -1
596 596
321 321
-1 -1
-1 -1
-1 -1
-1 -1
-1 -1
-1 -1
-1 -1
491 491
1260 1260
608 608
-1 -1
-1 -1
-1 -1
-1 -1
-1 -1
-1 -1
294 294
-1 -1
-1 -1
-1 -1
1949 1949
-1 -1
-1 -1
1000 1000
-1 -1
-1 -1
518 518
-1 -1
-1 -1
-1 -1
-1 -1
-1 -1
-1 -1
-1 -1
-1 -1
-1 -1
-1 -1
-1 -1
-1 -1
-1 -1
1546 1546
120 120
1794 1794
-1 -1
-1 -1
673 673
-1 -1
-1 -1
-1 -1
-1 -1
-1 -1
869 869
-1 -1
-1 -1
-1 -1
-1 -1
1399 1399
-1 -1
-1 -1
-1 -1
-1 -1
-1 -1
-1 -1
-1 -1
62 62
-1 -1
-1 -1
-1 -1
-1 -1
-1 -1
-1 -1
-1 -1
-1 -1
-1 -1
-1 -1
-1 -1
-1 -1
-1 -1
-1 -1
463 463
-1 -1
-1 -1
-1 -1
-1 -1
-1 -1
-1 -1
-1 -1
-1 -1
364 364
-1 -1
422 422
-1 -1
75 75
-1 -1
-1 -1
-1 -1
-1 -1
-1 -1
-1 -1
-1 -1
-1 -1
-1 -1
-1 -1
-1 -1
-1 -1
956 956
-1 -1
726 726
-1 -1
-1 -1
-1 -1
-1 -1
-1 -1
-1 -1
-1 -1
-1 -1
-1 -1
-1 -1
-1 -1
-1 -1
-1 -1
-1 -1
360 360
-1 -1
-1 -1
-1 -1
-1 -1
1602 1602
1549 1549
-1 -1
-1 -1
-1 -1
-1 -1
-1 -1
-1 -1
-1 -1
-1 -1
-1 -1
-1 -1
-1 -1
-1 -1
-1 -1
-1 -1
-1 -1
-1 -1
-1 -1
-1 -1
-1 -1
-1 -1
1896 1897
-1 -1
936 936
-1 -1
1892 1892
-1 -1
75 75
-1 -1
1289 1289
-1 -1
-1 -1
-1 -1
-1 -1
682 682
1837 1837
738 738
-1 -1
-1 -1
-1 -1
-1 -1
-1 -1
-1 -1
-1 -1
-1 -1
75 75
-1 -1
-1 -1
-1 -1
-1 -1
1746 1746
-1 -1
-1 -1
-1 -1
-1 -1
-1 -1
-1 -1
-1 -1
-1 -1
-1 -1
-1 -1
-1 -1
-1 -1
96 96
1561 1561
-1 -1
-1 -1
-1 -1
-1 -1
-1 -1
-1 -1
-1 -1
2020 2020
-1 -1
-1 -1
-1 -1
-1 -1
388 388
1980 1980
1699 1699
-1 -1
-1 -1
-1 -1
-1 -1
-1 -1
-1 -1
-1 -1
106 106
-1 -1
-1 -1
-1 -1
-1 -1
-1 -1
-1 -1
-1 -1
-1 -1
-1 -1
-1 -1
-1 -1
-1 -1
-1 -1
-1 -1
-1 -1
894 894
-1 -1
-1 -1
-1 -1
-1 -1
-1 -1
-1 -1
-1 -1
-1 -1
-1 -1
-1 -1
-1 -1
388 388
-1 -1
1008 1008
-1 -1
-1 -1
-1 -1
-1 -1
-1 -1
-1 -1
-1 -1
-1 -1
-1 -1
-1 -1
-1 -1
-1 -1
-1 -1
-1 -1
-1 -1
-1 -1
1005 1005
-1 -1
-1 -1
-1 -1
-1 -1
-1 -1
-1 -1
1881 1881
-1 -1
-1 -1
-1 -1
386 386
-1 -1
-1 -1
-1 -1
-1 -1
1978 1978
-1 -1
-1 -1
-1 -1
-1 -1
-1 -1
-1 -1
-1 -1
-1 -1
-1 -1
-1 -1
-1 -1
1123 1123
840 841
-1 -1
316 316
-1 -1
-1 -1
-1 -1
-1 -1
-1 -1
-1 -1
-1 -1
-1 -1
-1 -1
-1 -1
1128 1128
-1 -1
-1 -1
-1 -1
-1 -1
-1 -1
-1 -1
245 245
-1 -1
-1 -1
-1 -1
-1 -1
-1 -1
1803 1803
-1 -1
867 867
-1 -1
-1 -1
-1 -1
-1 -1
1765 1766
1509 1509
1984 1984
-1 -1
-1 -1
-1 -1
-1 -1
-1 -1
-1 -1
-1 -1
-1 -1
1106 1106
1448 1448
-1 -1
450 450
-1 -1
653 653
-1 -1
-1 -1
-1 -1
-1 -1
-1 -1
-1 -1
-1 -1
1143 1143
-1 -1
289 289
-1 -1
-1 -1
-1 -1
1765 1766
-1 -1
-1 -1
1623 1623
-1 -1
-1 -1
-1 -1
827 827
-1 -1
-1 -1
-1 -1
-1 -1
1515 1515
-1 -1
-1 -1
-1 -1
2008 2008
938 938
-1 -1
-1 -1
-1 -1
-1 -1
1195 1195
-1 -1
232 232
-1 -1
-1 -1
-1 -1
-1 -1
-1 -1
-1 -1
-1 -1
-1 -1
-1 -1
1983 1983
458 458
-1 -1
-1 -1
-1 -1
-1 -1
396 396
-1 -1
-1 -1
-1 -1
-1 -1
-1 -1
-1 -1
-1 -1
-1 -1
-1 -1
-1 -1
-1 -1
-1 -1
-1 -1
-1 -1
-1 -1
-1 -1
-1 -1
-1 -1
-1 -1
-1 -1
-1 -1
-1 -1
998 998
438 438
-1 -1
1129 1129
-1 -1
585 586
-1 -1
-1 -1
-1 -1
-1 -1
1353 1353
-1 -1
-1 -1
-1 -1
-1 -1
-1 -1
1003 1003
-1 -1
304 304
-1 -1
976 976
-1 -1
-1 -1
-1 -1
-1 -1
-1 -1
-1 -1
794 794
-1 -1
-1 -1
606 606
215 217
-1 -1
-1 -1
297 297
-1 -1
89 89
-1 -1
-1 -1
1276 1276
-1 -1
603 603
-1 -1
-1 -1
-1 -1
1366 1367
1509 1509
-1 -1
-1 -1
314 314
-1 -1
-1 -1
-1 -1
-1 -1
-1 -1
-1 -1
-1 -1
845 845
-1 -1
-1 -1
-1 -1
-1 -1
-1 -1
107 108
-1 -1
1413 1413
1306 1306
-1 -1
-1 -1
-1 -1
-1 -1
-1 -1
-1 -1
645 645
-1 -1
-1 -1
-1 -1
-1 -1
-1 -1
-1 -1
-1 -1
-1 -1
-1 -1
-1 -1
-1 -1
1879 1879
-1 -1
1196 1196
-1 -1
1601 1601
-1 -1
-1 -1
-1 -1
-1 -1
1631 1631
-1 -1
-1 -1
1503 1503
-1 -1
-1 -1
-1 -1
-1 -1
-1 -1
-1 -1
-1 -1
-1 -1
1626 1626
-1 -1
-1 -1
-1 -1
-1 -1
-1 -1
1191 1191
-1 -1
264 265
-1 -1
-1 -1
-1 -1
-1 -1
-1 -1
-1 -1
-1 -1
-1 -1
-1 -1
-1 -1
-1 -1
-1 -1
37 38
-1 -1
367 367
688 688
-1 -1
-1 -1
-1 -1
-1 -1
-1 -1
-1 -1
-1 -1
-1 -1
-1 -1
-1 -1
-1 -1
-1 -1
55 55
-1 -1
-1 -1
-1 -1
-1 -1
857 857
-1 -1
-1 -1
-1 -1
-1 -1
367 367
-1 -1
-1 -1
-1 -1
-1 -1
-1 -1
-1 -1
-1 -1
-1 -1
819 819
-1 -1
-1 -1
-1 -1
-1 -1
-1 -1
725 725
-1 -1
-1 -1
-1 -1
-1 -1
-1 -1
-1 -1
-1 -1
-1 -1
-1 -1
-1 -1
-1 -1
-1 -1
-1 -1
-1 -1
-1 -1
-1 -1
551 551
-1 -1
-1 -1
120 120
-1 -1
-1 -1
-1 -1
-1 -1
-1 -1
-1 -1
-1 -1
-1 -1
-1 -1
1552 1552
-1 -1
-1 -1
1583 1583
-1 -1
-1 -1
-1 -1
-1 -1
-1 -1
-1 -1
-1 -1
-1 -1
-1 -1
-1 -1
-1 -1
1629 1629
-1 -1
-1 -1
-1 -1
1620 1620
1221 1221
-1 -1
-1 -1
-1 -1
-1 -1
-1 -1
-1 -1
-1 -1
-1 -1
-1 -1
1493 1493
-1 -1
-1 -1
-1 -1
-1 -1
-1 -1
-1 -1
-1 -1
1859 1859
-1 -1
-1 -1
-1 -1
-1 -1
-1 -1
-1 -1
-1 -1
-1 -1
-1 -1
-1 -1
-1 -1
-1 -1
-1 -1
-1 -1
-1 -1
-1 -1
-1 -1
978 978
-1 -1
-1 -1
-1 -1
-1 -1
1297 1297
-1 -1
-1 -1
1107 1107
-1 -1
-1 -1
246 246
-1 -1
-1 -1
677 677
-1 -1
-1 -1
-1 -1
-1 -1
394 394
1245 1245
252 252
150 150
-1 -1
-1 -1
-1 -1
-1 -1
-1 -1
-1 -1
-1 -1
-1 -1
-1 -1
-1 -1
-1 -1
-1 -1
-1 -1
-1 -1
1836 1836
-1 -1
-1 -1
-1 -1
-1 -1
-1 -1
-1 -1
-1 -1
-1 -1
-1 -1
-1 -1
-1 -1
-1 -1
-1 -1
-1 -1
-1 -1
1715 1715
-1 -1
-1 -1
-1 -1
-1 -1
-1 -1
-1 -1
-1 -1
-1 -1
658 658
-1 -1
-1 -1
-1 -1
593 593
-1 -1
18 18
-1 -1
-1 -1
-1 -1
-1 -1
-1 -1
-1 -1
-1 -1
354 354
-1 -1
-1 -1
987 987
-1 -1
59 59
-1 -1
-1 -1
-1 -1
-1 -1
-1 -1
-1 -1
-1 -1
544 544
542 542
-1 -1
901 901
-1 -1
-1 -1
-1 -1
-1 -1
-1 -1
469 469
-1 -1
1593 1593
-1 -1
-1 -1
-1 -1
-1 -1
-1 -1
-1 -1
-1 -1
-1 -1
-1 -1
-1 -1
-1 -1
-1 -1
-1 -1
867 867
-1 -1
-1 -1
-1 -1
-1 -1
-1 -1
-1 -1
-1 -1
-1 -1
-1 -1
-1 -1
-1 -1
-1 -1
198 198
-1 -1
-1 -1
1540 1540
-1 -1
-1 -1
-1 -1
-1 -1
403 403
-1 -1
-1 -1
-1 -1
846 846
1324 1324
-1 -1
-1 -1
-1 -1
-1 -1
-1 -1
-1 -1
-1 -1
-1 -1
1671 1671
-1 -1
-1 -1
-1 -1
-1 -1
-1 -1
561 561
-1 -1
1624 1624
1865 1866
-1 -1
-1 -1
-1 -1
-1 -1
-1 -1
-1 -1
-1 -1
-1 -1
330 330
-1 -1
-1 -1
-1 -1
292 292
-1 -1
-1 -1
-1 -1
-1 -1
-1 -1
792 792
1129 1129
-1 -1
-1 -1
-1 -1
-1 -1
-1 -1
695 695
1460 1460
-1 -1
-1 -1
-1 -1
-1 -1
-1 -1
-1 -1
381 381
-1 -1
1986 1986
-1 -1
-1 -1
-1 -1
-1 -1
-1 -1
-1 -1
-1 -1
-1 -1
-1 -1
-1 -1
-1 -1
-1 -1
-1 -1
-1 -1
-1 -1
-1 -1
-1 -1
-1 -1
-1 -1
-1 -1
-1 -1
1727 1727
13 13
-1 -1
-1 -1
-1 -1
-1 -1
-1 -1
-1 -1
1858 1858
-1 -1
-1 -1
-1 -1
-1 -1
268 268
-1 -1
-1 -1
-1 -1
-1 -1
-1 -1
-1 -1
-1 -1
-1 -1
-1 -1
-1 -1
-1 -1
-1 -1
-1 -1
-1 -1
-1 -1
-1 -1
-1 -1
-1 -1
-1 -1
-1 -1
-1 -1
-1 -1
-1 -1
-1 -1
480 481
341 341
-1 -1
-1 -1
-1 -1
-1 -1
-1 -1
-1 -1
-1 -1
-1 -1
-1 -1
-1 -1
-1 -1
1986 1986
-1 -1
-1 -1
-1 -1
-1 -1
1915 1915
454 456
1379 1379
1204 1204
-1 -1
-1 -1
-1 -1
1489 1489
-1 -1
-1 -1
-1 -1
-1 -1
-1 -1
-1 -1
-1 -1
-1 -1
-1 -1
-1 -1
-1 -1
-1 -1
-1 -1
-1 -1
911 911
-1 -1
-1 -1
-1 -1
-1 -1
798 798
-1 -1
-1 -1
-1 -1
-1 -1
-1 -1
-1 -1
-1 -1
-1 -1
-1 -1
-1 -1
-1 -1
-1 -1
206 206
-1 -1
-1 -1
-1 -1
-1 -1
-1 -1
-1 -1
1499 1499
204 204
-1 -1
-1 -1
-1 -1
-1 -1
-1 -1
-1 -1
-1 -1
186 186
-1 -1
-1 -1
-1 -1
-1 -1
-1 -1
-1 -1
-1 -1
-1 -1
315 315
-1 -1
-1 -1
-1 -1
-1 -1
-1 -1
-1 -1
-1 -1
-1 -1
-1 -1
1494 1494
-1 -1
-1 -1
1243 1243
-1 -1
-1 -1
-1 -1
-1 -1
-1 -1
-1 -1
-1 -1
-1 -1
-1 -1
-1 -1
-1 -1
-1 -1
-1 -1
1013 1013
-1 -1
-1 -1
-1 -1
-1 -1
-1 -1
-1 -1
-1 -1
-1 -1
-1 -1
567 567
390 391
-1 -1
-1 -1
-1 -1
-1 -1
-1 -1
-1 -1
1244 1244
-1 -1
1767 1767
801 802
-1 -1
-1 -1
-1 -1
-1 -1
-1 -1
-1 -1
279 279
-1 -1
-1 -1
-1 -1
407 407
-1 -1
-1 -1
-1 -1
-1 -1
-1 -1
-1 -1
1409 1409
-1 -1
-1 -1
-1 -1
-1 -1
-1 -1
-1 -1
-1 -1
1099 1099
-1 -1
-1 -1
-1 -1
-1 -1
-1 -1
-1 -1
-1 -1
-1 -1
-1 -1
-1 -1
1564 1564
490 490
-1 -1
-1 -1
-1 -1
-1 -1
1676 1676
-1 -1
-1 -1
1979 1979
-1 -1
-1 -1
-1 -1
-1 -1
-1 -1
-1 -1
-1 -1
-1 -1
-1 -1
-1 -1
-1 -1
-1 -1
-1 -1
-1 -1
-1 -1
-1 -1
-1 -1
-1 -1
1823 1824
-1 -1
-1 -1
-1 -1
-1 -1
82 82
-1 -1
-1 -1
1056 1056
930 930
-1 -1
-1 -1
501 501
322 322
-1 -1
-1 -1
1402 1403
-1 -1
1753 1753
-1 -1
-1 -1
-1 -1
371 372
-1 -1
728 728
-1 -1
-1 -1
-1 -1
-1 -1
-1 -1
-1 -1
-1 -1
-1 -1
1479 1479
-1 -1
501 501
-1 -1
-1 -1
-1 -1
-1 -1
-1 -1
1150 1150
-1 -1
-1 -1
-1 -1
-1 -1
-1 -1
-1 -1
-1 -1
-1 -1
-1 -1
-1 -1
-1 -1
-1 -1
1558 1558
-1 -1
-1 -1
-1 -1
-1 -1
1834 1834
-1 -1
-1 -1
-1 -1
-1 -1
-1 -1
-1 -1
-1 -1
-1 -1
-1 -1
1004 1004
-1 -1
-1 -1
-1 -1
-1 -1
-1 -1
-1 -1
-1 -1
-1 -1
-1 -1
-1 -1
-1 -1
-1 -1
-1 -1
-1 -1
-1 -1
1305 1305
-1 -1
1394 1394
-1 -1
-1 -1
-1 -1
-1 -1
-1 -1
-1 -1
-1 -1
-1 -1
-1 -1
-1 -1
-1 -1
-1 -1
-1 -1
-1 -1
-1 -1
119 119
-1 -1
1297 1297
-1 -1
-1 -1
908 908
-1 -1
-1 -1
-1 -1
1371 1371
87 87
-1 -1
-1 -1
-1 -1
-1 -1
-1 -1
-1 -1
1354 1355
-1 -1
-1 -1
-1 -1
-1 -1
-1 -1
-1 -1
-1 -1
-1 -1
-1 -1
-1 -1
-1 -1
-1 -1
730 730
979 979
-1 -1
-1 -1
-1 -1
-1 -1
-1 -1
1450 1450
-1 -1
-1 -1
-1 -1
-1 -1
-1 -1
-1 -1
-1 -1
-1 -1
-1 -1
-1 -1
-1 -1
-1 -1
-1 -1
-1 -1
-1 -1
-1 -1
-1 -1
-1 -1
-1 -1
-1 -1
-1 -1
-1 -1
-1 -1
-1 -1
494 494
1879 1879
-1 -1
-1 -1
-1 -1
-1 -1
-1 -1
-1 -1
-1 -1
15 15
1215 1215
-1 -1
-1 -1
913 913
-1 -1
-1 -1
-1 -1
-1 -1
2010 2010
-1 -1
-1 -1
-1 -1
-1 -1
-1 -1
-1 -1
-1 -1
1522 1522
-1 -1
711 711
-1 -1
981 981
-1 -1
-1 -1
-1 -1
768 768
-1 -1
-1 -1
1083 1083
410 410
1992 1992
-1 -1
-1 -1
-1 -1
-1 -1
-1 -1
-1 -1
-1 -1
-1 -1
-1 -1
-1 -1
-1 -1
-1 -1
-1 -1
1648 1648
98 98
-1 -1
-1 -1
-1 -1
-1 -1
1378 1378
-1 -1
-1 -1
-1 -1
-1 -1
-1 -1
-1 -1
-1 -1
-1 -1
1450 1450
-1 -1
-1 -1
-1 -1
-1 -1
-1 -1
1259 1259
1622 1622
-1 -1
-1 -1
-1 -1
-1 -1
-1 -1
-1 -1
-1 -1
-1 -1
-1 -1
1168 1168
-1 -1
256 256
-1 -1
-1 -1
1976 1976
-1 -1
-1 -1
-1 -1
1633 1633
1791 1791
1868 1868
-1 -1
-1 -1
-1 -1
-1 -1
-1 -1
-1 -1
-1 -1
-1 -1
-1 -1
-1 -1
-1 -1
-1 -1
-1 -1
-1 -1
1672 1672
-1 -1
324 324
-1 -1
-1 -1
613 613
-1 -1
-1 -1
-1 -1
-1 -1
1063 1063
-1 -1
1836 1836
-1 -1
-1 -1
-1 -1
-1 -1
-1 -1
-1 -1
-1 -1
-1 -1
-1 -1
-1 -1
-1 -1
-1 -1
-1 -1
-1 -1
-1 -1
-1 -1
-1 -1
-1 -1
-1 -1
-1 -1
-1 -1
-1 -1
-1 -1
-1 -1
-1 -1
-1 -1
80 80
404 404
345 345
-1 -1
1447 1447
-1 -1
-1 -1
-1 -1
-1 -1
-1 -1
-1 -1
-1 -1
-1 -1
1945 1946
387 387
-1 -1
-1 -1
-1 -1
-1 -1
1720 1721
-1 -1
-1 -1
-1 -1
-1 -1
-1 -1
-1 -1
-1 -1
377 377
1943 1943
-1 -1
-1 -1
-1 -1
568 568
-1 -1
-1 -1
1638 1638
-1 -1
-1 -1
-1 -1
-1 -1
-1 -1
-1 -1
-1 -1
-1 -1
-1 -1
-1 -1
-1 -1
-1 -1
-1 -1
1345 1345
-1 -1
-1 -1
-1 -1
-1 -1
-1 -1
-1 -1
397 397
-1 -1
-1 -1
-1 -1
-1 -1
-1 -1
-1 -1
-1 -1
-1 -1
-1 -1
319 319
-1 -1
-1 -1
-1 -1
-1 -1
548 548
-1 -1
-1 -1
-1 -1
-1 -1
-1 -1
-1 -1
-1 -1
-1 -1
-1 -1
-1 -1
-1 -1
-1 -1
-1 -1
1174 1175
-1 -1
-1 -1
-1 -1
-1 -1
-1 -1
-1 -1
-1 -1
-1 -1
-1 -1
-1 -1
1929 1929
-1 -1
-1 -1
-1 -1
-1 -1
-1 -1
-1 -1
-1 -1
-1 -1
-1 -1
-1 -1
-1 -1
-1 -1
-1 -1
-1 -1
-1 -1
-1 -1
-1 -1
-1 -1
-1 -1
-1 -1
-1 -1
-1 -1
-1 -1
-1 -1
1000 1000
-1 -1
-1 -1
-1 -1
-1 -1
-1 -1
-1 -1
1882 1882
-1 -1
-1 -1
-1 -1
260 260
-1 -1
-1 -1
-1 -1
-1 -1
-1 -1
-1 -1
-1 -1
-1 -1
-1 -1
-1 -1
1163 1164
-1 -1
-1 -1
-1 -1
828 828
-1 -1
719 719
-1 -1
-1 -1
-1 -1
-1 -1
-1 -1
-1 -1
-1 -1
-1 -1
1467 1467
158 160
-1 -1
-1 -1
1412 1412
-1 -1
-1 -1
-1 -1
-1 -1
-1 -1
-1 -1
1440 1440
-1 -1
-1 -1
-1 -1
-1 -1
-1 -1
-1 -1
-1 -1
-1 -1
-1 -1
-1 -1
1696 1696
-1 -1
-1 -1
40 40
880 881
-1 -1
-1 -1
-1 -1
-1 -1
-1 -1
-1 -1
-1 -1
-1 -1
-1 -1
-1 -1
-1 -1
-1 -1
-1 -1
-1 -1
-1 -1
-1 -1
-1 -1
-1 -1
-1 -1
655 655
-1 -1
-1 -1
-1 -1
-1 -1
-1 -1
-1 -1
-1 -1
-1 -1
-1 -1
151 151
-1 -1
-1 -1
-1 -1
-1 -1
246 246
-1 -1
-1 -1
-1 -1
-1 -1
-1 -1
-1 -1
-1 -1
-1 -1
-1 -1
901 901
-1 -1
-1 -1
-1 -1
-1 -1
-1 -1
-1 -1
1463 1463
-1 -1
-1 -1
-1 -1
-1 -1
-1 -1
-1 -1
-1 -1
-1 -1
406 406
-1 -1
204 204
-1 -1
-1 -1
-1 -1
-1 -1
-1 -1
-1 -1
-1 -1
1798 1798
-1 -1
-1 -1
-1 -1
-1 -1
-1 -1
-1 -1
-1 -1
-1 -1
-1 -1
-1 -1
-1 -1
-1 -1
-1 -1
-1 -1
1393 1393
-1 -1
-1 -1
584 584
821 821
-1 -1
-1 -1
-1 -1
-1 -1
-1 -1
-1 -1
-1 -1
1923 1923
1161 1161
-1 -1
729 729
-1 -1
-1 -1
-1 -1
-1 -1
414 414
840 841
-1 -1
-1 -1
-1 -1
-1 -1
1874 1874
-1 -1
-1 -1
-1 -1
-1 -1
-1 -1
-1 -1
-1 -1
-1 -1
-1 -1
-1 -1
-1 -1
-1 -1
-1 -1
-1 -1
-1 -1
-1 -1
1353 1353
-1 -1
-1 -1
-1 -1
1310 1311
1515 1515
-1 -1
-1 -1
-1 -1
-1 -1
-1 -1
-1 -1
-1 -1
-1 -1
-1 -1
-1 -1
776 776
-1 -1
1456 1456
-1 -1
-1 -1
-1 -1
-1 -1
-1 -1
-1 -1
1826 1826
-1 -1
-1 -1
-1 -1
-1 -1
-1 -1
-1 -1
1642 1642
-1 -1
-1 -1
-1 -1
-1 -1
-1 -1
-1 -1
-1 -1
1588 1589
-1 -1
-1 -1
-1 -1
-1 -1
-1 -1
-1 -1
-1 -1
-1 -1
-1 -1
-1 -1
694 694
-1 -1
-1 -1
-1 -1
-1 -1
-1 -1
-1 -1
-1 -1
-1 -1
-1 -1
-1 -1
-1 -1
-1 -1
-1 -1
-1 -1
1476 1476
-1 -1
-1 -1
-1 -1
-1 -1
-1 -1
-1 -1
281 281
1710 1710
-1 -1
-1 -1
-1 -1
-1 -1
1634 1634
1051 1051
-1 -1
-1 -1
-1 -1
-1 -1
-1 -1
1325 1326
-1 -1
1879 1879
-1 -1
-1 -1
-1 -1
-1 -1
-1 -1
-1 -1
-1 -1
-1 -1
-1 -1
-1 -1
-1 -1
-1 -1
-1 -1
-1 -1
-1 -1
-1 -1
925 925
-1 -1
-1 -1
-1 -1
-1 -1
-1 -1
-1 -1
-1 -1
-1 -1
-1 -1
-1 -1
-1 -1
-1 -1
-1 -1
-1 -1
1713 1713
-1 -1
-1 -1
1095 1095
-1 -1
-1 -1
-1 -1
1864 1864
-1 -1
-1 -1
-1 -1
-1 -1
-1 -1
1790 1790
-1 -1
-1 -1
-1 -1
-1 -1
-1 -1
-1 -1
-1 -1
-1 -1
-1 -1
-1 -1
-1 -1
-1 -1
-1 -1
-1 -1
-1 -1
-1 -1
-1 -1
31 33
-1 -1
-1 -1
1125 1125
-1 -1
-1 -1
-1 -1
-1 -1
1701 1701
-1 -1
-1 -1
-1 -1
-1 -1
-1 -1
-1 -1
-1 -1
747 747
-1 -1
-1 -1
-1 -1
-1 -1
-1 -1
-1 -1
-1 -1
-1 -1
-1 -1
-1 -1
-1 -1
-1 -1
-1 -1
-1 -1
-1 -1
-1 -1
901 901
-1 -1
-1 -1
-1 -1
-1 -1
1423 1423
-1 -1
-1 -1
566 566
-1 -1
-1 -1
-1 -1
-1 -1
-1 -1
-1 -1
-1 -1
-1 -1
-1 -1
-1 -1
1953 1954
-1 -1
-1 -1
-1 -1
-1 -1
-1 -1
-1 -1
106 106
-1 -1
-1 -1
-1 -1
-1 -1
-1 -1
-1 -1
-1 -1
-1 -1
-1 -1
-1 -1
954 954
-1 -1
-1 -1
-1 -1
-1 -1
-1 -1
-1 -1
-1 -1
-1 -1
-1 -1
-1 -1
-1 -1
-1 -1
-1 -1
-1 -1
-1 -1
-1 -1
861 861
-1 -1
-1 -1
-1 -1
-1 -1
-1 -1
-1 -1
-1 -1
-1 -1
-1 -1
-1 -1
-1 -1
-1 -1
-1 -1
1354 1355
1561 1561
-1 -1
1784 1784
-1 -1
-1 -1
-1 -1
-1 -1
467 467
-1 -1
-1 -1
-1 -1
-1 -1
-1 -1
-1 -1
-1 -1
-1 -1
-1 -1
-1 -1
-1 -1
-1 -1
-1 -1
-1 -1
-1 -1
-1 -1
-1 -1
886 886
-1 -1
-1 -1
-1 -1
-1 -1
-1 -1
435 435
-1 -1
-1 -1
-1 -1
-1 -1
-1 -1
-1 -1
1093 1094
-1 -1
-1 -1
-1 -1
-1 -1
1082 1082
-1 -1
515 515
1608 1608
-1 -1
1750 1750
-1 -1
-1 -1
951 952
-1 -1
-1 -1
-1 -1
-1 -1
-1 -1
-1 -1
-1 -1
-1 -1
-1 -1
799 800
-1 -1
-1 -1
-1 -1
-1 -1
-1 -1
-1 -1
-1 -1
-1 -1
-1 -1
1805 1805
-1 -1
834 835
-1 -1
-1 -1
-1 -1
-1 -1
-1 -1
-1 -1
-1 -1
-1 -1
327 327
-1 -1
-1 -1
-1 -1
1543 1543
-1 -1
-1 -1
-1 -1
-1 -1
-1 -1
-1 -1
-1 -1
-1 -1
1700 1700
-1 -1
-1 -1
454 456
-1 -1
-1 -1
-1 -1
-1 -1
772 772
1441 1441
-1 -1
-1 -1
-1 -1
-1 -1
-1 -1
-1 -1
-1 -1
751 751
-1 -1
418 418
-1 -1
-1 -1
980 980
-1 -1
-1 -1
-1 -1
-1 -1
794 794
-1 -1
-1 -1
1472 1472
-1 -1
822 822
-1 -1
214 214
-1 -1
-1 -1
-1 -1
-1 -1
-1 -1
-1 -1
53 54
-1 -1
-1 -1
-1 -1
-1 -1
-1 -1
-1 -1
-1 -1
1317 1317
-1 -1
1368 1368
-1 -1
1811 1811
-1 -1
1582 1582
-1 -1
1101 1101
-1 -1
956 956
-1 -1
316 316
1400 1400
-1 -1
-1 -1
-1 -1
-1 -1
-1 -1
-1 -1
-1 -1
-1 -1
-1 -1
-1 -1
848 848
