4902 4902
1159 1159
6046 6046
7062 7062
4964 4964
-1 -1
1094 1094
9039 9039
550 550
1645 1645
4088 4088
4380 4380
9832 9832
1706 1706
2425 2425
5024 5025
254 254
8746 8746
-1 -1
7090 7092
9200 9200
7 7
-1 -1
-1 -1
5078 5078
1066 1067
6662 6662
-1 -1
-1 -1
2157 2157
-1 -1
-1 -1
7031 7031
9043 9043
-1 -1
9023 9024
7910 7910
7066 7067
-1 -1
-1 -1
6254 6254
-1 -1
747 747
7872 7872
-1 -1
6984 6984
9792 9794
1051 1052
8183 8184
7476 7477
9451 9451
4248 4248
-1 -1
-1 -1
8294 8294
8887 8889
-1 -1
-1 -1
8890 8890
-1 -1
4870 4870
4914 4914
6473 6473
2356 2358
5679 5679
3112 3112
9380 9380
6476 6476
-1 -1
3694 3694
7746 7746
-1 -1
3964 3965
-1 -1
-1 -1
9765 9765
-1 -1
2452 2452
-1 -1
-1 -1
1433 1433
3003 3003
1595 1595
-1 -1
-1 -1
5478 5478
5334 5334
-1 -1
7573 7574
1107 1107
-1 -1
1642 1642
-1 -1
8583 8584
4902 4902
2923 2925
5056 5056
3792 3792
4849 4849
3865 3865
-1 -1
-1 -1
8443 8443
5229 5229
9657 9657
7238 7238
-1 -1
353 354
1814 1814
7429 7429
9784 9784
-1 -1
5547 5547
594 594
3718 3718
2458 2458
9686 9686
5377 5377
2837 2837
8587 8589
4822 4822
6297 6297
-1 -1
9672 9674
-1 -1
6993 6994
7313 7313
-1 -1
3949 3949
3112 3112
8579 8579
3320 3320
160 160
-1 -1
1366 1368
-1 -1
4841 4841
9358 9358
-1 -1
4922 4922
-1 -1
-1 -1
-1 -1
7672 7673
-1 -1
-1 -1
-1 -1
2212 2212
-1 -1
-1 -1
7992 7993
2396 2396
762 762
54 55
9983 9983
-1 -1
4460 4460
-1 -1
4693 4695
228 228
4586 4586
8841 8841
2346 2347
6589 6590
3613 3613
7458 7458
-1 -1
4762 4762
7078 7079
1137 1137
2771 2771
7583 7583
2833 2836
105 106
2203 2203
8841 8841
4315 4318
3985 3985
7796 7796
-1 -1
7149 7149
8540 8540
2156 2156
765 765
9220 9220
8606 8606
-1 -1
7022 7022
9248 9248
4876 4876
-1 -1
3075 3076
-1 -1
-1 -1
2278 2278
2827 2827
6881 6881
8423 8426
1173 1174
9769 9770
4018 4018
-1 -1
4407 4407
5654 5654
9540 9540
5013 5015
2496 2496
-1 -1
7185 7185
-1 -1
6180 6180
5371 5371
-1 -1
6948 6948
9639 9639
-1 -1
6469 6469
6035 6036
6125 6125
-1 -1
-1 -1
165 166
2199 2200
1646 1646
3324 3325
-1 -1
838 838
-1 -1
-1 -1
8525 8525
-1 -1
3388 3389
3166 3166
6778 6779
8309 8309
5395 5395
8538 8538
5556 5559
1215 1216
7906 7907
-1 -1
831 833
-1 -1
1505 1505
4701 4701
-1 -1
6639 6639
6636 6637
-1 -1
6155 6156
9291 9291
3455 3456
3844 3846
3676 3676
-1 -1
9653 9653
7780 7780
9525 9525
1898 1898
9859 9861
-1 -1
-1 -1
4771 4772
-1 -1
-1 -1
1635 1635
-1 -1
8958 8962
-1 -1
-1 -1
4296 4297
2683 2684
9184 9184
9360 9362
-1 -1
-1 -1
8542 8542
-1 -1
3873 3875
1738 1738
6605 6606
-1 -1
-1 -1
2695 2695
51 51
7837 7837
8044 8044
-1 -1
-1 -1
-1 -1
9730 9732
-1 -1
2931 2931
7792 7792
-1 -1
6854 6854
8747 8748
-1 -1
-1 -1
-1 -1
1661 1661
6044 6044
5700 5701
-1 -1
407 408
6460 6460
9184 9184
3390 3390
5638 5638
-1 -1
1927 1927
5629 5629
-1 -1
-1 -1
-1 -1
8095 8095
-1 -1
362 362
9931 9931
-1 -1
9964 9964
5012 5012
-1 -1
6364 6364
9008 9008
-1 -1
-1 -1
4038 4038
6789 6789
8172 8172
-1 -1
-1 -1
5280 5282
-1 -1
7051 7051
2916 2916
9486 9486
9575 9575
-1 -1
-1 -1
1292 1292
-1 -1
-1 -1
-1 -1
8936 8937
775 775
2523 2523
4004 4004
7278 7279
5803 5805
9234 9236
-1 -1
8377 8377
-1 -1
-1 -1
1617 1618
4872 4872
9075 9075
7244 7245
721 723
9955 9958
8078 8079
9672 9674
4800 4800
3484 3484
1512 1512
-1 -1
385 385
3102 3102
636 637
-1 -1
6255 6255
-1 -1
4437 4438
5447 5447
2364 2364
-1 -1
6435 6439
3172 3175
9371 9373
4802 4805
7437 7437
4903 4904
4680 4680
7638 7638
8876 8877
-1 -1
2274 2274
-1 -1
8115 8115
-1 -1
3285 3285
8591 8591
-1 -1
8542 8542
7399 7399
252 252
454 454
-1 -1
8523 8523
6453 6453
1744 1745
-1 -1
-1 -1
-1 -1
-1 -1
-1 -1
4374 4374
8060 8061
-1 -1
8886 8886
-1 -1
-1 -1
1315 1316
3743 3743
6990 6990
2486 2488
1144 1145
6922 6924
7825 7825
8001 8002
2270 2270
6147 6147
7497 7497
6577 6577
-1 -1
-1 -1
9760 9761
2772 2772
-1 -1
9369 9370
4593 4594
9609 9609
-1 -1
-1 -1
-1 -1
7951 7951
6566 6566
6416 6416
8553 8553
4023 4024
1928 1930
6089 6091
-1 -1
9601 9602
1686 1687
5278 5279
1879 1880
8167 8168
-1 -1
8380 8382
4951 4951
6738 6738
2041 2041
1134 1134
3704 3704
4558 4559
6178 6179
-1 -1
9951 9951
-1 -1
2508 2508
-1 -1
-1 -1
9790 9790
-1 -1
5487 5487
-1 -1
8152 8153
1723 1723
7002 7002
8334 8334
5958 5960
-1 -1
9133 9133
1348 1349
-1 -1
-1 -1
1581 1581
-1 -1
35 36
4570 4570
3666 3666
8011 8011
-1 -1
-1 -1
1973 1973
6319 6320
3478 3478
-1 -1
7762 7762
1861 1861
-1 -1
8814 8814
-1 -1
2779 2780
-1 -1
-1 -1
430 430
3923 3923
619 620
-1 -1
6152 6152
4823 4825
4770 4770
7481 7483
4168 4168
-1 -1
-1 -1
5634 5635
5113 5114
-1 -1
6798 6798
1765 1766
-1 -1
-1 -1
7873 7874
-1 -1
8261 8261
5217 5220
7573 7574
-1 -1
-1 -1
-1 -1
3054 3054
1338 1339
5710 5710
858 858
1707 1707
2602 2602
3341 3342
-1 -1
-1 -1
3110 3110
7770 7770
-1 -1
-1 -1
1670 1670
-1 -1
-1 -1
-1 -1
6708 6708
9716 9716
2949 2952
5993 5993
4721 4722
3498 3498
-1 -1
8630 8631
99 99
8760 8760
1744 1745
8208 8208
3699 3700
9335 9335
8321 8322
4038 4038
4881 4881
6386 6387
6204 6204
-1 -1
-1 -1
6879 6879
2448 2449
9155 9156
7214 7214
3899 3899
2496 2496
3346 3346
7796 7796
-1 -1
772 772
-1 -1
7276 7276
4789 4790
5944 5944
7145 7148
9363 9367
2959 2960
-1 -1
3663 3663
5164 5166
-1 -1
-1 -1
4823 4825
-1 -1
-1 -1
-1 -1
-1 -1
5173 5174
-1 -1
1519 1519
9166 9168
-1 -1
-1 -1
-1 -1
9865 9866
257 258
9900 9900
6942 6943
3567 3569
6784 6784
6608 6608
3638 3639
4990 4990
2827 2827
-1 -1
-1 -1
9474 9477
8402 8402
1057 1058
4272 4273
7172 7173
186 186
-1 -1
635 635
2636 2637
1020 1023
7680 7680
-1 -1
10009 75176
9023 9024
9588 9588
535 535
1846 1846
2022 2022
7282 7282
3876 3877
7308 7308
6806 6806
6056 6056
-1 -1
-1 -1
-1 -1
6567 6569
6462 6463
-1 -1
-1 -1
-1 -1
-1 -1
9195 9195
-1 -1
5438 5439
8432 8432
641 641
7935 7935
-1 -1
-1 -1
-1 -1
7616 7616
8828 8829
4543 4544
160 160
-1 -1
2695 2695
6639 6639
-1 -1
7859 7859
5079 5079
562 562
-1 -1
-1 -1
7214 7214
8287 8287
9159 9159
-1 -1
-1 -1
9250 9253
9058 9059
-1 -1
-1 -1
-1 -1
6140 6140
190 193
1582 1583
5151 5151
-1 -1
5372 5376
7638 7638
4276 4278
199 199
5145 5145
-1 -1
6256 6256
-1 -1
1552 1552
6987 6988
1854 1854
-1 -1
226 226
3399 3399
8756 8757
2019 2019
3848 3849
5815 5815
-1 -1
-1 -1
8324 8325
1530 1532
2868 2868
9895 9896
3038 3039
2042 2042
4914 4914
-1 -1
6922 6924
8294 8294
5037 5038
9708 9708
-1 -1
-1 -1
-1 -1
-1 -1
-1 -1
7711 7711
5338 5339
3770 3770
-1 -1
9654 9654
3549 3549
7620 7620
-1 -1
8192 8193
-1 -1
7226 7227
-1 -1
1963 1965
2888 2888
-1 -1
5643 5646
3671 3671
6571 6571
-1 -1
7378 7378
-1 -1
-1 -1
-1 -1
-1 -1
2002 2002
5379 5379
6891 6891
1358 1359
-1 -1
7362 7362
338 338
614 614
-1 -1
-1 -1
-1 -1
2283 2283
6546 6547
-1 -1
-1 -1
353 354
-1 -1
6608 6608
3033 3033
-1 -1
5157 5157
-1 -1
-1 -1
-1 -1
5737 5738
6640 6640
3701 3703
-1 -1
4630 4630
-1 -1
4807 4808
931 931
8845 8845
-1 -1
7243 7243
5404 5404
2692 2694
-1 -1
1356 1356
4589 4589
-1 -1
4002 4003
1268 1270
7356 7356
-1 -1
-1 -1
6147 6147
-1 -1
-1 -1
9219 9219
5340 5340
-1 -1
6487 6488
457 457
4940 4940
-1 -1
-1 -1
-1 -1
9641 9642
-1 -1
1935 1935
4791 4791
3585 3586
1456 1457
6752 6753
-1 -1
3795 3795
-1 -1
1915 1915
-1 -1
-1 -1
-1 -1
4014 4014
3093 3095
2732 2732
1421 1421
-1 -1
-1 -1
-1 -1
7746 7746
-1 -1
5904 5904
6957 6957
5572 5572
950 950
-1 -1
-1 -1
3679 3680
2886 2886
302 305
7989 7989
5944 5944
6776 6776
403 404
3939 3939
-1 -1
8227 8227
4854 4855
-1 -1
4844 4845
3509 3509
8120 8120
3923 3923
-1 -1
7922 7926
-1 -1
4786 4786
3100 3101
551 551
8683 8684
2331 2332
9616 9616
5221 5221
-1 -1
-1 -1
-1 -1
-1 -1
-1 -1
2435 2435
-1 -1
-1 -1
2389 2389
6729 6729
7200 7200
8148 8148
7701 7702
1647 1647
7149 7149
1176 1176
-1 -1
-1 -1
7405 7407
-1 -1
249 249
6484 6486
4190 4190
2689 2689
7383 7383
6236 6236
1694 1694
2588 2590
2958 2958
2014 2014
8373 8373
-1 -1
6418 6420
9353 9354
-1 -1
-1 -1
786 786
-1 -1
9113 9113
-1 -1
-1 -1
7761 7761
-1 -1
5232 5232
7387 7387
9486 9486
7093 7093
9529 9531
-1 -1
4557 4557
9696 9696
9392 9393
4675 4675
-1 -1
8610 8610
6140 6140
5360 5360
4220 4220
5839 5839
7363 7365
4113 4113
3009 3010
-1 -1
6198 6198
4952 4952
-1 -1
-1 -1
-1 -1
-1 -1
5142 5142
7934 7934
2331 2332
4342 4342
-1 -1
7437 7437
-1 -1
3326 3326
4194 4195
3987 3987
3506 3506
-1 -1
579 580
1311 1311
-1 -1
5537 5537
-1 -1
7192 7192
2172 2173
-1 -1
1585 1585
9279 9279
7063 7063
-1 -1
5323 5323
