72923451
264590934
71924382
79120793
59007393
6521757
23616716
109757425
24769004
88398185
55045988
186821511
116877072
124057009
303466052
86019171
345282049
36751554
347624529
39605550
11567202
74108734
29909510
343575458
26353254
152846325
85726145
57422575
288286252
41033915
196143113
169345184
82697195
65041782
20398854
101917513
21418399
28124011
43720451
15139771
5455336
80991179
144664307
38251366
209028748
132210511
128406069
54048116
147246809
202667
53417857
155923729
83667084
45459149
8714142
257325256
8434233
68161053
36689235
151765158
7798471
4976969
64783916
311110266
67631049
72545737
242809329
46344874
12702463
235988725
18827574
10085736
2870501
184032139
220482997
34014321
34695589
36871228
229445392
96104380
31255391
8381583
96226798
46300278
74366971
103248736
75538782
263574694
27992327
106880158
125093047
31955740
201142014
87614791
30037417
185449145
35625515
247857729
60600419
208463695
266742312
88222122
216617935
69002482
112130874
2253457
11310508
99650622
134272906
16156741
168683557
29070508
23987757
313163
27319084
21346546
39503644
14720420
341210422
2606404
158542114
177225761
302792910
3716803
64046430
136017369
53778774
369171310
162180196
329981
162649334
77070285
104312791
171712878
72329047
212637929
59425783
93638500
228950810
177922221
151079792
119296855
1143768
9841441
14468425
132279829
41740542
256513768
212752182
74349857
171798734
94569209
266906956
285054315
145635158
162658278
4406226
79511697
76238124
228342309
3491448
52881935
7978212
232075871
220168435
4154251
148235841
224662252
112005811
68125765
111875833
10595207
3039049
84945572
85093261
167625681
31211143
9952758
56432680
25436138
15654442
296655118
63398310
36634135
188189491
304318092
280442078
26205111
242939
6653586
52287810
124748076
136616222
286436304
127153488
88737270
61499815
182302797
274012241
4464327
316518440
165511069
97344734
15356139
50561722
44951636
216820318
57463
260985438
4043092
181366385
25724751
217234615
62878383
45332573
46029828
152841332
673916
55050996
92980942
253594838
19111459
207306685
161830619
53348238
137726696
22163466
426600934
113982126
17707845
109070
117473378
365814421
396801676
2091301
155841654
139825071
23979735
207062023
5474058
68795088
95376457
81707950
72769396
350128693
220007138
6750854
60370467
69296
97104194
364264048
149441599
17435250
93029396
187552560
4138464
61455764
21557062
221634223
274135258
181216951
58605586
159715876
384436811
105377910
161880042
9497190
11376679
191674405
204552271
212978631
169200803
47356423
99307782
79661027
55059602
13432051
302445785
200490392
54258131
1611021
133932881
281563735
75803268
2756062
347697804
235851928
120721279
113552426
25868780
40529836
64331478
36694900
129124589
2177368
215706249
5351880
80867235
10560434
271353440
49671716
1466709
3427732
323719153
417609541
942603
25314545
63401300
336644548
30199959
32297301
10440953
232293071
289656662
258374700
54490950
77641078
18231257
304461476
191755396
170737872
46391475
311700350
138603738
113532505
119432735
84417195
120279672
323362350
28221191
109901360
89129116
56290015
55743021
122905543
23283984
14871228
369389927
143407107
65381606
202281656
130376226
323858764
47981403
3552307
922586
367203598
254271264
362330656
10889717
2370729
45248420
292769259
99099680
116043114
38878350
103145032
61280034
206191046
207770323
121547962
74321326
12821637
35328873
99217696
96799614
130567337
14337919
11675515
184126338
184918779
21852172
36309242
76086082
32545419
23979904
34758153
57867228
26163617
27428157
93906287
85038958
57629768
53717439
83697176
48415100
207942012
201869234
126553969
40784622
156991458
5890360
333984711
58142697
117092341
91736789
52314564
255046487
113771723
7328927
27361406
237260236
2292866
70148195
235162741
116411583
34789269
217748110
3758143
140228838
64104350
141829055
347937798
130514830
3217396
28098033
211922698
275568711
63864745
76417755
113732961
287404703
35322985
127471848
31820062
72897886
251777404
258682378
6085974
93548917
116808478
12206444
384789702
191270253
20934868
51047836
31411610
332349099
301727916
104115036
396455446
132885583
130049592
107143170
298358536
39514183
237650823
134833144
272340822
110428723
10328473
165524299
170089186
108204766
226646593
105272898
212449
324136690
82369290
233681375
88294517
96497223
54560415
140905696
1556609
5410610
8676190
33157783
110772495
155777567
101833842
187104574
149828397
395097415
27010891
9219662
48787177
50929218
107102425
131343482
2336285
13109154
198863294
163513973
130790934
18362228
90253934
3115901
3117830
33440075
265305262
6516134
17903202
275767283
48067183
89811769
126912123
58657446
33663995
106347011
55999351
154779169
25532358
144455979
133619948
131636414
2348681
153547831
164109632
108602391
40041063
140540367
5157721
197756784
131796621
22524671
57940890
100042110
81859011
145432671
147030413
687796
283002750
19851373
4015101
361405926
55676620
225078708
104196100
202749955
42473248
132443232
69321277
28079687
19183837
128385456
199348747
6244996
91816940
86315769
53065495
115558828
9717593
24410497
26567759
276841250
138434190
384159520
179722428
60691002
193359326
58012507
6807186
936485
90265291
37782119
195439432
47949815
43798
71029133
136971713
174090952
417305627
29799051
57182461
170855264
28181374
54053955
64063751
14211624
146572201
147206891
155226934
299520782
144756839
137644093
279708843
86694866
232887284
208519988
59426359
110156658
1580280
158531446
33239148
305939240
53635590
18143909
70385095
33972687
141141873
224785684
350377343
326283556
26676012
128586298
223737842
66545954
400156468
418763992
98708417
62084680
177133769
216807290
8047687
44502649
55984068
47892435
291823467
41972494
43499886
10102077
275393411
85839698
361499366
24581382
258964067
39646
18135363
21613502
30848516
156812961
157023874
258856693
109355206
50874084
10508278
213768910
38897246
57620737
133441
53170743
189015111
35456968
128967536
120621666
121381494
23477624
10964783
222995325
69212708
108448668
7856327
5204904
26553392
16617737
186302568
10795906
145338584
49290867
15903333
205915090
340911659
422712124
97041481
46168233
233247907
20387604
236775782
14660231
17206956
15891242
24814912
9049534
69999117
96672504
238911524
144861304
26622298
430549640
233142050
59222488
8185404
395341842
5358553
121820439
217014869
80832212
201797717
142590696
403598157
251792031
213915562
129021694
49459476
154899696
31385591
198113677
38286493
172711107
39839996
105794063
80429546
165559989
64251009
117644124
17651567
3310549
247154580
102540068
107681481
206847662
191825430
87954114
64617834
4941763
95246657
210832199
38487517
276668301
140420915
203734245
128597052
12332574
17390847
202761
374481852
28343045
20940200
27199431
51437940
396087
29325311
162793762
1047339
120516420
86055880
78128011
17283638
43581655
127229948
42544291
159695579
64086401
23402370
333588867
11896633
215909730
113275776
82403373
27751078
37337759
1474997
114107052
149356766
68069127
6480913
64408081
148188270
55389729
51374021
168271480
87573286
64361541
292253626
328732024
109837260
293481419
133778075
35019248
304949112
70272364
104465538
150581083
174976743
61776543
53510668
83871216
94711162
91859024
228743339
198342216
207921042
193055580
42047855
37557099
15432969
79801303
2548059
237099239
120237176
249340827
89336692
149213288
191206195
93270203
6369903
114169357
54352593
72589261
133178859
11481217
44712629
173963789
65308021
11931549
236135717
11189158
4426848
2605354
154063238
142893490
149019106
116537542
120315443
64996920
176330545
25577651
21385696
123180805
117426429
15230183
3932957
30534828
1738122
182784335
32470727
70356557
44452393
127962686
373055930
267863631
5187058
30802047
222011066
74747888
8641607
93311066
354485958
19747563
88515574
169145473
36191187
54266196
39932774
204423154
148861370
226349498
19613691
25992767
56610130
10603591
194131639
789011
109193078
19774769
14549219
28522874
404215784
191654612
261735417
97271210
122829978
308184223
108530412
304181196
4513478
27562866
189986227
16899154
124233520
54556067
392734251
90768670
92603367
250570409
109193336
40165301
131804625
1663255
79230973
14827932
306798728
36683565
183722624
355732191
155204674
77677275
48850646
146318126
209357494
309431151
199375404
87503048
1771023
582070
3494605
79587079
29190752
29228703
252350275
114080995
1619798
74517973
73803243
110952962
349184037
57196459
19622917
114484060
12294016
401904776
163584956
211475
84461332
324350298
123983996
187803851
163066554
40966397
73489317
350761044
34032238
214979662
165427622
7804704
5672861
197860374
10307171
23399295
41492393
220288477
95751598
20336320
93387186
61969321
168897797
110985310
1839613
14813937
69828375
175698988
34517837
136821237
56281647
61239679
1762877
5199015
113262133
30153677
61814970
303597275
55593540
62364426
4979312
116146500
76922845
115710879
25409838
150937764
35260729
23208028
313977126
287598833
7553862
330645308
182848129
303067888
39218284
139550630
255607175
144444003
262099681
1558527
8188739
110403307
5462707
52090152
7040908
20646939
172666087
178951026
103803540
27079001
356455393
70358027
311135401
46292721
166524885
120542598
436633829
163971195
26878751
158163931
196614265
43160589
106997587
324650048
170796068
51608894
80117324
172468183
74989287
48717971
63336293
138002316
82178942
101813034
270950043
281858293
2751513
73354275
3820300
129244086
292046265
190917884
27808406
223796240
112934328
17058842
406841760
73600930
310980572
147488514
128443072
239989651
262685819
73648574
47971373
36218946
83310905
11860837
22741986
333328066
164711882
1886872
273382894
4349879
820271
35473908
207854734
1595960
289945774
176423319
111147210
190851295
25739133
148985216
132227460
9753767
147472546
152290742
113427000
130980916
180211327
104310369
62126572
337820451
116551108
7004729
72593781
142712534
239765184
63204074
239369562
71388492
122863594
18170154
23662739
128747180
129818440
2361168
173830116
35781891
100323238
9019911
16156381
113148321
430309518
298899799
53518804
128759400
310037593
6135052
68970336
280282425
9331347
88547866
18946921
123785624
27499909
6919171
287063176
260129996
18631634
82501654
69316672
170766580
2721752
1399332
61170737
216413912
11882741
35497254
18265874
10815326
130966490
174700863
231435953
152662447
241030153
89991339
129317377
15228522
28594540
150949364
42675801
43214945
114094525
64556320
141865444
107774862
377534523
41118440
57599548
266548573
116591546
137969749
54248020
168222999
298152422
48762658
52698328
16242075
9112959
231806344
334537689
28014787
84376863
279915
9034560
138428704
35335695
97536432
15593780
205924045
57936586
20332282
12017539
69229332
40703853
369302501
1873911
19141021
67958840
256469112
182065814
50053339
124066613
33133503
116999062
51579725
11829875
214485295
6558780
71203704
79898341
301649433
114875931
109503311
138718691
49355823
257224146
330539590
59810613
139525196
211522040
6662275
253921957
92394570
240978889
321811766
12769169
87345427
11539755
96837049
2630703
31153598
34888000
143469710
111193860
171372304
60232636
40823634
124025309
58696779
233337489
4168828
24892715
145596169
34553121
260278769
62501964
270288560
192337967
127225151
70369469
68707077
1855445
6379211
8610140
217262994
173979196
30050666
4286670
35600607
171138500
175427720
72660
403435385
112211401
51651087
45990909
4846823
70813704
105942944
27117810
175290033
99731036
1895741
21679358
46500607
208751109
53527780
315582488
249480022
29659680
217853936
299621092
291324706
102408610
54717756
282113944
59991272
95253277
178821210
32437863
15854053
78246960
278541907
121137396
124381561
172824699
133850701
15514042
333574847
1305125
6757390
207075222
14688230
68316155
70822848
34087805
32429663
40354417
59091032
75256076
209453409
282606617
78177525
154311847
46053831
288020052
89328603
102566778
45553774
28031474
21452536
2341017
310467663
430404003
458699025
404900834
33542027
224370246
109062966
22232308
117860121
64060659
1218495
129545352
252990353
35635819
222940223
173238890
32802456
47844953
18334212
123947411
322491441
258860604
7133393
36572381
61543864
10186449
58246273
193193572
67691617
51603150
114588901
25466706
194934296
75585194
12530452
12516395
6356721
198137138
92607771
445254833
306129087
53356298
50270862
116129984
84932426
37994491
13596575
129683658
151770600
105857019
144361180
164564401
138624033
154364945
224630865
212965534
129318716
36547028
24638719
6774025
242129816
68442799
318176894
177968294
407611741
218302324
161517723
136610983
39473720
141611982
13780691
41593480
28949634
80886
1101445
199362102
34570373
175171511
34647197
380638483
54036622
310877484
88214009
31315368
13733880
233915001
78596257
205444638
70699431
650297
45599817
297549959
64154791
175342667
187599573
320035881
208095937
46657363
344638649
6297680
11331020
317319110
227100457
80501724
123408548
4322115
228996987
265847640
313458441
292800792
92751063
26320543
22161380
30189180
29446899
3767660
81475933
216251090
94278328
8453009
127894763
169508315
60601838
113148190
125917261
1548656
106917277
144669048
119010027
38960737
237533001
30433262
317607791
62411542
65435954
12635171
166791692
3294874
16492664
200585290
31453197
117022063
115823179
15387942
45554815
85137953
26012692
80039145
310192664
85188469
165235092
53248598
211760816
237529888
281049575
80316215
370387
5176461
286009586
4620817
86714561
31563372
25637429
95883574
298704042
28942146
20737680
183466586
19454735
80347898
17903035
333013261
164515324
192582374
70999595
74096857
79265203
52535633
72872706
35876994
57752621
11491526
27842450
13225080
11113579
413222151
88840662
379777203
32870846
27781406
133582679
111377451
98782996
76376067
10238221
34222598
253966655
31389137
56941174
113260830
138205073
13966431
230090355
26642147
3705322
34804750
80768883
241535395
23673386
16337063
100089694
32045340
3344411
51090363
134638326
255379846
213439558
325905474
40363787
2439422
129417762
153908068
92643282
4499764
75934229
99173206
241442211
171574678
390775617
140303972
38183255
6452393
19540392
112606859
369674489
16476681
85562062
186469897
133268498
120868028
84456647
16036662
179055079
1029399
21848974
443040473
51855396
270613389
140376901
98890626
79018013
82691967
78710353
1845699
344406886
10175925
71542793
155209825
183501989
12558478
21153096
161072454
200725119
128170015
82104835
206270149
14793634
170580531
82418572
145886667
2274591
181038599
1072469
57336601
177932632
38713133
64942087
234466889
231037960
307079098
61148294
53629282
1430167
370020921
249933646
139937786
32251747
80740400
234427765
22518981
148309260
5551218
82421585
275050956
43744082
5508114
10116923
81895632
416863
13390887
3532919
236365073
190386096
160229442
359831160
91048066
53606303
61942161
780425
23424301
81883204
24338572
422701151
251300295
75051484
165099115
109898605
59921473
9940689
204306565
193083644
118823072
4546443
110020064
20390436
227839386
20562285
43509110
110336973
325063117
138757728
103068841
412285189
231820884
29410909
80825275
16420734
96569141
92322100
23918984
20894943
188650749
96489168
55391778
22172308
147917930
181715709
62914691
52090970
197688128
23128162
195403427
276359910
19435673
86805068
165840615
215796422
118400847
56570925
172659212
66252543
150120574
121034635
79163709
31504382
2919960
30405107
58107938
23600580
19374020
28676452
316371935
69188596
282247330
84129169
8510543
174058776
185832202
16057896
74135607
8621746
210991622
110556136
302126861
21495277
92267949
279721305
274818445
87639668
43275490
11107175
71800615
83215943
5136043
83118101
11674793
106107355
20436381
135881553
274356332
18685100
256199877
135435117
30488691
224850804
84261263
88778673
61389058
8732530
12060890
8603990
19761520
28850819
84348281
371849100
25425672
329635436
10320192
294537946
239127741
74704081
72418301
120208708
132057039
122823826
53798286
218466578
36878580
148959044
26221451
78615667
51920712
384535211
64795809
351175843
127315554
91515222
34271086
216795388
9912503
103940207
36554790
102322298
151428842
99816236
144361842
161598974
298735228
108923491
101611287
37870084
298389832
29790124
13498243
59498833
8147405
77011130
341229124
123074525
15352894
44275906
117448713
260651399
38047158
24495806
127485085
260810984
238567175
75282961
372289515
168671948
94871388
55643121
530506
36105524
42563801
168114538
405549291
139849921
92072501
45242495
68010650
92616230
23700431
44289804
72077306
110968345
343759395
1662875
153688226
62986657
120291442
23632005
90810463
11159141
14099283
127386414
263348609
98356906
194883974
154022526
94262326
19250811
27481222
162270358
4547778
156867375
4693287
6894674
197494247
183740187
122796145
15230975
48091808
23660067
251352732
58728831
6836040
50394484
168182879
28828213
248076075
326790377
22937324
175261249
326165836
41299339
61341848
144434506
5038637
10718538
8828851
59454841
30092652
3035197
191191288
92460944
174266390
2605130
309051539
30956844
111301923
220873063
61405210
40489372
2072450
355092431
56361918
336535084
94609015
776118
68321437
11305292
148609076
43076107
35439045
2009770
239820236
257914166
34897831
61455570
41767968
88052649
244267720
18100787
68807467
215222
298248595
12568615
52610578
111323532
54029496
50291922
302365390
61190017
22028703
274255342
258178422
347317824
348026679
262298680
127975524
60242522
100667039
405511568
452121226
25662846
26786654
149074623
54027631
36764765
73004050
26449858
198449798
96146602
145037582
99589104
121495297
176874235
2273837
18828510
120657577
7637539
72886712
82696463
185011203
126541183
29807460
42897786
129297975
104399790
21910559
92091321
13498621
89667582
50112006
67155985
255333878
75168088
69701050
315759923
29636101
29284647
131638121
97423827
412188972
172831898
861361
116589343
139759483
2159467
81611454
256315693
35015581
43552982
18154791
284616042
76627513
93896310
139238245
63754746
4832599
37074306
52612403
41731133
110148222
71890381
30267368
119778857
57106447
293615210
362818230
54323835
96891286
352621968
57667476
21836174
39979052
8402712
196721456
6521109
248429283
40888595
26334576
126164834
31913717
3541268
29666200
52941757
164096489
149225306
4549152
20192693
23845787
170317342
87306986
184845378
106413164
17728872
74207268
8869746
40936446
17825892
50317832
15921170
134044029
64436140
65791442
335274146
157823816
6627349
56306066
382534882
150562875
2401567
166462604
64816160
84066397
36112010
39249796
151851468
7637026
250466621
5023894
33307660
29614429
19428930
127274166
13312866
177531
287618992
35201204
63297235
127309595
480142
169322780
142385767
28325687
4110434
135378493
30448825
10471132
391179568
12455382
42087047
182714235
295550983
100604043
21394636
15932408
39046706
149025951
35299357
28534692
99127623
45472921
211998033
253942596
43640647
46589092
238401099
15699397
66941348
229397960
54823508
66860459
15222272
12413308
2144916
4079501
52830062
7142979
3890762
66033360
6071218
185126019
19274959
7791896
202424799
188197943
185540860
61997389
1467286
134816599
352710604
453490617
87780300
27116423
46778154
39755069
53854538
39152916
260476122
26407601
29234215
108079461
144591067
299954038
16390009
77757787
5208535
109839230
92541100
267050561
375137388
104266
57354065
91477180
3495176
24532349
14856022
324290384
254259456
78108388
172123096
58958833
165182606
155849813
103548175
166352766
64036023
285410948
94929362
92258100
331313172
218091664
335494043
38381043
169447860
212808861
69580531
12720059
58051296
216256052
216824919
83887515
331399158
50527171
108534966
374604025
325021680
118295411
79160583
140083673
58587643
46601703
210118299
53818197
10761906
32458516
5765399
150111913
73337983
11971066
214993323
198703582
199875105
53617039
108991113
21945786
34030446
298620751
66133048
50064906
18910775
7291520
146349779
53989209
168914143
115755681
363256267
40161065
205708101
218210967
118849135
2452832
10066115
296951602
93321533
187578078
308789830
161582597
262093115
185073602
242490336
248624857
32806762
36813463
374516871
8278019
131792945
3959359
135955449
66116871
302649888
193664117
39403529
31479926
335826872
64685857
143154807
246275513
278657057
16242064
137800680
9301307
320775700
164644882
298195645
129846473
17920500
1373826
150643812
19887694
45079446
177478956
156795397
132514804
1382859
253373232
182171725
318002854
35733682
168293429
178964030
21008276
14728773
257418418
22570398
4974754
9961139
18470840
217934212
158531624
73511894
169940449
199048935
280823728
184117688
40418697
10128175
23793495
313943639
237129000
300930536
42307176
86752016
22213272
39189288
86784913
153494495
136042390
310274684
27589696
62794711
316600814
1964671
7979353
250929301
142360916
118246421
26224837
146459079
196105794
112687083
86389234
60705126
57717837
133920685
317491802
197514480
17618896
19424263
1832083
271331735
251488444
177257895
204367855
6085375
73594184
320953149
343431155
57666376
297209568
253098167
97850183
105499234
111415942
306809947
191190133
126435701
43465077
40114781
175225912
2146008
115261651
204945215
49479278
5590086
193086763
186742246
58134555
4083256
6924459
38154913
136227083
54305838
120080495
91148515
169265823
198892128
74197821
124297798
118419160
5722409
6170810
308077215
236811374
7618522
372983006
81529539
8666640
89000800
102313642
15531592
234055679
155672896
24594966
151864782
16685514
56918796
39507168
3953913
59821006
4428194
60363705
215457395
70903394
180298347
16849699
35457534
19804790
22392118
138435947
46514658
311952213
18673005
345262335
121179140
1123596
390161767
14538685
76992141
12809920
52862060
55835657
11002970
127001848
287063111
4669413
19146563
222297054
104535426
235448204
12270491
183863468
122241292
50887795
46340879
289015278
92508486
94036200
20383432
88917859
58292226
50333092
7931446
225716876
38082214
56249455
133838405
319197919
51042048
1547
56156707
79961347
16256937
285341291
63975196
6340114
54694184
66924669
24173408
35748719
1636904
200528315
214485184
170562703
113180546
175001041
30334622
158811337
241259656
67099131
309635033
514125
228195896
40852664
26498273
23423987
92085640
94531958
134379683
1000855
69226731
9446055
98869496
244381718
31320582
23885661
35579482
131928654
292280275
124383303
230172799
76895383
65001876
37048187
41698967
100966093
1160038
104740410
2333088
33118981
262413082
149033533
59527623
34790180
13610921
332346183
296772673
19987714
93242241
72146288
100693720
327805227
12241287
163958655
107675085
20167554
23560963
120776600
1482253
1095800
204038525
278941059
322748347
103167516
3565223
3441272
124250711
129404398
19839258
13069317
38682561
96767677
18238846
172378871
152653408
104026302
86491488
424475051
364601
139739824
36271300
36119802
12390446
33073284
59744104
44383269
238626127
30082067
68354336
200393785
25138552
75744092
389405364
110367181
72715561
81262799
46317306
8973071
151457941
5392495
62000847
116457674
237906392
14452775
124407872
216129056
128267773
165695498
14261322
383274320
411024693
83925688
72548085
145238548
76440176
94610272
44954286
38639435
15245340
37076750
66182848
387518072
382454854
66211238
55683373
13346547
129603558
80554171
68397151
82811297
63657508
6849979
92600686
260379618
71431270
70076629
60620563
38417963
100067351
284557919
164296363
339486169
135871558
33392841
107588324
30088031
60094737
240462371
155615863
322200922
96744507
214257038
143665409
179267573
67910900
21845559
148798263
325645438
47586800
4242472
82517998
54176336
47953983
75757716
319890652
16438941
38982948
57230370
367245030
148006198
67992556
220263714
223494722
92772723
5417287
19763909
284055571
42033883
28205239
102415798
78566445
178534999
260609124
75230155
44873267
23648865
173074703
84631988
67191415
120157119
55107448
198249150
54668531
408404991
945994
117305188
3405980
112643852
272885756
205499266
195610871
138286208
146750191
255425948
147754028
115720045
149009275
59900701
32035191
104184037
1015852
221917726
238592205
298284798
48087233
212131641
17446016
58002302
2503918
128382485
22670018
40949235
368563149
103547198
136626053
313286001
1864353
90356112
371558426
39586983
25652296
82482255
99077482
50066028
49130290
188813360
114023256
192723082
34719511
263165414
121863588
1818352
231084102
4307978
31862510
298561570
83082076
27855176
406923121
103562506
87841550
11836585
48131713
86452661
121197059
69078760
139194523
52810864
81272147
292695593
230106385
62014878
46316319
10992285
21664297
431314273
161058389
326770779
47084021
4504235
318330861
39002357
104205616
25534875
56136160
29940797
41314906
142110581
9068937
87370592
99851513
103980421
64318552
250077208
34822490
39420318
190760195
16627950
8406884
165387929
135601322
3251183
42249415
336440865
279302164
39215724
321740978
85489793
82500010
11825309
4403397
308365309
14898623
384325933
156747305
220225235
111040938
230101127
189309977
110068732
16526636
67027589
98804236
67668801
141142791
67952532
2024092
444409295
325175953
78248308
54337381
178977055
45031665
98765534
281612922
210614311
119302417
118594673
38016353
167564425
45336539
18972298
2844262
52793117
81667883
113429691
159895909
83934955
8172258
55814226
20333572
55146439
107375148
21890684
147222730
19408123
89074431
4575265
74182074
29118995
170155205
76975683
212176211
59629790
94543436
50637042
296033647
303255235
20211844
10205665
36262806
6380640
75052250
24079675
9153962
32993867
49411562
33322921
111066131
3034345
32253828
184303881
82251321
74646420
265045987
70914868
77688446
58073724
235340954
70371631
199835447
102187748
12479708
8822052
132475259
90771505
137222248
139867075
55193200
196933845
67190203
290192085
183355192
11880764
88351059
175486857
300846849
59197773
427656541
94693156
253866674
18884557
265646049
398689773
280913147
229539312
145126048
181975667
66150421
98714012
236820608
9099532
324230499
8166828
276758474
63839818
132715609
73161586
414086197
343178819
220729978
95971457
169833654
286884268
70495251
202195028
24491275
196248893
187958505
92266954
6000360
58688551
2204025
23987707
42745058
104031950
114562851
222422247
44939349
267114983
152345
353898466
53734921
244107803
108623586
109768413
529585
50579117
444161111
42543445
26901449
121657748
225957
7294346
6497572
30015516
123239196
5054334
89311355
120991063
57267938
1486741
58651538
219627111
9154443
18699057
169813886
51202119
15790381
306313163
255497457
140350173
106383891
115762567
393896561
163950786
129306468
34181357
204208154
352918371
191315548
25502415
6737442
278177307
307273358
129942668
129547629
266565626
230897132
104658064
141826188
113099720
1093889
123034789
72264401
329247546
238343787
108187120
338439980
340349166
24893280
30124709
33190972
85684974
190461340
74891593
57942833
24064372
1695849
65240914
189404640
67972144
189428820
121909905
89822605
273563548
4971612
84905461
121835094
57519177
82002078
43879521
95119336
73806916
37865518
284761531
40703828
213321807
232379374
139975971
78801191
9894440
126814753
59207072
57093451
151004961
48734523
372597316
59123684
157912333
65124068
21989316
63069038
302041052
269652335
113540292
6615409
30189556
88620848
42994026
128557358
108981761
343182287
100363777
63400999
12869303
156189873
61379886
333192546
18945978
63588932
32734553
115830178
31849998
23333
71810862
7199623
132110086
250110360
148840601
49923069
132463422
79779969
7838260
166710129
16710993
161884187
330806485
87218514
378308762
180364826
802638
381027444
199745369
10915420
65775798
1403474
6705373
341390313
6017030
86860479
12391512
233830445
4163013
257553379
176731084
26111548
97809214
203249331
219087215
227780604
234219475
20183341
130848216
33384805
251093421
170069164
1468692
199075410
162291351
18097099
71807938
139623164
18404460
43926860
127036760
191831938
153552879
239095770
147439486
22519779
38048552
92435277
71767723
32689635
376926749
298737744
59110081
67315294
377542025
2764664
197900423
91899893
72200059
51665378
109727650
266349576
36777347
182723073
67520441
19166272
7665395
300666973
64835915
72225795
143046776
184437935
217785112
151787138
17093378
242203127
46182105
317889253
6034639
65306515
190842315
54045571
132041001
3840130
50749459
206415161
92653360
87857983
97779102
159817519
169575189
1162541
27626991
23051729
250026354
52755399
22017996
252879536
248379772
85663924
248812263
188954172
278778044
45231615
8777729
31449290
280360659
135307421
378702711
58513082
14362183
663063
142722453
259608478
128367577
22944782
6089646
93596720
135713839
71207683
361343613
118071119
120340558
113027963
60826201
22691964
26599799
565919
180085100
423126968
20498568
6547003
5577688
372559055
27448361
10622277
141245449
139891051
144229427
247699385
16389514
137217802
44834365
248429839
9843416
20636204
15124042
193979524
111036437
195693757
46190085
12935639
66725953
173982302
2367779
222264053
33065898
305594631
177560685
341418789
95769430
98798540
254988586
200128665
118157312
117394282
257939444
55819457
142341707
273689057
263010161
109532168
217973563
97053686
212527223
41831413
55924281
247896637
133345415
61186675
67263008
60565117
80564893
289155907
3165400
78270343
124287432
94182943
337914029
83950345
2594527
64861611
132093981
57566684
9050638
4877609
5978278
240369629
106757154
15316412
116511329
263302656
221724059
103787260
337827942
52759030
162317727
35565767
14380346
5661647
99516434
12167095
25779509
15709321
142405477
10592390
20176568
43842006
277348884
26373387
16627211
189391524
66353410
125437004
78448938
50299303
182361441
213110127
13567897
165822127
365582173
68019183
7389055
20657569
88704681
46818828
18936203
230222434
200963174
44620170
68367319
103307110
31618101
86505028
30706460
348251547
228522596
26877810
331779586
367082786
10800067
14922428
76647781
206537052
85085008
3087661
92543470
993388
169356064
24012337
92710850
228036618
182322700
391819554
9555630
156846845
159823764
208796548
14011140
164023478
53816272
55530957
230035090
105858791
167275304
54616619
256604386
33176597
6761488
256678886
7447098
252816048
29377594
327374590
10024424
122140332
116959526
50033403
46725226
137934689
195754088
2126919
215393168
136368694
32321714
137821060
20873794
80136953
301769332
101809625
68514872
126878429
105613331
15135759
76997157
18094910
278190020
195327484
206219041
458340894
56964140
328569306
174988336
22675908
6174022
78607902
10533592
7346420
205624798
76147538
242686924
152797162
140132933
210691795
69611968
237319468
24865168
89002
3968773
272331362
16455723
25372053
334750612
30317321
93726523
43705972
1768653
3522630
11763492
220846410
390235372
84672808
2181071
20400728
240544020
62549661
13515372
34482928
31707262
5933043
153230592
15185492
5163200
72839113
341667871
253008533
28849136
170873800
41082050
244752704
114406310
115905078
46433851
124745519
88928491
128176997
14919973
76100941
15233074
58025929
9361435
28384012
10429825
103571396
164984881
46358235
19102922
161931050
131418969
29847186
134932955
100660674
58455094
131552252
149846933
30745830
47322451
172984755
18323325
4678485
82188446
17615961
223735702
4186108
17466442
172707591
18388741
10132101
186096844
1349057
2394145
27768551
271039599
159754732
67187044
7069817
137277216
77119471
52052589
265758952
71538849
342410519
21556715
61024837
118537105
183298042
121558106
216159712
199170540
86907167
336403305
112355988
10493837
278212115
252488192
2102469
3632245
144032407
104119726
10313762
193977061
52565231
173634390
30137676
111892757
170030684
156641539
11272215
112880565
49675395
258530657
219110641
157577077
78016066
25392561
4657937
252813457
135513635
29611796
341322640
148066992
407977322
102252738
168536325
10981043
34194157
53587565
27027013
1468762
50215505
87797478
917919
8674292
36932801
210819834
14878874
17298745
42970931
28430311
5715190
19024043
143595207
347619470
51436323
394886451
142808495
34728455
48282756
121940094
56784872
341677266
17860846
22207705
201690469
30280685
125436203
91664988
270215912
367058810
174507172
20927110
5498184
112671547
154627962
22108334
221216008
34461539
155099092
234246756
19767367
45449118
202194258
124858922
273802339
97171079
222672917
30467143
1851761
302076963
140159513
315032678
35867175
277320843
67136426
100717144
224290967
91048339
40736938
1165974
11191290
93115299
53240867
29684688
149015604
40162700
110691118
264860125
6734521
47343569
272769759
25440112
68507636
64059995
25210154
5909779
23147780
100400824
110091518
90666579
39292912
17840847
16890639
186410326
328927916
49069775
79431476
190874574
126294540
132696260
51757321
16435789
19481225
3326613
1487283
11156435
319907632
15625996
54030717
39770889
6033758
39366623
70554881
192351960
3561516
160155696
22115024
14910683
223385680
3215333
158492453
165868123
82237965
30169452
345845402
151174272
411352879
132327835
4825670
25797614
81358355
62140298
25026289
198756209
148542908
36456540
14699777
155486778
64321391
14381364
282900826
6786074
40526178
220727361
195825152
57567482
47536784
58839752
10236081
139633831
30048163
247149729
9140532
123949298
29461129
247819391
157635123
95452290
18941298
52636698
408447656
194779387
21993413
33405396
55141405
165260172
189306819
225006881
6421911
38373142
167186041
62046033
9867023
30766862
3849282
219062319
12576548
99883279
100022863
388391195
69179467
1789612
210091126
135219586
96127334
4960535
210740919
2868910
163142936
29125975
36721121
59699828
122179491
127656257
195404491
19290517
342102127
152627560
157174262
258376618
45538121
119857321
37214178
12099498
216217298
4851311
350086918
139283145
35581798
64849499
107355655
234220750
104440317
21721407
170844999
137559073
106396940
88180331
384317814
281206540
164959712
313246720
21715908
67488989
247715929
33751413
7287480
283081173
78391636
216960188
114310031
8478607
52394665
119005726
27562495
2391968
44795671
6311817
95404225
158931064
12566861
1154028
324883230
93314060
140838188
106977158
28246614
156916125
26694657
128828043
8262338
45825953
223030757
66325629
40407339
57874249
137212817
12674658
31998009
125416850
145152863
58289177
276160344
48110105
252209745
3167569
56999915
7562639
135541950
243684882
73162773
103202114
52176894
600489
149586560
33145288
273767566
47799848
52917198
8931753
127931638
3585010
60721844
170631126
107501618
96799873
273936788
30968034
149929705
192970412
2402383
26869250
179964755
2620
281972416
56338458
65765551
122497000
25782973
168609368
185346355
18387856
127184640
272427397
121179280
94505664
23722172
63382291
105711458
61021582
227691557
266841764
16668124
49329422
15057777
113165342
12561303
224179418
19083385
211022856
59778650
11607446
106561476
18561725
73572208
867876
5638475
54592576
14459560
16678155
63080627
17846007
303546604
69306905
278031446
80101879
363224693
245966773
65780552
53968083
173223604
34497791
201812311
125405944
167916757
12853066
99797247
12042521
172504822
41108594
51062353
44119495
80649642
6860886
36982950
306130871
85985738
16895115
2930926
292641289
169776499
327247915
17518385
325364478
27264781
134595062
48148835
167036430
31458657
119388595
249124889
77294428
46437586
33483432
79597903
157669293
244229643
281133058
16197851
16081047
112406321
265236494
212342955
39162625
66110516
49258075
46681336
4349944
448764920
8549616
41525627
95359062
293630823
24272277
381040667
169594065
154604946
328916021
247125616
59856195
68631641
90030617
49128616
33264176
89302991
291526739
28591162
80868
72980272
268635253
135558334
2612249
224511282
15116994
74422713
104257256
16429668
231926846
130199754
5704488
47395207
10861677
1109197
23534149
37098958
130859709
58870654
20551799
48643621
25657100
380731881
252634562
271938830
32032946
110956205
224220405
76816867
36183390
84465577
245297063
298834587
55788288
33271282
826217
121875242
50683019
114911658
272179680
157761577
29914746
101501358
94209506
207037984
77140517
25394337
213063784
92799658
276702705
293049342
96612529
14779269
117154750
49267576
276319111
229222073
196383346
9005239
147792536
427777516
228863141
41491581
3044723
10921539
236729501
267046906
119825699
173486975
241948646
129454058
129567990
15289110
26366749
12596813
176583185
9014047
277242679
97972175
187664140
107372551
193065510
8976634
17898202
275238358
47693101
113925163
60143118
3540371
145141303
126629300
16095845
1957869
94733305
73163113
56257230
586919
44640622
77591232
34519691
85818136
46500002
290610485
55560777
120992661
310005522
47718413
217291324
178044986
94471292
75990350
204440142
182893477
101315798
100987070
12250291
229972426
70960525
63157627
156067855
7978014
285265019
31315062
102299317
3493018
33414705
13251736
177167858
264489184
18790539
11264259
29913811
73263872
91081156
148716327
75250128
13403204
61094259
146104837
88812432
38389940
117658597
94226940
109331473
296886504
256362553
25708294
10710577
130578990
34721618
150807031
305089146
19525973
270432181
5257863
107068076
84691919
20468874
120796787
362652434
80675022
4698530
54122052
4995737
240098855
72090229
101448318
35103611
93212914
232396098
60480425
93881855
102120719
237232249
3516565
291166357
123198902
45955373
6361972
106635972
4379393
325658580
100392423
24612014
86815403
59252706
12895272
24569077
344052972
242964166
33188463
21990664
61363335
266223443
57970269
87622699
7230077
214295111
144668012
124999466
184255325
15544332
232278102
290733458
38059000
50569750
190899033
107072380
8623832
217688331
101122050
28137802
149847351
58490790
262921005
32489109
2242716
11710562
22625150
242960626
2482593
312297115
178364112
18987954
360237774
95371930
37138484
164867338
28852226
22610180
92905112
130864531
239430408
1883161
28234282
195407447
327208169
105352004
273832275
47623126
1795804
32270620
6292937
3785560
107565940
33805560
337655883
114889638
17262276
65324332
76072172
115133658
42324062
330290634
189719802
43798318
53435189
105124483
105078146
155141862
3495314
169270293
226766549
29007818
14124057
5185959
178319365
45471421
59885609
22575877
192686151
207605699
8506365
159111264
9185732
87675689
40117970
219557268
155287894
106752827
72241041
226431625
99804604
189997483
81997684
83014831
27133930
84795279
31603800
252562708
123915103
112618171
62356322
11499176
20080124
114365759
83155986
37769317
7840657
294579699
48027540
391021851
148582283
74896816
135500462
122002204
344462141
384926897
42271406
156395615
230620443
180981072
22021796
123516869
15364308
68786197
119001633
18324265
223180346
28738493
148295485
354090862
21874415
100077164
346047965
53319943
1659978
122303289
222258937
9377400
51974469
139016174
224649560
310095414
153776742
80672502
34159206
100583471
168083877
35664752
77434803
52218490
21981319
213128763
317527489
35339707
5476207
19442267
102844412
151139934
30332727
245054664
16036369
66103525
34234824
177528175
62968381
84911316
77123320
188718120
154249935
154849466
66907787
3272641
149871523
64676293
82917889
120158235
20289957
235197748
34094337
244865755
212679253
82216892
83365476
138326061
58123708
273626
231488384
173532282
6189207
15016343
34878510
199769829
80027577
336688301
201556378
252018039
171329040
212133528
233896267
350605068
221708830
185725292
31286707
144566685
197493990
21042873
117666306
220816029
81444347
186737193
318115754
147662798
79298861
211112716
109902025
31227404
9193525
114184490
42535174
283895598
49561902
129843163
339123070
110257718
95608225
26215042
159384546
110111958
54777229
70636636
54486884
214631766
158016878
50722032
15034597
21644935
158135289
53013913
156740124
392117146
3785485
12198901
100989513
48533647
103451395
322187311
50469474
320400157
40901031
26466764
25312554
21997185
319413714
94216519
253910818
250093022
90433518
75155389
29022479
147430623
63860118
338699537
17680144
95644961
184315447
95626261
44187522
172365237
20625078
299249
13239124
304061953
34105077
175523381
40994430
117213163
306194297
287343403
3346957
999582
42544889
42067910
48514417
15239710
18330374
246579
47257850
6778693
13104087
21891989
309173616
201129678
188593571
14389012
49686464
43980774
252585359
1275321
109414259
322863689
90244107
303336788
269743120
4318477
22498416
112728036
122470155
282523526
155063348
26109552
27068698
26190504
231288892
52199337
149083747
126139675
30330280
323725310
56821184
25207726
132581362
23518323
90203310
31168291
75992208
106181511
230566284
188138739
41358212
29711823
45079745
397191006
55825644
74661216
30412178
59744546
7064973
155782650
33534732
35568158
127114005
14105529
51127934
321255099
95393601
191202743
210214202
81464392
32824714
244637227
2217883
30146349
179611400
80037229
8469013
82313776
39362033
6774848
225204910
659442
272225469
9773805
373819431
311580024
42888762
200697425
5507161
143853158
61346585
11002144
74508022
88033110
31763318
198452780
65566864
334721056
192059851
178919747
60186838
148167949
63192357
84424
97048190
194390310
344340665
46691823
57741293
193456787
33967165
222980134
47277295
65062007
164687319
223349424
30334599
138115524
1145949
46898798
79034748
116455423
43136416
238783866
2651739
711123
3050286
859694
4718691
188570020
250801383
262468611
307927832
87444321
269009337
368276
8973214
70492205
255975511
5879178
80503390
58997107
167476415
260632149
16567725
133926008
25851742
160357073
47644099
129442042
16666698
22850370
48559690
107714797
36168402
223326904
65054965
46418083
47160304
32926279
2414360
65752394
19773669
72927043
82022737
258171243
74854891
132563804
63705277
123636979
249534135
44400062
75719950
46006401
2571566
39424931
137471977
56927088
31256859
2119596
147989
8224887
297277424
1066443
18288387
183421150
192734336
379144350
165755688
258207240
307898165
76797763
16862758
314875607
8782853
39352148
1165562
92049512
294344825
116548086
165255902
212443343
13340575
219571629
226489482
86600417
152990780
249371857
47948347
223187003
32652674
3223303
232816001
256016607
1659587
77599543
194169755
107485946
100175522
35217088
29464774
90562414
1334839
162186104
26035071
205618206
121182837
38613501
236131756
67957087
89997442
81830434
56323968
65458861
289180799
154918993
160026885
153492034
42346314
104892271
5581282
6116597
115720304
32260656
37237168
59899029
210064581
351010844
123028861
62875682
448098162
56717921
44793666
31958662
150260908
216962502
267325367
1525530
354047257
210977789
218081017
38766225
108977245
186323270
1764027
99882896
110884966
65655687
112649586
3714102
57805813
3508945
54414853
160388900
26996022
39368086
280636487
8952751
198719811
39601735
51959544
181076144
24336069
7896352
425073
9720413
5074381
8150585
147353791
3418985
223419768
43557167
492985
136593063
94497192
122529254
79191042
93400342
3358546
297384398
36361682
1413270
240670214
97600083
162612454
134187037
38072463
225922236
20723425
71973052
93937066
29271693
138640091
2932801
52256244
239713771
95043014
28324058
335021866
252409
122248944
148300992
85669929
262521144
120225173
37225404
267626018
115503799
11028962
4740275
88810026
34180369
324121873
201989840
193947793
87116123
11600874
8284329
149774394
45936435
87420989
78183190
163439193
54296576
65134199
189043155
19307790
273149177
103207837
78477919
119554471
117119081
272171491
99923037
108927312
78242310
70916431
42841926
1607016
126274653
65173834
112710813
286878199
37651738
61488437
113783295
191935534
268135149
147299666
16844514
119737392
81853529
167533730
101763423
259723066
45339021
69330393
95621335
164881790
149194476
289962809
68293138
298647328
107841709
105388649
81937977
224415022
37272543
13882078
186775471
149235917
316212296
6333095
148793531
68451620
14011766
86118249
143750200
86328457
100280738
6649109
45019213
39764369
119921859
1636753
4653657
40368348
288260785
205380365
135575225
973222
25017070
2536681
139124729
104020742
94259498
232669079
40146350
120150033
38809403
158314049
111716145
366843501
280700245
256438
98065736
179854484
9754974
169691308
173580189
358657484
18577419
255124082
19718662
2123339
90259318
25888927
43548257
15931945
83030953
114897282
82780657
34633912
127171405
2168855
194439594
21782642
210442662
125489169
9473394
228276563
127541163
158500773
27479425
116705195
26287745
118415928
159528029
22070451
240095897
106004523
47144075
61824267
51822436
296891651
5229169
94236346
202801212
11304295
276314163
155969632
2032711
15171047
29973282
267589644
26180769
340427491
3043205
122746595
212261886
244805227
197415786
2353514
26989868
67118418
80626699
47470049
275732190
3797279
166817218
4916803
10634639
74037728
390001611
60806155
93780805
245765449
227554236
28880300
28975578
302612015
197138328
131507026
238716995
10597133
27169090
114188544
38280990
19066137
1483438
69251324
75017132
34252992
25168850
175104729
140189743
13246852
58669909
222330583
11990494
22380212
79480463
346099413
123503114
300181302
136971990
62890224
59188620
31396379
59177960
59263346
98413245
295325090
27291894
3807447
118950277
117135239
42216421
132730229
50383217
425627364
200060696
605753
69660048
5918333
105743487
86122197
69606718
152380865
19908559
74968540
151050622
78396087
51379178
11628418
47161245
338647409
212785174
57219200
216581610
1263787
83071095
852694
176961968
95525669
48082899
21364972
80441920
39151837
2755205
100437012
252920797
901120
6894986
314683
316930997
167573914
273877889
73282448
49900353
22707725
223000740
88179037
72198993
76610311
264126284
283537126
277820450
273303243
19355805
359998232
38776123
79861014
24216843
197469880
1094827
117900001
32263819
353933231
160159243
74857590
432803627
3694207
14048934
92128684
128231123
322572317
158649892
93477627
248820007
25607004
10852384
80508170
104889730
171741314
113430508
108143547
61071141
70754567
50000804
183206449
162190542
45504534
329788779
194921745
8847439
5212512
506955
12873938
230964091
204000951
122846784
137322300
231921531
53803879
270407597
185171495
46797820
104559606
63180841
5198448
32751827
77217340
209600035
24341084
444965428
6383178
955277
302358611
176803926
32548786
55626045
108743667
69429075
82760969
4496493
46245483
190961392
8964096
114856199
91584317
49693761
94003468
41467040
12654994
94531893
273485507
33316141
62470264
30800931
145296328
320333588
49087092
245573109
218982025
264801400
176488051
189523758
58698851
298595887
81628463
99567915
42114651
165017023
4431231
43411845
232940218
48651463
174963363
90848297
314783403
354611406
78762695
32310591
3833228
47064029
299533251
151648483
62461077
183773354
142484596
84310434
39455571
300768798
228219253
66891290
353652785
150903648
78504579
119436062
72197759
57367386
41534223
115546821
85313463
305424021
39003080
126654254
123823741
219512438
10581962
50284899
107537182
129918299
327771974
161946727
107599634
11508936
117441176
14444382
83845337
77600993
156284526
21611962
6615423
152893975
40556332
55373438
199684656
4130169
186824740
53624732
12922885
220924683
14010818
64966960
254238333
20994289
87842090
4984606
113214729
74776557
278413893
141975029
382679067
70670236
15042698
183719401
17703671
187733131
40741659
87292026
109507820
39371753
181582931
212586748
265304131
347540712
45571702
169430094
155352962
26908677
193603610
22370367
174654132
199627684
76838315
90177101
49906128
13665298
59377378
