95922250
183588244
129517434
109127479
13514254
24513285
24062345
190200066
259779251
59596048
218521157
165776
118559627
48038441
221842939
187111159
194044992
121071902
109609415
3821565
10359081
11218354
335916187
1876960
73881568
157606389
233580
200303445
94445881
147927866
154596196
134889120
175832430
56423340
196309963
136987503
58284416
33041151
11191059
100754480
14447273
11506670
63241118
102163269
4606880
41737065
68128750
322478872
162815288
34246318
31313200
65974828
152322653
18381416
28753514
68543355
184037943
1419217
114060638
94069224
142191159
61274913
221408018
38425734
2874438
49484163
139806181
153057302
58122846
89292419
24306293
10702116
140378367
62573368
1798924
122614175
381669466
114830821
3609657
10605997
63637127
108243412
211885447
176749922
303663172
82984542
140650728
256796022
48216488
33797693
93676657
144302324
108271250
18510800
177789902
146112055
6988538
117697274
52439713
113742742
1817999
143949495
327285613
255668932
108944059
7704939
13514336
30470144
20801631
35392987
99112636
157071543
1600348
67455814
10784312
8710327
109626889
245782358
50426072
22506215
335281984
282590237
46659008
39961654
374400333
10575137
182781114
28712780
308586797
10475151
144066657
283196478
292264198
195701
95049247
352191005
3438920
19200840
43104795
72261138
12323513
141758229
69706276
253897613
37936099
332778131
186131589
51947854
111186203
8640741
239991606
400525235
22841699
139272653
43845100
81203413
265540000
67715672
313114152
41497706
278310238
46693743
214903019
178363355
162871035
54852667
85712610
3212301
79197364
184875442
156091496
137087039
22225847
191149340
128692088
12954440
48924797
69059811
47085539
157469002
2272499
133031342
308864186
11342369
322582830
62414314
237428164
144673844
29616278
15273653
43507522
109325866
199829153
6306603
88357789
130189106
230606385
33408810
12305544
140901793
102266132
183540900
73265048
171069182
21219647
193390959
276318082
18487100
18354323
109145671
2540014
5016540
186037942
34445430
328759130
176998086
177062613
152403390
47560411
13097060
5183800
17354009
226069859
47753605
49263394
3025673
52872515
3448585
204111306
24061286
339300716
195170048
336797239
110036368
152838340
4477979
87565298
59325359
14386731
253628729
201227958
281073410
217396674
64908512
41607990
299625432
7278848
301993214
123258934
168309400
28166834
12826744
61666344
40606772
41229979
50472824
1191176
249233340
138494739
173398631
77627980
94172721
89253025
299352450
196907369
379095548
76968125
104255526
131508685
32201073
25156428
1371162
179258857
1185933
30427801
15098118
197848272
6423048
4004206
144339561
26898820
3523341
32559809
208541553
222825173
13735412
52538784
37629855
221498537
380167406
166240242
49507091
4686267
22758564
42832896
66124125
186141510
168647638
171280484
190951777
47757602
303167429
12638156
49349968
34174524
34706799
149291193
71825277
62180424
86061468
14237996
192834427
173254726
59220233
395397350
108521614
107125792
213554176
110623331
48790834
176225993
195424313
125008222
14684921
11847278
211264191
91915150
1686974
239521726
130761638
42249667
33303542
272622089
45346980
75515222
185983891
66261946
314511799
5674532
24704000
75248117
132088237
17534557
327312571
22260348
25734855
99628489
195678843
111788510
9725787
63539066
71301422
2699670
24402101
148708304
64178319
247182088
22250126
72988396
66455491
115592494
52059505
271356144
181526510
157765209
229070874
179244022
316369246
203479099
145319504
19726872
173213340
84596439
184571348
78011516
43559124
41341681
18619963
24940498
188110293
222509831
12373236
32557541
53703240
146551140
39969187
220880252
26650173
91135596
30570355
6236857
53438940
109134757
43282254
162303615
53181573
185375437
89196171
28707508
189849883
300412519
52438719
95193173
4876173
103602819
106344466
66423207
127597653
9473054
202067410
216440182
5475738
331179304
138163562
36943630
142194376
82253919
75104469
140802160
327754527
161054560
86174842
121156457
11483377
93175695
214187259
147691175
148568675
187384856
382885052
24090735
34284500
104440032
2515228
30727940
82453491
48887320
368092474
347487614
21382718
121126533
92150236
2220081
251379442
9492541
43047987
135594471
58011968
302181379
81070910
85403356
81864827
7575480
168238952
300461248
19068566
16569026
71102749
27103988
26956784
391431404
347419170
206701701
403065845
25385118
79177365
144010693
20960308
167132296
72873924
110206140
8020499
186223937
168669280
187231367
193159811
46697878
103799640
202772834
299222842
23906859
54469266
104855296
286822298
125228304
45170970
270342220
145857558
2463690
235957405
36045947
20362257
217493674
3650207
172615072
15270588
40932632
376768752
4050277
275672493
43369495
318321620
230218180
127377547
363481111
228308776
253371733
145635338
15476323
98053289
9379715
186454918
235321104
15742303
295735805
185624207
349315566
203139779
130846542
192838172
34320252
73466650
9151258
292138041
176993623
172755795
269176569
41152438
149266747
116087207
3467298
103126571
25575095
3529308
110837182
26065071
386103679
156929088
24554093
79312508
67751900
252578315
230033438
23411205
60122935
55439250
97192476
350501316
137195615
37879178
629672
81265018
176561839
23179431
100321509
89674155
81151244
49809696
27137652
114871571
120123316
2630183
42914626
74047056
60027141
59704777
83489360
165498810
123548926
143799684
139852440
17272669
72116102
5518190
57556608
49480777
132948968
35901603
365477594
247654158
15020994
128171383
50903194
125375509
222805314
248427697
74901695
99867504
10369095
315027
62752596
263405383
22583163
1944794
131998402
354037374
14676173
229653794
71291514
21284338
30724995
93787063
49807738
137179396
24641434
25535590
1864918
310318922
131473717
32652346
79569720
115645832
66209528
46264667
79466115
5980645
9853363
111278546
190644922
7128857
53390563
157859573
59080413
67470
52813357
156724908
33972065
97509990
260364953
91559474
8309154
198739821
77949644
31202098
64835705
16024340
1669284
51264268
197668578
111629105
12673925
52553058
64469866
157390246
99614611
7922345
12377569
62799235
166091564
33721858
3598933
17390695
95977654
35271276
22592185
7539190
43395885
65055437
54574230
126629579
17561520
202661740
39584486
371795587
8771727
126673811
58107284
3996415
3387062
135030096
326320844
55207644
207436298
250319285
5855462
227403931
26606646
46389387
236961527
9647951
278975269
24397194
91971215
253457456
199791604
138362054
10016085
261881622
48378303
191943803
205313670
7503101
127136877
188488229
138581945
167187194
85569239
32119673
19198355
53077300
31396773
32363
202489599
66023604
403153388
51623255
95953472
95505973
98725419
235721028
76002595
31084187
115789493
7670674
237063868
43364775
61827141
196150612
211557906
6244533
19096000
4577942
228630073
189455168
367027330
11604683
274874818
60831894
16989090
191075415
36333369
109932986
368011926
164032351
190410956
146903829
173750471
65100711
24411733
12850626
8564674
81359668
150864360
307705880
110217650
26303950
157303779
134242566
46894049
198677605
201283171
93141559
196878599
277992557
294622486
23925629
225298886
78463503
347415475
68687324
40212470
398964116
141206802
140347468
18334035
154066391
1229098
89219429
89952657
302667472
277468412
20318797
29608521
153281718
59521437
167786184
101742288
38700301
20685454
70546091
65929603
298712349
294927979
191475799
180212222
191435929
177096479
18283173
3996097
20706329
55651687
27300090
74465457
154819585
103430213
76345514
26516029
276524677
22405601
169175337
102079782
109072530
