YES
YES
NO
NO
972104419
972104419
996829415
NO
NO
NO
NO
NO
NO
765005969
765005969
765005969
NO
99563231
NO
99563231
99563231
NO
99563231
NO
NO
NO
548451658
NO
172318372
NO
608757875
608757875
608757875
335118268
335118268
NO
335118268
NO
335118268
853729803
853729803
366876282
NO
NO
NO
NO
519824181
519824181
NO
519824181
519824181
519824181
NO
NO
NO
NO
283393497
NO
283393497
NO
283393497
283393497
NO
NO
902402251
902402251
NO
NO
501543318
501543318
501543318
501543318
NO
127599935
127599935
127599935
127599935
NO
NO
NO
NO
NO
111968339
550570989
NO
NO
NO
NO
NO
NO
NO
692796738
NO
692796738
NO
NO
NO
NO
NO
NO
990974312
990974312
NO
990974312
90347201
NO
NO
953284912
NO
NO
NO
NO
953284912
NO
NO
795515862
61028043
473475914
NO
NO
751768810
751768810
791393155
NO
994849137
565538380
NO
NO
565538380
565538380
565538380
NO
484184461
543165344
543165344
NO
NO
491554601
309163171
309163171
344202917
344202917
344202917
3730092
3730092
NO
987235782
987235782
NO
987235782
NO
NO
NO
NO
NO
NO
720773954
NO
NO
314227038
242260594
242260594
242260594
NO
629927900
816804762
816804762
816804762
NO
323744854
323744854
NO
NO
NO
NO
934679928
169568221
NO
757322315
757322315
757322315
757322315
NO
NO
757322315
NO
NO
NO
NO
974018475
NO
NO
NO
NO
NO
NO
671573446
NO
296407945
NO
NO
296407945
NO
296407945
296407945
296407945
NO
NO
712277430
NO
NO
100657538
NO
321325663
NO
95712874
95712874
NO
95712874
858860826
265078330
NO
NO
NO
265078330
NO
NO
NO
NO
586949044
586949044
NO
NO
NO
NO
NO
227316890
227316890
NO
227316890
227316890
227316890
227316890
227316890
227316890
NO
509444004
NO
509444004
98890385
98890385
NO
671603404
NO
NO
NO
NO
452000963
452000963
452000963
499632381
NO
NO
381103685
387127244
487496734
676169506
676169506
676169506
676169506
235495912
NO
79277896
79277896
7982817
7982817
7982817
754635778
NO
129963752
NO
NO
NO
NO
NO
237696553
237696553
NO
NO
237696553
237696553
NO
NO
876898835
876898835
NO
7880598
NO
7880598
NO
7880598
NO
NO
688798626
NO
715790735
NO
NO
NO
702355445
NO
NO
NO
NO
376472678
NO
376472678
NO
602866761
602866761
NO
728612122
NO
728612122
728612122
NO
743797091
NO
NO
NO
NO
NO
NO
844870260
844870260
296097724
NO
NO
296097724
296097724
NO
NO
443711004
469665807
NO
NO
NO
165529822
NO
NO
887998577
NO
343019864
343019864
602719108
602719108
482820498
482820498
NO
482820498
NO
NO
NO
NO
379628799
379628799
650200176
650200176
NO
NO
NO
NO
NO
NO
338378405
338378405
366020256
NO
366020256
NO
NO
NO
NO
NO
NO
688510352
272382862
272382862
NO
272382862
635331361
969484700
NO
335638678
335638678
335638678
NO
NO
849191214
NO
110386276
110386276
NO
NO
NO
NO
NO
NO
315874767
749064493
749064493
182233968
NO
620067117
NO
2899038
2899038
NO
NO
789385742
NO
413493742
215488140
215488140
NO
630017664
NO
NO
NO
740700739
740700739
NO
NO
740700739
747437229
NO
938139461
938139461
744133221
744133221
NO
961512308
NO
59318072
59318072
59318072
966882350
966882350
NO
NO
NO
NO
27202316
122499525
NO
122499525
NO
NO
122499525
NO
122499525
NO
982499808
NO
845683809
NO
99152591
434131967
NO
970601541
NO
620981736
620981736
620981736
NO
NO
838333240
NO
NO
990025247
990025247
990025247
274217342
274217342
NO
160017840
NO
836229311
NO
NO
NO
115752822
NO
393538797
NO
393538797
393538797
NO
NO
NO
393538797
344044239
344044239
NO
NO
NO
NO
NO
807811174
807811174
NO
539400522
539400522
NO
565574961
NO
603899946
603899946
603899946
NO
388497040
NO
388497040
388497040
388497040
243269171
243269171
618669824
618669824
NO
NO
NO
NO
618669824
NO
618669824
NO
758586328
NO
758586328
NO
NO
NO
191342817
NO
220520815
220520815
NO
220520815
220520815
NO
882056154
795967805
NO
NO
NO
NO
NO
NO
NO
NO
NO
NO
NO
NO
NO
873606300
NO
NO
472683087
309236130
309236130
373638355
358319886
358319886
NO
NO
358319886
358319886
NO
358319886
NO
NO
NO
NO
552072022
NO
552072022
552072022
NO
NO
552072022
552072022
NO
NO
NO
961565723
NO
NO
961565723
961565723
594410005
NO
NO
NO
594410005
NO
594410005
405510700
438210952
438210952
NO
483266215
NO
366147287
366147287
NO
NO
NO
NO
872182269
872182269
NO
NO
803575887
803575887
NO
497646799
497646799
497646799
497646799
751981140
384937460
NO
NO
NO
NO
189173168
545817853
545817853
545817853
NO
819633565
NO
NO
NO
NO
264218499
264218499
NO
264218499
264218499
593269889
NO
593269889
729844597
729844597
NO
729844597
729844597
729844597
729844597
NO
729844597
NO
NO
NO
NO
NO
942056266
NO
587574549
NO
NO
NO
587574549
NO
NO
NO
967923383
967923383
NO
967923383
NO
NO
NO
NO
967923383
NO
NO
NO
NO
472373256
472373256
472373256
839802442
839802442
745596448
156217304
NO
208390434
208390434
NO
NO
NO
NO
NO
767664124
NO
NO
767664124
221826348
NO
187898389
187898389
NO
187898389
187898389
187898389
187898389
54642351
NO
54642351
54642351
NO
54642351
NO
NO
518462799
NO
518462799
518462799
NO
NO
NO
NO
296596476
NO
NO
NO
296596476
296596476
NO
296596476
296596476
NO
NO
NO
NO
NO
589226317
516258640
NO
NO
516258640
516258640
516258640
NO
NO
516258640
516258640
516258640
516258640
970533855
588824069
588824069
NO
771423182
771423182
771423182
762592734
NO
762592734
762592734
762592734
319004671
319004671
319004671
319004671
319004671
NO
319004671
893973075
NO
NO
364730960
420352717
NO
221135777
140361332
558273207
203108369
NO
951341814
951341814
213292256
213292256
NO
996860798
996860798
477138395
NO
NO
NO
NO
NO
NO
1383131
NO
55369252
55369252
55369252
55369252
NO
NO
55369252
55369252
NO
140956501
NO
NO
NO
140956501
NO
NO
581804272
46709728
NO
NO
NO
NO
NO
453000491
453000491
453000491
453000491
714642447
714642447
714642447
636374564
NO
NO
NO
NO
238324151
NO
NO
NO
NO
NO
460341996
NO
460341996
NO
NO
354269639
NO
199058366
NO
454570535
454570535
454570535
NO
912759188
912759188
912759188
NO
NO
NO
NO
NO
554457959
NO
554457959
820377828
820377828
NO
NO
266598018
NO
99305550
NO
NO
NO
741307474
491888777
491888777
491888777
NO
491888777
491888777
362357436
362357436
NO
362357436
362357436
NO
NO
NO
NO
NO
NO
58463091
NO
NO
NO
NO
NO
NO
389219070
NO
144895529
NO
NO
214174847
NO
34392851
NO
588830294
131787679
NO
225007296
NO
NO
NO
333399860
NO
NO
180361803
NO
NO
NO
NO
23134544
557988635
557988635
NO
557988635
NO
NO
426956737
NO
NO
139538766
NO
139538766
NO
685540140
NO
NO
NO
NO
NO
695230812
695230812
695230812
NO
695230812
695230812
NO
22180302
534031531
534031531
114170823
NO
901386229
388992800
663061748
180566450
NO
100300143
785564935
NO
NO
NO
63366397
NO
NO
NO
NO
NO
268807657
268807657
NO
NO
NO
NO
117433858
NO
NO
NO
402575049
NO
620019758
NO
NO
NO
NO
NO
NO
838730254
NO
NO
NO
838730254
838730254
838730254
838730254
838730254
838730254
NO
NO
627207567
NO
NO
722764315
NO
NO
855497773
222335058
632990091
632990091
NO
NO
NO
724592950
724592950
724592950
7376804
NO
NO
NO
372485244
NO
NO
NO
NO
NO
NO
NO
160713243
NO
266569294
266569294
NO
130184889
NO
NO
130184889
NO
141554698
193487335
193487335
606325359
606325359
NO
NO
NO
NO
216382136
216382136
NO
NO
NO
328142810
NO
NO
NO
388088747
388088747
542075914
689764293
19807469
486515587
486515587
NO
486515587
NO
NO
820824283
820824283
820824283
364360389
364360389
364360389
NO
364360389
NO
364360389
NO
364360389
NO
792407818
NO
159559552
159559552
159559552
NO
159559552
NO
NO
NO
663135242
669278207
91323827
NO
91323827
190578605
786432380
NO
786432380
NO
NO
NO
700711662
700711662
NO
NO
133035735
133035735
NO
133035735
NO
NO
913524962
913524962
913524962
NO
22553547
NO
NO
NO
393416955
393416955
393416955
NO
631223491
NO
483501057
483501057
NO
NO
844675195
15726261
17756237
171217525
NO
NO
171217525
NO
835758067
NO
NO
120895222
796457184
NO
NO
683864984
NO
595367485
NO
575074912
827417078
NO
827417078
NO
827417078
NO
61165762
NO
61165762
NO
61165762
61165762
61165762
692611360
NO
692611360
692611360
NO
470579056
470579056
685353864
685353864
NO
558374660
558374660
195085760
195085760
195085760
843533914
NO
858417902
NO
858417902
NO
858417902
NO
NO
153989333
153989333
153989333
NO
NO
NO
NO
853452352
853452352
NO
NO
NO
NO
231530151
NO
231530151
NO
NO
NO
NO
NO
44418527
NO
NO
NO
NO
645717562
200423173
200423173
147704130
NO
NO
147704130
NO
NO
NO
NO
148085071
NO
NO
NO
NO
NO
NO
419980917
NO
NO
447026016
NO
629666915
NO
531854173
531854173
NO
NO
909613590
909613590
909613590
465289643
128545887
NO
NO
128545887
896779467
896779467
286427944
NO
NO
23013763
643138097
NO
643138097
643138097
643138097
NO
NO
NO
510002698
NO
510002698
510002698
NO
NO
906889223
NO
NO
964287603
NO
NO
NO
NO
NO
NO
NO
NO
NO
29191112
29191112
33402601
NO
NO
NO
NO
NO
NO
544106048
NO
NO
98984729
98984729
902326739
902326739
NO
NO
717691786
540207856
987483870
NO
173277262
173277262
NO
804674934
804674934
NO
NO
NO
16845833
NO
NO
NO
560795989
NO
177555715
177555715
NO
177555715
NO
838902433
838902433
838902433
838902433
483905690
808123317
808123317
NO
NO
554292028
NO
NO
307561928
703219365
NO
NO
687744326
422003501
422003501
NO
NO
NO
NO
432826558
NO
546651488
NO
546651488
546651488
NO
NO
NO
NO
37969144
NO
NO
357225770
NO
NO
927785155
NO
NO
NO
NO
NO
NO
567396144
567396144
NO
567396144
949768759
NO
949768759
949768759
NO
200237491
986369807
NO
250146361
869850389
869850389
869850389
869850389
869850389
NO
869850389
NO
869850389
306653309
NO
NO
NO
241632484
946804479
NO
NO
NO
322783116
NO
NO
NO
515911934
NO
699568120
699568120
699568120
699568120
NO
543346464
543346464
NO
543346464
NO
NO
892972397
696998991
NO
NO
NO
696998991
NO
696998991
696998991
28427740
28427740
824075431
824075431
431678157
431678157
884596313
NO
NO
NO
NO
NO
697491728
697491728
NO
NO
697491728
NO
383911197
383911197
75828752
75828752
NO
NO
NO
NO
NO
433451936
NO
NO
NO
NO
NO
433451936
NO
NO
NO
549331860
549331860
549331860
549331860
NO
NO
NO
NO
NO
539998726
NO
20908717
20908717
NO
259087192
259087192
NO
585255828
585255828
739489747
231555984
NO
NO
337468269
337468269
372793401
NO
372793401
NO
398276883
NO
NO
NO
398276883
398276883
636041398
636041398
NO
636041398
NO
636041398
NO
752491835
NO
NO
668432367
668432367
568334687
NO
NO
NO
NO
NO
986540851
986540851
NO
NO
NO
303380272
NO
303380272
NO
NO
NO
NO
NO
NO
NO
NO
838856039
838856039
NO
NO
153883835
153883835
NO
153883835
153883835
NO
NO
309125215
309125215
NO
NO
79029319
NO
79029319
NO
79029319
NO
502680115
228745617
228745617
NO
630234289
NO
NO
630234289
NO
630234289
851581730
851581730
NO
65625283
343077822
343077822
NO
397575390
NO
NO
612403251
NO
612403251
612403251
740944300
NO
149454662
NO
91042597
NO
657392573
NO
NO
NO
NO
37171717
37171717
NO
253703901
NO
NO
NO
NO
NO
20879911
20879911
NO
355832830
NO
NO
599551944
NO
599551944
NO
599551944
936346885
936346885
NO
NO
523414322
NO
221048169
221048169
NO
NO
NO
NO
NO
94310521
NO
714527824
NO
528686752
NO
999090965
NO
954395044
954395044
NO
NO
954395044
954395044
NO
NO
NO
123769946
NO
123769946
123769946
157213901
157213901
NO
NO
NO
157213901
157213901
157213901
NO
NO
NO
NO
503850974
578917394
578917394
NO
NO
265367756
265367756
NO
NO
NO
195054233
NO
NO
777959507
NO
95250876
NO
NO
288435784
NO
288435784
656799894
656799894
656799894
791464508
NO
470205653
470205653
NO
112187806
112187806
112187806
112187806
NO
400447858
NO
NO
NO
40537946
NO
40537946
40537946
NO
217064854
217064854
NO
NO
236029950
NO
236029950
NO
316009062
NO
657543528
NO
NO
NO
NO
442280119
NO
NO
NO
NO
110235626
110235626
110235626
NO
327648379
327648379
NO
NO
NO
312789940
NO
NO
312789940
NO
312789940
312789940
312789940
312789940
312789940
NO
NO
NO
937086698
NO
937086698
NO
NO
NO
225451136
225451136
225451136
225451136
786933379
NO
786933379
841595938
48687814
NO
NO
48687814
NO
NO
48687814
48687814
NO
48687814
NO
48687814
48687814
NO
NO
NO
173151348
NO
480468489
480468489
NO
NO
623321581
339624302
NO
NO
9406575
NO
236607790
597524792
597524792
NO
NO
NO
492484824
410656965
410656965
NO
NO
NO
NO
NO
375678586
NO
375678586
375678586
NO
NO
855445950
57192247
57192247
648524386
NO
NO
839624448
NO
982043999
NO
982043999
982043999
824585104
48734491
48734491
48734491
48734491
NO
219011359
732094900
371545647
NO
NO
NO
NO
371545647
322026873
19296360
252421935
252421935
952154012
738055859
NO
738055859
NO
NO
738055859
NO
738055859
738055859
NO
251184886
NO
NO
NO
251184886
NO
591849524
591849524
NO
NO
NO
NO
NO
NO
297977581
NO
467906102
451947475
NO
NO
NO
835548322
NO
NO
NO
844267236
844267236
NO
844267236
NO
94674678
933955117
933955117
933955117
NO
859859095
859859095
NO
NO
NO
624099986
NO
NO
NO
NO
624099986
NO
NO
296633758
296633758
NO
NO
985681510
NO
112069508
77985108
NO
NO
77985108
NO
77985108
77985108
NO
77985108
NO
NO
77985108
77985108
NO
NO
NO
917195212
NO
NO
917195212
NO
NO
909717294
NO
NO
NO
NO
NO
NO
NO
767237146
767237146
NO
NO
NO
882855297
983735875
NO
159022501
NO
NO
660814974
660814974
NO
660814974
660814974
NO
NO
NO
120147246
120147246
NO
120147246
NO
120147246
NO
120147246
NO
715722071
715722071
715722071
NO
715722071
NO
NO
NO
NO
318593954
NO
318593954
318593954
NO
NO
NO
NO
NO
20924132
NO
429330583
699226911
NO
505259240
331491779
331491779
331491779
NO
331491779
331491779
NO
NO
NO
403480286
NO
NO
NO
574519263
NO
574519263
834035905
NO
NO
621555339
621555339
621555339
NO
NO
621555339
NO
NO
621555339
621555339
NO
19758448
19758448
13103399
NO
13103399
437112107
NO
929568959
NO
NO
288307115
NO
125109079
125109079
125109079
NO
579843378
NO
200080434
288928110
NO
288928110
288928110
NO
288928110
288928110
288928110
288928110
288928110
NO
288928110
366969426
NO
NO
NO
NO
NO
349949278
349949278
438689208
438689208
NO
747734783
NO
NO
NO
747734783
NO
747734783
747734783
NO
NO
502514939
NO
952696911
NO
457682503
457682503
457682503
457682503
NO
NO
NO
575489166
575489166
987390225
NO
NO
862543272
490821311
NO
254041844
254041844
664693649
664693649
NO
NO
664693649
664693649
NO
568938945
NO
NO
NO
NO
NO
642557905
642557905
NO
562538446
562538446
NO
NO
NO
8502767
NO
NO
495238982
495238982
495238982
495238982
NO
NO
NO
146351595
566691686
566691686
703137818
703137818
NO
NO
NO
NO
228159451
NO
228159451
228159451
495595070
NO
443671047
779138123
779138123
779138123
217161959
NO
456346596
NO
NO
777206788
777206788
777206788
NO
437651137
437651137
437651137
437651137
430958742
NO
430958742
430958742
NO
430958742
NO
302308462
302308462
NO
302308462
NO
258499609
NO
NO
NO
NO
NO
340280959
NO
NO
NO
NO
NO
459508421
207356751
207356751
207356751
919330816
919330816
919330816
NO
NO
334205420
NO
NO
NO
822519240
157682591
157682591
NO
700258097
700258097
NO
449275865
449275865
449275865
NO
NO
135890563
135890563
833381928
NO
NO
NO
NO
61627370
61627370
NO
130519414
160941033
NO
160941033
160941033
NO
517057420
NO
NO
300233780
NO
NO
300233780
300233780
NO
NO
NO
945327800
NO
968235167
NO
NO
465263264
901952792
901952792
901952792
509324677
NO
916331291
NO
NO
980847857
980847857
NO
764969394
567414065
567414065
NO
NO
NO
NO
NO
NO
567414065
NO
NO
NO
NO
169599519
169599519
674707733
NO
NO
674707733
674707733
NO
674707733
674707733
NO
NO
NO
402719195
402719195
NO
935698879
NO
352135964
352135964
352135964
NO
162984303
38222534
468308515
468308515
NO
NO
468308515
NO
628867153
628867153
628867153
349668720
NO
NO
NO
NO
606973072
606973072
606973072
NO
NO
NO
38781423
941308350
941308350
838182491
NO
NO
336802305
NO
38492418
517554031
NO
999662315
999662315
NO
999662315
NO
NO
NO
999662315
NO
NO
NO
835043277
918190798
47827703
NO
NO
NO
NO
934746719
894104860
NO
NO
90382914
90382914
NO
NO
NO
NO
NO
54371651
54371651
NO
NO
990029342
990029342
990029342
765818016
NO
765818016
380604317
NO
830338572
634287029
NO
NO
NO
NO
634287029
NO
846723826
846723826
NO
NO
468900553
888702383
888702383
654053599
654053599
NO
463231136
463231136
NO
NO
463231136
NO
502711545
557540215
NO
253124385
579817923
NO
579817923
NO
NO
579817923
579817923
579817923
NO
NO
188940022
NO
175838366
175838366
175838366
175838366
NO
NO
NO
NO
590146548
NO
459532373
459532373
768981200
NO
NO
NO
459716626
552716502
193190117
193190117
193190117
NO
903986868
NO
364050261
NO
324751060
NO
562039478
NO
NO
NO
479367128
NO
NO
NO
NO
NO
NO
NO
NO
NO
249554454
NO
249554454
197404142
NO
197404142
NO
396763108
396763108
NO
NO
NO
973393064
NO
NO
555173163
NO
555173163
265563942
NO
NO
NO
NO
NO
695555094
695555094
NO
695555094
NO
695555094
695555094
695555094
NO
321977591
NO
NO
321977591
NO
NO
321977591
321977591
321977591
NO
NO
NO
829103366
829103366
331096104
NO
NO
11770808
NO
384098023
NO
NO
189200792
189200792
NO
NO
NO
358549476
358549476
63429847
NO
NO
NO
NO
129156948
115304146
NO
NO
NO
442739245
442739245
NO
NO
NO
NO
18322767
NO
NO
18322767
NO
NO
10753415
NO
NO
NO
NO
NO
275069425
NO
275069425
NO
763899013
265009743
NO
NO
875026383
875026383
NO
832028145
832028145
NO
NO
NO
832028145
NO
NO
NO
358192425
358192425
NO
NO
358192425
NO
358192425
NO
NO
509343540
NO
315502522
NO
NO
553603571
955333647
955333647
955333647
955333647
977250058
977250058
977250058
855539641
855539641
NO
204076322
NO
NO
NO
762731238
762731238
NO
NO
NO
571753349
NO
974494901
NO
910760250
NO
562892974
562892974
235100545
235100545
NO
NO
NO
NO
NO
589215153
462565776
NO
462565776
NO
NO
462565776
NO
NO
462565776
462565776
462565776
462565776
NO
NO
462565776
NO
NO
NO
579631467
84817068
NO
NO
NO
NO
950049807
NO
287322537
287322537
487718488
487718488
487718488
NO
780248209
386626180
386626180
386626180
386626180
NO
504035290
NO
504035290
NO
437724405
NO
249277231
NO
249277231
249277231
249277231
249277231
249277231
NO
NO
NO
300651413
950903517
943420465
NO
847508252
847508252
NO
481014792
NO
481014792
681231097
NO
681231097
682763199
682763199
83356076
83356076
269643931
NO
NO
524942018
138100205
NO
561343458
NO
588270568
142748387
NO
NO
NO
887563737
NO
887563737
12915405
NO
NO
NO
12915405
12915405
12915405
12915405
NO
NO
12915405
490300188
NO
490300188
NO
NO
919634556
NO
NO
919634556
691958184
758552852
758552852
NO
276441013
276441013
NO
276441013
925891512
NO
925891512
530499515
530499515
NO
NO
530499515
530499515
NO
NO
NO
530499515
NO
NO
530499515
452913926
NO
NO
452913926
825970500
NO
NO
NO
472815034
472815034
685816467
NO
685816467
685816467
NO
369752208
987889682
987889682
987889682
987889682
NO
NO
NO
NO
997990298
NO
997990298
NO
997990298
297922445
297922445
715322719
NO
715322719
NO
800698756
NO
NO
638839252
638839252
NO
465926942
465926942
NO
465926942
465926942
465926942
661768484
NO
597391962
327732786
NO
NO
NO
NO
944001038
NO
NO
NO
944001038
NO
NO
884198449
884198449
884198449
90855350
NO
NO
90458272
452028802
452028802
724760826
724760826
724760826
NO
146428915
945351649
945351649
945351649
945351649
NO
NO
NO
NO
153806750
153806750
153806750
NO
NO
NO
NO
241777335
772801884
NO
NO
94109054
NO
NO
24493231
84187219
84187219
84187219
NO
542960363
542960363
NO
948946759
NO
NO
955645255
NO
NO
NO
286990899
NO
NO
908476249
NO
908476249
839734631
NO
236804969
365907155
NO
365907155
NO
NO
250417648
841240861
NO
841240861
NO
NO
NO
NO
496813004
NO
496813004
351771307
351771307
447715017
447715017
447715017
NO
447715017
NO
NO
826402313
826402313
NO
NO
NO
NO
894362081
NO
NO
796835664
NO
13976888
13976888
NO
336474094
336474094
336474094
NO
812009835
812009835
NO
NO
812009835
NO
NO
344554822
344554822
344554822
NO
333319323
367041667
359330151
NO
292900178
292900178
640065510
NO
485705057
750781175
750781175
750781175
476887432
NO
NO
394160724
NO
NO
NO
NO
NO
656605654
NO
NO
NO
NO
971162888
NO
960470488
79780627
NO
NO
867568288
NO
NO
867568288
867568288
NO
NO
NO
NO
330051652
330051652
330051652
330051652
NO
NO
143753514
785075779
785075779
NO
785075779
NO
NO
NO
494867009
456861717
NO
NO
NO
NO
150756333
NO
NO
NO
150756333
NO
NO
314809030
314809030
NO
NO
943163183
NO
NO
349804135
NO
NO
482039998
NO
827107827
827107827
827107827
102284702
NO
102284702
102284702
633972369
NO
836643592
NO
492374703
NO
NO
755991825
NO
NO
755991825
NO
156495106
291139413
559135995
NO
NO
NO
NO
836679615
836679615
836679615
NO
836679615
926388367
NO
NO
598233914
598233914
NO
NO
723896555
NO
723896555
723896555
80617343
NO
NO
546492326
NO
NO
546492326
NO
NO
NO
479207095
NO
479207095
NO
NO
922835182
NO
922835182
922835182
922835182
922835182
NO
NO
NO
620368366
620368366
NO
514624593
514624593
NO
NO
NO
727160509
727160509
NO
727160509
NO
NO
NO
NO
NO
617831754
NO
NO
NO
NO
133574142
NO
419198124
419198124
471923009
471923009
471923009
471923009
NO
NO
471923009
471923009
NO
471923009
471923009
471923009
471923009
918432290
NO
459344874
513140325
513140325
513140325
NO
73626335
154074531
NO
NO
NO
154074531
345654613
NO
345654613
NO
NO
497686879
NO
NO
NO
NO
497686879
NO
272019850
NO
NO
123754975
NO
123754975
NO
NO
560785169
NO
NO
379136401
379136401
NO
NO
899550183
NO
347325990
865413381
NO
80047136
637802531
NO
NO
637802531
637802531
637802531
637802531
NO
NO
111992243
NO
749552259
591804301
NO
NO
277619627
NO
NO
543159962
543159962
NO
543159962
909023090
NO
NO
NO
909023090
NO
NO
99944127
99944127
289724363
797099674
797099674
736874271
NO
736874271
NO
736874271
100912297
204686503
NO
NO
222614884
222614884
NO
677679052
NO
677679052
NO
677679052
NO
263028633
231286869
NO
NO
NO
231286869
NO
NO
NO
819132738
819132738
819132738
NO
637944020
NO
907330833
NO
907330833
863961406
863961406
NO
151461940
NO
NO
213552660
213552660
NO
213552660
NO
NO
433629954
NO
NO
NO
692989313
NO
3666065
NO
NO
759688001
NO
NO
NO
402131670
402131670
859051870
859051870
NO
859051870
859051870
859051870
855096886
NO
NO
855096886
981881404
981881404
981881404
582412339
NO
582412339
582412339
NO
582412339
654830535
654830535
654830535
654830535
403863973
NO
403863973
NO
NO
NO
NO
NO
NO
NO
494187094
588398521
NO
46664188
NO
NO
NO
257183434
735093519
735093519
NO
735093519
728844228
728844228
63327850
NO
NO
580296907
884993267
623620901
NO
NO
317754534
NO
NO
NO
NO
809401560
NO
NO
967852270
967852270
NO
967852270
NO
112064909
323495675
323495675
NO
162404001
95640488
NO
554924502
NO
728771508
NO
755138688
755138688
755138688
789265023
789265023
NO
NO
NO
1134540
NO
NO
NO
939069645
NO
NO
NO
503106703
NO
NO
517721988
NO
NO
488790908
488790908
NO
488790908
NO
488790908
488790908
NO
NO
77681420
77681420
NO
145488926
685969427
685969427
669234989
669234989
669234989
669234989
118544933
NO
295818748
NO
208652382
NO
361853253
361853253
NO
NO
NO
NO
NO
868474095
868474095
NO
887088226
887088226
NO
NO
34444585
34444585
NO
34444585
NO
34444585
NO
NO
NO
NO
556717976
556717976
556717976
540860638
540860638
NO
540860638
NO
NO
NO
NO
927512653
419684885
419684885
142602422
142602422
142602422
NO
NO
359693733
359693733
NO
NO
27939120
27939120
NO
27939120
NO
395530331
550090570
550090570
NO
NO
550090570
NO
NO
6969679
664397536
NO
NO
652819869
NO
652819869
NO
NO
522341322
636114187
636114187
636114187
NO
NO
815843107
815843107
NO
NO
668710725
668710725
668710725
668710725
NO
NO
668710725
NO
51896186
NO
NO
225822821
NO
NO
NO
581829973
NO
NO
165747601
NO
NO
NO
NO
NO
NO
NO
NO
NO
NO
NO
NO
7679494
72489297
72489297
72489297
NO
72489297
72489297
NO
NO
NO
228733900
NO
228733900
NO
228733900
200219964
NO
NO
NO
NO
817897956
817897956
817897956
817897956
NO
817897956
NO
18078151
NO
NO
18078151
18078151
NO
886721996
886721996
886721996
NO
NO
NO
377525067
NO
965805741
NO
NO
NO
209599628
NO
168618067
NO
NO
NO
NO
NO
NO
NO
512342634
512342634
512342634
NO
NO
NO
512342634
512342634
NO
83183583
NO
83183583
NO
906905340
NO
NO
NO
NO
411599413
546062425
NO
885574984
692053508
NO
NO
848907841
848907841
NO
NO
NO
NO
889021893
NO
544260017
NO
NO
411550178
NO
NO
NO
491387383
491387383
NO
397820077
NO
NO
397820077
NO
397820077
397820077
NO
NO
479703742
NO
479703742
479703742
NO
479703742
296715720
296715720
385427482
NO
770063569
NO
NO
582965445
NO
NO
NO
879535803
NO
NO
NO
109865784
NO
109865784
NO
NO
785895803
785895803
NO
208541380
NO
208541380
NO
608777950
NO
NO
NO
255364141
255364141
NO
NO
NO
NO
NO
331749590
NO
331749590
817499842
NO
209895044
NO
NO
196784505
NO
NO
578100924
NO
463932197
463932197
283557672
283557672
NO
NO
NO
NO
NO
NO
NO
NO
915176143
NO
NO
NO
246565687
NO
NO
NO
NO
NO
NO
301217965
NO
487971468
NO
547845538
NO
265879371
470479605
470479605
263058923
NO
NO
68313759
NO
NO
963965365
NO
822623568
NO
206963900
NO
356326680
754618033
754618033
754618033
754618033
754618033
NO
NO
507773830
NO
NO
NO
940507095
940507095
940507095
14302740
14302740
NO
NO
NO
NO
14302740
NO
423335711
NO
NO
423335711
NO
NO
597618990
597618990
NO
597618990
597618990
NO
121411820
121411820
NO
NO
NO
NO
121411820
121411820
121411820
NO
NO
NO
NO
168766581
NO
92541545
NO
678871320
NO
678871320
678871320
678871320
NO
NO
678871320
549584762
NO
904643919
562592734
562592734
NO
NO
NO
952320663
131620521
NO
59290917
NO
NO
336670261
336670261
NO
336670261
336670261
86197257
356996270
356996270
NO
942793137
NO
NO
66551359
66551359
NO
66551359
NO
456258491
NO
456258491
456258491
NO
NO
NO
NO
NO
542854944
NO
NO
NO
NO
NO
542854944
NO
NO
NO
NO
947783201
418762792
418762792
418762792
NO
NO
NO
NO
848431500
NO
NO
358646346
358646346
NO
746619879
NO
NO
635344175
NO
247790689
247790689
247790689
NO
255655173
255655173
NO
982350638
982350638
982350638
NO
NO
915651107
NO
NO
871016070
NO
NO
871016070
983147479
983147479
983147479
501170841
NO
501170841
501170841
NO
501170841
501170841
NO
501170841
NO
NO
501170841
501170841
501170841
NO
331867637
331867637
184240588
NO
176189142
NO
NO
335596884
113511426
NO
NO
31611985
31611985
NO
NO
234061008
534820240
620629448
NO
620629448
NO
465381294
NO
NO
465381294
NO
NO
45141892
NO
45141892
NO
NO
NO
NO
NO
NO
NO
487256494
NO
NO
NO
567098728
567098728
695947450
695947450
NO
NO
258875772
NO
NO
NO
NO
258875772
NO
258875772
258875772
47797347
NO
13152159
13152159
13152159
NO
42262857
NO
NO
NO
40826559
NO
NO
NO
NO
NO
802124157
NO
NO
NO
NO
303548496
775573370
NO
775573370
775573370
775573370
699298535
157431854
157431854
450763983
NO
435413442
NO
NO
876273576
534977004
NO
NO
NO
NO
NO
36466171
NO
NO
619751468
NO
NO
700755420
NO
469861662
469861662
469861662
469861662
469861662
NO
NO
469861662
NO
NO
669656530
669656530
NO
7558276
7558276
NO
NO
NO
496861694
496861694
NO
107562704
570542484
NO
794744649
NO
822718328
NO
822718328
504264828
NO
NO
NO
504264828
504264828
504264828
504264828
NO
405787431
368572765
368572765
395087312
NO
NO
NO
NO
NO
875244098
642290505
242917977
242917977
NO
NO
885200156
885200156
NO
885200156
NO
NO
NO
NO
678292845
NO
209745802
209745802
209745802
NO
NO
NO
900016576
900016576
666537920
666537920
666537920
NO
NO
NO
374818490
912595944
NO
129718436
568368563
568368563
NO
758164075
NO
758164075
NO
NO
449913671
NO
NO
NO
886542008
869043307
NO
NO
701891039
NO
NO
NO
NO
NO
659395257
NO
NO
168481057
168481057
NO
NO
168481057
NO
406179471
406179471
938695719
NO
NO
317370609
NO
NO
317370609
NO
61276615
NO
852824055
NO
NO
NO
685593637
685593637
685593637
NO
96188391
96188391
NO
NO
928488862
636705399
NO
NO
25900628
NO
954726331
946516918
851284998
851284998
822906092
NO
822906092
NO
590005796
602670546
NO
602670546
137063958
137063958
137063958
NO
NO
395115402
NO
NO
228501455
NO
228501455
NO
NO
228501455
NO
228501455
228501455
NO
228501455
NO
NO
228501455
NO
NO
NO
NO
201116436
201116436
201116436
201116436
201116436
201116436
NO
NO
201116436
NO
NO
NO
201116436
NO
791140845
935206723
935206723
NO
NO
NO
652051669
652051669
NO
NO
NO
NO
NO
551109014
551109014
NO
NO
982243636
NO
536642401
536642401
NO
536642401
536642401
NO
211100267
211100267
NO
NO
211100267
NO
951893313
NO
NO
NO
431677687
NO
722086206
NO
NO
NO
NO
32919117
NO
NO
NO
483969922
483969922
NO
483969922
NO
NO
NO
223971226
857910321
NO
857910321
NO
83171808
83171808
NO
NO
83171808
NO
3703170
NO
711364151
NO
579607446
579607446
460396624
NO
457801253
457801253
457801253
361090456
NO
NO
361090456
560143199
NO
923765365
NO
923765365
NO
NO
NO
NO
NO
NO
590073689
513203682
NO
705177485
705177485
705177485
NO
163226522
NO
574653366
574653366
889311049
NO
111406625
111406625
111406625
111406625
8559927
8559927
NO
873204674
151507310
151507310
NO
747592018
747592018
NO
NO
299220688
299220688
299220688
NO
NO
312242579
312242579
NO
372282670
NO
NO
713013489
713013489
713013489
NO
713013489
NO
180668542
180668542
NO
89801738
89801738
89801738
89801738
89801738
NO
369418264
NO
NO
759738473
NO
723290806
NO
769925456
NO
769925456
NO
NO
59516349
59516349
NO
59516349
17612754
17612754
17612754
NO
NO
431580757
NO
431580757
648845791
NO
NO
331137444
331137444
NO
NO
257592493
NO
NO
990701484
915619168
915619168
915619168
NO
NO
NO
915619168
NO
631540087
NO
NO
631540087
631540087
631540087
NO
211534674
211534674
205130606
NO
387420009
918562528
NO
150077512
150077512
NO
NO
NO
797508763
797508763
NO
797508763
NO
797508763
956818864
NO
NO
53560431
NO
NO
229564524
229564524
NO
NO
NO
NO
494891471
NO
NO
494891471
494891471
494891471
494891471
494891471
NO
NO
NO
494891471
494891471
653770822
NO
269665830
NO
353408038
353408038
463435045
909259909
909259909
NO
731700748
731700748
731700748
NO
731700748
731700748
NO
NO
582387568
582387568
NO
582387568
291826992
111308036
205365726
NO
550321456
225782994
NO
82388386
NO
NO
82388386
82388386
NO
450687323
NO
NO
29022014
29022014
NO
347308217
347308217
NO
347308217
NO
NO
766106204
NO
NO
NO
589460259
382562911
NO
88249463
NO
533592718
664307644
NO
648239402
NO
648239402
NO
891170930
891170930
891170930
891170930
NO
NO
891170930
891170930
NO
891170930
17395190
NO
NO
695533184
695533184
334930497
334930497
NO
334930497
NO
NO
293415552
293415552
565565435
NO
334500237
416788117
160670515
NO
NO
NO
NO
NO
160670515
160670515
NO
NO
NO
NO
NO
780098685
NO
NO
361130855
NO
286446529
765038812
765038812
NO
803482636
NO
918067603
918067603
60149640
NO
185804000
185804000
NO
185804000
706266340
706266340
NO
706266340
NO
706266340
NO
292625856
484575499
484575499
NO
484575499
NO
NO
450009163
NO
NO
NO
NO
983478050
983478050
NO
347392131
347392131
NO
347392131
NO
347392131
347392131
NO
NO
855954116
NO
NO
NO
287344168
287344168
NO
287344168
NO
NO
923817041
630394886
NO
630394886
NO
417765256
683144329
683144329
NO
683144329
683144329
683144329
NO
683144329
683144329
548331478
548331478
548331478
548331478
NO
NO
NO
566442260
NO
282117318
594919582
NO
NO
NO
594919582
NO
NO
532329650
NO
797905310
NO
NO
NO
NO
162782085
NO
943475043
NO
943475043
943475043
943475043
NO
NO
NO
943475043
NO
943475043
NO
943475043
943475043
NO
963694383
963694383
NO
NO
983881530
NO
NO
NO
983881530
NO
992618787
445835608
763005641
NO
808864709
NO
299705118
893701899
NO
893701899
893701899
NO
NO
56700874
NO
NO
NO
NO
534887129
60312133
60312133
NO
60312133
NO
NO
516706944
516706944
NO
NO
516706944
516706944
NO
NO
NO
NO
NO
327550826
223945537
223945537
NO
NO
56142963
NO
NO
56142963
NO
NO
NO
NO
24953964
438060558
NO
NO
918695191
NO
NO
454251245
NO
582693057
972889781
972889781
531195610
NO
NO
297203995
297203995
NO
NO
NO
938835477
NO
326373171
NO
57802670
57802670
57802670
57802670
NO
NO
519395484
895291764
895291764
895291764
895291764
895291764
NO
NO
NO
NO
NO
NO
770610944
NO
NO
NO
826817615
NO
NO
711350937
NO
201799458
NO
NO
NO
NO
201799458
201799458
201799458
201799458
201799458
201799458
300344668
300344668
18239664
NO
571709510
571709510
NO
NO
280718894
280718894
NO
628507884
628507884
628507884
628507884
NO
NO
NO
781836977
NO
NO
NO
781836977
NO
781836977
NO
358064490
358064490
NO
NO
NO
NO
964706755
NO
964706755
964706755
NO
NO
NO
NO
28238414
28238414
NO
28238414
28238414
28238414
NO
47490782
NO
NO
47490782
47490782
NO
443000416
NO
128774610
128774610
NO
167051521
NO
NO
597566846
NO
NO
NO
885392781
NO
177795146
NO
NO
787483551
787483551
NO
NO
NO
NO
979674857
423705809
NO
NO
NO
477064517
NO
477064517
NO
NO
848492537
848492537
NO
304824934
613134641
613134641
NO
NO
NO
NO
NO
519869552
NO
519869552
NO
NO
130976942
130976942
NO
583398084
NO
583398084
369710966
NO
NO
5084440
5084440
NO
5084440
5084440
NO
5084440
NO
NO
867918712
867918712
NO
NO
NO
NO
NO
NO
NO
NO
NO
NO
868574694
464861531
NO
464861531
685561263
960319082
177568397
NO
NO
736443199
NO
NO
86820607
NO
NO
191795399
191795399
191795399
335997312
NO
NO
NO
69974819
NO
NO
NO
984329702
984329702
NO
984329702
NO
984329702
328648123
NO
415887438
NO
239698961
NO
NO
239698961
NO
NO
NO
NO
NO
691082502
691082502
691082502
732838394
732838394
NO
737832990
NO
NO
222019527
222019527
NO
222019527
222019527
NO
222019527
NO
261137118
NO
942913330
942913330
491570621
491570621
491570621
NO
NO
337607674
337607674
NO
NO
NO
198610460
198610460
NO
165165164
165165164
165165164
NO
292804646
NO
292804646
292804646
NO
292804646
292804646
NO
NO
NO
4276000
4276000
291221461
291221461
524670539
524670539
NO
524670539
524670539
524670539
524670539
524670539
NO
996804327
996804327
NO
NO
409668674
NO
305441744
NO
305441744
305441744
693732264
693732264
693732264
NO
NO
NO
NO
NO
NO
159928551
NO
NO
NO
377960988
NO
321274063
NO
321274063
NO
321274063
321274063
132271703
659698987
223433297
NO
803336898
803336898
NO
995770779
995770779
NO
995770779
NO
NO
883978821
NO
NO
819857078
NO
NO
55981217
NO
NO
921756347
NO
292391526
745814823
745814823
745814823
NO
562610346
562610346
NO
562610346
NO
NO
474681015
NO
474681015
474681015
NO
NO
912024182
912024182
NO
912024182
NO
NO
NO
951311679
951311679
380411510
147151887
NO
562881456
843091697
843091697
843091697
843091697
NO
NO
NO
850866561
NO
NO
850866561
850866561
NO
NO
NO
NO
290937727
290937727
NO
290937727
290937727
290937727
NO
607065281
607065281
NO
NO
892813386
892813386
NO
892813386
892813386
NO
892813386
182206971
NO
802088985
802088985
NO
NO
NO
893074363
893074363
643122979
643122979
NO
NO
996096381
476862263
476862263
NO
476862263
NO
NO
NO
NO
509942756
509942756
77061704
77061704
NO
NO
NO
NO
75318044
75318044
75318044
NO
804900297
804900297
NO
804900297
NO
628185030
NO
NO
819697860
819697860
NO
819697860
NO
NO
NO
819697860
NO
NO
156352940
NO
156352940
797735004
NO
448936584
448936584
NO
NO
280086520
553713020
NO
510343787
510343787
NO
622708153
NO
622708153
NO
NO
NO
622708153
622708153
190025503
190025503
NO
NO
NO
190025503
638817149
761009117
NO
NO
36096709
NO
688477739
26800672
26800672
NO
NO
NO
NO
962219469
962219469
962219469
962219469
962219469
NO
NO
NO
593549458
NO
593549458
NO
206134867
NO
951144271
951144271
NO
NO
543211156
543211156
NO
826895623
826895623
563802852
832757259
832757259
832757259
832757259
115695279
NO
NO
661745738
NO
525217582
888496130
NO
105828550
NO
105828550
482059959
472763685
472763685
NO
NO
NO
NO
17201661
511935621
511935621
186655959
NO
186655959
NO
338763465
338763465
338763465
338763465
NO
30487359
30487359
NO
420281650
420281650
420281650
NO
NO
420281650
NO
420281650
420281650
285387059
NO
313383249
313383249
NO
NO
427280306
NO
NO
151144251
NO
NO
517342121
517342121
NO
163137198
NO
736603292
NO
NO
NO
795320885
795320885
795320885
795320885
795320885
NO
NO
NO
NO
25382717
618376852
618376852
90829045
NO
90829045
439853569
439853569
NO
NO
439853569
439853569
439853569
NO
994584995
NO
NO
994584995
462006246
462006246
462006246
462006246
NO
NO
976567236
955410026
NO
NO
582759228
NO
691368809
691368809
691368809
NO
691368809
173019671
NO
173019671
NO
173019671
173019671
NO
721857016
NO
16860978
NO
NO
NO
NO
NO
NO
NO
NO
NO
668580460
778632895
778632895
NO
778632895
7747154
7747154
7747154
NO
554162518
NO
554162518
554162518
NO
935726654
935726654
41430156
NO
NO
NO
426490395
426490395
NO
215859081
403452726
403452726
409243756
567159316
567159316
567159316
NO
NO
831456599
831456599
NO
671592316
671592316
NO
671592316
NO
671592316
NO
919278764
NO
919278764
NO
484872728
NO
484872728
284004593
284004593
NO
NO
284004593
NO
NO
786679803
NO
326075965
326075965
326075965
24718308
NO
NO
581131706
NO
NO
NO
479169434
NO
NO
NO
823518015
NO
682505895
682505895
NO
682505895
580130086
580130086
580130086
426943040
426943040
NO
917777179
NO
NO
NO
832057959
832057959
NO
547746405
547746405
419984643
419984643
419984643
419984643
NO
NO
587433089
587433089
NO
NO
NO
NO
NO
144487859
7265307
907962020
907962020
907962020
NO
842507625
566817907
566817907
855612890
855612890
855612890
855612890
NO
113552052
NO
147058694
NO
NO
694857944
665606643
665606643
NO
848320801
448550744
129193819
NO
NO
NO
787100797
NO
NO
NO
902632116
NO
902632116
NO
NO
NO
128785473
128785473
128785473
NO
128785473
NO
NO
399616668
NO
782688069
NO
NO
NO
NO
136769309
NO
NO
336717375
NO
336717375
NO
NO
NO
346144706
NO
346144706
NO
440694468
NO
NO
NO
724097643
NO
683418455
NO
510827288
510827288
42439917
390950500
390950500
NO
390950500
390950500
NO
745634587
NO
NO
NO
NO
227581090
924486466
924486466
924486466
NO
924486466
419436386
NO
419436386
NO
NO
NO
NO
NO
NO
NO
859722410
NO
336799614
NO
NO
336799614
336799614
NO
NO
754461474
40666183
40666183
40666183
40666183
40666183
NO
40666183
NO
185056754
327408667
NO
461710398
461710398
NO
378006376
NO
378006376
378006376
NO
NO
853120105
NO
NO
NO
NO
NO
NO
44360239
NO
44360239
NO
NO
NO
NO
44360239
NO
44360239
934416412
934416412
NO
NO
NO
NO
NO
NO
682250531
682250531
NO
682250531
682250531
NO
754662987
754662987
NO
NO
NO
NO
NO
NO
754662987
NO
NO
NO
NO
559526509
559526509
NO
803694710
803694710
803694710
803694710
446582649
263929585
NO
NO
522824960
735624609
NO
586945719
NO
NO
NO
715893583
NO
34421746
34421746
34421746
NO
NO
268407200
NO
114371479
NO
NO
158042837
NO
NO
NO
158042837
158042837
NO
946686312
946686312
NO
NO
420131523
990824958
NO
574219517
574219517
574219517
NO
NO
NO
892904127
892904127
943911854
NO
NO
225678524
225678524
NO
559961317
559961317
NO
559961317
NO
NO
559961317
NO
NO
NO
998705475
998705475
998705475
NO
134742823
134742823
577800856
109535041
NO
NO
NO
NO
NO
NO
643787609
643787609
643787609
NO
NO
410419558
247600905
247600905
NO
247600905
NO
765121970
420911171
420911171
NO
420911171
753345248
NO
716475403
NO
NO
NO
716475403
NO
NO
NO
NO
NO
NO
762990432
762990432
NO
NO
NO
NO
920741515
NO
920741515
24435349
857064182
NO
NO
NO
507641961
507641961
507641961
507641961
NO
9299908
NO
NO
NO
NO
9299908
NO
403927236
NO
NO
403927236
403927236
403927236
NO
NO
403927236
NO
403927236
NO
NO
NO
NO
NO
147483878
NO
433495697
NO
300026536
300026536
NO
401426557
60987599
60987599
NO
NO
NO
882154013
882154013
NO
882154013
NO
NO
851503038
NO
NO
NO
NO
NO
NO
NO
NO
NO
NO
NO
NO
306442253
NO
NO
473118480
NO
947937304
947937304
NO
947937304
NO
947937304
NO
NO
333840594
NO
NO
314822835
NO
314822835
292239266
NO
763926675
NO
763926675
763926675
763926675
NO
330052099
NO
330052099
330052099
330052099
362759070
NO
362759070
362759070
695701080
NO
113892902
NO
662873487
662873487
NO
NO
426392679
NO
426392679
NO
NO
NO
NO
NO
784444004
784444004
784444004
NO
784444004
NO
NO
217507723
217507723
NO
217507723
847661540
NO
NO
117941177
364575702
364575702
NO
NO
364575702
NO
NO
NO
NO
364575702
364575702
NO
669511844
NO
264669136
NO
NO
184825352
NO
NO
966895329
NO
NO
NO
694325522
694325522
NO
694325522
NO
NO
NO
771662386
NO
726331549
NO
NO
625946351
NO
625946351
622104905
346283454
NO
NO
346283454
182089795
NO
NO
NO
802894387
NO
NO
NO
NO
503516688
503516688
NO
715190393
187534066
187534066
NO
602074931
NO
735354305
735354305
735354305
735354305
NO
616452706
NO
113960481
113960481
NO
NO
113960481
NO
NO
145313366
NO
145313366
NO
NO
880121765
543507077
543507077
108469557
108469557
NO
NO
754456987
NO
NO
754456987
159683573
159683573
NO
NO
159683573
NO
NO
NO
357039140
357039140
NO
NO
NO
660126889
660126889
NO
NO
77852449
77852449
77852449
NO
77852449
NO
801499387
680009874
680009874
NO
680009874
680009874
883851654
NO
NO
120633900
NO
NO
480340184
480340184
480340184
480340184
NO
NO
355082710
355082710
NO
NO
460653628
NO
NO
NO
989721691
536099388
NO
NO
536099388
536099388
536099388
536099388
NO
NO
65223553
65223553
65223553
NO
65223553
NO
NO
NO
NO
926600533
NO
NO
4404525
NO
20138201
NO
20138201
20138201
NO
20138201
20138201
20138201
20138201
277848191
586733066
NO
NO
372124083
NO
NO
451740058
NO
451740058
302983761
NO
NO
NO
933201039
NO
933201039
NO
747463750
NO
NO
NO
607451875
NO
NO
613211937
NO
613211937
558141141
558141141
NO
194160795
194160795
194160795
194160795
194160795
194160795
459885092
925877066
NO
NO
803117149
803117149
NO
NO
803117149
803117149
803117149
NO
803117149
NO
64000913
64000913
NO
NO
NO
457512529
NO
704564755
NO
622997108
657114963
657114963
657114963
657114963
NO
NO
NO
217250505
217250505
619989433
95101398
95101398
NO
NO
984331970
NO
984331970
327110031
NO
87394455
87394455
650821521
650821521
300068612
300068612
NO
690903316
NO
NO
NO
NO
NO
NO
171673298
NO
380244716
380244716
380244716
NO
NO
503644712
NO
NO
NO
888428040
888428040
NO
NO
425309138
NO
157450411
157450411
157450411
157450411
142854867
NO
142854867
915557874
NO
NO
513324603
NO
496939745
496939745
NO
NO
368016400
NO
368016400
NO
741241885
513760326
513760326
NO
NO
NO
NO
298145583
NO
NO
330897891
330897891
NO
502314252
502314252
502314252
502314252
20006501
20006501
20006501
NO
NO
NO
785256757
662113034
509367960
NO
NO
509367960
509367960
509367960
509367960
NO
NO
NO
161718284
28537583
833754394
833754394
833754394
NO
833754394
833754394
833754394
321404267
577931844
NO
NO
NO
NO
602208490
602208490
602208490
602208490
NO
NO
803224905
283735437
283735437
NO
NO
NO
163978566
NO
163978566
163978566
957070021
831298447
NO
NO
17439978
540231811
832842223
NO
NO
NO
383334611
383334611
383334611
939314371
939314371
214245958
214245958
NO
NO
719420200
331168539
331168539
NO
819413289
NO
NO
NO
NO
NO
NO
760935160
760935160
760935160
NO
NO
760935160
NO
187367417
634956668
634956668
634956668
634956668
634956668
NO
NO
NO
NO
850214193
850214193
850214193
850214193
NO
850214193
850214193
850214193
NO
NO
NO
122572191
NO
NO
657311785
543475140
NO
543475140
NO
665619621
162854291
95621811
NO
NO
95621811
NO
NO
NO
211671692
351542515
NO
NO
NO
54167603
54167603
54167603
54167603
47047871
47047871
47047871
252611117
454979246
454979246
NO
NO
NO
454979246
454979246
454979246
889854097
NO
549399349
NO
NO
NO
NO
NO
291631365
666285175
666285175
NO
NO
276597522
276597522
NO
276597522
276597522
NO
NO
NO
498161153
498161153
NO
498161153
498161153
498161153
NO
