43
5
22
0
103
105
0
0
6
43
4
44
41
11
0
10
3
3
4
23
9
12
22
8
0
0
1
104
1
0
0
13
18
0
7
227
0
62
0
0
1
0
37
100
44
161
46
0
3
0
0
11
0
0
25
23
0
108
0
1
0
3
1
166
5
0
18
0
4
0
0
6
163
0
2
41
0
3
45
41
0
0
0
104
0
42
43
47
0
17
7
11
43
13
7
3
1
0
227
0
5
11
20
4
0
1
62
0
7
43
0
0
41
8
0
0
0
0
22
24
11
44
0
11
7
18
105
0
0
0
64
11
0
1
0
8
0
0
0
0
0
0
0
0
44
5
48
0
5
159
1
0
50
8
0
0
8
0
0
0
7
46
1
0
4
228
0
108
42
22
1
14
6
0
0
6
0
0
0
2
2
2
1
79
0
0
0
40
0
0
101
4
4
5
8
6
12
21
0
6
232
7
0
6
2
108
45
42
7
10
0
0
1
16
0
15
6
0
7
46
0
0
0
14
102
0
231
1
40
2
0
0
21
0
171
0
14
167
0
7
0
41
0
42
1
40
0
0
0
102
1
0
43
0
44
0
43
103
0
0
50
9
102
0
38
0
10
0
7
1
0
0
0
9
4
0
