0
12
36
8
0
39
299
67
69
12
0
0
0
18
401
1
68
0
10
69
0
0
42
2
183
16
70
0
0
4
12
0
10
0
0
0
1
0
85
68
11
31
0
0
10
12
0
4
177
0
179
32
0
0
177
64
8
0
2
175
68
297
71
0
4
0
66
13
5
12
0
69
1
65
0
114
23
13
0
40
12
0
0
28
10
0
172
6
0
67
1
0
3
15
0
1
0
14
1
11
175
1
1
0
3
173
8
0
0
0
33
64
0
14
0
0
0
0
29
180
1
1
0
1
67
183
8
0
25
0
0
34
1
67
68
38
69
0
0
407
10
65
291
0
65
66
2
67
0
2
3
0
3
10
0
0
11
0
0
38
24
295
13
70
0
14
0
292
290
30
0
63
6
0
0
63
4
1
12
8
16
11
0
0
4
67
69
1
66
1
0
173
167
0
32
17
1
68
0
77
174
15
3
4
70
12
0
32
2
11
0
68
0
105
0
19
70
65
35
74
63
0
10
0
104
0
1
32
0
7
12
174
12
0
1
0
30
1
0
0
3
7
15
0
2
121
37
31
34
0
0
0
1
1
2
6
16
12
10
13
0
30
298
0
0
61
12
4
0
478
293
0
173
68
17
407
175
1
413
2
0
68
12
117
71
0
63
66
3
0
1
14
470
4
73
396
0
13
6
19
0
0
39
10
12
0
5
2
1
0
9
13
0
3
0
63
69
68
0
2
1
67
0
68
77
0
409
0
41
174
69
71
0
175
12
297
0
71
1
175
405
4
3
0
2
1
514
0
70
1
0
0
0
1
1
18
0
1
68
0
11
0
401
1
176
1
73
0
2
68
0
175
33
1
0
9
10
11
404
0
291
71
4
68
0
289
68
8
0
182
288
7
0
187
12
39
71
0
67
12
5
0
172
291
13
0
0
0
0
0
2
1
11
154
0
7
3
14
0
0
0
2
8
0
285
299
179
73
2
0
0
3
0
0
0
0
0
11
16
0
1
0
0
0
0
0
13
10
7
0
1
66
0
9
4
7
175
32
69
0
13
31
37
9
2
38
174
3
294
68
12
175
21
175
0
0
185
1
180
1
0
2
14
0
71
10
0
0
1
83
13
1
65
71
69
70
14
0
174
1
10
10
12
0
8
39
65
0
109
1
0
518
0
115
10
5
65
0
0
9
0
43
402
1
292
73
39
0
33
15
285
0
0
0
57
48
0
66
14
5
404
4
4
0
31
37
17
1
0
63
0
14
0
35
0
36
0
71
70
71
0
0
69
0
4
9
10
81
5
65
0
0
65
177
34
1
0
1
0
2
9
70
0
22
71
61
0
11
39
0
0
5
29
0
68
175
0
34
2
175
6
398
12
13
4
179
0
68
15
0
173
1
0
70
78
286
174
0
0
71
0
1
3
36
2
69
0
6
0
16
1
32
5
68
70
11
11
172
9
67
238
8
2
0
0
3
65
0
4
1
2
16
0
168
1
5
1
227
0
0
15
1
65
14
0
14
284
0
13
0
16
0
10
37
3
33
0
0
37
14
0
0
0
0
71
0
0
0
8
5
0
0
299
2
4
63
15
0
12
31
14
69
71
71
0
17
3
1
7
1
0
0
3
70
7
0
1
73
5
15
8
212
5
0
0
14
68
0
9
63
1
5
292
0
35
66
63
11
12
292
13
76
69
1
0
0
0
2
0
10
0
69
73
0
0
1
290
12
0
0
175
0
0
68
70
0
286
1
0
64
0
4
177
176
9
10
172
1
63
7
35
0
1
7
0
8
15
19
12
1
0
31
0
70
0
0
68
50
12
2
178
66
0
1
13
177
0
0
0
13
0
0
