0
12
1
8
0
0
0
4
0
7
0
3
1
74
0
0
9
0
0
8
0
1
1
0
0
0
2
0
1
1
1
13
10
0
0
0
0
2
8
0
0
0
6
0
0
0
0
8
8
2
0
43
0
11
0
70
0
0
0
0
0
5
0
8
123
0
2
0
0
0
1
9
2
7
0
1
4
0
3
2
0
0
3
2
1
3
10
8
0
0
1
0
0
0
2
11
0
0
0
131
0
0
4
1
11
46
6
21
132
2
0
9
0
2
2
75
2
5
1
0
0
0
13
7
0
0
2
68
1
1
0
0
0
0
0
0
16
7
43
0
44
0
8
2
15
0
0
0
1
4
0
0
122
0
0
0
20
0
13
0
0
44
8
0
1
0
38
103
11
43
1
1
1
0
9
0
0
7
10
1
0
0
45
0
132
0
75
12
0
2
0
0
73
1
69
7
4
1
1
2
0
0
11
0
0
2
10
9
0
0
0
48
0
0
120
1
8
8
8
16
0
0
0
0
9
0
1
4
10
1
0
42
0
2
1
3
9
0
9
0
0
1
68
6
0
2
6
0
9
0
0
2
0
6
0
119
79
8
0
44
0
0
9
2
0
0
70
0
1
5
0
73
0
0
5
0
0
8
0
0
42
0
10
72
4
3
0
1
0
0
0
0
3
3
0
0
0
12
12
2
1
8
0
8
0
7
0
4
0
0
0
0
1
8
0
73
6
0
0
0
1
15
72
0
0
8
34
4
45
0
10
0
5
0
4
9
11
0
0
9
9
0
99
104
73
12
0
9
5
1
8
25
0
10
1
0
4
1
0
2
8
15
9
0
10
12
12
0
0
5
4
0
0
41
0
0
44
0
102
9
7
119
119
0
0
1
71
2
9
3
10
15
11
1
0
3
0
0
40
0
2
40
0
0
0
11
0
74
71
0
14
0
44
9
1
76
0
0
0
0
0
0
0
0
0
0
12
3
0
0
3
0
0
0
21
2
16
8
7
0
0
0
8
0
8
0
0
2
5
0
2
0
0
8
4
0
8
8
0
15
8
0
0
0
4
8
12
3
41
3
0
10
0
101
8
45
0
0
10
1
0
0
3
0
0
0
1
0
2
2
8
3
2
0
0
9
27
0
40
0
1
12
40
0
10
0
0
0
0
74
1
0
0
40
9
7
2
0
4
43
0
1
8
0
0
1
1
72
10
0
1
1
0
0
0
0
42
3
0
0
0
3
20
0
41
1
8
0
8
0
7
0
0
1
0
22
0
