149
0
0
64
0
127
0
2
209
62
0
58
0
0
0
132
2
131
3
0
15
73
20
1
71
63
0
126
127
2
6
22
0
20
5
20
31
3
141
0
0
0
24
0
114
0
563
3
0
1
118
0
24
0
1
349
0
23
20
132
156
123
0
4
71
0
0
1
0
0
3
146
0
67
0
0
25
7
0
0
26
107
2
0
121
126
0
0
1
21
1
6
3
24
0
0
343
2
18
23
7
28
349
28
0
126
0
24
1
14
3
34
6
1
719
2
1
0
30
0
0
25
0
0
137
22
1
11
138
27
26
0
122
0
26
0
2
4
562
12
3
22
0
0
340
30
25
0
8
0
83
0
0
128
344
342
565
0
1
0
27
54
6
715
349
124
2
124
0
19
0
127
33
27
22
0
1
344
29
24
0
2
5
18
22
1
124
130
30
1
2
2
4
27
122
126
0
0
124
27
128
14
124
0
1
1
0
22
0
0
346
2
25
0
3
3
73
26
0
21
0
0
19
2
127
30
0
0
22
142
126
6
3
23
0
344
2
0
4
0
2
65
2
0
0
67
361
0
2
1
0
0
0
0
74
120
3
24
63
126
9
0
344
1
3
0
1
0
69
3
0
0
131
0
25
25
567
0
0
121
73
121
1
560
0
27
123
0
18
3
345
835
