299
167
11
0
57
0
7
38
37
303
0
55
50
171
57
474
60
35
75
39
0
0
1
0
2
35
34
6
60
0
2
10
4
11
0
62
15
0
1
174
59
13
178
61
11
0
84
32
0
60
0
175
1
60
3
12
0
0
11
172
1
56
57
301
64
174
0
10
0
6
4
0
473
1
8
11
399
0
60
4
13
1
1
0
0
0
7
0
0
0
0
70
172
0
1
397
0
0
2
18
0
0
0
1
1
0
0
0
0
0
1
0
0
1
15
57
0
1
59
9
62
0
68
60
0
0
0
0
0
170
10
2
0
2
0
0
1
0
17
1
44
1
0
0
1
1
4
0
12
8
0
64
56
165
1
0
66
0
0
306
0
4
0
12
10
11
1
57
402
11
400
0
57
64
0
56
4
1
1
11
26
1
34
62
0
0
0
1
35
29
0
0
62
0
57
0
302
13
0
169
2
5
1
0
0
3
300
0
7
3
0
0
2
126
27
0
1
1
0
0
10
70
0
0
0
33
28
57
0
15
0
0
1
0
0
1
0
15
0
0
33
171
171
56
0
9
6
1
16
61
39
0
6
0
13
62
37
2
0
0
58
55
1
34
0
472
61
2
1
0
8
2
10
41
0
1
0
0
10
87
11
62
173
0
1
12
58
0
0
32
15
1
0
3
15
2
15
0
0
16
6
13
1
0
0
61
2
60
0
64
300
13
43
1
11
161
0
34
41
1
0
11
71
310
34
0
0
0
11
10
14
0
11
9
2
0
474
475
0
0
8
0
0
0
299
0
505
297
36
0
39
0
1
31
16
307
2
56
0
20
398
0
8
11
0
0
0
0
1
0
6
119
2
0
0
0
59
19
124
38
1
56
1
163
10
9
10
3
2
0
1
68
59
0
68
5
0
0
179
9
0
0
13
0
11
38
1
0
13
1
11
403
65
0
36
0
0
0
33
0
0
1
33
14
2
0
0
0
11
0
0
0
128
0
1
4
22
0
0
55
67
3
0
2
13
4
0
36
5
1
0
15
60
0
0
0
2
11
300
0
0
472
2
17
0
5
174
0
11
0
6
0
0
80
0
0
2
0
11
126
1
171
18
0
59
3
15
1
0
60
62
0
0
61
61
0
0
60
0
0
401
0
0
14
62
12
31
392
178
0
0
0
39
304
0
1
15
0
30
4
172
60
0
0
2
175
172
38
1
32
175
165
302
2
0
11
15
1
1
171
0
0
0
124
77
8
45
60
8
0
0
0
17
0
1
5
0
32
62
5
1
3
176
13
185
14
64
0
0
0
0
0
304
0
172
