1672 1672
-1 -1
474 474
5984 5986
7884 7885
-1 -1
2214 2216
9808 9808
4509 4509
1279 1279
-1 -1
9373 9374
6437 6439
-1 -1
7532 7532
-1 -1
-1 -1
-1 -1
7167 7168
-1 -1
-1 -1
2133 2135
-1 -1
5528 5533
-1 -1
5278 5278
3136 3136
-1 -1
8840 8840
-1 -1
241 243
2692 2694
4993 4993
-1 -1
1639 1639
1813 1816
-1 -1
8796 8798
5702 5705
2497 2497
6986 6988
5182 5182
3786 3786
-1 -1
1102 1102
5586 5586
4156 4156
2372 2372
8756 8757
4627 4629
-1 -1
-1 -1
6141 6141
6304 6304
5883 5883
9922 9922
3022 3022
2193 2195
10054 10055
6632 6632
5354 5354
6086 6088
-1 -1
-1 -1
-1 -1
8300 8301
-1 -1
1113 1115
1760 1762
31 31
-1 -1
-1 -1
8421 8421
-1 -1
7599 7601
10008 10008
5290 5290
-1 -1
6229 6229
5076 5077
4287 4287
5108 5108
-1 -1
-1 -1
3715 3715
4205 4206
1421 1421
6496 6496
4156 4156
1832 1833
-1 -1
-1 -1
1887 1887
6970 6972
-1 -1
-1 -1
4804 4805
4229 4229
-1 -1
-1 -1
9746 9746
5337 5338
1033 1033
-1 -1
159 159
9274 9275
7750 7750
1036 1037
10031 10032
7879 7881
9035 9036
-1 -1
-1 -1
1470 1470
5957 5958
4467 4467
9030 9030
-1 -1
6537 6537
8832 8832
-1 -1
6252 6253
-1 -1
4121 4121
-1 -1
9251 9252
974 978
-1 -1
-1 -1
-1 -1
5240 5240
4303 4303
-1 -1
-1 -1
2117 2118
-1 -1
4683 4683
-1 -1
9946 9946
-1 -1
6659 6659
7264 7264
8213 8214
7639 7639
5198 5198
-1 -1
4830 4831
9360 9360
5915 5917
-1 -1
-1 -1
8714 8714
10016 10017
2662 2664
110 111
-1 -1
6056 6057
-1 -1
-1 -1
-1 -1
8421 8421
903 904
3229 3229
3071 3073
1515 1515
-1 -1
10020 10021
7941 7941
3946 3946
-1 -1
-1 -1
4440 4440
3602 3602
3074 3076
3558 3558
1609 1609
-1 -1
-1 -1
9410 9410
4743 4743
-1 -1
1952 1952
362 363
1938 1938
-1 -1
1920 1923
8382 8382
9712 9712
-1 -1
9424 9424
863 863
-1 -1
8391 8392
7681 7681
-1 -1
5316 5316
2820 2820
8930 8930
1006 1007
8737 8737
-1 -1
6580 6580
6434 6434
-1 -1
8371 8371
1431 1431
4745 4748
1551 1552
6722 6722
3831 3832
9883 9883
4760 4760
-1 -1
3007 3007
3233 3233
-1 -1
7557 7557
5279 5281
9801 9802
-1 -1
-1 -1
150 150
15 16
6911 6911
-1 -1
8024 8024
6798 6800
-1 -1
5668 5668
5467 5467
636 637
7352 7352
3011 3012
3811 3813
3304 3304
1566 1567
-1 -1
6607 6609
5887 5887
4200 4200
-1 -1
6013 6014
-1 -1
-1 -1
4683 4683
319 320
9367 9368
-1 -1
6603 6603
-1 -1
2944 2944
634 634
3416 3416
-1 -1
1089 1089
4042 4043
-1 -1
5066 5067
4363 4364
2369 2369
8754 8754
-1 -1
4192 4192
9045 9046
539 539
-1 -1
-1 -1
1087 1087
3685 3686
3240 3240
-1 -1
4983 4985
800 801
9416 9416
8976 8976
7938 7938
-1 -1
5300 5300
-1 -1
9907 9908
-1 -1
-1 -1
7958 7959
8924 8924
6701 6701
1878 1879
3684 3684
-1 -1
8404 8404
9359 9359
8023 8023
-1 -1
4731 4731
1361 1361
-1 -1
-1 -1
-1 -1
-1 -1
7185 7186
9085 9085
-1 -1
5534 5535
4817 4817
5587 5587
839 840
-1 -1
-1 -1
-1 -1
-1 -1
-1 -1
-1 -1
3707 3707
7130 7130
4921 4921
8847 8847
1061 1061
8793 8793
-1 -1
-1 -1
-1 -1
-1 -1
-1 -1
-1 -1
8304 8304
-1 -1
4318 4318
-1 -1
2254 2254
5615 5615
7375 7375
-1 -1
9952 9954
3707 3707
5729 5731
-1 -1
8248 8248
-1 -1
-1 -1
-1 -1
4491 4493
-1 -1
6 7
4447 4448
7697 7697
7605 7605
-1 -1
5498 5500
3969 3970
-1 -1
900 901
7838 7838
4325 4325
2875 2876
-1 -1
6841 6841
3066 3067
-1 -1
8455 8457
3802 3802
9795 9796
2819 2819
-1 -1
7259 7259
-1 -1
3749 3750
3031 3031
-1 -1
5207 5207
6181 6181
-1 -1
862 862
3602 3602
-1 -1
-1 -1
7259 7259
-1 -1
6058 6058
3061 3061
-1 -1
1337 1337
4194 4196
1800 1802
7619 7620
-1 -1
-1 -1
8840 8840
4335 4335
-1 -1
4915 4916
-1 -1
-1 -1
6591 6591
8287 8287
3785 3785
3307 3308
4737 4737
6853 6855
4627 4629
6277 6278
9945 9945
-1 -1
10093 39640
-1 -1
-1 -1
4200 4200
6160 6161
7952 7952
965 965
7072 7073
-1 -1
4331 4331
5154 5155
185 186
6288 6288
-1 -1
-1 -1
-1 -1
2871 2871
7658 7659
-1 -1
7636 7636
7938 7938
5959 5959
-1 -1
5783 5783
8693 8694
1774 1775
-1 -1
4284 4284
1330 1330
8820 8822
1030 1031
2384 2386
4338 4340
245 245
9560 9560
-1 -1
-1 -1
9001 9001
4630 4630
-1 -1
-1 -1
1222 1222
4301 4301
5587 5587
9395 9395
98 100
2806 2806
3352 3352
3 4
-1 -1
4982 4982
3196 3196
-1 -1
9808 9808
2347 2347
91 92
5942 5943
-1 -1
3004 3006
-1 -1
-1 -1
-1 -1
-1 -1
5750 5752
3405 3405
773 775
890 891
114 114
9188 9189
8342 8344
5937 5937
7674 7674
6532 6532
905 905
-1 -1
7718 7718
6752 6753
9758 9758
3619 3619
255 255
-1 -1
-1 -1
1914 1914
4951 4951
630 630
8605 8605
7806 7806
-1 -1
8495 8496
-1 -1
-1 -1
-1 -1
841 841
4979 4980
7362 7362
5617 5618
6790 6790
-1 -1
5386 5386
6481 6481
3755 3755
9410 9410
4839 4840
1463 1464
8234 8237
-1 -1
-1 -1
5755 5755
9422 9422
-1 -1
7255 7255
1423 1424
2344 2344
-1 -1
2945 2945
-1 -1
3522 3522
-1 -1
-1 -1
5990 5990
-1 -1
6065 6065
-1 -1
-1 -1
-1 -1
-1 -1
2962 2962
4570 4572
2914 2914
-1 -1
8979 8979
-1 -1
-1 -1
-1 -1
7695 7696
8323 8324
5343 5343
1170 1170
3475 3475
9483 9483
-1 -1
1225 1225
2711 2711
7575 7575
59 59
9533 9533
-1 -1
5308 5308
2595 2595
1414 1416
-1 -1
522 522
7345 7345
6417 6417
2524 2524
4684 4684
-1 -1
6317 6317
9570 9570
7261 7261
5964 5964
3016 3019
9424 9424
255 255
-1 -1
-1 -1
-1 -1
6555 6558
-1 -1
6320 6320
8979 8979
-1 -1
323 323
9021 9022
4225 4227
-1 -1
-1 -1
5344 5344
-1 -1
9005 9005
-1 -1
9231 9231
-1 -1
5250 5250
-1 -1
-1 -1
-1 -1
6277 6278
4498 4498
-1 -1
3419 3420
-1 -1
3534 3534
-1 -1
-1 -1
4906 4908
7145 7146
1906 1906
8030 8030
-1 -1
9395 9395
319 320
2556 2559
8160 8160
-1 -1
3436 3437
7490 7491
-1 -1
2696 2697
-1 -1
9382 9382
272 274
-1 -1
-1 -1
-1 -1
-1 -1
-1 -1
4665 4665
7563 7563
-1 -1
4513 4513
9212 9212
4509 4509
2966 2966
9195 9195
6643 6643
-1 -1
9432 9432
2682 2683
-1 -1
7216 7216
-1 -1
4810 4811
-1 -1
9384 9385
5814 5814
-1 -1
473 473
6321 6321
447 448
914 915
3003 3003
6427 6427
2523 2523
-1 -1
4946 4946
-1 -1
2027 2028
9095 9095
-1 -1
1102 1102
6109 6109
2603 2604
6435 6435
-1 -1
4578 4578
2754 2756
8163 8163
-1 -1
598 598
7361 7361
4257 4259
7792 7792
5602 5602
689 690
7461 7461
346 346
-1 -1
-1 -1
-1 -1
1897 1897
6129 6130
66 67
4623 4624
4858 4858
574 574
1223 1223
8546 8546
2653 2653
9308 9308
3519 3521
4934 4935
-1 -1
8944 8944
-1 -1
-1 -1
-1 -1
-1 -1
8715 8715
5279 5281
5956 5956
-1 -1
8727 8728
-1 -1
8374 8374
-1 -1
5887 5887
3602 3602
8727 8728
3252 3253
-1 -1
8848 8849
-1 -1
7748 7748
6326 6328
-1 -1
3089 3092
6460 6460
3162 3163
112 112
1491 1494
7911 7911
2493 2493
2243 2243
3829 3829
345 345
7261 7261
2311 2314
-1 -1
6696 6696
8744 8744
1685 1685
-1 -1
-1 -1
3229 3229
3665 3665
8628 8628
-1 -1
3618 3618
-1 -1
8075 8075
2034 2034
-1 -1
-1 -1
9321 9321
497 497
2939 2940
175 176
-1 -1
2867 2867
5382 5384
6 7
8580 8582
10081 10082
-1 -1
-1 -1
-1 -1
5111 5112
-1 -1
1628 1635
4905 4905
7189 7189
2289 2291
-1 -1
-1 -1
501 503
4998 4998
4200 4200
6261 6261
8105 8105
83 83
158 158
4514 4514
2821 2821
-1 -1
3292 3293
9426 9426
5283 5283
7845 7845
3080 3080
-1 -1
-1 -1
8267 8267
6495 6495
1008 1008
6633 6633
5462 5462
3957 3961
4325 4325
6622 6623
6289 6289
5291 5291
253 253
1958 1959
8699 8699
2345 2346
1848 1848
-1 -1
-1 -1
3691 3691
-1 -1
7741 7741
-1 -1
5226 5226
5864 5864
5316 5316
9010 9012
8947 8948
1972 1973
2148 2149
4891 4892
4611 4612
302 302
3555 3555
7675 7675
6978 6980
4032 4035
7664 7664
8209 8209
-1 -1
1749 1752
5663 5663
-1 -1
9731 9731
4737 4737
-1 -1
-1 -1
5994 5994
-1 -1
-1 -1
5015 5015
8639 8639
-1 -1
7271 7272
-1 -1
5042 5043
3766 3766
-1 -1
-1 -1
6666 6667
7350 7351
7406 7410
-1 -1
1156 1156
-1 -1
4081 4082
-1 -1
2274 2274
2489 2489
-1 -1
9160 9160
-1 -1
-1 -1
-1 -1
9564 9565
3441 3443
6732 6733
9821 9821
3670 3670
-1 -1
-1 -1
9883 9883
3580 3580
-1 -1
-1 -1
3441 3443
955 955
3544 3549
5288 5288
9212 9212
2076 2076
4852 4852
-1 -1
5723 5723
507 507
6331 6331
7435 7435
4200 4200
7143 7144
-1 -1
175 176
8188 8188
1940 1940
5088 5089
4566 4566
3234 3234
-1 -1
5883 5883
4296 4298
5396 5396
7041 7041
-1 -1
-1 -1
8224 8224
8030 8030
-1 -1
1820 1820
-1 -1
-1 -1
4348 4349
-1 -1
-1 -1
6686 6688
6592 6593
-1 -1
-1 -1
2167 2167
-1 -1
9408 9408
-1 -1
1570 1572
4669 4671
1242 1242
5580 5580
9795 9796
9288 9291
-1 -1
-1 -1
1260 1260
7873 7873
1835 1837
3898 3898
719 719
8186 8186
-1 -1
5894 5894
-1 -1
7456 7456
-1 -1
5949 5949
8865 8866
-1 -1
-1 -1
5655 5655
512 512
1079 1081
-1 -1
2838 2839
2202 2202
-1 -1
-1 -1
-1 -1
3731 3731
6708 6709
4694 4696
-1 -1
9516 9516
-1 -1
4716 4718
1425 1425
-1 -1
9824 9824
-1 -1
9319 9320
318 318
9250 9250
-1 -1
9224 9225
-1 -1
182 182
9883 9883
6483 6483
8003 8003
-1 -1
640 641
-1 -1
6033 6033
5470 5470
-1 -1
8512 8513
4022 4022
7599 7601
-1 -1
-1 -1
3746 3746
8794 8794
-1 -1
5734 5735
-1 -1
1011 1012
8569 8572
-1 -1
-1 -1
3189 3190
9248 9249
2643 2643
1411 1412
-1 -1
593 594
-1 -1
1282 1283
3682 3683
37 37
2926 2927
-1 -1
8310 8310
2489 2489
-1 -1
3036 3036
-1 -1
-1 -1
4483 4483
479 479
9293 9293
2051 2051
-1 -1
1397 1397
-1 -1
7018 7018
1887 1887
8871 8871
5240 5240
-1 -1
1830 1830
5474 5474
1499 1499
-1 -1
-1 -1
4045 4046
-1 -1
7110 7110
-1 -1
633 633
7306 7306
-1 -1
1569 1569
9787 9787
5393 5393
3867 3867
9727 9728
-1 -1
9701 9701
9970 9970
5426 5426
-1 -1
-1 -1
7955 7955
-1 -1
-1 -1
2644 2645
375 375
4134 4134
-1 -1
205 205
-1 -1
-1 -1
-1 -1
3844 3844
633 633
2420 2426
5178 5179
1385 1385
-1 -1
-1 -1
9824 9824
7302 7303
2855 2855
5107 5107
5284 5284
-1 -1
9641 9641
-1 -1
5017 5017
5417 5419
5659 5659
6348 6348
-1 -1
2034 2034
9667 9667
-1 -1
5096 5097
-1 -1
625 625
1673 1673
-1 -1
-1 -1
9457 9457
5474 5474
-1 -1
-1 -1
4974 4976
9210 9210
8160 8160
-1 -1
9321 9321
4379 4379
7113 7113
5161 5161
4954 4955
4192 4192
-1 -1
4550 4550
-1 -1
-1 -1
6911 6911
-1 -1
3787 3788
-1 -1
5957 5958
9229 9229
2023 2023
4490 4490
7280 7280
-1 -1
-1 -1
1092 1094
4271 4272
7773 7775
7112 7112
5401 5401
-1 -1
9207 9207
-1 -1
-1 -1
1556 1556
7999 7999
4686 4686
835 836
-1 -1
-1 -1
7263 7263
-1 -1
-1 -1
-1 -1
-1 -1
-1 -1
9619 9619
30 30
-1 -1
3883 3883
2499 2499
-1 -1
-1 -1
-1 -1
8648 8648
-1 -1
7571 7571
1798 1799
-1 -1
3550 3551
7904 7906
-1 -1
-1 -1
6497 6498
-1 -1
3227 3227
-1 -1
4449 4450
2813 2814
8535 8535
-1 -1
673 673
-1 -1
-1 -1
4966 4967
-1 -1
6426 6426
6195 6195
-1 -1
-1 -1
4872 4872
-1 -1
-1 -1
-1 -1
-1 -1
8736 8736
-1 -1
1993 1993
4153 4153
9976 9977
9559 9559
-1 -1
6548 6550
-1 -1
5205 5205
4691 4691
399 399
-1 -1
-1 -1
4559 4559
-1 -1
-1 -1
9322 9322
-1 -1
7807 7808
3046 3047
3601 3601
7127 7127
2689 2690
1372 1372
1056 1057
7046 7048
-1 -1
1443 1443
120 120
4889 4890
-1 -1
6157 6157
4104 4104
7162 7165
6666 6667
7254 7254
-1 -1
-1 -1
-1 -1
8976 8976
4394 4395
-1 -1
-1 -1
4911 4911
-1 -1
-1 -1
659 662
1524 1524
-1 -1
3899 3899
-1 -1
3792 3792
5894 5894
6355 6356
3899 3899
4520 4520
3220 3220
4085 4085
2778 2779
8811 8812
4861 4861
1585 1585
-1 -1
4236 4240
8153 8154
6867 6869
7225 7225
-1 -1
2485 2485
3175 3175
6262 6263
6139 6139
-1 -1
7329 7329
9999 10002
-1 -1
-1 -1
1250 1253
-1 -1
4114 4114
-1 -1
-1 -1
3258 3258
9158 9159
-1 -1
2399 2399
-1 -1
8588 8589
2513 2513
8793 8793
4740 4740
7997 7997
7689 7689
3932 3932
7371 7371
6423 6425
2257 2257
7330 7330
2975 2976
9737 9738
-1 -1
6298 6298
7192 7192
-1 -1
-1 -1
4166 4166
7706 7706
-1 -1
2962 2962
4362 4362
2960 2960
-1 -1
4371 4371
7304 7304
3727 3728
545 545
-1 -1
1396 1396
4786 4786
8168 8168
8433 8434
-1 -1
8292 8292
-1 -1
2003 2003
4210 4210
2654 2655
4526 4527
-1 -1
5606 5606
5845 5845
438 438
592 592
4857 4857
7216 7216
5206 5206
-1 -1
-1 -1
9580 9583
-1 -1
2541 2541
-1 -1
9950 9951
1924 1925
3237 3238
8411 8412
3544 3549
-1 -1
2656 2656
-1 -1
5720 5720
8447 8447
8506 8506
-1 -1
-1 -1
-1 -1
3116 3116
5628 5628
1377 1377
-1 -1
8165 8166
5558 5558
1463 1464
9654 9654
6121 6122
7855 7855
3093 3093
4787 4789
5521 5521
9591 9591
-1 -1
-1 -1
6691 6692
6429 6430
6291 6291
2275 2275
2866 2866
6659 6659
9814 9815
-1 -1
7678 7678
-1 -1
158 158
2348 2349
-1 -1
-1 -1
1501 1502
-1 -1
-1 -1
7167 7168
-1 -1
-1 -1
7970 7970
3730 3730
2015 2015
-1 -1
-1 -1
9061 9061
2181 2182
8778 8779
-1 -1
271 271
1152 1152
9160 9160
2491 2491
6215 6215
8486 8486
-1 -1
-1 -1
5886 5886
-1 -1
5724 5725
8704 8704
7715 7715
6191 6191
-1 -1
-1 -1
5647 5647
2468 2472
4587 4587
7141 7142
-1 -1
8453 8454
8416 8417
6173 6176
2416 2417
4862 4862
2618 2618
2261 2263
465 465
10068 10068
8493 8494
5199 5199
-1 -1
7744 7744
-1 -1
7751 7752
1121 1122
1325 1325
-1 -1
9108 9108
-1 -1
3229 3229
1185 1185
1036 1037
3441 3443
9816 9819
-1 -1
7498 7498
-1 -1
8897 8897
-1 -1
4158 4158
4526 4527
10008 10008
1179 1181
-1 -1
-1 -1
4854 4854
4054 4054
-1 -1
438 438
5266 5267
-1 -1
-1 -1
9222 9222
-1 -1
9246 9246
5746 5746
3192 3192
3033 3033
5933 5933
5584 5584
8352 8352
8772 8773
-1 -1
1255 1255
-1 -1
-1 -1
6232 6232
7507 7507
7738 7738
3013 3014
9549 9549
3024 3025
3978 3978
-1 -1
3429 3430
3582 3582
4893 4894
2813 2814
1191 1194
10023 10024
6981 6981
358 358
411 411
156 156
-1 -1
10036 10036
-1 -1
8626 8626
-1 -1
4593 4593
5576 5576
-1 -1
1616 1616
-1 -1
7349 7349
4613 4614
4446 4446
-1 -1
-1 -1
717 717
9162 9162
7911 7911
6272 6272
-1 -1
9880 9880
6450 6451
-1 -1
210 211
6598 6598
9912 9912
-1 -1
-1 -1
8919 8919
1398 1398
-1 -1
-1 -1
-1 -1
2637 2637
7800 7800
4535 4537
4871 4871
899 899
-1 -1
-1 -1
-1 -1
7049 7050
-1 -1
-1 -1
9521 9521
3258 3258
2716 2716
-1 -1
6346 6346
3738 3739
3827 3827
-1 -1
9156 9157
8495 8496
9229 9229
-1 -1
2840 2840
143 144
2488 2488
5527 5527
-1 -1
-1 -1
-1 -1
7357 7358
-1 -1
2648 2648
7948 7948
5375 5377
7080 7080
-1 -1
-1 -1
-1 -1
-1 -1
8183 8183
8727 8728
7425 7427
7286 7287
-1 -1
5414 5414
9948 9948
4595 4597
9083 9083
5869 5869
-1 -1
380 380
9010 9012
6933 6934
2710 2710
-1 -1
-1 -1
9592 9592
-1 -1
5914 5914
7286 7287
718 718
776 777
5454 5454
-1 -1
4348 4349
2611 2611
-1 -1
9102 9102
-1 -1
4303 4303
8295 8295
7474 7475
-1 -1
9639 9639
-1 -1
6657 6657
1681 1682
-1 -1
216 217
-1 -1
8232 8232
4941 4941
-1 -1
7355 7355
-1 -1
7352 7352
6693 6693
-1 -1
5946 5946
7692 7692
-1 -1
4459 4459
9224 9225
8375 8379
-1 -1
-1 -1
8349 8349
-1 -1
963 964
7956 7956
1484 1484
9349 9350
5197 5197
-1 -1
8209 8209
3167 3167
3143 3144
1654 1654
-1 -1
-1 -1
-1 -1
8578 8579
9718 9718
-1 -1
5764 5764
2989 2989
5389 5392
-1 -1
4489 4489
1397 1397
4171 4171
6598 6598
8635 8635
7915 7915
4289 4289
3757 3759
-1 -1
-1 -1
7872 7872
-1 -1
-1 -1
8904 8904
-1 -1
9537 9537
4934 4935
2377 2377
9379 9381
6357 6357
-1 -1
10087 10087
6448 6448
8108 8108
9409 9409
-1 -1
-1 -1
0 0
974 978
9478 9478
6530 6530
8796 8798
9661 9662
-1 -1
7283 7284
-1 -1
97 97
7741 7741
-1 -1
2506 2506
1051 1051
-1 -1
-1 -1
2460 2460
-1 -1
-1 -1
5086 5086
-1 -1
-1 -1
1229 1229
2384 2386
8206 8206
-1 -1
3458 3458
1035 1035
-1 -1
-1 -1
-1 -1
1965 1965
3265 3267
2972 2972
1883 1886
-1 -1
-1 -1
7045 7045
-1 -1
744 744
2235 2237
-1 -1
-1 -1
-1 -1
-1 -1
5229 5230
1258 1258
-1 -1
1968 1969
8304 8304
-1 -1
-1 -1
7557 7557
7725 7725
-1 -1
-1 -1
-1 -1
-1 -1
4147 4149
3032 3032
8933 8933
9549 9549
1746 1746
-1 -1
-1 -1
9311 9312
-1 -1
5191 5194
3680 3680
-1 -1
6467 6467
7676 7676
-1 -1
8691 8691
8519 8519
9459 9459
588 588
-1 -1
-1 -1
-1 -1
-1 -1
6023 6023
3936 3938
3992 3992
8401 8403
-1 -1
6267 6268
4766 4766
2289 2291
-1 -1
9094 9094
5254 5256
5191 5194
-1 -1
3128 3128
-1 -1
-1 -1
-1 -1
-1 -1
8968 8968
3847 3847
7273 7276
2749 2750
3714 3714
5203 5203
1637 1637
-1 -1
-1 -1
4932 4932
-1 -1
49 49
4505 4505
5200 5201
-1 -1
4126 4126
-1 -1
857 859
-1 -1
-1 -1
5822 5823
5436 5436
2097 2097
7285 7285
-1 -1
5807 5807
3633 3633
-1 -1
9230 9230
5552 5552
1053 1055
-1 -1
1332 1332
-1 -1
9806 9806
-1 -1
-1 -1
52 52
-1 -1
8787 8787
-1 -1
1639 1639
-1 -1
-1 -1
-1 -1
4275 4276
5126 5126
8293 8293
-1 -1
1483 1483
-1 -1
4228 4228
1211 1211
-1 -1
7373 7373
7196 7196
9491 9493
2076 2076
3925 3927
-1 -1
4182 4182
-1 -1
4221 4222
5286 5287
6065 6065
5947 5947
6754 6755
9918 9918
8799 8799
-1 -1
5521 5521
9708 9708
2992 2994
9229 9229
4775 4775
718 718
4063 4063
2276 2276
-1 -1
6863 6864
5847 5847
-1 -1
-1 -1
-1 -1
792 792
1541 1541
-1 -1
3591 3591
2916 2916
-1 -1
3783 3784
-1 -1
-1 -1
5636 5636
699 700
-1 -1
9045 9046
9534 9535
1950 1950
9213 9213
-1 -1
-1 -1
-1 -1
-1 -1
3251 3251
9116 9118
10019 10019
8329 8329
-1 -1
5157 5157
8700 8700
4578 4578
9490 9490
8009 8010
-1 -1
9465 9465
3793 3796
-1 -1
-1 -1
9232 9232
267 268
2276 2276
7403 7404
8129 8130
4435 4435
5689 5689
-1 -1
2409 2409
215 215
4734 4736
5378 5378
-1 -1
6734 6734
8656 8656
9452 9453
4483 4483
3882 3882
-1 -1
9162 9162
8811 8812
8088 8089
9867 9867
-1 -1
3749 3750
-1 -1
1429 1429
414 414
-1 -1
9847 9850
4466 4466
6701 6701
-1 -1
-1 -1
-1 -1
7726 7726
-1 -1
4866 4866
1700 1701
-1 -1
5413 5413
-1 -1
-1 -1
8153 8154
5208 5208
7975 7976
5308 5308
3593 3594
3372 3373
10071 10071
9612 9613
-1 -1
-1 -1
9718 9718
-1 -1
4640 4641
2461 2464
-1 -1
6576 6579
7466 7466
-1 -1
3735 3736
1598 1598
2608 2610
5846 5846
5994 5994
5 5
9786 9786
780 780
732 732
3000 3000
7832 7832
6262 6263
5411 5411
-1 -1
9820 9820
5876 5876
-1 -1
9095 9095
-1 -1
2829 2831
9482 9482
9637 9637
-1 -1
272 274
2396 2397
4790 4792
8492 8492
9379 9381
-1 -1
-1 -1
951 952
-1 -1
-1 -1
-1 -1
-1 -1
6865 6865
-1 -1
-1 -1
7912 7913
-1 -1
8179 8179
-1 -1
-1 -1
9667 9667
-1 -1
-1 -1
-1 -1
4027 4027
717 717
7079 7079
3174 3174
8863 8863
-1 -1
5169 5173
7791 7791
-1 -1
1854 1854
7465 7465
11 11
7672 7672
6973 6973
-1 -1
7540 7540
616 617
5679 5679
9476 9476
-1 -1
-1 -1
480 480
4108 4109
5013 5013
3528 3531
-1 -1
7550 7550
8304 8304
-1 -1
3457 3457
-1 -1
9810 9810
-1 -1
6729 6729
7506 7506
-1 -1
-1 -1
10068 10068
7908 7909
1967 1967
-1 -1
-1 -1
1694 1695
-1 -1
-1 -1
-1 -1
2274 2274
281 285
-1 -1
5872 5872
-1 -1
-1 -1
-1 -1
-1 -1
-1 -1
8129 8130
7724 7724
-1 -1
7786 7786
4303 4303
-1 -1
3397 3397
-1 -1
625 625
6244 6244
2631 2633
-1 -1
-1 -1
-1 -1
9132 9132
-1 -1
6595 6596
7652 7653
9534 9535
7293 7293
244 244
5768 5768
4725 4725
-1 -1
9335 9338
347 347
4256 4256
7497 7497
9651 9651
9212 9212
-1 -1
-1 -1
1621 1621
-1 -1
10037 10038
7085 7085
7036 7037
1395 1395
6603 6603
5580 5580
3351 3351
1053 1055
-1 -1
6618 6618
1428 1428
1754 1756
2808 2808
4763 4763
3658 3658
3009 3010
2090 2090
991 991
1242 1242
-1 -1
6080 6080
7993 7993
-1 -1
3362 3364
6042 6042
1159 1159
5992 5993
9123 9124
7192 7192
6924 6925
-1 -1
9958 9958
6590 6590
-1 -1
-1 -1
7893 7893
-1 -1
53 54
7495 7496
-1 -1
-1 -1
-1 -1
7302 7303
3204 3204
-1 -1
5105 5105
2228 2228
-1 -1
1710 1712
4913 4913
-1 -1
4733 4733
-1 -1
-1 -1
-1 -1
3229 3229
-1 -1
-1 -1
4960 4961
4528 4530
7290 7291
9483 9483
6834 6834
-1 -1
2264 2264
1009 1010
-1 -1
391 391
9460 9460
3666 3667
8172 8172
8525 8527
-1 -1
1015 1015
-1 -1
10083 10084
3288 3289
-1 -1
3399 3399
7197 7198
8493 8494
4854 4854
-1 -1
-1 -1
-1 -1
5938 5940
1205 1205
9532 9532
506 506
7852 7853
2986 2986
2299 2299
2170 2171
9657 9657
-1 -1
1551 1552
-1 -1
-1 -1
241 243
-1 -1
5452 5452
7918 7918
-1 -1
6499 6499
-1 -1
4022 4022
4024 4024
417 417
6510 6510
5143 5143
-1 -1
180 180
381 383
2825 2826
-1 -1
5973 5974
4252 4252
7816 7816
-1 -1
8566 8566
8338 8338
4311 4311
2168 2168
-1 -1
7300 7300
1648 1648
7065 7065
2741 2742
-1 -1
9005 9005
-1 -1
-1 -1
7304 7304
-1 -1
9348 9348
4947 4947
5648 5650
3244 3244
5663 5663
5128 5128
556 556
8400 8400
5817 5818
5460 5461
276 276
-1 -1
6297 6297
6058 6058
-1 -1
8537 8538
2347 2347
7683 7684
7420 7420
-1 -1
6447 6447
8438 8439
4446 4446
-1 -1
4742 4742
2592 2593
4707 4708
8697 8697
-1 -1
-1 -1
-1 -1
-1 -1
10081 10082
-1 -1
-1 -1
-1 -1
733 733
-1 -1
7152 7155
953 953
-1 -1
-1 -1
7290 7291
5856 5856
-1 -1
7492 7493
-1 -1
4979 4980
8051 8051
9939 9939
4656 4656
8891 8891
5279 5281
1307 1307
-1 -1
7674 7674
7894 7894
-1 -1
9784 9784
7034 7035
6111 6111
-1 -1
-1 -1
9787 9787
-1 -1
4959 4959
-1 -1
-1 -1
2808 2808
1448 1448
-1 -1
5891 5892
-1 -1
-1 -1
6814 6814
5057 5057
-1 -1
-1 -1
4247 4248
9525 9525
895 895
-1 -1
3891 3894
6427 6427
5404 5404
5825 5825
599 599
817 817
9382 9382
5660 5660
-1 -1
4453 4453
-1 -1
-1 -1
6941 6941
4172 4173
-1 -1
593 594
5241 5241
-1 -1
-1 -1
-1 -1
3217 3219
-1 -1
9253 9253
8963 8963
6198 6199
4649 4651
-1 -1
4740 4740
6256 6256
3459 3459
9094 9094
5606 5606
7368 7368
4025 4025
8151 8151
8386 8388
6873 6873
3936 3938
303 305
2597 2597
-1 -1
4167 4167
-1 -1
1874 1876
-1 -1
1243 1243
-1 -1
7707 7709
3946 3946
-1 -1
-1 -1
4436 4436
-1 -1
6828 6828
5273 5273
2082 2083
3526 3526
581 582
-1 -1
-1 -1
98 100
7243 7243
-1 -1
7256 7257
8458 8458
-1 -1
-1 -1
289 290
4262 4263
-1 -1
-1 -1
-1 -1
-1 -1
7282 7282
3302 3302
2 2
4303 4303
6762 6762
-1 -1
7695 7696
-1 -1
-1 -1
9812 9812
5125 5125
8250 8250
-1 -1
-1 -1
3939 3939
-1 -1
-1 -1
-1 -1
-1 -1
9517 9517
6520 6522
9268 9269
8280 8281
-1 -1
3992 3992
1684 1684
6117 6118
9621 9621
5409 5409
-1 -1
9596 9597
1947 1948
4584 4585
4591 4591
-1 -1
8969 8969
-1 -1
9917 9917
-1 -1
5723 5723
6353 6353
7245 7245
4174 4176
2095 2096
-1 -1
9990 9991
9602 9602
-1 -1
2901 2901
4515 4518
-1 -1
-1 -1
2852 2852
2634 2634
6501 6501
2813 2814
6879 6879
6764 6766
1061 1061
6031 6031
2108 2108
3691 3691
3880 3881
1579 1582
1547 1548
-1 -1
8596 8596
1573 1573
-1 -1
216 217
4193 4193
-1 -1
6576 6579
7862 7863
-1 -1
-1 -1
4121 4121
6028 6028
1720 1720
8537 8538
-1 -1
2827 2828
990 990
4037 4038
2002 2002
8397 8397
-1 -1
-1 -1
595 595
-1 -1
-1 -1
3445 3447
319 320
4836 4836
-1 -1
-1 -1
9526 9527
433 435
1520 1520
-1 -1
8738 8740
4875 4876
9296 9296
-1 -1
3762 3763
-1 -1
1690 1690
-1 -1
-1 -1
10088 10089
4210 4210
-1 -1
-1 -1
3224 3225
7649 7649
7201 7201
-1 -1
-1 -1
7586 7586
9937 9937
-1 -1
171 171
7315 7315
7394 7395
4501 4501
4469 4469
-1 -1
1725 1725
2117 2118
7323 7323
8060 8060
1182 1183
4012 4014
-1 -1
-1 -1
1260 1260
-1 -1
-1 -1
2840 2840
5040 5041
-1 -1
-1 -1
3939 3939
150 150
6882 6882
5436 5436
3240 3240
8562 8563
-1 -1
8133 8134
8373 8373
9983 9983
8833 8833
1170 1170
-1 -1
-1 -1
-1 -1
-1 -1
4582 4582
-1 -1
7679 7679
5657 5657
2300 2302
7577 7577
7547 7548
7011 7011
-1 -1
-1 -1
4578 4578
8451 8451
2254 2254
9927 9930
1418 1418
2746 2748
3041 3042
-1 -1
6590 6590
6954 6954
4627 4629
6751 6751
2348 2349
3995 3996
-1 -1
-1 -1
-1 -1
4687 4687
7045 7045
-1 -1
5149 5149
-1 -1
-1 -1
4542 4543
4513 4513
9430 9430
2490 2490
-1 -1
-1 -1
9639 9639
5036 5036
2665 2665
3056 3057
-1 -1
-1 -1
-1 -1
4874 4874
10081 10082
-1 -1
1722 1722
3103 3103
3423 3423
9958 9958
-1 -1
6860 6860
4938 4939
-1 -1
6569 6570
1351 1353
-1 -1
-1 -1
-1 -1
2741 2742
8834 8834
8075 8075
-1 -1
5435 5435
10016 10017
8895 8896
-1 -1
3673 3673
1616 1616
1561 1561
-1 -1
2128 2129
6949 6949
-1 -1
-1 -1
7456 7456
456 456
7922 7922
6658 6658
-1 -1
6189 6189
8564 8565
1834 1834
5460 5461
7095 7095
-1 -1
6883 6883
-1 -1
5328 5328
6457 6459
592 592
1554 1555
8667 8667
3426 3428
168 168
4552 4552
3052 3052
1086 1086
469 470
2665 2665
4330 4330
3639 3639
6150 6150
-1 -1
4358 4358
1932 1932
4142 4142
844 844
-1 -1
-1 -1
-1 -1
784 784
-1 -1
-1 -1
4578 4578
3864 3865
-1 -1
-1 -1
-1 -1
-1 -1
8382 8382
-1 -1
8917 8917
-1 -1
-1 -1
-1 -1
-1 -1
9523 9524
6111 6111
2684 2684
7586 7586
8612 8612
2928 2928
-1 -1
9949 9949
4588 4589
8871 8871
9822 9822
878 882
8596 8596
1123 1123
-1 -1
3670 3670
9061 9061
-1 -1
3021 3021
2532 2532
7394 7395
6628 6630
401 402
1704 1706
7497 7497
9357 9358
7614 7615
-1 -1
5525 5526
6395 6397
-1 -1
7022 7024
-1 -1
9786 9786
9622 9622
2915 2915
6275 6276
-1 -1
4737 4737
5736 5736
8604 8604
-1 -1
8737 8737
8244 8244
2651 2652
4211 4211
5033 5033
-1 -1
781 783
-1 -1
-1 -1
10009 10009
-1 -1
828 828
4221 4222
2193 2195
1564 1564
-1 -1
9579 9579
-1 -1
7827 7831
-1 -1
9309 9309
-1 -1
1734 1734
-1 -1
5493 5493
9031 9031
-1 -1
1511 1511
1241 1241
8429 8431
2013 2013
5562 5566
-1 -1
-1 -1
2376 2376
1426 1427
399 399
-1 -1
9236 9236
6798 6800
216 217
2109 2109
7113 7113
3285 3287
84 85
-1 -1
6499 6499
-1 -1
4849 4850
7864 7865
6372 6372
7111 7111
-1 -1
2662 2664
9568 9568
947 947
-1 -1
-1 -1
2241 2241
3089 3092
3416 3416
-1 -1
8597 8597
10064 10064
3610 3612
6626 6626
7957 7957
1604 1606
7748 7748
-1 -1
5317 5317
2460 2460
6649 6649
-1 -1
-1 -1
3490 3491
8238 8239
-1 -1
1621 1621
990 990
5833 5835
5714 5714
8414 8414
7836 7836
4719 4719
3335 3335
8568 8568
2948 2949
1387 1387
4236 4240
5936 5936
4277 4279
730 731
4706 4706
6260 6260
2962 2962
8453 8454
-1 -1
9304 9306
3598 3598
-1 -1
-1 -1
4080 4080
-1 -1
8651 8651
9418 9418
8167 8167
9595 9595
9672 9675
465 465
1208 1209
972 973
-1 -1
-1 -1
3336 3337
-1 -1
-1 -1
-1 -1
-1 -1
-1 -1
-1 -1
4126 4126
4932 4932
1405 1406
-1 -1
6926 6926
-1 -1
6947 6947
9680 9684
7977 7977
9537 9537
5578 5579
9753 9753
1338 1338
4338 4340
-1 -1
3580 3580
7321 7322
-1 -1
-1 -1
2765 2765
-1 -1
-1 -1
6297 6297
-1 -1
4618 4618
-1 -1
9172 9172
7899 7899
-1 -1
5409 5409
2679 2679
368 369
-1 -1
-1 -1
6889 6889
6962 6962
10052 10052
-1 -1
1294 1295
5750 5752
2219 2219
7227 7227
403 403
-1 -1
6020 6020
-1 -1
9832 9832
9188 9189
-1 -1
9217 9220
2370 2370
1387 1387
-1 -1
7483 7483
3787 3788
3971 3971
252 252
2256 2256
3458 3458
4273 4274
5431 5431
1732 1732
5626 5627
6186 6187
3125 3126
7809 7809
5846 5846
7553 7553
-1 -1
7814 7814
-1 -1
1960 1960
9341 9341
6682 6683
2150 2150
-1 -1
3464 3466
4668 4668
5445 5449
-1 -1
8867 8867
-1 -1
7036 7037
2076 2076
9759 9761
5476 5477
-1 -1
3375 3376
9945 9945
3855 3855
2340 2340
-1 -1
-1 -1
-1 -1
9568 9568
852 852
3591 3591
5388 5388
-1 -1
-1 -1
9139 9141
-1 -1
-1 -1
7215 7215
395 396
2493 2493
8689 8690
4246 4246
5321 5326
7724 7724
-1 -1
-1 -1
2536 2537
1670 1670
3048 3049
4289 4289
1774 1775
917 917
5066 5067
-1 -1
1854 1854
-1 -1
4392 4392
7171 7173
-1 -1
6101 6101
6073 6075
-1 -1
-1 -1
8699 8699
9197 9197
4557 4558
-1 -1
9229 9229
3272 3272
-1 -1
8716 8716
1307 1307
8298 8298
2020 2020
1321 1322
2988 2988
3177 3177
175 176
-1 -1
-1 -1
-1 -1
-1 -1
588 588
784 784
-1 -1
-1 -1
-1 -1
1113 1115
-1 -1
8965 8967
3533 3533
-1 -1
1811 1811
8673 8676
9971 9971
-1 -1
9345 9346
-1 -1
3969 3970
9098 9100
9483 9483
8982 8982
-1 -1
-1 -1
9214 9214
6056 6057
6694 6694
-1 -1
9523 9524
7259 7259
2257 2257
-1 -1
2021 2021
7859 7859
-1 -1
610 610
7319 7320
-1 -1
8792 8792
1090 1090
9314 9314
761 762
-1 -1
7324 7324
-1 -1
-1 -1
6147 6147
1713 1713
7255 7255
-1 -1
5576 5576
4956 4958
3566 3566
7136 7140
5813 5813
6659 6659
5572 5572
-1 -1
3951 3954
2586 2586
7391 7391
1585 1585
4304 4304
5596 5597
-1 -1
3087 3087
-1 -1
1782 1782
8148 8148
7371 7371
-1 -1
1170 1170
-1 -1
-1 -1
-1 -1
7682 7682
2751 2753
5830 5830
-1 -1
-1 -1
-1 -1
828 828
816 816
-1 -1
-1 -1
15 16
6576 6579
1198 1199
-1 -1
7587 7588
8495 8496
-1 -1
-1 -1
-1 -1
-1 -1
2899 2899
-1 -1
-1 -1
-1 -1
5364 5365
-1 -1
491 492
8880 8885
-1 -1
2570 2571
6165 6167
-1 -1
105 107
8298 8298
2368 2368
8032 8032
-1 -1
1570 1572
6461 6461
2021 2021
-1 -1
5889 5890
-1 -1
-1 -1
2774 2775
7690 7690
9839 9841
6588 6588
3907 3907
8597 8597
2807 2807
-1 -1
4218 4218
5545 5547
-1 -1
-1 -1
2023 2023
5645 5646
-1 -1
-1 -1
-1 -1
-1 -1
539 539
8019 8019
1944 1944
905 905
2193 2195
-1 -1
-1 -1
-1 -1
-1 -1
-1 -1
-1 -1
-1 -1
7331 7331
4219 4219
5720 5720
9375 9375
5551 5551
248 248
8926 8928
-1 -1
9326 9326
-1 -1
-1 -1
-1 -1
1749 1752
6751 6751
169 169
752 753
5327 5327
3984 3986
-1 -1
-1 -1
1336 1336
-1 -1
-1 -1
-1 -1
-1 -1
-1 -1
219 221
8397 8397
2050 2050
3600 3600
658 658
2714 2715
-1 -1
-1 -1
3424 3424
6258 6258
-1 -1
7963 7965
7636 7636
5944 5944
9139 9141
5228 5228
5051 5052
-1 -1
-1 -1
5965 5965
2982 2982
6186 6187
7061 7061
-1 -1
6871 6871
-1 -1
1576 1576
7456 7456
-1 -1
7832 7832
10013 10013
6581 6581
8455 8457
-1 -1
5159 5160
7978 7978
9834 9834
1112 1112
-1 -1
4660 4660
7056 7057
-1 -1
-1 -1
-1 -1
7640 7640
-1 -1
4570 4572
-1 -1
7483 7483
1167 1169
8819 8819
1432 1432
450 450
-1 -1
9413 9413
2006 2006
5519 5520
4151 4152
3315 3315
10011 10012
2798 2798
-1 -1
9037 9037
4110 4111
-1 -1
5662 5662
2801 2802
4290 4290
5174 5174
9566 9567
3513 3513
5770 5770
5799 5800
1974 1976
8843 8843
-1 -1
9382 9382
7258 7258
2400 2401
4291 4291
-1 -1
-1 -1
10092 10092
6541 6541
4134 4134
-1 -1
5306 5306
1874 1876
-1 -1
3879 3879
7123 7123
5753 5753
4591 4591
-1 -1
3431 3431
4701 4702
-1 -1
-1 -1
151 155
8729 8729
447 448
6126 6128
3312 3313
8772 8773
4291 4291
9956 9956
-1 -1
8929 8929
4835 4835
5444 5444
-1 -1
7816 7816
2890 2890
1723 1724
-1 -1
2774 2775
2709 2709
4963 4963
2458 2458
-1 -1
5306 5306
-1 -1
-1 -1
-1 -1
5663 5663
2649 2649
2336 2337
-1 -1
3 4
-1 -1
6377 6378
2611 2611
5636 5636
2345 2346
7431 7431
-1 -1
-1 -1
4124 4125
6217 6217
1123 1123
3338 3338
9547 9548
6386 6386
7042 7042
-1 -1
-1 -1
5801 5801
8164 8164
2554 2554
8406 8406
9723 9725
5415 5416
5474 5474
938 940
5723 5723
3127 3127
7833 7835
-1 -1
-1 -1
-1 -1
-1 -1
-1 -1
-1 -1
5493 5493
1887 1887
-1 -1
8519 8519
7753 7753
1243 1243
8523 8523
419 419
7176 7176
1153 1155
3229 3229
522 522
7299 7299
-1 -1
575 576
7494 7494
9747 9747
2711 2711
481 482
10013 10013
9108 9108
-1 -1
1474 1474
-1 -1
2004 2005
-1 -1
9476 9476
1920 1923
-1 -1
9163 9163
6058 6058
3453 3453
3838 3838
9570 9570
4994 4994
5413 5413
-1 -1
335 335
-1 -1
3003 3003
8749 8749
5601 5601
6665 6665
-1 -1
1980 1980
8077 8078
-1 -1
5865 5865
-1 -1
-1 -1
-1 -1
1000 1000
3895 3895
-1 -1
10093 39640
9506 9507
-1 -1
5967 5968
3422 3422
1726 1727
6447 6447
-1 -1
-1 -1
-1 -1
9489 9489
7235 7235
-1 -1
-1 -1
-1 -1
-1 -1
9400 9400
2157 2158
1947 1948
10037 10038
9003 9003
745 748
7335 7335
5361 5363
9773 9773
1372 1372
3994 3994
-1 -1
5720 5720
7819 7819
7159 7159
3204 3204
-1 -1
-1 -1
8839 8839
9944 9944
805 805
4350 4350
2384 2386
6537 6537
3112 3112
2861 2861
-1 -1
1740 1740
5450 5450
2862 2862
3729 3729
3508 3509
3426 3428
3016 3019
-1 -1
1302 1303
7260 7260
809 809
7365 7366
160 160
8780 8780
-1 -1
-1 -1
9200 9200
4436 4436
9348 9348
4228 4228
8682 8683
6679 6681
9045 9046
-1 -1
-1 -1
-1 -1
8112 8112
8848 8849
279 279
8700 8700
1224 1224
7824 7824
-1 -1
1573 1573
7616 7618
-1 -1
4478 4478
7692 7692
589 589
5045 5045
735 737
3690 3690
1421 1421
-1 -1
1962 1962
68 68
-1 -1
5026 5027
1483 1483
4843 4844
2767 2768
-1 -1
374 374
9264 9264
3921 3921
1670 1670
3883 3883
1242 1242
401 402
4054 4054
-1 -1
4210 4210
3804 3804
6817 6819
9636 9636
1151 1151
-1 -1
9965 9965
-1 -1
-1 -1
-1 -1
209 209
8780 8780
-1 -1
5567 5567
-1 -1
9566 9567
3622 3622
9785 9785
9602 9602
-1 -1
1977 1977
6500 6500
3703 3703
870 870
5090 5090
-1 -1
6323 6323
-1 -1
2094 2094
-1 -1
7093 7094
3411 3411
5812 5812
4699 4700
-1 -1
8977 8977
3245 3245
6115 6115
7335 7335
4049 4051
5131 5131
-1 -1
9379 9381
-1 -1
6112 6112
2193 2195
-1 -1
1311 1314
-1 -1
1320 1320
3496 3496
8338 8338
6907 6908
5960 5960
4019 4020
5981 5982
-1 -1
2823 2824
-1 -1
9256 9256
-1 -1
2883 2883
4549 4549
-1 -1
631 631
2172 2172
-1 -1
379 379
1462 1462
9276 9276
447 448
-1 -1
-1 -1
-1 -1
-1 -1
5069 5070
3254 3255
-1 -1
9618 9618
3390 3390
7006 7006
4797 4797
8540 8540
1714 1714
-1 -1
8625 8625
6737 6737
3515 3515
-1 -1
-1 -1
-1 -1
6647 6647
8076 8076
5136 5137
-1 -1
1849 1851
6672 6672
-1 -1
5251 5251
6859 6859
9940 9941
-1 -1
-1 -1
6289 6289
8778 8779
6791 6792
-1 -1
-1 -1
9732 9734
7510 7512
7577 7577
-1 -1
7481 7481
9278 9278
-1 -1
1150 1150
2603 2604
4092 4092
1005 1005
4319 4319
-1 -1
-1 -1
-1 -1
-1 -1
8449 8449
7971 7973
8568 8568
1071 1072
7513 7513
9352 9356
9979 9980
-1 -1
-1 -1
-1 -1
6468 6469
-1 -1
8311 8311
1026 1027
2998 2999
-1 -1
-1 -1
8717 8717
-1 -1
-1 -1
6890 6890
1156 1156
10072 10072
6227 6227
-1 -1
6147 6147
1202 1203
2283 2283
-1 -1
2326 2326
-1 -1
-1 -1
6385 6385
-1 -1
-1 -1
-1 -1
6179 6179
4690 4690
9307 9307
4353 4354
5850 5851
2637 2637
5398 5398
7334 7334
-1 -1
9505 9505
-1 -1
6507 6507
6482 6482
-1 -1
-1 -1
6363 6363
7258 7258
8437 8437
-1 -1
7644 7644
7377 7377
-1 -1
7229 7229
-1 -1
56 57
3543 3543
-1 -1
480 480
8296 8297
9920 9921
-1 -1
-1 -1
2673 2673
-1 -1
4026 4026
7502 7502
6 7
2998 2999
3357 3358
2107 2107
-1 -1
-1 -1
5046 5046
6959 6960
1985 1986
1284 1284
3039 3040
-1 -1
-1 -1
7967 7967
-1 -1
4287 4287
-1 -1
3501 3502
9155 9155
-1 -1
8552 8552
9293 9293
839 840
4374 4374
-1 -1
1638 1638
3357 3358
-1 -1
4532 4534
-1 -1
4052 4052
-1 -1
9762 9763
-1 -1
-1 -1
-1 -1
8258 8258
2103 2103
-1 -1
6679 6681
2082 2083
9096 9097
4213 4213
-1 -1
3201 3201
2227 2227
9617 9617
2178 2180
7920 7920
359 359
9798 9799
7673 7673
3701 3701
1539 1539
307 308
-1 -1
2460 2460
2726 2726
7208 7213
1678 1679
-1 -1
9661 9662
4115 4117
9233 9233
6443 6444
-1 -1
2127 2127
5058 5061
7083 7084
829 831
1247 1247
8814 8814
3222 3222
3632 3632
-1 -1
9864 9866
-1 -1
490 490
-1 -1
55 55
614 614
9618 9618
-1 -1
7093 7094
1112 1112
-1 -1
714 714
-1 -1
-1 -1
3007 3007
2040 2040
-1 -1
374 374
8514 8515
-1 -1
2299 2299
3192 3192
8868 8868
9892 9893
-1 -1
423 424
4782 4782
2590 2591
-1 -1
392 392
-1 -1
8255 8255
-1 -1
4413 4415
88 88
8575 8575
-1 -1
4587 4587
1231 1231
1480 1481
9160 9160
-1 -1
2534 2535
2442 2445
6916 6917
9678 9678
8180 8181
8206 8206
-1 -1
9669 9670
2189 2189
4344 4346
-1 -1
4128 4128
1587 1587
1372 1372
3081 3082
-1 -1
-1 -1
9274 9275
5680 5681
3417 3418
51 51
7513 7513
2351 2352
5583 5583
4012 4014
7744 7744
6110 6110
121 124
1318 1319
-1 -1
2220 2220
-1 -1
101 101
248 248
-1 -1
8011 8011
-1 -1
9884 9884
-1 -1
-1 -1
4494 4494
-1 -1
5684 5685
-1 -1
5427 5427
6595 6596
450 450
4632 4633
-1 -1
-1 -1
8188 8188
8978 8978
5780 5780
231 234
5836 5836
3015 3015
-1 -1
-1 -1
6952 6953
-1 -1
-1 -1
3910 3911
7382 7382
6728 6728
4377 4377
672 672
3164 3164
-1 -1
-1 -1
-1 -1
8136 8136
-1 -1
855 856
1068 1068
723 723
-1 -1
-1 -1
-1 -1
3995 3996
7758 7758
-1 -1
7076 7076
816 816
2987 2987
-1 -1
7368 7368
4636 4639
8509 8510
3587 3587
4712 4713
1177 1177
-1 -1
6351 6351
868 869
695 696
-1 -1
3161 3161
638 639
9111 9115
7193 7193
2510 2510
9533 9533
-1 -1
-1 -1
5514 5516
-1 -1
-1 -1
9233 9233
5865 5865
9278 9278
9922 9922
-1 -1
2529 2529
-1 -1
-1 -1
-1 -1
8493 8494
1182 1183
9937 9937
6427 6427
-1 -1
-1 -1
5849 5849
10069 10070
6036 6037
-1 -1
2823 2824
-1 -1
2247 2247
-1 -1
-1 -1
3068 3068
6712 6712
5093 5094
-1 -1
7639 7639
3845 3845
6379 6379
-1 -1
-1 -1
4924 4924
-1 -1
-1 -1
2074 2075
8711 8711
-1 -1
9256 9256
1491 1494
9909 9910
1488 1488
-1 -1
-1 -1
2519 2520
509 509
-1 -1
1714 1714
-1 -1
817 817
6229 6229
6519 6519
1222 1222
-1 -1
-1 -1
-1 -1
6373 6373
5481 5481
5893 5893
712 713
-1 -1
375 375
6598 6598
-1 -1
-1 -1
1518 1519
4623 4624
4123 4123
-1 -1
4575 4576
-1 -1
8381 8381
7949 7949
6168 6168
2418 2418
5082 5082
9892 9893
3454 3454
7009 7009
-1 -1
5486 5487
-1 -1
175 176
-1 -1
-1 -1
3989 3989
6326 6328
4816 4816
-1 -1
8113 8113
-1 -1
974 978
12 12
7919 7919
7916 7916
3792 3792
2025 2025
6744 6744
-1 -1
4994 4994
6649 6649
-1 -1
3168 3170
649 649
2716 2716
-1 -1
-1 -1
-1 -1
5634 5634
3037 3037
9060 9060
4179 4179
6398 6398
9307 9307
-1 -1
-1 -1
-1 -1
-1 -1
4618 4618
6029 6029
2505 2505
4751 4751
8167 8167
6628 6630
-1 -1
9967 9967
7081 7081
-1 -1
2807 2807
1128 1128
-1 -1
9661 9662
6849 6850
2853 2854
8245 8246
2383 2383
1547 1548
744 744
-1 -1
-1 -1
7508 7508
-1 -1
7898 7898
2939 2940
-1 -1
7890 7892
8046 8047
384 386
6035 6035
5975 5976
5502 5502
9471 9472
5920 5923
-1 -1
5696 5697
-1 -1
1033 1033
7237 7239
6956 6958
4619 4619
635 635
6288 6288
5788 5789
5250 5250
8567 8567
5641 5641
-1 -1
3439 3440
3258 3258
6708 6709
-1 -1
868 869
-1 -1
1647 1647
479 479
7969 7969
-1 -1
6981 6981
4743 4743
6153 6154
5293 5295
9869 9872
-1 -1
6867 6869
7770 7772
-1 -1
2689 2690
1222 1222
1900 1901
-1 -1
5936 5936
10036 10036
9179 9180
2914 2914
9173 9173
-1 -1
-1 -1
117 119
-1 -1
3575 3575
-1 -1
-1 -1
2220 2220
-1 -1
-1 -1
8261 8263
4029 4029
2883 2883
-1 -1
3668 3668
1356 1356
1944 1944
8830 8831
6345 6345
-1 -1
-1 -1
8107 8107
3729 3729
8651 8651
9089 9090
583 583
-1 -1
9072 9073
2442 2445
-1 -1
5026 5027
-1 -1
9700 9700
642 642
8244 8244
3279 3279
3154 3155
958 959
3658 3658
673 673
1978 1978
-1 -1
9949 9949
-1 -1
-1 -1
3265 3267
4090 4090
417 417
6090 6090
-1 -1
-1 -1
2491 2491
-1 -1
360 360
7936 7937
-1 -1
-1 -1
3839 3841
6448 6448
8016 8016
-1 -1
7027 7028
-1 -1
-1 -1
449 449
5079 5081
-1 -1
516 520
1507 1507
-1 -1
-1 -1
-1 -1
7002 7002
9700 9700
6874 6875
8979 8979
3349 3349
719 719
991 991
681 681
3684 3684
6119 6119
-1 -1
5108 5108
1523 1523
469 470
-1 -1
-1 -1
-1 -1
3119 3119
-1 -1
8945 8946
5714 5714
4469 4469
-1 -1
-1 -1
-1 -1
-1 -1
7549 7549
3224 3225
4703 4705
1349 1349
-1 -1
5602 5602
-1 -1
5971 5972
-1 -1
2077 2079
8904 8904
864 864
1872 1872
5076 5077
2077 2079
3806 3806
-1 -1
9580 9583
-1 -1
5814 5814
611 611
-1 -1
1881 1882
8612 8612
8627 8627
-1 -1
2514 2514
4059 4059
9754 9756
5809 5809
-1 -1
2217 2217
-1 -1
647 647
3969 3970
-1 -1
6959 6960
-1 -1
6329 6329
2895 2895
-1 -1
3601 3601
-1 -1
7980 7980
7952 7952
3103 3103
8450 8450
-1 -1
2068 2068
-1 -1
5674 5674
-1 -1
-1 -1
6658 6658
5708 5710
-1 -1
6103 6103
4859 4859
631 631
742 743
-1 -1
-1 -1
9283 9283
-1 -1
-1 -1
-1 -1
-1 -1
9319 9320
-1 -1
2583 2584
2928 2928
96 96
6195 6195
2524 2524
2327 2327
5690 5691
4085 4085
1475 1476
9067 9067
4455 4456
-1 -1
-1 -1
644 644
3421 3421
5536 5536
7080 7080
3229 3229
-1 -1
-1 -1
4006 4010
-1 -1
3191 3191
2264 2264
9835 9837
-1 -1
5501 5501
-1 -1
4333 4333
6090 6090
9877 9877
5871 5871
4229 4229
2323 2324
7298 7298
8684 8684
5107 5107
4006 4010
-1 -1
-1 -1
9712 9712
6592 6593
6034 6034
-1 -1
10054 10055
2506 2506
-1 -1
6769 6769
7550 7550
-1 -1
575 576
8375 8379
9302 9303
4191 4191
-1 -1
-1 -1
-1 -1
-1 -1
-1 -1
-1 -1
5732 5732
1586 1586
-1 -1
4903 4904
2311 2314
-1 -1
5086 5086
6833 6833
-1 -1
7875 7878
-1 -1
3265 3267
-1 -1
-1 -1
7474 7475
7498 7498
-1 -1
5729 5731
4317 4317
8391 8392
2235 2237
6857 6857
1723 1724
1740 1740
6125 6125
2582 2582
-1 -1
-1 -1
-1 -1
6350 6350
3326 3328
-1 -1
1247 1247
-1 -1
-1 -1
8492 8492
9310 9310
-1 -1
2724 2724
-1 -1
-1 -1
4709 4711
9136 9136
-1 -1
-1 -1
-1 -1
4613 4614
-1 -1
251 251
-1 -1
-1 -1
323 323
-1 -1
4163 4163
9294 9295
615 615
-1 -1
8785 8785
9286 9286
-1 -1
3735 3736
4672 4672
8045 8045
8120 8120
-1 -1
6386 6386
-1 -1
5266 5267
5229 5230
1895 1896
-1 -1
-1 -1
9758 9758
-1 -1
-1 -1
6650 6650
-1 -1
-1 -1
7199 7199
4104 4104
-1 -1
9642 9645
-1 -1
9627 9630
9111 9115
1648 1648
2650 2650
-1 -1
7074 7075
2355 2356
8919 8919
633 633
-1 -1
1622 1622
-1 -1
9552 9553
-1 -1
5866 5866
4122 4122
9721 9722
-1 -1
1211 1211
1935 1936
4063 4063
-1 -1
6363 6363
-1 -1
-1 -1
7308 7309
6594 6594
-1 -1
-1 -1
6924 6925
5411 5411
-1 -1
2844 2844
755 755
-1 -1
-1 -1
7647 7648
4782 4782
5129 5129
-1 -1
-1 -1
-1 -1
2765 2765
9730 9730
8920 8920
-1 -1
-1 -1
-1 -1
-1 -1
7401 7401
9423 9423
-1 -1
789 790
7124 7124
-1 -1
131 135
8772 8773
8548 8549
9538 9538
865 865
-1 -1
9173 9173
8405 8405
159 159
712 713
-1 -1
-1 -1
2836 2836
-1 -1
368 369
10043 10044
9558 9558
4800 4800
1823 1823
3747 3747
2148 2149
9983 9983
-1 -1
3625 3626
9111 9115
1242 1242
-1 -1
-1 -1
-1 -1
5737 5741
-1 -1
3969 3970
4132 4132
5296 5296
5475 5475
-1 -1
2032 2033
6607 6609
8973 8973
6876 6876
9701 9701
-1 -1
5068 5068
-1 -1
-1 -1
-1 -1
7338 7340
6706 6706
-1 -1
9967 9967
6621 6621
-1 -1
4946 4946
-1 -1
1135 1136
9577 9578
-1 -1
-1 -1
-1 -1
7249 7251
-1 -1
2014 2014
-1 -1
7856 7857
9813 9813
3103 3103
-1 -1
4474 4475
4375 4375
2966 2966
239 239
-1 -1
1061 1061
5124 5124
-1 -1
6664 6664
-1 -1
9101 9101
537 537
9959 9959
4931 4931
-1 -1
7895 7897
2596 2596
8971 8971
648 648
632 632
-1 -1
4818 4818
-1 -1
-1 -1
9544 9545
7900 7900
7372 7372
-1 -1
3514 3514
-1 -1
-1 -1
629 629
7262 7262
730 731
-1 -1
2495 2496
1880 1880
6258 6258
906 910
3284 3284
6222 6224
-1 -1
7350 7351
-1 -1
3351 3351
210 211
5804 5804
200 204
4417 4418
-1 -1
-1 -1
-1 -1
-1 -1
-1 -1
8293 8293
2168 2168
2857 2859
4032 4035
5327 5327
-1 -1
7848 7848
4306 4307
-1 -1
-1 -1
1226 1226
5810 5810
3705 3705
5159 5160
8639 8639
9389 9389
2023 2023
8512 8513
466 466
6322 6322
7221 7223
-1 -1
2781 2781
-1 -1
7235 7235
3284 3284
3947 3948
1749 1752
6829 6832
8153 8154
-1 -1
-1 -1
5207 5207
5364 5365
6719 6719
-1 -1
-1 -1
4672 4672
4142 4142
6020 6020
4725 4725
-1 -1
903 904
6126 6128
9971 9971
-1 -1
-1 -1
5109 5109
800 801
-1 -1
-1 -1
2064 2064
6847 6848
-1 -1
4153 4153
9898 9900
5808 5808
4184 4188
-1 -1
610 610
6147 6147
449 449
1475 1476
1772 1773
-1 -1
6746 6747
9254 9254
1641 1641
-1 -1
9631 9631
5485 5485
4719 4719
3080 3080
7504 7505
-1 -1
8794 8794
-1 -1
-1 -1
7826 7826
8247 8247
2258 2260
1105 1105
3789 3790
3151 3152
239 239
-1 -1
8731 8733
3395 3396
-1 -1
3180 3180
5567 5567
-1 -1
5398 5398
2726 2726
5857 5858
5198 5198
37 37
7812 7812
666 666
2961 2961
8055 8055
6937 6937
2420 2426
1821 1822
-1 -1
7606 7606
8603 8603
-1 -1
7999 7999
6509 6509
260 264
9148 9149
8234 8237
8179 8179
9344 9344
5433 5433
7810 7810
3460 3461
9469 9469
6644 6644
7324 7324
6415 6415
3031 3031
66 67
6863 6864
317 317
4866 4866
178 178
9459 9459
-1 -1
-1 -1
2691 2691
6734 6734
5555 5556
-1 -1
2241 2241
6321 6321
-1 -1
-1 -1
3371 3371
8354 8358
5755 5755
2019 2019
-1 -1
7730 7730
-1 -1
-1 -1
6476 6477
6078 6079
2889 2889
3353 3353
-1 -1
-1 -1
-1 -1
1223 1223
5440 5440
-1 -1
-1 -1
6527 6529
-1 -1
-1 -1
-1 -1
4437 4437
5198 5198
7261 7261
-1 -1
5318 5318
4899 4899
6234 6238
-1 -1
8138 8138
1889 1890
1614 1615
1916 1919
-1 -1
2648 2648
4457 4457
2234 2234
-1 -1
3980 3980
6462 6463
9393 9393
-1 -1
-1 -1
4287 4287
5493 5493
-1 -1
4219 4219
4832 4832
-1 -1
1645 1645
4235 4235
4128 4128
-1 -1
3842 3842
6277 6278
-1 -1
-1 -1
5602 5602
8482 8482
5191 5194
2435 2435
7174 7175
6966 6968
7432 7433
-1 -1
3917 3920
-1 -1
6316 6316
2088 2088
725 729
6561 6563
7468 7468
4642 4642
4241 4241
1957 1957
-1 -1
-1 -1
6219 6220
719 719
8003 8003
-1 -1
-1 -1
-1 -1
-1 -1
-1 -1
-1 -1
-1 -1
-1 -1
1147 1147
4163 4163
4838 4838
-1 -1
210 211
7871 7871
2626 2627
-1 -1
4006 4010
9424 9424
3432 3432
958 959
9030 9030
-1 -1
1953 1956
521 521
-1 -1
5844 5844
-1 -1
6894 6894
-1 -1
3703 3703
3526 3526
4567 4567
8469 8471
-1 -1
1229 1229
-1 -1
5555 5556
-1 -1
5876 5876
-1 -1
6094 6095
-1 -1
-1 -1
6762 6762
5415 5416
1763 1764
9540 9540
7982 7983
1034 1034
8986 8986
-1 -1
4042 4043
4906 4908
-1 -1
4002 4004
-1 -1
7673 7673
9787 9787
1898 1899
3288 3289
-1 -1
2173 2174
4900 4900
-1 -1
6802 6804
-1 -1
7325 7325
-1 -1
-1 -1
3181 3181
8287 8287
8414 8414
3464 3466
8013 8015
-1 -1
-1 -1
-1 -1
-1 -1
480 480
5674 5674
945 945
288 288
103 104
-1 -1
-1 -1
8905 8905
3912 3912
7750 7750
2631 2633
-1 -1
-1 -1
8244 8244
6222 6224
3301 3301
-1 -1
8435 8436
9199 9199
3731 3731
1690 1690
-1 -1
6460 6460
1128 1128
1276 1276
2948 2949
3339 3340
4217 4217
105 107
9786 9786
1964 1964
8860 8862
4712 4713
2311 2314
1286 1286
-1 -1
4281 4282
-1 -1
5001 5006
-1 -1
6985 6985
10088 10089
9427 9427
-1 -1
2289 2291
8306 8306
793 794
-1 -1
5755 5755
-1 -1
193 194
5951 5951
-1 -1
1947 1948
864 864
-1 -1
-1 -1
3946 3946
9101 9101
9879 9879
6601 6601
8504 8505
-1 -1
8151 8151
7273 7276
1551 1552
4513 4513
4515 4518
-1 -1
-1 -1
9774 9774
-1 -1
3748 3748
8142 8143
10041 10041
6540 6540
6673 6673
-1 -1
2900 2900
8512 8513
1479 1479
2453 2454
6994 7000
7119 7119
4277 4279
-1 -1
-1 -1
-1 -1
5465 5466
8514 8515
1053 1055
5417 5419
7898 7898
5991 5991
9308 9308
7866 7867
7074 7075
4574 4574
3929 3929
6024 6026
1564 1564
1263 1264
1422 1422
4851 4851
7902 7902
8864 8864
3055 3055
5610 5610
-1 -1
-1 -1
-1 -1
2500 2500
5882 5882
2398 2398
4097 4098
-1 -1
-1 -1
8405 8405
-1 -1
1541 1541
3714 3714
-1 -1
4207 4208
-1 -1
4437 4437
289 290
5701 5701
6535 6535
7012 7014
3223 3223
3246 3246
7232 7232
5661 5661
7063 7064
-1 -1
-1 -1
7932 7933
-1 -1
931 931
2492 2492
-1 -1
-1 -1
1940 1940
4157 4157
926 928
-1 -1
9427 9427
7196 7196
2841 2843
7278 7278
2208 2209
-1 -1
-1 -1
279 279
605 605
9697 9698
8794 8794
9075 9078
-1 -1
5212 5212
8596 8596
7894 7894
1974 1976
5398 5398
-1 -1
2772 2772
-1 -1
2649 2649
9540 9540
504 505
5268 5268
5632 5632
-1 -1
-1 -1
-1 -1
9663 9665
-1 -1
-1 -1
3668 3668
48 48
-1 -1
4277 4279
-1 -1
-1 -1
-1 -1
-1 -1
2656 2656
5331 5332
6333 6334
7903 7903
-1 -1
1201 1201
4741 4741
5001 5006
-1 -1
7367 7367
6666 6667
6780 6781
5015 5015
-1 -1
-1 -1
6774 6777
-1 -1
2484 2484
-1 -1
7214 7214
9470 9470
7779 7783
8051 8051
279 279
1937 1937
1147 1147
2387 2389
6398 6398
-1 -1
-1 -1
198 198
-1 -1
-1 -1
6322 6322
8050 8050
9215 9215
-1 -1
1116 1119
8032 8032
6886 6887
6313 6313
-1 -1
-1 -1
-1 -1
1495 1495
-1 -1
2653 2653
-1 -1
-1 -1
-1 -1
-1 -1
8954 8956
1418 1418
4045 4046
-1 -1
-1 -1
9580 9583
2538 2538
2238 2240
3485 3486
10027 10028
-1 -1
-1 -1
1500 1500
802 802
6841 6841
8778 8779
9807 9807
-1 -1
-1 -1
-1 -1
1147 1147
9570 9570
9996 9996
3452 3452
-1 -1
9740 9740
-1 -1
-1 -1
79 79
-1 -1
1963 1963
7012 7014
-1 -1
4157 4157
5596 5597
-1 -1
761 762
-1 -1
-1 -1
8722 8722
10029 10029
4460 4460
-1 -1
9864 9866
-1 -1
-1 -1
4193 4193
710 710
-1 -1
2104 2106
-1 -1
9083 9083
4762 4762
3043 3043
7637 7637
4377 4377
1100 1101
3819 3819
3776 3777
9518 9518
3274 3275
4620 4621
7093 7094
9721 9722
612 612
5096 5097
-1 -1
9388 9388
6835 6836
-1 -1
317 317
1616 1616
-1 -1
8983 8985
1678 1679
-1 -1
-1 -1
2998 2999
-1 -1
-1 -1
6296 6296
2847 2847
3605 3605
-1 -1
9622 9622
5927 5927
1170 1170
5262 5262
-1 -1
8282 8284
-1 -1
3605 3605
-1 -1
7353 7353
5263 5263
7335 7335
9199 9199
-1 -1
733 733
-1 -1
7448 7450
8760 8760
-1 -1
1402 1402
-1 -1
-1 -1
9587 9589
922 923
9680 9684
8432 8432
-1 -1
2845 2845
3182 3182
-1 -1
6882 6882
946 946
9359 9359
-1 -1
10025 10026
-1 -1
3809 3809
-1 -1
9414 9415
2126 2126
2757 2757
8472 8474
5821 5821
7743 7743
3992 3992
-1 -1
-1 -1
-1 -1
9619 9619
-1 -1
-1 -1
-1 -1
4063 4063
-1 -1
-1 -1
9001 9001
-1 -1
-1 -1
2299 2299
-1 -1
4365 4365
-1 -1
7673 7673
432 432
-1 -1
2392 2392
3254 3255
-1 -1
-1 -1
651 652
-1 -1
5849 5849
-1 -1
6454 6456
-1 -1
8573 8573
-1 -1
9004 9004
6533 6534
5136 5137
9359 9359
7062 7062
-1 -1
-1 -1
9639 9639
8800 8801
6449 6449
8039 8039
2629 2630
6785 6786
7849 7850
-1 -1
-1 -1
953 953
2286 2287
1557 1558
-1 -1
8207 8208
-1 -1
7932 7933
8244 8244
4219 4219
5677 5678
-1 -1
-1 -1
2057 2060
7022 7024
-1 -1
-1 -1
9806 9806
1066 1067
-1 -1
6843 6844
7019 7019
5474 5474
-1 -1
-1 -1
2220 2220
-1 -1
-1 -1
7796 7797
3350 3350
8840 8840
-1 -1
-1 -1
8031 8031
-1 -1
8394 8395
-1 -1
-1 -1
-1 -1
5277 5277
-1 -1
7687 7687
10029 10029
-1 -1
7760 7761
7557 7557
-1 -1
-1 -1
591 591
1512 1514
4827 4828
981 983
6699 6700
-1 -1
4312 4312
17 17
5983 5983
-1 -1
-1 -1
-1 -1
-1 -1
4334 4334
30 30
6077 6077
5114 5117
1646 1646
593 594
8327 8327
6632 6632
862 862
7647 7648
9609 9609
6047 6050
-1 -1
6607 6609
4262 4263
1320 1320
1262 1262
-1 -1
-1 -1
-1 -1
-1 -1
4778 4779
-1 -1
9234 9235
-1 -1
-1 -1
6973 6973
3026 3026
3810 3810
2847 2847
-1 -1
-1 -1
-1 -1
2132 2132
-1 -1
9558 9558
6013 6014
8429 8431
8999 9000
4266 4266
-1 -1
4835 4835
5838 5838
-1 -1
4420 4421
-1 -1
6530 6530
5664 5664
4108 4109
1023 1024
5409 5409
2929 2929
-1 -1
5296 5296
4063 4063
-1 -1
3925 3927
-1 -1
2819 2819
-1 -1
4060 4062
7707 7709
195 195
9327 9327
3370 3370
178 178
5226 5226
-1 -1
-1 -1
7378 7378
-1 -1
-1 -1
7988 7992
335 335
-1 -1
2249 2250
2964 2965
-1 -1
6262 6263
10077 10077
7111 7111
-1 -1
7453 7455
-1 -1
-1 -1
-1 -1
5918 5919
7846 7846
3355 3356
8940 8941
5767 5767
-1 -1
8738 8740
4938 4939
-1 -1
8691 8691
-1 -1
1547 1548
7644 7644
8880 8885
-1 -1
1345 1346
8190 8192
-1 -1
-1 -1
745 748
9425 9425
2384 2386
6715 6715
3431 3431
10008 10008
654 655
8400 8400
-1 -1
-1 -1
3552 3553
-1 -1
-1 -1
5586 5586
3598 3598
6783 6783
8639 8639
-1 -1
6791 6792
682 685
-1 -1
8633 8633
4979 4980
6649 6649
7095 7095
7349 7349
-1 -1
608 608
-1 -1
-1 -1
3511 3512
710 710
-1 -1
2945 2945
4446 4446
-1 -1
1526 1526
-1 -1
9456 9456
6259 6259
3254 3255
1611 1612
6954 6954
6647 6647
4021 4021
6620 6620
-1 -1
9152 9154
4317 4317
4280 4280
4610 4610
4296 4298
9341 9341
3411 3411
1805 1806
-1 -1
6368 6369
1792 1794
-1 -1
-1 -1
464 464
8000 8000
-1 -1
8897 8897
-1 -1
9428 9429
3694 3695
9834 9834
3497 3498
-1 -1
7105 7107
-1 -1
5243 5244
-1 -1
2706 2706
9286 9286
6402 6404
-1 -1
8273 8274
8511 8511
393 393
-1 -1
3587 3587
7767 7767
9062 9063
2458 2458
271 271
2813 2814
7678 7678
3629 3631
6015 6015
3601 3601
-1 -1
8807 8807
5304 5304
-1 -1
1902 1903
355 355
7225 7225
5351 5352
58 58
9500 9500
9972 9972
-1 -1
-1 -1
-1 -1
2992 2994
3438 3438
421 421
8151 8151
1480 1481
5677 5678
3978 3978
2489 2489
3849 3849
6935 6936
4577 4577
1834 1834
9637 9637
-1 -1
-1 -1
-1 -1
513 515
3252 3253
2159 2160
-1 -1
-1 -1
206 206
3109 3110
5286 5287
5979 5979
-1 -1
-1 -1
4948 4948
4435 4435
-1 -1
6789 6789
791 791
6428 6428
1422 1422
1338 1338
3823 3824
-1 -1
-1 -1
3422 3422
-1 -1
3576 3577
-1 -1
-1 -1
-1 -1
6059 6059
5292 5292
-1 -1
6051 6052
-1 -1
-1 -1
-1 -1
-1 -1
5983 5983
2035 2039
9947 9947
8910 8910
-1 -1
-1 -1
-1 -1
-1 -1
5768 5768
-1 -1
-1 -1
-1 -1
875 875
5617 5618
3780 3781
854 854
3910 3911
-1 -1
-1 -1
2285 2285
-1 -1
9222 9222
-1 -1
8922 8922
3093 3093
1186 1186
2458 2458
7800 7800
-1 -1
9749 9752
6302 6303
6704 6705
5642 5642
5495 5495
-1 -1
5086 5086
4049 4051
3601 3601
9128 9131
7932 7933
4615 4617
4466 4466
-1 -1
8971 8971
9050 9050
7715 7715
439 439
-1 -1
-1 -1
8400 8400
5937 5937
1470 1470
2653 2653
-1 -1
5234 5235
-1 -1
-1 -1
7605 7605
6094 6095
4673 4673
1989 1989
-1 -1
600 600
-1 -1
-1 -1
-1 -1
-1 -1
8024 8024
8497 8497
8823 8823
9825 9825
1148 1148
1855 1855
8401 8403
-1 -1
6677 6677
8990 8990
4045 4046
8964 8964
8667 8667
5397 5397
5001 5006
2229 2229
9452 9453
9366 9366
2026 2026
-1 -1
-1 -1
9812 9812
4865 4865
1097 1097
125 125
1179 1181
7924 7924
1628 1635
-1 -1
6257 6257
-1 -1
4767 4767
1696 1698
4159 4159
8802 8802
7428 7428
6478 6478
5822 5823
3640 3640
-1 -1
659 662
1243 1243
-1 -1
-1 -1
-1 -1
-1 -1
8416 8417
-1 -1
-1 -1
2938 2938
8716 8716
6214 6214
8205 8205
-1 -1
883 885
7557 7557
9351 9351
-1 -1
3252 3253
5936 5936
9216 9216
1422 1422
-1 -1
7532 7532
-1 -1
3406 3406
6580 6580
7042 7042
586 587
-1 -1
-1 -1
6140 6140
-1 -1
3628 3628
8095 8096
-1 -1
6151 6151
2015 2015
2493 2493
-1 -1
-1 -1
2300 2302
3156 3158
-1 -1
-1 -1
9839 9841
-1 -1
-1 -1
8476 8476
-1 -1
286 287
4838 4838
-1 -1
-1 -1
8714 8714
1843 1846
2573 2574
-1 -1
-1 -1
97 97
5153 5153
-1 -1
3181 3181
5411 5411
3180 3180
-1 -1
4161 4162
-1 -1
-1 -1
131 135
9923 9924
1559 1559
6889 6889
526 527
-1 -1
9330 9330
4891 4892
3431 3431
-1 -1
8461 8464
2743 2745
6580 6580
5833 5835
-1 -1
5871 5871
-1 -1
-1 -1
3233 3233
-1 -1
9784 9784
-1 -1
4510 4510
7986 7986
4246 4246
-1 -1
6296 6296
8918 8918
6744 6744
8000 8000
-1 -1
8375 8379
-1 -1
-1 -1
3235 3236
9957 9957
-1 -1
5736 5736
-1 -1
-1 -1
324 325
-1 -1
4833 4834
9931 9931
7487 7489
-1 -1
-1 -1
6719 6719
7396 7396
8569 8572
8819 8819
2526 2526
9787 9787
1722 1722
6427 6427
-1 -1
-1 -1
-1 -1
2580 2580
3995 3996
4891 4892
-1 -1
7569 7569
10010 10010
-1 -1
5107 5107
-1 -1
5828 5828
-1 -1
1985 1986
-1 -1
-1 -1
7092 7092
6352 6352
33 33
9479 9479
-1 -1
-1 -1
-1 -1
7743 7743
5344 5344
6325 6325
-1 -1
-1 -1
-1 -1
-1 -1
1898 1899
2702 2702
7398 7399
-1 -1
-1 -1
1185 1185
6851 6852
-1 -1
-1 -1
6956 6958
5209 5211
1977 1977
990 990
4441 4441
226 226
6255 6255
2971 2971
4652 4653
8045 8045
8958 8959
5862 5862
-1 -1
3104 3104
-1 -1
8934 8934
-1 -1
-1 -1
-1 -1
8211 8211
473 473
-1 -1
2491 2491
981 983
-1 -1
-1 -1
-1 -1
7130 7130
2484 2484
-1 -1
-1 -1
2621 2621
4981 4981
5905 5905
-1 -1
8939 8939
7638 7638
-1 -1
5615 5615
7204 7207
-1 -1
6653 6653
-1 -1
7135 7135
-1 -1
-1 -1
355 355
5264 5265
5101 5101
1250 1253
2493 2493
3559 3559
8835 8836
5460 5461
446 446
-1 -1
6301 6301
-1 -1
8114 8114
-1 -1
1368 1368
-1 -1
-1 -1
-1 -1
-1 -1
3603 3603
5592 5595
7986 7986
5628 5628
-1 -1
6139 6139
7710 7711
-1 -1
7246 7247
8695 8695
-1 -1
8892 8892
9123 9124
6366 6366
9307 9307
1339 1339
8311 8311
1423 1424
-1 -1
6706 6706
-1 -1
9669 9670
-1 -1
5218 5218
8203 8203
-1 -1
-1 -1
-1 -1
2542 2543
4505 4505
-1 -1
-1 -1
906 910
8044 8044
-1 -1
9098 9100
-1 -1
-1 -1
2014 2014
4057 4057
3915 3916
-1 -1
418 418
2622 2624
-1 -1
-1 -1
9204 9204
-1 -1
9108 9108
958 959
9013 9013
1734 1734
345 345
1429 1429
-1 -1
-1 -1
8323 8324
4012 4014
-1 -1
1426 1427
2199 2199
-1 -1
-1 -1
-1 -1
-1 -1
-1 -1
-1 -1
4567 4567
2505 2505
-1 -1
-1 -1
7323 7323
-1 -1
3422 3422
1333 1333
8309 8309
5433 5433
-1 -1
9732 9734
6292 6292
7315 7315
7324 7324
9186 9186
-1 -1
8452 8452
8931 8932
3528 3531
-1 -1
-1 -1
1016 1016
-1 -1
-1 -1
3372 3373
-1 -1
-1 -1
-1 -1
-1 -1
599 599
5277 5277
8951 8953
2726 2726
2791 2791
5031 5031
-1 -1
2606 2607
3510 3510
7813 7813
1625 1626
6383 6384
8874 8876
8987 8987
4758 4759
1834 1834
-1 -1
7412 7413
8715 8715
6787 6787
7174 7175
-1 -1
1826 1826
5629 5630
849 849
-1 -1
-1 -1
7336 7337
-1 -1
7021 7021
4225 4227
7672 7672
6307 6307
-1 -1
-1 -1
-1 -1
-1 -1
-1 -1
3862 3862
-1 -1
8553 8553
3584 3584
-1 -1
4782 4782
811 811
2025 2025
5242 5242
-1 -1
5522 5523
7420 7420
6408 6408
-1 -1
4992 4992
6364 6365
3900 3900
-1 -1
4064 4065
7970 7970
-1 -1
-1 -1
7945 7945
5773 5774
-1 -1
966 967
9700 9700
9150 9151
2476 2478
895 895
9399 9399
2685 2685
-1 -1
1680 1680
-1 -1
5261 5261
-1 -1
4863 4863
6778 6778
-1 -1
-1 -1
2189 2189
4611 4612
2706 2706
7544 7546
7898 7898
2634 2634
3523 3523
3305 3305
1005 1005
-1 -1
6604 6605
3666 3667
9224 9225
8606 8606
7306 7306
-1 -1
-1 -1
-1 -1
9559 9559
2569 2569
8055 8055
2380 2381
-1 -1
1474 1474
6734 6734
6136 6137
2966 2966
4447 4448
-1 -1
-1 -1
-1 -1
6104 6104
-1 -1
-1 -1
-1 -1
4989 4989
1350 1350
4992 4992
-1 -1
1068 1068
7978 7978
7380 7380
2598 2602
6610 6611
8444 8445
-1 -1
1475 1476
5502 5502
-1 -1
667 668
-1 -1
1968 1969
-1 -1
8791 8791
9485 9485
8766 8766
3917 3920
5853 5854
9086 9086
8484 8485
4794 4795
-1 -1
3515 3515
9495 9497
4271 4272
-1 -1
8251 8254
-1 -1
3237 3238
-1 -1
-1 -1
-1 -1
8848 8849
9550 9550
2818 2818
5184 5186
7554 7554
2498 2498
-1 -1
8405 8405
4552 4552
-1 -1
-1 -1
-1 -1
2955 2957
2231 2232
-1 -1
-1 -1
9732 9734
6673 6673
-1 -1
6188 6188
-1 -1
585 585
348 354
2121 2121
2550 2553
3742 3742
4786 4786
8551 8551
9914 9915
1907 1909
7005 7005
9592 9592
4622 4622
7095 7095
7836 7836
-1 -1
4982 4982
4445 4445
1656 1657
6353 6353
6962 6962
6482 6482
3995 3996
1895 1896
-1 -1
-1 -1
8832 8832
-1 -1
-1 -1
9378 9378
9487 9488
-1 -1
-1 -1
-1 -1
510 510
1302 1303
-1 -1
-1 -1
7614 7615
9617 9617
-1 -1
-1 -1
2909 2909
-1 -1
-1 -1
-1 -1
-1 -1
5583 5583
-1 -1
1123 1123
-1 -1
9642 9645
6502 6504
2780 2780
-1 -1
1148 1148
-1 -1
307 308
6950 6951
379 379
-1 -1
-1 -1
-1 -1
-1 -1
3944 3945
8681 8681
-1 -1
7845 7845
2631 2633
9080 9080
8934 8934
-1 -1
-1 -1
9543 9543
6760 6761
374 374
6143 6143
-1 -1
8638 8638
8731 8733
5508 5508
2142 2142
-1 -1
9238 9238
6624 6624
7523 7523
-1 -1
-1 -1
6201 6201
-1 -1
1052 1052
3522 3522
1185 1185
4963 4963
9549 9549
2221 2222
-1 -1
6898 6901
7428 7428
-1 -1
1045 1045
-1 -1
2809 2812
5637 5638
-1 -1
-1 -1
6715 6715
2596 2596
-1 -1
1670 1670
9831 9831
5197 5197
7265 7266
5453 5453
-1 -1
9190 9190
9748 9748
1995 1996
-1 -1
6024 6026
5841 5842
6156 6156
6647 6647
8903 8903
5434 5434
-1 -1
5910 5910
-1 -1
2612 2615
9316 9316
-1 -1
-1 -1
2127 2127
3235 3236
9939 9939
9502 9502
8649 8650
7289 7289
2673 2673
2754 2756
-1 -1
-1 -1
2990 2990
5613 5613
6500 6500
3997 3997
-1 -1
-1 -1
-1 -1
-1 -1
3237 3238
2069 2069
1338 1338
5862 5862
-1 -1
1420 1420
7572 7573
7953 7954
8413 8413
7920 7920
9811 9811
-1 -1
9098 9100
866 867
5039 5039
1298 1299
-1 -1
8700 8700
6032 6032
5954 5954
4449 4450
5804 5804
7901 7901
-1 -1
3468 3468
9518 9518
6090 6090
-1 -1
8576 8577
6636 6636
4568 4569
-1 -1
8329 8329
-1 -1
2629 2630
3201 3201
84 85
760 760
5714 5714
3753 3753
5232 5232
4603 4604
-1 -1
8803 8804
785 785
4631 4631
1535 1537
-1 -1
4827 4828
8238 8239
-1 -1
631 631
-1 -1
-1 -1
-1 -1
3623 3624
586 587
7187 7188
2283 2283
4078 4079
9609 9609
-1 -1
4115 4117
4880 4881
10092 10092
7713 7713
3390 3390
1042 1042
8467 8468
2190 2190
394 394
-1 -1
-1 -1
-1 -1
4351 4352
466 466
3831 3832
6409 6409
-1 -1
-1 -1
5354 5354
5711 5712
6332 6332
5331 5332
-1 -1
9163 9163
4979 4980
-1 -1
-1 -1
5330 5330
3071 3073
2529 2529
-1 -1
-1 -1
-1 -1
-1 -1
-1 -1
-1 -1
6981 6981
-1 -1
-1 -1
-1 -1
1561 1561
2856 2856
6374 6374
6660 6660
524 525
-1 -1
-1 -1
8788 8788
-1 -1
3807 3807
7302 7303
4832 4832
7457 7457
4837 4837
8759 8759
5645 5646
-1 -1
-1 -1
184 184
6412 6412
6559 6559
-1 -1
8003 8003
9780 9780
2917 2920
-1 -1
-1 -1
-1 -1
-1 -1
-1 -1
3837 3837
5944 5944
1254 1254
6751 6751
6861 6861
3684 3684
-1 -1
-1 -1
-1 -1
4457 4457
4787 4789
8121 8122
2218 2218
4465 4465
7036 7037
-1 -1
8999 9000
-1 -1
-1 -1
1937 1937
-1 -1
-1 -1
6330 6330
-1 -1
1753 1753
2220 2220
-1 -1
4757 4757
8322 8322
-1 -1
2317 2317
-1 -1
7359 7359
3228 3228
-1 -1
4236 4240
-1 -1
2298 2298
3705 3705
9708 9708
6589 6589
4127 4127
7845 7845
8298 8298
3203 3203
561 561
918 920
5353 5353
914 915
7663 7663
-1 -1
6554 6554
2978 2978
8001 8002
-1 -1
-1 -1
3237 3238
-1 -1
1206 1207
5245 5246
456 456
7219 7219
636 637
-1 -1
-1 -1
4766 4766
6924 6925
9785 9785
5102 5104
8182 8182
7894 7894
7520 7521
-1 -1
9517 9517
2064 2064
8099 8100
-1 -1
-1 -1
-1 -1
-1 -1
8411 8412
9561 9562
-1 -1
3288 3289
9304 9306
7045 7045
10078 10078
6894 6894
4283 4283
2563 2565
-1 -1
7967 7967
8789 8789
8396 8396
9208 9208
-1 -1
3673 3673
3393 3393
8752 8753
9277 9277
3274 3275
4620 4621
9287 9287
5021 5021
2114 2114
-1 -1
3515 3515
5093 5094
3756 3756
8578 8579
-1 -1
4769 4770
-1 -1
5468 5468
7456 7456
625 625
757 757
1648 1648
5472 5472
-1 -1
2089 2089
9137 9137
4161 4162
-1 -1
4159 4159
-1 -1
7966 7966
9970 9970
3315 3315
-1 -1
1396 1396
8504 8505
8483 8483
-1 -1
646 646
-1 -1
-1 -1
6262 6263
5760 5763
9416 9416
-1 -1
5599 5600
-1 -1
-1 -1
5482 5483
-1 -1
-1 -1
-1 -1
-1 -1
-1 -1
1280 1281
-1 -1
4979 4980
425 427
7869 7870
6298 6298
5629 5630
7076 7076
-1 -1
7736 7736
-1 -1
8608 8608
-1 -1
-1 -1
5570 5571
4661 4662
6363 6363
847 848
4749 4750
1798 1799
4210 4210
-1 -1
-1 -1
8012 8012
5658 5658
2560 2561
-1 -1
8815 8817
2635 2636
3375 3376
1489 1489
-1 -1
8129 8130
8486 8486
-1 -1
-1 -1
-1 -1
-1 -1
5702 5705
-1 -1
-1 -1
8868 8868
468 468
5719 5719
3021 3021
7969 7969
3740 3741
3839 3841
9325 9325
8030 8030
609 609
-1 -1
2274 2274
-1 -1
-1 -1
8255 8255
-1 -1
2061 2061
6545 6546
7945 7945
6510 6510
-1 -1
8648 8648
-1 -1
1937 1937
1414 1416
8163 8163
3863 3863
6636 6636
-1 -1
7634 7635
5924 5925
5463 5464
8414 8414
6324 6324
-1 -1
-1 -1
-1 -1
8292 8292
3771 3771
8864 8864
8760 8760
-1 -1
9043 9043
178 178
702 702
-1 -1
5111 5112
4337 4337
3124 3124
-1 -1
6291 6291
-1 -1
3374 3374
2682 2683
4877 4879
7125 7126
-1 -1
-1 -1
-1 -1
-1 -1
8917 8917
2650 2650
1364 1364
5580 5580
-1 -1
6487 6487
-1 -1
7420 7420
1058 1058
9434 9435
6622 6623
2189 2189
-1 -1
1597 1597
-1 -1
7846 7846
8205 8205
6676 6676
8498 8500
1892 1893
2364 2364
-1 -1
5213 5213
8287 8287
1589 1589
-1 -1
5874 5874
-1 -1
6351 6351
2322 2322
-1 -1
-1 -1
7345 7345
6013 6014
2637 2637
-1 -1
-1 -1
6861 6861
8142 8143
7476 7477
-1 -1
8480 8481
-1 -1
9089 9090
5760 5763
-1 -1
7430 7430
-1 -1
-1 -1
2799 2800
-1 -1
3906 3906
3217 3219
-1 -1
253 253
5658 5658
79 79
2392 2392
-1 -1
-1 -1
9914 9915
4083 4083
-1 -1
-1 -1
8099 8100
-1 -1
-1 -1
-1 -1
7487 7489
6443 6444
9069 9070
3555 3555
4277 4279
311 311
-1 -1
7478 7480
-1 -1
-1 -1
-1 -1
-1 -1
5245 5246
7022 7024
-1 -1
4480 4481
4940 4940
5961 5962
9331 9334
8172 8172
-1 -1
2979 2980
-1 -1
6428 6428
1491 1494
6791 6792
-1 -1
-1 -1
9938 9938
-1 -1
980 980
-1 -1
6148 6148
4913 4913
7787 7788
-1 -1
1662 1663
-1 -1
2971 2971
1091 1091
9098 9100
-1 -1
4427 4429
6190 6190
2556 2559
4877 4879
1300 1300
2202 2202
2764 2764
-1 -1
8678 8680
7160 7161
4030 4031
864 864
-1 -1
3730 3730
9102 9102
7436 7437
7839 7840
4251 4251
9257 9260
893 894
-1 -1
5245 5246
4179 4179
-1 -1
-1 -1
8902 8902
1287 1287
7508 7508
2167 2167
9232 9232
7350 7351
1438 1440
-1 -1
-1 -1
-1 -1
769 771
-1 -1
-1 -1
6632 6632
-1 -1
6677 6677
7703 7705
631 631
-1 -1
4099 4099
5706 5706
984 984
5809 5809
52 52
1260 1260
9855 9857
531 533
-1 -1
938 940
4909 4910
10040 10040
-1 -1
8745 8745
5229 5230
1749 1752
3233 3233
1164 1166
-1 -1
3706 3706
8245 8246
-1 -1
-1 -1
8813 8813
705 707
5007 5008
-1 -1
8902 8902
6610 6611
6911 6911
5569 5569
-1 -1
-1 -1
5107 5107
6443 6444
4132 4132
2665 2665
-1 -1
2867 2867
-1 -1
-1 -1
5286 5287
4394 4395
-1 -1
-1 -1
3939 3939
3792 3792
-1 -1
433 435
-1 -1
-1 -1
7388 7389
945 945
-1 -1
-1 -1
6470 6472
-1 -1
1538 1538
-1 -1
4381 4381
2168 2168
-1 -1
8497 8497
-1 -1
2369 2369
-1 -1
-1 -1
6318 6319
-1 -1
608 608
5351 5352
-1 -1
-1 -1
-1 -1
7779 7783
-1 -1
9661 9662
2340 2340
1463 1464
8342 8344
3642 3643
5421 5421
1153 1155
635 635
8965 8967
-1 -1
-1 -1
7289 7289
-1 -1
-1 -1
-1 -1
8552 8552
8061 8061
7589 7589
9081 9082
5033 5033
4549 4549
6927 6928
1830 1830
-1 -1
-1 -1
3046 3047
3181 3181
4455 4456
4464 4464
-1 -1
2151 2151
3336 3337
2953 2953
-1 -1
8467 8468
6129 6130
-1 -1
6751 6751
5552 5552
-1 -1
3448 3449
913 913
-1 -1
5046 5046
-1 -1
-1 -1
2331 2332
7124 7124
10064 10064
-1 -1
1670 1670
9460 9460
-1 -1
-1 -1
6627 6627
3748 3748
4728 4729
-1 -1
-1 -1
-1 -1
1943 1943
-1 -1
-1 -1
-1 -1
6918 6920
-1 -1
-1 -1
-1 -1
3995 3996
7458 7459
7872 7872
-1 -1
4133 4133
6380 6380
415 415
4386 4387
6317 6317
-1 -1
-1 -1
56 57
5698 5700
-1 -1
-1 -1
-1 -1
-1 -1
6462 6463
4727 4727
5602 5602
829 831
5574 5575
3085 3086
-1 -1
-1 -1
4999 5000
-1 -1
5095 5095
7367 7367
-1 -1
-1 -1
2900 2900
7147 7147
-1 -1
5394 5394
-1 -1
-1 -1
-1 -1
5129 5129
7319 7320
6606 6606
-1 -1
-1 -1
2189 2189
-1 -1
5589 5591
463 463
9542 9542
2583 2584
772 772
-1 -1
2628 2628
9901 9903
8452 8452
987 987
606 606
-1 -1
1800 1802
-1 -1
10011 10012
-1 -1
3828 3828
8718 8718
6760 6761
4778 4779
-1 -1
2743 2745
1329 1329
-1 -1
1874 1876
-1 -1
7068 7068
-1 -1
6811 6812
6177 6177
3349 3349
2288 2288
1244 1244
1642 1642
1483 1483
7806 7806
5096 5097
2778 2779
-1 -1
9482 9482
9934 9934
-1 -1
9898 9900
7331 7331
2809 2812
-1 -1
2668 2668
5524 5524
6008 6009
-1 -1
1123 1123
3510 3510
-1 -1
1650 1653
5135 5135
7016 7016
313 314
5767 5767
38 40
5187 5187
5342 5342
7980 7980
-1 -1
5745 5745
2822 2822
8363 8363
1480 1481
7957 7957
4085 4085
7549 7549
7400 7400
6125 6125
138 138
7671 7671
6178 6178
8120 8120
3229 3229
-1 -1
-1 -1
449 449
1354 1355
-1 -1
-1 -1
-1 -1
5219 5222
-1 -1
7372 7372
7919 7919
-1 -1
4560 4560
-1 -1
-1 -1
9251 9252
-1 -1
-1 -1
-1 -1
4893 4894
2225 2225
4351 4352
911 911
-1 -1
1005 1005
7463 7464
8592 8593
-1 -1
3913 3914
6734 6734
