-1 -1
-1 -1
-1 -1
-1 -1
1573 1573
-1 -1
426 427
-1 -1
889 890
-1 -1
37 37
-1 -1
1284 1284
789 789
-1 -1
1460 1460
779 779
-1 -1
-1 -1
-1 -1
-1 -1
-1 -1
-1 -1
-1 -1
-1 -1
-1 -1
-1 -1
-1 -1
-1 -1
-1 -1
-1 -1
-1 -1
-1 -1
-1 -1
-1 -1
-1 -1
-1 -1
-1 -1
-1 -1
-1 -1
1391 1391
-1 -1
-1 -1
-1 -1
-1 -1
-1 -1
-1 -1
-1 -1
-1 -1
911 911
-1 -1
-1 -1
-1 -1
1259 1259
-1 -1
-1 -1
-1 -1
-1 -1
-1 -1
-1 -1
1064 1064
-1 -1
-1 -1
-1 -1
-1 -1
-1 -1
-1 -1
-1 -1
-1 -1
-1 -1
-1 -1
-1 -1
-1 -1
798 798
1510 1510
-1 -1
-1 -1
-1 -1
-1 -1
-1 -1
-1 -1
-1 -1
-1 -1
-1 -1
-1 -1
-1 -1
283 284
-1 -1
-1 -1
-1 -1
-1 -1
-1 -1
-1 -1
-1 -1
-1 -1
-1 -1
-1 -1
-1 -1
-1 -1
-1 -1
-1 -1
1060 1060
-1 -1
-1 -1
-1 -1
-1 -1
-1 -1
-1 -1
-1 -1
-1 -1
-1 -1
-1 -1
1599 1599
-1 -1
-1 -1
882 882
-1 -1
-1 -1
-1 -1
-1 -1
-1 -1
-1 -1
1196 1196
807 807
-1 -1
1858 1858
-1 -1
-1 -1
-1 -1
-1 -1
-1 -1
846 846
173 173
-1 -1
-1 -1
-1 -1
-1 -1
-1 -1
-1 -1
-1 -1
-1 -1
-1 -1
-1 -1
-1 -1
1031 1031
-1 -1
-1 -1
-1 -1
-1 -1
809 809
-1 -1
-1 -1
-1 -1
-1 -1
-1 -1
-1 -1
-1 -1
-1 -1
-1 -1
-1 -1
-1 -1
-1 -1
-1 -1
-1 -1
-1 -1
455 455
-1 -1
-1 -1
-1 -1
-1 -1
801 801
-1 -1
-1 -1
-1 -1
698 698
-1 -1
-1 -1
-1 -1
-1 -1
-1 -1
-1 -1
-1 -1
-1 -1
-1 -1
307 307
381 381
-1 -1
-1 -1
-1 -1
-1 -1
171 171
-1 -1
-1 -1
1528 1528
-1 -1
-1 -1
-1 -1
-1 -1
-1 -1
1749 1749
-1 -1
-1 -1
-1 -1
-1 -1
1669 1669
-1 -1
-1 -1
-1 -1
-1 -1
-1 -1
-1 -1
-1 -1
-1 -1
-1 -1
-1 -1
-1 -1
-1 -1
-1 -1
-1 -1
-1 -1
-1 -1
-1 -1
-1 -1
-1 -1
614 614
-1 -1
-1 -1
-1 -1
1121 1123
-1 -1
-1 -1
-1 -1
-1 -1
-1 -1
-1 -1
-1 -1
-1 -1
-1 -1
1173 1173
-1 -1
-1 -1
-1 -1
-1 -1
-1 -1
-1 -1
-1 -1
1880 1880
-1 -1
1315 1315
624 624
-1 -1
-1 -1
-1 -1
-1 -1
-1 -1
791 791
-1 -1
-1 -1
-1 -1
-1 -1
-1 -1
-1 -1
-1 -1
-1 -1
98 98
329 329
-1 -1
-1 -1
-1 -1
-1 -1
-1 -1
-1 -1
-1 -1
-1 -1
-1 -1
-1 -1
-1 -1
-1 -1
-1 -1
-1 -1
-1 -1
1886 1886
-1 -1
-1 -1
-1 -1
-1 -1
-1 -1
-1 -1
-1 -1
-1 -1
-1 -1
-1 -1
933 933
-1 -1
-1 -1
-1 -1
1356 1356
-1 -1
-1 -1
-1 -1
-1 -1
-1 -1
-1 -1
-1 -1
-1 -1
-1 -1
-1 -1
1696 1696
-1 -1
-1 -1
-1 -1
-1 -1
-1 -1
-1 -1
-1 -1
-1 -1
-1 -1
-1 -1
-1 -1
-1 -1
-1 -1
-1 -1
-1 -1
-1 -1
-1 -1
-1 -1
-1 -1
-1 -1
-1 -1
-1 -1
-1 -1
-1 -1
-1 -1
-1 -1
-1 -1
-1 -1
1784 1784
482 483
54 54
-1 -1
-1 -1
-1 -1
-1 -1
-1 -1
-1 -1
-1 -1
-1 -1
778 778
143 143
-1 -1
-1 -1
-1 -1
-1 -1
-1 -1
-1 -1
-1 -1
-1 -1
1695 1695
747 747
-1 -1
541 541
-1 -1
-1 -1
-1 -1
733 734
-1 -1
-1 -1
-1 -1
1230 1230
-1 -1
-1 -1
-1 -1
-1 -1
-1 -1
-1 -1
-1 -1
-1 -1
-1 -1
-1 -1
-1 -1
-1 -1
-1 -1
-1 -1
-1 -1
108 108
-1 -1
-1 -1
693 693
-1 -1
-1 -1
-1 -1
-1 -1
-1 -1
-1 -1
-1 -1
-1 -1
-1 -1
911 911
-1 -1
-1 -1
-1 -1
2023 39640
-1 -1
-1 -1
-1 -1
-1 -1
-1 -1
185 186
-1 -1
-1 -1
-1 -1
-1 -1
-1 -1
-1 -1
-1 -1
-1 -1
-1 -1
-1 -1
-1 -1
-1 -1
1513 1513
-1 -1
-1 -1
1509 1509
-1 -1
1738 1738
357 357
478 478
-1 -1
-1 -1
-1 -1
198 198
-1 -1
-1 -1
-1 -1
-1 -1
540 540
-1 -1
-1 -1
-1 -1
1591 1592
-1 -1
-1 -1
-1 -1
-1 -1
-1 -1
19 19
-1 -1
-1 -1
1 1
743 743
-1 -1
-1 -1
-1 -1
-1 -1
-1 -1
18 18
1185 1185
1354 1354
-1 -1
-1 -1
-1 -1
-1 -1
-1 -1
-1 -1
-1 -1
-1 -1
-1 -1
-1 -1
1845 1845
-1 -1
-1 -1
-1 -1
-1 -1
-1 -1
5 5
-1 -1
-1 -1
-1 -1
-1 -1
-1 -1
-1 -1
-1 -1
-1 -1
-1 -1
-1 -1
-1 -1
-1 -1
-1 -1
1699 1699
-1 -1
-1 -1
-1 -1
166 166
983 983
-1 -1
-1 -1
-1 -1
-1 -1
-1 -1
1290 1290
736 736
-1 -1
-1 -1
-1 -1
-1 -1
-1 -1
-1 -1
-1 -1
-1 -1
1384 1384
-1 -1
-1 -1
-1 -1
-1 -1
-1 -1
-1 -1
-1 -1
-1 -1
-1 -1
-1 -1
2015 2015
-1 -1
-1 -1
-1 -1
-1 -1
-1 -1
567 567
-1 -1
557 557
193 193
-1 -1
-1 -1
-1 -1
1846 1846
1531 1532
-1 -1
-1 -1
224 224
-1 -1
-1 -1
-1 -1
-1 -1
-1 -1
-1 -1
-1 -1
-1 -1
-1 -1
-1 -1
-1 -1
-1 -1
-1 -1
96 96
-1 -1
-1 -1
-1 -1
-1 -1
-1 -1
-1 -1
-1 -1
-1 -1
-1 -1
-1 -1
-1 -1
-1 -1
-1 -1
-1 -1
-1 -1
-1 -1
-1 -1
-1 -1
-1 -1
-1 -1
60 60
-1 -1
-1 -1
165 165
-1 -1
1062 1062
-1 -1
1806 1806
-1 -1
-1 -1
1819 1819
-1 -1
-1 -1
874 874
-1 -1
-1 -1
886 886
-1 -1
-1 -1
-1 -1
-1 -1
1488 1488
-1 -1
-1 -1
1423 1423
-1 -1
-1 -1
-1 -1
-1 -1
-1 -1
-1 -1
-1 -1
-1 -1
-1 -1
-1 -1
-1 -1
-1 -1
-1 -1
-1 -1
-1 -1
-1 -1
-1 -1
-1 -1
-1 -1
-1 -1
-1 -1
-1 -1
-1 -1
891 891
-1 -1
889 890
568 568
-1 -1
-1 -1
-1 -1
-1 -1
-1 -1
-1 -1
-1 -1
1540 1540
-1 -1
1846 1846
-1 -1
-1 -1
-1 -1
-1 -1
1265 1265
82 82
-1 -1
577 577
-1 -1
-1 -1
-1 -1
-1 -1
892 892
-1 -1
-1 -1
-1 -1
-1 -1
-1 -1
505 506
-1 -1
948 948
-1 -1
530 530
1629 1629
-1 -1
-1 -1
-1 -1
836 836
-1 -1
-1 -1
129 129
-1 -1
-1 -1
-1 -1
-1 -1
-1 -1
-1 -1
-1 -1
10 12
-1 -1
-1 -1
-1 -1
-1 -1
-1 -1
-1 -1
-1 -1
-1 -1
-1 -1
1728 1728
-1 -1
-1 -1
-1 -1
-1 -1
-1 -1
-1 -1
-1 -1
-1 -1
1871 1871
-1 -1
-1 -1
-1 -1
-1 -1
1173 1173
-1 -1
-1 -1
-1 -1
-1 -1
-1 -1
-1 -1
-1 -1
-1 -1
-1 -1
-1 -1
-1 -1
-1 -1
-1 -1
-1 -1
-1 -1
-1 -1
-1 -1
-1 -1
-1 -1
-1 -1
-1 -1
-1 -1
1336 1336
-1 -1
-1 -1
-1 -1
-1 -1
-1 -1
-1 -1
1723 1723
-1 -1
-1 -1
-1 -1
1612 1612
-1 -1
-1 -1
-1 -1
-1 -1
-1 -1
-1 -1
-1 -1
-1 -1
-1 -1
-1 -1
-1 -1
1709 1709
-1 -1
-1 -1
-1 -1
-1 -1
-1 -1
-1 -1
-1 -1
968 968
-1 -1
-1 -1
1609 1609
-1 -1
-1 -1
-1 -1
-1 -1
-1 -1
-1 -1
-1 -1
-1 -1
-1 -1
542 542
-1 -1
-1 -1
-1 -1
-1 -1
-1 -1
-1 -1
-1 -1
874 874
-1 -1
-1 -1
-1 -1
-1 -1
-1 -1
-1 -1
-1 -1
-1 -1
-1 -1
1050 1050
47 47
387 387
-1 -1
-1 -1
-1 -1
-1 -1
1363 1363
-1 -1
-1 -1
-1 -1
-1 -1
-1 -1
-1 -1
-1 -1
-1 -1
1788 1788
-1 -1
-1 -1
-1 -1
-1 -1
-1 -1
-1 -1
1525 1525
-1 -1
-1 -1
-1 -1
-1 -1
-1 -1
-1 -1
-1 -1
-1 -1
-1 -1
-1 -1
-1 -1
1196 1196
-1 -1
-1 -1
504 504
989 989
1727 1727
-1 -1
-1 -1
-1 -1
996 996
-1 -1
-1 -1
-1 -1
-1 -1
-1 -1
-1 -1
-1 -1
-1 -1
-1 -1
-1 -1
-1 -1
-1 -1
-1 -1
-1 -1
1839 1839
-1 -1
-1 -1
-1 -1
1923 1923
-1 -1
-1 -1
-1 -1
-1 -1
-1 -1
-1 -1
-1 -1
-1 -1
-1 -1
-1 -1
-1 -1
-1 -1
-1 -1
-1 -1
-1 -1
-1 -1
-1 -1
-1 -1
-1 -1
-1 -1
1266 1266
-1 -1
-1 -1
-1 -1
-1 -1
-1 -1
-1 -1
-1 -1
-1 -1
-1 -1
-1 -1
-1 -1
-1 -1
843 843
-1 -1
-1 -1
-1 -1
-1 -1
-1 -1
-1 -1
-1 -1
-1 -1
-1 -1
-1 -1
-1 -1
-1 -1
-1 -1
-1 -1
-1 -1
-1 -1
-1 -1
-1 -1
-1 -1
-1 -1
-1 -1
-1 -1
-1 -1
-1 -1
-1 -1
-1 -1
1866 1866
-1 -1
-1 -1
-1 -1
-1 -1
-1 -1
-1 -1
-1 -1
-1 -1
-1 -1
-1 -1
-1 -1
-1 -1
-1 -1
-1 -1
-1 -1
-1 -1
-1 -1
-1 -1
-1 -1
-1 -1
609 610
-1 -1
-1 -1
-1 -1
-1 -1
-1 -1
-1 -1
-1 -1
-1 -1
-1 -1
-1 -1
-1 -1
929 929
-1 -1
-1 -1
-1 -1
-1 -1
1873 1873
-1 -1
-1 -1
-1 -1
-1 -1
-1 -1
-1 -1
-1 -1
-1 -1
1598 1598
-1 -1
-1 -1
-1 -1
-1 -1
-1 -1
-1 -1
-1 -1
786 786
1510 1510
-1 -1
-1 -1
-1 -1
1763 1763
-1 -1
-1 -1
-1 -1
-1 -1
-1 -1
-1 -1
278 279
-1 -1
-1 -1
-1 -1
-1 -1
-1 -1
-1 -1
-1 -1
-1 -1
722 722
-1 -1
-1 -1
-1 -1
-1 -1
-1 -1
-1 -1
585 585
-1 -1
-1 -1
-1 -1
-1 -1
-1 -1
-1 -1
-1 -1
-1 -1
1966 1966
-1 -1
-1 -1
-1 -1
-1 -1
-1 -1
-1 -1
1086 1086
-1 -1
-1 -1
-1 -1
-1 -1
1685 1685
1414 1414
-1 -1
-1 -1
1448 1448
-1 -1
-1 -1
-1 -1
-1 -1
759 760
-1 -1
-1 -1
-1 -1
-1 -1
-1 -1
-1 -1
-1 -1
-1 -1
-1 -1
-1 -1
512 512
-1 -1
-1 -1
-1 -1
-1 -1
-1 -1
-1 -1
-1 -1
-1 -1
-1 -1
-1 -1
1028 1028
-1 -1
-1 -1
-1 -1
-1 -1
-1 -1
-1 -1
-1 -1
-1 -1
-1 -1
1939 1939
-1 -1
-1 -1
1074 1074
-1 -1
-1 -1
709 709
-1 -1
-1 -1
-1 -1
-1 -1
-1 -1
115 115
-1 -1
-1 -1
-1 -1
1898 1898
1086 1086
857 858
-1 -1
-1 -1
-1 -1
-1 -1
-1 -1
-1 -1
866 866
-1 -1
-1 -1
-1 -1
-1 -1
-1 -1
-1 -1
-1 -1
1418 1418
-1 -1
1745 1745
-1 -1
-1 -1
-1 -1
-1 -1
-1 -1
-1 -1
-1 -1
-1 -1
-1 -1
212 212
839 839
-1 -1
-1 -1
-1 -1
493 493
-1 -1
-1 -1
-1 -1
-1 -1
-1 -1
-1 -1
-1 -1
-1 -1
815 815
-1 -1
-1 -1
-1 -1
-1 -1
-1 -1
-1 -1
-1 -1
-1 -1
1854 1854
-1 -1
-1 -1
-1 -1
-1 -1
-1 -1
-1 -1
-1 -1
-1 -1
-1 -1
1577 1577
-1 -1
-1 -1
-1 -1
1158 1158
1293 1293
-1 -1
-1 -1
-1 -1
879 879
-1 -1
-1 -1
-1 -1
-1 -1
-1 -1
-1 -1
-1 -1
-1 -1
-1 -1
-1 -1
210 210
-1 -1
-1 -1
-1 -1
-1 -1
-1 -1
-1 -1
-1 -1
172 172
-1 -1
-1 -1
-1 -1
-1 -1
-1 -1
-1 -1
-1 -1
-1 -1
926 926
-1 -1
-1 -1
-1 -1
900 900
-1 -1
-1 -1
-1 -1
1114 1114
-1 -1
-1 -1
-1 -1
-1 -1
-1 -1
-1 -1
-1 -1
-1 -1
-1 -1
290 290
-1 -1
964 964
-1 -1
-1 -1
-1 -1
1425 1425
-1 -1
1439 1439
-1 -1
-1 -1
746 746
-1 -1
-1 -1
-1 -1
-1 -1
-1 -1
-1 -1
-1 -1
-1 -1
-1 -1
1887 1887
-1 -1
3 3
744 745
-1 -1
-1 -1
-1 -1
-1 -1
-1 -1
-1 -1
-1 -1
-1 -1
960 960
321 321
-1 -1
-1 -1
1628 1628
-1 -1
-1 -1
-1 -1
-1 -1
-1 -1
-1 -1
-1 -1
693 693
-1 -1
2005 2005
-1 -1
1737 1737
-1 -1
-1 -1
-1 -1
504 504
-1 -1
641 641
-1 -1
-1 -1
-1 -1
-1 -1
1711 1711
-1 -1
-1 -1
-1 -1
1597 1597
-1 -1
-1 -1
1467 1468
-1 -1
-1 -1
-1 -1
572 572
-1 -1
-1 -1
1256 1256
-1 -1
-1 -1
1236 1236
-1 -1
1534 1534
1442 1442
567 567
-1 -1
566 566
-1 -1
-1 -1
-1 -1
-1 -1
99 99
442 442
-1 -1
-1 -1
-1 -1
-1 -1
-1 -1
1649 1649
37 37
393 393
-1 -1
514 514
-1 -1
1114 1114
-1 -1
-1 -1
-1 -1
-1 -1
-1 -1
-1 -1
-1 -1
1026 1027
-1 -1
-1 -1
1888 1888
494 494
-1 -1
-1 -1
-1 -1
-1 -1
-1 -1
-1 -1
-1 -1
-1 -1
2012 2012
-1 -1
-1 -1
-1 -1
-1 -1
-1 -1
-1 -1
-1 -1
-1 -1
-1 -1
-1 -1
-1 -1
-1 -1
-1 -1
1940 1941
-1 -1
-1 -1
600 600
-1 -1
-1 -1
-1 -1
-1 -1
-1 -1
-1 -1
-1 -1
1254 1254
-1 -1
-1 -1
-1 -1
-1 -1
-1 -1
1526 1526
-1 -1
-1 -1
452 454
-1 -1
-1 -1
303 303
-1 -1
-1 -1
-1 -1
-1 -1
-1 -1
1593 1593
728 728
-1 -1
1068 1068
-1 -1
-1 -1
-1 -1
-1 -1
-1 -1
52 52
-1 -1
1839 1839
-1 -1
1239 1239
-1 -1
-1 -1
1438 1438
-1 -1
-1 -1
-1 -1
-1 -1
-1 -1
1234 1235
1144 1144
-1 -1
-1 -1
-1 -1
904 904
-1 -1
71 71
-1 -1
-1 -1
-1 -1
464 464
-1 -1
-1 -1
-1 -1
-1 -1
2017 2017
-1 -1
-1 -1
-1 -1
-1 -1
-1 -1
1544 1544
216 216
-1 -1
-1 -1
-1 -1
-1 -1
-1 -1
-1 -1
-1 -1
-1 -1
-1 -1
-1 -1
-1 -1
-1 -1
-1 -1
-1 -1
-1 -1
-1 -1
-1 -1
225 225
-1 -1
-1 -1
-1 -1
-1 -1
-1 -1
-1 -1
-1 -1
-1 -1
-1 -1
-1 -1
-1 -1
-1 -1
1137 1137
-1 -1
-1 -1
-1 -1
-1 -1
-1 -1
1759 1759
-1 -1
-1 -1
1736 1736
591 591
-1 -1
1490 1490
-1 -1
-1 -1
-1 -1
-1 -1
-1 -1
418 418
-1 -1
-1 -1
-1 -1
-1 -1
227 227
-1 -1
-1 -1
-1 -1
-1 -1
-1 -1
-1 -1
-1 -1
-1 -1
1721 1721
-1 -1
-1 -1
1100 1100
-1 -1
-1 -1
-1 -1
1459 1459
-1 -1
-1 -1
-1 -1
613 613
133 133
-1 -1
-1 -1
-1 -1
-1 -1
1982 1982
-1 -1
-1 -1
-1 -1
1314 1314
1990 1990
1561 1561
1354 1354
-1 -1
-1 -1
-1 -1
-1 -1
1347 1347
-1 -1
-1 -1
-1 -1
-1 -1
-1 -1
-1 -1
1742 1742
-1 -1
-1 -1
1346 1346
-1 -1
-1 -1
641 641
-1 -1
1750 1750
-1 -1
-1 -1
-1 -1
-1 -1
-1 -1
1699 1699
-1 -1
-1 -1
-1 -1
-1 -1
-1 -1
-1 -1
-1 -1
-1 -1
-1 -1
-1 -1
-1 -1
-1 -1
-1 -1
-1 -1
-1 -1
-1 -1
-1 -1
-1 -1
1181 1181
-1 -1
-1 -1
-1 -1
-1 -1
-1 -1
-1 -1
-1 -1
906 907
-1 -1
1166 1166
-1 -1
-1 -1
-1 -1
1381 1381
-1 -1
-1 -1
-1 -1
-1 -1
-1 -1
1180 1180
-1 -1
-1 -1
145 146
1083 1084
-1 -1
-1 -1
-1 -1
-1 -1
-1 -1
-1 -1
846 846
-1 -1
1485 1485
-1 -1
-1 -1
1750 1750
-1 -1
-1 -1
1444 1444
-1 -1
-1 -1
1640 1640
-1 -1
-1 -1
-1 -1
-1 -1
-1 -1
-1 -1
-1 -1
-1 -1
1530 1530
-1 -1
-1 -1
-1 -1
-1 -1
-1 -1
2001 2001
-1 -1
-1 -1
-1 -1
1589 1589
-1 -1
-1 -1
-1 -1
-1 -1
-1 -1
-1 -1
-1 -1
-1 -1
-1 -1
-1 -1
-1 -1
-1 -1
-1 -1
-1 -1
-1 -1
-1 -1
1070 1070
-1 -1
-1 -1
-1 -1
-1 -1
1314 1314
1724 1724
-1 -1
-1 -1
-1 -1
-1 -1
-1 -1
-1 -1
-1 -1
-1 -1
-1 -1
-1 -1
-1 -1
-1 -1
-1 -1
-1 -1
-1 -1
-1 -1
-1 -1
-1 -1
1619 1619
-1 -1
-1 -1
-1 -1
-1 -1
-1 -1
1904 1904
-1 -1
-1 -1
1943 1943
-1 -1
-1 -1
-1 -1
-1 -1
-1 -1
-1 -1
-1 -1
204 204
229 229
-1 -1
-1 -1
1819 1819
-1 -1
-1 -1
-1 -1
-1 -1
-1 -1
-1 -1
-1 -1
1739 1739
680 680
-1 -1
-1 -1
1601 1601
-1 -1
389 389
-1 -1
571 571
-1 -1
-1 -1
-1 -1
-1 -1
1164 1164
-1 -1
-1 -1
-1 -1
-1 -1
-1 -1
-1 -1
-1 -1
-1 -1
-1 -1
-1 -1
-1 -1
-1 -1
-1 -1
-1 -1
-1 -1
-1 -1
1068 1068
-1 -1
-1 -1
-1 -1
583 583
-1 -1
-1 -1
-1 -1
-1 -1
-1 -1
-1 -1
-1 -1
-1 -1
-1 -1
1921 1922
1288 1288
-1 -1
-1 -1
-1 -1
-1 -1
-1 -1
-1 -1
-1 -1
999 1000
-1 -1
-1 -1
-1 -1
-1 -1
-1 -1
-1 -1
-1 -1
-1 -1
-1 -1
-1 -1
-1 -1
-1 -1
-1 -1
-1 -1
-1 -1
-1 -1
-1 -1
285 285
-1 -1
-1 -1
-1 -1
-1 -1
-1 -1
-1 -1
726 726
1033 1033
-1 -1
2011 2011
-1 -1
-1 -1
-1 -1
-1 -1
-1 -1
-1 -1
-1 -1
-1 -1
-1 -1
-1 -1
-1 -1
1371 1371
-1 -1
-1 -1
-1 -1
-1 -1
-1 -1
1148 1148
-1 -1
-1 -1
-1 -1
-1 -1
-1 -1
-1 -1
-1 -1
-1 -1
-1 -1
-1 -1
-1 -1
-1 -1
-1 -1
-1 -1
-1 -1
-1 -1
-1 -1
-1 -1
-1 -1
-1 -1
1017 1017
-1 -1
1919 1919
-1 -1
-1 -1
-1 -1
234 234
-1 -1
-1 -1
-1 -1
-1 -1
-1 -1
-1 -1
-1 -1
-1 -1
-1 -1
-1 -1
-1 -1
-1 -1
-1 -1
-1 -1
-1 -1
-1 -1
143 143
-1 -1
-1 -1
-1 -1
-1 -1
-1 -1
-1 -1
-1 -1
-1 -1
634 634
-1 -1
-1 -1
-1 -1
-1 -1
-1 -1
-1 -1
314 315
-1 -1
-1 -1
-1 -1
-1 -1
-1 -1
-1 -1
-1 -1
-1 -1
-1 -1
-1 -1
-1 -1
-1 -1
-1 -1
1851 1851
-1 -1
-1 -1
-1 -1
-1 -1
638 638
-1 -1
-1 -1
1659 1660
-1 -1
1023 1024
-1 -1
-1 -1
-1 -1
1600 1600
-1 -1
-1 -1
-1 -1
-1 -1
-1 -1
-1 -1
-1 -1
-1 -1
-1 -1
-1 -1
-1 -1
-1 -1
706 706
463 463
-1 -1
935 935
-1 -1
-1 -1
-1 -1
-1 -1
-1 -1
-1 -1
-1 -1
703 703
-1 -1
-1 -1
-1 -1
-1 -1
-1 -1
733 734
1853 1853
287 287
76 76
-1 -1
-1 -1
-1 -1
-1 -1
1339 1339
-1 -1
-1 -1
-1 -1
-1 -1
961 961
-1 -1
-1 -1
1073 1073
-1 -1
1947 1947
1628 1628
-1 -1
-1 -1
-1 -1
-1 -1
-1 -1
-1 -1
-1 -1
-1 -1
-1 -1
-1 -1
-1 -1
-1 -1
473 475
-1 -1
-1 -1
-1 -1
-1 -1
729 729
-1 -1
507 507
-1 -1
-1 -1
-1 -1
-1 -1
-1 -1
-1 -1
-1 -1
1557 1557
-1 -1
-1 -1
-1 -1
-1 -1
-1 -1
-1 -1
-1 -1
621 622
-1 -1
-1 -1
-1 -1
-1 -1
-1 -1
461 461
-1 -1
-1 -1
-1 -1
-1 -1
-1 -1
183 183
-1 -1
-1 -1
-1 -1
-1 -1
-1 -1
165 165
-1 -1
1578 1578
-1 -1
-1 -1
-1 -1
-1 -1
-1 -1
-1 -1
-1 -1
-1 -1
-1 -1
133 133
-1 -1
-1 -1
-1 -1
-1 -1
-1 -1
-1 -1
-1 -1
-1 -1
-1 -1
-1 -1
-1 -1
-1 -1
-1 -1
-1 -1
113 113
1127 1127
-1 -1
-1 -1
-1 -1
-1 -1
-1 -1
-1 -1
-1 -1
-1 -1
-1 -1
-1 -1
-1 -1
-1 -1
-1 -1
1969 1969
1237 1237
-1 -1
-1 -1
-1 -1
-1 -1
2017 2017
-1 -1
-1 -1
1705 1705
-1 -1
-1 -1
-1 -1
-1 -1
2012 2012
-1 -1
-1 -1
-1 -1
-1 -1
-1 -1
-1 -1
477 477
-1 -1
469 469
-1 -1
-1 -1
-1 -1
-1 -1
846 846
-1 -1
670 670
-1 -1
115 115
-1 -1
510 510
1275 1275
-1 -1
1583 1583
1833 1833
-1 -1
-1 -1
-1 -1
-1 -1
-1 -1
-1 -1
1140 1140
-1 -1
-1 -1
-1 -1
-1 -1
-1 -1
-1 -1
-1 -1
-1 -1
-1 -1
-1 -1
328 328
-1 -1
-1 -1
-1 -1
-1 -1
-1 -1
1315 1315
-1 -1
-1 -1
-1 -1
-1 -1
-1 -1
286 286
-1 -1
-1 -1
941 941
-1 -1
-1 -1
-1 -1
-1 -1
-1 -1
-1 -1
-1 -1
-1 -1
-1 -1
-1 -1
-1 -1
-1 -1
-1 -1
-1 -1
-1 -1
-1 -1
-1 -1
-1 -1
1313 1313
-1 -1
-1 -1
1574 1574
-1 -1
-1 -1
-1 -1
-1 -1
-1 -1
779 779
-1 -1
-1 -1
-1 -1
-1 -1
431 431
-1 -1
-1 -1
-1 -1
-1 -1
-1 -1
-1 -1
-1 -1
-1 -1
-1 -1
-1 -1
-1 -1
979 979
-1 -1
-1 -1
-1 -1
1362 1362
986 986
-1 -1
-1 -1
-1 -1
-1 -1
-1 -1
-1 -1
-1 -1
-1 -1
-1 -1
195 195
-1 -1
-1 -1
-1 -1
-1 -1
-1 -1
-1 -1
-1 -1
-1 -1
699 699
-1 -1
-1 -1
-1 -1
-1 -1
1916 1916
-1 -1
-1 -1
-1 -1
-1 -1
-1 -1
1942 1942
382 382
-1 -1
-1 -1
242 242
-1 -1
-1 -1
1082 1082
-1 -1
-1 -1
1294 1294
1601 1601
786 786
-1 -1
-1 -1
-1 -1
1020 1020
-1 -1
-1 -1
-1 -1
-1 -1
-1 -1
-1 -1
-1 -1
-1 -1
201 201
-1 -1
-1 -1
-1 -1
-1 -1
-1 -1
1447 1447
332 332
-1 -1
-1 -1
-1 -1
1806 1806
-1 -1
-1 -1
-1 -1
-1 -1
-1 -1
-1 -1
-1 -1
637 637
-1 -1
-1 -1
-1 -1
-1 -1
-1 -1
-1 -1
53 53
-1 -1
-1 -1
-1 -1
1564 1566
1703 1703
-1 -1
-1 -1
-1 -1
-1 -1
-1 -1
-1 -1
-1 -1
-1 -1
-1 -1
-1 -1
-1 -1
-1 -1
1049 1049
-1 -1
-1 -1
-1 -1
-1 -1
-1 -1
-1 -1
1385 1386
-1 -1
-1 -1
-1 -1
-1 -1
-1 -1
-1 -1
-1 -1
-1 -1
-1 -1
1487 1487
-1 -1
983 983
-1 -1
1994 1994
-1 -1
1780 1780
-1 -1
-1 -1
-1 -1
-1 -1
-1 -1
-1 -1
-1 -1
-1 -1
-1 -1
-1 -1
-1 -1
-1 -1
-1 -1
-1 -1
-1 -1
-1 -1
-1 -1
-1 -1
-1 -1
-1 -1
-1 -1
-1 -1
-1 -1
1001 1001
-1 -1
559 559
-1 -1
-1 -1
-1 -1
-1 -1
-1 -1
-1 -1
-1 -1
-1 -1
-1 -1
-1 -1
-1 -1
-1 -1
-1 -1
-1 -1
-1 -1
-1 -1
-1 -1
-1 -1
-1 -1
-1 -1
-1 -1
-1 -1
-1 -1
-1 -1
-1 -1
-1 -1
-1 -1
-1 -1
-1 -1
-1 -1
-1 -1
-1 -1
-1 -1
-1 -1
-1 -1
-1 -1
-1 -1
788 788
-1 -1
1675 1676
-1 -1
-1 -1
-1 -1
-1 -1
-1 -1
823 823
-1 -1
-1 -1
-1 -1
-1 -1
-1 -1
-1 -1
-1 -1
-1 -1
-1 -1
-1 -1
-1 -1
-1 -1
-1 -1
-1 -1
-1 -1
-1 -1
-1 -1
-1 -1
19 19
-1 -1
-1 -1
-1 -1
-1 -1
1582 1582
-1 -1
-1 -1
-1 -1
-1 -1
-1 -1
-1 -1
-1 -1
-1 -1
-1 -1
-1 -1
846 846
-1 -1
-1 -1
1531 1532
-1 -1
-1 -1
-1 -1
-1 -1
-1 -1
-1 -1
-1 -1
773 773
-1 -1
-1 -1
-1 -1
-1 -1
1913 1913
-1 -1
-1 -1
-1 -1
-1 -1
-1 -1
-1 -1
1216 1216
-1 -1
-1 -1
-1 -1
-1 -1
-1 -1
-1 -1
-1 -1
-1 -1
-1 -1
-1 -1
-1 -1
-1 -1
-1 -1
1271 1271
-1 -1
-1 -1
-1 -1
-1 -1
2003 2003
-1 -1
-1 -1
-1 -1
-1 -1
-1 -1
-1 -1
-1 -1
-1 -1
-1 -1
-1 -1
-1 -1
1350 1350
-1 -1
-1 -1
-1 -1
-1 -1
-1 -1
-1 -1
-1 -1
-1 -1
-1 -1
-1 -1
1372 1373
-1 -1
-1 -1
-1 -1
-1 -1
-1 -1
-1 -1
-1 -1
807 807
-1 -1
-1 -1
1703 1703
-1 -1
-1 -1
-1 -1
-1 -1
-1 -1
1678 1679
-1 -1
-1 -1
-1 -1
-1 -1
-1 -1
-1 -1
-1 -1
954 954
-1 -1
1577 1577
-1 -1
-1 -1
308 308
-1 -1
-1 -1
962 962
-1 -1
-1 -1
737 737
-1 -1
-1 -1
3 3
934 934
-1 -1
-1 -1
257 257
-1 -1
-1 -1
-1 -1
-1 -1
-1 -1
-1 -1
1506 1507
-1 -1
-1 -1
-1 -1
-1 -1
-1 -1
887 887
-1 -1
-1 -1
349 349
-1 -1
1451 1451
1610 1610
-1 -1
-1 -1
-1 -1
-1 -1
-1 -1
-1 -1
-1 -1
-1 -1
995 995
-1 -1
-1 -1
773 773
-1 -1
-1 -1
-1 -1
-1 -1
-1 -1
-1 -1
-1 -1
-1 -1
-1 -1
1769 1769
224 224
-1 -1
-1 -1
1952 1952
-1 -1
903 903
-1 -1
-1 -1
1116 1116
-1 -1
1505 1505
-1 -1
-1 -1
-1 -1
-1 -1
-1 -1
1692 1693
-1 -1
-1 -1
-1 -1
-1 -1
-1 -1
-1 -1
1313 1313
-1 -1
911 911
1348 1348
452 454
-1 -1
-1 -1
-1 -1
-1 -1
-1 -1
-1 -1
-1 -1
-1 -1
-1 -1
-1 -1
-1 -1
891 891
1892 1892
479 479
-1 -1
-1 -1
-1 -1
-1 -1
-1 -1
590 590
-1 -1
-1 -1
-1 -1
-1 -1
-1 -1
-1 -1
-1 -1
-1 -1
-1 -1
-1 -1
-1 -1
1368 1368
-1 -1
-1 -1
-1 -1
263 263
-1 -1
-1 -1
-1 -1
-1 -1
-1 -1
1612 1612
-1 -1
-1 -1
-1 -1
-1 -1
-1 -1
720 720
-1 -1
-1 -1
-1 -1
-1 -1
-1 -1
232 232
-1 -1
-1 -1
-1 -1
-1 -1
-1 -1
-1 -1
-1 -1
-1 -1
-1 -1
-1 -1
-1 -1
-1 -1
-1 -1
-1 -1
-1 -1
-1 -1
-1 -1
-1 -1
-1 -1
-1 -1
-1 -1
898 898
589 589
-1 -1
88 88
-1 -1
853 853
-1 -1
-1 -1
-1 -1
-1 -1
-1 -1
-1 -1
-1 -1
1364 1364
-1 -1
-1 -1
-1 -1
1394 1394
-1 -1
-1 -1
-1 -1
-1 -1
-1 -1
-1 -1
-1 -1
-1 -1
1270 1270
-1 -1
-1 -1
-1 -1
-1 -1
307 307
1915 1915
-1 -1
-1 -1
1506 1507
-1 -1
-1 -1
1454 1454
-1 -1
-1 -1
-1 -1
-1 -1
-1 -1
-1 -1
-1 -1
-1 -1
-1 -1
-1 -1
-1 -1
580 580
-1 -1
-1 -1
1321 1321
-1 -1
-1 -1
-1 -1
-1 -1
-1 -1
-1 -1
-1 -1
-1 -1
1111 1111
-1 -1
1492 1492
-1 -1
-1 -1
-1 -1
-1 -1
-1 -1
-1 -1
-1 -1
-1 -1
-1 -1
1749 1749
1641 1642
-1 -1
-1 -1
-1 -1
-1 -1
-1 -1
-1 -1
-1 -1
-1 -1
-1 -1
-1 -1
-1 -1
-1 -1
319 319
-1 -1
-1 -1
1933 1933
-1 -1
-1 -1
-1 -1
1518 1518
-1 -1
-1 -1
-1 -1
1810 1810
-1 -1
306 306
-1 -1
1687 1687
-1 -1
-1 -1
1048 1048
-1 -1
-1 -1
-1 -1
-1 -1
-1 -1
-1 -1
-1 -1
-1 -1
-1 -1
-1 -1
-1 -1
17 17
-1 -1
1294 1294
-1 -1
957 957
-1 -1
-1 -1
-1 -1
1919 1919
-1 -1
1924 1924
-1 -1
-1 -1
-1 -1
-1 -1
-1 -1
-1 -1
1494 1494
-1 -1
-1 -1
-1 -1
-1 -1
-1 -1
-1 -1
-1 -1
-1 -1
-1 -1
-1 -1
-1 -1
-1 -1
1202 1202
-1 -1
-1 -1
-1 -1
328 328
-1 -1
-1 -1
1131 1131
-1 -1
-1 -1
-1 -1
656 656
-1 -1
-1 -1
274 274
-1 -1
1184 1184
-1 -1
-1 -1
-1 -1
-1 -1
567 567
-1 -1
-1 -1
-1 -1
704 704
-1 -1
-1 -1
-1 -1
153 153
-1 -1
-1 -1
1630 1630
-1 -1
-1 -1
-1 -1
-1 -1
-1 -1
-1 -1
-1 -1
-1 -1
-1 -1
626 626
-1 -1
1736 1736
-1 -1
316 316
-1 -1
-1 -1
281 281
-1 -1
1379 1379
-1 -1
-1 -1
-1 -1
-1 -1
-1 -1
-1 -1
-1 -1
-1 -1
-1 -1
1347 1347
-1 -1
-1 -1
-1 -1
-1 -1
-1 -1
-1 -1
-1 -1
-1 -1
-1 -1
909 909
-1 -1
-1 -1
-1 -1
-1 -1
-1 -1
-1 -1
-1 -1
-1 -1
679 679
-1 -1
-1 -1
2013 2013
-1 -1
-1 -1
-1 -1
428 428
1436 1436
-1 -1
-1 -1
-1 -1
1114 1114
1972 1972
1845 1845
271 271
-1 -1
-1 -1
274 274
-1 -1
-1 -1
-1 -1
-1 -1
-1 -1
-1 -1
680 680
-1 -1
-1 -1
-1 -1
-1 -1
1232 1232
-1 -1
-1 -1
-1 -1
1499 1500
1552 1552
-1 -1
-1 -1
-1 -1
-1 -1
1334 1334
-1 -1
-1 -1
-1 -1
-1 -1
-1 -1
369 369
-1 -1
1093 1093
-1 -1
-1 -1
-1 -1
-1 -1
-1 -1
-1 -1
-1 -1
-1 -1
-1 -1
-1 -1
-1 -1
-1 -1
1924 1924
-1 -1
-1 -1
-1 -1
-1 -1
179 179
1835 1836
-1 -1
-1 -1
-1 -1
-1 -1
-1 -1
-1 -1
-1 -1
-1 -1
-1 -1
-1 -1
-1 -1
492 492
-1 -1
-1 -1
-1 -1
357 357
-1 -1
-1 -1
1963 1963
-1 -1
-1 -1
-1 -1
-1 -1
-1 -1
-1 -1
-1 -1
-1 -1
1253 1253
-1 -1
-1 -1
-1 -1
-1 -1
-1 -1
-1 -1
-1 -1
-1 -1
-1 -1
1650 1651
396 396
256 256
-1 -1
-1 -1
-1 -1
-1 -1
1671 1671
-1 -1
-1 -1
-1 -1
-1 -1
-1 -1
-1 -1
1480 1480
-1 -1
-1 -1
-1 -1
-1 -1
-1 -1
-1 -1
-1 -1
-1 -1
-1 -1
-1 -1
-1 -1
778 778
-1 -1
-1 -1
-1 -1
578 578
-1 -1
-1 -1
-1 -1
-1 -1
-1 -1
1915 1915
-1 -1
-1 -1
1187 1187
-1 -1
1562 1563
-1 -1
-1 -1
-1 -1
-1 -1
-1 -1
211 211
-1 -1
-1 -1
-1 -1
-1 -1
-1 -1
-1 -1
-1 -1
344 344
-1 -1
-1 -1
1100 1100
-1 -1
-1 -1
-1 -1
-1 -1
-1 -1
-1 -1
-1 -1
-1 -1
-1 -1
-1 -1
321 321
847 847
-1 -1
-1 -1
-1 -1
-1 -1
-1 -1
-1 -1
1467 1468
-1 -1
224 224
1355 1355
1204 1204
-1 -1
-1 -1
-1 -1
-1 -1
-1 -1
376 376
-1 -1
-1 -1
158 158
-1 -1
-1 -1
-1 -1
-1 -1
-1 -1
-1 -1
-1 -1
1699 1699
-1 -1
-1 -1
-1 -1
-1 -1
-1 -1
-1 -1
1052 1053
-1 -1
-1 -1
1527 1527
92 92
1779 1779
-1 -1
500 500
-1 -1
-1 -1
-1 -1
1650 1651
-1 -1
-1 -1
644 644
-1 -1
-1 -1
-1 -1
-1 -1
1174 1174
-1 -1
-1 -1
-1 -1
1529 1529
-1 -1
-1 -1
-1 -1
-1 -1
-1 -1
-1 -1
-1 -1
-1 -1
-1 -1
-1 -1
-1 -1
-1 -1
-1 -1
1143 1143
-1 -1
-1 -1
98 98
-1 -1
-1 -1
-1 -1
-1 -1
-1 -1
-1 -1
-1 -1
1550 1550
-1 -1
-1 -1
239 239
1452 1453
-1 -1
-1 -1
-1 -1
-1 -1
-1 -1
-1 -1
-1 -1
-1 -1
-1 -1
-1 -1
-1 -1
-1 -1
1348 1348
-1 -1
-1 -1
-1 -1
-1 -1
-1 -1
-1 -1
-1 -1
-1 -1
1056 1057
-1 -1
-1 -1
-1 -1
-1 -1
1678 1679
-1 -1
-1 -1
125 125
-1 -1
-1 -1
-1 -1
-1 -1
-1 -1
-1 -1
-1 -1
1513 1513
-1 -1
1835 1836
-1 -1
997 997
860 860
-1 -1
1190 1190
-1 -1
1232 1232
-1 -1
-1 -1
-1 -1
-1 -1
-1 -1
-1 -1
-1 -1
1557 1557
-1 -1
-1 -1
1695 1695
1466 1466
-1 -1
-1 -1
-1 -1
-1 -1
999 1000
-1 -1
-1 -1
-1 -1
-1 -1
-1 -1
-1 -1
-1 -1
-1 -1
-1 -1
-1 -1
-1 -1
-1 -1
-1 -1
-1 -1
-1 -1
-1 -1
-1 -1
-1 -1
-1 -1
-1 -1
-1 -1
-1 -1
-1 -1
1812 1812
-1 -1
-1 -1
-1 -1
-1 -1
-1 -1
-1 -1
-1 -1
-1 -1
-1 -1
-1 -1
-1 -1
-1 -1
-1 -1
-1 -1
-1 -1
-1 -1
-1 -1
-1 -1
-1 -1
-1 -1
-1 -1
-1 -1
-1 -1
-1 -1
-1 -1
861 861
-1 -1
-1 -1
-1 -1
-1 -1
-1 -1
-1 -1
-1 -1
-1 -1
-1 -1
-1 -1
-1 -1
82 82
-1 -1
-1 -1
1759 1759
-1 -1
1996 1998
-1 -1
-1 -1
-1 -1
1081 1081
-1 -1
-1 -1
-1 -1
-1 -1
-1 -1
-1 -1
-1 -1
-1 -1
-1 -1
-1 -1
-1 -1
-1 -1
-1 -1
-1 -1
-1 -1
513 513
-1 -1
-1 -1
1 1
-1 -1
-1 -1
-1 -1
-1 -1
-1 -1
-1 -1
-1 -1
-1 -1
-1 -1
1240 1240
-1 -1
-1 -1
-1 -1
-1 -1
-1 -1
1572 1572
-1 -1
-1 -1
-1 -1
-1 -1
1680 1681
-1 -1
-1 -1
1086 1086
-1 -1
-1 -1
-1 -1
-1 -1
-1 -1
1975 1975
450 450
-1 -1
1038 1038
-1 -1
-1 -1
-1 -1
-1 -1
-1 -1
-1 -1
-1 -1
-1 -1
-1 -1
-1 -1
-1 -1
-1 -1
96 96
-1 -1
-1 -1
-1 -1
-1 -1
-1 -1
-1 -1
-1 -1
-1 -1
-1 -1
-1 -1
-1 -1
-1 -1
-1 -1
-1 -1
-1 -1
381 381
-1 -1
1840 1840
-1 -1
-1 -1
-1 -1
-1 -1
-1 -1
1073 1073
-1 -1
-1 -1
-1 -1
577 577
-1 -1
-1 -1
-1 -1
-1 -1
391 391
-1 -1
-1 -1
-1 -1
-1 -1
-1 -1
-1 -1
-1 -1
-1 -1
1504 1504
2023 39640
1911 1911
-1 -1
-1 -1
-1 -1
-1 -1
-1 -1
-1 -1
-1 -1
-1 -1
-1 -1
-1 -1
-1 -1
-1 -1
324 324
-1 -1
-1 -1
-1 -1
-1 -1
-1 -1
-1 -1
138 138
-1 -1
1067 1067
-1 -1
-1 -1
-1 -1
-1 -1
-1 -1
-1 -1
-1 -1
-1 -1
153 153
-1 -1
1772 1772
-1 -1
154 154
855 855
-1 -1
-1 -1
-1 -1
-1 -1
-1 -1
-1 -1
-1 -1
-1 -1
-1 -1
-1 -1
-1 -1
-1 -1
-1 -1
-1 -1
-1 -1
-1 -1
1462 1462
-1 -1
1760 1760
-1 -1
-1 -1
-1 -1
-1 -1
-1 -1
-1 -1
-1 -1
-1 -1
-1 -1
-1 -1
-1 -1
1393 1393
-1 -1
-1 -1
-1 -1
-1 -1
236 236
-1 -1
-1 -1
-1 -1
-1 -1
-1 -1
-1 -1
1530 1530
-1 -1
-1 -1
-1 -1
723 723
283 284
-1 -1
-1 -1
-1 -1
1838 1838
-1 -1
-1 -1
-1 -1
-1 -1
-1 -1
-1 -1
-1 -1
768 768
-1 -1
-1 -1
-1 -1
-1 -1
-1 -1
-1 -1
-1 -1
-1 -1
-1 -1
-1 -1
222 222
-1 -1
-1 -1
1639 1639
-1 -1
-1 -1
-1 -1
1760 1760
-1 -1
-1 -1
-1 -1
-1 -1
-1 -1
-1 -1
-1 -1
1210 1211
-1 -1
-1 -1
-1 -1
-1 -1
-1 -1
-1 -1
-1 -1
-1 -1
408 408
-1 -1
-1 -1
-1 -1
-1 -1
927 927
1351 1351
1797 1797
-1 -1
-1 -1
-1 -1
-1 -1
-1 -1
161 161
-1 -1
-1 -1
-1 -1
-1 -1
-1 -1
254 254
-1 -1
-1 -1
-1 -1
-1 -1
-1 -1
-1 -1
-1 -1
-1 -1
-1 -1
-1 -1
-1 -1
1860 1860
-1 -1
-1 -1
-1 -1
-1 -1
-1 -1
421 421
1601 1601
-1 -1
295 295
1862 1863
82 82
-1 -1
-1 -1
175 175
-1 -1
-1 -1
640 640
1026 1027
-1 -1
-1 -1
-1 -1
-1 -1
-1 -1
-1 -1
-1 -1
-1 -1
-1 -1
-1 -1
-1 -1
-1 -1
-1 -1
-1 -1
-1 -1
1019 1019
-1 -1
367 367
1332 1332
-1 -1
1043 1043
-1 -1
-1 -1
-1 -1
-1 -1
-1 -1
-1 -1
-1 -1
-1 -1
1830 1832
1954 1954
-1 -1
1505 1505
-1 -1
-1 -1
-1 -1
-1 -1
-1 -1
505 506
799 799
-1 -1
-1 -1
-1 -1
-1 -1
-1 -1
-1 -1
-1 -1
-1 -1
-1 -1
-1 -1
-1 -1
-1 -1
-1 -1
-1 -1
-1 -1
-1 -1
1289 1289
-1 -1
-1 -1
-1 -1
-1 -1
1203 1203
-1 -1
1743 1743
-1 -1
-1 -1
1374 1374
-1 -1
-1 -1
-1 -1
-1 -1
-1 -1
231 231
441 441
-1 -1
447 447
289 289
-1 -1
-1 -1
-1 -1
-1 -1
-1 -1
1228 1229
-1 -1
-1 -1
-1 -1
1159 1160
-1 -1
1071 1071
-1 -1
-1 -1
1910 1910
-1 -1
1296 1296
-1 -1
-1 -1
-1 -1
-1 -1
-1 -1
1688 1688
-1 -1
1517 1517
1469 1469
-1 -1
-1 -1
-1 -1
-1 -1
-1 -1
-1 -1
-1 -1
-1 -1
-1 -1
871 871
-1 -1
-1 -1
1385 1386
-1 -1
-1 -1
-1 -1
-1 -1
-1 -1
-1 -1
-1 -1
692 692
-1 -1
-1 -1
-1 -1
-1 -1
-1 -1
1222 1222
1618 1618
-1 -1
-1 -1
-1 -1
-1 -1
-1 -1
-1 -1
-1 -1
-1 -1
-1 -1
-1 -1
-1 -1
-1 -1
-1 -1
-1 -1
-1 -1
894 894
-1 -1
-1 -1
266 266
1959 1959
-1 -1
940 940
-1 -1
1644 1644
-1 -1
-1 -1
-1 -1
-1 -1
-1 -1
-1 -1
1987 1987
627 627
-1 -1
1935 1935
-1 -1
-1 -1
-1 -1
-1 -1
-1 -1
-1 -1
-1 -1
-1 -1
2014 2014
-1 -1
-1 -1
-1 -1
-1 -1
621 622
1943 1943
-1 -1
-1 -1
-1 -1
-1 -1
415 415
-1 -1
-1 -1
162 162
-1 -1
1766 1766
-1 -1
-1 -1
-1 -1
1980 1980
783 783
-1 -1
1200 1200
-1 -1
112 112
-1 -1
-1 -1
-1 -1
-1 -1
-1 -1
-1 -1
-1 -1
1853 1853
-1 -1
-1 -1
-1 -1
-1 -1
-1 -1
-1 -1
-1 -1
-1 -1
-1 -1
-1 -1
-1 -1
-1 -1
-1 -1
-1 -1
-1 -1
73 73
-1 -1
-1 -1
1115 1115
-1 -1
-1 -1
-1 -1
-1 -1
904 904
-1 -1
-1 -1
1839 1839
-1 -1
-1 -1
-1 -1
-1 -1
-1 -1
-1 -1
-1 -1
-1 -1
-1 -1
-1 -1
-1 -1
-1 -1
-1 -1
-1 -1
-1 -1
-1 -1
-1 -1
-1 -1
-1 -1
-1 -1
675 675
-1 -1
-1 -1
-1 -1
-1 -1
-1 -1
-1 -1
1215 1215
-1 -1
-1 -1
-1 -1
-1 -1
-1 -1
-1 -1
-1 -1
-1 -1
-1 -1
-1 -1
-1 -1
-1 -1
-1 -1
-1 -1
-1 -1
1128 1128
-1 -1
-1 -1
-1 -1
-1 -1
912 912
-1 -1
-1 -1
-1 -1
-1 -1
-1 -1
42 42
-1 -1
-1 -1
-1 -1
-1 -1
-1 -1
-1 -1
-1 -1
767 767
-1 -1
-1 -1
-1 -1
-1 -1
-1 -1
-1 -1
1371 1371
-1 -1
-1 -1
-1 -1
-1 -1
-1 -1
-1 -1
639 639
-1 -1
-1 -1
-1 -1
-1 -1
-1 -1
-1 -1
158 158
574 574
-1 -1
-1 -1
-1 -1
-1 -1
-1 -1
-1 -1
-1 -1
-1 -1
-1 -1
-1 -1
-1 -1
553 553
-1 -1
120 120
-1 -1
-1 -1
-1 -1
-1 -1
-1 -1
-1 -1
-1 -1
-1 -1
404 404
-1 -1
-1 -1
-1 -1
-1 -1
1696 1696
-1 -1
-1 -1
-1 -1
-1 -1
-1 -1
-1 -1
-1 -1
-1 -1
-1 -1
543 543
-1 -1
2018 2018
-1 -1
-1 -1
-1 -1
-1 -1
434 434
1302 1302
-1 -1
-1 -1
-1 -1
-1 -1
651 652
-1 -1
-1 -1
-1 -1
844 844
-1 -1
-1 -1
-1 -1
1706 1706
-1 -1
-1 -1
-1 -1
1860 1860
-1 -1
-1 -1
-1 -1
-1 -1
1564 1566
489 489
95 95
2004 2004
-1 -1
713 714
-1 -1
-1 -1
-1 -1
-1 -1
-1 -1
1168 1168
-1 -1
-1 -1
-1 -1
-1 -1
-1 -1
-1 -1
-1 -1
1314 1314
-1 -1
-1 -1
-1 -1
-1 -1
-1 -1
-1 -1
902 902
1886 1886
1673 1673
-1 -1
-1 -1
-1 -1
1006 1006
-1 -1
-1 -1
-1 -1
-1 -1
-1 -1
-1 -1
-1 -1
-1 -1
161 161
-1 -1
-1 -1
949 949
-1 -1
-1 -1
-1 -1
-1 -1
-1 -1
1580 1580
-1 -1
744 745
398 398
-1 -1
-1 -1
-1 -1
-1 -1
-1 -1
-1 -1
-1 -1
-1 -1
-1 -1
-1 -1
-1 -1
-1 -1
-1 -1
-1 -1
-1 -1
-1 -1
-1 -1
-1 -1
-1 -1
-1 -1
-1 -1
909 909
-1 -1
-1 -1
-1 -1
1630 1630
1321 1321
626 626
-1 -1
-1 -1
276 276
-1 -1
-1 -1
-1 -1
1943 1943
-1 -1
-1 -1
-1 -1
-1 -1
-1 -1
-1 -1
-1 -1
-1 -1
-1 -1
1886 1886
-1 -1
-1 -1
-1 -1
-1 -1
-1 -1
-1 -1
-1 -1
-1 -1
1089 1089
-1 -1
-1 -1
-1 -1
-1 -1
-1 -1
-1 -1
-1 -1
-1 -1
-1 -1
118 119
-1 -1
-1 -1
-1 -1
-1 -1
-1 -1
-1 -1
-1 -1
641 641
-1 -1
-1 -1
-1 -1
-1 -1
-1 -1
-1 -1
-1 -1
219 219
-1 -1
-1 -1
1223 1224
-1 -1
-1 -1
644 644
-1 -1
1547 1547
-1 -1
-1 -1
-1 -1
-1 -1
-1 -1
1184 1184
-1 -1
-1 -1
557 557
1841 1841
-1 -1
-1 -1
-1 -1
-1 -1
-1 -1
-1 -1
-1 -1
-1 -1
1854 1854
-1 -1
-1 -1
-1 -1
-1 -1
-1 -1
-1 -1
-1 -1
-1 -1
-1 -1
1269 1269
-1 -1
226 226
-1 -1
-1 -1
-1 -1
-1 -1
-1 -1
-1 -1
-1 -1
-1 -1
-1 -1
-1 -1
-1 -1
-1 -1
121 121
1641 1642
-1 -1
-1 -1
-1 -1
-1 -1
-1 -1
-1 -1
-1 -1
-1 -1
-1 -1
-1 -1
-1 -1
-1 -1
-1 -1
-1 -1
-1 -1
-1 -1
-1 -1
-1 -1
-1 -1
-1 -1
20 20
-1 -1
-1 -1
-1 -1
-1 -1
-1 -1
1398 1398
-1 -1
-1 -1
-1 -1
-1 -1
1492 1492
-1 -1
-1 -1
-1 -1
-1 -1
-1 -1
-1 -1
-1 -1
1370 1370
-1 -1
-1 -1
-1 -1
-1 -1
-1 -1
-1 -1
-1 -1
-1 -1
-1 -1
309 309
88 88
-1 -1
-1 -1
-1 -1
606 606
-1 -1
-1 -1
1131 1131
-1 -1
-1 -1
-1 -1
-1 -1
-1 -1
-1 -1
-1 -1
-1 -1
-1 -1
-1 -1
-1 -1
-1 -1
1191 1191
-1 -1
-1 -1
-1 -1
-1 -1
-1 -1
-1 -1
-1 -1
-1 -1
1921 1922
-1 -1
-1 -1
-1 -1
-1 -1
-1 -1
-1 -1
-1 -1
-1 -1
-1 -1
-1 -1
-1 -1
-1 -1
-1 -1
-1 -1
-1 -1
-1 -1
-1 -1
778 778
-1 -1
-1 -1
-1 -1
-1 -1
-1 -1
-1 -1
-1 -1
-1 -1
-1 -1
-1 -1
-1 -1
-1 -1
-1 -1
-1 -1
-1 -1
-1 -1
-1 -1
-1 -1
-1 -1
-1 -1
-1 -1
-1 -1
-1 -1
-1 -1
-1 -1
148 148
-1 -1
1865 1865
-1 -1
-1 -1
-1 -1
1132 1132
1873 1873
469 469
-1 -1
-1 -1
-1 -1
-1 -1
-1 -1
-1 -1
1129 1129
-1 -1
-1 -1
-1 -1
-1 -1
-1 -1
-1 -1
-1 -1
-1 -1
-1 -1
-1 -1
-1 -1
-1 -1
-1 -1
-1 -1
-1 -1
-1 -1
-1 -1
-1 -1
1932 1932
-1 -1
-1 -1
-1 -1
-1 -1
-1 -1
-1 -1
-1 -1
-1 -1
-1 -1
-1 -1
-1 -1
-1 -1
-1 -1
-1 -1
-1 -1
-1 -1
-1 -1
-1 -1
-1 -1
-1 -1
538 538
-1 -1
-1 -1
-1 -1
-1 -1
-1 -1
-1 -1
-1 -1
-1 -1
-1 -1
-1 -1
-1 -1
-1 -1
-1 -1
1133 1133
-1 -1
-1 -1
-1 -1
-1 -1
210 210
-1 -1
-1 -1
967 967
-1 -1
-1 -1
-1 -1
-1 -1
-1 -1
1485 1485
-1 -1
-1 -1
-1 -1
-1 -1
-1 -1
-1 -1
-1 -1
-1 -1
-1 -1
1217 1217
-1 -1
-1 -1
-1 -1
-1 -1
-1 -1
655 655
1552 1552
-1 -1
-1 -1
-1 -1
-1 -1
-1 -1
-1 -1
-1 -1
-1 -1
1282 1282
928 928
-1 -1
-1 -1
-1 -1
-1 -1
-1 -1
699 699
-1 -1
-1 -1
-1 -1
60 60
-1 -1
822 822
1867 1867
-1 -1
-1 -1
-1 -1
-1 -1
-1 -1
729 729
-1 -1
-1 -1
-1 -1
-1 -1
-1 -1
-1 -1
-1 -1
-1 -1
-1 -1
-1 -1
-1 -1
-1 -1
809 809
-1 -1
-1 -1
-1 -1
-1 -1
-1 -1
-1 -1
-1 -1
-1 -1
-1 -1
-1 -1
-1 -1
332 332
-1 -1
-1 -1
-1 -1
-1 -1
-1 -1
-1 -1
-1 -1
-1 -1
-1 -1
-1 -1
1966 1966
1165 1165
808 808
-1 -1
-1 -1
234 234
383 383
-1 -1
-1 -1
-1 -1
-1 -1
2022 2022
1449 1449
-1 -1
1052 1053
-1 -1
-1 -1
-1 -1
-1 -1
-1 -1
-1 -1
-1 -1
-1 -1
-1 -1
-1 -1
-1 -1
-1 -1
-1 -1
-1 -1
-1 -1
1953 1953
1783 1783
-1 -1
-1 -1
715 715
1354 1354
-1 -1
-1 -1
-1 -1
-1 -1
-1 -1
-1 -1
-1 -1
1759 1759
-1 -1
-1 -1
-1 -1
593 593
1841 1841
-1 -1
-1 -1
-1 -1
-1 -1
-1 -1
-1 -1
-1 -1
-1 -1
-1 -1
-1 -1
-1 -1
362 362
732 732
-1 -1
-1 -1
-1 -1
-1 -1
-1 -1
-1 -1
-1 -1
-1 -1
1798 1798
-1 -1
-1 -1
778 778
811 812
1051 1051
-1 -1
-1 -1
-1 -1
-1 -1
-1 -1
-1 -1
-1 -1
-1 -1
-1 -1
-1 -1
-1 -1
-1 -1
-1 -1
-1 -1
-1 -1
-1 -1
-1 -1
-1 -1
-1 -1
-1 -1
218 218
-1 -1
-1 -1
-1 -1
802 803
-1 -1
-1 -1
-1 -1
-1 -1
-1 -1
1970 1970
-1 -1
-1 -1
-1 -1
-1 -1
568 568
-1 -1
-1 -1
-1 -1
-1 -1
-1 -1
1331 1331
-1 -1
-1 -1
-1 -1
-1 -1
973 973
-1 -1
-1 -1
-1 -1
-1 -1
123 123
117 117
-1 -1
-1 -1
-1 -1
-1 -1
-1 -1
-1 -1
-1 -1
829 829
-1 -1
-1 -1
-1 -1
-1 -1
-1 -1
-1 -1
-1 -1
-1 -1
373 373
-1 -1
-1 -1
-1 -1
-1 -1
-1 -1
-1 -1
-1 -1
-1 -1
-1 -1
-1 -1
-1 -1
872 872
1821 1821
-1 -1
-1 -1
-1 -1
-1 -1
-1 -1
-1 -1
-1 -1
-1 -1
-1 -1
-1 -1
-1 -1
-1 -1
-1 -1
462 462
-1 -1
1150 1150
-1 -1
-1 -1
1727 1727
-1 -1
-1 -1
-1 -1
86 86
-1 -1
-1 -1
798 798
-1 -1
-1 -1
-1 -1
-1 -1
775 775
-1 -1
-1 -1
1628 1628
-1 -1
-1 -1
-1 -1
-1 -1
-1 -1
809 809
-1 -1
-1 -1
-1 -1
-1 -1
-1 -1
-1 -1
-1 -1
-1 -1
-1 -1
-1 -1
-1 -1
-1 -1
-1 -1
-1 -1
-1 -1
-1 -1
-1 -1
-1 -1
-1 -1
-1 -1
-1 -1
-1 -1
693 693
-1 -1
-1 -1
-1 -1
-1 -1
356 356
-1 -1
-1 -1
-1 -1
-1 -1
44 45
-1 -1
1087 1087
-1 -1
-1 -1
-1 -1
-1 -1
1763 1763
1815 1815
-1 -1
-1 -1
1643 1643
-1 -1
-1 -1
-1 -1
-1 -1
-1 -1
-1 -1
-1 -1
-1 -1
-1 -1
-1 -1
-1 -1
-1 -1
1071 1071
-1 -1
-1 -1
1031 1031
-1 -1
-1 -1
-1 -1
-1 -1
-1 -1
-1 -1
-1 -1
-1 -1
1752 1752
-1 -1
-1 -1
-1 -1
-1 -1
1298 1298
-1 -1
-1 -1
-1 -1
-1 -1
-1 -1
1078 1079
-1 -1
681 681
-1 -1
-1 -1
-1 -1
1280 1280
-1 -1
10 12
-1 -1
-1 -1
961 961
-1 -1
-1 -1
-1 -1
1302 1302
-1 -1
-1 -1
-1 -1
-1 -1
-1 -1
1265 1265
-1 -1
-1 -1
-1 -1
1667 1667
-1 -1
-1 -1
-1 -1
-1 -1
-1 -1
-1 -1
-1 -1
-1 -1
-1 -1
-1 -1
-1 -1
-1 -1
-1 -1
-1 -1
-1 -1
-1 -1
-1 -1
-1 -1
-1 -1
540 540
-1 -1
876 876
1031 1031
-1 -1
660 660
1058 1058
-1 -1
-1 -1
-1 -1
-1 -1
375 375
-1 -1
380 380
-1 -1
-1 -1
880 880
-1 -1
1432 1432
-1 -1
-1 -1
-1 -1
-1 -1
141 142
-1 -1
-1 -1
-1 -1
-1 -1
953 953
-1 -1
-1 -1
-1 -1
-1 -1
-1 -1
755 755
-1 -1
1203 1203
-1 -1
-1 -1
-1 -1
-1 -1
-1 -1
-1 -1
-1 -1
1477 1477
-1 -1
-1 -1
-1 -1
-1 -1
406 406
-1 -1
1310 1310
-1 -1
-1 -1
-1 -1
-1 -1
-1 -1
-1 -1
-1 -1
-1 -1
1598 1598
-1 -1
-1 -1
706 706
1091 1091
-1 -1
-1 -1
-1 -1
-1 -1
-1 -1
822 822
-1 -1
-1 -1
-1 -1
-1 -1
-1 -1
-1 -1
-1 -1
-1 -1
-1 -1
-1 -1
-1 -1
-1 -1
386 386
-1 -1
-1 -1
-1 -1
-1 -1
-1 -1
352 352
-1 -1
-1 -1
-1 -1
-1 -1
-1 -1
-1 -1
-1 -1
-1 -1
-1 -1
-1 -1
-1 -1
1212 1212
-1 -1
-1 -1
-1 -1
-1 -1
353 354
1917 1917
1594 1594
199 199
1800 1800
-1 -1
791 791
-1 -1
-1 -1
-1 -1
-1 -1
-1 -1
-1 -1
-1 -1
-1 -1
-1 -1
-1 -1
-1 -1
-1 -1
-1 -1
-1 -1
-1 -1
-1 -1
-1 -1
-1 -1
-1 -1
-1 -1
-1 -1
-1 -1
-1 -1
1187 1187
-1 -1
1770 1770
-1 -1
-1 -1
-1 -1
55 55
-1 -1
1203 1203
-1 -1
-1 -1
-1 -1
-1 -1
510 510
-1 -1
-1 -1
1641 1642
-1 -1
-1 -1
-1 -1
-1 -1
-1 -1
-1 -1
-1 -1
-1 -1
-1 -1
-1 -1
-1 -1
-1 -1
-1 -1
-1 -1
-1 -1
-1 -1
-1 -1
-1 -1
-1 -1
-1 -1
-1 -1
-1 -1
840 840
-1 -1
-1 -1
-1 -1
-1 -1
-1 -1
-1 -1
-1 -1
-1 -1
-1 -1
-1 -1
-1 -1
-1 -1
-1 -1
-1 -1
-1 -1
-1 -1
-1 -1
-1 -1
-1 -1
476 476
-1 -1
-1 -1
-1 -1
-1 -1
-1 -1
-1 -1
-1 -1
-1 -1
-1 -1
891 891
-1 -1
-1 -1
-1 -1
-1 -1
-1 -1
-1 -1
1627 1627
-1 -1
-1 -1
-1 -1
-1 -1
-1 -1
-1 -1
-1 -1
-1 -1
-1 -1
-1 -1
-1 -1
-1 -1
754 754
-1 -1
-1 -1
-1 -1
-1 -1
1074 1074
-1 -1
1193 1193
-1 -1
1568 1568
-1 -1
-1 -1
769 769
-1 -1
319 319
-1 -1
-1 -1
-1 -1
-1 -1
-1 -1
-1 -1
-1 -1
-1 -1
-1 -1
-1 -1
-1 -1
1169 1170
-1 -1
-1 -1
-1 -1
649 649
-1 -1
1172 1172
314 315
726 726
-1 -1
-1 -1
-1 -1
876 876
-1 -1
-1 -1
-1 -1
1395 1395
-1 -1
-1 -1
1437 1437
1119 1119
-1 -1
-1 -1
-1 -1
-1 -1
-1 -1
-1 -1
-1 -1
71 71
-1 -1
-1 -1
819 819
-1 -1
-1 -1
-1 -1
-1 -1
-1 -1
-1 -1
-1 -1
-1 -1
-1 -1
-1 -1
-1 -1
-1 -1
1763 1763
-1 -1
-1 -1
-1 -1
-1 -1
-1 -1
-1 -1
1071 1071
-1 -1
-1 -1
-1 -1
513 513
1917 1917
-1 -1
1046 1046
1112 1112
-1 -1
-1 -1
1077 1077
-1 -1
-1 -1
-1 -1
-1 -1
-1 -1
-1 -1
-1 -1
1817 1817
-1 -1
-1 -1
-1 -1
-1 -1
-1 -1
1267 1267
-1 -1
1992 1992
230 230
-1 -1
-1 -1
-1 -1
-1 -1
-1 -1
-1 -1
989 989
-1 -1
-1 -1
-1 -1
-1 -1
-1 -1
-1 -1
-1 -1
-1 -1
-1 -1
-1 -1
-1 -1
-1 -1
-1 -1
460 460
-1 -1
-1 -1
-1 -1
36 36
609 610
456 456
-1 -1
-1 -1
-1 -1
-1 -1
-1 -1
-1 -1
-1 -1
-1 -1
-1 -1
-1 -1
644 644
-1 -1
-1 -1
-1 -1
-1 -1
-1 -1
-1 -1
-1 -1
1789 1789
-1 -1
-1 -1
-1 -1
-1 -1
-1 -1
-1 -1
433 433
-1 -1
-1 -1
-1 -1
-1 -1
302 302
-1 -1
-1 -1
-1 -1
-1 -1
-1 -1
-1 -1
-1 -1
-1 -1
-1 -1
-1 -1
-1 -1
-1 -1
-1 -1
-1 -1
-1 -1
-1 -1
-1 -1
-1 -1
1395 1395
-1 -1
819 819
-1 -1
1685 1685
-1 -1
-1 -1
-1 -1
-1 -1
2010 2010
-1 -1
-1 -1
1980 1980
-1 -1
-1 -1
-1 -1
-1 -1
-1 -1
409 409
-1 -1
-1 -1
-1 -1
-1 -1
-1 -1
-1 -1
-1 -1
750 751
-1 -1
-1 -1
-1 -1
-1 -1
-1 -1
-1 -1
-1 -1
-1 -1
-1 -1
1885 1885
-1 -1
-1 -1
-1 -1
-1 -1
-1 -1
1799 1799
-1 -1
-1 -1
-1 -1
-1 -1
-1 -1
-1 -1
-1 -1
-1 -1
-1 -1
-1 -1
-1 -1
-1 -1
224 224
-1 -1
1270 1270
-1 -1
559 559
-1 -1
-1 -1
-1 -1
-1 -1
-1 -1
-1 -1
-1 -1
-1 -1
1220 1220
-1 -1
-1 -1
313 313
-1 -1
-1 -1
1742 1742
1927 1927
-1 -1
-1 -1
-1 -1
1560 1560
-1 -1
-1 -1
-1 -1
-1 -1
-1 -1
-1 -1
-1 -1
2009 2009
-1 -1
749 749
1077 1077
-1 -1
-1 -1
531 531
1697 1697
-1 -1
1541 1541
-1 -1
1420 1421
-1 -1
-1 -1
-1 -1
-1 -1
-1 -1
-1 -1
-1 -1
-1 -1
-1 -1
-1 -1
1249 1249
-1 -1
-1 -1
-1 -1
-1 -1
-1 -1
-1 -1
-1 -1
-1 -1
-1 -1
640 640
-1 -1
-1 -1
-1 -1
-1 -1
-1 -1
-1 -1
1287 1287
-1 -1
-1 -1
-1 -1
-1 -1
1303 1303
1019 1019
-1 -1
-1 -1
-1 -1
-1 -1
-1 -1
1764 1764
-1 -1
-1 -1
-1 -1
-1 -1
-1 -1
-1 -1
-1 -1
-1 -1
-1 -1
-1 -1
1187 1187
-1 -1
451 451
-1 -1
1641 1642
-1 -1
1124 1125
-1 -1
-1 -1
-1 -1
-1 -1
-1 -1
-1 -1
-1 -1
-1 -1
-1 -1
-1 -1
-1 -1
1086 1086
-1 -1
892 892
-1 -1
-1 -1
970 970
-1 -1
-1 -1
-1 -1
1032 1032
-1 -1
-1 -1
-1 -1
1677 1677
-1 -1
1302 1302
-1 -1
-1 -1
-1 -1
-1 -1
2010 2010
-1 -1
1545 1545
-1 -1
-1 -1
-1 -1
107 107
-1 -1
-1 -1
-1 -1
1337 1337
-1 -1
848 848
-1 -1
1192 1192
-1 -1
-1 -1
-1 -1
-1 -1
-1 -1
-1 -1
-1 -1
-1 -1
-1 -1
-1 -1
-1 -1
-1 -1
-1 -1
-1 -1
-1 -1
-1 -1
-1 -1
-1 -1
-1 -1
-1 -1
246 246
-1 -1
-1 -1
-1 -1
-1 -1
-1 -1
-1 -1
1855 1855
-1 -1
-1 -1
-1 -1
-1 -1
-1 -1
-1 -1
1104 1104
361 361
-1 -1
416 416
-1 -1
-1 -1
-1 -1
1687 1687
-1 -1
-1 -1
-1 -1
-1 -1
-1 -1
-1 -1
-1 -1
-1 -1
-1 -1
-1 -1
-1 -1
197 197
-1 -1
560 560
-1 -1
1051 1051
-1 -1
-1 -1
-1 -1
-1 -1
541 541
-1 -1
-1 -1
-1 -1
-1 -1
1874 1874
666 666
-1 -1
-1 -1
-1 -1
-1 -1
-1 -1
-1 -1
-1 -1
1595 1596
-1 -1
-1 -1
-1 -1
-1 -1
-1 -1
-1 -1
-1 -1
-1 -1
1077 1077
-1 -1
-1 -1
-1 -1
-1 -1
-1 -1
-1 -1
-1 -1
1787 1787
-1 -1
-1 -1
-1 -1
-1 -1
-1 -1
-1 -1
-1 -1
-1 -1
1517 1517
1779 1779
-1 -1
-1 -1
-1 -1
153 153
1823 1823
138 138
1890 1890
-1 -1
1340 1340
-1 -1
-1 -1
-1 -1
-1 -1
141 142
-1 -1
-1 -1
-1 -1
-1 -1
-1 -1
704 704
-1 -1
1727 1727
-1 -1
-1 -1
-1 -1
-1 -1
-1 -1
983 983
-1 -1
-1 -1
1459 1459
-1 -1
-1 -1
-1 -1
-1 -1
-1 -1
-1 -1
-1 -1
-1 -1
-1 -1
-1 -1
-1 -1
-1 -1
-1 -1
1248 1248
640 640
327 327
-1 -1
-1 -1
-1 -1
-1 -1
-1 -1
-1 -1
-1 -1
-1 -1
-1 -1
843 843
-1 -1
-1 -1
-1 -1
-1 -1
1273 1273
-1 -1
-1 -1
-1 -1
85 85
-1 -1
-1 -1
-1 -1
-1 -1
-1 -1
-1 -1
-1 -1
-1 -1
153 153
-1 -1
-1 -1
1041 1041
-1 -1
520 520
-1 -1
1278 1278
-1 -1
1647 1647
-1 -1
-1 -1
2015 2015
-1 -1
-1 -1
-1 -1
-1 -1
52 52
-1 -1
1526 1526
-1 -1
1198 1198
-1 -1
337 337
-1 -1
1054 1054
-1 -1
-1 -1
67 67
-1 -1
-1 -1
-1 -1
-1 -1
-1 -1
-1 -1
-1 -1
-1 -1
-1 -1
-1 -1
-1 -1
-1 -1
-1 -1
1124 1125
-1 -1
-1 -1
-1 -1
-1 -1
-1 -1
-1 -1
-1 -1
1243 1243
1283 1283
-1 -1
-1 -1
-1 -1
-1 -1
-1 -1
-1 -1
-1 -1
-1 -1
-1 -1
-1 -1
-1 -1
-1 -1
-1 -1
-1 -1
626 626
-1 -1
151 151
-1 -1
-1 -1
-1 -1
752 752
-1 -1
1893 1893
-1 -1
-1 -1
701 701
-1 -1
-1 -1
-1 -1
-1 -1
-1 -1
-1 -1
-1 -1
-1 -1
-1 -1
1823 1823
-1 -1
1192 1192
399 399
-1 -1
1782 1782
-1 -1
-1 -1
-1 -1
1587 1587
1140 1140
-1 -1
1770 1770
-1 -1
-1 -1
-1 -1
742 742
-1 -1
767 767
-1 -1
-1 -1
-1 -1
-1 -1
-1 -1
-1 -1
-1 -1
600 600
-1 -1
-1 -1
-1 -1
-1 -1
-1 -1
-1 -1
1338 1338
-1 -1
-1 -1
-1 -1
-1 -1
-1 -1
-1 -1
-1 -1
-1 -1
-1 -1
-1 -1
-1 -1
-1 -1
-1 -1
-1 -1
-1 -1
-1 -1
-1 -1
-1 -1
-1 -1
-1 -1
-1 -1
-1 -1
-1 -1
-1 -1
-1 -1
-1 -1
1212 1212
922 922
-1 -1
-1 -1
-1 -1
521 521
-1 -1
1394 1394
-1 -1
-1 -1
-1 -1
-1 -1
-1 -1
-1 -1
368 368
-1 -1
-1 -1
-1 -1
-1 -1
-1 -1
-1 -1
-1 -1
-1 -1
-1 -1
-1 -1
-1 -1
-1 -1
-1 -1
-1 -1
-1 -1
-1 -1
-1 -1
-1 -1
-1 -1
225 225
-1 -1
-1 -1
-1 -1
-1 -1
-1 -1
-1 -1
-1 -1
820 820
-1 -1
-1 -1
-1 -1
-1 -1
-1 -1
-1 -1
-1 -1
-1 -1
-1 -1
1742 1742
1384 1384
-1 -1
-1 -1
-1 -1
-1 -1
561 562
-1 -1
-1 -1
1636 1636
-1 -1
-1 -1
-1 -1
1879 1879
-1 -1
-1 -1
1184 1184
-1 -1
-1 -1
-1 -1
-1 -1
-1 -1
672 672
-1 -1
-1 -1
-1 -1
-1 -1
-1 -1
-1 -1
-1 -1
-1 -1
-1 -1
-1 -1
-1 -1
-1 -1
-1 -1
-1 -1
-1 -1
-1 -1
-1 -1
-1 -1
-1 -1
-1 -1
-1 -1
1798 1798
-1 -1
-1 -1
-1 -1
-1 -1
-1 -1
-1 -1
-1 -1
366 366
-1 -1
-1 -1
-1 -1
-1 -1
-1 -1
-1 -1
-1 -1
-1 -1
-1 -1
-1 -1
-1 -1
-1 -1
-1 -1
-1 -1
-1 -1
-1 -1
-1 -1
-1 -1
-1 -1
-1 -1
-1 -1
-1 -1
-1 -1
-1 -1
529 529
-1 -1
-1 -1
1427 1427
-1 -1
170 170
546 546
-1 -1
1932 1932
-1 -1
-1 -1
-1 -1
-1 -1
-1 -1
-1 -1
-1 -1
-1 -1
-1 -1
-1 -1
-1 -1
-1 -1
-1 -1
-1 -1
-1 -1
1999 1999
1094 1094
-1 -1
-1 -1
-1 -1
-1 -1
-1 -1
-1 -1
-1 -1
-1 -1
1626 1626
1442 1442
-1 -1
1473 1473
-1 -1
-1 -1
490 490
-1 -1
-1 -1
-1 -1
591 591
-1 -1
1026 1027
501 501
-1 -1
-1 -1
-1 -1
-1 -1
-1 -1
-1 -1
-1 -1
-1 -1
-1 -1
1236 1236
-1 -1
-1 -1
-1 -1
1408 1410
-1 -1
-1 -1
-1 -1
1752 1752
-1 -1
1233 1233
1541 1541
1062 1062
-1 -1
-1 -1
-1 -1
-1 -1
-1 -1
-1 -1
-1 -1
-1 -1
-1 -1
-1 -1
-1 -1
-1 -1
-1 -1
-1 -1
-1 -1
-1 -1
-1 -1
-1 -1
-1 -1
-1 -1
-1 -1
570 570
915 915
-1 -1
-1 -1
-1 -1
-1 -1
-1 -1
1307 1307
-1 -1
-1 -1
-1 -1
-1 -1
-1 -1
-1 -1
206 206
-1 -1
-1 -1
-1 -1
-1 -1
-1 -1
-1 -1
-1 -1
-1 -1
-1 -1
508 508
-1 -1
-1 -1
-1 -1
-1 -1
-1 -1
-1 -1
-1 -1
-1 -1
-1 -1
-1 -1
-1 -1
-1 -1
1770 1770
-1 -1
67 67
-1 -1
1011 1011
-1 -1
-1 -1
-1 -1
-1 -1
-1 -1
-1 -1
-1 -1
1258 1258
-1 -1
-1 -1
-1 -1
-1 -1
-1 -1
1960 1960
-1 -1
-1 -1
-1 -1
1103 1103
-1 -1
-1 -1
-1 -1
-1 -1
-1 -1
-1 -1
-1 -1
-1 -1
-1 -1
-1 -1
-1 -1
-1 -1
-1 -1
-1 -1
-1 -1
-1 -1
1364 1364
-1 -1
-1 -1
-1 -1
-1 -1
-1 -1
-1 -1
160 160
165 165
-1 -1
-1 -1
-1 -1
-1 -1
-1 -1
-1 -1
-1 -1
-1 -1
-1 -1
-1 -1
62 62
-1 -1
-1 -1
-1 -1
-1 -1
77 77
509 509
1132 1132
-1 -1
1848 1848
-1 -1
-1 -1
-1 -1
-1 -1
-1 -1
-1 -1
287 287
313 313
-1 -1
-1 -1
-1 -1
-1 -1
-1 -1
-1 -1
-1 -1
1985 1985
-1 -1
-1 -1
-1 -1
-1 -1
-1 -1
-1 -1
-1 -1
-1 -1
1451 1451
-1 -1
-1 -1
259 259
-1 -1
1078 1079
477 477
1954 1954
-1 -1
-1 -1
-1 -1
-1 -1
-1 -1
-1 -1
-1 -1
-1 -1
-1 -1
-1 -1
196 196
20 20
-1 -1
-1 -1
-1 -1
241 241
-1 -1
-1 -1
-1 -1
-1 -1
-1 -1
-1 -1
-1 -1
-1 -1
-1 -1
-1 -1
-1 -1
-1 -1
-1 -1
-1 -1
1776 1776
-1 -1
-1 -1
-1 -1
-1 -1
-1 -1
-1 -1
-1 -1
-1 -1
-1 -1
-1 -1
-1 -1
167 168
-1 -1
-1 -1
-1 -1
56 56
1397 1397
-1 -1
-1 -1
1260 1261
-1 -1
-1 -1
-1 -1
-1 -1
-1 -1
-1 -1
1583 1583
-1 -1
-1 -1
235 235
-1 -1
157 157
398 398
-1 -1
-1 -1
-1 -1
-1 -1
-1 -1
-1 -1
-1 -1
-1 -1
766 766
-1 -1
-1 -1
1593 1593
182 182
-1 -1
1586 1586
-1 -1
-1 -1
187 187
-1 -1
-1 -1
-1 -1
-1 -1
-1 -1
-1 -1
1730 1730
-1 -1
1484 1484
-1 -1
-1 -1
-1 -1
-1 -1
-1 -1
-1 -1
-1 -1
-1 -1
520 520
1497 1498
-1 -1
-1 -1
-1 -1
-1 -1
-1 -1
-1 -1
1316 1316
-1 -1
-1 -1
1715 1715
1448 1448
-1 -1
-1 -1
-1 -1
-1 -1
-1 -1
-1 -1
-1 -1
-1 -1
-1 -1
-1 -1
1218 1218
568 568
-1 -1
-1 -1
-1 -1
-1 -1
-1 -1
-1 -1
-1 -1
-1 -1
-1 -1
-1 -1
-1 -1
-1 -1
-1 -1
-1 -1
-1 -1
-1 -1
-1 -1
1690 1691
-1 -1
-1 -1
1089 1089
-1 -1
-1 -1
469 469
-1 -1
-1 -1
-1 -1
1906 1906
-1 -1
-1 -1
-1 -1
-1 -1
-1 -1
-1 -1
-1 -1
-1 -1
-1 -1
839 839
1471 1471
-1 -1
-1 -1
-1 -1
-1 -1
-1 -1
-1 -1
-1 -1
-1 -1
-1 -1
-1 -1
-1 -1
-1 -1
616 616
-1 -1
898 898
-1 -1
-1 -1
-1 -1
-1 -1
-1 -1
-1 -1
-1 -1
1954 1954
-1 -1
-1 -1
-1 -1
-1 -1
106 106
-1 -1
-1 -1
-1 -1
-1 -1
-1 -1
-1 -1
-1 -1
377 378
-1 -1
-1 -1
-1 -1
-1 -1
-1 -1
-1 -1
-1 -1
878 878
-1 -1
1271 1271
-1 -1
-1 -1
-1 -1
-1 -1
-1 -1
-1 -1
-1 -1
-1 -1
-1 -1
-1 -1
-1 -1
-1 -1
-1 -1
998 998
-1 -1
-1 -1
-1 -1
-1 -1
-1 -1
1935 1935
-1 -1
-1 -1
-1 -1
-1 -1
-1 -1
-1 -1
-1 -1
-1 -1
971 971
-1 -1
-1 -1
-1 -1
-1 -1
-1 -1
-1 -1
-1 -1
-1 -1
-1 -1
-1 -1
-1 -1
-1 -1
-1 -1
-1 -1
-1 -1
-1 -1
-1 -1
-1 -1
-1 -1
510 510
-1 -1
-1 -1
-1 -1
-1 -1
-1 -1
-1 -1
-1 -1
-1 -1
-1 -1
1726 1726
-1 -1
-1 -1
417 417
-1 -1
-1 -1
-1 -1
-1 -1
-1 -1
-1 -1
-1 -1
-1 -1
-1 -1
-1 -1
-1 -1
-1 -1
-1 -1
429 429
-1 -1
-1 -1
-1 -1
-1 -1
-1 -1
-1 -1
-1 -1
-1 -1
-1 -1
-1 -1
1340 1340
-1 -1
-1 -1
-1 -1
-1 -1
-1 -1
-1 -1
-1 -1
-1 -1
-1 -1
1958 1958
-1 -1
-1 -1
-1 -1
-1 -1
-1 -1
-1 -1
-1 -1
-1 -1
-1 -1
-1 -1
-1 -1
-1 -1
-1 -1
-1 -1
-1 -1
415 415
-1 -1
1994 1994
-1 -1
-1 -1
-1 -1
-1 -1
530 530
-1 -1
-1 -1
-1 -1
1107 1107
-1 -1
-1 -1
-1 -1
-1 -1
-1 -1
-1 -1
-1 -1
-1 -1
-1 -1
-1 -1
-1 -1
-1 -1
-1 -1
-1 -1
-1 -1
-1 -1
-1 -1
1538 1538
-1 -1
-1 -1
-1 -1
-1 -1
-1 -1
-1 -1
-1 -1
-1 -1
879 879
-1 -1
-1 -1
-1 -1
-1 -1
-1 -1
-1 -1
-1 -1
-1 -1
-1 -1
901 901
-1 -1
1659 1660
-1 -1
-1 -1
627 627
17 17
-1 -1
1131 1131
-1 -1
-1 -1
908 908
-1 -1
-1 -1
-1 -1
-1 -1
-1 -1
-1 -1
-1 -1
-1 -1
1793 1793
-1 -1
-1 -1
-1 -1
-1 -1
-1 -1
-1 -1
-1 -1
441 441
796 796
-1 -1
-1 -1
-1 -1
-1 -1
-1 -1
-1 -1
-1 -1
202 202
-1 -1
423 423
-1 -1
-1 -1
798 798
-1 -1
-1 -1
86 86
-1 -1
-1 -1
-1 -1
-1 -1
1064 1064
-1 -1
-1 -1
-1 -1
-1 -1
1840 1840
983 983
-1 -1
-1 -1
1059 1059
-1 -1
-1 -1
-1 -1
-1 -1
-1 -1
-1 -1
-1 -1
-1 -1
-1 -1
-1 -1
-1 -1
-1 -1
-1 -1
-1 -1
-1 -1
1329 1329
-1 -1
1946 1946
-1 -1
-1 -1
1355 1355
748 748
-1 -1
953 953
-1 -1
-1 -1
1755 1755
-1 -1
-1 -1
-1 -1
-1 -1
1279 1279
-1 -1
-1 -1
1598 1598
-1 -1
-1 -1
972 972
-1 -1
642 642
-1 -1
-1 -1
-1 -1
-1 -1
-1 -1
1348 1348
-1 -1
-1 -1
-1 -1
-1 -1
-1 -1
880 880
-1 -1
1624 1624
-1 -1
-1 -1
-1 -1
-1 -1
-1 -1
-1 -1
-1 -1
-1 -1
-1 -1
-1 -1
-1 -1
-1 -1
-1 -1
-1 -1
384 384
939 939
-1 -1
-1 -1
-1 -1
-1 -1
1461 1461
633 633
1220 1220
-1 -1
1320 1320
-1 -1
-1 -1
-1 -1
-1 -1
-1 -1
-1 -1
1650 1651
-1 -1
-1 -1
-1 -1
-1 -1
-1 -1
-1 -1
-1 -1
-1 -1
-1 -1
-1 -1
-1 -1
-1 -1
-1 -1
-1 -1
233 233
-1 -1
-1 -1
1434 1434
-1 -1
-1 -1
-1 -1
-1 -1
-1 -1
-1 -1
-1 -1
-1 -1
-1 -1
1493 1493
-1 -1
1913 1913
-1 -1
-1 -1
-1 -1
-1 -1
-1 -1
-1 -1
-1 -1
-1 -1
-1 -1
-1 -1
-1 -1
-1 -1
2019 2019
-1 -1
-1 -1
-1 -1
-1 -1
-1 -1
-1 -1
-1 -1
-1 -1
-1 -1
720 720
669 669
-1 -1
1864 1864
-1 -1
-1 -1
-1 -1
-1 -1
-1 -1
-1 -1
-1 -1
-1 -1
-1 -1
-1 -1
-1 -1
-1 -1
-1 -1
-1 -1
-1 -1
115 115
-1 -1
332 332
-1 -1
-1 -1
-1 -1
1834 1834
-1 -1
-1 -1
820 820
-1 -1
-1 -1
-1 -1
-1 -1
-1 -1
-1 -1
-1 -1
-1 -1
-1 -1
-1 -1
-1 -1
-1 -1
-1 -1
-1 -1
-1 -1
-1 -1
-1 -1
-1 -1
-1 -1
-1 -1
-1 -1
-1 -1
-1 -1
-1 -1
-1 -1
-1 -1
-1 -1
983 983
79 79
-1 -1
1256 1256
-1 -1
-1 -1
-1 -1
-1 -1
206 206
-1 -1
-1 -1
-1 -1
-1 -1
-1 -1
-1 -1
-1 -1
-1 -1
-1 -1
-1 -1
-1 -1
-1 -1
-1 -1
1117 1118
499 499
-1 -1
1767 1767
-1 -1
-1 -1
-1 -1
-1 -1
-1 -1
-1 -1
1820 1820
1992 1992
593 593
-1 -1
-1 -1
-1 -1
-1 -1
-1 -1
-1 -1
-1 -1
580 580
-1 -1
-1 -1
-1 -1
-1 -1
-1 -1
110 111
-1 -1
-1 -1
-1 -1
-1 -1
-1 -1
-1 -1
-1 -1
1306 1306
1586 1586
-1 -1
-1 -1
-1 -1
-1 -1
-1 -1
-1 -1
1629 1629
758 758
-1 -1
471 471
-1 -1
-1 -1
-1 -1
-1 -1
-1 -1
-1 -1
-1 -1
-1 -1
1649 1649
-1 -1
-1 -1
-1 -1
-1 -1
-1 -1
-1 -1
131 131
-1 -1
-1 -1
-1 -1
-1 -1
-1 -1
1254 1254
-1 -1
-1 -1
-1 -1
-1 -1
1419 1419
-1 -1
-1 -1
1189 1189
-1 -1
-1 -1
-1 -1
-1 -1
-1 -1
-1 -1
1291 1291
1009 1009
-1 -1
-1 -1
-1 -1
-1 -1
-1 -1
-1 -1
-1 -1
-1 -1
-1 -1
1636 1636
-1 -1
-1 -1
-1 -1
-1 -1
-1 -1
1035 1035
-1 -1
-1 -1
1706 1706
-1 -1
1875 1876
-1 -1
-1 -1
-1 -1
-1 -1
-1 -1
-1 -1
-1 -1
-1 -1
-1 -1
-1 -1
1627 1627
-1 -1
-1 -1
-1 -1
746 746
-1 -1
-1 -1
-1 -1
-1 -1
-1 -1
-1 -1
-1 -1
-1 -1
-1 -1
-1 -1
-1 -1
47 47
1117 1118
-1 -1
-1 -1
-1 -1
-1 -1
-1 -1
-1 -1
1282 1282
-1 -1
-1 -1
-1 -1
-1 -1
-1 -1
-1 -1
-1 -1
-1 -1
-1 -1
-1 -1
-1 -1
-1 -1
-1 -1
-1 -1
-1 -1
1339 1339
-1 -1
-1 -1
-1 -1
-1 -1
-1 -1
-1 -1
-1 -1
-1 -1
-1 -1
1960 1960
-1 -1
2016 2016
-1 -1
-1 -1
-1 -1
-1 -1
-1 -1
-1 -1
-1 -1
-1 -1
-1 -1
1221 1221
-1 -1
-1 -1
-1 -1
-1 -1
-1 -1
570 570
-1 -1
-1 -1
-1 -1
-1 -1
-1 -1
-1 -1
-1 -1
-1 -1
-1 -1
-1 -1
-1 -1
-1 -1
-1 -1
-1 -1
-1 -1
-1 -1
728 728
-1 -1
-1 -1
-1 -1
-1 -1
-1 -1
-1 -1
-1 -1
-1 -1
-1 -1
-1 -1
-1 -1
-1 -1
-1 -1
-1 -1
-1 -1
-1 -1
-1 -1
-1 -1
20 20
-1 -1
-1 -1
-1 -1
-1 -1
-1 -1
-1 -1
201 201
-1 -1
-1 -1
-1 -1
1466 1466
-1 -1
-1 -1
190 191
-1 -1
-1 -1
-1 -1
-1 -1
-1 -1
-1 -1
-1 -1
-1 -1
-1 -1
-1 -1
-1 -1
-1 -1
-1 -1
-1 -1
-1 -1
-1 -1
-1 -1
-1 -1
1400 1400
-1 -1
-1 -1
-1 -1
-1 -1
-1 -1
-1 -1
-1 -1
-1 -1
-1 -1
-1 -1
-1 -1
-1 -1
-1 -1
811 812
-1 -1
-1 -1
-1 -1
-1 -1
626 626
-1 -1
-1 -1
-1 -1
-1 -1
773 773
744 745
-1 -1
-1 -1
-1 -1
-1 -1
-1 -1
-1 -1
466 467
-1 -1
-1 -1
-1 -1
-1 -1
-1 -1
-1 -1
-1 -1
-1 -1
-1 -1
-1 -1
-1 -1
-1 -1
802 803
-1 -1
102 103
-1 -1
-1 -1
-1 -1
-1 -1
-1 -1
-1 -1
172 172
1943 1943
-1 -1
-1 -1
-1 -1
-1 -1
-1 -1
-1 -1
118 119
-1 -1
-1 -1
-1 -1
-1 -1
-1 -1
-1 -1
-1 -1
-1 -1
-1 -1
-1 -1
-1 -1
-1 -1
-1 -1
-1 -1
-1 -1
-1 -1
-1 -1
-1 -1
-1 -1
-1 -1
881 881
-1 -1
-1 -1
-1 -1
-1 -1
-1 -1
-1 -1
-1 -1
-1 -1
1348 1348
-1 -1
451 451
-1 -1
-1 -1
-1 -1
-1 -1
-1 -1
999 1000
-1 -1
-1 -1
-1 -1
-1 -1
-1 -1
-1 -1
-1 -1
-1 -1
-1 -1
-1 -1
930 932
-1 -1
-1 -1
-1 -1
-1 -1
1663 1663
-1 -1
-1 -1
-1 -1
-1 -1
-1 -1
-1 -1
-1 -1
1481 1481
-1 -1
-1 -1
-1 -1
-1 -1
-1 -1
-1 -1
-1 -1
-1 -1
-1 -1
-1 -1
-1 -1
-1 -1
-1 -1
-1 -1
-1 -1
-1 -1
-1 -1
-1 -1
162 162
-1 -1
-1 -1
-1 -1
-1 -1
988 988
-1 -1
-1 -1
-1 -1
1893 1893
-1 -1
-1 -1
-1 -1
-1 -1
-1 -1
-1 -1
-1 -1
-1 -1
-1 -1
-1 -1
-1 -1
-1 -1
-1 -1
-1 -1
-1 -1
-1 -1
-1 -1
-1 -1
-1 -1
-1 -1
-1 -1
-1 -1
1986 1986
-1 -1
-1 -1
-1 -1
-1 -1
-1 -1
-1 -1
-1 -1
-1 -1
-1 -1
-1 -1
-1 -1
-1 -1
307 307
529 529
-1 -1
-1 -1
-1 -1
-1 -1
-1 -1
-1 -1
-1 -1
-1 -1
-1 -1
-1 -1
-1 -1
330 330
-1 -1
-1 -1
-1 -1
-1 -1
1685 1685
-1 -1
-1 -1
437 437
-1 -1
1452 1453
-1 -1
1722 1722
-1 -1
-1 -1
-1 -1
-1 -1
-1 -1
-1 -1
-1 -1
333 333
-1 -1
-1 -1
59 59
-1 -1
-1 -1
-1 -1
-1 -1
-1 -1
21 21
1136 1136
-1 -1
-1 -1
-1 -1
-1 -1
-1 -1
-1 -1
-1 -1
1217 1217
25 25
1524 1524
-1 -1
-1 -1
-1 -1
-1 -1
-1 -1
-1 -1
-1 -1
-1 -1
660 660
-1 -1
-1 -1
-1 -1
-1 -1
1580 1580
-1 -1
-1 -1
-1 -1
-1 -1
1858 1858
-1 -1
-1 -1
-1 -1
-1 -1
430 430
-1 -1
178 178
-1 -1
-1 -1
-1 -1
-1 -1
-1 -1
-1 -1
-1 -1
