-1 -1
-1 -1
-1 -1
-1 -1
-1 -1
-1 -1
230 230
-1 -1
-1 -1
-1 -1
-1 -1
-1 -1
-1 -1
-1 -1
-1 -1
-1 -1
55 55
-1 -1
-1 -1
-1 -1
1883 1883
-1 -1
155 155
-1 -1
-1 -1
-1 -1
-1 -1
-1 -1
-1 -1
-1 -1
-1 -1
-1 -1
-1 -1
-1 -1
-1 -1
1839 1839
-1 -1
-1 -1
-1 -1
-1 -1
-1 -1
-1 -1
158 158
-1 -1
1453 1453
1434 1434
-1 -1
-1 -1
-1 -1
-1 -1
-1 -1
848 848
568 569
-1 -1
-1 -1
-1 -1
-1 -1
-1 -1
-1 -1
-1 -1
990 990
-1 -1
-1 -1
-1 -1
-1 -1
-1 -1
-1 -1
1328 1328
-1 -1
-1 -1
-1 -1
-1 -1
-1 -1
-1 -1
779 779
-1 -1
-1 -1
-1 -1
-1 -1
-1 -1
-1 -1
-1 -1
-1 -1
1270 1270
-1 -1
1109 1109
-1 -1
-1 -1
-1 -1
-1 -1
-1 -1
-1 -1
-1 -1
-1 -1
-1 -1
-1 -1
-1 -1
-1 -1
982 982
-1 -1
-1 -1
-1 -1
-1 -1
1061 1061
-1 -1
-1 -1
-1 -1
-1 -1
378 378
1523 1523
-1 -1
-1 -1
-1 -1
-1 -1
-1 -1
-1 -1
-1 -1
-1 -1
-1 -1
-1 -1
-1 -1
-1 -1
-1 -1
1979 1980
-1 -1
-1 -1
-1 -1
-1 -1
-1 -1
-1 -1
-1 -1
-1 -1
-1 -1
-1 -1
-1 -1
-1 -1
-1 -1
-1 -1
-1 -1
-1 -1
-1 -1
-1 -1
-1 -1
1571 1571
-1 -1
-1 -1
-1 -1
-1 -1
-1 -1
533 533
-1 -1
497 497
-1 -1
9 9
-1 -1
-1 -1
-1 -1
-1 -1
-1 -1
48 48
-1 -1
-1 -1
486 486
1347 1347
-1 -1
-1 -1
-1 -1
-1 -1
1451 1451
-1 -1
570 570
-1 -1
-1 -1
-1 -1
-1 -1
-1 -1
864 864
-1 -1
-1 -1
-1 -1
-1 -1
-1 -1
-1 -1
-1 -1
1887 1887
-1 -1
-1 -1
-1 -1
-1 -1
994 994
-1 -1
-1 -1
-1 -1
-1 -1
-1 -1
-1 -1
-1 -1
-1 -1
246 246
-1 -1
-1 -1
-1 -1
886 886
-1 -1
-1 -1
-1 -1
-1 -1
-1 -1
-1 -1
-1 -1
-1 -1
-1 -1
508 508
-1 -1
-1 -1
-1 -1
-1 -1
-1 -1
-1 -1
1283 1283
493 495
-1 -1
-1 -1
349 349
682 682
-1 -1
-1 -1
-1 -1
-1 -1
-1 -1
-1 -1
-1 -1
648 648
-1 -1
-1 -1
-1 -1
-1 -1
-1 -1
-1 -1
-1 -1
319 319
-1 -1
1555 1555
-1 -1
-1 -1
-1 -1
1360 1360
-1 -1
-1 -1
-1 -1
-1 -1
-1 -1
-1 -1
-1 -1
-1 -1
-1 -1
-1 -1
-1 -1
-1 -1
2023 2023
-1 -1
-1 -1
-1 -1
-1 -1
650 650
-1 -1
-1 -1
-1 -1
-1 -1
-1 -1
-1 -1
-1 -1
-1 -1
-1 -1
-1 -1
-1 -1
-1 -1
-1 -1
-1 -1
-1 -1
-1 -1
-1 -1
957 957
-1 -1
-1 -1
1603 1603
1644 1644
-1 -1
510 510
-1 -1
-1 -1
-1 -1
-1 -1
-1 -1
-1 -1
-1 -1
-1 -1
-1 -1
-1 -1
-1 -1
-1 -1
-1 -1
-1 -1
-1 -1
-1 -1
-1 -1
-1 -1
-1 -1
-1 -1
-1 -1
406 406
-1 -1
-1 -1
1583 1583
829 829
-1 -1
-1 -1
-1 -1
2039 2039
-1 -1
-1 -1
-1 -1
731 731
-1 -1
-1 -1
-1 -1
-1 -1
-1 -1
-1 -1
-1 -1
-1 -1
-1 -1
-1 -1
-1 -1
-1 -1
-1 -1
-1 -1
-1 -1
-1 -1
-1 -1
-1 -1
-1 -1
-1 -1
-1 -1
-1 -1
-1 -1
-1 -1
-1 -1
-1 -1
-1 -1
-1 -1
-1 -1
-1 -1
-1 -1
-1 -1
-1 -1
-1 -1
-1 -1
-1 -1
-1 -1
-1 -1
-1 -1
1979 1980
-1 -1
704 704
-1 -1
38 38
-1 -1
635 635
-1 -1
-1 -1
-1 -1
1375 1375
895 895
-1 -1
-1 -1
-1 -1
-1 -1
649 649
-1 -1
-1 -1
-1 -1
-1 -1
-1 -1
-1 -1
1812 1812
-1 -1
-1 -1
-1 -1
-1 -1
1845 1845
671 672
-1 -1
-1 -1
-1 -1
-1 -1
-1 -1
104 104
-1 -1
1743 1743
-1 -1
-1 -1
774 774
-1 -1
-1 -1
-1 -1
370 370
875 875
-1 -1
-1 -1
1813 1813
1442 1442
-1 -1
-1 -1
-1 -1
-1 -1
-1 -1
-1 -1
-1 -1
1600 1601
1636 1636
-1 -1
-1 -1
-1 -1
-1 -1
-1 -1
399 400
-1 -1
-1 -1
-1 -1
1915 1915
-1 -1
-1 -1
-1 -1
-1 -1
-1 -1
-1 -1
1341 1341
1313 1314
-1 -1
-1 -1
-1 -1
-1 -1
-1 -1
-1 -1
-1 -1
-1 -1
-1 -1
1672 1672
-1 -1
-1 -1
-1 -1
-1 -1
427 427
239 239
-1 -1
919 920
-1 -1
174 174
-1 -1
-1 -1
-1 -1
-1 -1
1021 1021
-1 -1
-1 -1
-1 -1
1153 1153
-1 -1
-1 -1
-1 -1
-1 -1
-1 -1
-1 -1
1865 1865
286 286
2008 2009
-1 -1
-1 -1
-1 -1
-1 -1
-1 -1
-1 -1
-1 -1
-1 -1
-1 -1
-1 -1
1291 1291
-1 -1
-1 -1
-1 -1
-1 -1
-1 -1
-1 -1
-1 -1
571 571
-1 -1
1315 1315
-1 -1
-1 -1
-1 -1
1788 1788
-1 -1
977 977
-1 -1
-1 -1
-1 -1
-1 -1
-1 -1
1141 1141
1037 1037
-1 -1
-1 -1
371 371
-1 -1
-1 -1
-1 -1
316 316
-1 -1
1059 1059
-1 -1
-1 -1
-1 -1
-1 -1
-1 -1
-1 -1
-1 -1
-1 -1
-1 -1
-1 -1
-1 -1
-1 -1
-1 -1
-1 -1
-1 -1
225 225
-1 -1
-1 -1
-1 -1
-1 -1
756 756
-1 -1
-1 -1
-1 -1
-1 -1
-1 -1
-1 -1
-1 -1
-1 -1
19 19
-1 -1
-1 -1
-1 -1
-1 -1
-1 -1
-1 -1
-1 -1
-1 -1
-1 -1
-1 -1
-1 -1
1281 1282
-1 -1
-1 -1
-1 -1
-1 -1
-1 -1
-1 -1
-1 -1
-1 -1
-1 -1
169 170
-1 -1
-1 -1
-1 -1
1209 1209
1467 1467
-1 -1
608 608
-1 -1
-1 -1
-1 -1
-1 -1
-1 -1
977 977
-1 -1
-1 -1
-1 -1
-1 -1
1047 1047
-1 -1
-1 -1
-1 -1
-1 -1
-1 -1
-1 -1
-1 -1
-1 -1
-1 -1
-1 -1
-1 -1
-1 -1
-1 -1
-1 -1
-1 -1
-1 -1
-1 -1
-1 -1
-1 -1
-1 -1
220 220
-1 -1
-1 -1
-1 -1
-1 -1
-1 -1
-1 -1
214 214
-1 -1
380 380
2054 75176
1839 1839
-1 -1
-1 -1
-1 -1
-1 -1
-1 -1
776 776
-1 -1
-1 -1
-1 -1
-1 -1
-1 -1
-1 -1
-1 -1
-1 -1
1268 1268
-1 -1
-1 -1
-1 -1
-1 -1
-1 -1
-1 -1
1723 1723
-1 -1
-1 -1
-1 -1
638 638
-1 -1
-1 -1
-1 -1
-1 -1
-1 -1
-1 -1
-1 -1
1360 1360
683 683
-1 -1
-1 -1
-1 -1
-1 -1
465 465
-1 -1
-1 -1
-1 -1
-1 -1
-1 -1
-1 -1
-1 -1
-1 -1
-1 -1
-1 -1
-1 -1
-1 -1
-1 -1
-1 -1
-1 -1
-1 -1
-1 -1
-1 -1
-1 -1
-1 -1
-1 -1
-1 -1
-1 -1
-1 -1
1435 1435
-1 -1
-1 -1
-1 -1
-1 -1
1790 1790
-1 -1
-1 -1
-1 -1
-1 -1
1819 1819
-1 -1
-1 -1
-1 -1
2033 2033
-1 -1
-1 -1
-1 -1
-1 -1
-1 -1
-1 -1
-1 -1
-1 -1
-1 -1
-1 -1
-1 -1
-1 -1
1401 1401
-1 -1
-1 -1
-1 -1
-1 -1
-1 -1
717 717
-1 -1
-1 -1
-1 -1
-1 -1
1486 1486
-1 -1
-1 -1
-1 -1
-1 -1
-1 -1
-1 -1
-1 -1
-1 -1
-1 -1
-1 -1
-1 -1
913 913
-1 -1
417 417
-1 -1
-1 -1
-1 -1
-1 -1
-1 -1
-1 -1
-1 -1
-1 -1
-1 -1
-1 -1
-1 -1
-1 -1
-1 -1
-1 -1
-1 -1
-1 -1
-1 -1
-1 -1
-1 -1
1045 1045
-1 -1
-1 -1
-1 -1
-1 -1
-1 -1
-1 -1
-1 -1
-1 -1
-1 -1
-1 -1
-1 -1
-1 -1
-1 -1
1488 1488
1091 1092
-1 -1
1152 1152
-1 -1
-1 -1
-1 -1
-1 -1
-1 -1
-1 -1
-1 -1
291 291
-1 -1
-1 -1
-1 -1
-1 -1
-1 -1
-1 -1
1332 1332
105 105
1005 1005
-1 -1
-1 -1
-1 -1
-1 -1
827 827
-1 -1
971 971
-1 -1
308 308
-1 -1
-1 -1
-1 -1
-1 -1
-1 -1
-1 -1
1429 1429
-1 -1
802 802
-1 -1
-1 -1
-1 -1
-1 -1
-1 -1
-1 -1
-1 -1
576 576
-1 -1
-1 -1
-1 -1
-1 -1
-1 -1
-1 -1
-1 -1
-1 -1
69 69
-1 -1
1209 1209
-1 -1
-1 -1
-1 -1
-1 -1
-1 -1
984 985
-1 -1
-1 -1
-1 -1
1661 1662
-1 -1
426 426
-1 -1
-1 -1
-1 -1
-1 -1
-1 -1
-1 -1
-1 -1
-1 -1
-1 -1
-1 -1
-1 -1
-1 -1
-1 -1
-1 -1
505 505
-1 -1
-1 -1
-1 -1
-1 -1
-1 -1
-1 -1
-1 -1
-1 -1
-1 -1
-1 -1
-1 -1
-1 -1
1519 1519
-1 -1
-1 -1
-1 -1
-1 -1
-1 -1
-1 -1
-1 -1
-1 -1
-1 -1
-1 -1
-1 -1
-1 -1
-1 -1
-1 -1
-1 -1
-1 -1
-1 -1
-1 -1
-1 -1
-1 -1
-1 -1
-1 -1
-1 -1
-1 -1
-1 -1
-1 -1
-1 -1
-1 -1
-1 -1
-1 -1
918 918
-1 -1
1919 1919
946 946
-1 -1
-1 -1
-1 -1
-1 -1
-1 -1
-1 -1
-1 -1
-1 -1
-1 -1
-1 -1
-1 -1
-1 -1
-1 -1
-1 -1
174 174
-1 -1
-1 -1
1620 1620
-1 -1
-1 -1
-1 -1
-1 -1
-1 -1
-1 -1
-1 -1
-1 -1
-1 -1
-1 -1
-1 -1
-1 -1
-1 -1
1120 1120
594 595
-1 -1
-1 -1
-1 -1
-1 -1
-1 -1
-1 -1
-1 -1
-1 -1
