-1 -1
-1 -1
-1 -1
-1 -1
-1 -1
-1 -1
-1 -1
-1 -1
-1 -1
-1 -1
-1 -1
-1 -1
-1 -1
-1 -1
-1 -1
-1 -1
-1 -1
53 53
-1 -1
-1 -1
1184 1184
288 288
1293 1293
-1 -1
-1 -1
-1 -1
-1 -1
-1 -1
-1 -1
906 906
-1 -1
818 818
-1 -1
391 391
-1 -1
1196 1196
-1 -1
-1 -1
-1 -1
-1 -1
-1 -1
-1 -1
-1 -1
-1 -1
-1 -1
610 610
-1 -1
-1 -1
-1 -1
-1 -1
-1 -1
-1 -1
-1 -1
-1 -1
-1 -1
1043 1043
-1 -1
1930 1930
548 548
-1 -1
998 998
-1 -1
1764 1764
-1 -1
-1 -1
-1 -1
-1 -1
-1 -1
-1 -1
-1 -1
-1 -1
-1 -1
1610 1610
-1 -1
-1 -1
-1 -1
-1 -1
-1 -1
1866 1866
-1 -1
-1 -1
-1 -1
-1 -1
-1 -1
-1 -1
-1 -1
-1 -1
-1 -1
868 868
-1 -1
1234 1234
-1 -1
-1 -1
-1 -1
-1 -1
2011 2012
1233 1233
-1 -1
-1 -1
-1 -1
-1 -1
471 471
-1 -1
923 923
-1 -1
-1 -1
-1 -1
-1 -1
-1 -1
-1 -1
-1 -1
-1 -1
-1 -1
1517 1517
-1 -1
-1 -1
-1 -1
-1 -1
-1 -1
-1 -1
-1 -1
-1 -1
1581 1581
-1 -1
-1 -1
1150 1150
691 692
-1 -1
438 438
-1 -1
-1 -1
-1 -1
-1 -1
-1 -1
-1 -1
-1 -1
-1 -1
-1 -1
-1 -1
-1 -1
-1 -1
1892 1892
1402 1402
-1 -1
-1 -1
-1 -1
-1 -1
-1 -1
824 824
-1 -1
-1 -1
-1 -1
-1 -1
1277 1277
-1 -1
-1 -1
-1 -1
-1 -1
-1 -1
1633 1633
-1 -1
-1 -1
-1 -1
-1 -1
-1 -1
-1 -1
-1 -1
-1 -1
1392 1392
-1 -1
-1 -1
320 320
448 448
-1 -1
-1 -1
-1 -1
-1 -1
-1 -1
-1 -1
-1 -1
-1 -1
-1 -1
-1 -1
-1 -1
-1 -1
-1 -1
-1 -1
-1 -1
-1 -1
-1 -1
-1 -1
-1 -1
-1 -1
-1 -1
-1 -1
-1 -1
-1 -1
-1 -1
1294 1294
-1 -1
-1 -1
-1 -1
-1 -1
-1 -1
-1 -1
-1 -1
708 708
-1 -1
-1 -1
-1 -1
-1 -1
-1 -1
-1 -1
-1 -1
186 186
920 920
-1 -1
-1 -1
-1 -1
-1 -1
-1 -1
-1 -1
-1 -1
-1 -1
-1 -1
-1 -1
-1 -1
-1 -1
81 81
-1 -1
-1 -1
-1 -1
-1 -1
617 617
-1 -1
-1 -1
1721 1721
-1 -1
-1 -1
-1 -1
619 619
-1 -1
-1 -1
-1 -1
-1 -1
-1 -1
821 821
-1 -1
-1 -1
-1 -1
-1 -1
-1 -1
-1 -1
-1 -1
1655 1655
-1 -1
1350 1350
-1 -1
-1 -1
-1 -1
-1 -1
-1 -1
1727 1727
-1 -1
-1 -1
-1 -1
-1 -1
-1 -1
1283 1283
-1 -1
-1 -1
-1 -1
-1 -1
-1 -1
-1 -1
1587 1587
-1 -1
-1 -1
-1 -1
-1 -1
599 599
-1 -1
150 151
-1 -1
-1 -1
-1 -1
1315 1315
-1 -1
143 143
-1 -1
-1 -1
425 425
-1 -1
-1 -1
363 363
-1 -1
714 714
-1 -1
-1 -1
-1 -1
-1 -1
1990 1990
1834 1834
-1 -1
-1 -1
-1 -1
1781 1781
-1 -1
-1 -1
-1 -1
-1 -1
-1 -1
-1 -1
-1 -1
-1 -1
-1 -1
-1 -1
-1 -1
-1 -1
-1 -1
628 628
1000 1000
216 216
-1 -1
-1 -1
-1 -1
1649 1649
1329 1329
358 358
-1 -1
-1 -1
-1 -1
-1 -1
-1 -1
-1 -1
-1 -1
-1 -1
-1 -1
-1 -1
-1 -1
-1 -1
983 984
-1 -1
-1 -1
-1 -1
-1 -1
-1 -1
1683 1683
1580 1580
-1 -1
-1 -1
-1 -1
-1 -1
-1 -1
-1 -1
769 769
-1 -1
-1 -1
-1 -1
-1 -1
-1 -1
-1 -1
-1 -1
-1 -1
-1 -1
-1 -1
1848 1849
672 672
-1 -1
-1 -1
-1 -1
-1 -1
-1 -1
-1 -1
-1 -1
-1 -1
185 185
1431 1431
-1 -1
1716 1716
179 179
-1 -1
-1 -1
-1 -1
-1 -1
-1 -1
-1 -1
-1 -1
-1 -1
-1 -1
-1 -1
-1 -1
-1 -1
-1 -1
-1 -1
-1 -1
-1 -1
-1 -1
-1 -1
-1 -1
1632 1632
1061 1061
-1 -1
-1 -1
-1 -1
1950 1950
-1 -1
-1 -1
-1 -1
-1 -1
-1 -1
-1 -1
-1 -1
535 535
878 878
-1 -1
-1 -1
-1 -1
-1 -1
-1 -1
-1 -1
-1 -1
-1 -1
-1 -1
-1 -1
1274 1274
-1 -1
-1 -1
-1 -1
-1 -1
-1 -1
-1 -1
-1 -1
1494 1494
-1 -1
-1 -1
-1 -1
-1 -1
-1 -1
-1 -1
-1 -1
600 600
-1 -1
-1 -1
-1 -1
-1 -1
-1 -1
-1 -1
-1 -1
1306 1306
281 281
-1 -1
-1 -1
-1 -1
-1 -1
404 404
-1 -1
-1 -1
1700 1700
-1 -1
-1 -1
-1 -1
-1 -1
-1 -1
1530 1530
-1 -1
-1 -1
-1 -1
-1 -1
1536 1536
495 495
174 174
-1 -1
-1 -1
-1 -1
-1 -1
-1 -1
-1 -1
-1 -1
-1 -1
-1 -1
-1 -1
-1 -1
-1 -1
252 252
-1 -1
-1 -1
-1 -1
-1 -1
369 369
-1 -1
-1 -1
-1 -1
-1 -1
-1 -1
-1 -1
-1 -1
-1 -1
-1 -1
-1 -1
-1 -1
-1 -1
-1 -1
119 119
-1 -1
-1 -1
-1 -1
1434 1434
-1 -1
-1 -1
-1 -1
-1 -1
-1 -1
54 54
-1 -1
-1 -1
-1 -1
1993 1994
1046 1046
-1 -1
-1 -1
241 241
-1 -1
-1 -1
-1 -1
-1 -1
-1 -1
-1 -1
-1 -1
241 241
-1 -1
-1 -1
-1 -1
-1 -1
1140 1140
-1 -1
-1 -1
-1 -1
-1 -1
-1 -1
-1 -1
-1 -1
-1 -1
-1 -1
-1 -1
-1 -1
-1 -1
1257 1257
-1 -1
-1 -1
-1 -1
-1 -1
-1 -1
-1 -1
1670 1670
-1 -1
-1 -1
-1 -1
464 464
-1 -1
-1 -1
-1 -1
-1 -1
-1 -1
-1 -1
-1 -1
-1 -1
-1 -1
-1 -1
-1 -1
-1 -1
-1 -1
-1 -1
229 230
-1 -1
-1 -1
-1 -1
-1 -1
-1 -1
-1 -1
-1 -1
-1 -1
-1 -1
-1 -1
-1 -1
-1 -1
854 854
-1 -1
-1 -1
-1 -1
-1 -1
-1 -1
1806 1806
-1 -1
-1 -1
-1 -1
-1 -1
783 783
-1 -1
201 201
317 317
-1 -1
-1 -1
-1 -1
-1 -1
-1 -1
1021 1021
-1 -1
77 77
-1 -1
-1 -1
-1 -1
780 780
-1 -1
-1 -1
-1 -1
-1 -1
1533 1533
1910 1910
377 377
-1 -1
-1 -1
-1 -1
-1 -1
1405 1405
-1 -1
-1 -1
-1 -1
-1 -1
1329 1329
-1 -1
-1 -1
-1 -1
-1 -1
-1 -1
-1 -1
-1 -1
-1 -1
-1 -1
1805 1805
-1 -1
-1 -1
899 899
1303 1305
-1 -1
-1 -1
1372 1372
1743 1743
-1 -1
-1 -1
-1 -1
1115 1115
-1 -1
-1 -1
-1 -1
-1 -1
1148 1148
-1 -1
159 159
-1 -1
-1 -1
-1 -1
-1 -1
-1 -1
-1 -1
-1 -1
-1 -1
849 849
-1 -1
-1 -1
-1 -1
1351 1351
-1 -1
-1 -1
-1 -1
-1 -1
561 561
-1 -1
-1 -1
-1 -1
-1 -1
187 187
-1 -1
-1 -1
-1 -1
-1 -1
-1 -1
-1 -1
-1 -1
-1 -1
-1 -1
-1 -1
-1 -1
-1 -1
-1 -1
-1 -1
693 693
-1 -1
-1 -1
-1 -1
1823 1823
-1 -1
-1 -1
987 987
-1 -1
-1 -1
-1 -1
1408 1408
-1 -1
728 728
-1 -1
-1 -1
1897 1897
-1 -1
-1 -1
1110 1110
-1 -1
-1 -1
-1 -1
-1 -1
516 516
-1 -1
-1 -1
-1 -1
291 291
-1 -1
-1 -1
-1 -1
-1 -1
-1 -1
1521 1521
-1 -1
-1 -1
-1 -1
-1 -1
-1 -1
-1 -1
-1 -1
-1 -1
-1 -1
1161 1161
-1 -1
-1 -1
-1 -1
-1 -1
-1 -1
-1 -1
-1 -1
-1 -1
-1 -1
-1 -1
394 394
1179 1180
-1 -1
1518 1518
-1 -1
-1 -1
-1 -1
-1 -1
1461 1461
-1 -1
-1 -1
-1 -1
-1 -1
-1 -1
-1 -1
-1 -1
930 930
-1 -1
-1 -1
-1 -1
-1 -1
-1 -1
-1 -1
-1 -1
1505 1505
-1 -1
175 175
-1 -1
-1 -1
492 492
-1 -1
-1 -1
-1 -1
-1 -1
-1 -1
-1 -1
-1 -1
835 835
-1 -1
-1 -1
58 58
-1 -1
-1 -1
-1 -1
-1 -1
1428 1428
-1 -1
-1 -1
-1 -1
-1 -1
325 325
-1 -1
-1 -1
-1 -1
-1 -1
926 926
-1 -1
-1 -1
-1 -1
-1 -1
-1 -1
-1 -1
-1 -1
-1 -1
430 430
521 522
1097 1097
-1 -1
-1 -1
-1 -1
-1 -1
-1 -1
-1 -1
-1 -1
-1 -1
-1 -1
-1 -1
-1 -1
-1 -1
-1 -1
-1 -1
-1 -1
-1 -1
-1 -1
-1 -1
-1 -1
-1 -1
-1 -1
1202 1202
-1 -1
-1 -1
-1 -1
-1 -1
-1 -1
-1 -1
1003 1003
-1 -1
-1 -1
-1 -1
-1 -1
416 417
-1 -1
-1 -1
-1 -1
734 734
-1 -1
-1 -1
-1 -1
-1 -1
-1 -1
-1 -1
-1 -1
1749 1749
-1 -1
-1 -1
83 83
-1 -1
-1 -1
-1 -1
-1 -1
1417 1417
-1 -1
827 828
-1 -1
-1 -1
1308 1308
-1 -1
-1 -1
-1 -1
354 354
-1 -1
-1 -1
-1 -1
-1 -1
-1 -1
1228 1228
-1 -1
-1 -1
-1 -1
644 644
1636 1636
-1 -1
-1 -1
-1 -1
-1 -1
-1 -1
1126 1126
964 964
1841 1841
-1 -1
-1 -1
-1 -1
-1 -1
444 444
113 113
-1 -1
-1 -1
1548 1548
-1 -1
-1 -1
-1 -1
-1 -1
-1 -1
3 3
-1 -1
-1 -1
-1 -1
-1 -1
-1 -1
-1 -1
-1 -1
-1 -1
-1 -1
-1 -1
-1 -1
-1 -1
-1 -1
1536 1536
-1 -1
-1 -1
-1 -1
-1 -1
-1 -1
-1 -1
-1 -1
-1 -1
1392 1392
-1 -1
-1 -1
-1 -1
-1 -1
-1 -1
-1 -1
-1 -1
-1 -1
442 442
-1 -1
-1 -1
-1 -1
-1 -1
-1 -1
1655 1655
-1 -1
-1 -1
-1 -1
619 619
-1 -1
-1 -1
-1 -1
8 9
-1 -1
-1 -1
-1 -1
-1 -1
-1 -1
1365 1365
-1 -1
-1 -1
-1 -1
-1 -1
-1 -1
90 90
-1 -1
-1 -1
-1 -1
-1 -1
-1 -1
-1 -1
1962 1962
-1 -1
1914 1914
-1 -1
3 3
-1 -1
-1 -1
-1 -1
-1 -1
-1 -1
1648 1648
-1 -1
-1 -1
-1 -1
-1 -1
-1 -1
-1 -1
-1 -1
453 453
-1 -1
-1 -1
888 888
-1 -1
1976 1976
-1 -1
1176 1176
1837 1837
-1 -1
-1 -1
-1 -1
-1 -1
-1 -1
282 283
1144 1144
183 184
-1 -1
-1 -1
-1 -1
1636 1636
-1 -1
-1 -1
-1 -1
1775 1775
-1 -1
1578 1578
-1 -1
-1 -1
-1 -1
-1 -1
305 305
-1 -1
-1 -1
-1 -1
-1 -1
1763 1763
478 478
-1 -1
-1 -1
-1 -1
-1 -1
-1 -1
-1 -1
1597 1597
1460 1460
-1 -1
-1 -1
-1 -1
-1 -1
-1 -1
-1 -1
-1 -1
-1 -1
419 419
-1 -1
-1 -1
-1 -1
-1 -1
-1 -1
287 287
811 811
-1 -1
-1 -1
-1 -1
1030 1030
-1 -1
-1 -1
-1 -1
-1 -1
430 430
1977 1977
-1 -1
-1 -1
-1 -1
-1 -1
-1 -1
-1 -1
-1 -1
1181 1181
-1 -1
-1 -1
-1 -1
-1 -1
-1 -1
-1 -1
1176 1176
-1 -1
-1 -1
770 770
-1 -1
-1 -1
876 876
-1 -1
-1 -1
-1 -1
699 699
-1 -1
-1 -1
-1 -1
-1 -1
258 258
1499 1499
-1 -1
-1 -1
-1 -1
-1 -1
-1 -1
-1 -1
-1 -1
-1 -1
-1 -1
-1 -1
-1 -1
-1 -1
-1 -1
-1 -1
-1 -1
-1 -1
-1 -1
-1 -1
328 328
-1 -1
-1 -1
-1 -1
-1 -1
1883 1883
-1 -1
-1 -1
1435 1435
-1 -1
-1 -1
-1 -1
1754 1754
-1 -1
-1 -1
-1 -1
-1 -1
-1 -1
-1 -1
-1 -1
-1 -1
-1 -1
-1 -1
-1 -1
-1 -1
-1 -1
-1 -1
-1 -1
-1 -1
1546 1546
-1 -1
-1 -1
-1 -1
-1 -1
-1 -1
-1 -1
-1 -1
-1 -1
-1 -1
-1 -1
-1 -1
-1 -1
-1 -1
-1 -1
-1 -1
-1 -1
-1 -1
-1 -1
-1 -1
-1 -1
-1 -1
-1 -1
-1 -1
446 446
-1 -1
-1 -1
-1 -1
-1 -1
-1 -1
-1 -1
1135 1135
-1 -1
-1 -1
60 60
-1 -1
-1 -1
-1 -1
-1 -1
261 262
185 185
-1 -1
-1 -1
-1 -1
-1 -1
-1 -1
-1 -1
1129 1129
591 592
-1 -1
-1 -1
-1 -1
-1 -1
-1 -1
-1 -1
-1 -1
-1 -1
-1 -1
-1 -1
-1 -1
52 52
1366 1366
-1 -1
325 325
-1 -1
1227 1227
-1 -1
-1 -1
1944 1944
261 262
-1 -1
-1 -1
-1 -1
-1 -1
-1 -1
-1 -1
-1 -1
-1 -1
-1 -1
-1 -1
1933 1933
-1 -1
-1 -1
-1 -1
-1 -1
885 886
-1 -1
1143 1143
-1 -1
1376 1376
-1 -1
-1 -1
-1 -1
-1 -1
-1 -1
-1 -1
-1 -1
1114 1114
-1 -1
-1 -1
-1 -1
-1 -1
-1 -1
-1 -1
-1 -1
-1 -1
-1 -1
-1 -1
-1 -1
-1 -1
-1 -1
-1 -1
-1 -1
-1 -1
-1 -1
-1 -1
-1 -1
-1 -1
-1 -1
-1 -1
-1 -1
770 770
-1 -1
-1 -1
1121 1121
-1 -1
-1 -1
-1 -1
-1 -1
-1 -1
-1 -1
1614 1614
-1 -1
-1 -1
-1 -1
-1 -1
-1 -1
-1 -1
-1 -1
-1 -1
-1 -1
-1 -1
177 177
-1 -1
1037 1037
-1 -1
-1 -1
1478 1478
-1 -1
-1 -1
-1 -1
-1 -1
-1 -1
-1 -1
-1 -1
-1 -1
1659 1659
363 363
-1 -1
-1 -1
-1 -1
-1 -1
-1 -1
-1 -1
258 258
-1 -1
-1 -1
-1 -1
-1 -1
1516 1516
-1 -1
-1 -1
-1 -1
-1 -1
-1 -1
-1 -1
-1 -1
-1 -1
1772 1772
-1 -1
-1 -1
1518 1518
-1 -1
-1 -1
-1 -1
-1 -1
-1 -1
-1 -1
-1 -1
1406 1406
216 216
-1 -1
-1 -1
-1 -1
-1 -1
-1 -1
1031 1031
-1 -1
-1 -1
-1 -1
-1 -1
-1 -1
-1 -1
-1 -1
-1 -1
-1 -1
-1 -1
-1 -1
-1 -1
-1 -1
-1 -1
-1 -1
-1 -1
1253 1253
-1 -1
507 507
30 30
-1 -1
-1 -1
377 377
-1 -1
-1 -1
-1 -1
1255 1255
-1 -1
-1 -1
-1 -1
-1 -1
-1 -1
-1 -1
-1 -1
-1 -1
-1 -1
-1 -1
-1 -1
-1 -1
-1 -1
-1 -1
-1 -1
-1 -1
-1 -1
-1 -1
-1 -1
799 799
-1 -1
-1 -1
-1 -1
-1 -1
-1 -1
-1 -1
-1 -1
-1 -1
-1 -1
281 281
1948 1948
342 342
-1 -1
-1 -1
-1 -1
-1 -1
-1 -1
-1 -1
376 376
-1 -1
987 987
-1 -1
-1 -1
-1 -1
-1 -1
-1 -1
-1 -1
-1 -1
-1 -1
-1 -1
1423 1423
143 143
-1 -1
186 186
-1 -1
930 930
1360 1360
-1 -1
1212 1212
-1 -1
-1 -1
-1 -1
-1 -1
-1 -1
-1 -1
221 221
-1 -1
-1 -1
-1 -1
-1 -1
-1 -1
-1 -1
-1 -1
-1 -1
932 932
-1 -1
-1 -1
-1 -1
86 86
-1 -1
-1 -1
-1 -1
-1 -1
-1 -1
-1 -1
-1 -1
-1 -1
1212 1212
-1 -1
-1 -1
-1 -1
-1 -1
-1 -1
-1 -1
-1 -1
-1 -1
-1 -1
-1 -1
-1 -1
-1 -1
-1 -1
-1 -1
1706 1706
1894 1894
-1 -1
-1 -1
-1 -1
-1 -1
-1 -1
-1 -1
-1 -1
-1 -1
-1 -1
-1 -1
-1 -1
-1 -1
-1 -1
-1 -1
1594 1594
1694 1694
-1 -1
-1 -1
-1 -1
-1 -1
-1 -1
598 598
-1 -1
-1 -1
-1 -1
-1 -1
-1 -1
326 327
1928 1928
-1 -1
-1 -1
-1 -1
-1 -1
-1 -1
1564 1564
-1 -1
-1 -1
-1 -1
-1 -1
-1 -1
-1 -1
-1 -1
-1 -1
-1 -1
1686 1686
-1 -1
-1 -1
-1 -1
-1 -1
-1 -1
-1 -1
-1 -1
845 845
-1 -1
-1 -1
-1 -1
997 997
-1 -1
-1 -1
-1 -1
-1 -1
1238 1238
-1 -1
-1 -1
1613 1613
-1 -1
744 744
-1 -1
-1 -1
-1 -1
-1 -1
-1 -1
-1 -1
-1 -1
-1 -1
1234 1234
-1 -1
89 89
-1 -1
-1 -1
-1 -1
-1 -1
-1 -1
-1 -1
-1 -1
-1 -1
1561 1561
-1 -1
-1 -1
-1 -1
1544 1544
-1 -1
251 251
-1 -1
1859 1859
1418 1419
-1 -1
-1 -1
-1 -1
-1 -1
-1 -1
-1 -1
-1 -1
1647 1647
-1 -1
-1 -1
-1 -1
-1 -1
-1 -1
-1 -1
-1 -1
-1 -1
-1 -1
-1 -1
-1 -1
-1 -1
-1 -1
-1 -1
-1 -1
-1 -1
2001 2001
-1 -1
-1 -1
-1 -1
-1 -1
-1 -1
-1 -1
-1 -1
-1 -1
-1 -1
34 34
65 65
-1 -1
-1 -1
-1 -1
-1 -1
-1 -1
-1 -1
1232 1232
-1 -1
-1 -1
-1 -1
-1 -1
449 449
1563 1563
-1 -1
-1 -1
-1 -1
-1 -1
1981 1981
-1 -1
98 98
1877 1877
-1 -1
-1 -1
-1 -1
1824 1825
1261 1261
738 738
-1 -1
-1 -1
-1 -1
-1 -1
1446 1446
-1 -1
-1 -1
945 945
-1 -1
-1 -1
-1 -1
-1 -1
-1 -1
-1 -1
-1 -1
-1 -1
-1 -1
-1 -1
-1 -1
-1 -1
908 908
-1 -1
-1 -1
-1 -1
405 405
317 317
-1 -1
-1 -1
-1 -1
-1 -1
-1 -1
-1 -1
-1 -1
-1 -1
-1 -1
-1 -1
-1 -1
-1 -1
613 613
-1 -1
-1 -1
-1 -1
83 83
-1 -1
-1 -1
-1 -1
-1 -1
-1 -1
-1 -1
-1 -1
-1 -1
-1 -1
1060 1060
-1 -1
-1 -1
-1 -1
-1 -1
-1 -1
-1 -1
-1 -1
-1 -1
-1 -1
199 199
-1 -1
-1 -1
-1 -1
1368 1368
-1 -1
-1 -1
-1 -1
-1 -1
-1 -1
-1 -1
-1 -1
542 542
-1 -1
-1 -1
-1 -1
-1 -1
-1 -1
-1 -1
-1 -1
-1 -1
-1 -1
-1 -1
-1 -1
-1 -1
-1 -1
-1 -1
-1 -1
1834 1834
548 548
-1 -1
-1 -1
-1 -1
-1 -1
800 800
-1 -1
-1 -1
-1 -1
-1 -1
-1 -1
-1 -1
-1 -1
-1 -1
-1 -1
-1 -1
-1 -1
1196 1196
-1 -1
-1 -1
-1 -1
1906 1906
-1 -1
1022 1022
-1 -1
-1 -1
-1 -1
-1 -1
-1 -1
-1 -1
-1 -1
-1 -1
-1 -1
1458 1458
-1 -1
-1 -1
-1 -1
-1 -1
-1 -1
-1 -1
-1 -1
-1 -1
-1 -1
-1 -1
-1 -1
-1 -1
525 525
1316 1316
1634 1634
764 765
-1 -1
-1 -1
-1 -1
872 872
-1 -1
-1 -1
1813 1813
-1 -1
-1 -1
-1 -1
-1 -1
-1 -1
-1 -1
-1 -1
-1 -1
-1 -1
-1 -1
1102 1102
-1 -1
1720 1720
-1 -1
1602 1602
-1 -1
-1 -1
-1 -1
-1 -1
-1 -1
-1 -1
-1 -1
-1 -1
-1 -1
-1 -1
-1 -1
-1 -1
-1 -1
-1 -1
-1 -1
-1 -1
-1 -1
-1 -1
-1 -1
-1 -1
-1 -1
-1 -1
1746 1747
-1 -1
-1 -1
-1 -1
401 401
-1 -1
-1 -1
-1 -1
329 329
-1 -1
-1 -1
-1 -1
-1 -1
-1 -1
839 839
-1 -1
826 826
-1 -1
-1 -1
497 497
-1 -1
1686 1686
-1 -1
-1 -1
-1 -1
-1 -1
-1 -1
-1 -1
-1 -1
483 483
-1 -1
-1 -1
-1 -1
-1 -1
-1 -1
-1 -1
-1 -1
-1 -1
1184 1184
1474 1474
-1 -1
-1 -1
-1 -1
-1 -1
-1 -1
-1 -1
-1 -1
-1 -1
-1 -1
-1 -1
-1 -1
-1 -1
-1 -1
-1 -1
-1 -1
-1 -1
1166 1166
-1 -1
-1 -1
-1 -1
-1 -1
-1 -1
725 725
-1 -1
-1 -1
-1 -1
-1 -1
-1 -1
-1 -1
-1 -1
-1 -1
-1 -1
1418 1419
-1 -1
-1 -1
-1 -1
-1 -1
-1 -1
-1 -1
-1 -1
1334 1334
-1 -1
-1 -1
-1 -1
-1 -1
-1 -1
-1 -1
-1 -1
-1 -1
-1 -1
1323 1323
-1 -1
-1 -1
1644 1644
-1 -1
-1 -1
-1 -1
-1 -1
-1 -1
-1 -1
-1 -1
-1 -1
-1 -1
-1 -1
-1 -1
-1 -1
-1 -1
-1 -1
-1 -1
-1 -1
-1 -1
-1 -1
-1 -1
-1 -1
-1 -1
-1 -1
-1 -1
-1 -1
770 770
-1 -1
-1 -1
-1 -1
-1 -1
-1 -1
-1 -1
-1 -1
1192 1192
-1 -1
-1 -1
-1 -1
1578 1578
-1 -1
830 830
-1 -1
-1 -1
-1 -1
1990 1990
-1 -1
-1 -1
-1 -1
-1 -1
1450 1450
-1 -1
-1 -1
-1 -1
1369 1369
-1 -1
-1 -1
-1 -1
941 941
-1 -1
967 967
-1 -1
-1 -1
-1 -1
1218 1218
-1 -1
1289 1289
-1 -1
-1 -1
-1 -1
-1 -1
-1 -1
1910 1910
1531 1531
-1 -1
388 388
-1 -1
1496 1496
-1 -1
-1 -1
-1 -1
-1 -1
1776 1776
-1 -1
-1 -1
-1 -1
-1 -1
79 79
-1 -1
-1 -1
-1 -1
1138 1139
-1 -1
-1 -1
378 380
-1 -1
-1 -1
-1 -1
1082 1082
575 575
-1 -1
-1 -1
-1 -1
-1 -1
610 610
-1 -1
-1 -1
-1 -1
-1 -1
-1 -1
-1 -1
-1 -1
-1 -1
-1 -1
-1 -1
-1 -1
-1 -1
-1 -1
-1 -1
-1 -1
-1 -1
-1 -1
1997 1997
-1 -1
275 276
1450 1450
-1 -1
-1 -1
-1 -1
1153 1153
-1 -1
-1 -1
270 270
-1 -1
-1 -1
-1 -1
92 92
-1 -1
-1 -1
-1 -1
-1 -1
-1 -1
-1 -1
-1 -1
-1 -1
-1 -1
815 815
1661 1661
-1 -1
1191 1191
1902 1903
985 985
-1 -1
-1 -1
1505 1505
-1 -1
1311 1311
-1 -1
-1 -1
1619 1619
-1 -1
-1 -1
-1 -1
-1 -1
-1 -1
-1 -1
-1 -1
-1 -1
455 455
-1 -1
-1 -1
-1 -1
-1 -1
-1 -1
1716 1716
-1 -1
1413 1414
897 897
-1 -1
-1 -1
-1 -1
-1 -1
-1 -1
-1 -1
1593 1593
-1 -1
1377 1377
-1 -1
-1 -1
-1 -1
970 970
-1 -1
-1 -1
-1 -1
1227 1227
-1 -1
307 307
-1 -1
593 593
-1 -1
-1 -1
-1 -1
-1 -1
-1 -1
-1 -1
-1 -1
1003 1003
-1 -1
-1 -1
-1 -1
-1 -1
-1 -1
-1 -1
-1 -1
-1 -1
-1 -1
-1 -1
-1 -1
-1 -1
-1 -1
-1 -1
-1 -1
1773 1773
-1 -1
-1 -1
-1 -1
1391 1391
-1 -1
-1 -1
114 114
-1 -1
1803 1803
-1 -1
-1 -1
-1 -1
-1 -1
-1 -1
853 853
219 220
-1 -1
-1 -1
-1 -1
1393 1393
-1 -1
119 119
-1 -1
-1 -1
-1 -1
-1 -1
-1 -1
-1 -1
-1 -1
1342 1342
-1 -1
-1 -1
-1 -1
-1 -1
-1 -1
-1 -1
-1 -1
-1 -1
-1 -1
-1 -1
-1 -1
-1 -1
-1 -1
-1 -1
-1 -1
-1 -1
-1 -1
-1 -1
902 903
-1 -1
1186 1186
-1 -1
463 463
-1 -1
-1 -1
-1 -1
-1 -1
-1 -1
-1 -1
-1 -1
187 187
-1 -1
-1 -1
-1 -1
960 960
-1 -1
-1 -1
-1 -1
-1 -1
1044 1044
-1 -1
-1 -1
-1 -1
-1 -1
-1 -1
-1 -1
-1 -1
-1 -1
1545 1545
-1 -1
-1 -1
-1 -1
-1 -1
4 4
-1 -1
-1 -1
1537 1537
14 14
-1 -1
-1 -1
-1 -1
797 798
-1 -1
498 498
1079 1079
-1 -1
1385 1385
-1 -1
-1 -1
-1 -1
-1 -1
265 265
-1 -1
1820 1820
-1 -1
-1 -1
-1 -1
-1 -1
-1 -1
-1 -1
-1 -1
1957 1957
-1 -1
-1 -1
-1 -1
-1 -1
-1 -1
-1 -1
-1 -1
-1 -1
-1 -1
-1 -1
1836 1836
-1 -1
-1 -1
-1 -1
543 544
-1 -1
-1 -1
-1 -1
-1 -1
-1 -1
-1 -1
-1 -1
-1 -1
-1 -1
-1 -1
-1 -1
-1 -1
-1 -1
-1 -1
-1 -1
1264 1264
-1 -1
-1 -1
-1 -1
-1 -1
-1 -1
-1 -1
979 979
-1 -1
-1 -1
-1 -1
-1 -1
-1 -1
751 752
-1 -1
-1 -1
-1 -1
1436 1436
-1 -1
-1 -1
-1 -1
-1 -1
-1 -1
1032 1032
-1 -1
-1 -1
-1 -1
-1 -1
-1 -1
-1 -1
226 226
-1 -1
-1 -1
-1 -1
-1 -1
-1 -1
-1 -1
-1 -1
-1 -1
-1 -1
-1 -1
-1 -1
77 77
-1 -1
1941 1941
-1 -1
1778 1778
-1 -1
-1 -1
-1 -1
-1 -1
-1 -1
-1 -1
-1 -1
-1 -1
14 14
401 401
1808 1808
-1 -1
-1 -1
-1 -1
-1 -1
-1 -1
-1 -1
-1 -1
-1 -1
-1 -1
-1 -1
-1 -1
-1 -1
-1 -1
1615 1615
-1 -1
-1 -1
-1 -1
389 389
1796 1796
-1 -1
-1 -1
-1 -1
-1 -1
-1 -1
797 798
-1 -1
-1 -1
-1 -1
-1 -1
-1 -1
-1 -1
-1 -1
-1 -1
1844 1844
-1 -1
-1 -1
-1 -1
-1 -1
-1 -1
-1 -1
-1 -1
-1 -1
-1 -1
-1 -1
-1 -1
491 491
-1 -1
1591 1591
-1 -1
-1 -1
-1 -1
-1 -1
1736 1736
-1 -1
-1 -1
-1 -1
1036 1036
1370 1370
1057 1057
-1 -1
552 552
-1 -1
-1 -1
-1 -1
1608 1608
-1 -1
-1 -1
-1 -1
-1 -1
-1 -1
-1 -1
-1 -1
-1 -1
-1 -1
-1 -1
-1 -1
430 430
-1 -1
-1 -1
-1 -1
-1 -1
-1 -1
-1 -1
-1 -1
-1 -1
-1 -1
-1 -1
-1 -1
-1 -1
-1 -1
1776 1776
974 974
-1 -1
1141 1141
-1 -1
-1 -1
1925 1925
-1 -1
-1 -1
-1 -1
-1 -1
-1 -1
-1 -1
-1 -1
-1 -1
-1 -1
-1 -1
-1 -1
-1 -1
773 773
-1 -1
-1 -1
-1 -1
-1 -1
-1 -1
-1 -1
-1 -1
-1 -1
-1 -1
-1 -1
-1 -1
-1 -1
-1 -1
-1 -1
-1 -1
-1 -1
-1 -1
-1 -1
-1 -1
-1 -1
-1 -1
-1 -1
-1 -1
-1 -1
-1 -1
-1 -1
-1 -1
-1 -1
104 104
-1 -1
-1 -1
-1 -1
-1 -1
-1 -1
-1 -1
1274 1274
156 156
-1 -1
-1 -1
-1 -1
866 866
-1 -1
-1 -1
-1 -1
196 196
-1 -1
-1 -1
-1 -1
-1 -1
-1 -1
-1 -1
-1 -1
-1 -1
269 269
1542 1542
-1 -1
-1 -1
-1 -1
-1 -1
-1 -1
-1 -1
-1 -1
-1 -1
-1 -1
-1 -1
-1 -1
-1 -1
1327 1327
-1 -1
-1 -1
-1 -1
1913 1913
-1 -1
1594 1594
-1 -1
470 470
-1 -1
1155 1155
-1 -1
-1 -1
-1 -1
-1 -1
-1 -1
-1 -1
-1 -1
-1 -1
-1 -1
-1 -1
-1 -1
-1 -1
-1 -1
-1 -1
968 968
-1 -1
-1 -1
-1 -1
-1 -1
-1 -1
-1 -1
-1 -1
-1 -1
1659 1659
-1 -1
-1 -1
-1 -1
-1 -1
1962 1962
-1 -1
1239 1239
-1 -1
-1 -1
-1 -1
-1 -1
-1 -1
-1 -1
-1 -1
625 625
-1 -1
-1 -1
-1 -1
806 806
-1 -1
1854 1854
-1 -1
-1 -1
1112 1112
1538 1538
-1 -1
901 901
-1 -1
-1 -1
-1 -1
-1 -1
33 33
-1 -1
-1 -1
1299 1299
-1 -1
-1 -1
-1 -1
-1 -1
-1 -1
-1 -1
-1 -1
-1 -1
674 674
-1 -1
-1 -1
-1 -1
1550 1550
-1 -1
-1 -1
1602 1602
-1 -1
-1 -1
344 344
1454 1454
-1 -1
825 825
-1 -1
-1 -1
-1 -1
-1 -1
-1 -1
-1 -1
-1 -1
-1 -1
-1 -1
-1 -1
-1 -1
1522 1522
-1 -1
-1 -1
-1 -1
-1 -1
419 419
-1 -1
-1 -1
838 838
-1 -1
-1 -1
1518 1518
662 663
-1 -1
-1 -1
-1 -1
-1 -1
-1 -1
-1 -1
-1 -1
-1 -1
-1 -1
-1 -1
-1 -1
-1 -1
1620 1620
1964 1964
-1 -1
724 724
-1 -1
-1 -1
1689 1689
1950 1950
-1 -1
-1 -1
-1 -1
-1 -1
-1 -1
-1 -1
-1 -1
-1 -1
-1 -1
175 175
1619 1619
1887 1888
-1 -1
1934 1934
-1 -1
-1 -1
-1 -1
-1 -1
1951 1954
-1 -1
-1 -1
-1 -1
-1 -1
-1 -1
887 887
1369 1369
-1 -1
-1 -1
-1 -1
-1 -1
1443 1443
-1 -1
-1 -1
-1 -1
-1 -1
-1 -1
1578 1578
-1 -1
-1 -1
-1 -1
971 971
-1 -1
-1 -1
1764 1764
-1 -1
-1 -1
-1 -1
-1 -1
-1 -1
136 136
-1 -1
861 861
-1 -1
-1 -1
-1 -1
-1 -1
971 971
-1 -1
-1 -1
-1 -1
-1 -1
-1 -1
-1 -1
-1 -1
-1 -1
-1 -1
-1 -1
-1 -1
-1 -1
-1 -1
-1 -1
-1 -1
604 605
-1 -1
-1 -1
-1 -1
-1 -1
-1 -1
-1 -1
-1 -1
-1 -1
-1 -1
-1 -1
-1 -1
-1 -1
-1 -1
-1 -1
-1 -1
-1 -1
-1 -1
-1 -1
-1 -1
-1 -1
-1 -1
-1 -1
-1 -1
321 321
-1 -1
938 938
914 914
-1 -1
-1 -1
-1 -1
-1 -1
674 674
-1 -1
-1 -1
308 308
-1 -1
-1 -1
-1 -1
-1 -1
-1 -1
1841 1841
-1 -1
-1 -1
-1 -1
1842 1842
325 325
400 400
-1 -1
-1 -1
-1 -1
-1 -1
926 926
-1 -1
-1 -1
-1 -1
1726 1726
-1 -1
-1 -1
-1 -1
485 485
-1 -1
1656 1656
-1 -1
-1 -1
-1 -1
-1 -1
-1 -1
-1 -1
601 601
1820 1820
-1 -1
-1 -1
-1 -1
-1 -1
-1 -1
-1 -1
1000 1000
-1 -1
-1 -1
-1 -1
-1 -1
1115 1115
-1 -1
-1 -1
-1 -1
-1 -1
-1 -1
-1 -1
-1 -1
-1 -1
-1 -1
-1 -1
-1 -1
-1 -1
-1 -1
-1 -1
-1 -1
-1 -1
-1 -1
-1 -1
-1 -1
-1 -1
-1 -1
-1 -1
-1 -1
1037 1037
-1 -1
-1 -1
-1 -1
-1 -1
-1 -1
-1 -1
-1 -1
-1 -1
-1 -1
-1 -1
424 424
-1 -1
-1 -1
-1 -1
-1 -1
-1 -1
-1 -1
-1 -1
-1 -1
-1 -1
-1 -1
1233 1233
286 286
-1 -1
-1 -1
188 188
-1 -1
-1 -1
972 972
-1 -1
-1 -1
-1 -1
-1 -1
-1 -1
-1 -1
436 436
-1 -1
-1 -1
-1 -1
-1 -1
271 271
-1 -1
-1 -1
779 779
-1 -1
-1 -1
-1 -1
-1 -1
1417 1417
-1 -1
-1 -1
-1 -1
-1 -1
-1 -1
-1 -1
-1 -1
746 746
-1 -1
-1 -1
-1 -1
-1 -1
-1 -1
994 994
-1 -1
-1 -1
-1 -1
-1 -1
-1 -1
-1 -1
-1 -1
-1 -1
-1 -1
1270 1271
-1 -1
-1 -1
-1 -1
865 865
-1 -1
-1 -1
1997 1997
-1 -1
-1 -1
-1 -1
-1 -1
-1 -1
-1 -1
-1 -1
-1 -1
134 134
-1 -1
-1 -1
-1 -1
-1 -1
-1 -1
-1 -1
-1 -1
-1 -1
-1 -1
-1 -1
-1 -1
586 586
1974 1974
-1 -1
-1 -1
1166 1166
-1 -1
-1 -1
-1 -1
-1 -1
-1 -1
-1 -1
-1 -1
-1 -1
1043 1043
-1 -1
-1 -1
-1 -1
-1 -1
709 711
-1 -1
-1 -1
-1 -1
-1 -1
-1 -1
-1 -1
-1 -1
-1 -1
-1 -1
-1 -1
-1 -1
-1 -1
-1 -1
-1 -1
-1 -1
-1 -1
-1 -1
591 592
-1 -1
-1 -1
-1 -1
-1 -1
-1 -1
252 252
-1 -1
-1 -1
-1 -1
-1 -1
-1 -1
-1 -1
-1 -1
-1 -1
-1 -1
1787 1787
-1 -1
1759 1759
-1 -1
-1 -1
-1 -1
-1 -1
-1 -1
-1 -1
-1 -1
1598 1598
-1 -1
227 227
-1 -1
-1 -1
-1 -1
-1 -1
-1 -1
-1 -1
-1 -1
97 97
-1 -1
-1 -1
-1 -1
-1 -1
-1 -1
-1 -1
-1 -1
-1 -1
-1 -1
-1 -1
-1 -1
-1 -1
-1 -1
-1 -1
-1 -1
-1 -1
-1 -1
-1 -1
-1 -1
-1 -1
-1 -1
-1 -1
-1 -1
1629 1629
-1 -1
-1 -1
-1 -1
-1 -1
686 687
-1 -1
-1 -1
1923 1923
-1 -1
-1 -1
-1 -1
-1 -1
-1 -1
216 216
-1 -1
-1 -1
-1 -1
-1 -1
-1 -1
-1 -1
-1 -1
1632 1632
-1 -1
-1 -1
-1 -1
-1 -1
-1 -1
-1 -1
-1 -1
-1 -1
-1 -1
-1 -1
-1 -1
-1 -1
-1 -1
1441 1441
-1 -1
-1 -1
-1 -1
1632 1632
-1 -1
-1 -1
-1 -1
-1 -1
-1 -1
-1 -1
-1 -1
-1 -1
-1 -1
-1 -1
-1 -1
-1 -1
-1 -1
-1 -1
-1 -1
-1 -1
219 220
-1 -1
-1 -1
1887 1888
-1 -1
-1 -1
-1 -1
-1 -1
-1 -1
1589 1589
1356 1356
-1 -1
-1 -1
-1 -1
-1 -1
-1 -1
1012 1012
-1 -1
812 812
-1 -1
-1 -1
-1 -1
-1 -1
-1 -1
-1 -1
-1 -1
130 130
-1 -1
-1 -1
-1 -1
-1 -1
-1 -1
1442 1442
-1 -1
-1 -1
-1 -1
848 848
625 625
-1 -1
-1 -1
-1 -1
-1 -1
-1 -1
-1 -1
1188 1188
-1 -1
-1 -1
-1 -1
-1 -1
-1 -1
-1 -1
-1 -1
428 428
-1 -1
-1 -1
-1 -1
-1 -1
-1 -1
-1 -1
-1 -1
-1 -1
-1 -1
174 174
1745 1745
-1 -1
-1 -1
-1 -1
-1 -1
-1 -1
-1 -1
-1 -1
509 509
-1 -1
-1 -1
1425 1425
-1 -1
-1 -1
-1 -1
158 158
-1 -1
717 717
-1 -1
-1 -1
-1 -1
-1 -1
-1 -1
-1 -1
-1 -1
-1 -1
-1 -1
-1 -1
-1 -1
-1 -1
-1 -1
-1 -1
2013 2013
-1 -1
-1 -1
-1 -1
-1 -1
-1 -1
-1 -1
-1 -1
-1 -1
-1 -1
-1 -1
-1 -1
-1 -1
-1 -1
-1 -1
-1 -1
-1 -1
-1 -1
-1 -1
-1 -1
-1 -1
-1 -1
-1 -1
-1 -1
-1 -1
-1 -1
-1 -1
-1 -1
1011 1011
-1 -1
-1 -1
1863 1863
-1 -1
-1 -1
-1 -1
-1 -1
-1 -1
-1 -1
-1 -1
-1 -1
-1 -1
-1 -1
-1 -1
-1 -1
-1 -1
82 82
-1 -1
-1 -1
-1 -1
-1 -1
-1 -1
-1 -1
-1 -1
-1 -1
-1 -1
-1 -1
-1 -1
-1 -1
-1 -1
-1 -1
-1 -1
-1 -1
-1 -1
-1 -1
168 168
-1 -1
-1 -1
-1 -1
1496 1496
-1 -1
-1 -1
-1 -1
1688 1688
-1 -1
-1 -1
-1 -1
-1 -1
-1 -1
-1 -1
1450 1450
-1 -1
-1 -1
-1 -1
-1 -1
-1 -1
-1 -1
-1 -1
-1 -1
-1 -1
-1 -1
1870 1870
822 822
-1 -1
-1 -1
1823 1823
-1 -1
-1 -1
-1 -1
-1 -1
1058 1058
-1 -1
1870 1870
-1 -1
-1 -1
-1 -1
-1 -1
-1 -1
-1 -1
-1 -1
-1 -1
-1 -1
-1 -1
-1 -1
-1 -1
-1 -1
-1 -1
1907 1907
-1 -1
-1 -1
-1 -1
-1 -1
-1 -1
-1 -1
-1 -1
-1 -1
-1 -1
-1 -1
-1 -1
1547 1547
1552 1553
-1 -1
-1 -1
-1 -1
-1 -1
-1 -1
-1 -1
-1 -1
-1 -1
-1 -1
168 168
-1 -1
-1 -1
-1 -1
-1 -1
-1 -1
-1 -1
-1 -1
-1 -1
-1 -1
-1 -1
-1 -1
1802 1802
-1 -1
-1 -1
-1 -1
-1 -1
-1 -1
-1 -1
-1 -1
-1 -1
-1 -1
-1 -1
-1 -1
-1 -1
-1 -1
-1 -1
-1 -1
-1 -1
-1 -1
-1 -1
398 398
275 276
-1 -1
-1 -1
-1 -1
-1 -1
-1 -1
-1 -1
-1 -1
-1 -1
-1 -1
-1 -1
-1 -1
-1 -1
-1 -1
-1 -1
-1 -1
-1 -1
-1 -1
-1 -1
-1 -1
-1 -1
-1 -1
-1 -1
-1 -1
-1 -1
-1 -1
1843 1843
1172 1172
-1 -1
1179 1180
-1 -1
-1 -1
-1 -1
-1 -1
-1 -1
-1 -1
-1 -1
1012 1012
-1 -1
-1 -1
-1 -1
-1 -1
-1 -1
-1 -1
-1 -1
-1 -1
1867 1867
-1 -1
-1 -1
-1 -1
406 407
-1 -1
-1 -1
1812 1812
-1 -1
-1 -1
-1 -1
-1 -1
2007 2007
-1 -1
943 943
-1 -1
208 208
-1 -1
-1 -1
-1 -1
1565 1565
-1 -1
-1 -1
-1 -1
-1 -1
-1 -1
-1 -1
351 351
7 7
-1 -1
-1 -1
1786 1786
1841 1841
-1 -1
399 399
-1 -1
-1 -1
490 490
-1 -1
-1 -1
-1 -1
-1 -1
-1 -1
496 496
-1 -1
-1 -1
-1 -1
1315 1315
-1 -1
-1 -1
-1 -1
-1 -1
-1 -1
-1 -1
-1 -1
-1 -1
-1 -1
-1 -1
740 740
-1 -1
-1 -1
-1 -1
-1 -1
-1 -1
-1 -1
1772 1772
-1 -1
-1 -1
1809 1809
1597 1597
1281 1281
-1 -1
-1 -1
-1 -1
-1 -1
-1 -1
-1 -1
1985 1986
-1 -1
-1 -1
-1 -1
-1 -1
-1 -1
-1 -1
-1 -1
-1 -1
-1 -1
-1 -1
498 498
1932 1932
-1 -1
-1 -1
-1 -1
-1 -1
-1 -1
-1 -1
-1 -1
-1 -1
-1 -1
-1 -1
-1 -1
1521 1521
-1 -1
1218 1218
-1 -1
-1 -1
-1 -1
-1 -1
-1 -1
-1 -1
-1 -1
-1 -1
-1 -1
-1 -1
-1 -1
-1 -1
-1 -1
1116 1116
-1 -1
-1 -1
-1 -1
-1 -1
1608 1608
-1 -1
-1 -1
-1 -1
-1 -1
-1 -1
-1 -1
-1 -1
-1 -1
-1 -1
894 894
-1 -1
513 513
216 216
-1 -1
-1 -1
-1 -1
-1 -1
-1 -1
-1 -1
-1 -1
-1 -1
-1 -1
-1 -1
-1 -1
-1 -1
-1 -1
-1 -1
-1 -1
-1 -1
-1 -1
-1 -1
-1 -1
-1 -1
-1 -1
-1 -1
-1 -1
-1 -1
-1 -1
-1 -1
-1 -1
-1 -1
210 212
378 380
-1 -1
-1 -1
-1 -1
-1 -1
-1 -1
-1 -1
-1 -1
-1 -1
-1 -1
-1 -1
-1 -1
-1 -1
-1 -1
-1 -1
-1 -1
-1 -1
938 938
-1 -1
1193 1194
-1 -1
-1 -1
-1 -1
-1 -1
-1 -1
-1 -1
-1 -1
1050 1050
-1 -1
1487 1487
-1 -1
-1 -1
-1 -1
-1 -1
-1 -1
-1 -1
649 649
-1 -1
-1 -1
-1 -1
-1 -1
-1 -1
363 363
-1 -1
-1 -1
-1 -1
-1 -1
-1 -1
-1 -1
-1 -1
-1 -1
1837 1837
-1 -1
-1 -1
-1 -1
-1 -1
-1 -1
-1 -1
-1 -1
172 172
-1 -1
484 484
-1 -1
-1 -1
-1 -1
-1 -1
-1 -1
-1 -1
-1 -1
-1 -1
1545 1545
-1 -1
-1 -1
-1 -1
-1 -1
-1 -1
-1 -1
-1 -1
-1 -1
-1 -1
-1 -1
-1 -1
589 589
-1 -1
-1 -1
-1 -1
1672 1672
-1 -1
-1 -1
2018 2018
-1 -1
-1 -1
-1 -1
-1 -1
-1 -1
-1 -1
953 953
-1 -1
-1 -1
288 288
-1 -1
-1 -1
-1 -1
52 52
1198 1198
640 640
-1 -1
-1 -1
-1 -1
-1 -1
253 253
-1 -1
-1 -1
-1 -1
-1 -1
-1 -1
-1 -1
374 374
-1 -1
-1 -1
-1 -1
1325 1325
-1 -1
-1 -1
830 830
1448 1448
-1 -1
-1 -1
-1 -1
-1 -1
610 610
1326 1326
-1 -1
-1 -1
-1 -1
1117 1117
-1 -1
-1 -1
677 677
-1 -1
-1 -1
-1 -1
-1 -1
-1 -1
-1 -1
-1 -1
-1 -1
-1 -1
-1 -1
-1 -1
-1 -1
-1 -1
-1 -1
-1 -1
1204 1204
-1 -1
-1 -1
-1 -1
-1 -1
-1 -1
-1 -1
-1 -1
-1 -1
223 223
1378 1378
1758 1758
-1 -1
-1 -1
-1 -1
-1 -1
-1 -1
-1 -1
10 10
-1 -1
-1 -1
-1 -1
-1 -1
-1 -1
-1 -1
-1 -1
-1 -1
1076 1076
-1 -1
-1 -1
1660 1660
570 570
-1 -1
1491 1491
-1 -1
-1 -1
-1 -1
1462 1462
-1 -1
1641 1641
-1 -1
-1 -1
-1 -1
-1 -1
221 221
1626 1626
-1 -1
-1 -1
38 38
-1 -1
-1 -1
-1 -1
2 2
-1 -1
-1 -1
228 228
-1 -1
-1 -1
-1 -1
-1 -1
945 945
-1 -1
-1 -1
-1 -1
-1 -1
-1 -1
-1 -1
-1 -1
-1 -1
-1 -1
-1 -1
-1 -1
-1 -1
-1 -1
-1 -1
-1 -1
-1 -1
-1 -1
-1 -1
-1 -1
-1 -1
-1 -1
-1 -1
-1 -1
-1 -1
-1 -1
-1 -1
-1 -1
-1 -1
-1 -1
-1 -1
311 312
1911 1911
-1 -1
-1 -1
-1 -1
-1 -1
-1 -1
-1 -1
-1 -1
-1 -1
-1 -1
-1 -1
-1 -1
-1 -1
-1 -1
460 460
-1 -1
-1 -1
-1 -1
-1 -1
-1 -1
-1 -1
-1 -1
-1 -1
-1 -1
-1 -1
-1 -1
-1 -1
-1 -1
-1 -1
-1 -1
424 424
-1 -1
-1 -1
-1 -1
-1 -1
1771 1771
-1 -1
-1 -1
882 882
-1 -1
-1 -1
1719 1719
1977 1977
-1 -1
-1 -1
-1 -1
-1 -1
-1 -1
953 953
-1 -1
-1 -1
-1 -1
-1 -1
-1 -1
-1 -1
-1 -1
255 255
2007 2007
-1 -1
-1 -1
-1 -1
-1 -1
-1 -1
1499 1499
-1 -1
1127 1127
-1 -1
-1 -1
1362 1362
-1 -1
762 763
1380 1381
1422 1422
-1 -1
-1 -1
-1 -1
-1 -1
2002 2003
-1 -1
-1 -1
-1 -1
-1 -1
-1 -1
636 636
273 273
-1 -1
-1 -1
-1 -1
-1 -1
-1 -1
-1 -1
-1 -1
-1 -1
-1 -1
-1 -1
1593 1593
-1 -1
-1 -1
-1 -1
-1 -1
-1 -1
-1 -1
-1 -1
-1 -1
-1 -1
-1 -1
-1 -1
1010 1010
-1 -1
1319 1320
-1 -1
-1 -1
-1 -1
-1 -1
1550 1550
-1 -1
-1 -1
-1 -1
-1 -1
-1 -1
-1 -1
1431 1431
-1 -1
-1 -1
925 925
-1 -1
-1 -1
-1 -1
-1 -1
1802 1802
-1 -1
-1 -1
-1 -1
-1 -1
-1 -1
-1 -1
-1 -1
-1 -1
-1 -1
1125 1125
-1 -1
-1 -1
-1 -1
-1 -1
-1 -1
-1 -1
-1 -1
865 865
-1 -1
-1 -1
-1 -1
-1 -1
509 509
-1 -1
-1 -1
-1 -1
-1 -1
-1 -1
-1 -1
-1 -1
356 357
-1 -1
1110 1110
-1 -1
-1 -1
1591 1591
1340 1340
1920 1920
-1 -1
-1 -1
-1 -1
-1 -1
-1 -1
-1 -1
-1 -1
-1 -1
-1 -1
-1 -1
-1 -1
-1 -1
-1 -1
-1 -1
-1 -1
-1 -1
-1 -1
-1 -1
-1 -1
-1 -1
-1 -1
1943 1943
-1 -1
-1 -1
-1 -1
-1 -1
-1 -1
-1 -1
-1 -1
-1 -1
-1 -1
-1 -1
-1 -1
-1 -1
-1 -1
-1 -1
-1 -1
-1 -1
2011 2012
1778 1778
-1 -1
-1 -1
-1 -1
-1 -1
-1 -1
-1 -1
-1 -1
-1 -1
-1 -1
-1 -1
-1 -1
-1 -1
1291 1292
-1 -1
-1 -1
-1 -1
-1 -1
-1 -1
329 329
-1 -1
-1 -1
-1 -1
-1 -1
-1 -1
-1 -1
-1 -1
-1 -1
-1 -1
-1 -1
-1 -1
-1 -1
1104 1104
-1 -1
-1 -1
-1 -1
-1 -1
-1 -1
-1 -1
-1 -1
-1 -1
-1 -1
1732 1732
-1 -1
-1 -1
67 67
-1 -1
-1 -1
-1 -1
-1 -1
-1 -1
-1 -1
-1 -1
-1 -1
-1 -1
1000 1000
-1 -1
1783 1784
1158 1159
-1 -1
-1 -1
-1 -1
-1 -1
-1 -1
-1 -1
-1 -1
-1 -1
-1 -1
-1 -1
1532 1532
1319 1320
-1 -1
-1 -1
-1 -1
-1 -1
-1 -1
-1 -1
838 838
-1 -1
-1 -1
-1 -1
-1 -1
1902 1903
-1 -1
-1 -1
-1 -1
1572 1572
419 419
1814 1814
-1 -1
-1 -1
1917 1917
-1 -1
1157 1157
-1 -1
-1 -1
504 504
1755 1755
-1 -1
562 562
-1 -1
-1 -1
1543 1543
-1 -1
-1 -1
-1 -1
-1 -1
123 123
299 299
-1 -1
-1 -1
-1 -1
-1 -1
-1 -1
-1 -1
-1 -1
-1 -1
-1 -1
-1 -1
-1 -1
-1 -1
-1 -1
-1 -1
-1 -1
-1 -1
-1 -1
-1 -1
1643 1643
-1 -1
-1 -1
-1 -1
-1 -1
-1 -1
-1 -1
-1 -1
-1 -1
-1 -1
-1 -1
-1 -1
-1 -1
-1 -1
-1 -1
-1 -1
-1 -1
-1 -1
-1 -1
-1 -1
-1 -1
-1 -1
-1 -1
-1 -1
-1 -1
-1 -1
-1 -1
-1 -1
-1 -1
-1 -1
-1 -1
-1 -1
-1 -1
-1 -1
-1 -1
23 23
-1 -1
-1 -1
-1 -1
-1 -1
1432 1432
-1 -1
-1 -1
-1 -1
-1 -1
-1 -1
-1 -1
-1 -1
-1 -1
-1 -1
-1 -1
-1 -1
272 272
-1 -1
-1 -1
-1 -1
-1 -1
-1 -1
-1 -1
1050 1050
-1 -1
-1 -1
-1 -1
-1 -1
-1 -1
-1 -1
-1 -1
-1 -1
-1 -1
-1 -1
-1 -1
-1 -1
-1 -1
-1 -1
1222 1222
-1 -1
-1 -1
284 284
-1 -1
-1 -1
-1 -1
1002 1002
-1 -1
207 207
-1 -1
1702 1702
-1 -1
-1 -1
-1 -1
-1 -1
-1 -1
-1 -1
-1 -1
-1 -1
-1 -1
-1 -1
-1 -1
-1 -1
1132 1132
-1 -1
1080 1080
-1 -1
-1 -1
-1 -1
-1 -1
-1 -1
-1 -1
-1 -1
-1 -1
-1 -1
-1 -1
-1 -1
-1 -1
-1 -1
-1 -1
-1 -1
-1 -1
-1 -1
-1 -1
-1 -1
-1 -1
-1 -1
-1 -1
99 99
-1 -1
-1 -1
1423 1423
-1 -1
1036 1036
1650 1650
-1 -1
91 91
-1 -1
-1 -1
-1 -1
-1 -1
202 203
-1 -1
-1 -1
-1 -1
-1 -1
2000 2000
-1 -1
144 144
-1 -1
-1 -1
-1 -1
-1 -1
-1 -1
-1 -1
-1 -1
-1 -1
-1 -1
-1 -1
-1 -1
-1 -1
-1 -1
-1 -1
-1 -1
770 770
1735 1735
64 64
-1 -1
-1 -1
1690 1690
-1 -1
-1 -1
-1 -1
-1 -1
1670 1670
-1 -1
-1 -1
-1 -1
-1 -1
-1 -1
1875 1875
-1 -1
-1 -1
-1 -1
-1 -1
-1 -1
-1 -1
-1 -1
-1 -1
-1 -1
-1 -1
-1 -1
1667 1667
-1 -1
-1 -1
-1 -1
-1 -1
-1 -1
-1 -1
1281 1281
-1 -1
-1 -1
-1 -1
-1 -1
-1 -1
-1 -1
-1 -1
-1 -1
-1 -1
-1 -1
-1 -1
-1 -1
1389 1389
-1 -1
1260 1260
-1 -1
-1 -1
-1 -1
-1 -1
-1 -1
-1 -1
1011 1011
-1 -1
-1 -1
-1 -1
-1 -1
-1 -1
-1 -1
802 802
-1 -1
-1 -1
-1 -1
-1 -1
-1 -1
-1 -1
491 491
-1 -1
-1 -1
-1 -1
469 469
-1 -1
-1 -1
-1 -1
-1 -1
-1 -1
365 365
-1 -1
-1 -1
-1 -1
88 88
-1 -1
-1 -1
829 829
53 53
-1 -1
-1 -1
1013 1013
1509 1509
-1 -1
-1 -1
-1 -1
-1 -1
-1 -1
-1 -1
-1 -1
-1 -1
-1 -1
-1 -1
-1 -1
1783 1784
-1 -1
-1 -1
22 22
-1 -1
-1 -1
-1 -1
-1 -1
-1 -1
-1 -1
-1 -1
-1 -1
-1 -1
529 530
-1 -1
-1 -1
-1 -1
-1 -1
-1 -1
-1 -1
-1 -1
1438 1438
-1 -1
-1 -1
-1 -1
-1 -1
-1 -1
-1 -1
-1 -1
-1 -1
-1 -1
-1 -1
-1 -1
-1 -1
-1 -1
1327 1327
-1 -1
-1 -1
-1 -1
-1 -1
1935 1935
-1 -1
-1 -1
-1 -1
-1 -1
-1 -1
51 51
-1 -1
1880 1880
-1 -1
-1 -1
288 288
616 616
1112 1112
-1 -1
-1 -1
182 182
-1 -1
-1 -1
-1 -1
-1 -1
-1 -1
-1 -1
-1 -1
-1 -1
1641 1641
-1 -1
241 241
-1 -1
-1 -1
-1 -1
-1 -1
-1 -1
-1 -1
-1 -1
-1 -1
-1 -1
-1 -1
-1 -1
-1 -1
-1 -1
-1 -1
-1 -1
-1 -1
-1 -1
1066 1066
-1 -1
1383 1383
-1 -1
899 899
-1 -1
-1 -1
-1 -1
-1 -1
-1 -1
-1 -1
-1 -1
-1 -1
-1 -1
-1 -1
-1 -1
-1 -1
-1 -1
-1 -1
-1 -1
-1 -1
-1 -1
-1 -1
-1 -1
631 631
-1 -1
-1 -1
-1 -1
-1 -1
-1 -1
-1 -1
1476 1476
451 451
-1 -1
1996 1996
-1 -1
-1 -1
-1 -1
-1 -1
-1 -1
1106 1107
-1 -1
-1 -1
-1 -1
-1 -1
-1 -1
-1 -1
-1 -1
-1 -1
-1 -1
-1 -1
-1 -1
-1 -1
-1 -1
-1 -1
-1 -1
-1 -1
-1 -1
-1 -1
-1 -1
-1 -1
485 485
508 508
-1 -1
-1 -1
-1 -1
-1 -1
-1 -1
-1 -1
-1 -1
-1 -1
-1 -1
1306 1306
-1 -1
-1 -1
-1 -1
-1 -1
1007 1007
-1 -1
-1 -1
-1 -1
-1 -1
-1 -1
73 74
202 203
-1 -1
593 593
-1 -1
1045 1045
1684 1684
287 287
