7949 7949
9803 9803
3639 3640
4313 4314
-1 -1
4917 4918
3722 3722
618 618
4266 4266
9634 9634
8761 8761
3876 3877
5814 5814
-1 -1
4197 4198
6654 6654
8589 8590
-1 -1
5193 5193
5385 5388
5827 5827
1347 1348
6403 6403
-1 -1
3901 3902
651 651
-1 -1
7714 7714
-1 -1
4453 4454
5685 5685
3955 3955
-1 -1
-1 -1
-1 -1
-1 -1
9853 9853
6797 6798
-1 -1
-1 -1
6511 6512
7721 7722
-1 -1
-1 -1
-1 -1
-1 -1
-1 -1
8237 8237
6746 6746
2788 2789
7562 7562
4083 4085
2566 2566
-1 -1
2990 2990
5133 5133
7390 7391
9613 9614
-1 -1
-1 -1
4925 4925
5322 5324
-1 -1
-1 -1
-1 -1
-1 -1
-1 -1
-1 -1
488 488
7418 7418
8077 8077
5419 5420
-1 -1
9453 9453
446 446
5231 5231
1274 1275
-1 -1
-1 -1
6874 6876
-1 -1
-1 -1
6228 6228
5683 5683
3069 3069
-1 -1
-1 -1
-1 -1
-1 -1
-1 -1
6095 6095
3501 3501
-1 -1
-1 -1
2790 2790
-1 -1
6087 6088
5850 5852
4575 4575
4083 4085
7492 7492
2214 2214
1332 1332
-1 -1
6495 6495
8661 8662
611 612
-1 -1
-1 -1
9944 9944
-1 -1
2080 2080
-1 -1
7493 7493
-1 -1
-1 -1
-1 -1
-1 -1
438 438
1410 1410
1976 1976
5207 5207
-1 -1
4106 4106
-1 -1
5647 5647
3366 3366
8664 8668
2039 2039
9343 9345
9585 9587
-1 -1
821 821
-1 -1
-1 -1
655 655
9287 9287
-1 -1
-1 -1
9582 9582
4425 4425
9439 9439
6932 6932
5510 5511
2622 2622
-1 -1
3166 3166
5897 5898
3985 3985
-1 -1
-1 -1
-1 -1
7711 7711
-1 -1
2888 2888
8355 8355
7512 7513
1481 1481
447 448
8121 8123
3974 3974
1697 1698
5044 5045
6314 6316
-1 -1
8791 8792
-1 -1
9337 9337
6869 6869
8937 8937
4310 4310
1501 1501
2078 2078
4551 4553
9654 9656
2132 2132
4291 4292
6775 6776
8500 8500
-1 -1
3979 3979
3610 3610
3584 3584
3205 3205
4730 4731
34 34
-1 -1
4208 4208
-1 -1
7746 7750
8325 8325
-1 -1
3410 3410
3730 3731
2976 2976
6329 6331
6895 6896
829 829
6414 6414
9289 9289
6619 6620
1872 1872
5104 5105
738 738
9649 9650
-1 -1
3445 3445
556 556
1540 1541
8547 8547
1273 1273
1175 1176
-1 -1
4725 4726
-1 -1
-1 -1
6778 6778
-1 -1
-1 -1
2848 2848
3670 3670
7573 7573
7200 7200
1315 1315
-1 -1
3360 3360
2682 2684
9416 9416
-1 -1
-1 -1
-1 -1
6340 6340
8591 8592
2997 2999
-1 -1
9531 9532
8584 8586
-1 -1
-1 -1
8032 8034
-1 -1
-1 -1
8099 8099
3715 3715
-1 -1
6994 6994
3975 3977
9315 9315
255 255
-1 -1
-1 -1
8733 8733
142 144
8348 8348
-1 -1
1946 1946
6642 6642
-1 -1
5540 5542
8711 8711
6445 6446
2691 2691
8617 8617
-1 -1
-1 -1
-1 -1
5789 5790
-1 -1
6355 6355
5472 5472
6888 6889
-1 -1
-1 -1
-1 -1
-1 -1
7877 7877
-1 -1
-1 -1
7870 7870
8273 8273
2890 2892
6072 6072
663 663
7376 7376
-1 -1
2793 2793
6520 6520
5711 5711
616 617
4976 4977
3008 3009
-1 -1
5322 5324
8320 8320
1724 1724
5466 5467
3476 3476
5145 5146
798 799
-1 -1
-1 -1
-1 -1
9173 9173
-1 -1
9625 9625
9879 9879
8914 8915
4083 4085
-1 -1
6545 6545
7981 7981
-1 -1
-1 -1
78 80
682 682
6357 6358
5694 5694
-1 -1
-1 -1
-1 -1
3045 3048
4930 4930
998 999
8751 8753
2383 2383
7086 7086
8200 8200
-1 -1
-1 -1
3136 3136
-1 -1
984 984
4073 4076
8284 8285
3296 3298
-1 -1
6189 6189
6948 6948
-1 -1
1151 1151
-1 -1
-1 -1
-1 -1
-1 -1
-1 -1
-1 -1
-1 -1
8373 8374
-1 -1
66 68
445 445
-1 -1
-1 -1
-1 -1
9419 9419
3705 3706
6268 6268
6609 6610
-1 -1
6842 6842
1021 1021
2435 2435
-1 -1
4695 4695
5654 5654
8360 8364
-1 -1
-1 -1
-1 -1
-1 -1
9010 9010
-1 -1
2783 2783
8322 8322
-1 -1
3085 3085
842 842
-1 -1
-1 -1
8561 8561
822 822
-1 -1
-1 -1
-1 -1
-1 -1
1432 1432
5186 5186
5654 5654
1449 1449
1010 1010
4304 4305
5333 5334
7438 7438
-1 -1
2300 2300
4159 4162
-1 -1
-1 -1
4014 4017
294 294
8112 8113
5239 5240
-1 -1
2165 2165
8704 8707
-1 -1
-1 -1
892 894
1055 1056
-1 -1
4525 4525
2301 2302
7557 7557
-1 -1
4290 4290
3982 3982
2142 2142
-1 -1
5122 5122
564 564
2388 2389
-1 -1
-1 -1
-1 -1
-1 -1
-1 -1
1927 1927
-1 -1
3220 3221
8884 8884
-1 -1
7810 7810
-1 -1
-1 -1
4032 4033
2235 2235
7599 7599
3348 3349
7613 7613
6483 6483
7278 7278
-1 -1
-1 -1
5600 5600
7853 7853
5127 5127
4911 4911
-1 -1
1691 1691
-1 -1
1306 1306
-1 -1
1792 1792
-1 -1
-1 -1
-1 -1
-1 -1
-1 -1
8489 8489
-1 -1
7905 7905
4657 4657
-1 -1
-1 -1
-1 -1
4989 4989
4142 4143
-1 -1
3930 3930
-1 -1
-1 -1
-1 -1
2673 2673
1301 1302
6949 6949
4822 4823
8270 8270
9451 9451
1098 1098
1229 1229
9895 9895
615 615
7967 7969
8460 8460
1158 1158
8258 8258
2142 2142
7335 7336
9164 9164
1751 1753
1352 1352
6237 6237
7511 7511
6104 6104
3094 3094
-1 -1
-1 -1
9164 9164
3987 3987
4219 4220
332 332
4923 4923
-1 -1
506 506
9084 9084
-1 -1
-1 -1
-1 -1
7581 7583
2677 2677
3602 3602
843 843
2314 2314
248 252
2362 2362
5968 5968
-1 -1
-1 -1
5156 5156
6643 6643
6874 6876
-1 -1
9560 9560
4841 4841
9015 9016
5832 5832
-1 -1
5462 5464
-1 -1
-1 -1
3507 3507
431 431
4094 4094
-1 -1
-1 -1
2795 2795
-1 -1
-1 -1
-1 -1
6536 6536
903 903
-1 -1
7650 7652
-1 -1
1863 1863
1351 1351
6411 6411
-1 -1
-1 -1
-1 -1
5348 5348
-1 -1
9084 9084
-1 -1
-1 -1
6721 6721
3132 3132
1793 1793
2182 2183
739 740
-1 -1
855 855
6974 6976
9005 9006
2338 2339
3247 3247
4306 4306
3126 3126
8084 8085
4377 4379
1930 1931
-1 -1
2477 2478
1070 1070
2615 2615
6920 6921
226 226
2091 2091
4886 4887
-1 -1
7436 7437
504 504
5902 5903
-1 -1
3161 3162
1462 1462
-1 -1
587 587
-1 -1
-1 -1
8504 8504
1499 1500
9041 9041
3338 3339
5779 5779
8009 8009
-1 -1
3792 3792
5916 5916
922 924
1484 1484
-1 -1
-1 -1
-1 -1
4877 4878
8522 8522
5024 5025
2070 2070
358 358
2753 2753
-1 -1
-1 -1
3775 3775
-1 -1
898 898
-1 -1
778 780
7597 7597
-1 -1
1795 1796
9085 9085
-1 -1
9598 9599
-1 -1
-1 -1
-1 -1
-1 -1
-1 -1
7189 7190
-1 -1
-1 -1
504 504
-1 -1
-1 -1
-1 -1
3925 3925
8966 8973
7297 7297
4810 4810
9037 9037
5537 5537
3394 3396
4430 4430
-1 -1
-1 -1
2094 2096
6777 6777
8698 8701
-1 -1
2954 2954
4803 4805
-1 -1
2459 2460
262 262
840 841
-1 -1
-1 -1
2368 2369
696 696
3915 3916
3758 3758
2677 2677
9685 9686
2593 2593
-1 -1
-1 -1
9103 9103
4117 4117
-1 -1
6385 6385
5932 5934
-1 -1
4582 4582
-1 -1
-1 -1
1245 1246
-1 -1
-1 -1
725 725
-1 -1
4942 4942
857 857
881 882
1900 1900
-1 -1
2191 2191
6441 6441
8882 8882
-1 -1
-1 -1
-1 -1
9053 9053
5935 5936
520 520
-1 -1
2445 2445
-1 -1
2449 2449
7564 7565
2211 2212
9126 9126
9058 9059
3 4
4842 4842
953 953
8072 8072
-1 -1
-1 -1
4747 4747
-1 -1
6979 6979
8133 8135
-1 -1
8597 8598
3878 3878
-1 -1
7283 7283
-1 -1
-1 -1
840 841
2450 2451
3541 3542
-1 -1
1686 1686
1368 1368
-1 -1
6373 6373
-1 -1
-1 -1
-1 -1
7510 7510
9098 9098
-1 -1
-1 -1
2424 2424
5033 5033
7090 7090
9872 9873
887 887
-1 -1
-1 -1
9574 9575
4204 4204
4931 4931
-1 -1
8056 8056
2251 2251
398 399
7580 7580
-1 -1
-1 -1
-1 -1
5793 5793
-1 -1
-1 -1
-1 -1
7500 7501
-1 -1
-1 -1
7207 7207
-1 -1
6994 6994
2014 2014
2100 2100
-1 -1
1321 1321
6652 6652
4583 4583
-1 -1
3187 3187
1198 1198
4646 4647
7731 7731
7088 7089
5636 5637
7435 7435
-1 -1
795 795
2179 2180
8035 8035
2317 2317
-1 -1
8779 8784
7692 7692
4797 4797
5879 5881
6186 6186
3935 3936
4041 4045
-1 -1
8446 8447
-1 -1
3539 3540
3382 3382
3983 3984
-1 -1
-1 -1
1432 1432
-1 -1
1377 1377
-1 -1
1542 1542
3210 3211
-1 -1
1660 1661
-1 -1
4560 4561
-1 -1
6723 6724
-1 -1
7415 7415
8326 8327
-1 -1
-1 -1
-1 -1
2009 2009
2484 2485
5421 5422
9624 9624
475 476
1490 1491
4587 4587
-1 -1
-1 -1
2341 2342
1298 1298
6894 6894
7901 7903
1340 1340
5624 5625
5613 5613
2126 2126
6733 6733
926 927
8774 8775
9679 9679
4718 4721
-1 -1
8557 8558
-1 -1
3133 3134
7195 7196
-1 -1
-1 -1
-1 -1
6918 6918
4941 4941
-1 -1
2506 2507
7901 7903
1798 1798
1945 1945
9087 9087
9358 9358
-1 -1
3571 3571
7492 7492
-1 -1
8378 8382
-1 -1
8870 8870
-1 -1
233 233
-1 -1
3534 3535
-1 -1
-1 -1
3422 3423
9530 9530
-1 -1
-1 -1
-1 -1
1917 1917
-1 -1
1311 1313
7956 7956
-1 -1
8820 8820
3873 3875
-1 -1
1692 1692
5548 5548
3568 3568
-1 -1
2347 2347
4597 4600
-1 -1
-1 -1
-1 -1
9667 9667
-1 -1
-1 -1
6837 6837
-1 -1
7213 7213
9878 9878
-1 -1
5565 5566
-1 -1
-1 -1
7306 7306
6046 6047
5200 5201
7064 7064
2063 2064
-1 -1
-1 -1
3793 3794
7661 7663
4178 4178
138 138
3938 3939
5122 5122
-1 -1
18 18
6065 6065
145 145
-1 -1
3072 3072
9590 9593
6319 6322
-1 -1
-1 -1
-1 -1
-1 -1
-1 -1
4840 4840
-1 -1
-1 -1
438 438
8084 8085
6613 6613
7511 7511
-1 -1
-1 -1
6928 6928
7828 7828
6869 6869
220 220
5435 5435
9073 9075
-1 -1
86 86
-1 -1
1811 1811
5569 5569
-1 -1
9937 9938
5335 5336
264 266
-1 -1
431 431
-1 -1
6601 6601
3440 3440
8370 8371
-1 -1
1517 1517
4621 4622
1237 1237
43 43
7508 7508
6749 6749
5087 5087
311 311
4567 4567
6712 6712
-1 -1
7616 7616
3313 3313
6410 6410
487 487
396 397
1023 1025
8238 8238
7717 7717
9794 9796
-1 -1
-1 -1
-1 -1
-1 -1
-1 -1
-1 -1
18 18
9732 9732
4885 4885
3579 3580
7277 7277
-1 -1
8196 8196
-1 -1
9377 9377
4685 4685
3127 3128
-1 -1
7849 7849
-1 -1
-1 -1
-1 -1
8061 8061
-1 -1
9678 9678
-1 -1
-1 -1
5783 5783
9196 9201
6378 6380
-1 -1
2130 2130
2347 2347
-1 -1
1308 1308
-1 -1
837 838
-1 -1
3572 3572
2129 2129
-1 -1
7590 7591
-1 -1
8757 8757
-1 -1
977 981
-1 -1
3922 3922
1279 1279
-1 -1
-1 -1
1431 1431
8355 8355
5986 5986
4038 4038
-1 -1
8821 8822
2236 2238
-1 -1
-1 -1
247 247
6389 6391
6850 6850
9146 9146
7929 7930
7201 7203
325 325
5007 5008
98 98
9222 9223
8241 8241
7974 7975
5595 5595
1381 1381
-1 -1
6130 6131
-1 -1
7145 7145
1127 1127
-1 -1
1337 1338
-1 -1
2361 2361
9377 9377
-1 -1
5062 5063
1655 1655
8507 8507
1486 1486
2906 2906
2009 2009
9817 9817
1521 1521
8638 8638
-1 -1
1976 1976
-1 -1
5031 5031
253 253
5802 5803
8187 8187
1674 1674
7145 7145
2663 2663
7068 7069
1231 1232
5783 5783
6179 6180
7377 7377
-1 -1
-1 -1
-1 -1
4278 4278
827 827
-1 -1
6018 6018
3398 3398
7842 7842
-1 -1
3035 3035
2615 2615
1194 1195
7400 7400
8313 8313
1392 1392
-1 -1
3007 3007
1696 1696
6991 6991
9481 9482
2157 2158
8306 8307
9941 9941
-1 -1
519 519
9026 9026
1900 1900
4409 4410
4388 4388
254 254
-1 -1
1551 1551
2498 2499
-1 -1
-1 -1
4832 4832
9411 9411
1555 1555
4393 4395
7062 7063
-1 -1
6412 6413
-1 -1
-1 -1
-1 -1
1517 1517
8010 8010
5253 5253
6003 6003
3342 3342
5458 5458
7444 7444
5956 5959
-1 -1
7610 7612
8207 8207
9543 9544
4194 4196
2149 2149
-1 -1
7658 7658
-1 -1
7039 7039
1187 1188
7555 7556
-1 -1
9739 9740
2335 2337
-1 -1
7315 7315
7156 7156
4655 4656
-1 -1
7415 7415
8906 8906
7132 7132
1451 1451
-1 -1
-1 -1
-1 -1
-1 -1
8682 8682
-1 -1
2639 2639
2071 2072
2508 2510
9949 9949
2716 2716
8220 8222
2539 2540
7448 7448
5596 5596
8067 8068
-1 -1
276 278
7317 7317
4957 4958
-1 -1
3605 3606
1214 1215
842 842
-1 -1
-1 -1
-1 -1
-1 -1
3413 3414
3639 3640
5573 5573
2853 2853
1668 1669
6099 6100
1098 1098
1969 1969
-1 -1
8452 8452
-1 -1
42 42
-1 -1
5932 5934
8323 8324
244 244
6727 6727
1131 1131
1542 1542
-1 -1
6058 6058
3026 3026
6645 6645
9696 9696
1214 1215
-1 -1
-1 -1
7046 7046
9177 9177
4054 4056
2930 2931
-1 -1
7981 7981
-1 -1
-1 -1
9631 9633
-1 -1
-1 -1
-1 -1
2357 2357
4333 4333
7564 7565
5620 5620
6598 6598
6799 6801
8010 8010
5742 5742
8448 8448
-1 -1
7696 7696
2203 2206
5077 5077
-1 -1
-1 -1
-1 -1
5612 5612
-1 -1
4079 4080
2412 2412
187 187
-1 -1
718 720
7233 7233
4329 4330
-1 -1
9317 9320
3495 3496
6755 6757
7936 7937
5930 5931
6964 6964
7669 7669
-1 -1
1504 1504
111 112
-1 -1
-1 -1
1461 1461
-1 -1
-1 -1
3150 3150
168 169
9277 9277
6035 6035
-1 -1
-1 -1
-1 -1
7365 7365
3623 3623
2706 2706
5996 5997
496 496
2258 2258
9389 9389
9130 9131
7869 7869
7826 7826
810 812
7238 7238
5107 5107
-1 -1
-1 -1
-1 -1
4158 4158
8677 8677
7238 7238
-1 -1
2852 2852
7360 7363
-1 -1
-1 -1
8246 8246
1724 1724
8175 8176
-1 -1
9451 9451
2653 2654
5986 5986
211 211
1194 1195
9911 9911
-1 -1
2015 2015
-1 -1
-1 -1
7829 7830
5574 5574
-1 -1
1168 1170
9435 9435
1492 1492
-1 -1
-1 -1
8877 8879
203 203
8086 8087
-1 -1
3455 3455
8074 8075
-1 -1
9525 9525
6963 6963
389 390
1622 1622
6953 6953
998 999
-1 -1
8999 9001
1367 1367
6984 6984
-1 -1
5074 5076
5372 5372
618 618
1022 1022
7054 7054
-1 -1
2025 2025
3220 3221
-1 -1
6964 6964
-1 -1
7065 7065
2578 2578
2419 2419
1558 1559
-1 -1
-1 -1
6223 6225
5780 5780
2406 2406
-1 -1
6646 6647
7823 7823
1795 1796
-1 -1
-1 -1
3848 3848
-1 -1
9186 9189
-1 -1
1641 1641
651 651
9147 9149
7060 7060
-1 -1
8604 8605
9040 9040
4258 4258
-1 -1
665 666
3602 3602
1699 1700
-1 -1
1067 1068
5858 5859
2233 2234
-1 -1
3862 3863
7948 7948
5785 5786
2477 2478
4426 4426
4464 4466
1572 1572
5879 5881
9382 9382
3266 3266
1306 1306
-1 -1
-1 -1
932 932
-1 -1
3521 3521
5878 5878
-1 -1
2591 2592
1786 1786
9637 9637
4842 4842
7898 7899
-1 -1
9549 9549
1005 1008
9278 9278
6109 6109
2976 2976
9537 9537
3163 3165
7023 7023
616 617
1674 1674
-1 -1
-1 -1
4583 4583
6687 6687
1381 1381
5972 5972
4138 4140
-1 -1
245 245
405 405
1519 1520
4307 4307
-1 -1
9682 9683
1866 1867
6185 6185
9359 9359
-1 -1
-1 -1
1940 1942
-1 -1
4586 4586
-1 -1
1951 1951
2314 2314
-1 -1
484 484
7967 7969
2848 2848
8124 8125
1156 1157
6006 6006
9531 9532
9714 9714
5972 5972
6174 6175
1486 1486
-1 -1
6060 6060
1971 1972
1449 1449
8245 8245
-1 -1
-1 -1
-1 -1
-1 -1
8807 8808
7856 7856
-1 -1
8518 8518
-1 -1
3370 3370
-1 -1
1035 1035
-1 -1
9073 9075
2447 2448
633 633
-1 -1
-1 -1
6956 6957
8453 8453
-1 -1
7693 7695
7480 7481
7917 7917
-1 -1
8047 8047
-1 -1
-1 -1
6408 6409
8057 8057
2885 2885
-1 -1
9457 9457
7871 7871
2860 2861
5165 5165
1543 1544
9604 9605
-1 -1
8559 8560
-1 -1
3557 3559
-1 -1
-1 -1
2576 2576
-1 -1
-1 -1
1083 1084
447 448
6273 6274
5955 5955
8711 8711
-1 -1
8398 8398
8485 8486
8508 8510
6263 6263
-1 -1
4104 4105
-1 -1
2394 2394
-1 -1
423 425
7126 7128
816 817
4915 4915
-1 -1
6073 6073
-1 -1
9729 9730
-1 -1
1768 1768
5280 5280
8015 8015
7086 7086
-1 -1
421 422
1936 1936
5373 5373
2397 2399
3428 3428
9736 9736
-1 -1
5039 5039
6095 6095
7520 7520
395 395
8183 8183
2988 2989
9248 9249
7581 7583
88 88
3679 3679
5677 5678
6915 6915
-1 -1
-1 -1
9848 9848
3725 3726
-1 -1
-1 -1
1150 1150
-1 -1
9307 9307
-1 -1
9257 9259
-1 -1
3210 3211
6894 6894
2108 2108
5120 5120
-1 -1
-1 -1
8074 8075
-1 -1
6471 6477
-1 -1
6010 6010
2630 2630
9957 9957
9068 9069
-1 -1
-1 -1
7359 7359
4873 4873
-1 -1
6929 6929
-1 -1
-1 -1
-1 -1
-1 -1
6006 6006
482 482
105 105
2817 2817
6746 6746
-1 -1
5791 5791
5192 5192
150 150
-1 -1
3002 3002
9146 9146
1002 1004
-1 -1
762 762
-1 -1
6085 6085
5100 5100
3618 3618
7018 7021
-1 -1
2088 2088
7744 7744
9645 9645
-1 -1
-1 -1
-1 -1
-1 -1
6796 6796
435 435
9395 9396
-1 -1
-1 -1
5552 5554
-1 -1
6257 6257
-1 -1
-1 -1
-1 -1
821 821
-1 -1
-1 -1
3028 3029
-1 -1
-1 -1
7712 7713
-1 -1
3072 3072
2866 2867
-1 -1
1064 1064
-1 -1
-1 -1
-1 -1
3730 3731
1658 1658
4136 4137
4463 4463
-1 -1
1374 1374
4876 4876
1897 1899
1484 1484
2038 2038
57 57
-1 -1
-1 -1
2868 2869
8653 8653
4959 4959
2557 2557
-1 -1
4853 4853
8114 8114
263 263
-1 -1
9212 9213
-1 -1
-1 -1
-1 -1
9072 9072
2401 2401
-1 -1
8621 8621
6179 6180
2741 2742
4253 4253
-1 -1
-1 -1
-1 -1
5216 5218
-1 -1
1412 1413
3402 3406
-1 -1
1960 1961
114 114
-1 -1
9475 9475
908 908
297 299
-1 -1
1377 1377
6743 6743
-1 -1
7981 7981
-1 -1
1265 1265
9293 9293
6797 6798
8511 8511
2579 2579
6362 6362
3779 3780
-1 -1
926 927
8711 8711
-1 -1
3147 3149
9774 9775
9481 9482
-1 -1
8273 8273
2415 2415
-1 -1
6135 6135
7277 7277
9173 9173
-1 -1
3541 3542
2909 2909
4917 4918
-1 -1
-1 -1
-1 -1
-1 -1
8026 8026
2226 2227
-1 -1
484 484
4491 4491
3002 3002
-1 -1
8067 8068
2014 2014
-1 -1
6862 6862
5993 5993
-1 -1
9500 9500
-1 -1
5027 5027
-1 -1
-1 -1
8759 8759
7345 7346
6104 6104
-1 -1
5850 5852
9349 9351
-1 -1
-1 -1
2149 2149
5210 5214
6824 6824
-1 -1
-1 -1
-1 -1
2728 2728
5348 5348
1727 1728
-1 -1
-1 -1
2379 2382
2515 2515
-1 -1
8130 8130
3695 3695
3228 3228
2388 2389
8470 8470
-1 -1
6312 6312
2163 2164
-1 -1
1073 1073
1060 1060
-1 -1
8491 8491
-1 -1
-1 -1
4900 4900
-1 -1
-1 -1
6973 6973
-1 -1
-1 -1
8583 8583
3117 3117
7961 7961
6288 6288
6281 6283
9963 9963
1485 1485
6166 6166
8411 8411
1918 1918
99 99
6251 6256
1524 1524
-1 -1
7843 7843
-1 -1
6752 6753
619 619
869 869
9807 9808
3061 3061
-1 -1
9280 9280
8323 8324
1903 1903
8728 8729
9442 9442
823 824
8571 8572
1877 1877
4266 4266
4257 4257
-1 -1
1560 1560
7924 7924
-1 -1
-1 -1
-1 -1
6117 6118
-1 -1
4748 4748
4001 4001
8021 8021
-1 -1
2348 2348
7632 7633
8398 8398
-1 -1
1785 1785
188 188
-1 -1
-1 -1
6560 6562
-1 -1
-1 -1
6166 6166
3098 3098
1487 1487
3153 3153
9930 9930
5186 5186
-1 -1
-1 -1
5827 5827
7271 7272
5801 5801
6011 6012
1552 1552
-1 -1
6179 6180
-1 -1
8492 8492
6001 6002
7683 7686
-1 -1
6441 6441
-1 -1
-1 -1
4348 4348
4577 4581
1089 1090
5722 5722
44 46
5127 5127
2061 2061
6127 6129
4744 4746
3530 3532
-1 -1
3579 3580
6804 6804
8512 8512
6766 6771
2860 2861
-1 -1
-1 -1
-1 -1
-1 -1
-1 -1
3103 3105
8011 8011
4159 4162
956 956
2692 2694
-1 -1
-1 -1
7401 7405
1988 1988
-1 -1
3846 3846
9565 9566
2105 2106
6929 6929
697 697
374 374
6551 6551
4223 4223
5890 5890
8178 8178
-1 -1
-1 -1
6925 6927
5960 5961
-1 -1
2842 2842
3072 3072
-1 -1
-1 -1
4480 4480
5205 5205
5155 5155
-1 -1
1737 1737
-1 -1
4460 4460
-1 -1
5574 5574
1619 1620
6690 6691
-1 -1
-1 -1
9875 9875
-1 -1
-1 -1
6933 6933
-1 -1
4380 4383
4325 4325
-1 -1
8992 8992
5208 5208
5874 5874
7511 7511
5964 5966
-1 -1
-1 -1
-1 -1
4013 4013
7607 7609
-1 -1
3282 3283
-1 -1
9084 9084
-1 -1
3841 3842
247 247
-1 -1
3263 3263
3808 3808
4344 4344
6748 6748
6293 6293
-1 -1
9169 9169
4641 4642
2113 2114
4752 4752
9230 9230
4326 4328
-1 -1
6004 6005
1810 1810
6386 6386
8889 8891
-1 -1
-1 -1
563 563
8345 8345
-1 -1
7588 7588
963 963
-1 -1
7530 7531
7378 7378
6332 6333
3381 3381
9930 9930
6269 6269
8893 8893
8719 8719
1755 1756
-1 -1
3343 3343
362 362
5893 5893
-1 -1
2530 2530
5607 5607
-1 -1
7814 7814
-1 -1
5655 5656
9939 9940
-1 -1
5342 5343
2755 2755
-1 -1
8512 8512
9184 9185
-1 -1
-1 -1
7303 7303
9514 9514
6185 6185
1731 1731
4828 4829
-1 -1
-1 -1
9846 9847
-1 -1
-1 -1
2586 2586
5873 5873
9169 9169
-1 -1
2578 2578
1233 1233
3266 3266
9893 9894
-1 -1
-1 -1
-1 -1
-1 -1
6513 6513
5373 5373
5669 5669
1780 1780
2882 2882
1263 1263
4822 4823
-1 -1
2872 2872
402 403
2014 2014
-1 -1
9830 9830
-1 -1
2303 2303
-1 -1
8091 8091
5834 5834
4615 4615
-1 -1
8256 8256
9610 9610
5861 5863
9487 9487
4836 4836
1376 1376
1810 1810
7435 7435
-1 -1
-1 -1
6135 6135
3386 3386
8036 8038
-1 -1
-1 -1
8748 8750
-1 -1
3138 3138
8630 8630
3055 3055
-1 -1
2133 2133
7905 7905
-1 -1
3692 3693
8164 8164
8738 8740
8561 8561
1134 1134
6981 6981
4415 4415
2191 2191
-1 -1
1660 1661
4365 4366
1241 1241
1962 1962
7913 7913
-1 -1
-1 -1
4464 4466
3198 3199
5225 5226
4761 4761
-1 -1
5362 5363
-1 -1
6058 6058
6577 6579
1444 1444
332 332
2862 2863
-1 -1
-1 -1
1399 1399
9242 9245
-1 -1
7646 7647
-1 -1
4941 4941
-1 -1
7112 7112
3772 3772
7964 7965
1656 1656
-1 -1
3309 3311
8549 8549
488 488
-1 -1
5155 5155
736 736
5593 5593
8690 8691
-1 -1
8881 8881
-1 -1
4640 4640
9293 9293
6860 6860
9455 9456
3052 3052
-1 -1
3131 3131
9020 9020
7135 7135
1128 1128
-1 -1
4833 4833
9813 9813
-1 -1
-1 -1
8279 8282
1866 1867
509 509
6880 6880
846 846
506 506
-1 -1
3056 3057
-1 -1
1545 1547
3429 3429
5842 5844
510 510
-1 -1
7809 7809
1860 1860
3604 3604
6372 6372
417 417
3940 3940
-1 -1
-1 -1
-1 -1
-1 -1
-1 -1
7156 7156
8215 8216
2021 2022
4694 4694
7027 7027
1241 1241
5061 5061
4446 4447
1969 1969
-1 -1
2312 2313
2175 2178
6502 6503
6901 6901
-1 -1
3329 3329
152 152
1746 1746
9725 9725
857 857
-1 -1
3552 3552
9963 9963
-1 -1
4006 4007
9302 9302
-1 -1
-1 -1
5143 5144
9070 9071
-1 -1
9781 9781
6245 6245
-1 -1
4577 4581
-1 -1
7925 7925
7657 7657
2241 2241
2186 2188
11 11
6359 6359
19 19
-1 -1
5860 5860
7618 7620
59 59
3226 3227
-1 -1
-1 -1
3857 3857
9834 9834
2356 2356
5332 5332
8476 8476
-1 -1
7419 7419
7731 7731
9678 9678
-1 -1
-1 -1
-1 -1
9104 9106
5981 5981
4884 4884
5335 5336
271 271
-1 -1
572 572
3926 3927
9753 9753
9458 9459
-1 -1
7981 7981
3340 3340
984 984
5766 5766
9725 9725
-1 -1
8827 8827
4325 4325
-1 -1
-1 -1
3002 3002
2648 2649
-1 -1
-1 -1
6778 6778
-1 -1
113 113
3363 3363
7294 7295
4959 4959
5157 5159
2444 2444
5205 5205
3904 3904
-1 -1
-1 -1
-1 -1
607 607
-1 -1
-1 -1
-1 -1
1168 1170
-1 -1
2316 2316
-1 -1
4811 4811
-1 -1
6929 6929
-1 -1
2719 2719
1619 1620
3643 3644
5364 5364
8019 8019
4023 4025
7074 7074
8086 8087
-1 -1
-1 -1
9252 9252
-1 -1
5079 5080
-1 -1
-1 -1
-1 -1
1743 1743
445 445
7312 7312
1049 1049
-1 -1
394 394
2796 2796
9492 9492
6130 6131
2659 2661
-1 -1
-1 -1
-1 -1
-1 -1
-1 -1
358 358
264 266
9680 9681
-1 -1
8907 8907
619 619
-1 -1
2131 2131
-1 -1
3579 3580
-1 -1
8498 8499
6677 6677
59 59
1877 1877
9046 9046
8184 8185
6276 6276
9568 9568
3196 3197
-1 -1
-1 -1
7683 7686
232 232
5242 5242
4643 4643
-1 -1
-1 -1
-1 -1
-1 -1
9313 9313
4949 4949
7168 7168
-1 -1
8985 8985
2665 2665
-1 -1
-1 -1
5835 5835
4954 4954
3857 3857
7897 7897
7472 7473
2335 2337
-1 -1
-1 -1
6966 6966
139 140
9481 9482
9229 9229
8686 8686
3808 3808
9443 9443
8377 8377
-1 -1
689 690
8234 8234
-1 -1
-1 -1
6246 6246
-1 -1
-1 -1
7340 7340
7904 7904
5111 5111
-1 -1
14 16
8032 8034
8663 8663
-1 -1
9360 9360
4783 4784
5103 5103
6754 6754
-1 -1
3127 3128
2632 2632
8099 8099
332 332
4985 4987
7994 7994
-1 -1
-1 -1
6954 6954
7367 7368
2430 2430
2769 2770
5621 5621
5450 5450
-1 -1
-1 -1
9471 9471
2009 2009
8965 8965
-1 -1
-1 -1
5878 5878
6946 6947
8242 8242
725 725
-1 -1
4443 4444
1487 1487
-1 -1
1883 1883
2051 2054
8893 8893
-1 -1
761 761
-1 -1
1126 1126
4320 4320
-1 -1
8889 8891
-1 -1
-1 -1
9076 9077
3752 3752
-1 -1
7470 7470
1766 1766
3569 3569
5020 5021
6263 6263
-1 -1
3732 3732
3466 3466
-1 -1
866 866
3220 3221
6354 6354
2701 2701
8760 8760
-1 -1
5292 5293
-1 -1
-1 -1
-1 -1
-1 -1
7775 7776
9824 9824
1249 1251
-1 -1
4591 4591
69 71
336 337
9083 9083
-1 -1
2080 2080
7256 7259
1954 1954
9119 9124
-1 -1
-1 -1
444 444
6392 6392
3143 3143
267 267
2701 2701
-1 -1
4334 4335
-1 -1
679 679
4498 4500
1989 1991
3840 3840
4213 4213
8228 8228
9343 9345
4348 4348
897 897
4640 4640
-1 -1
4814 4814
1050 1050
-1 -1
-1 -1
-1 -1
5237 5237
1255 1256
7634 7634
-1 -1
6290 6290
2575 2575
-1 -1
-1 -1
-1 -1
1534 1534
6991 6991
-1 -1
7853 7853
7850 7851
6819 6819
6574 6574
9287 9287
1983 1983
-1 -1
-1 -1
7522 7526
7917 7917
-1 -1
-1 -1
3892 3892
5670 5670
1896 1896
-1 -1
9835 9835
1403 1403
9190 9191
9731 9731
1241 1241
-1 -1
-1 -1
2620 2620
7542 7542
4975 4975
7520 7520
2697 2698
-1 -1
-1 -1
4555 4558
-1 -1
7696 7696
5858 5859
-1 -1
7366 7366
6591 6593
8246 8246
-1 -1
-1 -1
-1 -1
9731 9731
-1 -1
1781 1784
-1 -1
9219 9219
-1 -1
4938 4938
3442 3442
3043 3044
-1 -1
-1 -1
-1 -1
9760 9760
3747 3748
2902 2902
-1 -1
4725 4726
9272 9276
-1 -1
5034 5035
-1 -1
-1 -1
8319 8319
4442 4442
-1 -1
3319 3319
3062 3062
-1 -1
148 148
-1 -1
-1 -1
6437 6437
5501 5502
-1 -1
-1 -1
4713 4713
8335 8335
-1 -1
-1 -1
7890 7892
-1 -1
8189 8189
-1 -1
4693 4693
7678 7678
1810 1810
3352 3352
7961 7961
-1 -1
3161 3162
-1 -1
7173 7173
-1 -1
3991 3992
-1 -1
5789 5790
-1 -1
1617 1617
1144 1145
3717 3717
9739 9740
6493 6493
5026 5026
6707 6710
237 237
7521 7521
4845 4845
4879 4880
9764 9764
-1 -1
-1 -1
7430 7430
846 846
-1 -1
8154 8156
7043 7044
-1 -1
3237 3237
-1 -1
334 335
-1 -1
-1 -1
1956 1956
1414 1414
7298 7298
5700 5700
718 720
1787 1788
4655 4656
9880 9880
8044 8044
9776 9776
-1 -1
3525 3525
6831 6833
5391 5391
8417 8417
-1 -1
-1 -1
-1 -1
-1 -1
-1 -1
-1 -1
9764 9764
7898 7899
-1 -1
6241 6241
795 795
8036 8038
9426 9427
4508 4508
-1 -1
-1 -1
6020 6020
4604 4605
-1 -1
-1 -1
419 419
5693 5693
6597 6597
9561 9561
602 603
4336 4336
6748 6748
-1 -1
359 359
1852 1852
-1 -1
-1 -1
2639 2639
575 575
4906 4909
9515 9515
4685 4685
-1 -1
78 80
-1 -1
7304 7304
4765 4766
-1 -1
2611 2614
-1 -1
3103 3105
-1 -1
3864 3865
3634 3634
1855 1855
573 574
6987 6988
4177 4177
-1 -1
1449 1449
2932 2933
-1 -1
4765 4766
8942 8943
8682 8682
-1 -1
-1 -1
5873 5873
-1 -1
-1 -1
-1 -1
2685 2685
3320 3320
7156 7156
-1 -1
-1 -1
914 914
5281 5282
-1 -1
-1 -1
2061 2061
-1 -1
230 231
-1 -1
-1 -1
-1 -1
-1 -1
-1 -1
-1 -1
4071 4072
8995 8995
8021 8021
7401 7405
9051 9051
-1 -1
-1 -1
-1 -1
-1 -1
1684 1684
3133 3134
3176 3176
-1 -1
1509 1510
-1 -1
4613 4613
-1 -1
4898 4899
-1 -1
4231 4231
-1 -1
-1 -1
5832 5832
-1 -1
-1 -1
8011 8011
4497 4497
7911 7911
9742 9742
-1 -1
-1 -1
7200 7200
-1 -1
9647 9647
-1 -1
1542 1542
-1 -1
-1 -1
2996 2996
2233 2234
-1 -1
4560 4561
-1 -1
-1 -1
-1 -1
-1 -1
-1 -1
1862 1862
7495 7495
2274 2274
5996 5997
8235 8236
8346 8346
4231 4231
5766 5766
5279 5279
-1 -1
-1 -1
-1 -1
9104 9106
-1 -1
-1 -1
7863 7863
5635 5635
-1 -1
-1 -1
4930 4930
1524 1524
-1 -1
5066 5066
7645 7645
-1 -1
6899 6900
1806 1806
5913 5914
8369 8369
775 775
9606 9606
-1 -1
2506 2507
6979 6979
5030 5030
-1 -1
2788 2789
4646 4647
-1 -1
-1 -1
642 642
-1 -1
-1 -1
-1 -1
-1 -1
8355 8355
205 206
4919 4922
5107 5107
1378 1378
3086 3088
4869 4869
988 988
-1 -1
-1 -1
9797 9797
-1 -1
136 136
7614 7614
1977 1977
1414 1414
6372 6372
2717 2717
-1 -1
4741 4741
-1 -1
8115 8115
2576 2576
1180 1180
7331 7331
6087 6088
1329 1329
2900 2900
-1 -1
-1 -1
313 313
-1 -1
4767 4768
-1 -1
58 58
-1 -1
4582 4582
2468 2468
-1 -1
-1 -1
934 934
3099 3099
3268 3268
6275 6275
1264 1264
-1 -1
-1 -1
3764 3767
-1 -1
7417 7417
-1 -1
-1 -1
-1 -1
8732 8732
5641 5641
-1 -1
-1 -1
4019 4019
201 202
6779 6779
3615 3616
-1 -1
1960 1961
1036 1036
2070 2070
3052 3052
4894 4894
4548 4548
7697 7697
995 995
8627 8627
-1 -1
-1 -1
4741 4741
3851 3851
5913 5914
6295 6296
9669 9671
-1 -1
-1 -1
-1 -1
9172 9172
312 312
9893 9894
-1 -1
7423 7424
7068 7069
8375 8376
-1 -1
6565 6565
5248 5248
-1 -1
569 569
8056 8056
3393 3393
7533 7533
-1 -1
5707 5707
7092 7092
-1 -1
1082 1082
3568 3568
8992 8992
2506 2507
2822 2822
-1 -1
9815 9815
7802 7802
5722 5722
6870 6871
7462 7462
6318 6318
4464 4466
-1 -1
2942 2942
-1 -1
7669 7669
5133 5133
5980 5980
3605 3606
1644 1645
-1 -1
3453 3453
-1 -1
-1 -1
-1 -1
4654 4654
-1 -1
2873 2873
9601 9601
8253 8254
7483 7484
-1 -1
-1 -1
-1 -1
2821 2821
8410 8410
8626 8626
-1 -1
6454 6455
2853 2853
7496 7496
4616 4617
7406 7407
-1 -1
8116 8116
1158 1158
8690 8691
4741 4741
2468 2468
4157 4157
-1 -1
-1 -1
2010 2010
-1 -1
9374 9374
8930 8930
9088 9092
8799 8799
-1 -1
3896 3896
2268 2270
711 711
-1 -1
3285 3285
302 302
7944 7944
-1 -1
-1 -1
-1 -1
4438 4438
-1 -1
2163 2164
868 868
4623 4624
-1 -1
432 433
3847 3847
5391 5391
1428 1428
4828 4829
6092 6093
-1 -1
3803 3804
-1 -1
8400 8400
8365 8366
3145 3145
7823 7823
-1 -1
-1 -1
-1 -1
6280 6280
-1 -1
6616 6616
6964 6964
676 676
1985 1985
-1 -1
-1 -1
8092 8092
3903 3903
-1 -1
8297 8297
3055 3055
3334 3337
1758 1758
1177 1178
-1 -1
3455 3455
1022 1022
-1 -1
-1 -1
9627 9628
998 999
2914 2914
5462 5464
1060 1060
4567 4567
295 296
1451 1451
7628 7629
8112 8113
3083 3083
7822 7822
1903 1903
-1 -1
-1 -1
-1 -1
8960 8960
7383 7383
7213 7213
-1 -1
8025 8025
-1 -1
5628 5628
-1 -1
4627 4631
1611 1611
-1 -1
8112 8113
7157 7157
3313 3313
-1 -1
9011 9011
-1 -1
4662 4662
3737 3737
1104 1104
7644 7644
7137 7138
2824 2824
8704 8707
7599 7599
9810 9810
1578 1578
-1 -1
-1 -1
722 722
2682 2684
9426 9427
-1 -1
7464 7465
4614 4614
4219 4220
200 200
7893 7893
6674 6674
-1 -1
4138 4140
1021 1021
-1 -1
-1 -1
4995 4997
9647 9647
3917 3918
-1 -1
2094 2096
-1 -1
607 607
8732 8732
1292 1292
4100 4100
547 547
-1 -1
-1 -1
-1 -1
8005 8005
-1 -1
-1 -1
1190 1190
-1 -1
-1 -1
4111 4111
-1 -1
1439 1441
-1 -1
-1 -1
-1 -1
6029 6031
8202 8203
5847 5847
4206 4206
5967 5967
-1 -1
-1 -1
4480 4480
575 575
704 704
-1 -1
-1 -1
3268 3268
4180 4180
3101 3101
5878 5878
9014 9014
4189 4189
2138 2138
4124 4124
-1 -1
8714 8716
7299 7299
6994 6994
902 902
2011 2011
3982 3982
3322 3322
9235 9235
2413 2413
9862 9863
9354 9355
7025 7025
4859 4859
9360 9360
5093 5093
687 688
9168 9168
-1 -1
-1 -1
-1 -1
6659 6659
700 700
-1 -1
6991 6991
442 442
6063 6063
6343 6343
1152 1152
3754 3755
4597 4600
-1 -1
-1 -1
9959 9959
-1 -1
4337 4337
-1 -1
7396 7396
9828 9828
1481 1481
3131 3131
4877 4878
3407 3407
1118 1118
-1 -1
1598 1598
-1 -1
9543 9544
-1 -1
-1 -1
-1 -1
-1 -1
-1 -1
6101 6102
-1 -1
3652 3652
2937 2937
-1 -1
-1 -1
2745 2745
836 836
-1 -1
7845 7845
4508 4508
9332 9333
5860 5860
1069 1069
7504 7504
-1 -1
8019 8019
7624 7624
2364 2367
-1 -1
5693 5693
-1 -1
-1 -1
6535 6535
-1 -1
375 375
-1 -1
707 707
-1 -1
9768 9768
1126 1126
4714 4716
-1 -1
606 606
607 607
7721 7722
3140 3141
9647 9647
7593 7593
-1 -1
9033 9036
-1 -1
6527 6529
-1 -1
749 750
1908 1911
-1 -1
9017 9017
7378 7378
-1 -1
8195 8195
4448 4449
8412 8412
1819 1821
575 575
-1 -1
-1 -1
8842 8842
4972 4972
-1 -1
4959 4959
6772 6773
2894 2894
-1 -1
-1 -1
5993 5993
-1 -1
-1 -1
117 117
-1 -1
9365 9367
-1 -1
4470 4470
-1 -1
9126 9126
4028 4028
8851 8851
7889 7889
3090 3091
-1 -1
6866 6868
9365 9367
121 124
8811 8815
4353 4353
5454 5456
6258 6258
3153 3153
3799 3799
-1 -1
8045 8045
4664 4665
3487 3487
9879 9879
-1 -1
5375 5375
-1 -1
3763 3763
528 530
7478 7479
3974 3974
-1 -1
2952 2952
-1 -1
5964 5966
-1 -1
-1 -1
6384 6384
7659 7659
-1 -1
-1 -1
2416 2416
-1 -1
872 872
1407 1407
6914 6914
3052 3052
-1 -1
-1 -1
749 750
-1 -1
5304 5304
9648 9648
3017 3017
5949 5949
6317 6317
-1 -1
9467 9467
5610 5611
7046 7046
2314 2314
-1 -1
-1 -1
1069 1069
8059 8059
5871 5872
3170 3170
-1 -1
-1 -1
-1 -1
6624 6624
-1 -1
961 962
9522 9522
4151 4153
8139 8140
-1 -1
593 594
-1 -1
8357 8359
1875 1875
-1 -1
6640 6641
-1 -1
-1 -1
4460 4460
2874 2875
6020 6020
-1 -1
483 483
9919 9919
4286 4286
6859 6859
3209 3209
-1 -1
5469 5470
-1 -1
9626 9626
5237 5237
-1 -1
9507 9508
-1 -1
-1 -1
6992 6992
-1 -1
7863 7863
6723 6724
9226 9228
-1 -1
-1 -1
5793 5793
537 537
-1 -1
4522 4523
-1 -1
-1 -1
3058 3059
-1 -1
4995 4997
3293 3295
-1 -1
1866 1867
-1 -1
8067 8068
5207 5207
-1 -1
6621 6621
-1 -1
1496 1497
6951 6951
2971 2971
1904 1904
3463 3463
219 219
9064 9064
8754 8756
9141 9141
596 597
-1 -1
-1 -1
-1 -1
-1 -1
3374 3374
-1 -1
9663 9663
-1 -1
-1 -1
-1 -1
-1 -1
-1 -1
468 468
5579 5579
3438 3438
9679 9679
1682 1682
37 38
2708 2710
6357 6358
8927 8927
-1 -1
2186 2188
-1 -1
9644 9644
-1 -1
-1 -1
9627 9628
1426 1426
-1 -1
-1 -1
9352 9353
2346 2346
1986 1987
4814 4814
8375 8376
6520 6520
-1 -1
6089 6089
6925 6927
7536 7537
5974 5974
5072 5073
-1 -1
-1 -1
2196 2196
7476 7477
3588 3593
1428 1428
-1 -1
2275 2275
3172 3173
-1 -1
3050 3051
8877 8879
-1 -1
4981 4982
-1 -1
7929 7930
-1 -1
5186 5186
8342 8344
5919 5919
9714 9714
2159 2159
-1 -1
9836 9836
-1 -1
-1 -1
607 607
339 341
3342 3342
8139 8140
2629 2629
7530 7531
5098 5098
-1 -1
2356 2356
9620 9623
-1 -1
8564 8565
6230 6233
482 482
-1 -1
-1 -1
3136 3136
-1 -1
-1 -1
-1 -1
9484 9484
7510 7510
-1 -1
6004 6005
-1 -1
-1 -1
6438 6440
-1 -1
5860 5860
5128 5128
4003 4003
9017 9017
786 786
-1 -1
-1 -1
9125 9125
5811 5811
5509 5509
-1 -1
7466 7466
-1 -1
1947 1950
7994 7994
8610 8610
-1 -1
1578 1578
-1 -1
-1 -1
-1 -1
-1 -1
-1 -1
8283 8283
-1 -1
-1 -1
-1 -1
998 999
7918 7918
-1 -1
5583 5584
-1 -1
8334 8334
3634 3634
-1 -1
-1 -1
8774 8775
5151 5153
8648 8648
9716 9716
-1 -1
510 510
-1 -1
3639 3640
-1 -1
-1 -1
-1 -1
8352 8352
6982 6982
5717 5718
821 821
-1 -1
-1 -1
7250 7250
1558 1559
3360 3360
971 971
-1 -1
8001 8001
7905 7905
3507 3507
-1 -1
-1 -1
4309 4309
5856 5856
1094 1094
1066 1066
-1 -1
6995 6998
-1 -1
2942 2942
8653 8653
3364 3364
2169 2170
4613 4613
-1 -1
-1 -1
-1 -1
2635 2637
7723 7724
4898 4899
-1 -1
8935 8935
2558 2558
5181 5182
406 407
7320 7322
7638 7638
5545 5546
2516 2518
-1 -1
4785 4785
-1 -1
-1 -1
2629 2629
2100 2100
3299 3299
6696 6696
3056 3057
1724 1724
6575 6576
4966 4967
2198 2198
9354 9355
-1 -1
-1 -1
8515 8517
5254 5254
9196 9201
4058 4058
-1 -1
6547 6548
-1 -1
662 662
6201 6202
3548 3549
-1 -1
2151 2154
2265 2266
6623 6623
11 11
1648 1650
2168 2168
-1 -1
-1 -1
5709 5710
1392 1392
7657 7657
1340 1340
-1 -1
7419 7419
2596 2597
-1 -1
6359 6359
216 216
-1 -1
8816 8816
6035 6035
4151 4153
-1 -1
-1 -1
9678 9678
-1 -1
-1 -1
-1 -1
-1 -1
9971 9971
-1 -1
5281 5282
8654 8654
1604 1605
-1 -1
9360 9360
-1 -1
1141 1141
3013 3013
1347 1348
9648 9648
2021 2022
-1 -1
244 244
5910 5911
3109 3110
4610 4610
9827 9827
3620 3620
313 313
1171 1171
1604 1605
6407 6407
-1 -1
3583 3583
7967 7969
2211 2212
1770 1770
-1 -1
3631 3631
2316 2316
6555 6556
-1 -1
3508 3508
4013 4013
-1 -1
-1 -1
694 694
739 740
8508 8510
-1 -1
6567 6567
4386 4386
-1 -1
-1 -1
5512 5513
751 751
-1 -1
3305 3305
6742 6742
-1 -1
2830 2830
8010 8010
-1 -1
171 172
-1 -1
9648 9648
7119 7122
-1 -1
-1 -1
-1 -1
4748 4748
-1 -1
1479 1479
5926 5927
763 763
5506 5507
7283 7283
4125 4126
4167 4168
8026 8026
-1 -1
9118 9118
1033 1034
6815 6815
8797 8798
3617 3617
-1 -1
8270 8270
-1 -1
5826 5826
2362 2362
47 47
9849 9850
1872 1872
9209 9210
7423 7424
-1 -1
351 351
6105 6107
-1 -1
-1 -1
4091 4092
6471 6477
8249 8251
-1 -1
758 758
-1 -1
2157 2158
-1 -1
8766 8766
7216 7216
4370 4371
8174 8174
9420 9422
7228 7228
-1 -1
9743 9745
-1 -1
8079 8079
5648 5648
3138 3138
184 185
5462 5464
1656 1656
9954 9954
-1 -1
-1 -1
-1 -1
-1 -1
9590 9593
-1 -1
4221 4222
3327 3327
-1 -1
1330 1331
-1 -1
4133 4134
7674 7674
-1 -1
-1 -1
-1 -1
8116 8116
6166 6166
9728 9728
-1 -1
3468 3468
9055 9056
3544 3544
-1 -1
9329 9329
-1 -1
7581 7583
-1 -1
-1 -1
9523 9523
-1 -1
6924 6924
1644 1645
3035 3035
-1 -1
-1 -1
-1 -1
1462 1462
8602 8603
1458 1460
9516 9516
4010 4010
5241 5241
7920 7920
474 474
-1 -1
6662 6663
4770 4771
-1 -1
648 648
5312 5312
4004 4004
4905 4905
2296 2296
2166 2166
9725 9725
-1 -1
9885 9885
-1 -1
-1 -1
-1 -1
1741 1741
-1 -1
1226 1226
300 300
2374 2374
4166 4166
8143 8145
-1 -1
4187 4188
1977 1977
5801 5801
-1 -1
477 479
3454 3454
8874 8875
914 914
3328 3328
4312 4312
-1 -1
2906 2906
8576 8578
9817 9817
1978 1978
-1 -1
-1 -1
-1 -1
2915 2919
-1 -1
-1 -1
-1 -1
-1 -1
3461 3462
-1 -1
9475 9475
-1 -1
1179 1179
-1 -1
3185 3185
5850 5852
194 195
-1 -1
2429 2429
7400 7400
-1 -1
5571 5571
-1 -1
-1 -1
-1 -1
5415 5415
3688 3691
6820 6820
7022 7022
1833 1833
4616 4617
640 641
9242 9245
-1 -1
374 374
-1 -1
-1 -1
8129 8129
5600 5600
3095 3095
1276 1278
5954 5954
4468 4468
7693 7695
7534 7534
1114 1114
3135 3135
-1 -1
7001 7001
9107 9108
-1 -1
7913 7913
3634 3634
3763 3763
-1 -1
4869 4869
4441 4441
1823 1823
6228 6228
8017 8018
-1 -1
3304 3304
3583 3583
4984 4984
-1 -1
6531 6533
8009 8009
8267 8269
8732 8732
2733 2734
7678 7678
-1 -1
6534 6534
2350 2350
1428 1428
-1 -1
7689 7690
-1 -1
3200 3204
2589 2590
4550 4550
8685 8685
-1 -1
9496 9496
-1 -1
-1 -1
5242 5242
6558 6559
5835 5835
3065 3067
4824 4824
-1 -1
9818 9821
6010 6010
2289 2290
5560 5561
1352 1352
235 236
-1 -1
9946 9946
256 257
7047 7047
5702 5702
-1 -1
-1 -1
173 173
-1 -1
-1 -1
2413 2413
-1 -1
-1 -1
-1 -1
-1 -1
6363 6363
-1 -1
-1 -1
-1 -1
4916 4916
-1 -1
6956 6957
1774 1774
7904 7904
-1 -1
-1 -1
9164 9164
961 962
4306 4306
-1 -1
-1 -1
-1 -1
8310 8311
2388 2389
3594 3594
-1 -1
-1 -1
3176 3176
8383 8383
6063 6063
-1 -1
-1 -1
-1 -1
-1 -1
-1 -1
4002 4002
-1 -1
9695 9695
-1 -1
-1 -1
6861 6861
2091 2091
5005 5005
4122 4123
-1 -1
6797 6798
9501 9502
3463 3463
8111 8111
-1 -1
4524 4524
6411 6411
2711 2711
2051 2054
-1 -1
8907 8907
7896 7896
7249 7249
2379 2382
3058 3059
2490 2493
2293 2294
5312 5312
5879 5881
-1 -1
102 102
7966 7966
1012 1012
6400 6400
6228 6228
963 963
4061 4062
7224 7224
-1 -1
1560 1560
1043 1043
-1 -1
2108 2108
-1 -1
-1 -1
-1 -1
-1 -1
-1 -1
-1 -1
4215 4215
9553 9553
4157 4157
5451 5451
3273 3277
311 311
-1 -1
9946 9946
1758 1758
6063 6063
1352 1352
2018 2018
4946 4946
-1 -1
7235 7236
8069 8069
-1 -1
-1 -1
9590 9593
2091 2091
-1 -1
1721 1721
2782 2782
-1 -1
5398 5399
7101 7103
4930 4930
1499 1500
-1 -1
5695 5697
6974 6976
-1 -1
5048 5048
-1 -1
-1 -1
1211 1212
2026 2026
4881 4883
6359 6359
6619 6620
7592 7592
6531 6533
8998 8998
5172 5172
-1 -1
2915 2919
7691 7691
5348 5348
-1 -1
386 386
-1 -1
-1 -1
5886 5887
9487 9487
-1 -1
8019 8019
245 245
7788 7789
-1 -1
9067 9067
1322 1323
4310 4310
9546 9548
8820 8820
5684 5684
974 974
8352 8352
2390 2390
8789 8789
1104 1104
-1 -1
6602 6602
-1 -1
7639 7640
2930 2931
-1 -1
1037 1037
1771 1771
518 518
-1 -1
-1 -1
-1 -1
3340 3340
6328 6328
7073 7073
1284 1285
-1 -1
-1 -1
-1 -1
4018 4018
-1 -1
7495 7495
-1 -1
-1 -1
4026 4027
2666 2666
-1 -1
-1 -1
8177 8177
-1 -1
-1 -1
9643 9643
-1 -1
-1 -1
7570 7570
859 862
9490 9491
6416 6417
2029 2029
-1 -1
115 115
8348 8348
8570 8570
8430 8430
7042 7042
9358 9358
1859 1859
4824 4824
9595 9595
7568 7568
-1 -1
3353 3356
1257 1257
6340 6340
-1 -1
1976 1976
-1 -1
3979 3979
7936 7937
1803 1804
-1 -1
7226 7226
1310 1310
91 91
3806 3806
8300 8300
-1 -1
-1 -1
-1 -1
-1 -1
4900 4900
9736 9736
-1 -1
7563 7563
7380 7380
-1 -1
-1 -1
7448 7448
-1 -1
8021 8021
1268 1268
8717 8718
-1 -1
6101 6102
2080 2080
-1 -1
6603 6603
5181 5182
28 28
-1 -1
9925 9925
1247 1247
7646 7647
-1 -1
-1 -1
8198 8199
-1 -1
522 522
5123 5123
-1 -1
8139 8140
149 149
6025 6025
5459 5459
7073 7073
1309 1309
6970 6970
3814 3815
-1 -1
4939 4939
-1 -1
-1 -1
9017 9017
8501 8501
900 900
-1 -1
-1 -1
321 321
4663 4663
2747 2747
-1 -1
7621 7621
5165 5165
6130 6131
7176 7176
7049 7049
5589 5589
-1 -1
-1 -1
1000 1000
4443 4444
-1 -1
9413 9413
-1 -1
667 667
-1 -1
2821 2821
1572 1572
-1 -1
-1 -1
3658 3658
5500 5500
2216 2217
2353 2354
8639 8641
7418 7418
4532 4532
8241 8241
6389 6391
-1 -1
318 319
436 437
9025 9025
5550 5550
7023 7023
7914 7914
5103 5103
8201 8201
2417 2418
-1 -1
7194 7194
-1 -1
7964 7965
-1 -1
925 925
-1 -1
6616 6616
9051 9051
9523 9523
9914 9914
6854 6855
620 624
-1 -1
3928 3928
1023 1025
7988 7989
-1 -1
2221 2222
-1 -1
6645 6645
8061 8061
3831 3837
9732 9732
4687 4687
6929 6929
4895 4897
9684 9684
-1 -1
8656 8658
-1 -1
-1 -1
4049 4053
-1 -1
4869 4869
-1 -1
4740 4740
8614 8614
-1 -1
7438 7438
-1 -1
7945 7945
8922 8922
-1 -1
9384 9386
2836 2840
4273 4273
-1 -1
5998 5999
1960 1961
539 539
5354 5354
1848 1848
1872 1872
-1 -1
1758 1758
-1 -1
-1 -1
-1 -1
-1 -1
1216 1216
-1 -1
1218 1218
-1 -1
-1 -1
-1 -1
-1 -1
8259 8260
-1 -1
-1 -1
9066 9066
-1 -1
3806 3806
442 442
9382 9382
9033 9036
6844 6849
-1 -1
6244 6244
6862 6862
4167 4168
8046 8046
-1 -1
8579 8579
-1 -1
-1 -1
4261 4261
4028 4028
-1 -1
-1 -1
6411 6411
-1 -1
-1 -1
-1 -1
-1 -1
-1 -1
-1 -1
8460 8460
5882 5882
-1 -1
-1 -1
-1 -1
889 889
2213 2213
4885 4885
8880 8880
6059 6059
-1 -1
-1 -1
1729 1730
6527 6529
-1 -1
8056 8056
393 393
9470 9470
9517 9517
4012 4012
-1 -1
546 546
3850 3850
-1 -1
-1 -1
2411 2411
5835 5835
4414 4414
9715 9715
8788 8788
3464 3465
9824 9824
7765 7767
-1 -1
6308 6310
4087 4087
-1 -1
-1 -1
9698 9700
90 90
9915 9915
6851 6852
-1 -1
7200 7200
3024 3024
1748 1748
4094 4094
-1 -1
-1 -1
-1 -1
-1 -1
-1 -1
-1 -1
5202 5202
-1 -1
8159 8162
13 13
7084 7085
3618 3618
-1 -1
-1 -1
-1 -1
-1 -1
227 229
-1 -1
1036 1036
-1 -1
9305 9306
8042 8043
-1 -1
2487 2487
6574 6574
4708 4709
-1 -1
-1 -1
-1 -1
-1 -1
-1 -1
-1 -1
-1 -1
2218 2219
6973 6973
-1 -1
-1 -1
9398 9398
7344 7344
-1 -1
1347 1348
-1 -1
-1 -1
8024 8024
-1 -1
835 835
-1 -1
4419 4420
776 777
-1 -1
-1 -1
-1 -1
6372 6372
-1 -1
8174 8174
4207 4207
-1 -1
866 866
7198 7199
-1 -1
-1 -1
-1 -1
1576 1576
-1 -1
3439 3439
649 650
4472 4473
2991 2991
9417 9418
6586 6587
2303 2303
2979 2979
3136 3136
8273 8273
5277 5277
7563 7563
6825 6825
-1 -1
4430 4430
2982 2982
1939 1939
-1 -1
9955 9955
-1 -1
2476 2476
-1 -1
7945 7945
-1 -1
6886 6886
2328 2328
28 28
7377 7377
4870 4871
4427 4429
4577 4581
6245 6245
5169 5169
1660 1661
3068 3068
1461 1461
20 21
9678 9678
-1 -1
1966 1966
-1 -1
7274 7275
2097 2097
9287 9287
-1 -1
5907 5907
1469 1469
1653 1654
-1 -1
1858 1858
-1 -1
7726 7726
4135 4135
7340 7340
5758 5759
-1 -1
1361 1361
-1 -1
9086 9086
7305 7305
1860 1860
773 773
-1 -1
-1 -1
-1 -1
3519 3519
2901 2901
7379 7379
3679 3679
-1 -1
-1 -1
2274 2274
-1 -1
-1 -1
-1 -1
4625 4625
7596 7596
9767 9767
-1 -1
-1 -1
3230 3230
3990 3990
-1 -1
332 332
704 704
6227 6227
-1 -1
4962 4964
5229 5230
1780 1780
6519 6519
-1 -1
9561 9561
346 346
925 925
9837 9838
2862 2863
8761 8761
-1 -1
8385 8386
1337 1338
