1031 1031
-1 -1
-1 -1
-1 -1
-1 -1
784 784
-1 -1
-1 -1
-1 -1
926 926
-1 -1
-1 -1
1086 1086
-1 -1
-1 -1
-1 -1
1498 1498
-1 -1
-1 -1
-1 -1
791 791
-1 -1
-1 -1
-1 -1
-1 -1
-1 -1
-1 -1
-1 -1
-1 -1
-1 -1
-1 -1
-1 -1
-1 -1
-1 -1
-1 -1
-1 -1
-1 -1
1590 1590
1863 1863
-1 -1
-1 -1
1508 1508
-1 -1
-1 -1
-1 -1
-1 -1
-1 -1
-1 -1
-1 -1
-1 -1
-1 -1
-1 -1
-1 -1
-1 -1
-1 -1
-1 -1
-1 -1
-1 -1
-1 -1
-1 -1
-1 -1
-1 -1
479 479
-1 -1
92 92
-1 -1
-1 -1
19 19
-1 -1
-1 -1
-1 -1
-1 -1
-1 -1
1766 1766
-1 -1
-1 -1
-1 -1
-1 -1
907 907
-1 -1
-1 -1
-1 -1
-1 -1
-1 -1
-1 -1
1477 1477
1221 1221
-1 -1
-1 -1
-1 -1
-1 -1
-1 -1
-1 -1
-1 -1
599 599
1128 1128
-1 -1
-1 -1
-1 -1
-1 -1
-1 -1
-1 -1
10 11
-1 -1
781 782
-1 -1
238 238
-1 -1
-1 -1
-1 -1
1632 1632
-1 -1
-1 -1
-1 -1
-1 -1
877 877
-1 -1
280 280
-1 -1
-1 -1
-1 -1
1429 1429
-1 -1
641 641
-1 -1
1330 1330
-1 -1
-1 -1
-1 -1
-1 -1
-1 -1
-1 -1
-1 -1
-1 -1
-1 -1
-1 -1
-1 -1
1925 1926
-1 -1
-1 -1
-1 -1
440 440
-1 -1
-1 -1
-1 -1
-1 -1
-1 -1
-1 -1
-1 -1
-1 -1
1365 1365
-1 -1
145 145
-1 -1
-1 -1
-1 -1
-1 -1
-1 -1
-1 -1
-1 -1
-1 -1
-1 -1
-1 -1
-1 -1
933 933
-1 -1
-1 -1
-1 -1
-1 -1
-1 -1
30 30
1513 1513
-1 -1
836 836
-1 -1
-1 -1
-1 -1
-1 -1
41 41
-1 -1
-1 -1
263 263
-1 -1
-1 -1
-1 -1
-1 -1
1132 1132
-1 -1
-1 -1
-1 -1
1004 1004
-1 -1
-1 -1
-1 -1
-1 -1
-1 -1
-1 -1
-1 -1
-1 -1
-1 -1
-1 -1
-1 -1
-1 -1
-1 -1
-1 -1
-1 -1
-1 -1
-1 -1
-1 -1
-1 -1
-1 -1
-1 -1
-1 -1
-1 -1
-1 -1
-1 -1
-1 -1
-1 -1
-1 -1
1699 1699
-1 -1
-1 -1
-1 -1
-1 -1
-1 -1
-1 -1
-1 -1
869 869
1806 1806
1278 1278
-1 -1
-1 -1
966 966
-1 -1
1250 1250
-1 -1
1869 1870
-1 -1
1841 1841
-1 -1
-1 -1
-1 -1
-1 -1
-1 -1
-1 -1
-1 -1
-1 -1
-1 -1
1698 1698
587 587
-1 -1
-1 -1
-1 -1
-1 -1
-1 -1
-1 -1
-1 -1
-1 -1
453 453
-1 -1
925 925
-1 -1
-1 -1
-1 -1
-1 -1
-1 -1
-1 -1
1696 1696
-1 -1
376 376
-1 -1
-1 -1
-1 -1
-1 -1
1061 1061
-1 -1
-1 -1
-1 -1
-1 -1
-1 -1
897 897
1182 1182
-1 -1
-1 -1
-1 -1
1602 1603
-1 -1
-1 -1
-1 -1
1229 1229
-1 -1
-1 -1
-1 -1
-1 -1
-1 -1
-1 -1
-1 -1
-1 -1
-1 -1
669 669
975 975
842 842
-1 -1
1501 1501
-1 -1
-1 -1
48 49
-1 -1
1234 1234
-1 -1
-1 -1
-1 -1
1043 1044
-1 -1
-1 -1
-1 -1
288 288
-1 -1
-1 -1
-1 -1
-1 -1
-1 -1
-1 -1
-1 -1
800 800
-1 -1
916 916
568 568
-1 -1
-1 -1
-1 -1
-1 -1
715 715
-1 -1
-1 -1
-1 -1
-1 -1
-1 -1
-1 -1
-1 -1
963 963
-1 -1
-1 -1
-1 -1
-1 -1
-1 -1
-1 -1
-1 -1
-1 -1
-1 -1
-1 -1
645 645
-1 -1
-1 -1
1485 1485
-1 -1
-1 -1
-1 -1
-1 -1
460 460
-1 -1
-1 -1
-1 -1
-1 -1
-1 -1
-1 -1
-1 -1
-1 -1
-1 -1
-1 -1
-1 -1
-1 -1
-1 -1
-1 -1
-1 -1
-1 -1
301 301
-1 -1
-1 -1
1374 1374
-1 -1
-1 -1
1987 1987
-1 -1
-1 -1
-1 -1
-1 -1
-1 -1
-1 -1
-1 -1
-1 -1
-1 -1
-1 -1
-1 -1
-1 -1
-1 -1
-1 -1
1863 1863
-1 -1
1424 1424
-1 -1
-1 -1
-1 -1
-1 -1
-1 -1
-1 -1
-1 -1
-1 -1
-1 -1
-1 -1
238 238
-1 -1
-1 -1
-1 -1
1806 1806
-1 -1
-1 -1
314 314
-1 -1
-1 -1
-1 -1
-1 -1
-1 -1
-1 -1
-1 -1
-1 -1
1049 1050
-1 -1
-1 -1
-1 -1
-1 -1
-1 -1
-1 -1
-1 -1
-1 -1
-1 -1
-1 -1
-1 -1
-1 -1
418 418
-1 -1
-1 -1
-1 -1
-1 -1
-1 -1
355 355
-1 -1
-1 -1
-1 -1
-1 -1
-1 -1
375 375
-1 -1
-1 -1
-1 -1
1398 1398
147 147
1444 1444
-1 -1
194 194
-1 -1
-1 -1
-1 -1
-1 -1
-1 -1
221 222
-1 -1
-1 -1
492 492
-1 -1
-1 -1
-1 -1
-1 -1
187 187
-1 -1
-1 -1
-1 -1
-1 -1
-1 -1
998 998
-1 -1
9 9
-1 -1
-1 -1
575 575
-1 -1
-1 -1
-1 -1
734 734
-1 -1
1339 1339
-1 -1
-1 -1
-1 -1
-1 -1
-1 -1
-1 -1
-1 -1
-1 -1
-1 -1
-1 -1
-1 -1
-1 -1
1420 1421
-1 -1
-1 -1
-1 -1
174 176
-1 -1
-1 -1
-1 -1
-1 -1
1087 1087
-1 -1
-1 -1
-1 -1
-1 -1
-1 -1
-1 -1
-1 -1
-1 -1
-1 -1
-1 -1
-1 -1
-1 -1
1631 1631
-1 -1
710 710
-1 -1
251 251
1834 1834
-1 -1
-1 -1
-1 -1
-1 -1
-1 -1
427 427
-1 -1
-1 -1
-1 -1
-1 -1
1294 1294
-1 -1
1653 1653
-1 -1
-1 -1
-1 -1
-1 -1
275 275
-1 -1
-1 -1
-1 -1
-1 -1
-1 -1
-1 -1
-1 -1
-1 -1
-1 -1
-1 -1
288 288
-1 -1
-1 -1
-1 -1
-1 -1
-1 -1
1549 1549
675 675
-1 -1
-1 -1
-1 -1
-1 -1
1049 1050
1954 1954
-1 -1
1595 1595
-1 -1
-1 -1
-1 -1
-1 -1
-1 -1
1710 1710
1404 1404
1812 1812
-1 -1
-1 -1
-1 -1
412 413
1425 1425
-1 -1
-1 -1
-1 -1
-1 -1
-1 -1
-1 -1
1540 1540
-1 -1
-1 -1
-1 -1
808 808
694 694
-1 -1
-1 -1
-1 -1
-1 -1
1468 1469
-1 -1
-1 -1
-1 -1
-1 -1
-1 -1
-1 -1
-1 -1
-1 -1
-1 -1
1787 1787
-1 -1
-1 -1
-1 -1
-1 -1
1467 1467
1202 1202
-1 -1
-1 -1
-1 -1
-1 -1
-1 -1
-1 -1
-1 -1
260 260
-1 -1
-1 -1
-1 -1
-1 -1
-1 -1
-1 -1
-1 -1
-1 -1
-1 -1
592 592
-1 -1
-1 -1
577 577
-1 -1
1857 1858
-1 -1
-1 -1
-1 -1
848 848
-1 -1
-1 -1
-1 -1
188 188
-1 -1
-1 -1
-1 -1
-1 -1
1813 1813
-1 -1
-1 -1
-1 -1
705 705
-1 -1
354 354
-1 -1
-1 -1
-1 -1
-1 -1
-1 -1
-1 -1
-1 -1
-1 -1
-1 -1
1538 1539
-1 -1
-1 -1
-1 -1
-1 -1
-1 -1
809 810
-1 -1
-1 -1
-1 -1
-1 -1
-1 -1
-1 -1
-1 -1
-1 -1
-1 -1
-1 -1
-1 -1
-1 -1
641 641
-1 -1
-1 -1
-1 -1
-1 -1
1643 1643
-1 -1
-1 -1
-1 -1
-1 -1
-1 -1
1101 1101
-1 -1
-1 -1
-1 -1
1562 1562
-1 -1
1146 1146
-1 -1
-1 -1
466 466
-1 -1
-1 -1
1548 1548
-1 -1
-1 -1
359 359
24 24
1083 1083
-1 -1
-1 -1
-1 -1
-1 -1
-1 -1
-1 -1
-1 -1
-1 -1
97 97
-1 -1
-1 -1
-1 -1
-1 -1
-1 -1
-1 -1
262 262
-1 -1
-1 -1
-1 -1
-1 -1
-1 -1
-1 -1
-1 -1
-1 -1
-1 -1
-1 -1
-1 -1
322 322
-1 -1
42 42
-1 -1
-1 -1
-1 -1
304 304
-1 -1
-1 -1
-1 -1
-1 -1
-1 -1
-1 -1
-1 -1
-1 -1
-1 -1
-1 -1
229 229
-1 -1
-1 -1
-1 -1
-1 -1
-1 -1
-1 -1
-1 -1
-1 -1
-1 -1
1158 1158
-1 -1
-1 -1
-1 -1
-1 -1
-1 -1
-1 -1
-1 -1
-1 -1
-1 -1
1618 1618
-1 -1
-1 -1
-1 -1
-1 -1
-1 -1
555 555
-1 -1
-1 -1
-1 -1
-1 -1
-1 -1
1141 1141
-1 -1
269 269
-1 -1
-1 -1
-1 -1
1811 1811
907 907
-1 -1
-1 -1
-1 -1
-1 -1
-1 -1
-1 -1
-1 -1
-1 -1
826 826
-1 -1
840 840
-1 -1
943 943
-1 -1
-1 -1
274 274
-1 -1
-1 -1
-1 -1
360 360
-1 -1
-1 -1
-1 -1
1809 1809
-1 -1
-1 -1
-1 -1
-1 -1
-1 -1
-1 -1
919 920
523 523
1663 1663
501 501
-1 -1
955 955
1971 1971
1860 1860
-1 -1
-1 -1
-1 -1
-1 -1
-1 -1
-1 -1
-1 -1
-1 -1
-1 -1
-1 -1
-1 -1
-1 -1
-1 -1
-1 -1
-1 -1
397 397
-1 -1
-1 -1
-1 -1
-1 -1
-1 -1
-1 -1
-1 -1
-1 -1
1026 1026
-1 -1
-1 -1
-1 -1
-1 -1
-1 -1
-1 -1
-1 -1
-1 -1
517 517
-1 -1
336 336
-1 -1
1595 1595
-1 -1
-1 -1
1339 1339
-1 -1
1479 1479
1137 1137
-1 -1
1243 1243
1960 1960
938 938
-1 -1
-1 -1
-1 -1
-1 -1
-1 -1
-1 -1
-1 -1
-1 -1
-1 -1
-1 -1
-1 -1
-1 -1
-1 -1
-1 -1
-1 -1
1564 1564
-1 -1
886 886
-1 -1
-1 -1
-1 -1
1315 1315
-1 -1
934 934
-1 -1
-1 -1
-1 -1
-1 -1
-1 -1
-1 -1
-1 -1
-1 -1
-1 -1
-1 -1
-1 -1
850 850
-1 -1
-1 -1
-1 -1
-1 -1
-1 -1
919 920
936 936
-1 -1
-1 -1
-1 -1
-1 -1
-1 -1
-1 -1
-1 -1
-1 -1
-1 -1
-1 -1
-1 -1
-1 -1
-1 -1
664 664
-1 -1
-1 -1
-1 -1
-1 -1
-1 -1
1470 1470
1374 1374
-1 -1
-1 -1
-1 -1
-1 -1
-1 -1
229 229
-1 -1
-1 -1
-1 -1
-1 -1
-1 -1
1162 1163
-1 -1
-1 -1
528 528
-1 -1
-1 -1
-1 -1
-1 -1
10 11
1021 1021
-1 -1
-1 -1
1148 1148
-1 -1
-1 -1
-1 -1
-1 -1
694 694
-1 -1
-1 -1
680 680
-1 -1
-1 -1
-1 -1
-1 -1
-1 -1
-1 -1
-1 -1
379 379
-1 -1
-1 -1
944 944
-1 -1
400 401
-1 -1
-1 -1
-1 -1
-1 -1
616 616
-1 -1
-1 -1
-1 -1
-1 -1
-1 -1
1961 1961
-1 -1
-1 -1
-1 -1
-1 -1
-1 -1
-1 -1
1463 1463
1701 1702
-1 -1
-1 -1
-1 -1
-1 -1
-1 -1
-1 -1
-1 -1
-1 -1
-1 -1
-1 -1
-1 -1
-1 -1
-1 -1
-1 -1
-1 -1
1070 1070
-1 -1
-1 -1
-1 -1
431 432
-1 -1
-1 -1
1693 1693
-1 -1
-1 -1
-1 -1
-1 -1
-1 -1
-1 -1
1473 1473
-1 -1
-1 -1
-1 -1
-1 -1
24 24
372 372
688 688
-1 -1
-1 -1
-1 -1
-1 -1
-1 -1
-1 -1
-1 -1
-1 -1
-1 -1
-1 -1
-1 -1
-1 -1
-1 -1
-1 -1
-1 -1
-1 -1
-1 -1
1382 1382
-1 -1
-1 -1
-1 -1
-1 -1
-1 -1
-1 -1
-1 -1
-1 -1
1315 1315
-1 -1
-1 -1
-1 -1
-1 -1
-1 -1
-1 -1
-1 -1
-1 -1
-1 -1
-1 -1
-1 -1
-1 -1
-1 -1
-1 -1
-1 -1
1789 1789
-1 -1
1509 1509
1853 1853
107 108
-1 -1
-1 -1
1716 1716
-1 -1
947 947
-1 -1
-1 -1
335 335
-1 -1
-1 -1
-1 -1
1308 1308
1623 1623
321 321
88 89
-1 -1
-1 -1
-1 -1
1783 1783
-1 -1
-1 -1
-1 -1
-1 -1
-1 -1
-1 -1
-1 -1
-1 -1
-1 -1
453 453
-1 -1
-1 -1
1117 1117
-1 -1
-1 -1
-1 -1
1543 1543
-1 -1
-1 -1
-1 -1
-1 -1
-1 -1
-1 -1
535 535
-1 -1
-1 -1
-1 -1
-1 -1
-1 -1
-1 -1
-1 -1
830 830
-1 -1
1798 1798
74 75
-1 -1
1084 1084
978 978
-1 -1
-1 -1
-1 -1
-1 -1
1109 1109
1668 1668
-1 -1
-1 -1
-1 -1
-1 -1
-1 -1
-1 -1
-1 -1
-1 -1
-1 -1
-1 -1
-1 -1
-1 -1
-1 -1
-1 -1
-1 -1
1716 1716
-1 -1
-1 -1
-1 -1
-1 -1
-1 -1
-1 -1
-1 -1
-1 -1
-1 -1
356 358
-1 -1
-1 -1
-1 -1
-1 -1
289 289
-1 -1
-1 -1
-1 -1
-1 -1
-1 -1
-1 -1
-1 -1
-1 -1
-1 -1
-1 -1
-1 -1
-1 -1
-1 -1
134 134
-1 -1
-1 -1
-1 -1
-1 -1
-1 -1
-1 -1
-1 -1
-1 -1
-1 -1
-1 -1
-1 -1
110 110
-1 -1
391 391
-1 -1
-1 -1
-1 -1
-1 -1
-1 -1
-1 -1
-1 -1
-1 -1
1773 1775
1388 1388
448 448
-1 -1
-1 -1
-1 -1
-1 -1
-1 -1
-1 -1
-1 -1
-1 -1
-1 -1
-1 -1
-1 -1
-1 -1
1380 1380
-1 -1
-1 -1
1793 1793
-1 -1
-1 -1
98 98
-1 -1
-1 -1
-1 -1
-1 -1
-1 -1
-1 -1
1820 1820
-1 -1
1314 1314
-1 -1
-1 -1
-1 -1
-1 -1
-1 -1
-1 -1
-1 -1
-1 -1
-1 -1
-1 -1
-1 -1
-1 -1
-1 -1
-1 -1
-1 -1
-1 -1
765 765
-1 -1
264 264
-1 -1
-1 -1
-1 -1
206 206
-1 -1
-1 -1
-1 -1
-1 -1
-1 -1
-1 -1
-1 -1
-1 -1
1736 1736
-1 -1
-1 -1
-1 -1
-1 -1
-1 -1
-1 -1
-1 -1
-1 -1
-1 -1
-1 -1
41 41
-1 -1
-1 -1
-1 -1
1951 1951
-1 -1
-1 -1
715 715
-1 -1
-1 -1
-1 -1
-1 -1
-1 -1
-1 -1
1312 1312
-1 -1
-1 -1
-1 -1
-1 -1
-1 -1
-1 -1
-1 -1
193 193
-1 -1
-1 -1
-1 -1
1012 1012
-1 -1
1247 1247
-1 -1
-1 -1
-1 -1
-1 -1
-1 -1
142 142
-1 -1
-1 -1
-1 -1
-1 -1
-1 -1
-1 -1
-1 -1
-1 -1
-1 -1
118 118
-1 -1
-1 -1
-1 -1
-1 -1
-1 -1
-1 -1
-1 -1
-1 -1
1306 1306
-1 -1
-1 -1
-1 -1
-1 -1
-1 -1
-1 -1
-1 -1
-1 -1
-1 -1
-1 -1
-1 -1
1640 1640
-1 -1
-1 -1
-1 -1
-1 -1
-1 -1
-1 -1
-1 -1
54 54
-1 -1
-1 -1
815 815
-1 -1
-1 -1
1909 1909
-1 -1
1178 1178
-1 -1
-1 -1
-1 -1
-1 -1
-1 -1
-1 -1
-1 -1
-1 -1
-1 -1
-1 -1
-1 -1
-1 -1
-1 -1
-1 -1
-1 -1
-1 -1
-1 -1
-1 -1
-1 -1
-1 -1
-1 -1
46 46
146 146
-1 -1
-1 -1
-1 -1
-1 -1
-1 -1
-1 -1
-1 -1
-1 -1
-1 -1
-1 -1
668 668
499 499
-1 -1
-1 -1
-1 -1
-1 -1
-1 -1
127 127
-1 -1
-1 -1
1034 1034
747 747
-1 -1
-1 -1
-1 -1
-1 -1
-1 -1
-1 -1
-1 -1
-1 -1
-1 -1
-1 -1
809 810
-1 -1
-1 -1
-1 -1
-1 -1
-1 -1
-1 -1
-1 -1
-1 -1
-1 -1
-1 -1
-1 -1
-1 -1
-1 -1
-1 -1
-1 -1
-1 -1
-1 -1
-1 -1
-1 -1
-1 -1
-1 -1
-1 -1
21 21
-1 -1
-1 -1
-1 -1
-1 -1
-1 -1
-1 -1
-1 -1
-1 -1
-1 -1
-1 -1
-1 -1
-1 -1
-1 -1
-1 -1
1433 1433
-1 -1
-1 -1
1205 1205
-1 -1
-1 -1
1139 1139
-1 -1
1592 1592
-1 -1
-1 -1
-1 -1
-1 -1
-1 -1
-1 -1
-1 -1
-1 -1
-1 -1
-1 -1
1434 1434
-1 -1
-1 -1
-1 -1
-1 -1
-1 -1
-1 -1
1710 1710
-1 -1
-1 -1
-1 -1
973 974
-1 -1
875 875
-1 -1
-1 -1
-1 -1
-1 -1
-1 -1
-1 -1
-1 -1
-1 -1
-1 -1
-1 -1
-1 -1
-1 -1
-1 -1
-1 -1
-1 -1
-1 -1
-1 -1
-1 -1
-1 -1
561 561
-1 -1
-1 -1
-1 -1
-1 -1
-1 -1
-1 -1
1016 1016
-1 -1
-1 -1
-1 -1
1906 1906
-1 -1
-1 -1
-1 -1
-1 -1
-1 -1
-1 -1
-1 -1
-1 -1
1164 1164
770 770
-1 -1
1498 1498
1399 1399
-1 -1
591 591
-1 -1
229 229
-1 -1
-1 -1
-1 -1
-1 -1
-1 -1
-1 -1
-1 -1
-1 -1
-1 -1
-1 -1
-1 -1
476 476
1298 1298
-1 -1
-1 -1
1089 1089
-1 -1
-1 -1
695 695
-1 -1
-1 -1
-1 -1
410 411
850 850
-1 -1
-1 -1
-1 -1
-1 -1
-1 -1
1812 1812
-1 -1
-1 -1
-1 -1
-1 -1
224 224
-1 -1
-1 -1
1936 1936
-1 -1
-1 -1
-1 -1
-1 -1
197 197
-1 -1
-1 -1
-1 -1
-1 -1
-1 -1
-1 -1
-1 -1
-1 -1
-1 -1
-1 -1
-1 -1
-1 -1
1433 1433
1361 1361
-1 -1
-1 -1
-1 -1
-1 -1
-1 -1
-1 -1
-1 -1
-1 -1
-1 -1
-1 -1
-1 -1
-1 -1
-1 -1
-1 -1
-1 -1
-1 -1
1493 1493
-1 -1
303 303
-1 -1
279 279
-1 -1
-1 -1
-1 -1
-1 -1
310 310
-1 -1
1804 1804
-1 -1
-1 -1
-1 -1
-1 -1
-1 -1
1260 1260
-1 -1
-1 -1
1155 1155
-1 -1
-1 -1
-1 -1
-1 -1
-1 -1
-1 -1
-1 -1
286 286
1043 1044
-1 -1
-1 -1
-1 -1
-1 -1
-1 -1
-1 -1
-1 -1
-1 -1
195 195
-1 -1
1597 1597
-1 -1
-1 -1
-1 -1
-1 -1
-1 -1
-1 -1
1731 1731
-1 -1
-1 -1
-1 -1
-1 -1
-1 -1
-1 -1
-1 -1
-1 -1
-1 -1
-1 -1
437 437
-1 -1
-1 -1
-1 -1
-1 -1
-1 -1
-1 -1
-1 -1
1415 1415
-1 -1
-1 -1
-1 -1
29 29
-1 -1
-1 -1
734 734
-1 -1
1988 1988
961 961
-1 -1
-1 -1
-1 -1
-1 -1
1262 1262
-1 -1
-1 -1
-1 -1
1274 1274
-1 -1
1828 1828
-1 -1
-1 -1
887 887
-1 -1
-1 -1
-1 -1
-1 -1
-1 -1
-1 -1
-1 -1
-1 -1
-1 -1
-1 -1
1383 1383
982 982
-1 -1
-1 -1
-1 -1
-1 -1
-1 -1
-1 -1
1903 1903
-1 -1
-1 -1
-1 -1
-1 -1
-1 -1
1570 1570
-1 -1
-1 -1
-1 -1
196 196
-1 -1
-1 -1
-1 -1
-1 -1
-1 -1
-1 -1
-1 -1
-1 -1
-1 -1
-1 -1
-1 -1
-1 -1
-1 -1
-1 -1
-1 -1
-1 -1
-1 -1
-1 -1
-1 -1
704 704
-1 -1
-1 -1
-1 -1
1454 1454
-1 -1
-1 -1
1950 1950
-1 -1
164 164
-1 -1
1052 1052
-1 -1
248 248
733 733
-1 -1
-1 -1
-1 -1
-1 -1
-1 -1
1884 1884
-1 -1
-1 -1
168 169
-1 -1
1675 1675
-1 -1
153 153
-1 -1
-1 -1
-1 -1
-1 -1
1706 1706
-1 -1
479 479
-1 -1
-1 -1
-1 -1
-1 -1
-1 -1
-1 -1
-1 -1
-1 -1
-1 -1
-1 -1
1952 1952
-1 -1
-1 -1
-1 -1
-1 -1
-1 -1
1292 1292
-1 -1
-1 -1
-1 -1
-1 -1
-1 -1
-1 -1
1217 1217
-1 -1
-1 -1
1882 1882
-1 -1
48 49
-1 -1
-1 -1
-1 -1
-1 -1
-1 -1
-1 -1
-1 -1
-1 -1
-1 -1
-1 -1
226 226
-1 -1
-1 -1
-1 -1
488 488
-1 -1
1017 1017
-1 -1
1738 1738
-1 -1
-1 -1
-1 -1
-1 -1
-1 -1
-1 -1
-1 -1
-1 -1
-1 -1
-1 -1
98 98
-1 -1
1071 1071
-1 -1
-1 -1
-1 -1
-1 -1
-1 -1
-1 -1
-1 -1
-1 -1
-1 -1
-1 -1
-1 -1
1957 1957
-1 -1
-1 -1
-1 -1
-1 -1
-1 -1
-1 -1
-1 -1
-1 -1
-1 -1
-1 -1
1332 1332
-1 -1
-1 -1
-1 -1
1132 1132
-1 -1
-1 -1
-1 -1
-1 -1
-1 -1
-1 -1
1491 1491
-1 -1
381 381
-1 -1
-1 -1
-1 -1
309 309
-1 -1
-1 -1
-1 -1
-1 -1
-1 -1
-1 -1
-1 -1
-1 -1
-1 -1
-1 -1
-1 -1
-1 -1
-1 -1
-1 -1
1155 1155
-1 -1
-1 -1
-1 -1
283 283
-1 -1
-1 -1
-1 -1
1686 1686
-1 -1
-1 -1
-1 -1
-1 -1
1577 1578
1767 1767
-1 -1
-1 -1
-1 -1
139 139
-1 -1
1983 1983
-1 -1
-1 -1
-1 -1
-1 -1
-1 -1
-1 -1
-1 -1
-1 -1
-1 -1
-1 -1
-1 -1
-1 -1
-1 -1
-1 -1
-1 -1
-1 -1
158 158
-1 -1
-1 -1
-1 -1
-1 -1
-1 -1
1445 1445
-1 -1
-1 -1
-1 -1
-1 -1
-1 -1
-1 -1
-1 -1
-1 -1
-1 -1
-1 -1
1463 1463
-1 -1
-1 -1
-1 -1
-1 -1
-1 -1
1290 1290
-1 -1
-1 -1
-1 -1
-1 -1
-1 -1
-1 -1
-1 -1
-1 -1
-1 -1
-1 -1
-1 -1
-1 -1
-1 -1
1013 1013
346 346
1380 1380
184 184
-1 -1
-1 -1
-1 -1
-1 -1
-1 -1
570 570
-1 -1
-1 -1
-1 -1
-1 -1
-1 -1
1350 1350
-1 -1
-1 -1
-1 -1
-1 -1
-1 -1
-1 -1
-1 -1
-1 -1
-1 -1
1470 1470
-1 -1
-1 -1
1254 1254
-1 -1
-1 -1
-1 -1
-1 -1
-1 -1
-1 -1
-1 -1
-1 -1
883 883
-1 -1
1610 1611
395 396
-1 -1
1313 1313
-1 -1
-1 -1
913 915
-1 -1
-1 -1
-1 -1
-1 -1
-1 -1
-1 -1
-1 -1
-1 -1
-1 -1
-1 -1
-1 -1
1257 1257
647 647
-1 -1
-1 -1
1271 1271
-1 -1
-1 -1
-1 -1
-1 -1
-1 -1
1472 1472
-1 -1
-1 -1
-1 -1
-1 -1
-1 -1
947 947
-1 -1
465 465
-1 -1
-1 -1
-1 -1
-1 -1
-1 -1
868 868
-1 -1
1297 1297
-1 -1
-1 -1
-1 -1
-1 -1
-1 -1
-1 -1
-1 -1
-1 -1
-1 -1
-1 -1
-1 -1
-1 -1
-1 -1
-1 -1
-1 -1
-1 -1
-1 -1
-1 -1
-1 -1
-1 -1
-1 -1
-1 -1
-1 -1
-1 -1
-1 -1
-1 -1
174 176
-1 -1
-1 -1
-1 -1
-1 -1
-1 -1
822 822
-1 -1
947 947
-1 -1
-1 -1
-1 -1
573 573
-1 -1
-1 -1
1844 1846
-1 -1
-1 -1
-1 -1
1262 1262
-1 -1
-1 -1
-1 -1
-1 -1
-1 -1
-1 -1
-1 -1
-1 -1
173 173
-1 -1
-1 -1
863 863
-1 -1
-1 -1
-1 -1
-1 -1
1335 1335
-1 -1
-1 -1
-1 -1
516 516
-1 -1
-1 -1
572 572
-1 -1
-1 -1
-1 -1
-1 -1
-1 -1
-1 -1
-1 -1
-1 -1
-1 -1
-1 -1
-1 -1
-1 -1
-1 -1
-1 -1
1209 1209
-1 -1
-1 -1
-1 -1
1908 1908
-1 -1
-1 -1
-1 -1
-1 -1
1470 1470
-1 -1
-1 -1
-1 -1
-1 -1
-1 -1
-1 -1
-1 -1
-1 -1
-1 -1
531 531
-1 -1
-1 -1
-1 -1
-1 -1
-1 -1
109 109
863 863
-1 -1
-1 -1
-1 -1
-1 -1
-1 -1
-1 -1
582 582
-1 -1
-1 -1
1572 1572
-1 -1
-1 -1
-1 -1
-1 -1
1166 1166
-1 -1
1758 1760
-1 -1
-1 -1
-1 -1
498 498
1494 1494
-1 -1
-1 -1
-1 -1
-1 -1
-1 -1
1525 1525
-1 -1
-1 -1
-1 -1
-1 -1
-1 -1
-1 -1
-1 -1
-1 -1
-1 -1
-1 -1
-1 -1
-1 -1
1053 1053
-1 -1
-1 -1
865 865
-1 -1
-1 -1
-1 -1
-1 -1
-1 -1
-1 -1
-1 -1
1624 1624
-1 -1
-1 -1
-1 -1
-1 -1
1057 1057
-1 -1
1672 1672
-1 -1
-1 -1
-1 -1
-1 -1
-1 -1
-1 -1
-1 -1
-1 -1
-1 -1
-1 -1
97 97
-1 -1
-1 -1
-1 -1
-1 -1
-1 -1
-1 -1
-1 -1
850 850
-1 -1
-1 -1
-1 -1
-1 -1
-1 -1
-1 -1
-1 -1
-1 -1
-1 -1
1577 1578
-1 -1
-1 -1
-1 -1
-1 -1
1686 1686
-1 -1
-1 -1
-1 -1
-1 -1
458 458
-1 -1
-1 -1
-1 -1
-1 -1
-1 -1
-1 -1
-1 -1
-1 -1
-1 -1
-1 -1
-1 -1
-1 -1
-1 -1
-1 -1
-1 -1
-1 -1
771 771
-1 -1
-1 -1
-1 -1
-1 -1
-1 -1
1815 1815
-1 -1
-1 -1
-1 -1
-1 -1
-1 -1
-1 -1
-1 -1
-1 -1
92 92
-1 -1
-1 -1
-1 -1
-1 -1
-1 -1
27 27
-1 -1
-1 -1
-1 -1
153 153
-1 -1
-1 -1
-1 -1
-1 -1
-1 -1
-1 -1
25 25
-1 -1
-1 -1
-1 -1
-1 -1
-1 -1
-1 -1
-1 -1
-1 -1
-1 -1
-1 -1
759 759
-1 -1
-1 -1
-1 -1
-1 -1
-1 -1
-1 -1
-1 -1
-1 -1
908 908
-1 -1
1963 1963
-1 -1
-1 -1
-1 -1
-1 -1
-1 -1
-1 -1
-1 -1
-1 -1
-1 -1
-1 -1
-1 -1
-1 -1
-1 -1
-1 -1
-1 -1
-1 -1
-1 -1
1879 1880
1998 1998
-1 -1
-1 -1
1350 1350
530 530
-1 -1
-1 -1
702 702
-1 -1
-1 -1
840 840
-1 -1
1738 1738
-1 -1
-1 -1
-1 -1
-1 -1
-1 -1
-1 -1
-1 -1
509 509
-1 -1
68 68
-1 -1
1861 1861
-1 -1
-1 -1
1569 1569
-1 -1
-1 -1
-1 -1
-1 -1
-1 -1
229 229
-1 -1
-1 -1
-1 -1
-1 -1
-1 -1
-1 -1
-1 -1
81 81
-1 -1
675 675
-1 -1
135 135
-1 -1
1916 1916
1348 1349
-1 -1
-1 -1
-1 -1
-1 -1
-1 -1
-1 -1
-1 -1
-1 -1
-1 -1
1422 1422
-1 -1
-1 -1
-1 -1
1714 1714
188 188
-1 -1
-1 -1
1145 1145
-1 -1
-1 -1
767 767
-1 -1
433 433
383 383
288 288
-1 -1
-1 -1
-1 -1
-1 -1
212 212
-1 -1
1801 1802
-1 -1
756 756
1098 1098
-1 -1
-1 -1
-1 -1
256 256
-1 -1
-1 -1
-1 -1
-1 -1
-1 -1
-1 -1
1074 1075
-1 -1
-1 -1
-1 -1
-1 -1
599 599
-1 -1
-1 -1
-1 -1
-1 -1
-1 -1
-1 -1
-1 -1
-1 -1
-1 -1
-1 -1
-1 -1
-1 -1
-1 -1
1425 1425
-1 -1
1364 1364
-1 -1
-1 -1
-1 -1
-1 -1
-1 -1
-1 -1
-1 -1
-1 -1
345 345
-1 -1
1070 1070
-1 -1
-1 -1
-1 -1
-1 -1
-1 -1
-1 -1
-1 -1
-1 -1
1509 1509
-1 -1
-1 -1
-1 -1
-1 -1
-1 -1
-1 -1
84 84
-1 -1
-1 -1
-1 -1
-1 -1
-1 -1
-1 -1
-1 -1
-1 -1
-1 -1
-1 -1
-1 -1
-1 -1
1455 1455
-1 -1
-1 -1
-1 -1
-1 -1
-1 -1
-1 -1
-1 -1
-1 -1
-1 -1
-1 -1
-1 -1
663 663
-1 -1
-1 -1
-1 -1
-1 -1
1659 1659
-1 -1
-1 -1
-1 -1
-1 -1
1507 1507
-1 -1
-1 -1
-1 -1
-1 -1
-1 -1
721 721
-1 -1
-1 -1
-1 -1
-1 -1
-1 -1
-1 -1
-1 -1
-1 -1
303 303
-1 -1
-1 -1
-1 -1
455 455
-1 -1
-1 -1
-1 -1
-1 -1
1048 1048
-1 -1
-1 -1
-1 -1
-1 -1
-1 -1
-1 -1
-1 -1
-1 -1
-1 -1
-1 -1
-1 -1
-1 -1
-1 -1
-1 -1
-1 -1
-1 -1
-1 -1
-1 -1
-1 -1
-1 -1
-1 -1
-1 -1
1351 1351
-1 -1
-1 -1
542 542
-1 -1
-1 -1
-1 -1
-1 -1
1234 1234
-1 -1
-1 -1
1871 1871
-1 -1
-1 -1
-1 -1
-1 -1
-1 -1
274 274
1142 1142
-1 -1
1686 1686
-1 -1
-1 -1
-1 -1
-1 -1
-1 -1
-1 -1
-1 -1
-1 -1
-1 -1
909 909
441 442
-1 -1
-1 -1
-1 -1
-1 -1
1470 1470
-1 -1
-1 -1
-1 -1
-1 -1
-1 -1
1321 1321
-1 -1
-1 -1
-1 -1
-1 -1
-1 -1
197 197
-1 -1
1110 1110
1671 1671
1708 1708
-1 -1
729 729
-1 -1
-1 -1
-1 -1
-1 -1
-1 -1
690 690
-1 -1
-1 -1
-1 -1
-1 -1
-1 -1
-1 -1
-1 -1
-1 -1
-1 -1
-1 -1
-1 -1
548 548
-1 -1
-1 -1
-1 -1
-1 -1
-1 -1
-1 -1
-1 -1
-1 -1
-1 -1
-1 -1
-1 -1
-1 -1
-1 -1
-1 -1
1872 1872
-1 -1
-1 -1
-1 -1
-1 -1
-1 -1
-1 -1
-1 -1
-1 -1
-1 -1
-1 -1
-1 -1
-1 -1
-1 -1
-1 -1
-1 -1
645 645
-1 -1
-1 -1
-1 -1
-1 -1
681 681
-1 -1
-1 -1
1755 1755
-1 -1
-1 -1
-1 -1
1352 1352
-1 -1
649 649
-1 -1
-1 -1
-1 -1
-1 -1
-1 -1
-1 -1
-1 -1
-1 -1
-1 -1
1711 1711
-1 -1
-1 -1
-1 -1
1145 1145
-1 -1
-1 -1
-1 -1
-1 -1
-1 -1
-1 -1
-1 -1
1602 1603
-1 -1
-1 -1
-1 -1
-1 -1
-1 -1
-1 -1
-1 -1
-1 -1
-1 -1
-1 -1
-1 -1
-1 -1
-1 -1
-1 -1
-1 -1
400 401
-1 -1
-1 -1
-1 -1
-1 -1
1148 1148
-1 -1
-1 -1
-1 -1
-1 -1
-1 -1
-1 -1
-1 -1
-1 -1
-1 -1
1302 1302
-1 -1
-1 -1
-1 -1
-1 -1
-1 -1
-1 -1
-1 -1
1489 1489
-1 -1
-1 -1
-1 -1
-1 -1
-1 -1
-1 -1
483 483
-1 -1
-1 -1
-1 -1
-1 -1
-1 -1
-1 -1
-1 -1
-1 -1
-1 -1
-1 -1
-1 -1
-1 -1
-1 -1
-1 -1
-1 -1
1320 1320
711 711
-1 -1
1280 1280
-1 -1
-1 -1
402 402
973 974
624 624
-1 -1
-1 -1
-1 -1
1984 1984
-1 -1
-1 -1
-1 -1
721 721
520 520
-1 -1
-1 -1
-1 -1
-1 -1
881 881
-1 -1
267 267
-1 -1
-1 -1
-1 -1
-1 -1
947 947
1645 1645
-1 -1
-1 -1
924 924
-1 -1
-1 -1
-1 -1
-1 -1
1374 1374
-1 -1
-1 -1
-1 -1
-1 -1
-1 -1
-1 -1
-1 -1
1741 1741
-1 -1
-1 -1
-1 -1
-1 -1
-1 -1
-1 -1
-1 -1
-1 -1
-1 -1
1823 1823
-1 -1
-1 -1
-1 -1
-1 -1
-1 -1
1009 1009
1862 1862
-1 -1
-1 -1
-1 -1
-1 -1
-1 -1
1701 1702
-1 -1
-1 -1
-1 -1
-1 -1
-1 -1
452 452
-1 -1
-1 -1
-1 -1
-1 -1
-1 -1
-1 -1
-1 -1
1958 1959
1985 1985
-1 -1
-1 -1
-1 -1
-1 -1
-1 -1
840 840
-1 -1
-1 -1
346 346
-1 -1
1762 1763
-1 -1
-1 -1
-1 -1
-1 -1
-1 -1
-1 -1
-1 -1
-1 -1
-1 -1
-1 -1
-1 -1
-1 -1
-1 -1
-1 -1
-1 -1
-1 -1
-1 -1
-1 -1
-1 -1
-1 -1
-1 -1
1242 1242
-1 -1
952 952
-1 -1
-1 -1
238 238
-1 -1
-1 -1
-1 -1
-1 -1
-1 -1
-1 -1
-1 -1
-1 -1
-1 -1
-1 -1
-1 -1
-1 -1
-1 -1
-1 -1
891 891
-1 -1
934 934
642 642
-1 -1
-1 -1
-1 -1
-1 -1
-1 -1
-1 -1
-1 -1
1742 1742
1181 1181
-1 -1
-1 -1
831 831
-1 -1
-1 -1
-1 -1
-1 -1
-1 -1
-1 -1
-1 -1
-1 -1
-1 -1
-1 -1
-1 -1
165 166
-1 -1
-1 -1
-1 -1
-1 -1
1457 1457
-1 -1
-1 -1
-1 -1
-1 -1
-1 -1
-1 -1
1772 1772
-1 -1
-1 -1
-1 -1
-1 -1
-1 -1
-1 -1
-1 -1
-1 -1
-1 -1
-1 -1
-1 -1
-1 -1
-1 -1
-1 -1
-1 -1
-1 -1
406 406
-1 -1
-1 -1
-1 -1
-1 -1
-1 -1
-1 -1
-1 -1
-1 -1
-1 -1
-1 -1
510 510
-1 -1
-1 -1
-1 -1
-1 -1
533 533
491 491
-1 -1
-1 -1
-1 -1
-1 -1
-1 -1
908 908
-1 -1
1111 1111
-1 -1
-1 -1
857 857
1278 1278
-1 -1
-1 -1
1912 1912
-1 -1
-1 -1
-1 -1
-1 -1
-1 -1
-1 -1
-1 -1
-1 -1
-1 -1
-1 -1
-1 -1
-1 -1
-1 -1
1703 1703
263 263
1597 1597
-1 -1
-1 -1
-1 -1
612 612
-1 -1
-1 -1
-1 -1
-1 -1
-1 -1
780 780
-1 -1
-1 -1
584 584
-1 -1
-1 -1
-1 -1
-1 -1
1270 1270
671 671
-1 -1
-1 -1
-1 -1
1833 1833
270 270
573 573
-1 -1
-1 -1
-1 -1
1827 1827
1806 1806
-1 -1
-1 -1
-1 -1
-1 -1
-1 -1
-1 -1
1726 1727
-1 -1
-1 -1
-1 -1
-1 -1
744 744
-1 -1
1020 1020
-1 -1
-1 -1
-1 -1
-1 -1
-1 -1
-1 -1
371 371
-1 -1
-1 -1
874 874
-1 -1
-1 -1
-1 -1
-1 -1
1147 1147
-1 -1
-1 -1
-1 -1
-1 -1
-1 -1
-1 -1
-1 -1
633 633
-1 -1
1513 1513
-1 -1
-1 -1
80 80
-1 -1
-1 -1
-1 -1
-1 -1
-1 -1
-1 -1
-1 -1
-1 -1
619 619
-1 -1
-1 -1
-1 -1
-1 -1
-1 -1
-1 -1
-1 -1
1583 1583
115 115
-1 -1
-1 -1
-1 -1
-1 -1
-1 -1
-1 -1
-1 -1
-1 -1
-1 -1
-1 -1
-1 -1
-1 -1
-1 -1
-1 -1
-1 -1
-1 -1
-1 -1
-1 -1
-1 -1
-1 -1
895 895
-1 -1
1974 1974
-1 -1
-1 -1
-1 -1
-1 -1
-1 -1
1903 1903
-1 -1
-1 -1
-1 -1
-1 -1
-1 -1
-1 -1
-1 -1
-1 -1
-1 -1
-1 -1
-1 -1
-1 -1
-1 -1
-1 -1
644 644
-1 -1
-1 -1
-1 -1
-1 -1
217 217
-1 -1
-1 -1
-1 -1
-1 -1
124 124
1389 1389
-1 -1
-1 -1
-1 -1
-1 -1
-1 -1
-1 -1
-1 -1
-1 -1
-1 -1
-1 -1
-1 -1
-1 -1
-1 -1
-1 -1
-1 -1
-1 -1
-1 -1
-1 -1
587 587
-1 -1
-1 -1
697 697
-1 -1
-1 -1
-1 -1
-1 -1
-1 -1
-1 -1
-1 -1
1508 1508
133 133
-1 -1
1701 1702
-1 -1
1667 1667
-1 -1
758 758
-1 -1
-1 -1
-1 -1
-1 -1
-1 -1
567 567
-1 -1
-1 -1
-1 -1
-1 -1
-1 -1
-1 -1
-1 -1
-1 -1
303 303
1961 1961
-1 -1
-1 -1
-1 -1
-1 -1
-1 -1
-1 -1
1852 1852
-1 -1
-1 -1
-1 -1
-1 -1
-1 -1
-1 -1
-1 -1
-1 -1
-1 -1
405 405
-1 -1
-1 -1
-1 -1
-1 -1
-1 -1
-1 -1
-1 -1
-1 -1
-1 -1
-1 -1
-1 -1
-1 -1
-1 -1
-1 -1
384 384
-1 -1
-1 -1
-1 -1
1125 1125
-1 -1
-1 -1
1738 1738
-1 -1
1904 1904
-1 -1
1122 1122
1974 1974
-1 -1
-1 -1
-1 -1
-1 -1
-1 -1
-1 -1
1083 1083
-1 -1
-1 -1
977 977
964 965
-1 -1
-1 -1
-1 -1
-1 -1
-1 -1
-1 -1
-1 -1
-1 -1
-1 -1
-1 -1
-1 -1
-1 -1
-1 -1
-1 -1
-1 -1
-1 -1
-1 -1
1066 1066
-1 -1
-1 -1
-1 -1
-1 -1
-1 -1
-1 -1
-1 -1
784 784
-1 -1
1961 1961
-1 -1
-1 -1
657 657
-1 -1
-1 -1
-1 -1
-1 -1
-1 -1
-1 -1
-1 -1
-1 -1
1398 1398
-1 -1
1329 1329
-1 -1
1158 1158
151 151
-1 -1
-1 -1
-1 -1
-1 -1
-1 -1
-1 -1
-1 -1
-1 -1
-1 -1
-1 -1
526 526
370 370
-1 -1
-1 -1
1565 1566
-1 -1
-1 -1
-1 -1
-1 -1
-1 -1
-1 -1
-1 -1
-1 -1
-1 -1
-1 -1
-1 -1
-1 -1
1 1
-1 -1
-1 -1
-1 -1
-1 -1
-1 -1
-1 -1
-1 -1
-1 -1
-1 -1
-1 -1
-1 -1
1116 1116
-1 -1
-1 -1
-1 -1
-1 -1
-1 -1
-1 -1
-1 -1
-1 -1
-1 -1
-1 -1
-1 -1
-1 -1
-1 -1
-1 -1
-1 -1
-1 -1
-1 -1
-1 -1
-1 -1
-1 -1
-1 -1
-1 -1
913 915
-1 -1
533 533
-1 -1
-1 -1
-1 -1
-1 -1
-1 -1
-1 -1
-1 -1
367 367
-1 -1
-1 -1
1823 1823
-1 -1
643 643
-1 -1
-1 -1
-1 -1
1599 1599
660 661
-1 -1
-1 -1
-1 -1
-1 -1
-1 -1
-1 -1
191 191
-1 -1
-1 -1
783 783
-1 -1
-1 -1
-1 -1
671 671
-1 -1
-1 -1
-1 -1
-1 -1
-1 -1
-1 -1
-1 -1
-1 -1
-1 -1
434 434
-1 -1
-1 -1
295 295
-1 -1
-1 -1
1400 1401
-1 -1
-1 -1
-1 -1
683 683
-1 -1
-1 -1
-1 -1
-1 -1
-1 -1
-1 -1
-1 -1
-1 -1
1626 1626
-1 -1
1382 1382
-1 -1
-1 -1
-1 -1
-1 -1
-1 -1
-1 -1
-1 -1
-1 -1
-1 -1
-1 -1
530 530
-1 -1
-1 -1
1294 1294
-1 -1
-1 -1
-1 -1
-1 -1
765 765
-1 -1
-1 -1
-1 -1
-1 -1
-1 -1
-1 -1
995 995
610 610
-1 -1
1237 1237
1388 1388
-1 -1
1506 1506
-1 -1
-1 -1
-1 -1
-1 -1
-1 -1
-1 -1
-1 -1
-1 -1
-1 -1
-1 -1
1653 1653
179 179
-1 -1
-1 -1
-1 -1
-1 -1
1554 1554
-1 -1
-1 -1
-1 -1
1435 1435
-1 -1
-1 -1
-1 -1
-1 -1
-1 -1
174 176
-1 -1
-1 -1
-1 -1
-1 -1
-1 -1
1301 1301
-1 -1
1136 1136
723 724
-1 -1
1062 1063
-1 -1
-1 -1
-1 -1
-1 -1
-1 -1
-1 -1
-1 -1
-1 -1
-1 -1
-1 -1
1233 1233
-1 -1
191 191
-1 -1
-1 -1
-1 -1
-1 -1
-1 -1
-1 -1
1860 1860
-1 -1
-1 -1
1860 1860
-1 -1
-1 -1
-1 -1
-1 -1
1569 1569
-1 -1
-1 -1
-1 -1
-1 -1
-1 -1
-1 -1
-1 -1
-1 -1
1596 1596
-1 -1
-1 -1
-1 -1
-1 -1
-1 -1
554 554
1448 1448
221 222
-1 -1
372 372
-1 -1
1688 1688
-1 -1
-1 -1
-1 -1
-1 -1
-1 -1
-1 -1
-1 -1
-1 -1
-1 -1
-1 -1
-1 -1
-1 -1
-1 -1
1471 1471
-1 -1
-1 -1
-1 -1
-1 -1
-1 -1
1756 1756
-1 -1
-1 -1
-1 -1
-1 -1
-1 -1
-1 -1
-1 -1
22 22
-1 -1
-1 -1
-1 -1
-1 -1
-1 -1
-1 -1
-1 -1
-1 -1
-1 -1
1973 1973
1004 1004
-1 -1
-1 -1
-1 -1
-1 -1
-1 -1
-1 -1
-1 -1
-1 -1
-1 -1
-1 -1
-1 -1
-1 -1
-1 -1
-1 -1
-1 -1
-1 -1
-1 -1
174 176
-1 -1
-1 -1
-1 -1
-1 -1
-1 -1
-1 -1
-1 -1
-1 -1
-1 -1
-1 -1
-1 -1
-1 -1
-1 -1
-1 -1
-1 -1
-1 -1
-1 -1
-1 -1
1135 1135
-1 -1
-1 -1
-1 -1
-1 -1
-1 -1
-1 -1
48 49
-1 -1
1567 1567
-1 -1
-1 -1
-1 -1
1395 1395
-1 -1
-1 -1
700 700
-1 -1
-1 -1
1699 1699
531 531
1031 1031
-1 -1
-1 -1
-1 -1
-1 -1
-1 -1
-1 -1
-1 -1
-1 -1
-1 -1
-1 -1
-1 -1
63 63
-1 -1
-1 -1
-1 -1
-1 -1
-1 -1
-1 -1
-1 -1
-1 -1
-1 -1
-1 -1
-1 -1
1655 1655
-1 -1
-1 -1
-1 -1
-1 -1
-1 -1
-1 -1
-1 -1
-1 -1
-1 -1
-1 -1
1073 1073
-1 -1
-1 -1
-1 -1
-1 -1
-1 -1
-1 -1
-1 -1
-1 -1
-1 -1
-1 -1
-1 -1
-1 -1
-1 -1
-1 -1
-1 -1
-1 -1
-1 -1
-1 -1
-1 -1
-1 -1
1145 1145
-1 -1
-1 -1
-1 -1
-1 -1
527 527
-1 -1
1308 1308
-1 -1
-1 -1
-1 -1
-1 -1
-1 -1
-1 -1
-1 -1
-1 -1
-1 -1
-1 -1
-1 -1
-1 -1
-1 -1
-1 -1
-1 -1
1568 1568
-1 -1
-1 -1
1190 1190
-1 -1
562 562
-1 -1
-1 -1
-1 -1
-1 -1
-1 -1
-1 -1
-1 -1
1614 1614
503 503
-1 -1
787 787
-1 -1
-1 -1
-1 -1
-1 -1
-1 -1
-1 -1
-1 -1
-1 -1
-1 -1
270 270
-1 -1
-1 -1
-1 -1
1602 1603
1025 1025
-1 -1
871 871
1646 1646
-1 -1
-1 -1
1464 1465
-1 -1
-1 -1
1104 1104
748 748
-1 -1
-1 -1
-1 -1
-1 -1
1625 1625
-1 -1
-1 -1
-1 -1
-1 -1
-1 -1
-1 -1
-1 -1
956 956
-1 -1
-1 -1
1895 1897
-1 -1
-1 -1
-1 -1
1171 1171
-1 -1
-1 -1
-1 -1
-1 -1
-1 -1
-1 -1
-1 -1
-1 -1
-1 -1
-1 -1
-1 -1
-1 -1
-1 -1
-1 -1
1903 1903
-1 -1
-1 -1
-1 -1
-1 -1
-1 -1
-1 -1
-1 -1
1984 1984
845 845
-1 -1
-1 -1
-1 -1
-1 -1
1487 1487
1056 1056
-1 -1
-1 -1
825 825
-1 -1
1132 1132
-1 -1
-1 -1
-1 -1
-1 -1
-1 -1
-1 -1
-1 -1
-1 -1
-1 -1
895 895
-1 -1
-1 -1
-1 -1
1752 1752
-1 -1
-1 -1
-1 -1
-1 -1
-1 -1
-1 -1
-1 -1
-1 -1
-1 -1
-1 -1
-1 -1
-1 -1
-1 -1
579 579
-1 -1
-1 -1
-1 -1
237 237
505 506
520 520
1535 1535
1975 1975
-1 -1
-1 -1
-1 -1
-1 -1
-1 -1
-1 -1
-1 -1
-1 -1
511 511
-1 -1
-1 -1
-1 -1
-1 -1
-1 -1
-1 -1
-1 -1
-1 -1
-1 -1
-1 -1
-1 -1
-1 -1
1128 1128
-1 -1
-1 -1
1825 1825
-1 -1
-1 -1
1263 1264
-1 -1
484 484
-1 -1
-1 -1
-1 -1
-1 -1
-1 -1
-1 -1
-1 -1
-1 -1
-1 -1
1538 1539
-1 -1
-1 -1
1165 1165
-1 -1
-1 -1
-1 -1
1055 1055
-1 -1
-1 -1
-1 -1
-1 -1
-1 -1
1542 1542
-1 -1
-1 -1
207 208
-1 -1
-1 -1
533 533
-1 -1
-1 -1
-1 -1
-1 -1
-1 -1
-1 -1
-1 -1
-1 -1
-1 -1
-1 -1
-1 -1
-1 -1
-1 -1
-1 -1
1508 1508
-1 -1
670 670
-1 -1
-1 -1
-1 -1
214 214
-1 -1
-1 -1
-1 -1
1081 1081
1088 1088
-1 -1
-1 -1
-1 -1
-1 -1
-1 -1
-1 -1
-1 -1
-1 -1
-1 -1
892 892
-1 -1
-1 -1
-1 -1
-1 -1
-1 -1
-1 -1
-1 -1
-1 -1
-1 -1
1627 1627
-1 -1
-1 -1
-1 -1
-1 -1
-1 -1
-1 -1
-1 -1
-1 -1
-1 -1
-1 -1
961 961
-1 -1
-1 -1
-1 -1
-1 -1
-1 -1
-1 -1
-1 -1
-1 -1
-1 -1
-1 -1
-1 -1
-1 -1
-1 -1
-1 -1
-1 -1
-1 -1
-1 -1
-1 -1
-1 -1
-1 -1
1850 1850
-1 -1
-1 -1
1166 1166
-1 -1
-1 -1
-1 -1
-1 -1
164 164
-1 -1
-1 -1
-1 -1
1474 1474
1178 1178
535 535
-1 -1
-1 -1
-1 -1
-1 -1
-1 -1
-1 -1
-1 -1
-1 -1
-1 -1
-1 -1
-1 -1
-1 -1
-1 -1
-1 -1
-1 -1
-1 -1
-1 -1
-1 -1
-1 -1
-1 -1
-1 -1
-1 -1
-1 -1
-1 -1
-1 -1
-1 -1
378 378
-1 -1
-1 -1
-1 -1
-1 -1
-1 -1
-1 -1
-1 -1
-1 -1
-1 -1
-1 -1
-1 -1
-1 -1
-1 -1
-1 -1
-1 -1
-1 -1
-1 -1
-1 -1
-1 -1
1964 1964
-1 -1
-1 -1
-1 -1
-1 -1
-1 -1
-1 -1
-1 -1
-1 -1
-1 -1
-1 -1
-1 -1
-1 -1
-1 -1
-1 -1
281 281
-1 -1
1437 1437
-1 -1
106 106
-1 -1
-1 -1
-1 -1
-1 -1
-1 -1
-1 -1
-1 -1
-1 -1
-1 -1
-1 -1
-1 -1
-1 -1
-1 -1
-1 -1
576 576
-1 -1
-1 -1
-1 -1
-1 -1
-1 -1
-1 -1
-1 -1
-1 -1
1248 1248
-1 -1
-1 -1
-1 -1
-1 -1
-1 -1
-1 -1
-1 -1
1779 1779
-1 -1
1109 1109
-1 -1
-1 -1
-1 -1
-1 -1
1260 1260
-1 -1
-1 -1
-1 -1
-1 -1
-1 -1
-1 -1
-1 -1
-1 -1
-1 -1
-1 -1
863 863
-1 -1
-1 -1
-1 -1
-1 -1
500 500
-1 -1
-1 -1
-1 -1
-1 -1
-1 -1
1235 1235
741 741
-1 -1
-1 -1
-1 -1
-1 -1
-1 -1
-1 -1
-1 -1
-1 -1
-1 -1
-1 -1
-1 -1
-1 -1
-1 -1
-1 -1
-1 -1
-1 -1
-1 -1
-1 -1
-1 -1
-1 -1
-1 -1
-1 -1
-1 -1
-1 -1
-1 -1
-1 -1
-1 -1
-1 -1
1573 1573
-1 -1
-1 -1
1129 1129
-1 -1
-1 -1
-1 -1
-1 -1
-1 -1
1883 1883
-1 -1
1449 1449
802 802
-1 -1
-1 -1
-1 -1
-1 -1
1641 1641
-1 -1
-1 -1
-1 -1
-1 -1
-1 -1
429 429
-1 -1
-1 -1
586 586
-1 -1
-1 -1
-1 -1
389 389
-1 -1
-1 -1
-1 -1
-1 -1
940 940
1716 1716
-1 -1
-1 -1
-1 -1
1869 1870
-1 -1
-1 -1
-1 -1
-1 -1
-1 -1
-1 -1
-1 -1
-1 -1
-1 -1
56 56
-1 -1
-1 -1
-1 -1
-1 -1
-1 -1
-1 -1
-1 -1
-1 -1
-1 -1
-1 -1
519 519
-1 -1
-1 -1
-1 -1
-1 -1
-1 -1
-1 -1
-1 -1
1617 1617
1445 1445
-1 -1
-1 -1
-1 -1
-1 -1
-1 -1
-1 -1
-1 -1
68 68
-1 -1
-1 -1
-1 -1
932 932
1244 1244
-1 -1
-1 -1
187 187
-1 -1
-1 -1
-1 -1
1025 1025
-1 -1
-1 -1
-1 -1
-1 -1
-1 -1
-1 -1
-1 -1
-1 -1
71 71
-1 -1
-1 -1
-1 -1
-1 -1
-1 -1
-1 -1
-1 -1
372 372
-1 -1
-1 -1
-1 -1
-1 -1
-1 -1
1139 1139
361 361
-1 -1
937 937
-1 -1
1306 1306
-1 -1
-1 -1
-1 -1
-1 -1
-1 -1
-1 -1
-1 -1
1790 1790
-1 -1
-1 -1
-1 -1
-1 -1
-1 -1
-1 -1
-1 -1
-1 -1
-1 -1
1479 1479
-1 -1
-1 -1
-1 -1
82 82
1606 1606
-1 -1
-1 -1
-1 -1
-1 -1
-1 -1
-1 -1
-1 -1
-1 -1
-1 -1
-1 -1
-1 -1
-1 -1
-1 -1
-1 -1
-1 -1
-1 -1
-1 -1
-1 -1
-1 -1
-1 -1
-1 -1
-1 -1
-1 -1
728 728
-1 -1
-1 -1
579 579
-1 -1
-1 -1
-1 -1
629 631
-1 -1
1386 1386
-1 -1
-1 -1
-1 -1
-1 -1
-1 -1
-1 -1
-1 -1
-1 -1
-1 -1
-1 -1
-1 -1
-1 -1
811 811
-1 -1
-1 -1
-1 -1
-1 -1
1859 1859
-1 -1
-1 -1
-1 -1
1035 1035
-1 -1
-1 -1
-1 -1
-1 -1
-1 -1
-1 -1
-1 -1
-1 -1
-1 -1
-1 -1
1999 1999
-1 -1
-1 -1
-1 -1
-1 -1
-1 -1
-1 -1
-1 -1
-1 -1
-1 -1
-1 -1
-1 -1
-1 -1
-1 -1
-1 -1
-1 -1
1970 1970
-1 -1
1095 1095
-1 -1
-1 -1
1139 1139
-1 -1
-1 -1
-1 -1
-1 -1
-1 -1
-1 -1
-1 -1
-1 -1
-1 -1
1473 1473
-1 -1
-1 -1
-1 -1
-1 -1
-1 -1
-1 -1
-1 -1
-1 -1
-1 -1
-1 -1
837 837
-1 -1
-1 -1
-1 -1
-1 -1
-1 -1
-1 -1
-1 -1
-1 -1
1230 1230
1651 1651
-1 -1
-1 -1
-1 -1
863 863
-1 -1
-1 -1
-1 -1
-1 -1
-1 -1
-1 -1
-1 -1
-1 -1
-1 -1
-1 -1
-1 -1
-1 -1
-1 -1
-1 -1
-1 -1
-1 -1
-1 -1
-1 -1
1084 1084
-1 -1
-1 -1
-1 -1
-1 -1
-1 -1
-1 -1
-1 -1
-1 -1
-1 -1
-1 -1
440 440
-1 -1
-1 -1
1984 1984
-1 -1
-1 -1
-1 -1
-1 -1
-1 -1
-1 -1
-1 -1
-1 -1
-1 -1
-1 -1
-1 -1
-1 -1
568 568
-1 -1
-1 -1
-1 -1
-1 -1
-1 -1
-1 -1
-1 -1
1821 1821
-1 -1
1043 1044
98 98
1077 1077
-1 -1
604 604
-1 -1
1535 1535
-1 -1
-1 -1
-1 -1
898 898
-1 -1
-1 -1
-1 -1
-1 -1
-1 -1
-1 -1
-1 -1
1670 1670
-1 -1
-1 -1
-1 -1
-1 -1
-1 -1
-1 -1
-1 -1
-1 -1
-1 -1
960 960
-1 -1
-1 -1
-1 -1
-1 -1
-1 -1
-1 -1
-1 -1
-1 -1
-1 -1
-1 -1
-1 -1
1525 1525
831 831
-1 -1
-1 -1
-1 -1
-1 -1
-1 -1
-1 -1
-1 -1
-1 -1
-1 -1
-1 -1
1279 1279
1832 1832
-1 -1
-1 -1
-1 -1
-1 -1
155 155
-1 -1
-1 -1
-1 -1
-1 -1
-1 -1
-1 -1
-1 -1
-1 -1
-1 -1
-1 -1
-1 -1
-1 -1
-1 -1
-1 -1
756 756
710 710
-1 -1
-1 -1
-1 -1
-1 -1
-1 -1
-1 -1
449 449
834 834
-1 -1
-1 -1
-1 -1
-1 -1
-1 -1
-1 -1
1254 1254
-1 -1
-1 -1
-1 -1
-1 -1
-1 -1
-1 -1
-1 -1
-1 -1
-1 -1
1661 1661
-1 -1
-1 -1
-1 -1
-1 -1
-1 -1
-1 -1
735 735
-1 -1
-1 -1
-1 -1
-1 -1
-1 -1
-1 -1
-1 -1
-1 -1
-1 -1
-1 -1
-1 -1
1517 1517
-1 -1
-1 -1
-1 -1
-1 -1
-1 -1
-1 -1
-1 -1
-1 -1
-1 -1
-1 -1
-1 -1
-1 -1
843 844
-1 -1
-1 -1
-1 -1
1084 1084
-1 -1
1798 1798
-1 -1
-1 -1
-1 -1
-1 -1
-1 -1
-1 -1
-1 -1
-1 -1
1467 1467
-1 -1
842 842
-1 -1
-1 -1
-1 -1
-1 -1
-1 -1
-1 -1
-1 -1
-1 -1
-1 -1
-1 -1
-1 -1
-1 -1
-1 -1
548 548
-1 -1
-1 -1
-1 -1
-1 -1
-1 -1
1273 1273
441 442
1563 1563
-1 -1
-1 -1
-1 -1
-1 -1
-1 -1
537 537
-1 -1
-1 -1
-1 -1
-1 -1
-1 -1
-1 -1
-1 -1
-1 -1
-1 -1
1894 1894
-1 -1
-1 -1
-1 -1
-1 -1
-1 -1
-1 -1
-1 -1
1028 1028
-1 -1
-1 -1
-1 -1
1898 1898
-1 -1
966 966
1204 1204
-1 -1
-1 -1
826 826
-1 -1
-1 -1
530 530
1965 1965
-1 -1
-1 -1
-1 -1
-1 -1
-1 -1
-1 -1
-1 -1
263 263
-1 -1
-1 -1
-1 -1
-1 -1
-1 -1
-1 -1
-1 -1
-1 -1
-1 -1
-1 -1
-1 -1
-1 -1
-1 -1
-1 -1
-1 -1
-1 -1
-1 -1
90 90
-1 -1
-1 -1
-1 -1
1055 1055
-1 -1
1964 1964
-1 -1
-1 -1
70 70
-1 -1
894 894
-1 -1
-1 -1
-1 -1
-1 -1
-1 -1
-1 -1
1437 1437
-1 -1
1529 1529
1102 1102
1828 1828
-1 -1
-1 -1
-1 -1
-1 -1
1649 1649
1400 1401
492 492
-1 -1
-1 -1
-1 -1
-1 -1
-1 -1
-1 -1
-1 -1
-1 -1
-1 -1
-1 -1
-1 -1
-1 -1
-1 -1
-1 -1
-1 -1
-1 -1
-1 -1
-1 -1
-1 -1
-1 -1
818 818
1939 1939
-1 -1
-1 -1
-1 -1
-1 -1
674 674
-1 -1
-1 -1
-1 -1
-1 -1
-1 -1
-1 -1
-1 -1
719 720
-1 -1
-1 -1
-1 -1
1624 1624
-1 -1
1356 1356
1009 1009
-1 -1
-1 -1
-1 -1
-1 -1
-1 -1
-1 -1
-1 -1
745 745
-1 -1
160 160
-1 -1
-1 -1
-1 -1
-1 -1
-1 -1
-1 -1
-1 -1
-1 -1
-1 -1
-1 -1
-1 -1
-1 -1
-1 -1
-1 -1
-1 -1
-1 -1
-1 -1
-1 -1
-1 -1
-1 -1
-1 -1
-1 -1
-1 -1
761 761
-1 -1
-1 -1
-1 -1
-1 -1
-1 -1
-1 -1
-1 -1
280 280
-1 -1
-1 -1
-1 -1
-1 -1
1993 1993
-1 -1
-1 -1
-1 -1
-1 -1
-1 -1
-1 -1
139 139
-1 -1
-1 -1
-1 -1
-1 -1
-1 -1
-1 -1
-1 -1
-1 -1
1081 1081
929 929
255 255
-1 -1
-1 -1
-1 -1
-1 -1
-1 -1
-1 -1
-1 -1
-1 -1
-1 -1
359 359
1085 1085
-1 -1
-1 -1
1571 1571
1292 1292
-1 -1
-1 -1
-1 -1
-1 -1
-1 -1
-1 -1
-1 -1
488 488
-1 -1
-1 -1
-1 -1
-1 -1
-1 -1
-1 -1
-1 -1
-1 -1
-1 -1
765 765
-1 -1
-1 -1
-1 -1
-1 -1
554 554
-1 -1
-1 -1
-1 -1
1323 1323
-1 -1
-1 -1
-1 -1
-1 -1
-1 -1
-1 -1
-1 -1
745 745
-1 -1
1969 1969
-1 -1
64 64
-1 -1
-1 -1
-1 -1
-1 -1
-1 -1
-1 -1
-1 -1
-1 -1
-1 -1
-1 -1
1020 1020
-1 -1
-1 -1
-1 -1
-1 -1
-1 -1
-1 -1
-1 -1
-1 -1
-1 -1
-1 -1
-1 -1
265 265
-1 -1
-1 -1
-1 -1
-1 -1
-1 -1
146 146
-1 -1
615 615
-1 -1
1914 1914
-1 -1
-1 -1
-1 -1
-1 -1
-1 -1
-1 -1
-1 -1
-1 -1
-1 -1
-1 -1
515 515
-1 -1
-1 -1
1093 1094
-1 -1
-1 -1
-1 -1
-1 -1
-1 -1
84 84
-1 -1
458 458
-1 -1
-1 -1
-1 -1
-1 -1
-1 -1
-1 -1
384 384
-1 -1
-1 -1
-1 -1
1890 1890
-1 -1
-1 -1
-1 -1
1369 1369
420 420
-1 -1
-1 -1
-1 -1
-1 -1
-1 -1
-1 -1
-1 -1
-1 -1
-1 -1
-1 -1
588 589
-1 -1
-1 -1
-1 -1
1557 1557
670 670
-1 -1
-1 -1
-1 -1
-1 -1
-1 -1
-1 -1
-1 -1
-1 -1
-1 -1
-1 -1
-1 -1
1804 1804
-1 -1
-1 -1
-1 -1
-1 -1
-1 -1
1667 1667
-1 -1
40 40
-1 -1
-1 -1
1435 1435
-1 -1
1885 1885
-1 -1
-1 -1
-1 -1
-1 -1
1409 1409
-1 -1
-1 -1
692 692
-1 -1
-1 -1
-1 -1
-1 -1
-1 -1
-1 -1
-1 -1
-1 -1
-1 -1
-1 -1
1559 1559
-1 -1
-1 -1
-1 -1
1345 1345
188 188
340 341
-1 -1
-1 -1
-1 -1
-1 -1
-1 -1
-1 -1
-1 -1
-1 -1
1246 1246
-1 -1
-1 -1
-1 -1
1008 1008
-1 -1
1795 1795
-1 -1
421 421
-1 -1
-1 -1
-1 -1
1929 1929
-1 -1
67 67
-1 -1
-1 -1
-1 -1
304 304
-1 -1
1974 1974
-1 -1
-1 -1
-1 -1
-1 -1
-1 -1
739 739
-1 -1
562 562
-1 -1
718 718
-1 -1
1506 1506
298 299
-1 -1
-1 -1
-1 -1
-1 -1
-1 -1
1580 1580
-1 -1
579 579
-1 -1
-1 -1
-1 -1
-1 -1
-1 -1
-1 -1
-1 -1
-1 -1
1184 1186
-1 -1
-1 -1
710 710
375 375
-1 -1
-1 -1
-1 -1
-1 -1
1040 1040
112 113
-1 -1
-1 -1
-1 -1
-1 -1
-1 -1
-1 -1
522 522
-1 -1
649 649
-1 -1
-1 -1
1439 1439
-1 -1
-1 -1
916 916
-1 -1
1087 1087
-1 -1
-1 -1
-1 -1
-1 -1
1958 1959
-1 -1
1149 1149
-1 -1
605 605
-1 -1
-1 -1
-1 -1
-1 -1
-1 -1
-1 -1
-1 -1
1377 1377
-1 -1
-1 -1
-1 -1
-1 -1
963 963
-1 -1
-1 -1
-1 -1
-1 -1
-1 -1
-1 -1
-1 -1
-1 -1
-1 -1
1783 1783
-1 -1
-1 -1
-1 -1
-1 -1
-1 -1
-1 -1
-1 -1
1395 1395
-1 -1
-1 -1
1466 1466
-1 -1
-1 -1
-1 -1
1288 1288
-1 -1
-1 -1
-1 -1
-1 -1
-1 -1
-1 -1
-1 -1
-1 -1
-1 -1
-1 -1
-1 -1
-1 -1
-1 -1
-1 -1
-1 -1
1971 1971
1393 1393
-1 -1
-1 -1
-1 -1
-1 -1
-1 -1
-1 -1
-1 -1
-1 -1
-1 -1
-1 -1
-1 -1
-1 -1
1783 1783
-1 -1
-1 -1
-1 -1
-1 -1
1584 1585
-1 -1
1965 1965
-1 -1
1577 1578
-1 -1
-1 -1
848 848
-1 -1
-1 -1
-1 -1
-1 -1
-1 -1
-1 -1
-1 -1
-1 -1
-1 -1
-1 -1
-1 -1
-1 -1
959 959
-1 -1
-1 -1
-1 -1
-1 -1
-1 -1
-1 -1
-1 -1
1961 1961
502 502
-1 -1
-1 -1
-1 -1
-1 -1
-1 -1
-1 -1
673 673
-1 -1
-1 -1
-1 -1
-1 -1
-1 -1
-1 -1
-1 -1
-1 -1
-1 -1
-1 -1
-1 -1
-1 -1
-1 -1
-1 -1
-1 -1
-1 -1
270 270
-1 -1
-1 -1
-1 -1
-1 -1
-1 -1
647 647
-1 -1
-1 -1
-1 -1
-1 -1
-1 -1
-1 -1
-1 -1
-1 -1
-1 -1
139 139
-1 -1
1893 1893
-1 -1
-1 -1
-1 -1
-1 -1
1025 1025
352 352
-1 -1
-1 -1
1982 1982
1456 1456
362 362
758 758
-1 -1
1604 1604
-1 -1
-1 -1
-1 -1
-1 -1
137 137
-1 -1
-1 -1
1316 1318
-1 -1
-1 -1
-1 -1
-1 -1
-1 -1
656 656
-1 -1
-1 -1
-1 -1
-1 -1
-1 -1
-1 -1
-1 -1
-1 -1
-1 -1
-1 -1
-1 -1
-1 -1
-1 -1
-1 -1
-1 -1
-1 -1
-1 -1
-1 -1
-1 -1
-1 -1
359 359
-1 -1
-1 -1
114 114
-1 -1
-1 -1
-1 -1
-1 -1
-1 -1
-1 -1
-1 -1
-1 -1
1685 1685
-1 -1
164 164
-1 -1
511 511
-1 -1
340 341
-1 -1
1231 1231
-1 -1
1623 1623
-1 -1
-1 -1
-1 -1
-1 -1
-1 -1
-1 -1
-1 -1
-1 -1
1856 1856
-1 -1
-1 -1
1938 1938
-1 -1
-1 -1
-1 -1
-1 -1
-1 -1
-1 -1
1736 1736
-1 -1
-1 -1
1730 1730
-1 -1
-1 -1
-1 -1
-1 -1
-1 -1
-1 -1
-1 -1
-1 -1
-1 -1
-1 -1
-1 -1
-1 -1
-1 -1
-1 -1
-1 -1
-1 -1
1042 1042
-1 -1
-1 -1
-1 -1
-1 -1
-1 -1
-1 -1
768 768
-1 -1
-1 -1
704 704
-1 -1
-1 -1
-1 -1
-1 -1
-1 -1
-1 -1
542 542
-1 -1
-1 -1
-1 -1
-1 -1
-1 -1
-1 -1
-1 -1
72 72
1020 1020
-1 -1
-1 -1
-1 -1
-1 -1
1908 1908
1332 1332
-1 -1
162 163
-1 -1
-1 -1
-1 -1
-1 -1
-1 -1
-1 -1
-1 -1
1090 1090
-1 -1
975 975
-1 -1
-1 -1
1448 1448
1344 1344
1936 1936
1149 1149
-1 -1
-1 -1
360 360
-1 -1
1616 1616
-1 -1
-1 -1
-1 -1
-1 -1
-1 -1
-1 -1
1694 1694
-1 -1
1919 1919
660 661
-1 -1
1053 1053
1336 1336
-1 -1
-1 -1
-1 -1
-1 -1
-1 -1
-1 -1
-1 -1
-1 -1
-1 -1
-1 -1
-1 -1
-1 -1
-1 -1
-1 -1
-1 -1
699 699
-1 -1
-1 -1
771 771
-1 -1
-1 -1
-1 -1
-1 -1
-1 -1
-1 -1
-1 -1
-1 -1
-1 -1
-1 -1
-1 -1
-1 -1
-1 -1
-1 -1
-1 -1
1885 1885
-1 -1
1943 1943
-1 -1
-1 -1
313 313
-1 -1
-1 -1
368 368
-1 -1
-1 -1
-1 -1
-1 -1
-1 -1
-1 -1
766 766
-1 -1
1811 1811
-1 -1
-1 -1
-1 -1
931 931
-1 -1
1031 1031
1966 1966
727 727
680 680
-1 -1
-1 -1
-1 -1
-1 -1
-1 -1
-1 -1
-1 -1
1703 1703
-1 -1
-1 -1
-1 -1
-1 -1
-1 -1
12 12
-1 -1
-1 -1
740 740
-1 -1
-1 -1
-1 -1
-1 -1
884 885
-1 -1
-1 -1
-1 -1
-1 -1
456 456
-1 -1
-1 -1
-1 -1
-1 -1
-1 -1
-1 -1
-1 -1
-1 -1
-1 -1
-1 -1
-1 -1
930 930
-1 -1
-1 -1
-1 -1
-1 -1
-1 -1
-1 -1
-1 -1
-1 -1
-1 -1
-1 -1
-1 -1
-1 -1
-1 -1
-1 -1
-1 -1
-1 -1
1334 1334
-1 -1
-1 -1
-1 -1
-1 -1
-1 -1
1276 1276
1789 1789
-1 -1
-1 -1
1799 1799
-1 -1
-1 -1
-1 -1
-1 -1
-1 -1
-1 -1
-1 -1
1997 1997
740 740
-1 -1
-1 -1
-1 -1
-1 -1
1205 1205
-1 -1
536 536
-1 -1
-1 -1
-1 -1
-1 -1
-1 -1
-1 -1
1817 1817
1614 1614
1263 1264
-1 -1
-1 -1
804 804
-1 -1
794 794
-1 -1
-1 -1
-1 -1
-1 -1
-1 -1
-1 -1
-1 -1
-1 -1
1894 1894
-1 -1
1042 1042
-1 -1
-1 -1
-1 -1
121 121
-1 -1
-1 -1
-1 -1
-1 -1
-1 -1
-1 -1
1531 1531
-1 -1
-1 -1
-1 -1
768 768
-1 -1
-1 -1
1426 1426
-1 -1
-1 -1
517 517
-1 -1
-1 -1
748 748
-1 -1
-1 -1
-1 -1
-1 -1
-1 -1
-1 -1
-1 -1
-1 -1
-1 -1
822 822
-1 -1
-1 -1
729 729
-1 -1
502 502
-1 -1
554 554
-1 -1
-1 -1
-1 -1
-1 -1
-1 -1
-1 -1
-1 -1
-1 -1
480 480
-1 -1
-1 -1
-1 -1
-1 -1
-1 -1
-1 -1
-1 -1
-1 -1
-1 -1
-1 -1
1427 1427
-1 -1
629 631
-1 -1
-1 -1
-1 -1
-1 -1
892 892
-1 -1
-1 -1
-1 -1
-1 -1
-1 -1
575 575
-1 -1
1332 1332
-1 -1
-1 -1
933 933
-1 -1
1949 1949
-1 -1
1618 1618
-1 -1
439 439
-1 -1
-1 -1
-1 -1
-1 -1
1525 1525
-1 -1
604 604
877 877
-1 -1
-1 -1
29 29
-1 -1
-1 -1
-1 -1
-1 -1
-1 -1
-1 -1
1615 1615
-1 -1
-1 -1
-1 -1
-1 -1
-1 -1
-1 -1
1737 1737
-1 -1
-1 -1
-1 -1
-1 -1
-1 -1
-1 -1
-1 -1
-1 -1
-1 -1
-1 -1
-1 -1
-1 -1
-1 -1
-1 -1
410 411
-1 -1
3 3
-1 -1
372 372
-1 -1
-1 -1
-1 -1
-1 -1
451 451
926 926
-1 -1
-1 -1
-1 -1
-1 -1
-1 -1
-1 -1
1576 1576
-1 -1
-1 -1
779 779
1884 1884
-1 -1
-1 -1
1902 1902
1884 1884
-1 -1
-1 -1
-1 -1
-1 -1
-1 -1
-1 -1
-1 -1
106 106
-1 -1
-1 -1
-1 -1
1445 1445
70 70
-1 -1
-1 -1
-1 -1
776 776
-1 -1
-1 -1
-1 -1
-1 -1
-1 -1
-1 -1
-1 -1
-1 -1
719 720
-1 -1
-1 -1
-1 -1
-1 -1
-1 -1
-1 -1
-1 -1
-1 -1
-1 -1
-1 -1
-1 -1
-1 -1
-1 -1
-1 -1
-1 -1
-1 -1
-1 -1
-1 -1
-1 -1
-1 -1
157 157
-1 -1
-1 -1
-1 -1
-1 -1
1233 1233
530 530
1223 1224
676 677
-1 -1
-1 -1
-1 -1
1705 1705
-1 -1
-1 -1
-1 -1
-1 -1
-1 -1
-1 -1
-1 -1
99 99
-1 -1
-1 -1
1639 1639
-1 -1
-1 -1
-1 -1
-1 -1
-1 -1
-1 -1
-1 -1
-1 -1
-1 -1
-1 -1
-1 -1
-1 -1
1105 1105
1867 1867
-1 -1
-1 -1
1148 1148
-1 -1
-1 -1
-1 -1
-1 -1
364 364
637 637
-1 -1
-1 -1
-1 -1
-1 -1
-1 -1
-1 -1
-1 -1
-1 -1
-1 -1
-1 -1
-1 -1
-1 -1
-1 -1
-1 -1
-1 -1
1670 1670
-1 -1
-1 -1
-1 -1
-1 -1
-1 -1
-1 -1
1743 1744
-1 -1
-1 -1
-1 -1
-1 -1
-1 -1
1968 1968
-1 -1
-1 -1
-1 -1
-1 -1
-1 -1
-1 -1
-1 -1
1905 1905
-1 -1
-1 -1
-1 -1
-1 -1
-1 -1
-1 -1
-1 -1
-1 -1
-1 -1
-1 -1
133 133
-1 -1
-1 -1
-1 -1
-1 -1
1196 1196
-1 -1
314 314
-1 -1
-1 -1
-1 -1
-1 -1
-1 -1
-1 -1
-1 -1
-1 -1
-1 -1
-1 -1
-1 -1
-1 -1
-1 -1
-1 -1
-1 -1
-1 -1
794 794
-1 -1
-1 -1
985 986
-1 -1
-1 -1
-1 -1
19 19
-1 -1
988 988
-1 -1
-1 -1
-1 -1
-1 -1
-1 -1
-1 -1
-1 -1
-1 -1
-1 -1
-1 -1
-1 -1
1026 1026
-1 -1
-1 -1
-1 -1
-1 -1
1937 1937
-1 -1
-1 -1
-1 -1
-1 -1
-1 -1
-1 -1
-1 -1
-1 -1
463 463
-1 -1
-1 -1
-1 -1
-1 -1
-1 -1
-1 -1
-1 -1
-1 -1
1375 1375
908 908
-1 -1
-1 -1
-1 -1
-1 -1
572 572
-1 -1
-1 -1
-1 -1
-1 -1
-1 -1
-1 -1
-1 -1
-1 -1
-1 -1
-1 -1
-1 -1
757 757
-1 -1
-1 -1
-1 -1
-1 -1
-1 -1
-1 -1
-1 -1
-1 -1
-1 -1
-1 -1
557 557
-1 -1
-1 -1
-1 -1
1290 1290
-1 -1
-1 -1
-1 -1
-1 -1
-1 -1
-1 -1
-1 -1
-1 -1
1133 1134
-1 -1
878 878
-1 -1
-1 -1
-1 -1
-1 -1
-1 -1
-1 -1
-1 -1
2007 75166
978 978
-1 -1
-1 -1
-1 -1
-1 -1
-1 -1
-1 -1
-1 -1
-1 -1
-1 -1
-1 -1
-1 -1
-1 -1
-1 -1
-1 -1
-1 -1
-1 -1
-1 -1
-1 -1
-1 -1
1777 1777
-1 -1
1564 1564
-1 -1
458 458
-1 -1
-1 -1
-1 -1
-1 -1
-1 -1
632 632
633 633
1486 1486
-1 -1
-1 -1
-1 -1
-1 -1
-1 -1
-1 -1
-1 -1
-1 -1
-1 -1
-1 -1
-1 -1
-1 -1
-1 -1
-1 -1
-1 -1
-1 -1
1799 1799
-1 -1
-1 -1
-1 -1
-1 -1
1745 1745
-1 -1
-1 -1
-1 -1
-1 -1
-1 -1
1115 1115
-1 -1
-1 -1
-1 -1
125 125
-1 -1
-1 -1
-1 -1
-1 -1
874 874
-1 -1
-1 -1
-1 -1
-1 -1
-1 -1
-1 -1
-1 -1
-1 -1
433 433
-1 -1
278 278
-1 -1
-1 -1
-1 -1
-1 -1
-1 -1
1272 1272
1120 1120
1364 1364
522 522
319 319
-1 -1
1607 1608
736 736
839 839
-1 -1
-1 -1
-1 -1
-1 -1
-1 -1
-1 -1
-1 -1
-1 -1
-1 -1
-1 -1
-1 -1
-1 -1
-1 -1
-1 -1
-1 -1
28 28
-1 -1
-1 -1
-1 -1
-1 -1
-1 -1
-1 -1
-1 -1
1422 1422
-1 -1
-1 -1
-1 -1
-1 -1
-1 -1
-1 -1
-1 -1
866 866
-1 -1
-1 -1
-1 -1
-1 -1
-1 -1
-1 -1
-1 -1
-1 -1
40 40
-1 -1
27 27
-1 -1
1535 1535
-1 -1
746 746
-1 -1
-1 -1
-1 -1
-1 -1
-1 -1
-1 -1
901 901
-1 -1
-1 -1
-1 -1
-1 -1
-1 -1
-1 -1
-1 -1
-1 -1
919 920
-1 -1
-1 -1
-1 -1
-1 -1
1131 1131
-1 -1
1345 1345
1071 1071
-1 -1
-1 -1
-1 -1
-1 -1
-1 -1
-1 -1
1040 1040
-1 -1
-1 -1
-1 -1
-1 -1
-1 -1
-1 -1
-1 -1
-1 -1
-1 -1
210 210
-1 -1
1792 1792
663 663
-1 -1
-1 -1
-1 -1
-1 -1
-1 -1
797 797
-1 -1
1963 1963
-1 -1
-1 -1
-1 -1
-1 -1
-1 -1
-1 -1
392 392
605 605
-1 -1
-1 -1
-1 -1
487 487
1761 1761
-1 -1
-1 -1
-1 -1
960 960
-1 -1
-1 -1
-1 -1
-1 -1
-1 -1
1623 1623
1593 1593
-1 -1
-1 -1
1993 1993
-1 -1
-1 -1
-1 -1
-1 -1
-1 -1
-1 -1
-1 -1
1758 1760
-1 -1
256 256
-1 -1
-1 -1
-1 -1
-1 -1
-1 -1
-1 -1
242 242
-1 -1
-1 -1
1164 1164
601 601
-1 -1
-1 -1
-1 -1
-1 -1
-1 -1
-1 -1
-1 -1
347 347
874 874
-1 -1
-1 -1
-1 -1
-1 -1
-1 -1
1671 1671
367 367
-1 -1
521 521
-1 -1
-1 -1
-1 -1
-1 -1
-1 -1
269 269
-1 -1
-1 -1
-1 -1
1993 1993
-1 -1
-1 -1
-1 -1
-1 -1
1804 1804
1519 1519
-1 -1
-1 -1
-1 -1
-1 -1
-1 -1
-1 -1
-1 -1
-1 -1
-1 -1
-1 -1
202 202
-1 -1
-1 -1
-1 -1
133 133
-1 -1
-1 -1
1619 1620
1791 1791
-1 -1
-1 -1
-1 -1
1319 1319
-1 -1
-1 -1
355 355
-1 -1
-1 -1
-1 -1
-1 -1
-1 -1
-1 -1
-1 -1
58 58
-1 -1
580 580
-1 -1
-1 -1
-1 -1
-1 -1
1841 1841
-1 -1
-1 -1
-1 -1
-1 -1
188 188
-1 -1
-1 -1
-1 -1
-1 -1
-1 -1
-1 -1
-1 -1
-1 -1
-1 -1
-1 -1
-1 -1
-1 -1
-1 -1
-1 -1
-1 -1
-1 -1
-1 -1
-1 -1
-1 -1
-1 -1
-1 -1
1950 1950
76 76
-1 -1
-1 -1
-1 -1
846 846
-1 -1
-1 -1
-1 -1
-1 -1
1579 1579
-1 -1
-1 -1
-1 -1
-1 -1
-1 -1
-1 -1
-1 -1
-1 -1
-1 -1
-1 -1
1379 1379
-1 -1
1480 1480
-1 -1
-1 -1
1716 1716
-1 -1
-1 -1
-1 -1
-1 -1
199 199
-1 -1
1144 1144
1281 1281
-1 -1
-1 -1
-1 -1
-1 -1
1003 1003
-1 -1
-1 -1
-1 -1
-1 -1
-1 -1
-1 -1
-1 -1
-1 -1
-1 -1
-1 -1
-1 -1
-1 -1
-1 -1
1046 1046
1900 1900
-1 -1
-1 -1
-1 -1
-1 -1
-1 -1
-1 -1
-1 -1
-1 -1
-1 -1
-1 -1
-1 -1
-1 -1
-1 -1
-1 -1
-1 -1
-1 -1
-1 -1
-1 -1
1121 1121
-1 -1
-1 -1
-1 -1
-1 -1
-1 -1
-1 -1
-1 -1
-1 -1
1696 1696
-1 -1
-1 -1
1657 1658
813 813
1871 1871
445 445
-1 -1
-1 -1
-1 -1
-1 -1
-1 -1
-1 -1
-1 -1
-1 -1
-1 -1
-1 -1
-1 -1
-1 -1
1836 1838
-1 -1
-1 -1
-1 -1
-1 -1
-1 -1
-1 -1
-1 -1
-1 -1
-1 -1
-1 -1
-1 -1
-1 -1
403 403
706 706
-1 -1
-1 -1
-1 -1
-1 -1
-1 -1
-1 -1
-1 -1
-1 -1
-1 -1
-1 -1
-1 -1
-1 -1
-1 -1
-1 -1
-1 -1
467 467
-1 -1
-1 -1
-1 -1
-1 -1
-1 -1
104 104
-1 -1
1320 1320
-1 -1
-1 -1
825 825
-1 -1
-1 -1
696 696
416 416
-1 -1
-1 -1
-1 -1
-1 -1
-1 -1
325 325
-1 -1
935 935
-1 -1
-1 -1
-1 -1
-1 -1
-1 -1
-1 -1
-1 -1
-1 -1
740 740
-1 -1
1937 1937
-1 -1
1332 1332
-1 -1
918 918
-1 -1
-1 -1
-1 -1
-1 -1
-1 -1
-1 -1
-1 -1
897 897
-1 -1
-1 -1
1780 1780
-1 -1
-1 -1
-1 -1
-1 -1
-1 -1
-1 -1
-1 -1
516 516
737 737
1284 1284
-1 -1
-1 -1
-1 -1
-1 -1
-1 -1
-1 -1
-1 -1
-1 -1
-1 -1
-1 -1
-1 -1
-1 -1
-1 -1
-1 -1
1434 1434
-1 -1
-1 -1
-1 -1
-1 -1
-1 -1
308 308
1102 1102
-1 -1
-1 -1
-1 -1
-1 -1
-1 -1
-1 -1
-1 -1
-1 -1
-1 -1
-1 -1
-1 -1
508 508
-1 -1
-1 -1
-1 -1
-1 -1
-1 -1
-1 -1
-1 -1
-1 -1
1378 1378
-1 -1
-1 -1
-1 -1
-1 -1
-1 -1
-1 -1
1726 1727
-1 -1
-1 -1
-1 -1
-1 -1
-1 -1
773 775
-1 -1
-1 -1
-1 -1
-1 -1
322 322
-1 -1
-1 -1
1663 1663
-1 -1
42 42
-1 -1
-1 -1
-1 -1
-1 -1
-1 -1
405 405
1995 1995
-1 -1
-1 -1
-1 -1
-1 -1
-1 -1
-1 -1
-1 -1
-1 -1
-1 -1
-1 -1
-1 -1
-1 -1
-1 -1
-1 -1
-1 -1
-1 -1
415 415
-1 -1
-1 -1
-1 -1
-1 -1
-1 -1
-1 -1
-1 -1
-1 -1
-1 -1
-1 -1
-1 -1
-1 -1
-1 -1
-1 -1
-1 -1
-1 -1
-1 -1
-1 -1
-1 -1
667 667
-1 -1
-1 -1
-1 -1
1577 1578
-1 -1
-1 -1
1260 1260
-1 -1
-1 -1
484 484
-1 -1
1176 1177
-1 -1
1787 1787
-1 -1
165 166
931 931
-1 -1
-1 -1
-1 -1
950 950
1188 1188
-1 -1
-1 -1
-1 -1
-1 -1
154 154
-1 -1
-1 -1
-1 -1
-1 -1
-1 -1
-1 -1
-1 -1
-1 -1
-1 -1
-1 -1
-1 -1
22 22
-1 -1
-1 -1
-1 -1
-1 -1
-1 -1
-1 -1
-1 -1
-1 -1
1474 1474
549 550
-1 -1
1698 1698
-1 -1
1168 1168
-1 -1
-1 -1
-1 -1
1272 1272
-1 -1
-1 -1
-1 -1
-1 -1
145 145
-1 -1
-1 -1
-1 -1
-1 -1
-1 -1
-1 -1
-1 -1
-1 -1
-1 -1
-1 -1
436 436
-1 -1
-1 -1
-1 -1
-1 -1
-1 -1
502 502
-1 -1
-1 -1
-1 -1
-1 -1
-1 -1
-1 -1
-1 -1
-1 -1
1550 1551
948 948
-1 -1
-1 -1
-1 -1
-1 -1
-1 -1
-1 -1
-1 -1
1257 1257
-1 -1
-1 -1
-1 -1
-1 -1
-1 -1
-1 -1
-1 -1
-1 -1
-1 -1
-1 -1
1820 1820
-1 -1
-1 -1
-1 -1
-1 -1
-1 -1
-1 -1
-1 -1
855 855
424 424
-1 -1
-1 -1
-1 -1
-1 -1
-1 -1
-1 -1
-1 -1
-1 -1
-1 -1
248 248
-1 -1
-1 -1
-1 -1
-1 -1
656 656
-1 -1
-1 -1
951 951
-1 -1
-1 -1
-1 -1
-1 -1
-1 -1
-1 -1
-1 -1
-1 -1
-1 -1
-1 -1
1656 1656
1586 1586
-1 -1
-1 -1
-1 -1
-1 -1
-1 -1
390 390
-1 -1
-1 -1
1397 1397
-1 -1
-1 -1
-1 -1
-1 -1
-1 -1
-1 -1
-1 -1
1766 1766
-1 -1
-1 -1
-1 -1
-1 -1
-1 -1
-1 -1
81 81
-1 -1
-1 -1
400 401
-1 -1
1427 1427
-1 -1
-1 -1
-1 -1
-1 -1
-1 -1
-1 -1
-1 -1
-1 -1
-1 -1
-1 -1
-1 -1
-1 -1
892 892
-1 -1
-1 -1
1376 1376
-1 -1
-1 -1
103 103
-1 -1
-1 -1
617 617
-1 -1
-1 -1
-1 -1
-1 -1
-1 -1
-1 -1
-1 -1
1399 1399
-1 -1
-1 -1
-1 -1
-1 -1
-1 -1
1241 1241
-1 -1
-1 -1
-1 -1
-1 -1
-1 -1
-1 -1
306 306
-1 -1
-1 -1
-1 -1
-1 -1
-1 -1
-1 -1
-1 -1
-1 -1
907 907
-1 -1
-1 -1
-1 -1
-1 -1
-1 -1
130 130
-1 -1
-1 -1
-1 -1
-1 -1
-1 -1
-1 -1
1371 1371
-1 -1
-1 -1
-1 -1
-1 -1
-1 -1
-1 -1
1751 1751
1331 1331
-1 -1
-1 -1
-1 -1
-1 -1
681 681
44 45
-1 -1
-1 -1
-1 -1
-1 -1
-1 -1
-1 -1
-1 -1
-1 -1
-1 -1
1886 1886
-1 -1
484 484
-1 -1
-1 -1
-1 -1
1276 1276
16 17
-1 -1
-1 -1
-1 -1
-1 -1
-1 -1
-1 -1
-1 -1
-1 -1
-1 -1
-1 -1
-1 -1
-1 -1
1525 1525
-1 -1
-1 -1
1029 1029
-1 -1
1137 1137
-1 -1
-1 -1
-1 -1
-1 -1
121 121
549 550
1902 1902
-1 -1
-1 -1
-1 -1
-1 -1
-1 -1
-1 -1
-1 -1
-1 -1
1905 1905
-1 -1
-1 -1
-1 -1
-1 -1
-1 -1
-1 -1
-1 -1
-1 -1
9 9
-1 -1
1605 1605
-1 -1
-1 -1
-1 -1
1705 1705
-1 -1
-1 -1
-1 -1
-1 -1
-1 -1
-1 -1
-1 -1
-1 -1
-1 -1
-1 -1
1596 1596
-1 -1
-1 -1
780 780
-1 -1
264 264
586 586
-1 -1
-1 -1
-1 -1
-1 -1
-1 -1
-1 -1
1638 1638
-1 -1
-1 -1
-1 -1
-1 -1
-1 -1
1305 1305
1850 1850
858 858
-1 -1
1220 1220
-1 -1
-1 -1
32 32
-1 -1
-1 -1
-1 -1
-1 -1
-1 -1
-1 -1
-1 -1
-1 -1
-1 -1
-1 -1
-1 -1
-1 -1
1792 1792
-1 -1
-1 -1
-1 -1
-1 -1
-1 -1
-1 -1
-1 -1
-1 -1
-1 -1
-1 -1
-1 -1
-1 -1
-1 -1
-1 -1
-1 -1
-1 -1
-1 -1
-1 -1
-1 -1
-1 -1
-1 -1
465 465
-1 -1
-1 -1
-1 -1
-1 -1
-1 -1
-1 -1
-1 -1
-1 -1
-1 -1
1171 1171
-1 -1
-1 -1
1344 1344
-1 -1
-1 -1
594 594
-1 -1
-1 -1
-1 -1
969 970
-1 -1
-1 -1
-1 -1
-1 -1
-1 -1
-1 -1
-1 -1
-1 -1
-1 -1
-1 -1
-1 -1
1499 1499
-1 -1
-1 -1
-1 -1
-1 -1
-1 -1
-1 -1
-1 -1
-1 -1
-1 -1
-1 -1
-1 -1
-1 -1
1301 1301
-1 -1
-1 -1
-1 -1
1457 1457
-1 -1
-1 -1
-1 -1
-1 -1
1698 1698
-1 -1
-1 -1
-1 -1
-1 -1
-1 -1
-1 -1
-1 -1
-1 -1
-1 -1
-1 -1
95 95
-1 -1
-1 -1
-1 -1
1913 1913
-1 -1
-1 -1
259 259
-1 -1
-1 -1
1391 1391
-1 -1
-1 -1
-1 -1
-1 -1
-1 -1
-1 -1
-1 -1
-1 -1
-1 -1
-1 -1
-1 -1
-1 -1
-1 -1
-1 -1
-1 -1
-1 -1
-1 -1
-1 -1
-1 -1
-1 -1
1810 1810
-1 -1
-1 -1
-1 -1
-1 -1
95 95
-1 -1
-1 -1
-1 -1
-1 -1
1720 1720
-1 -1
291 291
-1 -1
-1 -1
-1 -1
-1 -1
-1 -1
-1 -1
-1 -1
-1 -1
-1 -1
766 766
-1 -1
-1 -1
-1 -1
-1 -1
1806 1806
-1 -1
-1 -1
-1 -1
-1 -1
-1 -1
-1 -1
1998 1998
-1 -1
-1 -1
-1 -1
-1 -1
-1 -1
-1 -1
-1 -1
-1 -1
1698 1698
-1 -1
1484 1484
-1 -1
-1 -1
-1 -1
-1 -1
579 579
-1 -1
-1 -1
-1 -1
-1 -1
-1 -1
-1 -1
-1 -1
116 116
-1 -1
-1 -1
-1 -1
-1 -1
-1 -1
-1 -1
-1 -1
-1 -1
-1 -1
-1 -1
-1 -1
-1 -1
39 39
-1 -1
-1 -1
1912 1912
-1 -1
1832 1832
-1 -1
1714 1714
-1 -1
1921 1921
-1 -1
-1 -1
-1 -1
425 425
-1 -1
-1 -1
-1 -1
-1 -1
-1 -1
-1 -1
83 83
1334 1334
-1 -1
1908 1908
-1 -1
-1 -1
-1 -1
-1 -1
-1 -1
-1 -1
-1 -1
-1 -1
851 851
-1 -1
-1 -1
-1 -1
-1 -1
-1 -1
-1 -1
-1 -1
-1 -1
-1 -1
1456 1456
-1 -1
98 98
-1 -1
-1 -1
998 998
-1 -1
-1 -1
56 56
-1 -1
-1 -1
-1 -1
-1 -1
-1 -1
-1 -1
1895 1897
-1 -1
1509 1509
1396 1396
1889 1889
-1 -1
-1 -1
-1 -1
80 80
-1 -1
-1 -1
-1 -1
-1 -1
-1 -1
-1 -1
-1 -1
-1 -1
1986 1986
-1 -1
-1 -1
-1 -1
-1 -1
-1 -1
1176 1177
-1 -1
-1 -1
1909 1909
-1 -1
-1 -1
-1 -1
-1 -1
-1 -1
526 526
130 130
-1 -1
-1 -1
-1 -1
-1 -1
978 978
-1 -1
-1 -1
-1 -1
-1 -1
-1 -1
-1 -1
-1 -1
-1 -1
-1 -1
-1 -1
-1 -1
-1 -1
-1 -1
-1 -1
-1 -1
-1 -1
-1 -1
-1 -1
-1 -1
-1 -1
-1 -1
-1 -1
-1 -1
-1 -1
-1 -1
-1 -1
-1 -1
-1 -1
-1 -1
-1 -1
-1 -1
-1 -1
-1 -1
-1 -1
670 670
-1 -1
-1 -1
-1 -1
-1 -1
-1 -1
-1 -1
-1 -1
-1 -1
-1 -1
890 890
94 94
-1 -1
-1 -1
-1 -1
-1 -1
-1 -1
-1 -1
-1 -1
-1 -1
-1 -1
-1 -1
-1 -1
1864 1864
1267 1268
-1 -1
-1 -1
-1 -1
-1 -1
-1 -1
-1 -1
-1 -1
-1 -1
-1 -1
-1 -1
-1 -1
-1 -1
-1 -1
-1 -1
1023 1024
-1 -1
-1 -1
-1 -1
-1 -1
-1 -1
-1 -1
-1 -1
-1 -1
-1 -1
-1 -1
-1 -1
-1 -1
-1 -1
-1 -1
-1 -1
-1 -1
-1 -1
-1 -1
-1 -1
-1 -1
-1 -1
-1 -1
-1 -1
-1 -1
-1 -1
-1 -1
-1 -1
-1 -1
462 462
-1 -1
-1 -1
-1 -1
-1 -1
-1 -1
-1 -1
-1 -1
-1 -1
-1 -1
-1 -1
-1 -1
-1 -1
-1 -1
-1 -1
-1 -1
-1 -1
-1 -1
-1 -1
-1 -1
-1 -1
-1 -1
-1 -1
425 425
-1 -1
-1 -1
-1 -1
1713 1713
-1 -1
-1 -1
-1 -1
-1 -1
799 799
-1 -1
-1 -1
-1 -1
-1 -1
145 145
421 421
-1 -1
-1 -1
-1 -1
-1 -1
-1 -1
-1 -1
-1 -1
-1 -1
1100 1100
1204 1204
-1 -1
-1 -1
-1 -1
-1 -1
-1 -1
-1 -1
-1 -1
-1 -1
-1 -1
-1 -1
406 406
-1 -1
-1 -1
-1 -1
1066 1066
-1 -1
-1 -1
-1 -1
-1 -1
-1 -1
675 675
-1 -1
-1 -1
1893 1893
-1 -1
-1 -1
-1 -1
-1 -1
-1 -1
-1 -1
-1 -1
-1 -1
-1 -1
-1 -1
-1 -1
-1 -1
1696 1696
-1 -1
-1 -1
-1 -1
-1 -1
1062 1063
-1 -1
1661 1661
-1 -1
-1 -1
-1 -1
-1 -1
-1 -1
1332 1332
-1 -1
973 974
-1 -1
-1 -1
1821 1821
-1 -1
-1 -1
529 529
-1 -1
-1 -1
-1 -1
-1 -1
-1 -1
-1 -1
-1 -1
-1 -1
-1 -1
-1 -1
-1 -1
1119 1119
-1 -1
-1 -1
-1 -1
-1 -1
-1 -1
-1 -1
-1 -1
-1 -1
-1 -1
-1 -1
-1 -1
-1 -1
-1 -1
-1 -1
639 639
-1 -1
-1 -1
-1 -1
-1 -1
-1 -1
564 565
-1 -1
1755 1755
237 237
1614 1614
-1 -1
-1 -1
-1 -1
-1 -1
-1 -1
-1 -1
-1 -1
-1 -1
-1 -1
-1 -1
736 736
-1 -1
-1 -1
-1 -1
1288 1288
-1 -1
-1 -1
-1 -1
-1 -1
-1 -1
-1 -1
-1 -1
-1 -1
-1 -1
-1 -1
-1 -1
-1 -1
-1 -1
-1 -1
-1 -1
-1 -1
-1 -1
-1 -1
-1 -1
-1 -1
-1 -1
-1 -1
-1 -1
-1 -1
-1 -1
-1 -1
375 375
-1 -1
870 870
-1 -1
-1 -1
-1 -1
-1 -1
-1 -1
-1 -1
-1 -1
-1 -1
638 638
876 876
-1 -1
-1 -1
-1 -1
-1 -1
-1 -1
-1 -1
-1 -1
-1 -1
-1 -1
-1 -1
-1 -1
-1 -1
-1 -1
-1 -1
1879 1880
-1 -1
-1 -1
-1 -1
-1 -1
-1 -1
-1 -1
-1 -1
-1 -1
-1 -1
1805 1805
1956 1956
1610 1611
-1 -1
103 103
1273 1273
-1 -1
-1 -1
1081 1081
-1 -1
-1 -1
-1 -1
-1 -1
-1 -1
-1 -1
-1 -1
-1 -1
-1 -1
-1 -1
-1 -1
-1 -1
-1 -1
-1 -1
-1 -1
-1 -1
-1 -1
-1 -1
1034 1034
-1 -1
1534 1534
-1 -1
-1 -1
-1 -1
-1 -1
-1 -1
-1 -1
1169 1169
-1 -1
-1 -1
-1 -1
-1 -1
-1 -1
-1 -1
-1 -1
27 27
-1 -1
1266 1266
-1 -1
-1 -1
-1 -1
1751 1751
-1 -1
1755 1755
-1 -1
-1 -1
48 49
771 771
-1 -1
-1 -1
-1 -1
-1 -1
-1 -1
618 618
1396 1396
-1 -1
-1 -1
-1 -1
-1 -1
-1 -1
-1 -1
1758 1760
-1 -1
-1 -1
-1 -1
-1 -1
-1 -1
-1 -1
-1 -1
-1 -1
-1 -1
-1 -1
-1 -1
-1 -1
-1 -1
-1 -1
-1 -1
-1 -1
-1 -1
392 392
-1 -1
1556 1556
-1 -1
-1 -1
-1 -1
-1 -1
-1 -1
-1 -1
-1 -1
471 472
-1 -1
-1 -1
-1 -1
-1 -1
-1 -1
-1 -1
1691 1691
1508 1508
-1 -1
-1 -1
-1 -1
-1 -1
-1 -1
-1 -1
-1 -1
-1 -1
-1 -1
-1 -1
60 60
-1 -1
-1 -1
1006 1006
-1 -1
-1 -1
-1 -1
-1 -1
-1 -1
1182 1182
-1 -1
-1 -1
-1 -1
1017 1017
-1 -1
-1 -1
-1 -1
-1 -1
-1 -1
-1 -1
1148 1148
-1 -1
359 359
-1 -1
-1 -1
-1 -1
-1 -1
-1 -1
-1 -1
1488 1488
-1 -1
-1 -1
-1 -1
-1 -1
-1 -1
-1 -1
-1 -1
-1 -1
-1 -1
-1 -1
1818 1818
-1 -1
-1 -1
-1 -1
-1 -1
-1 -1
-1 -1
-1 -1
-1 -1
618 618
1320 1320
-1 -1
-1 -1
-1 -1
-1 -1
-1 -1
-1 -1
1192 1192
-1 -1
-1 -1
-1 -1
-1 -1
-1 -1
-1 -1
-1 -1
-1 -1
-1 -1
-1 -1
-1 -1
-1 -1
-1 -1
1293 1293
-1 -1
1149 1149
-1 -1
-1 -1
-1 -1
1108 1108
-1 -1
1960 1960
-1 -1
-1 -1
-1 -1
-1 -1
1673 1673
949 949
-1 -1
-1 -1
-1 -1
-1 -1
-1 -1
-1 -1
1252 1252
-1 -1
-1 -1
-1 -1
-1 -1
1995 1995
-1 -1
-1 -1
-1 -1
-1 -1
32 32
-1 -1
-1 -1
1125 1125
-1 -1
-1 -1
-1 -1
-1 -1
761 761
839 839
-1 -1
-1 -1
-1 -1
-1 -1
-1 -1
-1 -1
-1 -1
-1 -1
-1 -1
-1 -1
-1 -1
-1 -1
646 646
-1 -1
224 224
-1 -1
-1 -1
-1 -1
-1 -1
-1 -1
1704 1704
1780 1780
-1 -1
-1 -1
-1 -1
-1 -1
-1 -1
-1 -1
-1 -1
-1 -1
-1 -1
-1 -1
1873 1873
-1 -1
-1 -1
-1 -1
-1 -1
-1 -1
-1 -1
-1 -1
-1 -1
1793 1793
-1 -1
-1 -1
445 445
-1 -1
-1 -1
-1 -1
-1 -1
-1 -1
-1 -1
802 802
-1 -1
205 205
-1 -1
-1 -1
-1 -1
329 329
-1 -1
-1 -1
-1 -1
-1 -1
-1 -1
-1 -1
-1 -1
-1 -1
1532 1533
502 502
-1 -1
-1 -1
-1 -1
247 247
-1 -1
1133 1134
-1 -1
-1 -1
665 665
-1 -1
-1 -1
-1 -1
1034 1034
-1 -1
-1 -1
1385 1385
1051 1051
-1 -1
1807 1807
643 643
-1 -1
-1 -1
-1 -1
1740 1740
1096 1096
656 656
833 833
-1 -1
-1 -1
-1 -1
-1 -1
587 587
-1 -1
-1 -1
-1 -1
-1 -1
-1 -1
-1 -1
-1 -1
-1 -1
-1 -1
-1 -1
-1 -1
484 484
-1 -1
-1 -1
-1 -1
-1 -1
-1 -1
-1 -1
-1 -1
997 997
-1 -1
-1 -1
-1 -1
-1 -1
-1 -1
1288 1288
-1 -1
-1 -1
-1 -1
-1 -1
-1 -1
-1 -1
-1 -1
585 585
-1 -1
1556 1556
-1 -1
-1 -1
1612 1613
-1 -1
213 213
-1 -1
-1 -1
-1 -1
-1 -1
-1 -1
-1 -1
-1 -1
1740 1740
1973 1973
-1 -1
-1 -1
1354 1354
452 452
-1 -1
-1 -1
-1 -1
-1 -1
-1 -1
1121 1121
-1 -1
-1 -1
-1 -1
-1 -1
-1 -1
-1 -1
-1 -1
-1 -1
-1 -1
-1 -1
-1 -1
-1 -1
-1 -1
-1 -1
-1 -1
-1 -1
-1 -1
-1 -1
-1 -1
-1 -1
16 17
-1 -1
-1 -1
-1 -1
518 518
1258 1258
142 142
-1 -1
-1 -1
-1 -1
-1 -1
-1 -1
-1 -1
-1 -1
-1 -1
-1 -1
-1 -1
-1 -1
-1 -1
-1 -1
-1 -1
-1 -1
96 96
1927 1927
997 997
-1 -1
-1 -1
-1 -1
1554 1554
7 7
-1 -1
-1 -1
-1 -1
-1 -1
1360 1360
-1 -1
-1 -1
787 787
-1 -1
948 948
-1 -1
1612 1613
-1 -1
1731 1731
-1 -1
823 824
-1 -1
-1 -1
-1 -1
1011 1011
-1 -1
-1 -1
-1 -1
1937 1937
-1 -1
-1 -1
-1 -1
-1 -1
-1 -1
-1 -1
1065 1065
-1 -1
-1 -1
-1 -1
696 696
-1 -1
1225 1225
1365 1365
-1 -1
953 953
-1 -1
-1 -1
-1 -1
-1 -1
-1 -1
-1 -1
-1 -1
-1 -1
-1 -1
-1 -1
-1 -1
-1 -1
-1 -1
-1 -1
-1 -1
-1 -1
-1 -1
790 790
-1 -1
-1 -1
-1 -1
-1 -1
-1 -1
-1 -1
-1 -1
693 693
-1 -1
-1 -1
-1 -1
1942 1942
-1 -1
-1 -1
-1 -1
-1 -1
-1 -1
-1 -1
-1 -1
-1 -1
-1 -1
-1 -1
-1 -1
-1 -1
-1 -1
-1 -1
186 186
-1 -1
-1 -1
-1 -1
-1 -1
1130 1130
-1 -1
-1 -1
938 938
-1 -1
-1 -1
-1 -1
1754 1754
-1 -1
-1 -1
-1 -1
1305 1305
-1 -1
1245 1245
-1 -1
-1 -1
871 871
-1 -1
-1 -1
-1 -1
-1 -1
1380 1380
-1 -1
1929 1929
-1 -1
-1 -1
-1 -1
-1 -1
-1 -1
-1 -1
1594 1594
-1 -1
-1 -1
1500 1500
-1 -1
-1 -1
-1 -1
-1 -1
-1 -1
-1 -1
-1 -1
-1 -1
-1 -1
-1 -1
-1 -1
-1 -1
-1 -1
-1 -1
-1 -1
-1 -1
-1 -1
-1 -1
-1 -1
1148 1148
1348 1349
-1 -1
-1 -1
-1 -1
489 489
-1 -1
-1 -1
-1 -1
-1 -1
-1 -1
-1 -1
-1 -1
-1 -1
-1 -1
1425 1425
-1 -1
392 392
70 70
-1 -1
-1 -1
-1 -1
-1 -1
-1 -1
-1 -1
-1 -1
-1 -1
-1 -1
-1 -1
-1 -1
-1 -1
-1 -1
-1 -1
-1 -1
-1 -1
-1 -1
-1 -1
-1 -1
-1 -1
-1 -1
1678 1678
-1 -1
-1 -1
-1 -1
-1 -1
-1 -1
1090 1090
1168 1168
-1 -1
-1 -1
-1 -1
-1 -1
-1 -1
1795 1795
-1 -1
60 60
-1 -1
-1 -1
-1 -1
588 589
-1 -1
-1 -1
-1 -1
-1 -1
-1 -1
-1 -1
-1 -1
536 536
-1 -1
-1 -1
-1 -1
1262 1262
-1 -1
-1 -1
-1 -1
-1 -1
-1 -1
-1 -1
-1 -1
-1 -1
-1 -1
669 669
-1 -1
-1 -1
-1 -1
-1 -1
-1 -1
-1 -1
1506 1506
-1 -1
-1 -1
-1 -1
-1 -1
-1 -1
-1 -1
-1 -1
-1 -1
-1 -1
-1 -1
-1 -1
-1 -1
-1 -1
83 83
-1 -1
-1 -1
-1 -1
-1 -1
-1 -1
-1 -1
-1 -1
454 454
-1 -1
-1 -1
-1 -1
-1 -1
-1 -1
-1 -1
-1 -1
-1 -1
-1 -1
-1 -1
-1 -1
-1 -1
-1 -1
-1 -1
-1 -1
-1 -1
-1 -1
-1 -1
-1 -1
-1 -1
-1 -1
-1 -1
-1 -1
148 148
-1 -1
-1 -1
-1 -1
-1 -1
-1 -1
-1 -1
-1 -1
188 188
-1 -1
1538 1539
-1 -1
456 456
-1 -1
-1 -1
-1 -1
-1 -1
-1 -1
-1 -1
-1 -1
-1 -1
-1 -1
1500 1500
-1 -1
-1 -1
-1 -1
-1 -1
-1 -1
-1 -1
-1 -1
-1 -1
-1 -1
-1 -1
-1 -1
-1 -1
-1 -1
579 579
-1 -1
-1 -1
-1 -1
-1 -1
-1 -1
-1 -1
-1 -1
-1 -1
1554 1554
-1 -1
-1 -1
1072 1072
-1 -1
-1 -1
-1 -1
-1 -1
-1 -1
-1 -1
-1 -1
-1 -1
1728 1728
1650 1650
-1 -1
-1 -1
-1 -1
-1 -1
-1 -1
-1 -1
-1 -1
-1 -1
-1 -1
-1 -1
-1 -1
-1 -1
-1 -1
-1 -1
-1 -1
-1 -1
-1 -1
-1 -1
-1 -1
-1 -1
861 861
-1 -1
-1 -1
-1 -1
-1 -1
-1 -1
-1 -1
-1 -1
377 377
-1 -1
-1 -1
-1 -1
-1 -1
-1 -1
-1 -1
-1 -1
-1 -1
-1 -1
-1 -1
-1 -1
-1 -1
-1 -1
-1 -1
-1 -1
-1 -1
-1 -1
-1 -1
-1 -1
-1 -1
-1 -1
-1 -1
-1 -1
-1 -1
-1 -1
-1 -1
234 234
-1 -1
366 366
-1 -1
-1 -1
1076 1076
-1 -1
279 279
-1 -1
-1 -1
-1 -1
-1 -1
-1 -1
-1 -1
1969 1969
-1 -1
-1 -1
-1 -1
-1 -1
-1 -1
937 937
339 339
-1 -1
-1 -1
1731 1731
-1 -1
-1 -1
-1 -1
246 246
161 161
-1 -1
-1 -1
443 443
-1 -1
-1 -1
-1 -1
-1 -1
-1 -1
-1 -1
-1 -1
-1 -1
-1 -1
-1 -1
1905 1905
-1 -1
-1 -1
-1 -1
-1 -1
-1 -1
-1 -1
-1 -1
-1 -1
-1 -1
-1 -1
-1 -1
-1 -1
-1 -1
-1 -1
-1 -1
-1 -1
-1 -1
-1 -1
-1 -1
1875 1877
-1 -1
1273 1273
-1 -1
-1 -1
-1 -1
-1 -1
-1 -1
-1 -1
-1 -1
-1 -1
-1 -1
-1 -1
-1 -1
-1 -1
-1 -1
-1 -1
-1 -1
-1 -1
-1 -1
-1 -1
-1 -1
-1 -1
-1 -1
-1 -1
549 550
1819 1819
-1 -1
-1 -1
-1 -1
-1 -1
-1 -1
-1 -1
-1 -1
-1 -1
-1 -1
-1 -1
-1 -1
-1 -1
-1 -1
-1 -1
-1 -1
1263 1264
943 943
-1 -1
-1 -1
-1 -1
-1 -1
944 944
-1 -1
-1 -1
-1 -1
-1 -1
-1 -1
-1 -1
-1 -1
-1 -1
-1 -1
-1 -1
-1 -1
-1 -1
-1 -1
-1 -1
-1 -1
-1 -1
-1 -1
-1 -1
111 111
-1 -1
1637 1637
-1 -1
-1 -1
-1 -1
-1 -1
-1 -1
502 502
-1 -1
-1 -1
-1 -1
-1 -1
-1 -1
-1 -1
-1 -1
812 812
-1 -1
-1 -1
-1 -1
1488 1488
-1 -1
-1 -1
-1 -1
-1 -1
1485 1485
1216 1216
-1 -1
-1 -1
420 420
-1 -1
1149 1149
-1 -1
-1 -1
-1 -1
-1 -1
1425 1425
-1 -1
828 828
625 625
-1 -1
-1 -1
-1 -1
-1 -1
-1 -1
1939 1939
-1 -1
-1 -1
-1 -1
-1 -1
1970 1970
-1 -1
-1 -1
-1 -1
-1 -1
-1 -1
-1 -1
-1 -1
783 783
-1 -1
-1 -1
-1 -1
1866 1866
-1 -1
-1 -1
-1 -1
1238 1238
-1 -1
-1 -1
-1 -1
-1 -1
-1 -1
635 635
-1 -1
-1 -1
-1 -1
-1 -1
-1 -1
-1 -1
-1 -1
-1 -1
-1 -1
-1 -1
151 151
-1 -1
-1 -1
-1 -1
-1 -1
-1 -1
-1 -1
-1 -1
-1 -1
-1 -1
-1 -1
1107 1107
-1 -1
-1 -1
-1 -1
-1 -1
-1 -1
-1 -1
-1 -1
-1 -1
-1 -1
-1 -1
-1 -1
-1 -1
-1 -1
198 198
-1 -1
-1 -1
-1 -1
1107 1107
-1 -1
-1 -1
-1 -1
-1 -1
-1 -1
-1 -1
-1 -1
-1 -1
-1 -1
-1 -1
-1 -1
-1 -1
-1 -1
-1 -1
-1 -1
-1 -1
-1 -1
-1 -1
256 256
459 459
80 80
-1 -1
-1 -1
-1 -1
-1 -1
-1 -1
-1 -1
-1 -1
-1 -1
-1 -1
-1 -1
-1 -1
183 183
-1 -1
-1 -1
1594 1594
-1 -1
-1 -1
-1 -1
-1 -1
-1 -1
1338 1338
-1 -1
-1 -1
-1 -1
-1 -1
-1 -1
947 947
-1 -1
-1 -1
-1 -1
-1 -1
-1 -1
-1 -1
-1 -1
159 159
-1 -1
-1 -1
-1 -1
-1 -1
-1 -1
-1 -1
-1 -1
-1 -1
-1 -1
-1 -1
-1 -1
1263 1264
-1 -1
-1 -1
-1 -1
-1 -1
-1 -1
-1 -1
-1 -1
-1 -1
-1 -1
1062 1063
1274 1274
-1 -1
-1 -1
1703 1703
-1 -1
-1 -1
-1 -1
-1 -1
-1 -1
1567 1567
-1 -1
1176 1177
-1 -1
