636230441
636230441
-471953324
-216176287
-736768813
-736768813
-56916611
-56916611
460793585
-772428409
342099815
-852970122
-779604174
-952542286
-952542286
8821986
8821986
-367329605
-675173088
-845301999
-845301999
-936552674
-675173088
-578994530
-578994530
-983803082
-983803082
-983803082
86431880
-344981346
-257123412
-730116550
-730116550
-127994185
-529631918
-671397314
-671397314
-665973768
-680227152
-680227152
-115195445
-674098764
-312162913
-817997364
-393096278
-931453978
-931453978
-931453978
-883413106
-883413106
-714629538
-550917301
-868882811
-924182228
-924182228
-924182228
-923232130
-780509522
-780509522
-780509522
-830369241
-753880602
-630173059
-630173059
-630173059
-630173059
-572152917
-781081280
-781081280
-775801244
-880765068
-462777478
-443463434
-405471597
-712479086
-405471597
-356751328
-344617466
-344617466
-209589915
-171437192
-171437192
-987723663
-987723663
-851483493
-978952616
-978952616
-526196189
-410182684
-410182684
-607532090
-607532090
-607532090
-607532090
-607532090
-607532090
-288248858
-457898640
-329222568
-783854819
-783854819
-874758467
-874758467
-874758467
-670642331
-911781970
-911781970
-436852106
-637126436
-605008729
-306303769
-297646419
-737173846
-737173846
-748517143
-737173846
-884936709
-939827079
-873139561
-990946578
-990946578
-990946578
-990946578
-990946578
-990946578
-845234264
-845234264
-798457334
-798457334
-798457334
-798457334
-798457334
-798457334
-798457334
-906391707
-943176885
-943176885
-943176885
-943176885
-943176885
-906391707
-906391707
-992027388
-992027388
-981120858
-929327889
-929327889
-929327889
-757899717
-757899717
-757899717
-757899717
-769756347
-665394496
-665394496
-531144639
-540181064
-465418442
-461894981
-461894981
-674301238
-674301238
-674301238
-843155573
-674301238
-452505161
-749347128
-749347128
-540865862
-596192565
-943891326
-476859070
-793276889
-793276889
-476859070
-474690991
-955569124
-935588586
-806791882
-806791882
-806791882
-806791882
-806791882
-806791882
-678537904
-678537904
-646219476
-936135022
-757477457
-983877075
-759362303
-759362303
-759362303
-738967915
-570516814
-570516814
-889649295
-869987385
-936213822
-936213822
-936213822
-936213822
-936213822
-936213822
-869987385
-869987385
-843132521
-984911963
-843132521
-593481239
-588202366
-570516814
-686687699
-686687699
-515261634
-650598642
-461662184
-460541239
-460541239
-460541239
-844588324
-408512050
-951055083
-951055083
-942811754
-942811754
-702669820
-702669820
-702669820
-938131788
-684982948
-684982948
-635516188
-590157818
-454002852
-392077000
-962145646
-664108184
-601329162
-578446660
-702826360
-578446660
-578446660
-564809169
-960745162
-564809169
-877822815
-877822815
-877822815
-877822815
-500936936
-487310013
-487310013
-487310013
-459497419
-839295232
-839295232
-839295232
-839295232
-428603174
-388427743
-808539430
-808539430
-374816263
-374816263
-596775908
-751680830
-751680830
-751680830
-751680830
-879017858
-879017858
-879017858
-751680830
-751680830
-751680830
-678033065
-897607443
-897607443
-986287525
-555201170
-597012630
-840944739
-840944739
-840944739
-840944739
-996911987
-948513310
-948513310
-870362941
-870362941
-870362941
-597012630
-858025960
-858025960
-858025960
-568041913
-568041913
-982928955
-860053240
-860053240
-860053240
-860053240
-860053240
-860053240
-825108996
-731979902
-731979902
-614578270
-773195727
-773195727
-773195727
-773195727
-773195727
-701563451
-701563451
-691749698
-535290027
-534091396
-534091396
-534091396
-534091396
-927842586
-927842586
-927842586
-741198559
-741198559
-741198559
-783039363
-741198559
-741198559
-796528231
-741198559
-869782384
-549082289
-549082289
-534091396
-971332880
-971332880
-971332880
-818167862
-818167862
-760603106
-946389386
-972418934
-671442921
-531404197
-531404197
-796201416
-531404197
-998454779
-984655699
-804620433
-804620433
-703213827
-522475644
-522475644
-522475644
-704119590
-760072667
-760072667
-579845280
-512707622
-512237276
-512237276
-817636696
-831156822
-644005047
-695394155
-695394155
-733553719
-716053550
-716053550
-716053550
-695394155
-677268107
-727918798
-727918798
-727918798
-727918798
-661763976
-661763976
-906582806
-713267518
-643543669
-691707411
-691707411
-691707411
-759760010
-691707411
-593231384
-593231384
-593231384
-593231384
-593231384
-593231384
-704384430
-593231384
-540661333
-538290118
-538290118
-810430735
-810430735
-521866924
-521866924
-521866924
-501763217
-501763217
-501763217
-501763217
-501763217
-938553464
-938553464
-938553464
-938553464
-882607451
-882607451
-882607451
-877008297
-994633177
-994633177
-994633177
-994633177
-994633177
-994633177
-877008297
-875812853
-529333929
-529333929
-501763217
-501056050
-463041012
-462527330
-462527330
-462526976
-626814342
-626814342
-626814342
-462526976
-462526976
-811512602
-811512602
-622434619
-855257301
-783458230
-948921338
-948921338
-916072032
-916072032
-916072032
-916072032
-916072032
-763142476
-763142476
-736167520
-736167520
-736167520
-656769855
-618088109
-841966056
-780226101
-941651961
-941651961
-780226101
-780226101
-780226101
-780226101
-889466676
-889466676
-897303137
-897303137
-897303137
-897303137
-771134143
-771134143
-746841394
-746841394
-746841394
-746841394
-746841394
-746841394
-761894504
-746841394
-879595358
-855545041
-773108136
-773108136
-746841394
-738274362
-738274362
-702963882
-923074953
-958679288
-903591839
-903591839
-713028341
-713028341
-713028341
-713028341
-851531794
-713028341
-677808502
-677808502
-809059041
-809059041
-877978257
-924201616
-877978257
-852518880
-952692644
-987722818
-987722818
-831982597
-809059041
-786995795
-786995795
-768258413
-644925574
-644713607
-642392550
-731683617
-731683617
-955684937
-618088109
-618088109
-611602033
-865184129
-865184129
-865184129
-631301534
-631301534
-611602033
-611602033
-611602033
-611602033
-602732172
-602732172
-602732172
-583230027
-583230027
-659024589
-570883735
-570883735
-570883735
-570883735
-570883735
-595683642
-958228835
-570883735
-555969188
-545562482
-545562482
-545562482
-965280409
-794217115
-998985574
-998985574
-708584527
-874861927
-874861927
-874861927
-874861927
-874861927
-801907682
-801907682
-708584527
-683777982
-969393844
-959241680
-908257213
-908257213
-788585494
-788585494
-620427717
-789539781
-789539781
-789539781
-789539781
-789539781
-789539781
-754326048
-956847783
-620427717
-620227267
-617891270
-617891270
-987028246
-987028246
-987028246
-987028246
-801849046
-971105515
-971105515
-814762174
-814762174
-755952521
-755952521
-712675266
-712675266
-676533278
-571088397
-571088397
-905550401
-571088397
-600500557
-871908029
-600500557
-542296010
-901518652
-901518652
-698581939
-542296010
-660356356
-660356356
-694889727
-978905626
-814959385
-792876216
-792876216
-710415631
-990011044
-990011044
-990011044
-961448107
-701104358
-701104358
-701104358
-701104358
-701104358
-694889727
-715657089
-636917248
-636917248
-941745295
-856991226
-715120716
-857248626
-711918134
-535258859
-526832191
-526832191
-839533969
-839533969
-519023131
-519023131
-738188217
-738188217
-738188217
-548472322
-548472322
-519023131
-516206392
-516206392
-833840701
-833840701
-683886979
-683886979
-516206392
-516206392
-516206392
-513739871
-513739871
-889988474
-509981700
-873818103
-873818103
-873818103
-873818103
-925472010
-956731790
-925472010
-792668605
-690231196
-581736524
-581736524
-552744015
-552744015
-820830272
-820830272
-773875753
-557280478
-557280478
-557280478
-557280478
-557280478
-967739840
-720156185
-720156185
-652682380
-652682380
-865036779
-855937850
-652682380
-495300250
-665293758
-665293758
-490773672
-490773672
-711656293
-748910368
-748910368
-748910368
-852292272
-795988425
-795988425
-770842173
-770842173
-770842173
-770842173
-770842173
-770842173
-770842173
-770842173
-711656293
-711656293
-646352150
-928825699
-853548292
-853548292
-853548292
-853548292
-853548292
-853548292
-646352150
-646352150
-646352150
-646352150
-740666777
-740666777
-633319888
-514968641
-476224838
-463568831
-582307714
-582307714
-582307714
-769472132
-769472132
-769472132
-582307714
-582307714
-582307714
-463568831
-463568831
-463520509
-456165541
-682296490
-682296490
-682296490
-682296490
-745354436
-682296490
-682296490
-774364706
-989372839
-989372839
-916754611
-916754611
-916754611
-682296490
-633376361
-445924109
-922557816
-445924109
-440997800
-708093564
-630682680
-579145006
-726941324
-648727270
-868670719
-868670719
-648727270
-648727270
-571953061
-571953061
-563760717
-601735492
-530394828
-530394828
-499456978
-503075176
-503075176
-435792273
-482069357
-482069357
-482069357
-499828574
-482069357
-821079885
-821079885
-821079885
-821079885
-821079885
-821079885
-435792273
-959318109
-959318109
-806330860
-422902123
-417520268
-417520268
-785427733
-834703932
-834703932
-834703932
-834703932
-834703932
-834703932
-834703932
-943564931
-834703932
-785427733
-882051819
-882051819
-791265847
-785415174
-747093047
-747093047
-747093047
-724144349
-718286544
-718286544
-781386595
-781386595
-810183896
-962153995
-962153995
-962153995
-783861297
-783861297
-763242827
-720894761
-720894761
-720894761
-720894761
-720894761
-882680736
-882680736
-694006282
-694006282
-694006282
-936393847
-634813035
-634813035
-619199815
-840036353
-840036353
-674232625
-674232625
-674232625
-613481966
-613481966
-590052486
-768495744
-587096417
-903332239
-903332239
-837530201
-658192409
-658192409
-734521281
-734521281
-809704676
-809704676
-622174110
-622174110
-622174110
-622174110
-745845600
-622174110
-622174110
-567831009
-941397954
-657608709
-641021238
-567831009
-567831009
-567831009
-963273402
-963273402
-963273402
-566050141
-561075295
-561075295
-673936609
-553180084
-551548616
-551548616
-551548616
-526258952
-557676034
-922282466
-928251426
-928251426
-795509142
-795509142
-795509142
-802241249
-802241249
-692303717
-964660681
-964660681
-964660681
-964660681
-744769496
-744769496
-744769496
-744769496
-744769496
-890780743
-716563738
-716563738
-716563738
-693101017
-693101017
-641290448
-781108030
-641290448
-522742871
-821477551
-631376550
-631376550
-631376550
-561544291
-561544291
-561544291
-561544291
-539784125
-539784125
-506339620
-898586208
-898586208
-898586208
-898586208
-803766161
-803766161
-711601567
-711601567
-967970806
-719614292
-719614292
-719614292
-645867796
-535290373
-535290373
-535290373
-521460159
-617669260
-617669260
-609041236
-609041236
-609041236
-539571011
-539571011
-738255811
-738255811
-738255811
-739372977
-739372977
-968621742
-742887036
-742887036
-742887036
-742887036
-602069731
-649158952
-521460159
-521460159
-583923841
-639180936
-639180936
-987202839
-639180936
-525152839
-525152839
-525152839
-985534101
-602766760
-523851210
-523851210
-775276962
-756377164
-756377164
-855172882
-957983091
-511083915
-750963619
-750963619
-750963619
-750963619
-750963619
-764792973
-764792973
-764792973
-654217497
-593083906
-593083906
-593083906
-583332738
-583332738
-968531135
-968531135
-968531135
-542088349
-542088349
-794802395
-760343022
-760343022
-752233507
-935186843
-935186843
-661468992
-659834247
-502551027
-566424750
-566424750
-969256617
-969256617
-969256617
-964275716
-964275716
-894383230
-894383230
-891889166
-891889166
-891889166
-871300794
-862776972
-727820499
-764671882
-697482774
-697482774
-797109073
-597593237
-597593237
-566424750
-914981499
-914981499
-653667345
-667051358
-745903722
-745903722
-892359353
-892359353
-892359353
-568164405
-838010790
-568164405
-542682826
-542682826
-510954787
-510954787
-881555233
-491529908
-491529908
-988161665
-988161665
-988161665
-988161665
-988161665
-628482709
-628482709
-628482709
-628482709
-620659906
-756764085
-756764085
-565206007
-991733147
-984963996
-882940276
-744850131
-744850131
-631173642
-565206007
-667567858
-565206007
-565206007
-864430518
-864430518
-676835748
-921019069
-921019069
-798310768
-937957824
-937957824
-662168091
-662168091
-739302987
-739302987
-509667380
-509667380
-814346114
-594446745
-491529908
-491366343
-858197577
-858197577
-651710289
-651710289
-651710289
-738897677
-710225522
-710225522
-710225522
-710225522
-651710289
-832655058
-914626972
-914626972
-688971126
-688971126
-688971126
-688971126
-898037003
-808672334
-657399613
-651710289
-651710289
-651710289
-658989840
-658989840
-697589353
-697589353
-658989840
-651393843
-651393843
-677655071
-904317217
-904317217
-889445735
-790610424
-916669012
-916669012
-874953642
-771405094
-681257482
-750012497
-644887210
-644887210
-638171630
-970918501
-602433480
-602433480
-602433480
-589508087
-559097115
-551130795
-541756830
-651653159
-651653159
-946689818
-946689818
-678097879
-972529567
-972529567
-789248595
-977949795
-977949795
-941764191
-941764191
-941764191
-941764191
-941764191
-941764191
-809324452
-809324452
-809324452
-809324452
-809324452
-803368333
-803368333
-803368333
-777110318
-708471373
-866033473
-866033473
-944523884
-944523884
-944523884
-866033473
-708471373
-708471373
-640815399
-640815399
-575791587
-879602804
-879602804
-575791587
-527289210
-775616349
-775616349
-775616349
-680526420
-657624996
-857075653
-619560889
-776815575
-776815575
-776815575
-526333099
-515054237
-492539129
-865857465
-839260503
-705614892
-969214269
-969214269
-967216686
-922687328
-922687328
-889229540
-889229540
-832839113
-741397113
-696671777
-696671777
-696671777
-677806575
-610845315
-778981815
-778981815
-778981815
-794952678
-794952678
-794952678
-778981815
-671900726
-671900726
-580250020
-745016408
-745016408
-745016408
-745016408
-745016408
-745016408
-535046611
-704145009
-704145009
-754346302
-704145009
-704145009
-576676302
-577585216
-531524351
-953577538
-755936367
-778829319
-755936367
-755936367
-900211183
-900211183
-900211183
-755936367
-755936367
-634678146
-546678615
-720647162
-720647162
-720647162
-720647162
-720647162
-606938576
-929764470
-929764470
-673397985
-834633981
-673397985
-673397985
-673397985
-673397985
-673397985
-952857105
-531796120
-878879436
-878879436
-952135196
-833557498
-571036045
-571036045
-571036045
-907692840
-900526180
-900526180
-684883131
-684883131
-693688969
-693688969
-693688969
-585711310
-574558729
-574558729
-830997302
-692103102
-828126150
-692103102
-692103102
-692103102
-692103102
-610826726
-774437147
-610826726
-942141441
-942141441
-682923587
-682923587
-682923587
-998619511
-640602650
-573193008
-521500329
-512725714
-954618403
-954618403
-832641145
-908746537
-919429811
-910663020
-910663020
-910663020
-910663020
-906869185
-906869185
-940433345
-906869185
-850971400
-850971400
-973821108
-973821108
-973821108
-868492211
-868492211
-850971400
-846445833
-846445833
-846445833
-993922433
-836385679
-822228177
-822228177
-822228177
-784181715
-764811583
-729402509
-729402509
-986186679
-649262391
-649262391
-631994867
-780827742
-780827742
-631994867
-631994867
-631994867
-631994867
-818756157
-818756157
-818756157
-816232045
-798684085
-798684085
-682633390
-928933187
-817319244
-817319244
-817319244
-976904668
-976904668
-976904668
-976904668
-976904668
-976904668
-857433985
-905443397
-758792570
-598474828
-598474828
-733745325
-788475308
-920317126
-910507538
-861267734
-788475308
-950310921
-742891174
-560166635
-666611323
-858978002
-839261736
-839261736
-768113093
-666611323
-619750119
-611242448
-611242448
-572665593
-557540897
-557540897
-557540897
-921160906
-921160906
-921160906
-824773393
-824773393
-824773393
-824773393
-697523907
-622126429
-934848846
-934848846
-622126429
-622126429
-538438360
-522055931
-519794180
-519794180
-519794180
-964285461
-964285461
-959500885
-959500885
-555653768
-505780434
-502386243
-493613072
-493613072
-489555890
-489555890
-715062603
-715062603
-715062603
-649766565
-489555890
-888538392
-818023469
-489555890
-637830458
-489555890
-489340345
-778558001
-761380301
-476854585
-476854585
-476159085
-636618319
-475991163
-700128114
-549846001
-803697099
-803697099
-783230308
-783230308
-861415589
-944189604
-774960598
-774960598
-774960598
-731304893
-727009658
-925057994
-925057994
-925057994
-951493385
-925057994
-930515505
-502364347
-469701654
-745038999
-745038999
-745038999
-711312738
-562084087
-465441390
-994495412
-931329616
-931329616
-931329616
-930244764
-930244764
-930244764
-930244764
-930244764
-930244764
-851159119
-851159119
-876808775
-951610539
-851159119
-844456147
-844456147
-931023726
-931023726
-890939765
-890939765
-844456147
-799325070
-799325070
-799325070
-780236622
-780236622
-816214144
-723982386
-723982386
-723982386
-723982386
-716014619
-716014619
-716014619
-821491217
-713875248
-683223399
-683223399
-670638163
-666110741
-900492834
-960493487
-900492834
-808608618
-808608618
-786962279
-665266314
-660537999
-980786704
-980786704
-980786704
-626939113
-604463800
-865391068
-865391068
-778961226
-604463800
-595260634
-679632385
-856879933
-582719829
-582719829
-887387390
-582719829
-555626369
-555626369
-555626369
-555626369
-530272997
-485320396
-485320396
-913819230
-485320396
-485320396
-910849650
-910849650
-910849650
-910849650
-910849650
-856891291
-664063441
-922542231
-664063441
-587603614
-866725503
-925774730
-925774730
-925774730
-636953634
-871924457
-586008260
-571686041
-571686041
-924298113
-550401810
-550401810
-485320396
-485320396
-485320396
-749337955
-464213532
-827341333
-975497962
-827341333
-827341333
-770970505
-585328953
-568030838
-942690160
-954728084
-464115879
-464115879
-464115879
-464115879
-464115879
-464115879
-967682449
-732328808
-795363302
-795363302
-795363302
-464115879
-963820372
-464112490
-768849079
-768849079
-768849079
-567136037
-567136037
-513219544
-592160439
-627716039
-535559479
-513219544
-862559871
-862559871
-975826022
-932737880
-862559871
-862559871
-724328447
-724328447
-724328447
-517228250
-485521371
-697731371
-871061676
-871061676
-871061676
-871061676
-871061676
-871061676
-793030171
-799575344
-615866364
-507045137
-664850751
-474095888
-925178823
-925178823
-925178823
-925178823
-925178823
-925178823
-846536284
-846536284
-846536284
-846536284
-846536284
-846536284
-846536284
-846536284
-846536284
-755839867
-755839867
-647834925
-683673246
-647834925
-975065848
-975065848
-797922652
-797922652
-903301751
-903301751
-903301751
-902033863
-631968121
-631794658
-631794658
-631794658
-631794658
-874667143
-631794658
-631794658
-631794658
-610968307
-672795420
-672795420
-618463686
-574076246
-695335640
-649803755
-649803755
-574076246
-542759607
-807575891
-807575891
-807575891
-879137322
-646351917
-893911596
-606183679
-606183679
-550902243
-550902243
-550902243
-550902243
-712128465
-712128465
-712128465
-712128465
-712128465
-712128465
-712128465
-702285381
-578170607
-638415971
-924429033
-677161888
-677161888
-552859180
-552859180
-550902243
-550902243
-700801785
-694906151
-694906151
-519642927
-519642927
-622222264
-651108339
-945154765
-945154765
-464272958
-464272958
-963136344
-963136344
-963136344
-963136344
-614472267
-614472267
-837323753
-837323753
-593565430
-635528835
-635528835
-831542848
-831542848
-831542848
-831542848
-695151638
-695151638
-630327091
-928399815
-928399815
-630327091
-630327091
-563632533
-563632533
-881919199
-881919199
-563407153
-563407153
-823189060
-838292656
-823189060
-773656537
-493984388
-493984388
-493984388
-458736440
-651285244
-518351008
-458736440
-458138665
-458138665
-457346426
-564441376
-452470563
-645608056
-776311288
-990388997
-990388997
-990388997
-990388997
-736875672
-693924093
-941922435
-645608056
-838423579
-838423579
-838423579
-838423579
-838423579
-769433095
-735981976
-735548504
-684759575
-643064681
-635721029
-635721029
-635721029
-844927695
-813917783
-813917783
-635721029
-847716999
-821000524
-821000524
-821000524
-743582932
-743582932
-743582932
-643280692
-581721438
-901432566
-559230096
-559230096
-559230096
-559230096
-810283876
-810283876
-559230096
-559230096
-871091183
-871091183
-871091183
-912192402
-873829796
-899425764
-935130488
-871091183
-814286135
-814286135
-814286135
-893766021
-893766021
-759193355
-874078423
-628532378
-628532378
-886217230
-615961583
-804378934
-804378934
-976305978
-976305978
-976305978
-926444770
-804991344
-804991344
-866918034
-838208248
-838208248
-838208248
-804378934
-919306401
-906963879
-893115613
-880585254
-880585254
-850668005
-837896948
-837896948
-753955660
-780158210
-780158210
-864981409
-780158210
-767043274
-919101138
-919101138
-827718303
-827718303
-638116347
-632150809
-667485903
-667485903
-667485903
-667485903
-667485903
-667485903
-907001393
-907001393
-711901465
-711901465
-711901465
-667485903
-623919401
-615961583
-608109508
-608109508
-608109508
-599826786
-599826786
-599826786
-646241762
-646241762
-888688912
-947490351
-947490351
-896901160
-896901160
-888688912
-888688912
-641586008
-884010126
-921891093
-962693051
-958772099
-921891093
-916097173
-916097173
-884010126
-939021015
-882700540
-819591800
-607315122
-890726423
-784078066
-784078066
-784078066
-607315122
-607315122
-607315122
-932678836
-932678836
-932678836
-675666735
-599826786
-596718320
-583233975
-579871007
-558954787
-558954787
-902605926
-555590035
-937205057
-766349948
-766349948
-866234777
-539791396
-533834902
-532683919
-532683919
-532683919
-985407233
-985407233
-985407233
-985407233
-936879949
-936879949
-936879949
-936879949
-805876278
-805876278
-754447568
-754447568
-754447568
-754447568
-754447568
-655304318
-655304318
-889495206
-627228854
-564730826
-564730826
-564730826
-532683919
-532503100
-567756827
-567756827
-567756827
-567756827
-567756827
-531405484
-531405484
-522063618
-522063618
-517066211
-517066211
-857885446
-857885446
-502350813
-502350813
-830148782
-850588906
-697356177
-697356177
-908767768
-908767768
-537187817
-537187817
-537187817
-874415342
-874415342
-874415342
-781871417
-979096656
-781871417
-781871417
-781871417
-731145105
-731145105
-731145105
-542478902
-793143067
-793143067
-793143067
-542478902
-499778460
-499778460
-497443514
-497443514
-587774643
-587774643
-497443514
-880128860
-497443514
-776887613
-936563546
-947532625
-947532625
-947532625
-947532625
-814645234
-814645234
-814645234
-766324553
-766324553
-766324553
-658265957
-658265957
-658265957
-546001402
-967409875
-546001402
-584778738
-584778738
-791099562
-546001402
-546001402
-755648609
-546001402
-527301832
-699928440
-527301832
-527301832
-527301832
-527301832
-527301832
-527301832
-527301832
-525220673
-525220673
-525220673
-507698362
-507084734
-507084734
-500621566
-995781670
-995781670
-995781670
-600957428
-735323387
-735323387
-978899874
-978899874
-795641730
-795641730
-908268424
-795641730
-713227669
-709506125
-709506125
-709506125
-709506125
-907233483
-907233483
-907233483
-907233483
-907233483
-907233483
-898254953
-623395191
-616982147
-600957428
-503756896
-503756896
-490060261
-575368759
-927683152
-927683152
-927683152
-927683152
-575368759
-575368759
-477554808
-809745459
-540815028
-540815028
-540815028
-919673866
-919673866
-723439580
-723439580
-673820030
-673820030
-737983076
-737983076
-737983076
-673820030
-522418252
-923062719
-923062719
-534089662
-534089662
-534089662
-475745070
-781816411
-781816411
-781816411
-810930493
-747133043
-747133043
-747133043
-747133043
-747133043
-747133043
-940041463
-673963865
-829481217
-829481217
-684061711
-685761235
-685761235
-653947044
-804003269
-648711854
-648711854
-647782806
-647782806
-647782806
-750472879
-750472879
-750472879
-750472879
-959653369
-959653369
-959653369
-959653369
-926266079
-926266079
-878326425
-878326425
-878326425
-878326425
-993701775
-904601085
-904601085
-878326425
-878326425
-997869151
-997869151
-997869151
-862107295
-929149586
-696560577
-696560577
-696560577
-940827203
-940827203
-696560577
-767065650
-767065650
-767065650
-767065650
-644618452
-644618452
-536424963
-533475545
-923179544
-920493780
-766193325
-857237659
-749227621
-840187108
-757511217
-587681049
-587681049
-942146215
-942146215
-750353720
-750353720
-979801711
-834704781
-834704781
-834704781
-834704781
-834704781
-758948124
-758948124
-758948124
-732611677
-732611677
-732611677
-726613522
-726613522
-726613522
-706372342
-620610988
-582231457
-885691705
-885691705
-885691705
-582231457
-985530116
-579762668
-889756571
-579762668
-579762668
-579762668
-741206955
-681952122
-684983015
-970297045
-970297045
-970297045
-681952122
-663697992
-663697992
-663697992
-580456631
-705691549
-705691549
-601409692
-560980053
-969104409
-969104409
-969104409
-969104409
-556451427
-552454323
-552454323
-552454323
-936940093
-936940093
-936940093
-936940093
-537383137
-848704883
-848704883
-956731251
-956731251
-519539916
-781721645
-505203124
-505203124
-499425651
-496270982
-496270982
-735730405
-735730405
-974548999
-962940002
-495468620
-491945173
-943569047
-905838857
-972652748
-972652748
-972652748
-905838857
-658215669
-658215669
-658215669
-649353403
-482866833
-655047421
-655047421
-655047421
-655047421
-666721258
-619788778
-888496327
-888496327
-888496327
-671086221
-671086221
-671086221
-671086221
-512605322
-512605322
-512605322
-482866833
-709512168
-709512168
-709512168
-964773812
-817237476
-817237476
-979959351
-817237476
-801262312
-594089134
-560872727
-880623941
-555009816
-475745070
-975041325
-975041325
-941197514
-949115048
-958680872
-958680872
-886258556
-885016695
-942721829
-876001639
-908812814
-876001639
-876001639
-949591801
-949591801
-949591801
-876001639
-876001639
-860660903
-860660903
-824926576
-995996864
-948742922
-948742922
-833394366
-777334181
-752697299
-711002140
-711002140
-711002140
-698036902
-698036902
-674881436
-658785286
-811749439
-872196037
-904708761
-811749439
-805903252
-907451362
-907451362
-874512299
-882413878
-571621767
-571621767
-823002729
-823002729
-844970211
-718438297
-731317959
-664323071
-952904080
-654085022
-654085022
-856129902
-951864875
-612913865
-571671641
-549965297
-830565314
-990657780
-830565314
-830565314
-830565314
-830565314
-830565314
-830470444
-830470444
-872662753
-807301989
-807301989
-807301989
-940633816
-940633816
-759985901
-733071621
-687612378
-659709756
-659709756
-818902397
-651899003
-651899003
-651899003
-651899003
-591326709
-591326709
-576376107
-576376107
-576376107
-576376107
-576376107
-576376107
-572060017
-945420096
-945420096
-933678163
-667034922
-893276390
-893276390
-667034922
-667034922
-667034922
-934419833
-611232835
-595174274
-595174274
-595174274
-829693905
-595174274
-595174274
-574545617
-574545617
-863289586
-863289586
-740642445
-740642445
-993790637
-972206823
-892023056
-892023056
-961440755
-961440755
-925437568
-948703227
-786152179
-786152179
-739562079
-725420323
-725420323
-720444837
-720444837
-720444837
-720444837
-710861466
-710861466
-697853357
-697853357
-890271531
-803883546
-803883546
-803883546
-760469023
-760469023
-760469023
-760469023
-760469023
-889496267
-889496267
-889496267
-760469023
-760469023
-744150813
-744150813
-744150813
-744150813
-744150813
-720020757
-720020757
-928649715
-720020757
-720020757
-826677055
-826677055
-826677055
-741191818
-689667958
-688060766
-688060766
-708527013
-708527013
-688060766
-688060766
-657595307
-643931347
-622635651
-615011660
-614102567
-614102567
-604924822
-604924822
-598026655
-951832208
-951832208
-831804214
-848103290
-848103290
-848103290
-598026655
-596502684
-589582731
-589582731
-589582731
-929067114
-929067114
-832138371
-832138371
-832138371
-571509696
-565781502
-561759893
-561759893
-921060414
-931805290
-921060414
-935972500
-921060414
-879959727
-809112828
-864033455
-809112828
-809112828
-802435005
-802435005
-802435005
-802435005
-743869491
-743869491
-743869491
-734625013
-679339834
-679339834
-821708770
-957222460
-821708770
-790581355
-790581355
-839222166
-839222166
-839222166
-790581355
-849663771
-849663771
-849663771
-849663771
-849663771
-849663771
-849663771
-750885483
-750885483
-750885483
-750885483
-916311488
-863781210
-863781210
-863781210
-863781210
-798247930
-798247930
-792734435
-781918873
-872327690
-681575920
-947929800
-681575920
-680771989
-653701016
-653701016
-785266289
-785266289
-785266289
-892180358
-774560900
-774560900
-774560900
-882774890
-882774890
-774560900
-735293236
-983634109
-983634109
-983634109
-653248870
-644045133
-816137080
-638415361
-638415361
-638415361
-638415361
-638415361
-638415361
-638415361
-864339093
-638415361
-638415361
-977107772
-977107772
-977107772
-977107772
-806280125
-690177174
-690177174
-690177174
-690177174
-690177174
-630215579
-614453898
-611555121
-596460539
-596460539
-589607656
-586709862
-586709862
-849014398
-849014398
-961893031
-961893031
-961893031
-849014398
-655134194
-655134194
-655134194
-991741865
-991741865
-991741865
-991741865
-911050581
-911050581
-652128547
-652128547
-585133060
-585133060
-585133060
-948897235
-866756034
-690568751
-672982418
-672982418
-595389539
-595389539
-595389539
-910127173
-797993702
-797993702
-797993702
-678783613
-918058718
-678783613
-678783613
-678783613
-678783613
-733052284
-733052284
-806509098
-733052284
-733052284
-733052284
-733052284
-949221215
-949221215
-733052284
-731610622
-906860351
-967084475
-967084475
-967084475
-967084475
-912181331
-843692885
-733049837
-733049837
-733049837
-733049837
-733049837
-584351603
-571233593
-968741794
-968741794
-570046508
-569595381
-569595381
-557056623
-554931539
-550224715
-550224715
-996450618
-996450618
-683350935
-722016878
-683350935
-712454433
-746554158
-746554158
-776153486
-776153486
-856837213
-712454433
-706459415
-688108828
-688108828
-688108828
-938371670
-938371670
-886919803
-886919803
-666593315
-727603962
-727603962
-568889615
-568889615
-837474100
-837474100
-625311850
-625311850
-625311850
-625311850
-759550880
-759550880
-550224715
-697560562
-726397028
-697560562
-550224715
-603005700
-603005700
-545603045
-545603045
-611810570
-611810570
-611810570
-816082462
-603649919
-603649919
-603649919
-545603045
-960079584
-960079584
-856203084
-856203084
-680456314
-687695833
-922442912
-687695833
-687695833
-868591286
-868591286
-544564169
-640043245
-869729533
-640043245
-927745183
-793281865
-793281865
-793281865
-793281865
-956893282
-956893282
-782039590
-782039590
-782039590
-750644480
-750644480
-750644480
-750644480
-728545375
-728545375
-671765824
-671765824
-671765824
-775926125
-792865687
-671765824
-568274959
-560780309
-542718520
-542718520
-795231218
-795231218
-795231218
-981967018
-904192324
-904192324
-539223724
-539223724
-539223724
-539223724
-961388308
-784265068
-898508189
-934059375
-898508189
-705061434
-705061434
-705061434
-705061434
-705061434
-987719876
-987719876
-987719876
-987719876
-951950871
-951950871
-869003977
-869003977
-869003977
-869003977
-869003977
-798069402
-798069402
-740624545
-787302917
-787302917
-740624545
-737834170
-613277646
-560771052
-660889957
-536425656
-535466006
-920721828
-534101853
-533186059
-532181737
-655063802
-655063802
-723344226
-723344226
-723344226
-723344226
-723344226
-655063802
-978990730
-978990730
-978990730
-726716143
-805093471
-695147860
-760845327
-695147860
-695147860
-695147860
-964191142
-879209452
-974178871
-879209452
-804071221
-804071221
-804071221
-804071221
-864918868
-864918868
-744911207
-655063802
-743647994
-743647994
-655063802
-655063802
-655063802
-643196273
-877519113
-877519113
-877519113
-877519113
-842172140
-842172140
-813546160
-813546160
-805624581
-805624581
-805624581
-643196273
-960077159
-960077159
-960077159
-960077159
-960077159
-960077159
-852820362
-908650244
-908650244
-908650244
-908650244
-873201014
-874230462
-924429340
-924429340
-924429340
-873201014
-873201014
-873201014
-736516267
-643196273
-640673914
-714017917
-714017917
-954502645
-954502645
-954502645
-954502645
-681993897
-681993897
-681993897
-844291128
-681993897
-681993897
-681993897
-785434700
-805149425
-805149425
-785434700
-770431359
-681993897
-681993897
-825033436
-825033436
-825033436
-698519107
-688979405
-681993897
-657988217
-688885800
-776287693
-932534581
-657988217
-657988217
-657988217
-657988217
-727150767
-727150767
-727150767
-727150767
-727150767
-727150767
-727150767
-727150767
-657988217
-596357281
-910843177
-910843177
-910843177
-741552391
-741552391
-633823359
-976215051
-626040064
-617546687
-617546687
-617546687
-597278045
-597278045
-842315941
-724405437
-589799931
-589309820
-589309820
-589022849
-825950210
-825950210
-715096431
-578547260
-578547260
-578547260
-578547260
-573681995
-744870791
-929118692
-929118692
-653826336
-653826336
-866597718
-866597718
-952236685
-866597718
-866597718
-866597718
-780473454
-780473454
-569765192
-734278058
-803011116
-803011116
-803011116
-734278058
-778334212
-778334212
-667823547
-667823547
-567502172
-567502172
-558252831
-934693409
-688146832
-688146832
-611168577
-955301565
-981970959
-984445261
-984445261
-939150802
-813678328
-722573239
-943111506
-943111506
-547238451
-544867231
-544867231
-831731999
-725011658
-542197677
-772033572
-772033572
-813689924
-680469230
-680469230
-622198002
-622198002
-622198002
-622198002
-542197677
-542197677
-542197677
-748285743
-748285743
-748285743
-598675679
-598675679
-538507120
-751830766
-751830766
-538507120
-986075162
-986075162
-986075162
-536676821
-533487606
-681170132
-980548718
-887325424
-599464322
-599464322
-917710745
-956142744
-917710745
-739473722
-664637753
-581718550
-792051534
-880667134
-997035686
-997035686
-907401891
-942839779
-780199409
-780199409
-837006980
-837006980
-756459909
-731431898
-680434418
-680434418
-680434418
-627446564
-851670287
-851670287
-744155173
-744155173
-744155173
-744155173
-744155173
-716377600
-606953260
-606953260
-606953260
-971493857
-971493857
-971493857
-530523690
-726869032
-530523690
-530523690
-530523690
-530523690
-707432605
-706058978
-706058978
-528256293
-978222456
-978222456
-978222456
-978222456
-978222456
-992344652
-992344652
-992344652
-528200254
-528200254
-525445624
-525445624
-525445624
-564416886
-990785325
-525445624
-525445624
-583963997
-583963997
-583963997
-583963997
-979473809
-575235986
-525445624
-585485177
-585485177
-521802237
-521802237
-521802237
-521802237
-521606566
-521606566
-520787226
-520745042
-989335711
-993320109
-989335711
-989335711
-659484292
-520076215
-520076215
-519193714
-996501757
-518388900
-515992957
-515992957
-515992957
-928832758
-928832758
-885957955
-885957955
-809763626
-809763626
-809763626
-809763626
-617570449
-617570449
-617570449
-644984728
-644984728
-644984728
-644984728
-644984728
-590882839
-590882839
-625977686
-853739753
-853739753
-625977686
-838201936
-838201936
-590882839
-590185614
-886606581
-886606581
-711260245
-711260245
-711260245
-848608249
-848608249
-989757691
-704188804
-943469508
-934407738
-934407738
-616918902
-616918902
-616918902
-616918902
-608270959
-792210476
-590185614
-592485783
-824377709
-824377709
-900261063
-824377709
-613406254
-613406254
-584449889
-579519936
-580286728
-848114430
-665483876
-751654292
-568155805
-549284008
-917308928
-767513037
-767513037
-623826937
-530113629
-757273740
-757273740
-743229118
-743229118
-743229118
-521275934
-512465438
-510207908
-624291813
-787116514
-787116514
-787116514
-787116514
-624291813
-624291813
-624291813
-624291813
-971907963
-971907963
-971907963
-971907963
-971907963
-877456499
-877456499
-685449853
-850664221
-648522224
-594971637
-560568645
-985542968
-985542968
-985542968
-985542968
-988413816
-988413816
-988413816
-988413816
-859327131
-844442743
-717007036
-556896775
-540572883
-523841717
-544065909
-544065909
-544065909
-743579589
-743579589
-544065909
-510207908
-984399349
-869981170
-892112431
-892112431
-887028617
-887028617
-787853866
-894391528
-894391528
-894391528
-764549001
-718070810
-649243176
-542978621
-925366872
-925366872
-977642787
-925366872
-925366872
-925366872
-925366872
-925366872
-925366872
-588907871
-810869953
-810869953
-542978621
-542978621
-806504533
-578739627
-952669965
-547347217
-542978621
-528324734
-744268264
-744268264
-570166712
-510995594
-814969113
-564606542
-509573717
-509573717
-509573717
-509573717
-509573717
-736174574
-736174574
-736174574
-736174574
-815275389
-731354820
-758476859
-758476859
-850145429
-777527031
-777527031
-758476859
-758476859
-758476859
-805492133
-805492133
-805492133
-805492133
-823267487
-758476859
-742759554
-742759554
-845201881
-722267728
-722267728
-896228037
-896228037
-701030789
-701030789
-743497978
-743497978
-752520566
-752520566
-752520566
-669350059
-745379503
-609479072
-609479072
-609479072
-572748629
-525178091
-525178091
-525178091
-576862136
-525178091
-586031046
-996706020
-996706020
-996706020
-996706020
-996706020
-996706020
-996706020
-928863243
-966683860
-966683860
-966683860
-966683860
-966683860
-904301401
-904301401
-901006741
-877847641
-877847641
-877847641
-986465661
-877847641
-833728829
-699324642
-692394133
-771179416
-991580554
-864090023
-864090023
-864046504
-864046504
-830542523
-894168287
-785110804
-836580470
-836580470
-836580470
-836580470
-777011945
-777011945
-771179416
-771179416
-771179416
-771179416
-771179416
-728342796
-728342796
-728342796
-735281424
-708584468
-742940973
-742940973
-707162292
-701653831
-744938573
-701653831
-903493363
-903493363
-692394133
-928290002
-928290002
-692394133
-692394133
-692394133
-663471812
-663471812
-663471812
-659673114
-910594942
-910594942
-646218984
-642290880
-642290880
-663831231
-663831231
-620695271
-612703044
-612703044
-806558398
-806558398
-806558398
-612703044
-609008358
-609008358
-608706558
-608706558
-852277941
-942588356
-879898151
-879898151
-879898151
-931338618
-845998378
-845998378
-812559718
-812559718
-812559718
-625211856
-892243357
-892243357
-840288762
-643127357
-636055066
-887002034
-887002034
-854484302
-750706585
-580994639
-580994639
-580994639
-920110148
-566030125
-550420614
-839746251
-534733651
-534733651
-732656358
-534733651
-766105116
-825488030
-825488030
-876419349
-876419349
-876419349
-759900798
-759900798
-971276013
-971276013
-976358652
-692547361
-621550113
-652317607
-652317607
-652317607
-558240991
-554883137
-554883137
-907596602
-907596602
-515845323
-508983960
-894440260
-882452636
-508254270
-534689218
-935677366
-935677366
-534689218
-506764844
-985147425
-985147425
-985147425
-985147425
-985147425
-985147425
-985147425
-506099447
-990791596
-990791596
-990791596
-990791596
-990791596
-990791596
-990791596
-990791596
-596566307
-596566307
-998444108
-596566307
-592880104
-592880104
-806949268
-806949268
-806949268
-720496439
-641426435
-817247231
-883725520
-592880104
-592880104
-592880104
-592880104
-591835415
-591835415
-612485608
-612485608
-612485608
-713950217
-612485608
-612485608
-612485608
-563850843
-643871428
-540614591
-986681443
-909443513
-909443513
-909443513
-909443513
-909443513
-841718503
-981344424
-837454009
-837454009
-837454009
-731828205
-731828205
-731828205
-731828205
-729636659
-728352956
-728352956
-937648274
-880750130
-880750130
-706622808
-706622808
-706622808
-743022472
-706622808
-617697379
-617697379
-617697379
-617697379
-617697379
-617697379
-589400227
-589400227
-730554558
-546736305
-546736305
-947955053
-697884599
-546736305
-546736305
-777647353
-799210511
-647910364
-647910364
-647910364
-647910364
-710188867
-675992057
-953696902
-675992057
-948775569
-540614591
-531755021
-638801947
-954078191
-993247881
-531755021
-823271682
-823271682
-823271682
-505867733
-505867733
-505300794
-505064073
-505064073
-505064073
-505064073
-959920357
-959920357
-959920357
-959920357
-758545486
-758545486
-986472087
-986472087
-986472087
-799359084
-799359084
-904142844
-950570936
-904142844
-904142844
-904142844
-771047655
-593425662
-979362474
-979362474
-979362474
-926553672
-926553672
-901838917
-865291154
-701156916
-652215184
-835674292
-835674292
-509942749
-500380008
-499494968
-499365746
-924589768
-924589768
-738102698
-738102698
-738102698
-738102698
-738102698
-750092140
-499365746
-751979568
-751979568
-751979568
-557851195
-557851195
-557851195
-879020153
-879020153
-879020153
-879020153
-557851195
-544362672
-544362672
-544362672
-510220635
-510220635
-510220635
-510220635
-509935169
-956501146
-738988197
-506595556
-502381716
-499365746
-497914845
-497141737
-496949047
-844512617
-844512617
-496483176
-496483176
-496483176
-496483176
-496483176
-496483176
-496483176
-750476138
-496483176
-847396155
-847396155
-847396155
-667562300
-667562300
-785839107
-686173220
-686173220
-978028908
-567093469
-559068388
-559068388
-559068388
-517320225
-510379052
-759917929
-496483176
-729372534
-938710816
-496483176
-680290975
-601437492
-517684963
-511785656
-511785656
-755593378
-755593378
-989379673
-528367098
-528367098
-925505917
-925505917
-925505917
-925505917
-925505917
-925505917
-925505917
-983115297
-983115297
-983115297
-984141285
-926324191
-926324191
-914825618
-909960984
-873916395
-873916395
-870094358
-849184835
-842236438
-842236438
-969914550
-814845744
-814845744
-957565138
-769068934
-693430388
-693430388
-693430388
-693430388
-693430388
-637439842
-919397070
-899827161
-853495562
-906916639
-795915009
-795915009
-795915009
-761458223
-761458223
-671811352
-620565892
-620565892
-586907159
-586907159
-586907159
-528367098
-528367098
-555869319
-555869319
-725888848
-983640396
-983640396
-983640396
-950363836
-950363836
-950363836
-991043502
-750887128
-950320118
-950320118
-950320118
-950320118
-725888848
-716848492
-691532806
-639631182
-609893383
-609893383
-609893383
-609893383
-577611675
-577611675
-734636103
-734636103
-734636103
-734636103
-577611675
-577611675
-577611675
-577611675
-676700439
-577611675
-732250818
-939680042
-939062709
-975177982
-546033578
-546033578
-852969672
-852969672
-852969672
-852969672
-852969672
-852969672
-724149709
-724149709
-724149709
-516414979
-879737556
-713029947
-654494228
-600369815
-554003568
-516414979
-878929464
-878929464
-878929464
-878929464
-878929464
-964033036
-878929464
-733436056
-733436056
-733436056
-727904972
-953221052
-953221052
-659618257
-797296993
-797296993
-797296993
-935809742
-895804349
-990197564
-910440105
-734268777
-734268777
-734268777
-734268777
-734268777
-734268777
-799891849
-711702051
-711702051
-898873666
-659618257
-977960193
-977960193
-977960193
-977960193
-977960193
-977960193
-977960193
-977960193
-975405237
-975405237
-878441880
-973665683
-973665683
-779558164
-779558164
-779558164
-779558164
-763484597
-763484597
-983965259
-967993060
-967993060
-764734757
-764734757
-755680335
-904819466
-755680335
-755680335
-755680335
-710551068
-710551068
-902999479
-700208951
-780878933
-883640961
-883640961
-883640961
-717246411
-717246411
-903586755
-717246411
-652024263
-649810627
-638561764
-638561764
-638561764
-638561764
-618549022
-617131242
-966913910
-794943180
-606059506
-606059506
-606059506
-596027558
-596027558
-583605565
-582446631
-576367036
-576367036
-569760097
-569760097
-569760097
-569760097
-569760097
-569760097
-569760097
-683096329
-683096329
-692773499
-692773499
-692773499
-847219326
-847219326
-847219326
-557930692
-557930692
-948381184
-548341364
-548341364
-698512042
-608983355
-636316674
-608983355
-952705516
-952705516
-952705516
-811847366
-756858454
-756858454
-816761145
-816761145
-608983355
-873131308
-599678394
-542757061
-533094772
-533094772
-629686992
-906686616
-906686616
-527211614
-516414979
-516414979
-925183540
-925183540
-740657530
-516414979
-516414979
-516541839
-516541839
-516541839
-792253268
-514725618
-514725618
-514725618
-514725618
-514698881
-514698881
-995662845
-995662845
-995662845
-995662845
-980462156
-980462156
-980462156
-980462156
-980462156
-980462156
-994254813
-994254813
-994254813
-994254813
-964441120
-828035710
-828035710
-828035710
-727448309
-793387878
-793387878
-793387878
-962258860
-975188690
-715036372
-625858562
-824067728
-824067728
-684190834
-568592952
-935173696
-979220722
-935173696
-700798565
-853226734
-853226734
-954543046
-954543046
-954543046
-954543046
-909562569
-909562569
-898109709
-788639646
-776219705
-776219705
-723380993
-621916769
-621916769
-568592952
-568592952
-568592952
-568592952
-568592952
-680076277
-536533401
-536533401
-516575137
-714571068
-590292675
-590292675
-573447014
-706515960
-706515960
-706515960
-706515960
-679648736
-988316172
-988316172
-988316172
-988316172
-988316172
-787412506
-768734286
-768734286
-768734286
-737723560
-734398178
-734398178
-852177794
-686082966
-764652863
-686082966
-679648736
-679648736
-668816726
-718387042
-718387042
-660380993
-775455281
-775455281
-661725446
-662891288
-766789874
-766789874
-892763477
-892763477
-892763477
-892763477
-909630139
-909630139
-909630139
-909630139
-893211906
-893211906
-628578073
-851389552
-953564179
-953564179
-851389552
-851389552
-851389552
-851389552
-851389552
-944945972
-944945972
-890479820
-723488024
-667553704
-650054702
-650054702
-596315860
-815045426
-596315860
-596315860
-593319944
-593319944
-593319944
-580349213
-672368197
-577292513
-568227325
-568227325
-568227325
-559923369
-524631878
-524631878
-523420879
-523420879
-523420879
-508240698
-508240698
-762229936
-925937297
-762229936
-833268626
-762229936
-775130656
-796150331
-796150331
-637555008
-593359592
-593359592
-575446793
-748357435
-671018340
-508240698
-910089541
-495549708
-495549708
-581523981
-494991848
-494991848
-891919442
