95834122
-840249197
-531035458
-531035458
-531035458
-531035458
-92666141
200591969
115341625
-885851531
-885851531
-885851531
-885851531
-918562773
-918562773
-918562773
-918562773
-918562773
-625938811
-905371741
-671755215
-671755215
-874437180
-874437180
-671755215
-854356699
-663578994
-873324739
-873324739
-819907859
-840309218
-840309218
-840309218
-801517982
-750130100
-750130100
-736722771
-668712935
-637892602
-554185351
-554185351
-838115940
-552461327
-533506257
-533506257
-898849519
-898849519
-551623323
-533506257
-816543738
-816543738
-694404240
-985950340
-587274107
-587274107
-587274107
-587274107
-572570609
-572570609
-693334748
-403213246
-403213246
-740277069
-403213246
-644743202
-403213246
-387604080
-387604080
-479229303
-381598811
-645031442
-645031442
-394178017
-394178017
-940888098
-925684548
-925684548
-973310282
-973310282
-973310282
-754413937
-754413937
-517448223
-515661310
-451750053
-776635259
-746832078
-746832078
-823215707
-538377167
-943679693
-795102543
-553911080
-451750053
-756978233
-616007863
-616007863
-647669103
-917031351
-717643030
-717643030
-717643030
-717643030
-717643030
-717643030
-717643030
-717643030
-515800273
-562207906
-678434650
-678434650
-937300177
-937300177
-937300177
-937300177
-872222909
-678434650
-677391813
-677391813
-677391813
-933755518
-933755518
-933755518
-754586420
-492377073
-414643200
-922769289
-914000175
-914000175
-914000175
-912549640
-912549640
-912549640
-824168148
-824168148
-764961429
-764961429
-764961429
-764961429
-764961429
-660463923
-651729584
-456539140
-783430894
-783430894
-808745694
-808745694
-716709374
-716709374
-696966991
-696966991
-982369764
-982369764
-975203418
-865632795
-967951504
-865632795
-865632795
-865632795
-948464303
-948464303
-948464303
-948464303
-696966991
-940672579
-886270423
-886270423
-886270423
-869892143
-985832391
-985832391
-985832391
-961596764
-961596764
-961596764
-961596764
-863012565
-863012565
-696966991
-834363137
-834363137
-706805491
-706805491
-921018084
-702053438
-702053438
-696966991
-696966991
-696593785
-661861673
-661861673
-661379198
-650808132
-774813958
-774813958
-774813958
-559818622
-859631407
-517352546
-517352546
-517352546
-508569356
-481588088
-735756735
-735756735
-735756735
-735756735
-490630089
-478208687
-581655705
-581655705
-581655705
-493433335
-493433335
-799980925
-799980925
-799980925
-899942993
-899942993
-899942993
-847855660
-622486375
-858444687
-858444687
-970085855
-970085855
-851272606
-851272606
-851272606
-851272606
-851272606
-832666939
-715128022
-715128022
-678519116
-678519116
-678278109
-678278109
-899879824
-899879824
-876448515
-739932834
-739932834
-664766499
-664766499
-612683943
-611784901
-611784901
-605337972
-605337972
-519379363
-518247050
-926449152
-926449152
-926449152
-926449152
-926449152
-926449152
-926449152
-968351470
-908700439
-930366951
-930366951
-930366951
-930366951
-930366951
-930366951
-791215825
-943822064
-943822064
-909300258
-808602220
-603751997
-798049191
-603751997
-798052238
-798052238
-603751997
-601512230
-655361656
-655361656
-588251529
-859645443
-527664896
-783693877
-783693877
-921050931
-921050931
-921050931
-921050931
-809292321
-809292321
-609093678
-998657561
-998657561
-998657561
-609093678
-883054414
-883054414
-883054414
-883054414
-883054414
-883054414
-723402518
-674990206
-623252063
-796995093
-859982208
-863617037
-863617037
-863617037
-819123710
-609093678
-609093678
-720162788
-933207281
-933207281
-933207281
-906546352
-906546352
-906546352
-859461224
-859461224
-844480345
-792185683
-740029316
-720162788
-720162788
-720162788
-720162788
-720162788
-636385846
-636385846
-701533657
-597386824
-597386824
-693049351
-693049351
-693049351
-821356808
-821356808
-821356808
-821356808
-821356808
-768879277
-606142318
-912975196
-571168972
-561280301
-547732362
-658937383
-540928736
-540928736
-540928736
-528728251
-528728251
-515917450
-511881953
-509544601
-509544601
-509544601
-507435740
-797296709
-768885020
-768885020
-768885020
-506816404
-504925239
-493699143
-493699143
-485816511
-474691395
-473954056
-471034513
-466094243
-466094243
-466094243
-680054287
-680054287
-680054287
-646672566
-598152668
-463446793
-675804511
-448487226
-448487226
-454097555
-454097555
-454097555
-520537930
-839193183
-520537930
-809964413
-809964413
-809964413
-809964413
-809964413
-689199263
-937297567
-937297567
-937297567
-883532297
-824962557
-714328607
-936937559
-936937559
-936937559
-714328607
-714328607
-714328607
-666409673
-956371304
-916534859
-916534859
-842209924
-842209924
-842209924
-842209924
-842209924
-776870531
-753929943
-749600668
-749600668
-703702032
-725028356
-703702032
-703702032
-703702032
-695289591
-666409673
-628021543
-817963686
-628021543
-628021543
-923342538
-774115867
-774115867
-774115867
-894987059
-894987059
-592176023
-973930869
-973930869
-896087410
-953032219
-953032219
-634381119
-581863110
-595550177
-595550177
-581863110
-581863110
-994679464
-581863110
-554639723
-530928685
-530928685
-986140044
-895210971
-613839222
-706849041
-954954813
-891460232
-706849041
-613839222
-977546639
-530928685
-530928685
-785609820
-530928685
-530298003
-860075827
-626796202
-621750212
-858474945
-529493530
-523422128
-523422128
-522526509
-691972507
-988800346
-522526509
-925599172
-925599172
-925599172
-830670970
-515906407
-515906407
-515906407
-515906407
-853677640
-509705224
-504057000
-495633359
-492267257
-851091691
-851091691
-791340137
-791340137
-679138282
-623754759
-623754759
-623754759
-623754759
-889037890
-885433526
-931501084
-984449574
-984449574
-984449574
-885433526
-873047842
-851809726
-842467971
-842467971
-934998658
-934998658
-934998658
-934998658
-674333253
-768304932
-971151521
-971151521
-791756612
-761639588
-750081700
-750081700
-750081700
-674333253
-674333253
-674333253
-629085502
-894595317
-894595317
-844376664
-978293036
-978293036
-639017835
-658124520
-658124520
-623295866
-704161673
-704161673
-704161673
-877205827
-977036795
-977036795
-877205827
-899180647
-899180647
-944538475
-899180647
-899180647
-877205827
-877205827
-788261869
-788261869
-971565101
-971565101
-971565101
-756762311
-721479477
-721479477
-721479477
-934308264
-830651300
-635877830
-635877830
-635877830
-629066564
-985669563
-985669563
-876174570
-876174570
-876174570
-884698946
-869597304
-862930956
-850934510
-893578757
-850934510
-793829348
-789154131
-789154131
-789154131
-767455511
-767455511
-767455511
-679500891
-629066564
-599807732
-985066511
-985066511
-985066511
-968600888
-968600888
-968600888
-968600888
-667777761
-594807825
-592973044
-592973044
-592973044
-585602694
-585602694
-583578550
-583578550
-583578550
-567754781
-567754781
-567694205
-866412434
-567694205
-567694205
-567694205
-565861943
-980248969
-980248969
-980248969
-998757674
-720052001
-720052001
-749258110
-749258110
-735366425
-735366425
-735366425
-735366425
-994056102
-665702855
-606353267
-550781674
-768050231
-870159497
-875655762
-638958485
-599347633
-587016643
-937956928
-937956928
-587016643
-550781674
-550781674
-550781674
-550781674
-550781674
-546931614
-726138112
-894662384
-576194772
-937766415
-937766415
-650661859
-750560311
-849744352
-849744352
-950409494
-950409494
-753908165
-642959943
-594301844
-594301844
-594301844
-725790362
-867346653
-729225826
-729225826
-729225826
-729225826
-729225826
-729225826
-729225826
-584798869
-898960658
-898960658
-778516648
-778516648
-512321406
-512321406
-791161938
-791161938
-814159582
-844158220
-844158220
-844158220
-647779553
-597550739
-597550739
-597550739
-597550739
-598479624
-587839029
-498658332
-498658332
-498658332
-775714819
-968687241
-896694307
-830232634
-838328819
-877588255
-675306119
-485968246
-485968246
-839395235
-959027257
-959027257
-829432191
-675089396
-675089396
-675089396
-518935691
-518935691
-518935691
-485968246
-848107142
-485968246
-483163351
-478821519
-478821519
-478060479
-847678294
-477404632
-477404632
-477404632
-494144093
-494144093
-494144093
-569616571
-796200060
-796200060
-796200060
-961750211
-961750211
-795153702
-831478516
-831478516
-831478516
-831478516
-876763114
-795153702
-802411091
-802411091
-869104248
-850776813
-850776813
-823983930
-823983930
-684527211
-684527211
-702536966
-750953518
-680993591
-680993591
-680993591
-678028165
-927255190
-669637967
-669637967
-669637967
-836307656
-836307656
-836307656
-669637967
-659186894
-659186894
-644498363
-644498363
-899002424
-811117479
-811117479
-811117479
-969523137
-686171185
-644498363
-935753569
-935753569
-935753569
-636922225
-636922225
-676848529
-676848529
-676848529
-886346187
-700639284
-700639284
-700639284
-916045686
-819762416
-819762416
-831285183
-569616571
-569616571
-563745612
-557230693
-938774339
-554231207
-549971738
-766238345
-549971738
-697076883
-697076883
-587645159
-676553228
-676553228
-676553228
-906360492
-768527022
-826660420
-768527022
-768527022
-676553228
-676553228
-649902093
-618942769
-612641257
-996271417
-915226589
-915226589
-915226589
-915226589
-915226589
-811343883
-811343883
-751192602
-736172689
-970281889
-736172689
-799957160
-799957160
-799957160
-696875657
-672314006
-672314006
-672314006
-612641257
-980999046
-919643748
-919643748
-919643748
-919643748
-815001832
-673857195
-592908975
-592908975
-802216982
-809407506
-809407506
-809407506
-809407506
-859434969
-859434969
-859434969
-802216982
-802216982
-802216982
-802216982
-802216982
-770477235
-770477235
-746873782
-680287144
-864050057
-864050057
-740048911
-578847939
-578847939
-578847939
-801417162
-808848959
-838066140
-838066140
-850012052
-941619386
-850012052
-850012052
-765486601
-618015169
-594010348
-594010348
-578847939
-909654649
-950126992
-950126992
-950126992
-950126992
-909654649
-883538976
-883538976
-776094141
-776094141
-709999231
-730632027
-730632027
-709999231
-709999231
-884818041
-690501366
-690501366
-690501366
-690501366
-690501366
-690501366
-828774399
-690501366
-690501366
-690501366
-628823169
-813650555
-612588002
-612588002
-612588002
-590167722
-590167722
-926467053
-926467053
-926467053
-926467053
-695756058
-781551228
-781551228
-641931130
-712743289
-930102863
-712743289
-712743289
-698210333
-698210333
-585272473
-906170199
-906170199
-517345873
-517345873
-516773787
-834170157
-834170157
-974901237
-974901237
-974901237
-974901237
-935037476
-935037476
-935037476
-721279019
-721279019
-741255431
-741255431
-741255431
-501393503
-500519721
-500519721
-492945099
-515767320
-515767320
-489755886
-489755886
-661919510
-599902408
-599902408
-976265574
-485548661
-587268737
-982789834
-485548661
-934652403
-609141804
-609141804
-609141804
-609141804
-609141804
-992625333
-992625333
-763174702
-763174702
-905523242
-974140398
-974140398
-529113081
-529113081
-529113081
-529113081
-529113081
-802642734
-904574925
-904574925
-802642734
-952189101
-802642734
-802642734
-979624912
-934151614
-937072272
-934151614
-934151614
-802642734
-651591813
-651591813
-650488393
-650488393
-650488393
-654360779
-899220822
-719319449
-719319449
-719319449
-832224152
-832224152
-759477177
-781943845
-781943845
-932584458
-987608599
-987608599
-987608599
-987608599
-984075075
-984075075
-984075075
-596744224
-582919548
-559887064
-559887064
-680756914
-546238492
-536329403
-536329403
-536329403
-535726055
-535726055
-535726055
-975540576
-535726055
-531442420
-954414646
-954414646
-801329961
-801329961
-801329961
-801329961
-531442420
-531442420
-905989623
-905989623
-818120024
-815196189
-787692084
-787692084
-697403911
-657290553
-777516311
-777516311
-777516311
-777516311
-791154121
-686876398
-552872104
-965287931
-965287931
-965287931
-884031122
-913883293
-884031122
-884031122
-949623323
-796749331
-673073653
-673073653
-874314718
-892993586
-892993586
-584901044
-567231018
-538628028
-538628028
-538628028
-662702725
-529113081
-517723402
-643341432
-554692795
-554692795
-553136702
-553136702
-509897615
-895210684
-895210684
-741240043
-741240043
-499187627
-499187627
-840334459
-728271385
-497608942
-588363823
-497608942
-613327538
-613327538
-729031440
-662825043
-613327538
-613327538
-613327538
-571015052
-571015052
-533872016
-533872016
-533872016
-681577193
-681577193
-681577193
-755279361
-755279361
-681577193
-622037139
-606168697
-606168697
-843787472
-843787472
-843787472
-606168697
-562543207
-511984693
-744159331
-744159331
-744159331
-973618978
-744159331
-802693135
-901300592
-744159331
-721665170
-881410060
-881410060
-881410060
-881410060
-814054062
-611087568
-611087568
-483319569
-483319569
-479423270
-479423270
-479423270
-479233540
-479233540
-477905450
-477905450
-846798591
-846798591
-846798591
-823200158
-823200158
-823200158
-823200158
-823200158
-823200158
-823200158
-822131119
-724704951
-722636731
-722636731
-916064964
-916064964
-722636731
-657087012
-617698192
-573559891
-573559891
-573559891
-573559891
-978831179
-468987727
-468987727
-468987727
-718905935
-705589386
-705589386
-705589386
-891669797
-942624215
-942624215
-981635536
-981635536
-981635536
-966245425
-999282639
-966245425
-966245425
-966245425
-966245425
-966245425
-966245425
-713601404
-713601404
-670298916
-670298916
-765376162
-765376162
-610302435
-878640094
-934872502
-743550702
-743550702
-743550702
-743550702
-704133396
-704133396
-612792898
-610302435
-610302435
-610302435
-604002368
-589433382
-806942880
-463591564
-588434625
-588434625
-588434625
-588434625
-874665804
-461793167
-461793167
-461793167
-461793167
-610427922
-610427922
-461793167
-461793167
-849901141
-943528100
-572226132
-572226132
-649724584
-649724584
-461626940
-461626940
-461626940
-461626940
-461017467
-459510282
-459376252
-459262551
-459262551
-459262551
-738114000
-738114000
-458295199
-458295199
-458295199
-749826024
-814948482
-629129677
-895744060
-892556798
-846133839
-846133839
-846133839
-846133839
-872271999
-872271999
-872271999
-658118035
-954731080
-656189486
-665839209
-620917411
-620917411
-620917411
-844836910
-878039216
-878039216
-593108957
-593108957
-593108957
-589625389
-589625389
-816335474
-941648768
-941648768
-941648768
-941648768
-973461977
-973461977
-941333296
-857193868
-857193868
-857193868
-857193868
-857193868
-857193868
-857193868
-857193868
-789592758
-996688071
-589625389
-979308701
-587676376
-953914766
-953914766
-953914766
-953914766
-611242448
-738514346
-611242448
-611242448
-611242448
-611242448
-774577955
-587676376
-587676376
-605557637
-587676376
-587676376
-587676376
-587676376
-563916941
-655172947
-548534338
-641485927
-670525008
-670525008
-670525008
-887412231
-887412231
-887412231
-784837885
-606168656
-606168656
-913746428
-606168656
-542976148
-542976148
-753091218
-753091218
-523390732
-818591263
-517376779
-948774564
-797202914
-547203486
-484323231
-483443751
-482935624
-482935624
-776505288
-776505288
-776505288
-683499969
-815264714
-815264714
-477078774
-767309502
-767309502
-767309502
-767309502
-767309502
-767309502
-767309502
-509145517
-509145517
-509145517
-693792898
-927390701
-927390701
-910428204
-910428204
-910428204
-814063049
-766865600
-766865600
-766865600
-766865600
-589818251
-587297347
-587297347
-984833028
-984833028
-984833028
-984833028
-895447566
-895447566
-854143544
-854143544
-875358555
-875358555
-745120391
-745120391
-694742641
-664829900
-624413090
-624413090
-889445717
-889445717
-624413090
-624413090
-624413090
-613213455
-613213455
-579862584
-559329147
-912442539
-851420167
-823508620
-823508620
-823508620
-758222476
-758222476
-758222476
-758222476
-689968996
-522242162
-505184358
-505184358
-520529491
-475325299
-474943713
-457237309
-645841814
-457237309
-831573708
-578153922
-457237309
-928677507
-928677507
-899075605
-899075605
-899075605
-899075605
-899075605
-899075605
-899075605
-899075605
-604675354
-486354746
-486354746
-946498045
-946498045
-946498045
-983888777
-946498045
-846330405
-846330405
-846330405
-846330405
-771794966
-736699148
-700571683
-730492851
-730492851
-730492851
-921671467
-949329658
-921671467
-913725001
-910019173
-910019173
-809744338
-809744338
-809744338
-779400947
-682643717
-682643717
-905952029
-844466448
-844466448
-844466448
-844466448
-851994349
-851994349
-905748103
-851994349
-811374927
-811374927
-811374927
-811374927
-811374927
-811374927
-811374927
-805980603
-805980603
-805980603
-805980603
-805980603
-805980603
-805980603
-737376449
-709723480
-709723480
-682643717
-682643717
-682643717
-891044727
-668788915
-668788915
-668788915
-668788915
-619780991
-619780991
-720652718
-720652718
-549046028
-587121391
-549046028
-670921572
-909868911
-909868911
-909868911
-909868911
-896756252
-896756252
-896756252
-900936902
-555489380
-623586089
-936239423
-623586089
-674559783
-674559783
-555489380
-555489380
-598885643
-724993508
-724993508
-778417264
-561309862
-608215795
-519430380
-519430380
-664693538
-488870276
-476542510
-756148853
-471418031
-471418031
-996215315
-758651143
-576541508
-531651389
-531651389
-531651389
-531651389
-469096054
-642652828
-899865458
-642652828
-698034320
-808919819
-808919819
-960637603
-960637603
-960637603
-722826851
-722826851
-722826851
-722826851
-784792877
-784792877
-784792877
-956036373
-956036373
-878304971
-878304971
-878304971
-768746159
-768746159
-947409544
-947409544
-947409544
-947409544
-755918940
-755918940
-676403968
-695272393
-695272393
-695272393
-820957305
-820957305
-845667348
-820957305
-813897065
-663955754
-649595910
-641851545
-641851545
-633185623
-629582022
-620388442
-591932084
-591932084
-560827254
-557064060
-557064060
-557064060
-552908395
-748848626
-726801654
-552908395
-550285864
-550285864
-823018836
-633498829
-550285864
-548498660
-991977335
-991977335
-779368843
-937738920
-803543366
-803543366
-694479865
-684712458
-684712458
-969050344
-969050344
-938609603
-938609603
-925552271
-925552271
-684712458
-840098342
-700811998
-700811998
-700811998
-700811998
-700811998
-599845289
-913649635
-687243709
-687243709
-687243709
-687243709
-687243709
-678883384
-678883384
-915140243
-915140243
-915140243
-915140243
-915140243
-786439562
-683736857
-654875385
-795120447
-948968714
-795120447
-795120447
-606261726
-606261726
-597919133
-586490600
-555175289
-859881265
-650452646
-650452646
-650452646
-650452646
-950480559
-685448999
-685448999
-995541657
-685448999
-961530152
-930488258
-883173811
-685448999
-680343501
-621816465
-975161860
-975161860
-975161860
-928109092
-928109092
-875338597
-875338597
-875338597
-619254196
-870012749
-619254196
-581115995
-556531245
-942721023
-556531245
-694263887
-897076188
-767053425
-767053425
-767053425
-767053425
-884332932
-884332932
-884332932
-884332932
-931811668
-931811668
-884332932
-923880019
-845841836
-767053425
-991904348
-982581112
-948672213
-948672213
-948672213
-948672213
-948672213
-830619282
-767053425
-767053425
-750585601
-695407345
-695407345
-795943595
-688166765
-673773948
-673773948
-673773948
-749487341
-988922086
-988922086
-988922086
-988922086
-734807787
-673773948
-673773948
-673773948
-673773948
-673773948
-673773948
-673773948
-673773948
-664821833
-908132673
-908132673
-756543552
-672405834
-649980371
-649980371
-649980371
-627471780
-627471780
-621216461
-871469143
-991314463
-991314463
-991314463
-991314463
-991314463
-991314463
-991314463
-973225010
-809488583
-615905421
-615905421
-615905421
-636943112
-879883321
-636943112
-811878541
-895211870
-895211870
-863814013
-819586480
-907594527
-811878541
-811878541
-797783032
-778875142
-701034539
-701034539
-701034539
-701034539
-677879587
-613856319
-778144021
-778144021
-555175289
-555175289
-597151263
-853044287
-833058853
-769732934
-883963419
-883963419
-883963419
-996918458
-996918458
-996918458
-883963419
-573421228
-573421228
-573421228
-554481833
-553294583
-553294583
-553294583
-927622614
-620611552
-620611552
-613875881
-827465557
-552450402
-545546285
-652311761
-652311761
-545750900
-545750900
-545750900
-540300514
-584435572
-533333119
-533333119
-533333119
-771769747
-552941108
-552941108
-887845859
-887845859
-662717337
-662717337
-629075383
-629075383
-808262641
-808262641
-991184517
-991184517
-704106863
-552941108
-552941108
-552941108
-552941108
-542627063
-530874610
-530874610
-530874610
-524296698
-524296698
-610203010
-520377139
-591770137
-929219655
-914118778
-971410311
-723791244
-520377139
-520377139
-947034425
-772934767
-772934767
-772934767
-664199736
-664199736
-874588795
-520377139
-518661477
-802749932
-518661477
-734637570
-842594657
-514072272
-807561145
-807561145
-777614963
-777614963
-777614963
-777614963
-819305068
-819305068
-819305068
-954446827
-843176180
-950715518
-766278927
-860713664
-703239404
-703239404
-703239404
-975038642
-830391422
-830391422
-830391422
-708569083
-680786849
-680786849
-798144770
-643817296
-564236546
-564236546
-564236546
-535625499
-535625499
-777540057
-535625499
-535625499
-535625499
-535625499
-535625499
-535625499
-535625499
-881055054
-734264905
-512795030
-512795030
-512795030
-512795030
-581687128
-920766501
-920766501
-920766501
-920766501
-891168840
-891168840
-570614794
-570614794
-570614794
-570614794
-894367809
-894367809
-894367809
-805206415
-782987549
-843603838
-782987549
-782987549
-782987549
-782987549
-824234524
-824234524
-782987549
-721032686
-657180582
-604706106
-604706106
-604706106
-931343793
-931343793
-618780483
-604706106
-592517187
-700474634
-994321556
-700474634
-562684681
-562684681
-877719412
-952058497
-952058497
-952058497
-952058497
-973531655
-973531655
-973531655
-952058497
-952058497
-865044754
-865044754
-837569816
-837569816
-837569816
-837569816
-979089702
-979089702
-979089702
-850268834
-850268834
-746773484
-746773484
-699543004
-698823600
-653187028
-631833604
-666096999
-631833604
-793409222
-793409222
-797076005
-624323374
-608205072
-572241388
-745127193
-745127193
-745127193
-924133016
-924133016
-693639608
-579348762
-713407073
-922828924
-932357886
-741007051
-741007051
-824240090
-713407073
-713407073
-713407073
-664193347
-682268667
-842380553
-842380553
-842380553
-852362646
-974268988
-974268988
-974268988
-904617528
-904617528
-904617528
-904617528
-943762901
-798095629
-930436058
-930436058
-768088828
-844782913
-764255603
-764255603
-723105847
-691439599
-919437349
-919437349
-828852600
-691439599
-686689735
-721614393
-721614393
-721614393
-721614393
-721614393
-686689735
-686689735
-677692277
-619196309
-619196309
-619196309
-619196309
-610994288
-597368736
-597368736
-991428771
-991428771
-894624043
-800937960
-800937960
-800937960
-586209151
-586209151
-586209151
-586209151
-804320743
-804320743
-804320743
-804320743
-804320743
-586209151
-964711840
-964711840
-562684681
-816553743
-816553743
-816553743
-858571520
-602551867
-971624847
-971624847
-971624847
-971624847
-971624847
-971624847
-602551867
-602551867
-562684681
-559685229
-559458250
-559458250
-559458250
-573713297
-545071372
-986782700
-542672946
-910445090
-910445090
-775013519
-775013519
-919632038
-775013519
-775013519
-775013519
-963804775
-963804775
-963804775
-775013519
-775013519
-684583910
-612930196
-834977585
-834977585
-834977585
-695269743
-537968784
-537680814
-532200450
-532200450
-532200450
-532200450
-532200450
-885413280
-885413280
-885413280
-863850909
-772948026
-750189232
-853726494
-853726494
-853726494
-853726494
-534438270
-889213061
-889213061
-889213061
-532200450
-790529159
-884877259
-884877259
-884877259
-891350201
-891350201
-992140101
-886136523
-886136523
-884877259
-695536698
-695536698
-694708531
-651577074
-573395608
-573395608
-531990218
-747632073
-747632073
-747632073
-747632073
-953746204
-747632073
-839438743
-526320527
-526320527
-521695666
-520106547
-516549261
-516004452
-516004452
-919699769
-919699769
-919699769
-919699769
-919699769
-511732559
-882636331
-508433498
-507224857
-686546507
-686546507
-719324526
-719324526
-877260693
-877260693
-979689940
-979689940
-906407617
-906407617
-906407617
-747694423
-739577678
-731191843
-853855508
-853855508
-756740694
-756740694
-577859009
-506090491
-506090491
-506090491
-502996684
-502675844
-502675844
-762745681
-501656328
-890732413
-890732413
-884629296
-884629296
-796595438
-796595438
-796595438
-796595438
-717327926
-663174818
-663174818
-764114144
-764114144
-645812283
-807515464
-807515464
-807515464
-991174053
-974395491
-807515464
-642539210
-642539210
-845622863
-845622863
-666565781
-666565781
-642539210
-585227211
-585227211
-946131437
-946131437
-918580387
-810532047
-810532047
-578031264
-845877545
-845877545
-947468034
-556302534
-769700947
-623834664
-623834664
-883967195
-883967195
-883967195
-556302534
-556302534
-657568107
-857792606
-857792606
-657568107
-657568107
-657568107
-657568107
-548151677
-769553937
-527178659
-764587231
-974162662
-974162662
-974162662
-832831225
-832831225
-641038650
-641038650
-597791281
-597791281
-839749622
-824076302
-963142146
-963142146
-963142146
-824076302
-824076302
-752012872
-752012872
-651842744
-651842744
-597791281
-593511198
-591174716
-999778160
-999778160
-591174716
-591174716
-871954150
-962619963
-802883085
-802883085
-802883085
-808411218
-808411218
-802883085
-791846418
-812366206
-791846418
-791846418
-753083484
-753083484
-674743360
-547727266
-959667768
-959667768
-959667768
-959667768
-959667768
-959667768
-878315666
-628381676
-617144537
-840152461
-840152461
-775061370
-775061370
-775061370
-775061370
-775061370
-769093138
-769093138
-769093138
-769093138
-523367983
-523367983
-523324813
-523324813
-518908166
-518908166
-518908166
-510986085
-898785042
-722243049
-709521006
-709521006
-834721980
-824058445
-824058445
-824058445
-819429773
-649292241
-649292241
-649292241
-544740874
-544740874
-541587519
-527570960
-510986085
-510986085
-509807295
-509807295
-509807295
-503189502
-543298272
-503189502
-590998640
-590998640
-590998640
-499411784
-499411784
-943509859
-871804752
-715538671
-666026746
-666026746
-792037622
-792037622
-666026746
-666026746
-788373424
-788373424
-788373424
-667335211
-667335211
-645068610
-733830130
-823003568
-823003568
-823003568
-820869723
-918714432
-918714432
-958216822
-958216822
-820869723
-820869723
-796481851
-775570144
-775570144
-739793557
-739793557
-733830130
-969949546
-969949546
-969949546
-823011007
-823011007
-794800422
-772836252
-772836252
-830234853
-772836252
-908602800
-854551307
-828356265
-770213685
-770213685
-586816726
-703650860
-836686720
-586816726
-586816726
-878775509
-878775509
-878775509
-710957325
-642550401
-642550401
-586816726
-934826296
-586502188
-586502188
-586502188
-888816896
-896491151
-851444535
-851444535
-851444535
-851444535
-986800738
-851444535
-851444535
-838443892
-894828884
-894828884
-838443892
-838443892
-763260008
-763260008
-947979126
-763260008
-763260008
-763260008
-762912750
-758621837
-704117605
-704117605
-704117605
-904309654
-793874373
-780458319
-782239205
-668166077
-668166077
-624056724
-586502188
-977323888
-875897594
-846620677
-846620677
-931045895
-814883414
-792239467
-751418708
-740449257
-740449257
-729110543
-729110543
-725592253
-725592253
-705191176
-703284605
-703284605
-869415305
-864637296
-864637296
-658188941
-658188941
-665367500
-632719261
-819444653
-634145983
-606581322
-606581322
-930999461
-577051642
-644606664
-644606664
-825201624
-992298823
-876844954
-825201624
-791008101
-888427672
-888427672
-618021047
-618021047
-551616002
-551616002
-551616002
-859633308
-859633308
-538308726
-538308726
-538308726
-538308726
-872969583
-538308726
-535934046
-533025683
-907150973
-907150973
-909975642
-521317279
-518821704
-518068129
-781230013
-510496374
-510496374
-971487698
-971487698
-499411784
-919970849
-919970849
-660574855
-966543643
-966543643
-966543643
-989085901
-864354041
-894639485
-894639485
-894639485
-846018755
-846018755
-889920319
-844002672
-844002672
-844002672
-844002672
-947141627
-947141627
-844002672
-844002672
-840629417
-840629417
-825067395
-825067395
-708297083
-769678674
-791230806
-769678674
-769678674
-769678674
-769678674
-769678674
-769678674
-708297083
-691502819
-691502819
-691502819
-685958043
-676059857
-645102124
-607976009
-607976009
-607976009
-559733995
-531242505
-510864109
-499411784
-499411784
-930169571
-516872657
-901653196
-823871183
-852355601
-971218041
-971218041
-852355601
-798853018
-798853018
-798853018
-690976248
-763075749
-690976248
-829094576
-829094576
-676535070
-631787958
-631787958
-618137637
-618137637
-561659581
-543597657
-543597657
-772971007
-772971007
-772971007
-714702748
-902858096
-984704997
-902858096
-758892594
-953815107
-938329552
-938329552
-938329552
-736089088
-736089088
-702845039
-702845039
-702845039
-702845039
-702845039
-702845039
-595846543
-538126883
-538126883
-531420879
-658777779
-658777779
-939961995
-939961995
-952856564
-621485259
-621485259
-730150544
-730150544
-815639708
-815639708
-815639708
-815639708
-815639708
-814516414
-675564780
-675564780
-637652125
-621485259
-621485259
-621485259
-621485259
-621485259
-621485259
-600861418
-600742397
-600742397
-653177857
-653177857
-653177857
-653177857
-972824827
-972824827
-653177857
-653177857
-653177857
-600742397
-569293150
-569293150
-568012791
-568012791
-683101943
-943246005
-954992095
-924515636
-698446779
-698446779
-698446779
-698446779
-683101943
-915472536
-599048592
-730518761
-801315468
-801315468
-983530819
-717010541
-717010541
-756190187
-756190187
-756190187
-910763032
-889897826
-599048592
-599048592
-599048592
-599048592
-764006462
-557844526
-557844526
-538078709
-538078709
-538078709
-538078709
-857326795
-788319592
-963753945
-963753945
-788319592
-814665669
-958171436
-958171436
-958171436
-958171436
-725774609
-725774609
-801160638
-744277179
-704047518
-704047518
-704047518
-704047518
-678997621
-664769739
-851784680
-851784680
-851784680
-664769739
-931409543
-931409543
-931409543
-931409543
-931409543
-931409543
-931409543
-907402675
-907402675
-677757051
-937444578
-672040112
-653108519
-653108519
-653108519
-653108519
-653108519
-653068537
-798396068
-798396068
-798396068
-798396068
-798396068
-653068537
-638780923
-638780923
-638780923
-634555085
-634555085
-952387014
-923032269
-923032269
-897332371
-864997050
-864997050
-864997050
-634555085
-634555085
-634555085
-593496660
-593496660
-588430604
-547615979
-939488332
-939488332
-728638511
-877186064
-547615979
-916656644
-916656644
-840628476
-972059132
-972059132
-840628476
-840628476
-840628476
-881548102
-963109579
-963109579
-880200767
-740432777
-740432777
-739808127
-832893087
-832893087
-720051696
-708241863
-708241863
-628391269
-628391269
-628391269
-628391269
-783053209
-628391269
-614145672
-882607167
-614145672
-614145672
-886871570
-886871570
-614145672
-677529476
-677529476
-677529476
-913491490
-737956791
-629355311
-930879307
-930879307
-930879307
-751278284
-629355311
-629355311
-922667629
-725879144
-725879144
-966911167
-966911167
-592818945
-583624713
-568480722
-977327291
-977327291
-977327291
-547615979
-547615979
-547615979
-545133705
-600239188
-538078709
-877735356
-877735356
-877735356
-877735356
-536429396
-567970210
-533604432
-676884467
-721201874
-721201874
-721201874
-721201874
-721201874
-533604432
-530478576
-530478576
-517642149
-520761897
-598492238
-598492238
-517805821
-967759262
-967759262
-967759262
-766382179
-667548962
-667548962
-667548962
-667548962
-667548962
-581746440
-978162231
-978162231
-978162231
-978162231
-990248096
-990248096
-738188135
-738188135
-738188135
-738188135
-736228519
-715171117
-861306821
-744664921
-792083249
-715171117
-715171117
-715171117
-715171117
-656428428
-620203569
-888161121
-888161121
-888161121
-911799846
-943567017
-911799846
-911799846
-893088278
-893088278
-702315727
-618268504
-618268504
-618268504
-576217095
-976623115
-870718223
-567396299
-826954115
-558141416
-867681278
-867681278
-600869531
-600869531
-600869531
-600869531
-947946219
-738249487
-738249487
-738249487
-943928041
-852109795
-852109795
-852109795
-925803030
-838451106
-671639678
-721722120
-721722120
-671639678
-863635629
-863635629
-863635629
-863635629
-683556557
-898524044
-683556557
-683556557
-931426748
-601761258
-917585131
-862916841
-862916841
-762213149
-762213149
-762213149
-900652296
-762213149
-932097956
-932097956
-668748864
-663133984
-674544744
-674544744
-807503761
-735421223
-600869531
-600869531
-915860354
-673927422
-673927422
-673927422
-673927422
-783218965
-842628656
-842628656
-694961271
-694961271
-694961271
-567093453
-567093453
-558668904
-971154110
-971154110
-954312949
-954312949
-828552258
-828552258
-828552258
-828552258
-828552258
-558141416
-815615437
-815615437
-722224393
-722224393
-921830793
-804742161
-804742161
-804742161
-804742161
-804742161
-804742161
-896908240
-896908240
-980491815
-980491815
-980491815
-896908240
-702298920
-702298920
-694635966
-694635966
-657583446
-708323746
-613926427
-550997120
-550997120
-550997120
-859849189
-859849189
-859849189
-859849189
-974936793
-974936793
-607233521
-522769036
-521032311
-521032311
-517642149
-856100318
-808090865
-713917966
-713917966
-713917966
-713917966
-797183930
-923129584
-923129584
-975392064
-573263268
-573263268
-573263268
-573263268
-573263268
-942507124
-761678756
-761678756
-952829119
-638777755
-634194540
-627558042
-627558042
-577719577
-728560743
-533871340
-533871340
-742967104
-742967104
-742967104
-742967104
-742967104
-516239646
-516239646
-717760710
-560312805
-634168980
-634168980
-671459733
-671459733
-634168980
-832688439
-832688439
-924365119
-706077399
-706077399
-625124050
-837055712
-960986231
-960986231
-960986231
-960986231
-882549783
-713696481
-815629951
-662454234
-843148233
-843148233
-843148233
-767902109
-767902109
-767902109
-662454234
-991895045
-548306530
-538449420
-538449420
-538449420
-968571552
-509862219
-509184683
-509184683
-509184683
-529249091
-979171041
-979171041
-979171041
-873786410
-873786410
-873786410
-897881786
-928849529
-928849529
-897881786
-897881786
-631335614
-631335614
-508123647
-581791034
-581791034
-597505172
-597505172
-836921139
-836921139
-836921139
-836921139
-836921139
-836921139
-836921139
-836921139
-588181423
-588181423
-588181423
-588181423
-555147994
-730762832
-730762832
-587959395
-498538376
-498538376
-498538376
-498538376
-498538376
-981214593
-708971066
-640752366
-589131907
-755556703
-622885803
-607106793
-589131907
-589131907
-589131907
-929709879
-929709879
-929709879
-658903842
-814507095
-990139494
-990139494
-914797630
-793507731
-690376983
-690376983
-985558886
-851176708
-851176708
-678459752
-678459752
-678459752
-678459752
-678459752
-674042856
-674042856
-641604756
-618471109
-618471109
-618471109
-618471109
-589131907
-589131907
-582885863
-997490814
-997490814
-997490814
-553569153
-549081449
-793109178
-793109178
-793109178
-793109178
-880124738
-648173503
-558886247
-558886247
-535096841
-535096841
-535096841
-535096841
-503853318
-503853318
-503853318
-503853318
-503853318
-496640371
-707830209
-671522580
-671522580
-897164428
-897164428
-897164428
-671522580
-953445311
-815249291
-886729053
-850817247
-583137339
-583137339
-583137339
-496437532
-494893065
-494893065
-959865096
-959865096
-492921947
-492921947
-492448204
-906255668
-906255668
-906255668
-891726518
-819849873
-819849873
-819849873
-696963933
-797268295
-952003160
-640002633
-610371032
-490621279
-647530512
-647530512
-647530512
-647530512
-820128100
-648545197
-648545197
-648545197
-914202349
-914202349
-914202349
-914202349
-975838912
-975838912
-975838912
-975838912
-975838912
-914202349
-914202349
-914202349
-874776384
-874776384
-874776384
-874776384
-851439389
-851439389
-935666179
-851439389
-851439389
-851439389
-851439389
-967105567
-967105567
-910638332
-910638332
-879705256
-846372658
-846372658
-846372658
-818162396
-804671051
-757307432
-757307432
-948760496
-948760496
-948760496
-948760496
-948760496
-993466058
-927239312
-897081111
-917599418
-821708104
-772430728
-772430728
-757307432
-995883146
-756042908
-952185994
-839224806
-706388689
-665925611
-665925611
-663642106
-655471904
-654809105
-628228298
-628228298
-957518596
-957518596
-761486751
-628228298
-985142452
-985142452
-736326557
-625892334
-781943385
-625892334
-625892334
-625892334
-625892334
-702940888
-620889192
-963561216
-757853431
-757853431
-757853431
-757853431
-757853431
-757853431
-757853431
-757853431
-860916337
-792793955
-792793955
-757853431
-719755968
-703464595
-698431506
-973950735
-746330130
-746330130
-645244547
-582889420
-582889420
-566700994
-564249155
-557605519
-557433071
-557433071
-865691934
-797684628
-831589550
-831589550
-797684628
-977790775
-977369998
-729572271
-542184655
-542184655
-957625798
-542184655
-533731756
-533731756
-737082817
-533731756
-533731756
-600424539
-887717500
-775265823
-699018508
-699018508
-699018508
-699018508
-699018508
-699018508
-699018508
-664934079
-664934079
-600424539
-525907571
-525811746
-525811746
-525811746
-504451516
-495155593
-490140733
-497486282
-490140733
-646086024
-646086024
-646086024
-883107442
-982720725
-982720725
-982720725
-982720725
-982720725
-931613991
-982863673
-989888087
-931613991
-866688882
-990698998
-990698998
-866688882
-775630576
-698590740
-663054515
-968962962
-815763672
-894811589
-646354537
-646354537
-922299963
-922299963
-922299963
-646086024
-646086024
-646086024
-638997404
-949081691
-949081691
-913528076
-635873369
-570900867
-557565776
-771964550
-557565776
-539339269
-539045377
-677706178
-539045377
-846035776
-846035776
-846035776
-846035776
-846035776
-846035776
-846035776
-627716411
-970546138
-970546138
-627716411
-577040532
-577040532
-518041608
-518041608
-518041608
-518041608
-518041608
-499521712
-499521712
-489280509
-489280509
-645576857
-790065689
-790065689
-790065689
-790065689
-790065689
-790065689
-786124720
-489100985
-489100985
-489100985
-865732541
-865732541
-968911420
-968911420
-968911420
-968911420
-865732541
-653625181
-833668663
-900890234
-833668663
-752563771
-752563771
-752563771
-752563771
-512364293
-726099623
-726099623
-726099623
-486996112
-486996112
-486996112
-486996112
-486996112
-486996112
-818181278
-818181278
-921907564
-921907564
-758181367
-709456072
-632709267
-817294190
-817294190
-817294190
-593814272
-593372379
-486599635
-486553392
-486553392
-485820140
-751193844
-641291969
-984229948
-984229948
-954942293
-858911232
-835822401
-835822401
-819282688
-819282688
-805591478
-913424662
-913424662
-913424662
-805591478
-805591478
-805591478
-641291969
-814126517
-814126517
-814126517
-706800846
-990641396
-989796582
-989796582
-789754036
-789754036
-789754036
-781390799
-740576586
-740576586
-644861545
-644861545
-644861545
-546452760
-891799722
-900448717
-900448717
-884432427
-944876689
-919196127
-648525079
-776854608
-776854608
-595422600
-998621053
-998621053
-952821429
-839806464
-839806464
-839806464
-839806464
-782104156
-782104156
-528170392
-531994974
-528170392
-528170392
-887947137
-850461966
-962355453
-962355453
-800338019
-975490335
-975490335
-975892543
-975892543
-974777683
-974777683
-974777683
-974777683
-790317232
-746289299
-746289299
-746289299
-746289299
-936148153
-735775550
-735775550
-776465850
-776465850
-762323684
-762323684
-735775550
-735775550
-884211857
-884211857
-818082291
-818082291
-818082291
-831462712
-831462712
-671915888
-629750001
-629750001
-629750001
-718527412
-718527412
-718527412
-628207732
-688631753
-628207732
-758080112
-758080112
-758080112
-758080112
-758080112
-911189695
-758080112
-758080112
-758080112
-758080112
-581182464
-762824813
-762824813
-762824813
-560101579
-686137772
-686137772
-521950127
-520632562
-908176310
-908176310
-908176310
-908176310
-520632562
-520632562
-520632562
-520632562
-520632562
-901783129
-825310135
-825310135
-825310135
-520632562
-519624734
-969266601
-672095134
-986425925
-986425925
-857977248
-857977248
-857977248
-668253063
-668253063
-668253063
-485293002
-485293002
-483711105
-481808344
-481290833
-662035897
-984580008
-984580008
-984580008
-984580008
-662035897
-700576577
-700576577
-557048728
-481290833
-481290833
-480722624
-873397569
-924439862
-924439862
-694166515
-706409537
-706409537
-641182512
-503326335
-486833244
-486833244
-776448402
-642476433
-642476433
-809881173
-642476433
-527775862
-653271925
-682757062
-682757062
-682757062
-527775862
-527775862
-615058245
-597433347
-597433347
-526251576
-526251576
-626037690
-626037690
-791051323
-849580651
-993622621
-993622621
-993622621
-927790008
-840786780
-834000576
-733540446
-733540446
-666572032
-660070251
-660070251
-520574872
-665226059
-682516484
-665226059
-665226059
-514913438
-492102621
-492102621
-636601707
-516949904
-804824256
-574324133
-495767606
-751198306
-513198138
-513198138
-513198138
-513198138
-874164389
-874164389
-538387391
-538387391
-479222235
-479222235
-857582868
-883064820
-883064820
-907496901
-683248590
-683248590
-478506497
-576773745
-478506497
-640651259
-478143566
-478106119
-477699395
-476512250
-476512250
-476512250
-522769339
-548876872
-548876872
-822686209
-475376001
-475376001
-995904650
-995904650
-995904650
-475327489
-475327489
-838328708
-807322640
-779904193
-779904193
-752895405
-809434031
-809434031
-775043235
-775043235
-775043235
-510914807
-510914807
-553223599
-667448368
-667448368
-667448368
-667448368
-680012433
-633568952
-633568952
-606551984
-606551984
-509895320
-474720750
-593775759
-812020053
-812020053
-848448655
-872048662
-872048662
-872048662
-872048662
-798103904
-798103904
-798103904
-798103904
-798103904
-798103904
-798526018
-775320293
-775320293
-760874263
-691635222
-914983733
-593775759
-530788245
-572333330
-572333330
-572333330
-922462499
-922462499
-922462499
-922462499
-536455109
-944527396
-944527396
-944527396
-926558737
-595996112
-576334314
-576334314
-530788245
-683349419
-683349419
-559846727
-540511487
-496770634
-496770634
-496770634
-496770634
-496770634
-488924639
-968406786
-968406786
-789531530
-631476592
-833664775
-833664775
-833664775
-667122690
-657163055
-657163055
-706569966
-706569966
-597153685
-597153685
-667467725
-533562851
-896802521
-985429643
-985429643
-896802521
-896802521
-896802521
-863581931
-863581931
-863581931
-863581931
-867200061
-826857891
-826857891
-917716788
-917716788
-961983774
-961983774
-917716788
-826857891
-826857891
-826857891
-824724213
-824724213
-824724213
-824724213
-824724213
-824724213
-863947341
-989674500
-824724213
-700365082
-694660648
-649167714
-649167714
-649167714
-488924639
-488924639
-488351096
-637683830
-488351096
-474660013
-474660013
-474660013
-484011548
-702752124
-633654591
-887190556
-911744213
-887190556
-887190556
-887190556
-872154527
-633654591
-996507023
-702574755
-702574755
-702574755
-633654591
-525519747
-998519324
-998519324
-998519324
-998519324
-998519324
-998519324
-828380536
-828380536
-899800703
-708693992
-696451703
-585259477
-585259477
-976670241
-647359697
-831597652
-831597652
-634838240
-965865912
-965865912
-931944441
-931944441
-849806954
-849806954
-849806954
-849806954
-797722895
-625235469
-487210925
-544060411
-544060411
-689787548
-689787548
-544060411
-544060411
-544060411
-679321258
-679321258
-544060411
-484011548
-496544609
-781633789
-681580377
-681580377
-681580377
-681580377
-853137428
-853137428
-954657218
-789923729
-789923729
-789923729
-563887724
-563887724
-555043296
-555043296
-555043296
-543713985
-543713985
-543713985
-543713985
-543713985
-472584647
-795397989
-689653397
-689653397
-998213649
-886734991
-886734991
-886734991
-886734991
-886734991
-886734991
-886734991
-886734991
-886734991
-886734991
-881752120
-881752120
-881752120
-881752120
-850222917
-850222917
-850222917
-834673177
-842001549
-842001549
-842001549
-842001549
-842001549
-834673177
-762716559
-762716559
-895286419
-895286419
-796313852
-706781573
-706781573
-807073593
-807073593
-865661483
-865661483
-547842576
-693092247
-693092247
-547842576
-707305970
-536540076
-536540076
-536540076
-536540076
-876638966
-633430851
-768561164
-721410227
-721410227
-719557629
-536540076
-958469015
-958469015
-958469015
-958469015
-759459010
-759459010
-987483857
-987483857
-987483857
-987483857
-759459010
-653681835
-515240238
-984277426
-754550529
-512761354
-511024391
-511024391
-962330027
-489736535
-472584647
-641093930
-816687468
-894688705
-888419999
-995108287
-888419999
-888419999
-874207651
-874207651
-874207651
-874207651
-874207651
-874207651
-887409062
-736088756
-736088756
-646267864
-641093930
-641093930
-641093930
-635750082
-635750082
-635750082
-841193065
-608893897
-600327700
-746439570
-600327700
-817252949
-599550942
-973765675
-753521294
-956681913
-806965391
-806965391
-806965391
-806965391
-774763648
-774763648
-554699025
-550735566
-542085827
-910218024
-910218024
-910218024
-471557087
-471557087
-761521483
-808070601
-471206756
-943093772
-943093772
-943093772
-793372736
-774888548
-774888548
-673785137
-673785137
-673785137
-673785137
-614281598
-530354736
-471169546
-471169546
-471169546
-471169546
-471169546
-962817157
-962817157
-826607929
-685799540
-489403174
-489403174
-470728682
-470728682
-470653809
-897763902
-897763902
-875373749
-875373749
-891720409
-875373749
-782739418
-782739418
-782739418
-746714281
-746714281
-746714281
-837980499
-837980499
-837980499
-837980499
-837980499
-837980499
-837980499
-918317408
-702936184
-702936184
-837757386
-837757386
-921121107
-921121107
-837757386
-837757386
-837757386
-837757386
-746512111
-684536323
-684536323
-733411349
-906020882
-906020882
-733411349
-733411349
-733411349
-660470816
-660470816
-660470816
-660470816
-660470816
-653216176
-652354940
-652354940
-652354940
-652354940
-903268134
-903268134
-958878439
-752054035
-759961437
-759961437
-601900635
-601900635
-705418420
-705418420
-810257727
-601900635
-601900635
-725095566
-725095566
-725095566
-657426014
-834188735
-834188735
-657426014
-657426014
-611981265
-667946719
-913514063
-913514063
-913514063
-948423493
-983617754
-763287332
-851070753
-851070753
-912829160
-912829160
-912829160
-912829160
-938550498
-794320974
-715360820
-670878355
-667946719
-667946719
-667946719
-667946719
-667946719
-667946719
-667946719
-667946719
-912692487
-912692487
-912692487
-912692487
-656875419
-656875419
-665907076
-665907076
-665907076
-665907076
-665907076
-665907076
-962959998
-962959998
-962959998
-962959998
-962959998
-582034653
-582034653
-582034653
-827550713
-568397778
-615763939
-568030071
-780083628
-672548894
-698407185
-637492776
-637492776
-591515587
-568030071
-926405954
-796234976
-837203668
-837203668
-837203668
-837203668
-773192426
-697983601
-697983601
-697983601
-697983601
-862586988
-697983601
-697983601
-697983601
-883702212
-883702212
-883702212
-659395441
-971173195
-742071859
-620007187
-620007187
-620007187
-590837181
-938690715
-902129619
-808718862
-956327374
-956327374
-956327374
-808718862
-795330877
-795330877
-590837181
-556747848
-944043192
-556747848
-556747848
-916308513
-801176021
-750022856
-750022856
-750022856
-750022856
-750022856
-750022856
-981225677
-931515467
-931515467
-931515467
-865806559
-801672471
-744119732
-982610053
-935400308
-935400308
-935400308
-775706999
-731680020
-678004589
-833155153
-833155153
-833155153
-715106745
-715106745
-882271128
-874021381
-715106745
-665606258
-665606258
-665606258
-665606258
-887454211
-887454211
-689727264
-663895199
-663895199
-663895199
-625693536
-730904730
-730904730
-619879137
-619879137
-606802874
-606401383
-701872031
-701872031
-593086908
-722551767
-722551767
-722551767
-722551767
-891719095
-891719095
-721806968
-905532623
-905532623
-987234562
-984774258
-973845804
-905532623
-852954595
-673800859
-673800859
-673800859
-961705385
-961705385
-914988679
-914988679
-914988679
-886284301
-886284301
-592879220
-592879220
-592879220
-592879220
-573640525
-556747848
-549055220
-605805432
-549055220
-685626957
-778011676
-778011676
-548221328
-548221328
-548221328
-547324742
-641534193
-641534193
-547324742
-547324742
-547324742
-547324742
-978688600
-545160536
-582391902
-545160536
-545160536
-545160536
-544946160
-561683398
-798335255
-798335255
-747277784
-747277784
-673868205
-567420380
-567420380
-567420380
-544946160
-624674628
-540470080
-920994829
-540470080
-539626658
-539104998
-852039095
-876657420
-852039095
-886896026
-886896026
-852039095
-900470523
-999093737
-999093737
-852039095
-841781850
-772685718
-772685718
-772685718
-796893044
-771082076
-846295437
-846295437
-746304315
-746304315
-725236866
-716697616
-861660979
-861660979
-851582798
-851582798
-851582798
-851582798
-618695455
-618695455
-898699539
-898699539
-555037243
-539104998
-982814780
-982814780
-953942674
-953942674
-573668432
-573668432
-573668432
-573668432
-573668432
-573668432
-573668432
-573668432
-613251455
-613251455
-737189094
-737189094
-613251455
-930686614
-534733917
-712277805
-712277805
-866982784
-866982784
-866982784
-921905642
-921905642
-921905642
-921905642
-865266294
-865266294
-865266294
-865266294
-815193929
-815193929
-991616134
-815193929
-815193929
-815193929
-712277805
-712277805
-712277805
-703924953
-703924953
-884379881
-705867145
-707486968
-707486968
-707486968
-707486968
-703924953
-878658526
-878658526
-878658526
-708783177
-708783177
-991386381
-937025055
-730697228
-730697228
-730697228
-703924953
-825188141
-661570218
-651482214
-651482214
-625494990
-608871967
-581522177
-579748027
-547765569
-806568504
-806568504
-786440705
-786440705
-786440705
-786440705
-806322920
-786440705
-786440705
-807548996
-786440705
-786440705
-991624479
-783589145
-783589145
-681733191
-660855371
-761914108
-914989453
-809962389
-805398023
-741448032
-632575090
-587814547
-587814547
-597926794
-603081743
-708181246
-805133047
-587814547
-587814547
-587814547
-573325389
-573325389
-573325389
-579492082
-981579537
-981579537
-981579537
-548476336
-548476336
-794612153
-794612153
-794612153
-794612153
-564625123
-533849190
-537889289
-533849190
-533849190
-532905523
-531695619
-956635688
-956635688
-956635688
-956635688
-723467195
-723467195
-723467195
-723467195
-611589000
-611589000
-611589000
-584953901
-532344819
-943715970
-806468253
-844864814
-806468253
-642684951
-862896548
-957334326
-614873956
-989756197
-647931370
-647931370
-817544198
-572908746
-544839224
-751764123
-751764123
-751764123
-535439550
-527565926
-527565926
-527249456
-525909688
-525909688
-525909688
-622112413
-516197282
-515918251
-515918251
-514772623
-514772623
-514772623
-514772623
-800381957
-800381957
-800381957
-707283139
-828589227
-751811291
-751811291
-751811291
-751811291
-925300123
-925300123
-925300123
-844857090
-844857090
-844857090
-844857090
-844857090
-976770630
-971164313
-971164313
-971164313
-732983802
-854780908
-854780908
-854780908
-682900796
-656752096
-656752096
-656752096
-651709978
-651709978
-651709978
-788625012
-754190006
-640292571
-650821467
-650821467
-650821467
-640292571
-590387140
-578949589
-938479886
-938479886
-938479886
-938479886
-938479886
-938479886
-938479886
-616298008
-616298008
-616298008
-533498739
-533498739
-769731769
-839118534
-839118534
-839118534
-839118534
-769731769
-769731769
-769731769
-850084120
-850084120
-850084120
-850084120
-850084120
-769731769
-769731769
-769731769
-769731769
-689755256
-585180450
-585180450
-521076801
-521076801
-639492912
-639492912
-639492912
-640686601
-639492912
-639492912
-639492912
-639492912
-980303323
-980303323
-980303323
-877137165
-649709311
-649709311
-698047824
-698047824
-698047824
-698047824
-649709311
-649709311
-649709311
-645041658
-645041658
-626581944
-605153752
-605153752
-571215656
-571215656
-566639271
-509177859
-551094027
-509036319
-507484219
-506949203
-506949203
-506450194
-503002952
-893793601
-541903336
-541903336
-791996866
-735794181
-541903336
-989278824
-808466091
-494039904
-610341356
-731821571
-731821571
-655059897
-745724409
-934406456
-934406456
-934406456
-753452834
-745724409
-782781858
-696046634
-826390271
-696046634
-991377473
-991377473
-991377473
-696046634
-696046634
-610341356
-842240356
-594232992
-816522394
-958117599
-494039904
-494039904
-630429343
-854488983
-854488983
-854488983
-854488983
-854488983
-854488983
-854488983
-938569137
-854488983
-630429343
-630429343
-630429343
-562176563
-562176563
-504429448
-930069157
-722421305
-518117564
-492525569
-491049193
-969967611
-945133787
-945133787
-945133787
-945133787
-945133787
-945133787
-945133787
-490288998
-490288998
-492700185
-492700185
-490288998
-916760856
-631675712
-631675712
-860369512
-911953459
-860369512
-631675712
-869898065
-869898065
-995380841
-995380841
-602077945
-602077945
-951004929
-951004929
-868627137
-868627137
-932471976
-932471976
-836651125
-836651125
-869061406
-627327644
-627327644
-892293130
-892293130
-602077945
-561477035
-561477035
-882772202
-551710956
-973476861
-489024534
-489024534
-487073733
-487073733
-487073733
-628641698
-628641698
-628641698
-628641698
-496297508
-851584071
-933763291
-851584071
-851584071
-851584071
-851584071
-487104111
-487104111
-721669663
-721669663
-928609178
-928609178
-928609178
-928609178
-928609178
-928609178
-928609178
-709354650
-709354650
-622101395
-622101395
-764797544
-888794820
-888794820
-888794820
-888794820
-888794820
-622101395
-624071934
-586609541
-586609541
-586609541
-787168035
-690112213
-586609541
-586609541
-840648877
-663910159
-717979585
-717979585
-596306625
-523385371
-514463937
-819062220
-480386398
-480386398
-858158318
-479420377
-603961548
-479420377
-479420377
-981308756
-717519346
-478139841
-478139841
-592430503
-581630019
-935687497
-652569891
-476501451
-476220973
-472846128
-836890151
-848835907
-472364879
-468185642
-468185642
-468185642
-468185642
-468185642
-468183596
-468183596
-468183596
-947589607
-486201488
-486201488
-468183596
-468183596
-468183596
-503096548
-503096548
-896474072
-806326149
-806326149
-849148755
-881303488
-881303488
-790052811
-790052811
-790052811
-929045979
-929045979
-929045979
-929045979
-646998468
-503096548
-503096548
-503096548
-468183596
-468183596
-645797534
-837372721
-837372721
-837372721
-541279327
-680418675
-680418675
-680418675
-680418675
-680418675
-800810894
-800810894
-762539880
-587756162
-532249052
-642904839
-642904839
-521453890
-636106791
-573739879
-521453890
-882543885
-882543885
-882543885
-805051294
-805051294
-636093820
-636093820
-636093820
-467235911
-467185077
-467185077
-467185077
-467185077
-467185077
-532687283
-492270742
-467185077
-466288414
-475326998
-466194582
-466194582
-465949482
-465949482
-587161003
-587161003
-587161003
-645316463
-645316463
-872818464
-872818464
-872818464
-872818464
-645316463
-521659040
-465551350
-465456489
-464713292
-945104821
-945104821
-945104821
-945104821
-889734778
-637595925
-501305989
-955924149
-955924149
-955924149
-962427492
-942977860
-942977860
-520680486
-460801098
-460801098
-460801098
-460801098
-460801098
-460644364
-814709556
-814709556
-814709556
-460644364
-460644364
-459569383
-830774921
-830774921
-663206711
-672323611
-779910432
-672614137
-459316952
-803680636
-803680636
-803680636
-803680636
-803680636
-803680636
-590556836
-590556836
-709945803
-792052111
-675671174
-675671174
-806625250
-805266512
-805266512
-701119651
-701119651
-936350864
-701119651
-805300980
-701119651
-675671174
-607433240
-870885916
-747199329
-747199329
-747199329
-787193738
-873234130
-882781715
-882781715
-882781715
-873234130
-793002293
-771259542
-798429144
-705002273
-823162995
-648818190
-734251539
-734251539
-695698927
-695698927
-648818190
-608363246
-997458896
-997458896
-799635412
-608363246
-675441205
-608363246
-950998527
-608363246
-897361290
-608363246
-839181727
-839181727
-897898962
-897898962
-839181727
-839310256
-691423764
-982682021
-937484521
-937484521
-753916623
-622567426
-878534598
-645778655
-622567426
-608363246
-608363246
-608363246
-608363246
-596388477
-596388477
-600646565
-600646565
-600646565
-870876566
-600646565
-600646565
-600646565
-565198470
-565198470
-933133954
-933133954
-933133954
-933133954
-933133954
-865274341
-865274341
-865274341
-865274341
-865274341
-865274341
-972469318
-827976176
-827976176
-827976176
-827976176
-938156544
-938156544
-938156544
-827976176
-810917542
-764113967
-764113967
-741531094
-741531094
-713813342
-637237600
-635726731
-623338761
-623338761
-623338761
-623338761
-621414722
-621414722
-616886076
-610800324
-854035464
-918243465
-918243465
-891728789
-891728789
-839904886
-639959071
-659523320
-659523320
-659523320
-989280805
-969862761
-824644925
-917931897
-940524040
-940524040
-780298367
-702900149
-699399079
-699399079
-886827168
-981277116
-639959071
-639959071
-891384159
-959909771
-956076740
-956076740
-928197887
-928197887
-917703456
-917703456
-917703456
-917703456
-917703456
-891384159
-588726655
-577651163
-920999097
-920999097
-562442967
-562442967
-562442967
-562442967
-803179129
-556367644
-639724159
-765920401
-765920401
-765920401
-599124677
-599124677
-887113500
-897152350
-897152350
-549149997
-547272339
-547272339
-644499606
-644499606
-791359493
-543612943
-542647446
-542647446
-886775055
-720120687
-544847097
-540823504
-540823504
-538948509
-650855932
-898289841
-928679024
-928679024
-537171161
-870046506
-870046506
-525069347
-754464021
-754464021
-857039719
-857039719
-857039719
-731268281
-989875439
-870367674
-870367674
-940271757
-959471965
-959471965
-887857572
-864173337
-864173337
-864173337
-864173337
-864173337
-827294059
-827294059
-926098523
-926098523
-929373381
-926098523
-751758938
-751758938
-731268281
-665604918
-973024507
-659776628
-657784981
-837567505
-690050076
-854212360
-690050076
-997732076
-631105193
-820164243
-614453334
-614453334
-750389445
-602828036
-746263693
-746263693
-770995535
-770995535
-746263693
-746263693
-935395111
-935395111
-926896685
-707234278
-566518322
-566518322
-831440652
-831440652
-566518322
-811318084
-738915862
-738915862
-738915862
-738915862
-555384944
-550996629
-989598731
-867691826
-635744631
-635744631
-635744631
-545543228
-737410803
-737410803
-827665920
-827665920
-827665920
-538876827
-531341712
-531341712
-524967444
-524967444
-524967444
-991987139
-991741805
-991741805
-910554540
-954229511
-762613228
-762613228
-762613228
-762613228
-893477134
-789128935
-558517739
-510616236
-510616236
-674561792
-674561792
-674561792
-674561792
-955441157
-955441157
-767410234
-674561792
-674561792
-881253492
-881253492
-691930034
-625334633
-625334633
-872639835
-867902362
-867902362
-867902362
-867902362
-789888680
-737525408
-713358700
-707349257
-707349257
-589082074
-589082074
-589082074
-502445225
-976085565
-774884947
-917717195
-917717195
-917717195
-949594481
-896774387
-856115539
-856115539
-856115539
-775490762
-691951683
-691951683
-848251424
-848251424
-848251424
-848251424
-848251424
-647452249
-647452249
-647452249
-629407997
-629407997
-502001155
-502001155
-502001155
-858512652
-858512652
-787068926
-741093978
-561430887
-691525269
-561430887
-582971236
-841088213
-841088213
-841088213
-841088213
-841088213
-841088213
-501952088
-849221040
-944642628
-944642628
-747085362
-599023758
-599023758
-501952088
-501952088
-501952088
-496029876
-496029876
-591321414
-496029876
-496029876
-845466928
-845466928
-845466928
-845466928
-845466928
-533379661
-512839984
-828448190
-726112578
-726112578
-877973041
-941607361
-941607361
-832275039
-495907938
-921485400
-921485400
-898457551
-898457551
-494004118
-664244043
-884176527
-884176527
-938103489
-884176527
-855229615
-880689984
-942017652
-942017652
-716694558
-716694558
-716694558
-680755737
-712169989
-679734030
-833427915
-833427915
-833427915
-784282191
-763446164
-678104699
-672187234
-672187234
-664244043
-552485124
-491746292
-491746292
-872258988
-872258988
-488176559
-482802547
-626990764
-932902007
-932902007
-893613013
-893613013
-893613013
-889315809
-889315809
-626990764
-626990764
-735707762
-721580673
-875713570
-894590915
-875713570
-875713570
-875713570
-875713570
-811772420
-721580673
-721580673
-673943632
-673943632
-670038831
-640576210
-640576210
-992286630
-841953500
-999915256
-814239103
-814239103
-849440562
-849440562
-909229190
-807877301
-807877301
-736314805
-736314805
-736314805
-928408606
-928408606
-928408606
-837512902
-837512902
-736314805
-736314805
-736314805
-835584649
-821755936
-821755936
-895488771
-895488771
-895488771
-592286909
-592286909
-828763711
-828763711
-741423634
-593786354
-593786354
-591082072
-568832351
-568832351
-770791559
-758746122
-758746122
-539093860
-539093860
-539093860
-838467919
-838467919
-699802328
-982630437
-520160015
-992087066
-973236037
-493823486
-711626566
-492632328
-492632328
-618363361
-927265547
-832971293
-931194468
-832971293
-720003695
-699356430
-494589984
-946998452
-491297324
-491297324
-872551069
-491297324
-489388930
-482802547
-582618156
-894913164
-723866491
-723866491
-672264197
-672264197
-672264197
-706320710
-672807892
-672807892
-672807892
-672807892
-672807892
-672807892
-672807892
-672807892
-990892298
-990892298
-990892298
-990892298
-990892298
-744338492
-744338492
-898039331
-898039331
-895124515
-890141283
-890141283
-860377563
-860377563
-781945595
-781945595
-867628753
-867628753
-781945595
-768756180
-768756180
-768756180
-962421881
-768756180
-768756180
-958866594
-958866594
-958866594
-958866594
-864159248
-831702566
-831702566
-722040587
-722976830
-722976830
-804808480
-804808480
-804808480
-804808480
-722976830
-835414044
-835414044
-835414044
-835414044
-722040587
-718886079
-718886079
-892774544
-677282241
-671916536
-825995261
-825995261
-825995261
-825995261
-825995261
-825995261
-804891211
-664513396
-642256979
-673445393
-619904702
-993661179
-993661179
-641512256
-609884282
-609884282
-609884282
-609884282
-609161112
-605367079
-873594180
-853061509
-853061509
-820920009
-820920009
-820920009
-907735464
-855891497
-820920009
-820920009
-820920009
-820920009
-756672348
-756672348
-756672348
-756672348
-656263777
-839797831
-893754658
-840764253
-840764253
-840764253
-853888960
-853888960
-853888960
-839797831
-829909801
-829909801
-710354914
-710354914
-710354914
-710354914
-710258555
-968204747
-786057352
-786057352
-647091924
-646947757
-857336706
-857336706
-857336706
-639023901
-666021544
-666021544
-666021544
-666021544
-666021544
-863765947
-863765947
-863765947
-732699525
-732699525
-732699525
-938015904
-988782997
-988782997
-726116259
-726116259
-918401566
-918401566
-726116259
-726116259
-665307074
-917054164
-665307074
-665307074
-662849563
-660272886
-660272886
-637246337
-637246337
-637246337
-996296246
-996296246
-996296246
-996296246
-792175690
-792175690
-792175690
-860914453
-664024579
-826416072
-900954451
-900954451
-706660620
-768160394
-768160394
-768160394
-887519730
-928558715
-928558715
-928558715
-928558715
-873146303
-873146303
-873146303
-873146303
-873146303
-873146303
-799560638
-582618156
-580790861
-580790861
-613541660
-573675669
-572867121
-572867121
-572867121
-572867121
-568504186
-709298329
-709298329
-709298329
-709298329
-797214102
-797214102
-996866400
-913889024
-695510618
-695510618
-831589337
-831589337
-775061842
-894616655
-894616655
-894616655
-775061842
-980785921
-980785921
-980785921
-901702479
-901702479
-766828794
-752644235
-752644235
-752644235
-687565100
-699310814
-857455535
-955974225
-955974225
-955974225
-955974225
-857455535
-741811655
-997432767
-666068194
-663229254
-814046559
-814046559
-663229254
-682222283
-643819361
-643819361
-643819361
-850409513
-899268535
-899268535
-615108052
-615108052
-669263141
-814286772
-875872400
-875872400
-744336306
-727507859
-727507859
-978055501
-978055501
-591279273
-932835421
-932835421
-927519057
-927519057
-909773952
-906712138
-906712138
-814227608
-814227608
-914180683
-914180683
-914180683
-813138423
-799416309
-799416309
-718317262
-718317262
-718317262
-718317262
-692254500
-676654340
-676654340
-676654340
-651626120
-703868580
-703868580
-703868580
-888524990
-638337011
-864931533
-915131737
-915131737
-852841659
-902397607
-565222801
-648503723
-970433013
-558522656
-556144094
-554298731
-550255105
-550255105
-996872348
-996872348
-996872348
-996872348
-949687796
-949687796
-944101231
-729261496
-967574939
-875254525
-875254525
-859275504
-859275504
-859275504
-559678143
-922002184
-922002184
-776451250
-776451250
-911860147
-906555734
-806845078
-955357539
-544791777
-543969341
-543969341
-542423138
-542423138
-537207382
-534708728
-534708728
-534708728
-534708728
-534708728
-868421972
-868421972
-559125825
-851251308
-851251308
-851251308
-851251308
-820535326
-548812406
-926310581
-926310581
-548812406
-934833310
-903646723
-903646723
-903646723
-903646723
-955423675
-955423675
-955423675
-548812406
-548812406
-548812406
-548812406
-628266317
-628266317
-628266317
-628266317
-697440387
-662723680
-662723680
-628266317
-628266317
-628266317
-621983670
-534708728
-532826216
-594154938
-858103576
-858103576
-858103576
-825642798
-825642798
-825642798
-825642798
-716873639
-716873639
-623581832
-985551473
-838203214
-728803676
-728803676
-833910889
-703995185
-703995185
-703995185
-627215529
-932477207
-749546547
-627215529
-627215529
-627215529
-999034455
-999034455
-999034455
-745892298
-745892298
-724535363
-724535363
-636464292
-636464292
-608516768
-604082714
-600100206
-531999035
-875554650
-875554650
-936211143
-936211143
-828423084
-828423084
-594104276
-594104276
-973472076
-973472076
-973472076
-973472076
-929727899
-929727899
-782630625
-683488718
-550536074
-547754720
-527209905
-527209905
-526183150
-837552982
-837552982
-837552982
-837552982
-574195034
-741548518
-741548518
-741548518
-741548518
-851999700
-751813927
-918436405
-918436405
-918436405
-536252890
-766632384
-956511446
-766632384
-766632384
-534943815
-523166043
-787864729
-787864729
-787864729
-787864729
-787864729
-753886743
-753886743
-640320112
-640320112
-640320112
-991593034
-997345528
-991593034
-961654273
-961654273
-682547932
-806027507
-683336062
-667121631
-926776573
-798194390
-640320112
-622719000
-622719000
-622719000
-987275423
-987275423
-987275423
-848738773
-848738773
-979529116
-964096443
-770551547
-765850125
-764745480
-764745480
-927900165
-767912009
-767912009
-835167311
-762410945
-762410945
-762410945
-762410945
-762410945
-734243402
-943628793
-918335989
-918335989
-807115576
-979604579
-878746075
-878746075
-878746075
-878746075
-766384429
-992142132
-684658121
-624140233
-622719000
-673436382
-958763061
-958763061
-958763061
-614644509
-604103782
-805549284
-848876800
-805549284
-858545923
-805549284
-805549284
-682215799
-604103782
-604103782
-604103782
-600916317
-975567994
-975567994
-975567994
-975567994
-909574761
-909574761
-909574761
-909574761
-909574761
-909574761
-845468447
-845468447
-852230349
-845468447
-835785655
-835785655
-835785655
-755168324
-995245523
-995245523
-995245523
-793505738
-793505738
-867548011
-867548011
-810876067
-954616868
-874088573
-706012072
-706012072
-706012072
-706012072
-923014720
-706012072
-599403285
-599403285
-599403285
-599403285
-588681085
-588681085
-588681085
-588445054
-588445054
-578839302
-574961345
-574961345
-574961345
-560037049
-668458367
-687439187
-526953888
-526080848
-608440743
-963978877
-963978877
-564294963
-963049236
-564294963
-862087994
-574658221
-757430312
-987307412
-980633088
-522999176
-518270099
-633651921
-848891914
-848891914
-848891914
-848891914
-848891914
-892996827
-715810110
-627589279
-627589279
-627589279
-627589279
-619788737
-619788737
-779711124
-995096251
-991606191
-926190808
-827783214
-827783214
-827783214
-675980997
-675980997
-724069924
-724069924
-865102064
-865102064
-865102064
-865102064
-865102064
-894437696
-894437696
-748939905
-748939905
-785842365
-785842365
-729694146
-729694146
-711285783
-711285783
-646002505
-630801847
-620240478
-962813086
-620240478
-581963842
-580777028
-580777028
-580777028
-580777028
-580777028
-569931078
-553794225
-527619160
-655561067
-544285411
-525894992
-525894992
-758817632
-619020797
-607452125
-746792449
-554389164
-815917444
-750437632
-750437632
-964499275
-903781034
-903781034
-903781034
-903781034
-704180911
-682394222
-518270099
-538171169
-538171169
-511982628
-511982628
-511982628
-511982628
-511982628
-995580311
-995580311
-995580311
-848534655
-848534655
-848534655
-956140178
-935362298
-935362298
-935362298
-848534655
-848534655
-743176896
-743176896
-743176896
-743176896
-742610586
-806196925
-806196925
-806196925
-806196925
-806196925
-908259294
-908259294
-805646389
-805646389
-805646389
-789001205
-774799888
-774799888
-713625082
-775647398
-941475044
-725616288
-725616288
-693769203
-746555325
-746555325
-685666956
-667281772
-667281772
-667281772
-825190662
-653858260
-639229335
-623089206
-739630834
-739630834
-589915788
-576536697
-576536697
-738849552
-576536697
-576536697
-576536697
-576536697
-664868522
-999702757
-906126754
-906126754
-784203858
-784203858
-752085403
-878244165
-878244165
-843714506
-848572889
-576536697
-576536697
-721848559
-631099292
-631099292
-631099292
-656213937
-656213937
-694701735
-694701735
-952079208
-952079208
-726282869
-594907549
-571134671
-571134671
-571134671
-549327077
-549327077
-548646240
-964269603
-964269603
-964269603
-958127640
-958127640
-958127640
-958127640
-958127640
-994941532
-958127640
-869376801
-753709024
-753709024
-683108499
-763920497
-763920497
-548646240
-526520382
-816688979
-816688979
-816688979
-816688979
-969782330
-713539563
-713539563
-892273129
-892273129
-892273129
-713539563
-911040605
-660802880
-660802880
-635418484
-635418484
-606265469
-690935664
-744869442
-744869442
-783133461
-783133461
-783133461
-635541739
-635541739
-622330636
-634899897
-560335545
-849975730
-849975730
-811651226
-811651226
-995254798
-811651226
-617046576
-617046576
-664556102
-664556102
-664556102
-560335545
-560335545
-560335545
-560335545
-878538344
-894329457
-943084849
-943084849
-852643690
-775987321
-775987321
-775987321
-640130654
-640130654
-640130654
-592158872
-592158872
-559814254
-833804495
-833804495
-833804495
-926688943
-913047885
-867991169
-678725252
-625869034
-792701693
-625869034
-625869034
-572022925
-777917717
-559814254
-559814254
-559814254
-559257841
-559257841
-632116404
-753176920
-753176920
-794759194
-753176920
-559257841
-559257841
-542342576
-542342576
-609402415
-522609449
-522609449
-522609449
-522609449
-872334471
-872334471
-912189493
-912189493
-912189493
-872334471
-872334471
-872334471
-892859231
-892859231
-892859231
-872334471
-872334471
-806692704
-616291749
-522609449
-522609449
-521795815
-521795815
-509286465
-507812097
-718804679
-718804679
-718804679
-684276316
-737652376
-765754527
-744133612
-887469951
-737652376
-670837917
-662593036
-607993552
-607993552
-823428749
-823428749
-823428749
-813309272
-813309272
-731767020
-724375116
-723850425
-644165070
-644165070
-644165070
-607993552
-595447900
-839811415
-595447900
-555434244
-588195669
-588195669
-902619306
-722450683
-722450683
-722450683
-588195669
-731502102
-731502102
-731502102
-588195669
-588195669
-588195669
-588195669
-564671799
-975051705
-861007034
-555434244
-843142261
-843142261
-921106857
-921106857
-921106857
-939363676
-939363676
-939363676
-994387896
-801471216
-756865492
-756865492
-803951265
-803951265
-803951265
-803951265
-631156219
-823721576
-631156219
-631156219
-631156219
-631156219
-619540525
-619540525
-619540525
-589368669
-589368669
-987528738
-987528738
-739355406
-739355406
-739355406
-739355406
-739355406
-739355406
-739355406
-729160760
-775764926
-697052821
-660244457
-865199663
-660244457
-619630820
-737601255
-589368669
-859434666
-859434666
-859434666
-859434666
-859434666
-859434666
-899522074
-589368669
-689627445
-689627445
-717174252
-589368669
-589368669
-579206854
-579206854
-579206854
-579206854
-579206854
-577607436
-565152732
-557111417
-577357050
-948147525
-908655818
-908655818
-555934070
-555934070
-555934070
-882203750
-882203750
-552340602
-536747614
-532078442
-528938326
-528938326
-526754968
-526754968
-526754968
-507905962
-503575924
-952635737
-865902930
-865902930
-850695851
-916551199
-800579156
-815700504
-815700504
-815700504
-800579156
-991490982
-991490982
-873484446
-873484446
-762443242
-831721323
-819299871
-658981479
-594732922
-632686712
-632686712
-588579059
-502265186
-502265186
-502265186
-502222449
-800280668
-800280668
-800280668
-500474470
-959693405
-800953717
-800953717
-937942652
-655179202
-655179202
-655179202
-872406381
-625313548
-625313548
-619232559
-619232559
-795843398
-581992912
-581992912
-723050099
-723050099
-723050099
-723050099
-723050099
-719148271
-687456300
-819540399
-856562106
-856562106
-856562106
-819540399
-819540399
-819540399
-687456300
-687456300
-875232856
-875232856
-939895530
-664359294
-775358356
-664359294
-664359294
-962588428
-962588428
-962588428
-664359294
-656833443
-656833443
-867596120
-867596120
-822152154
-804728572
-649783014
-601038687
-960375141
-960375141
-960375141
-960375141
-886687462
-886687462
-800971240
-800971240
-883456781
-883456781
-539717508
-830570564
-872335385
-870637969
-870637969
-870637969
-658195151
-894984528
-813330743
-534496332
-874483325
-874483325
-874483325
-874483325
-754546197
-747129151
-747129151
-747129151
-747129151
-747129151
-697618668
-697618668
-697618668
-697618668
-697618668
-697618668
-658525347
-758990683
-658525347
-658525347
-920899196
-920899196
-760460021
-760460021
-817197996
-959006865
-844812985
-537919777
-847547938
-817455074
-817455074
-760374979
-613973547
-613973547
-945501972
-945501972
-945501972
-945501972
-945501972
-846884953
-786636011
-742890682
-613973547
-613973547
-977216100
-977216100
-977216100
-961271637
-961271637
-987292809
-987292809
-987292809
-987292809
-927718066
-927718066
-887851912
-813081032
-865113387
-740735030
-708002879
-775878389
-775878389
-708002879
-707290115
-613149604
-926004487
-613149604
-613149604
-608976076
-608748254
-526107103
-521944659
-649321447
-559495701
-559495701
-636206224
-636206224
-559495701
-559495701
-870054110
-870054110
-603917116
-855780969
-979908305
-979908305
-979908305
-979908305
-786106547
-786106547
-814289756
-814289756
-814289756
-738492941
-738492941
-646757294
-911111720
-646757294
-918332985
-918332985
-889422875
-889422875
-889422875
-877693147
-877693147
-862614144
-807420614
-901174450
-901174450
-865007426
-839932907
-896697180
-741126158
-741126158
-648170908
-648170908
-694515902
-648170908
-648170908
-648170908
-648170908
-648170908
-944494854
-944494854
-995852163
-995852163
-987174005
-646757294
-638828711
-967100436
-967100436
-902572862
-902572862
-902572862
-922513949
-922513949
-915255574
-915255574
-902572862
-902572862
-902572862
-876057859
-876057859
-876057859
-876057859
-876057859
-817023575
-817023575
-804648394
-796715679
-796715679
-796715679
-796715679
-784484632
-907651071
-784484632
-780864253
-780864253
-780864253
-987900105
-739534381
-700101444
-635919026
-635919026
-666420325
-718091119
-666420325
-999545736
-787702808
-876613081
-876613081
-626166640
-626166640
-626166640
-637535522
-637535522
-637535522
-890984378
-890984378
-890984378
-851608083
-800790609
-800790609
-800790609
-800790609
-800790609
-637535522
-626166640
-699770885
-606056362
-606056362
-586847507
-782895652
-782895652
-586847507
-845513440
-845513440
-845513440
-981177455
-845513440
-976951341
-976951341
-976951341
-932335056
-844905173
-904560022
-893588390
-893588390
-832192718
-792859349
-792859349
-848148120
-848148120
-848148120
-841470863
-792859349
-792859349
-762800081
-907239759
-907239759
-907239759
-907239759
-889937244
-826599794
-826599794
-832238900
-826599794
-762800081
-762800081
-762800081
-762800081
-738939415
-738939415
-729502539
-871435156
-827255254
-827255254
-896357424
-896357424
-896357424
-940425404
-742915183
-903781591
-732654940
-956424451
-956424451
-729502539
-713377363
-713377363
-707269918
-698467662
-778631098
-778631098
-778631098
-686527671
-680412883
-856252958
-856252958
-856252958
-856252958
-893700690
-893700690
-856252958
-961869769
-961869769
-935070540
-887434416
-701692547
-701692547
-701692547
-675260714
-673177663
-673177663
-672355914
-761770424
-928868110
-928868110
-703846484
-991025476
-746389609
-775941582
-775941582
-775941582
-759591225
-759591225
-664288912
-664288912
-664288912
-664288912
-967234638
-967234638
-661785324
-661785324
-773706705
-773706705
-823319713
-823319713
-823319713
-821609209
-972293414
-660565406
-752890101
-660565406
-660565406
-660565406
-660565406
-643053600
-643053600
-643053600
-643053600
-620585767
-791152768
-995315251
-791152768
-620350131
-921001861
-827751143
-827751143
-810879478
-810879478
-610364499
-803878651
-803878651
-610364499
-606987265
-606987265
-600021969
-908345078
-597117236
-597117236
-823439753
-823439753
-823439753
-933038444
-807760788
-953853321
-964705142
-964705142
-989704811
-588639410
-588639410
-588639410
-578347717
-578347717
-578347717
-578181897
-578181897
-575141149
-575141149
-619090094
-575141149
-575141149
-575141149
-910471416
-948588769
-816441530
-816441530
-816441530
-783554888
-872108728
-748458424
-748458424
-748458424
-748458424
-748458424
-716061498
-716061498
-618189288
-781573284
-604915552
-751137525
-751137525
-751137525
-751137525
-957571313
-957571313
-957571313
-957571313
-957571313
-957571313
-957571313
-957571313
-669314535
-669314535
-669314535
-726530076
-959774467
-959774467
-959774467
-959774467
-655716790
-632623287
-608586688
-608586688
-608586688
-608586688
-608586688
-608586688
-608586688
-608586688
-608586688
-927737526
-871200847
-813836190
-947330726
-947330726
-947330726
-947330726
-947330726
-840769696
-813836190
-789454786
-789454786
-789454786
-578894334
-578894334
-578894334
-571501943
-959920402
-939989359
-821504214
-852993352
-567336926
-989740029
-989740029
-555662790
-636641980
-636641980
-555146319
-555146319
-540847884
-864203200
-864203200
-540847884
-962498975
-962498975
-962498975
-962498975
-957788391
-658211105
-658211105
-658211105
-658211105
-658211105
-773120270
-729189447
-729189447
-729189447
-749214776
-849065396
-861527727
-856809304
-660643896
-647435651
-862615617
-885463510
-885463510
-698080221
-647435651
-875737347
-875737347
-584375282
-584375282
-584375282
-886292112
-578815390
-578815390
-578815390
-548014614
-548014614
-541315677
-923349275
-726240855
-726240855
-540468853
-540468853
-540468853
-634606685
-634606685
-803881660
-634606685
-634606685
-587241189
-587241189
-587241189
-587241189
-587241189
-584863176
-540468853
-695960218
-540468853
-540468853
-540468853
-825632822
-571477195
-726556612
-985003319
-890091765
-549746620
-889630920
-889630920
-971246568
-986863730
-534925549
-679335096
-534772651
-534772651
-634801177
-916810548
-916810548
-916810548
-916810548
-634801177
-534375818
-527274430
-671414272
-527274430
-526823062
-526482565
-525456637
-523834555
-522962351
-522689151
-944281840
-944281840
-749412284
-749412284
-522527099
-522527099
-522527099
-680861841
-680861841
-521123647
-519689553
-969824048
-807072314
-807072314
-807072314
-662995245
-662995245
-969985512
-662995245
-639653987
-862042993
-583129815
-583129815
-758243346
-968756842
-796690690
-889661768
-889661768
-889661768
-566576315
-624699019
-624699019
-566576315
-566576315
-638427655
-638427655
-592719291
-517076311
-517076311
-759067519
-826445432
-514917522
-514917522
-657707264
-657707264
-657707264
-539359374
-512804893
-512804893
-512804893
-512804893
-685284118
-511043306
-979031717
-979031717
-979031717
-979031717
-979031717
-897602417
-776271612
-776271612
-729244453
-710556260
-710556260
-644606818
-644606818
-644606818
-624461720
-888574728
-994925523
-994925523
-804542961
-804542961
-804542961
-917740913
-763020494
-763020494
-730152686
-730152686
-949617826
-949617826
-949617826
-949617826
-949617826
-949617826
-949617826
-836145008
-836145008
-836145008
-851777296
-735716104
-735716104
-735716104
-735716104
-658410184
-619508592
-567770209
-974784951
-849759529
-849759529
-849759529
-890160662
-868878087
-920536491
-720429710
-720429710
-720429710
-607178776
-607178776
-511043306
-511043306
-507034032
-507034032
-507034032
-502446438
-512917323
-512917323
-502180606
-502180606
-502180606
-502180606
-500621877
-500621877
-500129105
-498702850
-498591611
-837757972
-665835803
-791385319
-791385319
-791385319
-791385319
-791385319
-497486024
-497486024
-497377141
-713490965
-894003456
-497234608
-497234608
-497183660
-991273683
-991273683
-962581320
-909222706
-497183660
-496296815
-904959880
-496296815
-495442323
-745399900
-845593834
-845593834
-494882140
-762396557
-762396557
-927870104
-495892006
-641331271
-494882140
-849655057
-849655057
-620924259
-494226623
-494226623
-494226623
-529293003
-994634514
-995190177
-995190177
-994634514
-986681937
-986681937
-752106626
-813356444
-692624932
-683379340
-548332903
-548332903
-961601070
-961601070
-961601070
-786255126
-786255126
-849168014
-977873610
-977873610
-977873610
-977873610
-977873610
-977873610
-977873610
-942731597
-682482403
-682482403
-682482403
-884980953
-884980953
-884980953
-884980953
-884980953
-659845089
-776216020
-697187783
-659845089
-815993140
-619240532
-619240532
-619240532
-619240532
-565196296
-565196296
-535919211
-529601881
-529601881
-496049593
-862632328
-862632328
-962837881
-953700741
-953700741
-953700741
-719790960
-706069038
-706069038
-718362864
-999134445
-746576311
-746576311
-836022069
-836022069
-836022069
-836022069
-836022069
-791247343
-791247343
-539685595
-924240558
-924240558
-924240558
-680463702
-668026729
-778985999
-945105253
-945105253
-945105253
-539685595
-493319042
-803757755
-803757755
-803757755
-885039706
-885039706
-885039706
-715958492
-715958492
-493271088
-656404491
-965062138
-656404491
-775176959
-937448484
-656404491
-846993070
-842596776
-842596776
-664256419
-664256419
-656404491
-656404491
-656404491
-493271088
-493271088
-798346910
-493271088
-752314088
-752314088
-752314088
-752314088
-752314088
-982164835
-745728730
-745728730
-855132972
-855132972
-740579964
-749980205
-749980205
-749980205
-749320022
-808401112
-808401112
-808401112
-766972222
-972342005
-972342005
-615843065
-831033624
-831033624
-717247208
-504326974
-586835505
-660070686
-660070686
-660070686
-624171489
-624171489
-839949002
-839949002
-574651742
-539934052
-840407657
-864475562
-601520155
-492309210
-492309210
-611986939
-611986939
-611986939
-611986939
-611986939
-611986939
-611986939
-611986939
-948273860
-948273860
-948273860
-575346265
-492309210
-492309210
-492309210
-491755694
-491755694
-881569575
-881569575
-810986614
-805344772
-927169217
-770233314
-770233314
-770233314
-770233314
-650641323
-614056011
-743736483
-614056011
-614056011
-614056011
-614056011
-588883193
-630860045
-833740685
-833740685
-959368596
-959368596
-841278105
-841278105
-841278105
-855271168
-708790125
-806636191
-800611277
-800611277
-800611277
-950101720
-950101720
-567257565
-566781907
-566781907
-743726756
-566781907
-512011878
-512011878
-510980716
-511335793
-501151676
-501151676
-501151676
-494371235
-491387772
-605798579
-605798579
-490927621
-490927621
-553715276
-553715276
-553715276
-553715276
-490610880
-489498736
-489498736
-489498736
-747249345
-562291387
-488728257
-488728257
-870286962
-488728257
-488728257
-984554357
-984554357
-984554357
-756062612
-999333115
-999333115
-999333115
-756062612
-756062612
-716882463
-560455050
-533068442
-533068442
-533068442
-508898494
-508898494
-930083635
-968224175
-968224175
-968224175
-791489815
-754787215
-754787215
-754787215
-754787215
-754787215
-754787215
-754787215
-927141200
-817840080
-817840080
-817840080
-754787215
-726486899
-725128295
-725128295
-966023802
-707841689
-650079807
-650079807
-808754256
-598255912
-598255912
-598255912
-770000847
-637404177
-579230817
-539579479
-539579479
-537940496
-968389629
-825074714
-825074714
-976932378
-859826101
-944199745
-996303348
-996303348
-996303348
-996303348
-485753894
-734751653
-485632130
-485002192
-484854986
-522753725
-896809428
-548697878
-910284655
-522753725
-484387587
-860886398
-484387587
-484387587
-652345469
-484255598
-803028385
-819698147
-484255598
-552534439
-933060158
-856842416
-724330393
-538981185
-591481815
-595297694
-846363422
-662502933
-662502933
-570778736
-641070426
-904581726
-904581726
-713051977
-887895313
-887895313
-887895313
-526939587
-526939587
-839592084
-774757598
-903231633
-903231633
-903231633
-774757598
-774757598
-774757598
-841846479
-841846479
-841846479
-774757598
-774757598
-774757598
-885926037
-885926037
-885926037
-885926037
-885027479
-885027479
-822257459
-779261849
-779261849
-779261849
-774757598
-766332481
-662151909
-661965000
-661965000
-920596467
-920596467
-920596467
-959326291
-959326291
-959326291
-642228944
-604929675
-591130074
-564892082
-545321780
-545321780
-543483098
-543483098
-543483098
-543483098
-490922585
-597673010
-813339685
-813339685
-843900727
-589062785
-745036185
-997052611
-997052611
-997052611
-997052611
-864382201
-745036185
-869998734
-869998734
-869998734
-869998734
-852533396
-765293407
-745036185
-745036185
-745036185
-745036185
-745036185
-745036185
-703352579
-690916178
-690916178
-690916178
-661410228
-763204536
-736919351
-738133832
-738133832
-652725212
-697009865
-697009865
-649085701
-649085701
-910366188
-910366188
-954135000
-948931124
-948931124
-618087754
-618087754
-618087754
-618087754
-618087754
-601465900
-867529357
-601465900
-842556068
-842556068
-842556068
-582439831
-575593919
-951961179
-782390792
-782390792
-958723853
-958723853
-743998230
-840632821
-743998230
-661525924
-549096931
-536375254
-536375254
-753940660
-753940660
-537783326
-537783326
-898636145
-684599018
-684599018
-549750740
-603971837
-603971837
-949504031
-949504031
-949504031
-667660648
-667660648
-933904957
-933904957
-528254881
-817409204
-515343046
-500198138
-500198138
-800344147
-800344147
-858895312
-858895312
-858895312
-858895312
-857066933
-725770757
-725770757
-725770757
-725770757
-725770757
-725770757
-725770757
-664214915
-890183731
-860064415
-615311333
-488927359
-582486470
-488927359
-488927359
-484255598
-484255598
-484255598
-823000772
-484255598
-483783066
-483323995
-747732106
-878399356
-878399356
-865791325
-747732106
-747732106
-947247761
-721204037
-721204037
-488512467
-949579036
-949579036
-949579036
-895277173
-895277173
-895277173
-759483855
-644273734
-644273734
-644273734
-644273734
-586871591
-586871591
-586871591
-935706249
-482983671
-482983671
-716708575
-713823423
-713823423
-713823423
-482652859
-482557680
-595378968
-911108533
-911108533
-595378968
-482557680
-975365140
-975365140
-523740085
-523740085
-765122324
-765122324
-765122324
-832657380
-832657380
-742016404
-986633962
-986633962
-791887574
-739736606
-817220966
-817220966
-945643742
-945643742
-796871723
-796871723
-796871723
-730023458
-730023458
-730023458
-730023458
-722423066
-722423066
-659903927
-576672652
-576672652
-506250682
-875062382
-804277804
-773750574
-810541185
-810541185
-834608529
-974709338
-758566249
-942975429
-982783781
-902058695
-872141105
-872141105
-794025966
-805634992
-805634992
-805634992
-794025966
-875089468
-875089468
-794025966
-794025966
-794025966
-689218650
-676720972
-669843590
-648577906
-973061163
-623879390
-951545833
-951545833
-630104785
-630104785
-630104785
-630104785
-535566752
-527223893
-520233834
-698382775
-482557680
-482557680
-482499481
-482499481
-712181397
-884181630
-712181397
-712181397
-515526021
-589809030
-980796299
-980796299
-953378709
-720111365
-720111365
-674737169
-674737169
-964543593
-964543593
-964543593
-494866207
-494866207
-541092642
-486318060
-921813046
-879735791
-486318060
-882027625
-882027625
-882027625
-882027625
-882027625
-937304368
-937304368
-937304368
-937304368
-882027625
-882027625
-571830563
-571830563
-542142094
-542142094
-944583962
-910577958
-910577958
-541389336
-486318060
-486318060
-480887861
-480887861
-787550155
-480198226
-480198226
-480138154
-509808414
-509808414
-479611218
-479611218
-877934088
-692081236
-692081236
-484323051
-708939685
-993771294
-993771294
-993771294
-993771294
-993771294
-873719416
-873719416
-763561726
-763561726
-763561726
-763561726
-657576947
-653720135
-984973628
-984973628
-984973628
-984973628
-912282034
-912282034
-871341734
-871341734
-871341734
-871341734
-871341734
-808201775
-737833421
-737833421
-772296548
-772296548
-700165604
-700165604
-653720135
-846911904
-846911904
-846911904
-862434436
-981410977
-651171543
-651171543
-630679785
-625605072
-625605072
-888858142
-979902020
-685423589
-685423589
-685423589
-858533962
-858533962
-933423916
-933423916
-858533962
-602956258
-825421702
-825421702
-825421702
-825421702
-825421702
-825421702
-825421702
-825421702
-825421702
-825421702
-825421702
-825421702
-825421702
-905981507
-905981507
-660348355
-762028795
-719884452
-783433518
-899209063
-920368782
-899209063
-888382048
-576794895
-576794895
-576794895
-559444072
-559444072
-536115899
-753438285
-532148015
-669343392
-529808432
-529808432
-520417071
-508897274
-998510846
-998510846
-998510846
-490914757
-814610415
-814610415
-814610415
-950711389
-950711389
-950711389
-985452475
-950711389
-950711389
-832615127
-832615127
-814610415
-814610415
-814610415
-814610415
-698195046
-698195046
-698195046
-687307152
-770551269
-646542591
-640728597
-640728597
-890530370
-825406956
-775494605
-825471394
-825471394
-607215231
-607215231
-591674016
-862007203
-862007203
-591674016
-584048954
-687064821
-508179594
-508179594
-549551229
-549551229
-549551229
-549551229
-549551229
-549551229
-968605299
-732811133
-549551229
-549267862
-549267862
-508179594
-595417790
-507538599
-540046206
-540046206
-487997450
-483773866
-480980671
-480980671
-480980671
-480980671
-625599958
-625599958
-480980671
-480980671
-479470267
-825105429
-930522290
-930522290
-930522290
-930522290
-930522290
-930522290
-911454941
-865501109
-865501109
-865501109
-825105429
-791014238
-791014238
-810229709
-810229709
-791014238
-790008082
-672086716
-782521297
-782521297
-782521297
-810103831
-810103831
-810103831
-810103831
-810103831
-968749678
-797658059
-792606630
-896721640
-959311882
-704014159
-891193119
-891193119
-672086716
-672086716
-672086716
-672086716
-672086716
-672086716
-659777476
-659777476
-659777476
-658384634
-647311744
-747313277
-645436046
-641476276
-806022692
-806022692
-641476276
-955466289
-955466289
-631013404
-631013404
-627805822
-627805822
-745916560
-745916560
-897226357
-681586611
-681586611
-877636528
-866417695
-866417695
-866417695
-866417695
-866417695
-845288042
-845288042
-681586611
-681586611
-794061297
-877627974
-877627974
-877627974
-840086337
-949913772
-914736136
-895782496
-840086337
-840086337
-840086337
-889983479
-841141404
-794061297
-790076613
-738527303
-732954527
-996922705
-996922705
-996922705
-996922705
-962352448
-962352448
-694769545
-694769545
-694769545
-992588641
-616232158
-611671319
-609337638
-606775072
-606775072
-576818170
-576818170
-564018423
-921077587
-548187340
-548187340
-967947519
-548187340
-997750892
-997750892
-737403922
-943074030
-943074030
-943074030
-943074030
-943074030
-706117839
-706117839
-706117839
-805508151
-805508151
-658527744
-595459724
-595459724
-595459724
-576689392
-576689392
-548187340
-548187340
-542385341
-537199529
-537199529
-537199529
-537199529
-522511119
-594930277
-534637688
-534637688
-522511119
-522511119
-521198241
-521198241
-690467184
-690467184
-921487276
-502888710
-880921096
-956080594
-956080594
-547523353
-547523353
-961616518
-547523353
-547523353
-678210652
-734653802
-910756079
-910756079
-910756079
-656582645
-650884213
-650884213
-866061125
-866061125
-823336265
-823336265
-823336265
-823336265
-978631908
-978631908
-978631908
-853924671
-676423730
-808506635
-808506635
-676423730
-676423730
-683765064
-667485599
-589269151
-589269151
-589269151
-776844867
-776844867
-952174434
-985107878
-952174434
-889501729
-979606490
-764675983
-764675983
-764675983
-764675983
-886809171
-702944243
-702944243
-835747049
-828015409
-828015409
-564431028
-564431028
-620754724
-851473585
-851473585
-851473585
-607599494
-607599494
-607599494
-727488624
-607599494
-607599494
-693567883
-607599494
-607599494
-718013521
-718013521
-718013521
-718013521
-607599494
-607599494
-607599494
-867600476
-867600476
-867600476
-787325234
-787325234
-787325234
-899162763
-778085970
-657510692
-657510692
-920945742
-920945742
-920945742
-786625437
-657510692
-626402869
-617398584
-995498087
-995498087
-995498087
-993243209
-973655309
-973655309
-973655309
-762231614
-600353188
-600353188
-868198981
-588034604
-868355583
-868355583
-627342234
-627342234
-627342234
-564431028
-562357349
-562357349
-561462712
-557011127
-833352166
-833352166
-833352166
-833352166
-833352166
-689205690
-615587246
-547503729
-536357701
-536357701
-529002758
-568889633
-526122611
-524969675
-994232823
-994232823
-994232823
-524969675
-849084437
-849084437
-849084437
-849084437
-783363696
-783363696
-800791097
-937147998
-879841827
-879841827
-999226939
-999226939
-999226939
-739008168
-739008168
-995562146
-995562146
-677965167
-677965167
-848330911
-848330911
-671892150
-723714213
-723714213
-723714213
-723714213
-723714213
-723714213
-723714213
-723714213
-645241142
-594950908
-784733522
-594950908
-585135048
-585135048
-867654719
-867654719
-851733393
-756573655
-756573655
-569352727
-569352727
-569352727
-777343270
-569352727
-569352727
-569352727
-627568310
-868777470
-828006550
-828006550
-828006550
-828006550
-828006550
-828006550
-763317648
-524969675
-524969675
-559619546
-559619546
-559619546
-701931392
-559619546
-524969675
-769738751
-769738751
-802512533
-802512533
