-433994071
927858182
-272601584
-153539575
-611573225
-611573225
-512028987
-197293485
268103764
-826669050
-543666893
-950002649
-531150152
-768838688
-632848546
-632848546
-551793979
-148753809
-148753809
-863643022
-706626000
-965455921
-965455921
-916728127
-916728127
-922533384
-617120681
-870079477
-944400082
-870079477
-870079477
-793199664
-783264650
-783264650
-783264650
-783264650
-690092213
-791907656
-690092213
-821798512
-690092213
-682249510
-964395567
-964395567
-964395567
-832237805
-650475479
-650475479
-567557344
-916112515
-553623758
-678750938
-678750938
-678750938
-678750938
-841344600
-841344600
-735902551
-687952888
-802977348
-802977348
-687952888
-687952888
-687952888
-672730064
-672730064
-804400290
-804400290
-959795591
-905301632
-905301632
-758978631
-721412455
-844268610
-844268610
-915256898
-915256898
-844268610
-844268610
-749805202
-749805202
-683839675
-683839675
-683839675
-683839675
-683839675
-825786675
-707507526
-707507526
-672730064
-672730064
-590467536
-865652508
-865652508
-865652508
-843933884
-590467536
-590467536
-576181456
-730743963
-646675605
-646675605
-608248694
-742092513
-823960699
-924277486
-924277486
-924277486
-862918712
-846229343
-757141558
-994388311
-994388311
-994388311
-955086501
-955086501
-891612027
-873218719
-757141558
-757141558
-642190584
-611940774
-611940774
-825802701
-825802701
-563114663
-530889082
-507046063
-699408307
-957148495
-957148495
-957148495
-946170466
-835230241
-699620279
-699408307
-699408307
-765228278
-765228278
-699408307
-670584361
-998634358
-857111135
-831268141
-507046063
-507046063
-727202088
-507046063
-517594820
-507046063
-908543162
-908543162
-908543162
-971459251
-971459251
-971459251
-921088140
-826473067
-826473067
-826473067
-826473067
-727788912
-711025840
-605676337
-669479992
-853882179
-853882179
-853882179
-853882179
-930447490
-930447490
-930447490
-853882179
-853882179
-827916840
-827916840
-787127473
-787127473
-891861148
-831472608
-716350674
-682129455
-606587631
-902413178
-902413178
-886972124
-886972124
-852620756
-989266443
-989266443
-972308927
-972308927
-972308927
-972308927
-972308927
-972308927
-972308927
-873380891
-873380891
-860759720
-837641816
-827008072
-813859634
-837045157
-751497687
-751497687
-751497687
-751497687
-669799471
-669799471
-921213338
-707127342
-707127342
-707127342
-707127342
-707127342
-707127342
-707127342
-707127342
-707127342
-666292306
-666292306
-640238159
-640238159
-630895436
-630895436
-630895436
-878032915
-878032915
-630895436
-814827628
-954572835
-954572835
-664874190
-788610877
-904640754
-904640754
-788610877
-664874190
-821871826
-653865978
-637088576
-998574009
-886862051
-606587631
-589111214
-589111214
-589111214
-589111214
-746229179
-573104816
-623867845
-623867845
-542658690
-527879604
-527879604
-527879604
-539784963
-692891260
-692891260
-692891260
-692891260
-692891260
-692891260
-947694647
-696810965
-762846661
-762846661
-702249613
-702249613
-539784963
-719438619
-539784963
-734755612
-734755612
-527879604
-527879604
-502102680
-897014545
-897014545
-897014545
-897014545
-891336531
-820899574
-856964118
-820899574
-787399950
-787399950
-543300656
-502102680
-496175678
-513080716
-513080716
-513080716
-589307073
-589307073
-589307073
-589307073
-836112734
-606110420
-606110420
-606110420
-606110420
-762435270
-515792127
-515792127
-792332643
-515792127
-514070188
-475115574
-836182203
-809454580
-596643434
-596643434
-844733758
-844733758
-644139394
-465180574
-523840578
-523574931
-797198288
-797198288
-707380347
-707380347
-996152341
-835953872
-902575748
-495295886
-435998537
-435998537
-435998537
-426610419
-426610419
-747009698
-426610419
-447884188
-447884188
-688293762
-420746785
-474530183
-474530183
-797624242
-695396295
-748044357
-748044357
-748044357
-755571886
-981497090
-981497090
-531798785
-531798785
-491445538
-491445538
-732369116
-732369116
-906599319
-411589847
-411589847
-407204357
-407204357
-964183626
-964183626
-964183626
-897203062
-784925119
-929237053
-841218971
-768078205
-768078205
-768078205
-768078205
-768078205
-768078205
-893470488
-741079905
-815251531
-815251531
-815251531
-725219521
-736622682
-710402259
-710402259
-710402259
-710208683
-933673695
-770037538
-781410522
-781410522
-781410522
-781410522
-710208683
-710208683
-710208683
-997902367
-851240531
-951520793
-951520793
-951520793
-894510215
-894510215
-796889283
-752765102
-710208683
-710208683
-710208683
-801852627
-782180972
-704081088
-704081088
-678438945
-665339465
-881614577
-943367295
-881614577
-961656725
-961656725
-957426912
-957426912
-881614577
-881614577
-863528952
-863528952
-818502225
-818502225
-818502225
-805148592
-805148592
-805148592
-788826024
-788826024
-768776131
-903999714
-768776131
-768776131
-768776131
-759585947
-759585947
-739164439
-928843512
-832980969
-832980969
-832980969
-838010441
-838010441
-838010441
-955680271
-955680271
-809329310
-809329310
-809329310
-809329310
-739164439
-857388181
-857388181
-857388181
-857388181
-857388181
-804951095
-804951095
-804951095
-733729117
-895931220
-846747429
-846747429
-798713192
-733729117
-691689221
-659633785
-659633785
-989485968
-989485968
-989485968
-989485968
-989485968
-989485968
-989485968
-989485968
-989485968
-944183452
-995565636
-944183452
-969563740
-969563740
-969563740
-969563740
-872499393
-872499393
-985155803
-985155803
-985155803
-985155803
-714929114
-685857763
-685857763
-685857763
-685857763
-685857763
-761553345
-761553345
-675997111
-659633785
-659633785
-659633785
-651838314
-651838314
-651838314
-651838314
-988312259
-988312259
-930277767
-930277767
-990030951
-698231742
-842015621
-728832222
-716455891
-716455891
-716455891
-800531488
-716455891
-637487733
-637487733
-637487733
-895182480
-635087218
-635087218
-635087218
-635087218
-828684643
-960778906
-960778906
-641292588
-641292588
-641292588
-641292588
-635087218
-635087218
-635087218
-616609601
-899714176
-899714176
-892719579
-616609601
-614192989
-614192989
-613709207
-608492010
-761620933
-627172644
-600118625
-600118625
-592989187
-592989187
-592989187
-592989187
-575403659
-575403659
-575403659
-801197776
-794029866
-794029866
-645371499
-575403659
-575403659
-571790717
-571790717
-571312327
-570601907
-570601907
-570601907
-570601907
-570601907
-570601907
-566624628
-565975647
-565975647
-565975647
-943212292
-943212292
-753704899
-594100976
-594100976
-594100976
-594100976
-544699516
-544699516
-938819503
-938819503
-938819503
-938819503
-938819503
-938819503
-938819503
-928856746
-928856746
-928856746
-928856746
-928856746
-859317203
-859317203
-734616170
-734616170
-695646863
-695646863
-695646863
-816854121
-816854121
-816854121
-791164015
-560747549
-718959832
-579974418
-834794380
-834794380
-873905698
-818078846
-931820194
-901830339
-901830339
-678899357
-656729326
-747955441
-747955441
-747955441
-747955441
-747955441
-747955441
-556980641
-556980641
-542407761
-542407761
-789110178
-916289709
-916289709
-540215136
-887988967
-543421991
-543421991
-543421991
-655638628
-945956121
-945956121
-983210212
-983210212
-983210212
-983210212
-983210212
-969129741
-969129741
-969129741
-969129741
-969129741
-969129741
-866974113
-857540471
-813641982
-813641982
-768360767
-766059546
-764224903
-764224903
-764224903
-764224903
-864044784
-686894248
-646441021
-646441021
-804655038
-804655038
-952996231
-798001916
-760847622
-982525992
-982525992
-982525992
-760847622
-760847622
-978981496
-978981496
-898705974
-898705974
-863407656
-863407656
-863407656
-863407656
-758707371
-758707371
-812870785
-812870785
-758707371
-890290734
-817666503
-817666503
-691595998
-876946496
-876946496
-876946496
-876946496
-876946496
-876946496
-764929655
-764929655
-878146575
-877558604
-836452541
-836452541
-836452541
-836452541
-804278818
-764929655
-764929655
-881645411
-979482071
-979482071
-653588141
-653588141
-869903949
-838003031
-806107975
-745491892
-745491892
-745491892
-808414145
-808414145
-745491892
-744505791
-744505791
-744505791
-744505791
-744505791
-855448926
-855448926
-913665760
-938968257
-938968257
-913665760
-913665760
-913665760
-855448926
-855448926
-815882723
-786264270
-921148686
-921148686
-921148686
-786264270
-971282770
-922508103
-889300886
-758615831
-758615831
-758615831
-758615831
-749795609
-687301476
-687025995
-967095404
-892299709
-892299709
-687025995
-687025995
-685455122
-639747738
-742670339
-896239933
-923333630
-896239933
-601549619
-601549619
-601549619
-601549619
-904858104
-580854553
-572674837
-572674837
-572674837
-569159132
-899640775
-899640775
-642467410
-939234238
-939234238
-568266107
-917094548
-638201512
-976265538
-976265538
-976265538
-644575789
-621224292
-812188883
-694111386
-988174374
-821567245
-943129200
-694111386
-781852986
-781852986
-755997186
-755997186
-811555700
-755997186
-755997186
-657603590
-657603590
-856793294
-856793294
-806089842
-926874400
-926874400
-926874400
-979652833
-979652833
-979652833
-621224292
-803188073
-803188073
-872563855
-872563855
-872563855
-872563855
-803188073
-803188073
-748190070
-748190070
-999604515
-999604515
-809670552
-564874067
-564874067
-564874067
-550530747
-550530747
-540215136
-540215136
-953710151
-953710151
-953710151
-958175320
-958175320
-958175320
-953710151
-953710151
-953710151
-953710151
-953710151
-848244683
-739152179
-737143037
-737143037
-604834295
-604834295
-572105087
-696025173
-538614666
-541118721
-824552213
-716505111
-923900350
-844281477
-806627480
-643684421
-643684421
-643684421
-586427486
-896983984
-896983984
-896983984
-896983984
-896429037
-835149426
-835149426
-964793838
-830601915
-787042031
-787042031
-787042031
-780054651
-780054651
-780054651
-780054651
-780054651
-780054651
-902052510
-771764634
-840274122
-840274122
-760912572
-760912572
-766967285
-766967285
-637132425
-637132425
-619716931
-619346117
-619346117
-863917444
-592781271
-766454619
-602894975
-665951526
-586427486
-959949463
-596720081
-596720081
-689272521
-586242682
-642975048
-562022342
-562022342
-562022342
-562022342
-562022342
-538614666
-847878649
-847878649
-862288479
-862288479
-847878649
-847878649
-847878649
-977233757
-977233757
-977233757
-885644208
-847878649
-847878649
-803526200
-803526200
-803526200
-803526200
-803526200
-803526200
-827705226
-982909806
-982909806
-982909806
-982909806
-982909806
-982909806
-865327047
-733632557
-936853671
-969355100
-969355100
-966688032
-829074211
-829074211
-733632557
-733632557
-733632557
-733632557
-716031706
-683323232
-878121499
-817641363
-889961008
-683323232
-760254055
-760254055
-703354933
-703354933
-658185221
-982721970
-982721970
-982721970
-982721970
-928955406
-916718405
-916718405
-916718405
-909705371
-896132350
-748304030
-641927844
-902267275
-902267275
-641927844
-630710732
-630710732
-630710732
-630710732
-629771407
-629771407
-619214622
-786374592
-658776171
-619214622
-619214622
-619214622
-614914475
-614914475
-612768107
-612768107
-973010592
-595713613
-958116826
-958116826
-958116826
-655730045
-655730045
-655730045
-586592052
-576666323
-592880014
-592880014
-592880014
-592880014
-592880014
-918212076
-918212076
-581761887
-581761887
-564856101
-994943659
-563121422
-560438959
-639914630
-566786380
-757631291
-552070121
-552070121
-552070121
-814011280
-814011280
-628402132
-628402132
-827499466
-787495823
-702323979
-861107231
-533470307
-533470307
-927423071
-926864257
-514471797
-514471797
-945807180
-945807180
-956591251
-956591251
-956591251
-954955097
-954955097
-890895161
-796058438
-705077167
-603376164
-593555863
-681605253
-560976685
-525911951
-669849328
-669849328
-720779950
-525911951
-907830590
-514471797
-514471797
-521541289
-863854560
-863854560
-863854560
-789315336
-793847725
-995116331
-995116331
-995116331
-771275256
-771275256
-771275256
-939522449
-810918307
-694053752
-791982354
-865714125
-673122479
-988884414
-796742130
-727074746
-838192270
-838192270
-898219859
-838192270
-838192270
-690832970
-728990862
-728990862
-728990862
-728990862
-655383787
-655383787
-655383787
-655383787
-795469868
-795469868
-795469868
-655383787
-767189097
-767189097
-767189097
-943547191
-616651138
-613448023
-605701718
-605701718
-605701718
-605701718
-605701718
-960515797
-960515797
-603874793
-995884210
-798976963
-798976963
-798976963
-749719595
-681405955
-681405955
-785386667
-785386667
-785386667
-785386667
-785386667
-721061020
-681405955
-681405955
-680840651
-702860786
-702860786
-994032863
-887484094
-887484094
-887484094
-810296508
-648337863
-664166912
-664166912
-622114383
-622114383
-622114383
-622114383
-622114383
-614248899
-587234768
-586796932
-586796932
-944467708
-715408220
-715408220
-570224964
-570224964
-556530560
-588482813
-665672828
-588482813
-588482813
-715239465
-715239465
-715239465
-588482813
-564430740
-564430740
-903496963
-790965063
-790965063
-790965063
-938785791
-558098430
-551660439
-551660439
-551660439
-551660439
-546412846
-713380412
-986948374
-986948374
-876830645
-876830645
-524587676
-522353184
-522353184
-611657553
-514471797
-619322889
-619322889
-513396194
-522220470
-510819251
-510819251
-510819251
-652891542
-866185635
-987429624
-987429624
-914879807
-866185635
-866185635
-866185635
-834649796
-766151603
-960049309
-769082176
-600774983
-600774983
-576689634
-508385207
-763344634
-763344634
-763344634
-948856116
-733208575
-733208575
-693261550
-693261550
-693261550
-693261550
-693261550
-860916695
-860916695
-860916695
-693261550
-687417216
-955365873
-955365873
-955365873
-906964621
-687417216
-687417216
-970630466
-970630466
-779765473
-734810776
-718187342
-622691118
-622691118
-604229426
-604229426
-725802459
-584411324
-879734653
-930256637
-930256637
-930256637
-739512256
-812719673
-584411324
-568863097
-568863097
-727189414
-895646775
-739512545
-864950521
-788854278
-516684570
-503896120
-803043859
-890980193
-803043859
-803043859
-803043859
-803043859
-803043859
-726919994
-675131344
-813470118
-660906767
-660906767
-617813230
-605190211
-574897538
-574897538
-783045045
-783045045
-667922579
-628586325
-574897538
-574897538
-574897538
-574897538
-574897538
-799193212
-799193212
-749172607
-749172607
-749172607
-699647204
-699647204
-689211984
-930337934
-673846246
-673846246
-574897538
-552638041
-552638041
-552638041
-552638041
-805869195
-701689238
-701689238
-701689238
-659687364
-616684072
-916540908
-916540908
-913593244
-963170590
-963170590
-963170590
-963170590
-891179507
-874439010
-874439010
-837280542
-814983617
-814983617
-787011404
-768890670
-768890670
-768890670
-768890670
-768890670
-768890670
-768890670
-959220353
-815707963
-815707963
-686636989
-654266742
-930588198
-616684072
-917973179
-785497545
-620163560
-620163560
-582240748
-582240748
-947106796
-947106796
-816540442
-730210842
-652094018
-552638041
-589703229
-549263977
-936385641
-549263977
-549263977
-765928174
-765928174
-765928174
-917466031
-917466031
-795012188
-795012188
-795012188
-795012188
-795012188
-731898096
-649877362
-649877362
-793208789
-754137375
-754137375
-545003079
-545003079
-545003079
-848859877
-545003079
-538170405
-616419208
-524960285
-524960285
-524960285
-524960285
-513529233
-510094914
-510094914
-510094914
-874032045
-509739333
-509633843
-509633843
-777650968
-503496514
-503496514
-503496514
-502692247
-502692247
-502692247
-702005028
-702005028
-702005028
-679792801
-652396070
-652396070
-613037582
-583343573
-583343573
-583343573
-555573801
-593622115
-502692247
-616461343
-716570769
-898319533
-734182706
-734182706
-838775955
-734182706
-734182706
-734182706
-734182706
-638123566
-738585761
-738585761
-738585761
-638123566
-565449706
-565449706
-563210981
-563210981
-563210981
-563210981
-558471685
-525750261
-678084244
-678084244
-678084244
-678084244
-501603590
-501603590
-500989408
-878284774
-878284774
-993407828
-869707858
-753054679
-656386869
-656386869
-698285970
-777333791
-777333791
-777333791
-777333791
-941145517
-941145517
-842460721
-777333791
-771491127
-622394824
-622394824
-622394824
-897952814
-974238384
-945889952
-945889952
-945889952
-945889952
-828600894
-828600894
-866609234
-828600894
-622394824
-622394824
-619480660
-588540101
-876578365
-876578365
-892319480
-531840981
-528572394
-521849721
-840369098
-771024085
-771024085
-771024085
-771024085
-771024085
-521849721
-545178115
-521849721
-521849721
-511791548
-511791548
-850449933
-608126039
-608126039
-608126039
-511791548
-498586451
-498586451
-498586451
-686958911
-686958911
-540853406
-540853406
-497781637
-859393923
-541252052
-914512494
-914512494
-914512494
-914512494
-914512494
-914512494
-541252052
-772061549
-772061549
-596489102
-596489102
-541252052
-541252052
-541252052
-497068483
-593351091
-593351091
-532494245
-532494245
-532494245
-532494245
-901853373
-901853373
-649877591
-649877591
-649877591
-649877591
-779587460
-496084813
-496084813
-777761911
-809289892
-809289892
-856047938
-816630041
-745019896
-745019896
-700200519
-700200519
-742870325
-965578803
-896520742
-896520742
-896520742
-862683318
-862683318
-845634764
-791335358
-791335358
-753805844
-753805844
-575976031
-924391607
-924391607
-924391607
-924391607
-924391607
-830148756
-667086325
-811594479
-667086325
-924220685
-924220685
-924220685
-924220685
-954376515
-954376515
-954376515
-924220685
-873404503
-873404503
-920749064
-828033912
-828033912
-819974407
-870095881
-870095881
-870095881
-979514995
-870095881
-862426255
-801050325
-801050325
-703151714
-773343212
-773343212
-659032851
-659032851
-676696155
-641290430
-641290430
-639121017
-630372405
-630372405
-899413025
-966659656
-630372405
-862071437
-721436085
-721436085
-758539890
-622998351
-622998351
-621141006
-702225862
-995560121
-995560121
-966065461
-756801199
-756801199
-608821642
-608821642
-593301368
-752371916
-794326086
-994842768
-752371916
-752371916
-752371916
-719920577
-719920577
-719920577
-719920577
-719920577
-697580502
-647205880
-953613885
-614418337
-977413581
-805164974
-805164974
-805164974
-805164974
-585485717
-845602098
-845602098
-845602098
-860558855
-860558855
-714858416
-749513917
-806519577
-806519577
-806519577
-585485717
-579819220
-579819220
-579819220
-964788218
-964788218
-879369788
-879369788
-879369788
-879369788
-879369788
-776605093
-776605093
-858191561
-858191561
-858191561
-814464322
-727614301
-925620124
-925620124
-925620124
-925620124
-865316592
-865316592
-813360827
-608904361
-608904361
-608904361
-914544095
-746482149
-746482149
-746482149
-704855076
-704855076
-673455241
-706407965
-952197807
-952197807
-955202873
-577600940
-577600940
-944845209
-944845209
-902876828
-925161847
-925161847
-925161847
-851913497
-990236327
-651750876
-694299969
