646289125
968079541
-572538806
-572538806
264266338
-690973156
-690973156
-690973156
-388027512
-292679068
-158992276
18409262
-113252767
-707194268
-374261164
-856645785
-856645785
-856645785
-856645785
-819247958
-881543590
-581788378
-581788378
-823455273
-470683215
-734251640
-734251640
-456523131
-456523131
-649537634
-994247343
-994247343
-994247343
-864589493
-864589493
-788337362
-833360168
-833360168
-991125088
-927292929
-812018800
-812018800
-812018800
-746025495
-746025495
-746025495
-803209066
-734568107
-608868130
-549028170
-549028170
-549028170
-549028170
-549028170
-549028170
-508650969
-498819549
-855473680
-416940547
-470436571
-389538972
-789272341
-856259802
-856259802
-816085253
-516384899
-481814996
-640933376
-640933376
-961526407
-800805273
-800805273
-749915480
-733093060
-733093060
-578191929
-542175337
-481814996
-373404648
-743942044
-743942044
-781433740
-781433740
-599640538
-599640538
-599640538
-599640538
-600337573
-599640538
-940779269
-487930477
-800784993
-800784993
-487930477
-906540054
-636717297
-636717297
-636717297
-953941782
-953941782
-953941782
-951005944
-827501240
-683760972
-683760972
-420731015
-420731015
-377334194
-377334194
-829000248
-829000248
-829000248
-377334194
-358790514
-358790514
-355027323
-355027323
-382752964
-789388675
-789388675
-728091321
-728091321
-694076100
-546118249
-382752964
-735696603
-735696603
-735696603
-376621783
-376621783
-758374313
-758374313
-970392476
-857263753
-857263753
-857263753
-857263753
-801793821
-691271569
-584559598
-550894118
-526346384
-526346384
-526346384
-526346384
-526346384
-526346384
-526346384
-516689187
-516689187
-504185384
-631267690
-504185384
-504185384
-500486185
-500486185
-500486185
-473912608
-473912608
-607629301
-454981792
-454981792
-454981792
-454981792
-898805995
-898805995
-657364069
-657364069
-976353738
-823001840
-823001840
-813709888
-813709888
-756228094
-850867706
-850867706
-756228094
-756228094
-756228094
-756228094
-567546132
-567546132
-567546132
-792412237
-890778717
-567546132
-487296173
-976466686
-976466686
-487296173
-556274428
-947325428
-556274428
-556274428
-556274428
-556274428
-554307733
-665900152
-519367806
-931121104
-931121104
-613369373
-519367806
-546394490
-956919749
-645569023
-546394490
-546394490
-519367806
-553627326
-441955246
-536046121
-536046121
-536046121
-401491903
-447112390
-909793761
-855415759
-710177070
-751220190
-751220190
-751220190
-883607324
-883607324
-883607324
-883607324
-883607324
-896034982
-896034982
-639141389
-809885801
-728184202
-902204314
-751360967
-689478304
-689478304
-689478304
-689478304
-679560494
-908707977
-908707977
-776764134
-776764134
-776764134
-776764134
-828045769
-828045769
-776764134
-919514754
-919514754
-919514754
-883122113
-883122113
-883122113
-707240860
-707240860
-707240860
-707240860
-707240860
-947083753
-947083753
-876331675
-707240860
-908702340
-908702340
-707240860
-706264191
-706264191
-706264191
-673261249
-695595963
-645042827
-639141389
-639141389
-912576187
-852786491
-852786491
-807999460
-600813490
-600813490
-957807744
-957807744
-936538026
-936538026
-936538026
-924130035
-905531492
-905531492
-905531492
-905531492
-905531492
-750082029
-992120808
-992120808
-946508233
-920195246
-689256728
-689256728
-689256728
-640567840
-640567840
-733050330
-733050330
-566052213
-561979053
-561979053
-561979053
-621285813
-561979053
-561979053
-943588071
-943588071
-554687799
-543825369
-789277463
-505987543
-496466909
-487191630
-487191630
-487191630
-487191630
-657291593
-477273478
-457442264
-457442264
-708918851
-831640297
-831640297
-766067133
-479458077
-912781323
-912781323
-791166464
-791166464
-791166464
-791166464
-671158417
-624815535
-624815535
-871026547
-871026547
-624815535
-834065400
-834065400
-834065400
-707621277
-498655581
-493966436
-436035085
-436035085
-762356658
-436035085
-436035085
-936314296
-890639388
-867638954
-401491903
-401491903
-399743605
-407807166
-429979241
-429979241
-650605306
-687842134
-787471497
-787471497
-518814831
-955112966
-783217857
-725340928
-725340928
-513452775
-861379941
-978832123
-978832123
-978832123
-978832123
-683868578
-525067641
-396790110
-989018219
-989018219
-980291943
-980291943
-980291943
-396790110
-396790110
-792770133
-737285263
-737285263
-737285263
-625491694
-625491694
-625491694
-523487236
-841850831
-377370689
-669994056
-998616834
-998616834
-998616834
-803048994
-803048994
-939256132
-939256132
-939256132
-803048994
-803048994
-751986248
-749787742
-669994056
-669994056
-924429569
-643317466
-643317466
-741925983
-746032313
-725641484
-950029478
-840527781
-840527781
-661861763
-661861763
-632095127
-632095127
-632095127
-632095127
-817625287
-817625287
-600700286
-609460043
-678126263
-678126263
-678126263
-552504738
-552504738
-552504738
-626603338
-521008535
-501562979
-623675210
-623675210
-501562979
-473987609
-472621286
-852905081
-852905081
-447366206
-699374185
-546530160
-934745210
-934745210
-934745210
-979824503
-934745210
-941950052
-941950052
-765307882
-939526841
-660078885
-599547972
-475708263
-907602726
-477997795
-636994104
-636994104
-608107389
-700363571
-700363571
-700363571
-700363571
-700363571
-700363571
-608107389
-608107389
-475708263
-463670120
-463670120
-980746197
-980746197
-968955193
-968955193
-968955193
-968955193
-566842127
-427066181
-420497552
-753716567
-515592490
-907667712
-908819184
-908819184
-908819184
-908819184
-903283307
-903283307
-766401858
-590555868
-431652688
-431652688
-402138234
-379546642
-799428317
-379546642
-719439857
-719439857
-976799762
-997119080
-663685396
-663685396
-663685396
-629882391
-884664514
-884664514
-511924542
-913832696
-913832696
-913832696
-841084512
-691304496
-802603812
-971166726
-802603812
-468819301
-701099112
-970762296
-701099112
-701099112
-866662841
-866662841
-866662841
-866662841
-834088835
-834088835
-701099112
-701099112
-718961516
-686013357
-686013357
-672118495
-613701091
-613701091
-613701091
-801258979
-525866605
-525866605
-689111362
-689111362
-525866605
-525866605
-525866605
-503136412
-534169385
-602947087
-602947087
-914341377
-611043779
-657051666
-715548876
-715548876
-715548876
-832908840
-832908840
-897921893
-818456969
-818456969
-818456969
-813913171
-813913171
-813913171
-813913171
-689405285
-689405285
-689405285
-689405285
-689405285
-689405285
-946912226
-992036152
-858646777
-762246692
-689405285
-689702786
-672190869
-612790452
-562575380
-560906929
-560906929
-560906929
-560906929
-541396524
-541396524
-541396524
-541396524
-971703940
-971703940
-815700432
-815700432
-581937222
-581937222
-581937222
-595539368
-724940532
-814910205
-724940532
-588794281
-977648076
-977648076
-995678005
-995678005
-696124402
-696124402
-662295988
-655073831
-675156186
-965258295
-965258295
-965258295
-965258295
-965258295
-675156186
-536339024
-529445615
-529445615
-933371187
-933371187
-975610467
-920281788
-936559402
-619464092
-763087718
-692002003
-656551268
-537264885
-537264885
-629938998
-629938998
-821541677
-553583161
-497363530
-497363530
-494837130
-910898016
-910898016
-910898016
-483491427
-483268254
-483268254
-483268254
-886589111
-476518441
-476518441
-476518441
-595270808
-595270808
-595270808
-595270808
-471003889
-868810980
-491677149
-491677149
-468819301
-468819301
-451194462
-451194462
-451194462
-581438242
-746668203
-746668203
-705465547
-931935886
-530944436
-530944436
-606042135
-873560065
-745710287
-655941224
-606042135
-606042135
-604163056
-578220527
-947470960
-947470960
-966644182
-966644182
-994277715
-959321619
-774483977
-774483977
-978633636
-920654179
-920654179
-907736777
-875337624
-860111902
-860111902
-689127553
-689127553
-672650040
-625745767
-669517026
-610599550
-610599550
-610599550
-713622074
-610599550
-610599550
-610599550
-610599550
-917931671
-917931671
-999746061
-839196188
-839196188
-970385003
-970385003
-899721401
-899721401
-899721401
-899721401
-866849724
-593466150
-593466150
-887611145
-887611145
-931826140
-931826140
-931826140
-887611145
-887611145
-838388188
-838388188
-838388188
-926272101
-889398264
-889398264
-882471118
-882471118
-752462883
-752462883
-896772977
-974307287
-896772977
-762626096
-898561841
-733397391
-733397391
-733397391
-733397391
-731950225
-731950225
-731950225
-724133087
-651711017
-651711017
-616441094
-672815674
-615860439
-935400728
-935400728
-935400728
-637296947
-615860439
-599393593
-935857072
-935857072
-775494704
-843620152
-843620152
-790646542
-836221184
-836221184
-836221184
-836221184
-836221184
-790646542
-790646542
-999860222
-980416730
-980416730
-980416730
-980416730
-866848089
-866848089
-726653948
-726653948
-667137971
-667137971
-661317128
-636362227
-636362227
-608529727
-596007586
-948911065
-948911065
-948911065
-984183493
-921969498
-594665514
-594665514
-594665514
-591862872
-579736824
-579736824
-777745016
-630781466
-572375854
-569830743
-735200345
-875635867
-621052355
-579329907
-567612702
-564917338
-564215044
-564215044
-577929696
-583222293
-576644582
-582921456
-559924666
-559924666
-559924666
-559924666
-553940363
-843213870
-865363061
-865363061
-865363061
-843213870
-552772998
-950017096
-552228211
-898393419
-987437255
-550886908
-815636843
-815636843
-550886908
-707168627
-791102067
-598926165
-787836874
-787836874
-550886908
-769924697
-550886908
-814680903
-814680903
-814680903
-814680903
-814680903
-814680903
-922435346
-814680903
-814680903
-705464175
-705464175
-677685798
-885194498
-849178000
-849178000
-849178000
-677685798
-597346773
-885233794
-724984429
-724984429
-724984429
-565050252
-561226130
-561226130
-965823228
-831468671
-715505438
-715505438
-593927294
-866873497
-561226130
-561226130
-561226130
-550245614
-743314279
-743314279
-880240827
-986613477
-986613477
-880240827
-840964217
-680778982
-996887373
-970624796
-880861033
-880861033
-880861033
-689297822
-893223197
-893223197
-893223197
-689297822
-708195304
-971214310
-971214310
-900643726
-761853519
-761853519
-938505408
-938505408
-931684329
-767348920
-878067580
-681282598
-622020197
-874822409
-604979620
-599819193
-589735489
-850131913
-797499000
-797499000
-797499000
-553130455
-553130455
-550245614
-549230121
-984896920
-538714916
-954593907
-529228664
-528226759
-528226759
-528226759
-528226759
-842616852
-528158356
-842185111
-959667691
-959667691
-520919532
-520919532
-872846376
-520919532
-515014311
-515014311
-515014311
-515014311
-515014311
-899744952
-543104643
-543104643
-821984145
-821984145
-651944917
-946642784
-946642784
-946642784
-509525705
-851503466
-896338933
-837230296
-751386801
-751386801
-863590347
-780694320
-780694320
-751386801
-740985585
-705363328
-705363328
-594108639
-795181163
-750816196
-980750611
-980750611
-980750611
-865661353
-810919927
-699101941
-690463121
-566734420
-552090298
-505204045
-505204045
-503816015
-502999084
-502802955
-499949115
-893235667
-893235667
-499949115
-714628102
-714628102
-714628102
-499621887
-494726180
-494726180
-494726180
-494726180
-488887896
-488317171
-938992050
-870155032
-485317815
-869080073
-869080073
-869080073
-869080073
-783464692
-645836320
-645836320
-606730764
-596727035
-596727035
-803604150
-803604150
-803604150
-803604150
-891175688
-891175688
-891175688
-540079363
-540079363
-750113783
-750113783
-884898916
-540079363
-540079363
-540079363
-597483923
-515915238
-838412785
-515915238
-801574978
-801574978
-801574978
-814734457
-796405395
-796405395
-894072940
-911321364
-894072940
-894072940
-874067961
-849246263
-849246263
-849246263
-882937733
-882937733
-882937733
-665899648
-665899648
-665899648
-665899648
-665899648
-512408145
-625133396
-512408145
-755950941
-603924077
-901575048
-935704097
-603924077
-807334084
-565762320
-565762320
-936334481
-936334481
-936334481
-936334481
-565762320
-565762320
-565762320
-565762320
-565762320
-565762320
-565762320
-879258258
-879258258
-499449467
-637567235
-637567235
-550399273
-550399273
-550399273
-550399273
-550399273
-550399273
-912620037
-912620037
-510027197
-510027197
-526828604
-526828604
-526828604
-510027197
-510027197
-927345694
-927345694
-485244944
-626823712
-918045508
-952206535
-952206535
-712359048
-757035112
-757035112
-757035112
-757035112
-757035112
-757035112
-842896202
-842896202
-757035112
-757035112
-757035112
-863003545
-757035112
-730701264
-722672817
-666663349
-635802619
-559275326
-559275326
-791198999
-583707442
-925494774
-640699031
-640699031
-640699031
-593360960
-593360960
-745974795
-734945737
-734945737
-734945737
-665533658
-760572312
-665533658
-616002758
-616002758
-616002758
-616002758
-616002758
-712891517
-712891517
-900686488
-616002758
-848441225
-848441225
-848441225
-593360960
-700621304
-741923653
-542573308
-482471787
-482471787
-482471787
-858304361
-879398047
-867514920
-941897453
-941897453
-941897453
-941897453
-941897453
-792791610
-792791610
-768961927
-768961927
-768961927
-768961927
-751722363
-665195428
-665195428
-665195428
-665195428
-635902310
-871232237
-797608813
-672469141
-562657776
-562657776
-562657776
-562657776
-664061702
-664061702
-565317184
-565317184
-627370034
-627370034
-736640231
-548715646
-527728824
-741784955
-542511276
-542511276
-824311999
-516471609
-707027893
-957691576
-850619652
-516396485
-945695602
-581039618
-581039618
-867954739
-867954739
-867954739
-867954739
-591749843
-581039618
-581039618
-581039618
-561071852
-561071852
-561071852
-599212100
-599212100
-774251292
-558987238
-558987238
-533974820
-523011670
-523011670
-748776805
-748776805
-520328793
-520328793
-520328793
-711686222
-863958224
-863958224
-863958224
-863958224
-863958224
-929898431
-929898431
-989592901
-788225307
-788225307
-800276769
-800276769
-800276769
-718921803
-718921803
-712968466
-662316992
-662316992
-602112917
-687987452
-608498039
-608498039
-974535522
-974535522
-974535522
-913324313
-627184792
-741992651
-741992651
-741992651
-977520941
-977520941
-977520941
-711225322
-711225322
-711225322
-644032752
-634311587
-608498039
-608498039
-947184367
-947184367
-596541011
-590864567
-590864567
-819149956
-819149956
-951108889
-951108889
-785472838
-882170687
-979304751
-716080600
-980944203
-716080600
-715264251
-715264251
-676934289
-702576919
-702164691
-702164691
-766576790
-702164691
-702164691
-674430948
-904713879
-737499733
-737499733
-737499733
-608160952
-608160952
-627447774
-627447774
-627447774
-627447774
-987859554
-987859554
-987859554
-987859554
-673437728
-665667505
-618573768
-875754997
-875754997
-875754997
-608160952
-603750150
-726692123
-726692123
-734712089
-734712089
-656149380
-656149380
-656149380
-656149380
-780180465
-651617438
-651617438
-987951618
-818344747
-779898904
-603750150
-734852526
-842184696
-842184696
-842184696
-842184696
-842184696
-963892920
-621630830
-621630830
-597019138
-594769632
-594769632
-787994233
-787994233
-971633391
-971633391
-971633391
-787994233
-787994233
-990093125
-990093125
-990093125
-981114426
-944275049
-944275049
-787994233
-758927088
-758927088
-758927088
-758927088
-758927088
-883228248
-883228248
-883228248
-792335582
-986801391
-829738198
-930006831
-930006831
-792335582
-747957123
-747957123
-747957123
-743149022
-706159966
-998511939
-998511939
-891513154
-689338195
-619935989
-618854315
-904034784
-748173384
-748173384
-748173384
-748173384
-618854315
-618854315
-618854315
-601066328
-600235104
-939859471
-590630535
-590630535
-583837163
-583837163
-580410872
-927946337
-788248027
-868821942
-572419498
-717246006
-717246006
-572419498
-570720089
-570720089
-657837551
-657837551
-887343277
-567236866
-567236866
-567236866
-845976952
-845976952
-919972058
-919972058
-919972058
-883551828
-883551828
-883551828
-883551828
-639951128
-639951128
-561951804
-561951804
-560461894
-560461894
-555663287
-555530155
-812454681
-812454681
-812454681
-812454681
-729285221
-729285221
-673449984
-673449984
-672504095
-660751578
-660751578
-605180792
-597433312
-954517773
-954517773
-597433312
-597433312
-597433312
-814149639
-814149639
-814149639
-992580199
-992580199
-992580199
-992580199
-992580199
-992580199
-992580199
-859235957
-774453250
-759679048
-599918228
-599918228
-560344929
-560344929
-560344929
-560344929
-560344929
-560344929
-551001744
-548201879
-545509310
-545509310
-545509310
-977363360
-542396892
-542396892
-840179018
-529965668
-633465125
-525710907
-525710907
-524231944
-524231944
-524231944
-737991014
-737991014
-737991014
-743374774
-726490040
-726490040
-582781369
-586341710
-971891466
-971891466
-933049172
-933049172
-884097040
-878933534
-878933534
-878933534
-878933534
-762156005
-736503723
-918962919
-918962919
-975327462
-744014401
-744014401
-744014401
-744014401
-744014401
-993864046
-712458550
-687473949
-951309388
-951309388
-951309388
-776034294
-766735751
-675156773
-675156773
-675156773
-675156773
-675156773
-637279705
-637279705
-637279705
-637279705
-637279705
-637279705
-790425738
-790425738
-968071788
-968071788
-900793700
-790425738
-782051881
-987211615
-987211615
-888964053
-888964053
-888964053
-888964053
-888964053
-888964053
-888964053
-858040264
-858040264
-858040264
-713968125
-694200332
-680720723
-680720723
-680720723
-678624480
-663858058
-663858058
-659311658
-659311658
-963263978
-632887188
-743285429
-619558003
-619558003
-589898018
-760822766
-760822766
-692537659
-696198986
-699922075
-696198986
-919655961
-914663713
-905409264
-896640386
-778235458
-720480327
-545607209
-545607209
-545233250
-541382350
-541382350
-969236563
-969236563
-901567514
-901567514
-722771943
-541382350
-541382350
-541382350
-529954897
-817918449
-817918449
-521904376
-988381199
-518964335
-601702743
-919443814
-512851613
-512851613
-512039601
-512039601
-512039601
-954366909
-829411440
-740764758
-782861492
-782861492
-782861492
-876989295
-790930468
-748922556
-605044274
-605044274
-789119662
-789119662
-789119662
-605044274
-605044274
-882559218
-882559218
-882559218
-882559218
-729167764
-741330301
-824109879
-824109879
-824109879
-901581009
-718112687
-815097201
-909490364
-909490364
-909490364
-763702915
-763702915
-704568984
-704568984
-670901630
-665414920
-592077409
-583723192
-583723192
-966701397
-966701397
-966701397
-966701397
-950388466
-967869670
-967869670
-950388466
-950388466
-769559662
-754006085
-754006085
-977197816
-977197816
-977197816
-911332926
-693064018
-959556312
-809777284
-693064018
-693064018
-693064018
-693064018
-997918102
-867590157
-850433866
-850433866
-850433866
-850433866
-850433866
-694339753
-694339753
-694339753
-694339753
-694339753
-760745535
-760745535
-760745535
-693064018
-965729657
-965729657
-955914680
-955914680
-954661338
-923103858
-923103858
-923103858
-923103858
-801525594
-801525594
-797562275
-797562275
-797562275
-797562275
-753018699
-753018699
-737231871
-729888299
-972194328
-794543828
-722099889
-722099889
-974030590
-974030590
-974030590
-974030590
-974030590
-974030590
-974030590
-974030590
-722099889
-720747039
-916354567
-836785491
-676006948
-676006948
-671045996
-894084864
-666530300
-666530300
-645939140
-632640564
-628678008
-628678008
-619160077
-619160077
-631609579
-631609579
-616717753
-583723192
-973336235
-693252636
-693252636
-868838545
-786090623
-890488933
-890488933
-890488933
-890488933
-890488933
-906762904
-890488933
-890488933
-786090623
-877923983
-714928132
-714928132
-714928132
-649723744
-649723744
-649723744
-642403380
-870960133
-806324123
-806324123
-806324123
-608437659
-608437659
-675767680
-679789079
-623315448
-623315448
-594691933
-565895507
-559319910
-577442871
-555120986
-555120986
-548327819
-539695443
-539695443
-528087043
-975622406
-970185903
-524296173
-990481869
-990481869
-520778102
-517707273
-517707273
-517707273
-885213035
-824098933
-824098933
-824098933
-718736769
-860399300
-860399300
-575214436
-648829159
-575214436
-575214436
-575214436
-917835303
-848538737
-848538737
-575214436
-575214436
-575214436
-717730530
-717730530
-652999724
-981171327
-981171327
-669178310
-668409456
-668409456
-534838770
-517707273
-517707273
-517707273
-782508196
-782508196
-782508196
-936324506
-520638392
-694672884
-661268403
-661268403
-731127997
-511389799
-511389799
-928909148
-819401774
-504607738
-906946335
-906946335
-709661694
-709661694
-504379839
-504379839
-977198243
-977198243
-502815876
-499214964
-940751238
-496729900
-496729900
-493246120
-937025037
-937025037
-498050032
-498050032
-498050032
-498050032
-585346142
-585346142
-864977195
-864977195
-864977195
-840048814
-840048814
-498050032
-847588837
-777376805
-492742214
-487435327
-486869426
-486869426
-790661877
-769902209
-485267192
-485267192
-973130772
-973130772
-973130772
-856552044
-943075012
-589119112
-988335883
-988335883
-886362459
-542085124
-684564829
-684564829
-684564829
-573552274
-794210832
-573552274
-770416135
-770416135
-770416135
-882644174
-782495803
-573552274
-861260050
-625725031
-625725031
-961410342
-989879873
-989879873
-989879873
-799710615
-799710615
-746755119
-481250343
-481250343
-481250343
-962426956
-962426956
-962426956
-962426956
-481250343
-481250343
-479755541
-479755541
-479180137
-477103168
-477103168
-532730308
-477103168
-477103168
-598742664
-598742664
-598742664
-498050908
-477103168
-799036242
-477103168
-881725801
-881725801
-479767229
-479767229
-479767229
-479767229
-512729279
-479767229
-698846853
-684988901
-684988901
-684988901
-840364850
-840364850
-840364850
-840364850
-840364850
-840364850
-570834106
-479767229
-479767229
-516173556
-516173556
-516173556
-477103168
-477103168
-476971338
-476971338
-476971338
-476939910
-476671604
-476671604
-473328256
-472307491
-982350910
-609532746
-896471596
-679256801
-679256801
-747888098
-679256801
-676116146
-676116146
-660659706
-660659706
-670251833
-654911082
-654911082
-654911082
-697906075
-953953562
-953953562
-953953562
-953953562
-638875166
-772890582
-772890582
-772890582
-956911893
-572854486
-770142146
-788749881
-770142146
-944783888
-549008496
-549008496
-549008496
-549008496
-545675600
-545675600
-529420668
-850659578
-526853467
-919995248
-917771305
-917771305
-917771305
-917771305
-834855553
-706749804
-953850862
-660792681
-660792681
-785167707
-604004528
-978375873
-827729251
-999149207
-999149207
-763515051
-779610909
-772693447
-730023405
-693188309
-693188309
-651867585
-604004528
-567307438
-689494443
-689494443
-689494443
-689494443
-689494443
-689494443
-689494443
-610061056
-610061056
-610061056
-562556617
-559674892
-559674892
-905614058
-536625620
-522519533
-514690955
-514690955
-596236456
-656686765
-656686765
-756658153
-756658153
-756658153
-813953485
-813953485
-813953485
-756658153
-756658153
-897268418
-897268418
-622793459
-796368895
-796368895
-796368895
-796368895
-796368895
-796368895
-796368895
-796368895
-796368895
-791331551
-791331551
-791331551
-791331551
-725154228
-725154228
-725154228
-725154228
-725154228
-725154228
-725154228
-725154228
-665793048
-758889066
-758889066
-758889066
-689545080
-689545080
-665793048
-665793048
-834232712
-665793048
-652180122
-634556421
-633261747
-633261747
-622793459
-596236456
-596236456
-596236456
-596236456
-889548234
-571655775
-855276607
-725730361
-553074261
-766866564
-766866564
-766866564
-564746070
-564746070
-868407191
-553074261
-553074261
-948470477
-948470477
-948470477
-710212689
-688866111
-663953049
-628446483
-628446483
-886402591
-628446483
-592282734
-592282734
-729437269
-688198011
-688198011
-688198011
-673751732
-673751732
-682732961
-682732961
-682732961
-673751732
-922553724
-673751732
-685762380
-544622345
-991362653
-991362653
-991362653
-527168300
-514690955
-897402152
-565577694
-639525241
-639525241
-510410183
-505856815
-505856815
-944556820
-504930421
-947985428
-504398737
-709186655
-504398737
-504398737
-980773473
-500119047
-500119047
-498732229
-853393550
-853393550
-498732229
-686716655
-686716655
-686716655
-495572075
-495572075
-495572075
-537344186
-495572075
-495572075
-494543362
-494543362
-494543362
-727627122
-935901097
-935901097
-935901097
-935901097
-935901097
-493014567
-692754880
-473328576
-472307491
-472281831
-958687921
-612259373
-768753797
-768753797
-768753797
-768753797
-768753797
-768753797
-768753797
-566781375
-558096261
-558096261
-518891694
-488062186
-861591573
-861591573
-861591573
-861591573
-783179565
-783179565
-769062822
-769062822
-761217976
-761217976
-593707524
-593707524
-593707524
-870131980
-870131980
-870131980
-870131980
-983009332
-924796542
-486548454
-865982527
-865982527
-886447960
-757294028
-772654979
-772654979
-772654979
-772654979
-772654979
-743190247
-743190247
-676623150
-745028300
-517183355
-730447468
-692493012
-478149319
-917725936
-951009816
-917725936
-917725936
-805522604
-873807625
-873807625
-873807625
-783459493
-814716723
-814716723
-661704862
-623445132
-623445132
-623445132
-478149319
-915377019
-759193906
-647440972
-647440972
-647440972
-838278052
-938554780
-838278052
-838278052
-507343192
-507343192
-507343192
-803843155
-467069125
-904579077
-465799176
-999351809
-875706555
-928109288
-814744870
-814744870
-814744870
-814744870
-747359825
-747359825
-933653557
-747359825
-747359825
-747359825
-986137412
-986137412
-747359825
-747359825
-747359825
-868586118
-965938973
-752210694
-752210694
-957910261
-752210694
-996218944
-752210694
-747359825
-747359825
-953439014
-704039324
-704039324
-634309077
-630580605
-630580605
-630580605
-624448382
-624448382
-518867390
-492882523
-597638163
-479678613
-479678613
-462106177
-462106177
-462106177
-462106177
-462106177
-987380359
-800942150
-618392875
-610499145
-900887557
-900887557
-610499145
-848859244
-848859244
-848859244
-781593201
-625489167
-508237905
-508237905
-508237905
-508237905
-475640592
-858387673
-858387673
-858387673
-460051390
-960262166
-960262166
-960262166
-960262166
-824988021
-968830074
-824988021
-824988021
-824988021
-812791386
-881324470
-731359796
-731359796
-689310486
-689310486
-949735016
-901961623
-689310486
-573732469
-460051390
-459908935
-459908935
-459908935
-458335388
-458335388
-467161357
-467161357
-711078264
-711078264
-711078264
-873364759
-873364759
-959360537
-755641196
-922881998
-568553075
-556256612
-767939745
-767939745
-767939745
-799582166
-799582166
-799582166
-799582166
-799582166
-799582166
-799582166
-799582166
-799582166
-721662616
-717095347
-717095347
-717095347
-717095347
-717095347
-457240806
-822438950
-762353428
-762353428
-762353428
-762353428
-762353428
-457240806
-457240806
-457240806
-457240806
-457240806
-889742867
-879438639
-879438639
-879438639
-879438639
-879438639
-879438639
-701260057
-623400366
-762933037
-762933037
-457106582
-933989729
-841284604
-841284604
-838068110
-682035232
-675705886
-853881573
-872528027
-675705886
-675705886
-672987312
-656908192
-628262928
-702505153
-702505153
-938048251
-938048251
-676770513
-676770513
-676770513
-676770513
-676770513
-589020271
-969366934
-926940248
-582280605
-582280605
-582280605
-685153501
-685153501
-685153501
-685153501
-685153501
-542779687
-576155876
-500654099
-979240737
-536121232
-536121232
-536121232
-804703192
-536121232
-999322713
-999322713
-911951768
-911951768
-477900940
-982057058
-982057058
-982057058
-982057058
-982057058
-950229610
-950229610
-950229610
-950229610
-981251288
-981251288
-858822903
-858822903
-803583745
-803583745
-803583745
-771914287
-696710236
-684807921
-684807921
-684807921
-684807921
-684807921
-684807921
-707046754
-636559461
-636559461
-636559461
-636559461
-636559461
-636559461
-636559461
-636559461
-656722323
-656722323
-996473616
-996473616
-996473616
-996473616
-996473616
-952380349
-952380349
-952380349
-878129245
-835797879
-915173314
-835797879
-835797879
-784618330
-774197291
-677383092
-656722323
-652829098
-638903249
-628820464
-567103617
-567103617
-549380071
-539268862
-529324623
-819884076
-819884076
-819884076
-933159404
-524357678
-523933091
-523933091
-960899144
-502097942
-502097942
-874259607
-591717269
-591717269
-591717269
-591717269
-866253678
-731864192
-731864192
-499557446
-499557446
-670879746
-670879746
-670879746
-670879746
-670879746
-670879746
-493430994
-493430994
-848724809
-997779192
-997779192
-871777465
-701906056
-648825438
-776049676
-776049676
-890976473
-604312370
-983459937
-831501138
-605670666
-604312370
-673753824
-673753824
-673753824
-604312370
-604312370
-956546750
-956546750
-812867785
-901109676
-901109676
-901109676
-900116004
-995078285
-995078285
-995078285
-900116004
-886681713
-910175718
-910175718
-900922555
-886681713
-903698690
-903698690
-903698690
-903698690
-741241142
-741241142
-669211655
-638866664
-626024300
-610978605
-922937487
-554168574
-505320774
-948333135
-949884811
-949884811
-949884811
-949884811
-980439257
-822638935
-822638935
-822638935
-574970597
-625547448
-882387450
-882387450
-738162453
-738162453
-936158348
-936158348
-936158348
-936158348
-738162453
-738162453
-625547448
-615945950
-861682955
-978963414
-978963414
-978963414
-978963414
-978963414
-674062799
-674062799
-540277031
-928922460
-701311000
-701311000
-701311000
-625196558
-625196558
-625196558
-625196558
-625196558
-726026640
-540277031
-540277031
-505320774
-505320774
-503131043
-499936739
-488891595
-483355338
-546164925
-641378864
-552549047
-552549047
-848133395
-843749368
-548845862
-731567000
-987269986
-770623495
-770623495
-795596861
-795596861
-795423604
-548845862
-547997040
-735689856
-735689856
-735689856
-735689856
-623513250
-614056317
-614056317
-614056317
-889210885
-805440046
-888621939
-776822017
-708293944
-708293944
-708293944
-708293944
-614056317
-989186546
-994043399
-989186546
-989186546
-858406628
-858406628
-812318080
-812318080
-655643830
-562169933
-768190375
-768190375
-993578049
-993578049
-993578049
-861190295
-768190375
-768190375
-755146616
-674764811
-674764811
-633983661
-633983661
-546164925
-535706279
-754840645
-754840645
-535706279
-534278573
-630602534
-982483210
-577986623
-667489192
-667489192
-667489192
-667489192
-667489192
-925496423
-925496423
-667489192
-853377294
-853377294
-853377294
-706469810
-967644064
-967644064
-967644064
-577986623
-577986623
-566448770
-925558301
-925558301
-702132971
-815533102
-815533102
-899111279
-899111279
-670247126
-572149446
-678058065
-840089766
-566448770
-566448770
-545481719
-877402251
-816781903
-816781903
-546876172
-546876172
-938065587
-833722754
-833722754
-833722754
-628689260
-771852501
-771852501
-545481719
-545481719
-883619865
-540994329
-747305051
-537110277
-537110277
-973602213
-817088706
-630397290
-630397290
-601727954
-895723276
-895723276
-716315414
-613413381
-613413381
-987899588
-531630199
-531630199
-847474500
-847474500
-847474500
-872416183
-872416183
-518248307
-513453034
-513371501
-513322445
-786170038
-906053126
-906053126
-906053126
-906053126
-957031810
-957031810
-957031810
-887491527
-887491527
-884758620
-884758620
-884758620
-836895036
-836895036
-803716656
-803716656
-788961413
-737199394
-714700973
-712870228
-712870228
-712870228
-712870228
-712870228
-712870228
-698403869
-949285966
-539935178
-979347088
-813104015
-616393372
-604047083
-604047083
-536299822
-589279745
-616957767
-616957767
-599000096
-572565644
-516725965
-953285217
-953285217
-588725079
-667963663
-667963663
-824375315
-824375315
-693752797
-738376207
-746731621
-746731621
-978644824
-667963663
-619530458
-840041138
-696970783
-810949440
-810949440
-810949440
-810949440
-834437677
-834437677
-874925512
-976608958
-976608958
-976608958
-976608958
-774501175
-774501175
-774501175
-741411977
-917992854
-890737066
-885351933
-878928323
-878928323
-857530346
-734315651
-734315651
-734315651
-731097579
-731097579
-905753451
-731097579
-731097579
-731097579
-713189597
-711978439
-696970783
-696970783
-696970783
-769647621
-769647621
-769647621
-688283532
-986309629
-986309629
-620033713
-620033713
-619530458
-725484156
-612897909
-674391115
-674391115
-608246242
-608246242
-608246242
-608246242
-916920128
-916920128
-916920128
-844221171
-844221171
-706855298
-756948127
-938707001
-809875882
-809875882
-809875882
-851413849
-851413849
-851413849
-851413849
-810652601
-810652601
-809875882
-756948127
-751272072
-751272072
-960587233
-757530748
-676740741
-676740741
-676740741
-676740741
-624966913
-624966913
-624966913
-615551499
-615551499
-615551499
-615551499
-703229371
-833437845
-878503750
-878503750
-878503750
-878503750
-878503750
-779776466
-779776466
-769327602
-591052355
-591052355
-834520329
-930744177
-930744177
-834520329
-834520329
-942754946
-942754946
-591052355
-907990303
-589070247
-589070247
-589070247
-989640052
-588725079
-716046132
-766271437
-766271437
-579890875
-574132636
-571420390
-816858826
-816858826
-571420390
-571420390
-754031309
-754031309
-739983574
-739983574
-832945298
-832945298
-832945298
-739983574
-739983574
-668677108
-668677108
-652372055
-998949659
-652372055
-611636835
-611636835
-566582075
-564289799
-982901538
-982901538
-982901538
-982901538
-982901538
-815545617
-815545617
-815545617
-559725597
-554179398
-554179398
-548309750
-548309750
-548309750
-547384529
-547384529
-540802433
-540802433
-670274585
-961432158
-961432158
-789077596
-789077596
-771119101
-602868899
-540802433
-538918964
-538918964
-521203952
-618833861
-618833861
-618833861
-618833861
-611626121
-611626121
-674350219
-674350219
-674350219
-674350219
-955294942
-955294942
-978375959
-978375959
-978375959
-978375959
-674350219
-674350219
-674350219
-821169356
-670386206
-645699414
-645699414
-645699414
-639983020
-639983020
-566550393
-566550393
-510271714
-909084297
-909084297
-909084297
-968571161
-844906046
-844906046
-494716651
-990187663
-739815197
-994931512
-493744766
-807383663
-790219235
-959552476
-790219235
-919252833
-919252833
-929286785
-954940415
-695211325
-695211325
-920540729
-920540729
-920540729
-864819827
-864819827
-864819827
-864819827
-864819827
-845768030
-753531785
-753531785
-812419202
-847197743
-687939274
