-58600908
-58600908
-58600908
-887281932
-887281932
-887281932
-750448571
-750448571
-512413665
-512413665
-512413665
-992466705
-992466705
-992466705
-992466705
-992466705
-992466705
-534719255
-878928345
-534719255
-534719255
-534719255
-965485568
-965485568
-965485568
-965485568
-965485568
-965485568
-844163632
-844163632
-844163632
-844163632
-776482422
-772972977
-772972977
-772972977
-566453025
-566453025
-919897425
-919897425
-919897425
-919897425
-919897425
-898376719
-898376719
-898376719
-813308915
-813308915
-813308915
-813308915
-776458194
-776458194
-730143201
-595213827
-928792703
-928792703
-735889254
-735889254
-735889254
-669050349
-645200898
-645200898
-706317404
-645200898
-732351398
-645200898
-632350392
-869512304
-869512304
-965018808
-965018808
-793459255
-623150154
-623150154
-613450294
-863418249
-613450294
-594985904
-941022933
-838939024
-567518030
-567518030
-559103467
-979783765
-611922435
-559103467
-924063618
-924063618
-924063618
-924063618
-922409682
-922409682
-897047310
-897047310
-921099231
-591542080
-552214421
-550132917
-663186036
-663186036
-645716062
-898061542
-948640322
-533147778
-853799861
-793309522
-512413665
-512413665
-512413665
-557818667
-557818667
-857332877
-935030387
-972131303
-972131303
-841842821
-557818667
-512413665
-741332994
-741332994
-741332994
-618892589
-583006126
-572948084
-718615200
-718615200
-947724849
-947724849
-572948084
-572948084
-792004254
-716049321
-906541062
-732800393
-582177183
-863935132
-863935132
-863935132
-863935132
-818745270
-818745270
-514542560
-863983660
-863983660
-514542560
-514542560
-514542560
-514542560
-514542560
-480836439
-480836439
-480836439
-680251512
-871123855
-721218870
-721218870
-721218870
-480836439
-480836439
-480836439
-471554106
-471554106
-918779699
-747108490
-457025418
-427428639
-427428639
-927863946
-381453101
-381453101
-381453101
-381453101
-377237847
-367845019
-599992386
-364179552
-364179552
-357222779
-968089295
-968089295
-968089295
-901086779
-901086779
-901086779
-999610029
-999610029
-940416719
-986495628
-986495628
-940416719
-885114905
-899266968
-952705232
-899266968
-886882867
-885114905
-885114905
-885114905
-977277125
-977277125
-977277125
-977277125
-870628293
-762605236
-641614947
-592350661
-871643767
-843631884
-843631884
-592350661
-583812429
-583812429
-583812429
-583812429
-583812429
-583812429
-876260916
-579630577
-490330127
-488269291
-488269291
-469007874
-469007874
-989371096
-594116617
-740499985
-740499985
-894616766
-880852885
-880852885
-805170089
-927808183
-676581504
-676581504
-979767793
-676581504
-676581504
-897549908
-897549908
-928990921
-704262317
-612986311
-612986311
-612986311
-990747311
-990747311
-990747311
-990747311
-990747311
-961522283
-961522283
-961522283
-961522283
-961522283
-931495953
-931495953
-868608711
-868608711
-868608711
-979745589
-979745589
-800532259
-953864976
-817762390
-817762390
-775162508
-775162508
-775162508
-706423836
-706423836
-609163801
-924116376
-757814492
-757814492
-757814492
-757814492
-595565232
-850874126
-989738613
-989738613
-989738613
-977488525
-977488525
-948906102
-835540601
-794036028
-743747320
-707017980
-707017980
-682392700
-663027476
-837333816
-837333816
-663027476
-663027476
-663027476
-663027476
-610597342
-610597342
-610597342
-610597342
-602768293
-602768293
-602768293
-602768293
-845346347
-854877279
-854877279
-854877279
-854877279
-854877279
-854877279
-641207910
-641207910
-595565232
-999353774
-999353774
-999353774
-999353774
-999353774
-999353774
-999353774
-882209251
-882209251
-710503624
-870802739
-517706291
-517706291
-513940104
-513940104
-523900699
-790380155
-790380155
-532401359
-668073299
-513940104
-550697231
-610439762
-610439762
-550697231
-513940104
-513379849
-513379849
-894300930
-894300930
-894300930
-894300930
-894300930
-853556427
-853556427
-853556427
-853556427
-967501291
-744164165
-744164165
-687267837
-687267837
-687267837
-685223401
-685223401
-685223401
-685223401
-685223401
-685223401
-685223401
-646421232
-646421232
-829904686
-829904686
-829904686
-829904686
-646421232
-646421232
-973466015
-973466015
-973466015
-973466015
-973466015
-634667066
-848899822
-733044556
-640999312
-640999312
-750646075
-750646075
-874965150
-874965150
-874965150
-874965150
-618446791
-618446791
-618446791
-617875807
-617875807
-587012072
-587012072
-587012072
-587012072
-576668786
-865684967
-910059688
-768453589
-768453589
-750609127
-750609127
-675492751
-661509895
-661509895
-886651151
-886651151
-780608047
-780608047
-753339888
-753339888
-957609803
-957609803
-957609803
-738378041
-773450951
-698038137
-820941920
-820941920
-709651039
-709651039
-709651039
-709651039
-913652742
-760465766
-846963569
-760465766
-741703221
-723711346
-665661854
-665661854
-642729118
-899139545
-621375240
-621375240
-960759455
-774271288
-774271288
-774271288
-607557114
-607557114
-607557114
-931926465
-639872061
-639872061
-639872061
-639872061
-639872061
-946576065
-840995823
-590755651
-862979606
-862979606
-862979606
-939232858
-939232858
-780917282
-780917282
-750553256
-590755651
-962007272
-962007272
-823824088
-823824088
-823824088
-735542532
-735542532
-705126271
-838958278
-838958278
-838958278
-781700240
-781700240
-705126271
-705126271
-705126271
-682094027
-695857341
-650952252
-650952252
-589138168
-711089745
-711089745
-755973160
-755973160
-711089745
-711089745
-901224793
-901224793
-901224793
-901224793
-813127574
-813127574
-711089745
-693385736
-971817145
-971817145
-690208603
-690208603
-613834234
-963673477
-613834234
-915699732
-613834234
-589138168
-589138168
-782940360
-782940360
-782940360
-782940360
-849694220
-849694220
-997388181
-563068158
-974777674
-974777674
-974777674
-974777674
-974777674
-974777674
-974777674
-974777674
-765283170
-852574252
-852574252
-852574252
-705828883
-871243456
-871243456
-678318469
-581479028
-581479028
-550758266
-978638612
-540229517
-540229517
-540229517
-538199415
-537202101
-527991933
-527991933
-527991933
-525265973
-525265973
-525265973
-525265973
-525138158
-525138158
-525138158
-525138158
-525138158
-548442904
-525138158
-525138158
-521152649
-519750335
-519750335
-519750335
-519750335
-524325608
-524325608
-524325608
-524325608
-513379849
-974491011
-964007644
-964007644
-808679572
-808679572
-743310158
-719684334
-719684334
-533135173
-513379849
-824438501
-966720676
-839581162
-823814971
-512999940
-512999940
-511176962
-511176962
-866920575
-866920575
-885262245
-885262245
-885262245
-885262245
-885262245
-885262245
-866920575
-866920575
-693030213
-966555059
-966555059
-966555059
-966555059
-966555059
-926558950
-926558950
-886798688
-886798688
-809046804
-997994477
-997994477
-693030213
-947088652
-947088652
-947088652
-947088652
-947088652
-838380011
-823712728
-766894609
-766894609
-972928850
-972928850
-693030213
-693030213
-684495361
-684495361
-684495361
-684495361
-684495361
-677440100
-844874279
-844874279
-844874279
-822717495
-822717495
-822717495
-822717495
-716110262
-716110262
-973771006
-795824289
-795824289
-716110262
-716110262
-677440100
-859057767
-859057767
-859057767
-835847292
-757409620
-699061163
-676480624
-676480624
-676480624
-979284321
-979284321
-979284321
-957272403
-636274600
-614139522
-836506135
-836506135
-829703301
-767642345
-821366596
-819924838
-819924838
-594663412
-594663412
-575666463
-543739205
-543739205
-543739205
-590786514
-696546862
-595002662
-590786514
-982110148
-982110148
-982110148
-970530034
-926737969
-857983595
-857983595
-905960786
-993330342
-853634824
-696382703
-696382703
-696382703
-696382703
-696382703
-696382703
-696382703
-649936422
-623564144
-613338967
-610055226
-994481790
-994481790
-997528855
-898484111
-610055226
-610055226
-679114337
-665132202
-681898366
-590786514
-882135379
-952659581
-952659581
-636157614
-636157614
-936754826
-605081205
-605081205
-605081205
-605081205
-975176555
-874986025
-605081205
-605081205
-582440402
-849548118
-761263083
-761263083
-761263083
-761263083
-761263083
-745475987
-745475987
-745475987
-616567259
-616567259
-577710067
-541976085
-687277659
-589219268
-589219268
-541976085
-541976085
-541976085
-541976085
-524403473
-896562182
-896562182
-989101136
-556408233
-556408233
-556408233
-518110250
-833018360
-806822770
-806822770
-895022380
-806822770
-743575184
-743575184
-743575184
-743575184
-743575184
-731954029
-711454008
-711454008
-513536925
-710377480
-554109642
-554109642
-500170478
-500170478
-499940304
-499940304
-499940304
-499940304
-497516392
-737593681
-662145306
-662145306
-662145306
-662145306
-536516984
-536516984
-524412359
-524412359
-497516392
-491703823
-491703823
-984746613
-842292241
-842292241
-842292241
-754277930
-599836580
-599836580
-599836580
-599836580
-639432751
-639432751
-621440650
-621440650
-621440650
-621440650
-621440650
-621440650
-621440650
-935005031
-522961968
-661304472
-661304472
-939935587
-984977483
-984977483
-984977483
-984977483
-816931548
-811512394
-797983784
-797983784
-509871160
-501794307
-489534753
-489534753
-807853296
-510665400
-510665400
-490545149
-490545149
-490545149
-482938111
-482938111
-785599696
-785599696
-701563256
-701563256
-881131683
-881131683
-873277330
-873277330
-873277330
-701563256
-701563256
-610761084
-610761084
-802058398
-802058398
-802058398
-816728117
-816728117
-816728117
-816728117
-704337036
-704337036
-625783243
-625454508
-610761084
-843951480
-843951480
-986391938
-986391938
-610761084
-610761084
-598649829
-573140078
-786847864
-786847864
-573140078
-573140078
-573140078
-768499354
-573140078
-557806360
-622400156
-622400156
-515696602
-912081920
-834005480
-909405712
-909405712
-909405712
-909405712
-909405712
-909405712
-965051551
-965051551
-965051551
-809448367
-892358052
-892358052
-892358052
-892358052
-892358052
-740104054
-916510821
-916510821
-740104054
-740104054
-740104054
-862976995
-738475042
-676115608
-676115608
-966722076
-966722076
-676115608
-723400005
-615533305
-615533305
-974862542
-935769583
-935769583
-797935132
-797935132
-542484930
-529438814
-823155230
-823155230
-657137553
-482938111
-649210528
-649210528
-560109461
-721935740
-721935740
-721935740
-476710397
-876496178
-876496178
-876496178
-876496178
-853424117
-853424117
-853424117
-853424117
-967663380
-967663380
-967663380
-967663380
-782344219
-782344219
-554076145
-472139625
-769781528
-769781528
-769781528
-769781528
-769781528
-769781528
-965424025
-965424025
-965424025
-769781528
-769781528
-632724501
-632724501
-632724501
-789011824
-632724501
-632724501
-948691722
-683951040
-523534707
-910116840
-910116840
-910116840
-910116840
-799595144
-799595144
-635411592
-831400297
-831400297
-635411592
-572834702
-572834702
-511517545
-470335845
-940322535
-940322535
-940322535
-671817645
-509216181
-509216181
-504776329
-643249345
-504776329
-467596616
-467596616
-467596616
-467596616
-907783233
-467133474
-920614370
-595859925
-595859925
-590185941
-918828469
-834353454
-834353454
-576673587
-576673587
-995370027
-995370027
-995370027
-995370027
-995370027
-860217634
-581163762
-580903862
-968019556
-968019556
-865083638
-580903862
-848888487
-848888487
-580903862
-580903862
-580903862
-580020451
-580020451
-580020451
-580020451
-674624627
-674624627
-580020451
-580020451
-609885355
-609885355
-609885355
-586673282
-816052867
-556543349
-556543349
-764315596
-764315596
-764315596
-561092645
-561092645
-561092645
-645579376
-645579376
-645579376
-645579376
-645579376
-645579376
-645579376
-645579376
-552202875
-548244890
-548244890
-829215923
-907525964
-907525964
-907525964
-952680648
-742936501
-742936501
-523977026
-533087031
-523977026
-843192641
-843192641
-843192641
-843192641
-843192641
-893238248
-512138614
-512138614
-493211990
-493211990
-941496308
-527391782
-527391782
-527391782
-493211990
-493211990
-763981808
-763981808
-490093575
-490093575
-490093575
-490093575
-674829242
-674829242
-674829242
-656942263
-534088104
-534088104
-956189498
-956189498
-956189498
-484988961
-484988961
-672192882
-672192882
-551636610
-796160510
-948438475
-484970081
-710019836
-970118547
-479174412
-819535070
-902029775
-793743393
-589130003
-589130003
-467133474
-694986462
-694986462
-506136496
-506136496
-591266759
-783618328
-591266759
-916821377
-916821377
-916821377
-820482742
-977107994
-977107994
-972003208
-761882532
-738500915
-869058469
-998363902
-591266759
-626486592
-580097971
-580097971
-956140987
-580097971
-627544749
-555366122
-555366122
-504918702
-504918702
-484245928
-484245928
-768913626
-773690253
-928060693
-906699467
-850414905
-711939641
-621717023
-577630518
-661019002
-773120418
-773120418
-661019002
-896630903
-896630903
-765532760
-765532760
-765532760
-765532760
-739519446
-600258285
-600258285
-577630518
-950239818
-849760301
-556267331
-556267331
-587621994
-587621994
-633526355
-587621994
-837329245
-561989179
-540714609
-595040141
-595040141
-613814116
-613814116
-857509775
-857509775
-765675599
-821678534
-821678534
-821678534
-757822577
-711750242
-711750242
-711750242
-711750242
-711750242
-710593453
-710593453
-710593453
-666762304
-842074963
-828578938
-666762304
-827828734
-794353296
-794353296
-736788312
-683740542
-623067995
-623067995
-623067995
-879208367
-879208367
-573045816
-573045816
-573045816
-517453330
-768252549
-517453330
-517453330
-517453330
-517453330
-517453330
-517453330
-512561876
-987517218
-943086162
-943086162
-943086162
-943086162
-827188837
-506527041
-739527122
-739527122
-470970006
-468246018
-951051133
-781836305
-770763778
-770763778
-863596934
-771554516
-676356922
-676356922
-598929703
-774499738
-774499738
-774499738
-967106776
-978923642
-967106776
-967106776
-967106776
-967106776
-794320256
-934982572
-934982572
-934982572
-777562945
-984412884
-710889558
-892113526
-893434187
-793161335
-793161335
-793161335
-987192845
-713415682
-967681096
-791884877
-713415682
-713415682
-713415682
-713415682
-713415682
-713415682
-713415682
-710889558
-705324188
-928169524
-705324188
-705324188
-951797193
-951797193
-951797193
-951797193
-951797193
-951797193
-745530568
-715844114
-715844114
-658692188
-657488031
-643841253
-643417376
-614546801
-599584255
-876190765
-876190765
-876190765
-876190765
-700095178
-700095178
-641901493
-641901493
-591206738
-591206738
-591206738
-591206738
-576442125
-739285165
-739285165
-575657227
-550420823
-550420823
-550420823
-550420823
-537432353
-537432353
-535983507
-511082637
-489004450
-898480981
-898480981
-484068187
-483901854
-483901854
-820014581
-483775369
-483775369
-468246018
-904965482
-904965482
-904965482
-807658982
-769275267
-769275267
-758674222
-758674222
-758674222
-758674222
-615103046
-575274852
-882028544
-694226288
-568894527
-556947998
-556947998
-466719778
-463428230
-463428230
-462682638
-703553832
-555558417
-983247237
-734608187
-734608187
-639439891
-608651024
-608651024
-550543190
-550543190
-988506228
-988506228
-988506228
-548212738
-948659958
-548212738
-685874049
-685874049
-570421046
-908804836
-559454108
-638139186
-638139186
-548212738
-720948900
-720948900
-720948900
-934418572
-934418572
-515956101
-515956101
-954479954
-942914573
-554024291
-562863340
-515956101
-801136357
-801136357
-801136357
-949231422
-949231422
-949231422
-768697553
-768697553
-768697553
-768697553
-961336352
-795190199
-795190199
-933610856
-909899263
-909899263
-909899263
-638053966
-799910339
-799910339
-799910339
-799910339
-638053966
-638053966
-780730286
-715716410
-696375411
-696375411
-696375411
-841005711
-841005711
-841005711
-644878594
-804384595
-989935263
-989935263
-618810218
-575402682
-786617641
-748458182
-748458182
-748458182
-793948557
-793948557
-793948557
-748458182
-748458182
-748458182
-702642604
-653544973
-725420483
-639892836
-639892836
-639892836
-820317962
-820317962
-641749647
-639892836
-639892836
-639892836
-739122630
-739122630
-739122630
-739122630
-836478206
-836478206
-917400745
-851204070
-851204070
-851204070
-851204070
-806038358
-835891909
-835891909
-739122630
-739122630
-721820118
-636729320
-595142010
-595142010
-545546389
-826419300
-826419300
-832371301
-832371301
-826419300
-826419300
-982697252
-784148356
-987386685
-987386685
-987386685
-987386685
-987386685
-987386685
-987386685
-912964243
-912964243
-912964243
-861162055
-834596509
-834596509
-834596509
-834596509
-888513585
-888513585
-796218085
-784046932
-801608146
-801608146
-801608146
-801608146
-801608146
-885792078
-885792078
-777154624
-916393879
-956818970
-994501603
-811451222
-774376845
-774376845
-774376845
-704152647
-689898965
-689898965
-679075386
-670427973
-670427973
-670427973
-701831690
-670427973
-670427973
-672765025
-672765025
-672765025
-966742999
-966742999
-966742999
-842543944
-842543944
-842543944
-794312433
-794312433
-794312433
-794312433
-794312433
-762427457
-913312974
-913312974
-968841510
-913312974
-913312974
-913312974
-913312974
-762427457
-762427457
-656823514
-634316998
-721923012
-721923012
-957022333
-659583305
-908612472
-908612472
-659583305
-937222581
-937222581
-659583305
-625259625
-625259625
-625259625
-625259625
-699647065
-699647065
-625259625
-896636297
-772637518
-952955095
-772637518
-772637518
-772637518
-615027718
-599813559
-591360431
-591360431
-591360431
-763823276
-591360431
-576483233
-819101920
-855292013
-745201029
-574817586
-574817586
-748097878
-842559094
-842559094
-842559094
-683160858
-618699226
-570100865
-738891836
-942656098
-942656098
-942656098
-566775746
-563927685
-563927685
-563927685
-554005663
-554005663
-909597209
-909597209
-909597209
-909597209
-570738178
-570738178
-813299682
-554005663
-554005663
-835286395
-555261871
-583826115
-583826115
-799816546
-799816546
-799816546
-799816546
-799816546
-799816546
-997572958
-922986414
-922986414
-922986414
-786383500
-710861286
-762330638
-907394371
-740353413
-593617888
-593617888
-593617888
-555261871
-555261871
-555261871
-998887441
-998887441
-860530024
-860530024
-879080376
-865209849
-973229213
-973229213
-973229213
-802664666
-802664666
-802664666
-802664666
-794583529
-794583529
-794583529
-981179751
-972711095
-972711095
-794583529
-794583529
-794583529
-794583529
-942229902
-942229902
-764684691
-764684691
-920101444
-920101444
-739647061
-739647061
-899333840
-899333840
-899333840
-899333840
-739647061
-812752779
-812752779
-778543185
-778543185
-685331643
-685331643
-578726504
-817931895
-817931895
-817931895
-578479393
-953999022
-540821898
-540821898
-657417626
-657417626
-657417626
-540821898
-540821898
-531210416
-879543483
-879543483
-572048351
-527645598
-524894185
-524894185
-524894185
-524894185
-585279255
-585279255
-521331466
-943643110
-903256621
-937289275
-904394945
-904394945
-718161706
-718161706
-718161706
-856739432
-614511251
-614511251
-643494836
-614511251
-575672419
-934510812
-645896295
-645896295
-645896295
-633961840
-508145192
-689318761
-689318761
-957147885
-734830989
-734830989
-701965770
-701965770
-701965770
-701965770
-701965770
-563800848
-809123999
-721271572
-640658552
-897607445
-783653251
-691006815
-714433540
-640658552
-640658552
-625332359
-754564354
-754564354
-754564354
-754564354
-754564354
-625332359
-617328681
-617328681
-988622569
-988622569
-988622569
-988622569
-988622569
-913530180
-913530180
-913530180
-913530180
-913530180
-912269258
-854100965
-854100965
-764693502
-832334859
-832334859
-832334859
-832334859
-924666298
-883569699
-795601461
-947484110
-988986157
-988986157
-710801885
-710801885
-776401424
-776401424
-697198335
-697198335
-615385001
-615385001
-615385001
-615385001
-615145295
-615145295
-749647113
-913070819
-913070819
-749647113
-862543753
-615145295
-978133219
-978133219
-978133219
-815682883
-791926930
-792866632
-792866632
-922279756
-922279756
-922279756
-922279756
-903334359
-792866632
-792866632
-954914280
-710868377
-710868377
-710868377
-710740395
-618378061
-618378061
-633133454
-633133454
-608367678
-565820092
-565442722
-564960668
-564960668
-564960668
-562603877
-562603877
-562603877
-893501267
-893501267
-871694682
-824396742
-824396742
-594571664
-557992599
-759210184
-759210184
-759210184
-759210184
-759210184
-920055159
-920055159
-920055159
-920055159
-766039390
-785236008
-855533950
-855533950
-681727073
-681727073
-681727073
-605304985
-605304985
-632085200
-599995406
-962990543
-962990543
-962990543
-718131657
-843045644
-843045644
-843045644
-671795542
-671795542
-882452048
-909354573
-671795542
-720204788
-970191699
-970191699
-970191699
-970191699
-903926077
-806278852
-571361939
-557269557
-856716825
-856716825
-640728042
-640728042
-925203191
-925203191
-640728042
-640728042
-640728042
-578889925
-553602417
-553600407
-553600407
-553600407
-818721936
-717852877
-552130441
-874675798
-874675798
-874675798
-874675798
-784468053
-765181386
-765181386
-937856394
-937856394
-848016178
-953180051
-765181386
-765181386
-643417081
-643417081
-610656355
-610656355
-610656355
-610656355
-610656355
-610656355
-580154208
-960870584
-960870584
-814627888
-814627888
-814627888
-814627888
-814627888
-814627888
-883033694
-883033694
-816195406
-814627888
-814627888
-814627888
-814627888
-708029569
-894029202
-751849116
-751849116
-798801636
-875900178
-875900178
-875900178
-755714054
-751849116
-751849116
-708029569
-701010606
-729088358
-633624465
-583456943
-583456943
-583456943
-563147999
-563147999
-640736293
-875232254
-875232254
-875232254
-786382468
-834439833
-834439833
-834439833
-885894830
-885894830
-909196206
-909196206
-783620162
-935363636
-972420898
-972420898
-817900070
-817900070
-817900070
-817900070
-640736293
-640736293
-640736293
-619515718
-619515718
-618228854
-591172382
-533987242
-960940621
-904139841
-904139841
-904139841
-683251381
-682773422
-532401143
-527489009
-523532753
-762863048
-762863048
-511653883
-804594397
-507206637
-502336795
-502024016
-502024016
-501727589
-497313859
-497308350
-497308350
-814025920
-497308350
-909003284
-496870184
-777805119
-930489605
-695116553
-679773205
-496578434
-496578434
-496578434
-902160173
-902160173
-902160173
-902160173
-996400291
-837942731
-781775334
-781775334
-781775334
-779096823
-779096823
-878870067
-878870067
-878870067
-779096823
-779096823
-773274965
-917969547
-917969547
-917969547
-917969547
-773274965
-773274965
-773274965
-765765370
-756818270
-756818270
-660771305
-862342692
-862342692
-740479057
-660771305
-660771305
-660771305
-609823979
-572912822
-919597720
-572912822
-563757761
-563757761
-563757761
-552563432
-507705106
-830973868
-830973868
-830973868
-830973868
-899642288
-899642288
-679238590
-679238590
-679238590
-679238590
-644249970
-644249970
-995014205
-995014205
-995014205
-995014205
-995014205
-995014205
-967711077
-844722780
-777814057
-725068784
-725068784
-761670822
-950519190
-950519190
-593684341
-593684341
-725099081
-725099081
-725099081
-933724186
-933724186
-679515493
-871372679
-930570881
-930570881
-679515493
-650278631
-593684341
-584836150
-939411358
-939411358
-939411358
-947598146
-564637357
-501022733
-491892440
-763303427
-763303427
-933818585
-763303427
-831440134
-831440134
-752140577
-752140577
-489963142
-753802147
-753802147
-923966546
-923966546
-923966546
-923966546
-923966546
-904637814
-904637814
-778215937
-656119119
-656119119
-656119119
-656119119
-601301680
-601301680
-919299094
-919299094
-557333890
-557333890
-927724938
-927724938
-927724938
-852613642
-852613642
-942112655
-942112655
-942112655
-942112655
-942112655
-651434502
-877555082
-510968380
-510968380
-510968380
-873573981
-873573981
-553315242
-553315242
-614519623
-614519623
-553315242
-722744424
-722744424
-977473194
-880210917
-733779603
-722744424
-722744424
-722744424
-632867393
-632867393
-632867393
-632867393
-604719865
-604719865
-598840659
-598840659
-598840659
-553315242
-598567554
-556981993
-556981993
-859244653
-859244653
-760046334
-886876838
-929992005
-922704793
-922704793
-954782884
-954782884
-814946837
-630166661
-630166661
-754734675
-959575391
-959575391
-754734675
-754734675
-698595406
-815422479
-815422479
-815422479
-815422479
-815422479
-815422479
-863078181
-742314528
-742314528
-744479240
-744479240
-742314528
-742314528
-630166661
-609771752
-609771752
-955096077
-609771752
-609771752
-596750834
-596750834
-574830757
-574830757
-574830757
-560268418
-560076470
-556981993
-625273405
-625273405
-857961469
-857961469
-857961469
-556981993
-585942027
-520789042
-514319622
-513924759
-675039173
-557815457
-557815457
-557815457
-484955255
-671253628
-483212939
-499439392
-934055769
-912986390
-912986390
-842276363
-949095808
-949095808
-651202304
-651202304
-937307019
-937307019
-855400038
-855400038
-855400038
-855400038
-855400038
-855400038
-715034388
-614115188
-614115188
-622690234
-987474734
-987474734
-968290096
-901300799
-980374571
-980374571
-902020760
-902020760
-875497717
-875497717
-875497717
-869930473
-869930473
-656227447
-721488437
-721488437
-906269491
-906269491
-672861013
-614115188
-614115188
-601614287
-601614287
-601614287
-587812615
-749795979
-865103353
-865103353
-865103353
-560934493
-740259124
-752981783
-955071766
-740259124
-867107243
-699247714
-560934493
-560934493
-976238751
-976238751
-988334763
-827905014
-827905014
-814924950
-814924950
-760117923
-734414947
-734414947
-874224506
-874224506
-925662392
-925662392
-734414947
-734414947
-734414947
-711262543
-937729384
-841049931
-735569954
-735569954
-735569954
-777975887
-607720283
-728761783
-728761783
-922500554
-728761783
-771847912
-735802086
-735802086
-607720283
-590306801
-590306801
-656947786
-656947786
-590306801
-590306801
-590306801
-590306801
-840483089
-690035329
-585384994
-566454099
-566454099
-566454099
-566454099
-566454099
-560201320
-837918365
-552755718
-552755718
-501656593
-495117697
-495117697
-495117697
-824997996
-824997996
-824997996
-495117697
-495117697
-974524411
-974524411
-495117697
-491017593
-832954488
-832954488
-781269199
-781269199
-767302555
-602170671
-481497524
-481497524
-479314452
-552778924
-592178128
-592178128
-592178128
-925695713
-592178128
-945074794
-592178128
-552778924
-479125505
-479125505
-967514917
-967514917
-967514917
-479125505
-771523702
-471109516
-471109516
-470822604
-470822604
-470499137
-907114492
-470197883
-879911791
-879911791
-879911791
-879911791
-995296770
-995296770
-995296770
-995296770
-995296770
-879911791
-865940531
-965243096
-965243096
-973443573
-888200120
-888200120
-888200120
-864848084
-836266265
-836266265
-830725851
-830725851
-830725851
-921155078
-950330100
-702788332
-691642168
-691642168
-691642168
-691642168
-691642168
-710052673
-628255778
-603804926
-907743919
-962130635
-962130635
-962130635
-934018069
-934018069
-870696077
-757102625
-757102625
-996266564
-757102625
-757102625
-722786561
-722786561
-722786561
-713019564
-695367109
-695367109
-603804926
-603804926
-572694619
-568011687
-568011687
-568011687
-568011687
-816347966
-816347966
-816347966
-557058557
-557058557
-557058557
-557058557
-557058557
-557058557
-557058557
-957417427
-957417427
-957417427
-755105560
-850323709
-506529534
-753865155
-753865155
-801463890
-777630509
-558195652
-997841799
-634766160
-490390759
-489127514
-888471795
-917407538
-618003999
-736661736
-987980400
-987980400
-987980400
-971741438
-971741438
-971741438
-926295954
-889765793
-880439600
-826792435
-889761053
-776065346
-680835331
-680835331
-680835331
-674631194
-674631194
-674631194
-674631194
-580827092
-580827092
-942264383
-942264383
-942264383
-579472346
-579472346
-579472346
-991978068
-991978068
-838077390
-913942421
-877992177
-877992177
-908021291
-908021291
-810461660
-784521098
-750257424
-750257424
-750257424
-741646560
-725631255
-971208946
-971208946
-697998920
-982118448
-697998920
-682349404
-579472346
-962478124
-962478124
-802202373
-555892377
-555870688
-951362877
-951362877
-980126445
-853442207
-853442207
-677506962
-644467321
-552779628
-539111894
-537770992
-537770992
-892861514
-892861514
-807369183
-764922756
-764922756
-857755347
-767133511
-764922756
-873334677
-873334677
-625803237
-855375580
-855375580
-855375580
-855375580
-796385428
-796385428
-789771424
-789771424
-845270528
-845270528
-845270528
-845270528
-789771424
-946170841
-946170841
-946170841
-946170841
-974412726
-716266397
-595932224
-794030734
-645180423
-645180423
-645180423
-595932224
-886163333
-508133791
-867935393
-610808382
-485929507
-471159749
-534783824
-476926580
-476926580
-678486108
-476926580
-682609118
-682609118
-833813217
-833813217
-850612755
-598628847
-598628847
-598628847
-598628847
-598628847
-572680184
-572680184
-572680184
-572680184
-572680184
-572680184
-533791061
-533791061
-691851795
-966605754
-937977752
-834621991
-721299919
-721299919
-721299919
-721299919
-721299919
-586694218
-586694218
-586694218
-701515576
-701515576
-596349211
-476926580
-571303916
-808089964
-808089964
-808089964
-971486604
-971486604
-971486604
-971486604
-971486604
-971486604
-812863887
-985349145
-976542072
-976542072
-976542072
-976542072
-846604442
-821012290
-769289734
-737379946
-768820418
-863265854
-863265854
-829222732
-732109666
-732109666
-801268656
-922444990
-991166438
-982395331
-801268656
-709088941
-752538874
-752538874
-752538874
-752538874
-752538874
-752538874
-752538874
-900205260
-752538874
-752538874
-708781689
-673747226
-681934621
-612214862
-600265092
-850785539
-850785539
-898444006
-898444006
-898444006
-898444006
-847443696
-877546512
-760700123
-758566785
-758566785
-758566785
-655695244
-655695244
-632990963
-632990963
-610859597
-857591636
-847566335
-847566335
-847566335
-758573537
-762909753
-770290031
-719912150
-719912150
-609833348
-609833348
-639430461
-639430461
-609833348
-734886197
-734886197
-734886197
-734886197
-734886197
-734886197
-733728238
-819795013
-819795013
-597032170
-820139077
-820139077
-873797809
-826037080
-964490825
-805156846
-805156846
-805156846
-805156846
-805156846
-626235126
-626235126
-839294693
-839294693
-602710861
-880752135
-880752135
-872607032
-860817863
-752996492
-752996492
-748518836
-768885853
-748518836
-971193003
-971193003
-696548701
-696548701
-665890006
-665890006
-638919160
-642263277
-642263277
-642263277
-638919160
-638919160
-600611557
-600611557
-600611557
-838841173
-892609933
-597032170
-642152547
-757304364
-830494715
-830494715
-642152547
-642152547
-806355337
-582380075
-582380075
-990278370
-990278370
-580525962
-660209309
-842027607
-842027607
-842027607
-842027607
-742761913
-563375538
-688527307
-688527307
-688527307
-563375538
-986395972
-995433266
-995433266
-964437164
-556227222
-808950873
-542885055
-607636091
-741788069
-741788069
-741788069
-741788069
-542885055
-542885055
-542885055
-542885055
-824816395
-824816395
-824816395
-890921242
-771150554
-931164385
-771150554
-771150554
-879776569
-879776569
-879776569
-879776569
-879776569
-837031590
-837031590
-837031590
-741891691
-741891691
-578733636
-578733636
-578733636
-578733636
-557815420
-697275305
-736779335
-879533626
-879533626
-736779335
-736779335
-736779335
-736779335
-709130124
-551441058
-542885055
-540007229
-969289076
-840349097
-878395179
-878395179
-540007229
-540007229
-530336275
-530336275
-521679209
-521679209
-857029689
-847301726
-847301726
-847301726
-676194631
-676194631
-621146817
-511224292
-509984610
-509984610
-526331120
-509984610
-509984610
-853908584
-853908584
-787465515
-860399520
-923692883
-932297373
-932297373
-879350471
-879350471
-879350471
-802956791
-726727079
-622031384
-622031384
-622031384
-622031384
-622031384
-859267203
-757706581
-813118819
-876307284
-858524425
-982455045
-982455045
-813118819
-813118819
-783345759
-768419250
-757706581
-757706581
-757706581
-844818834
-844818834
-990077179
-990077179
-990077179
-881532241
-835997604
-835997604
-944136913
-944136913
-757706581
-799274119
-799274119
-717242860
-715832697
-713206531
-848963085
-848963085
-848963085
-848963085
-822667615
-674368110
-640511701
-732679572
-764099834
-764099834
-764099834
-764099834
-764099834
-627950830
-752241007
-622031384
-622031384
-622031384
-621824956
-621824956
-621824956
-657344081
-775137117
-775137117
-998869152
-693879890
-693879890
-590380393
-590380393
-590380393
-590380393
-585564955
-585564955
-585564955
-585564955
-700328396
-700328396
-883374721
-700328396
-583383369
-583383369
-776198901
-576449105
-576449105
-576449105
-866662897
-866662897
-971413610
-671430127
-733091189
-733091189
-883184011
-883184011
-965957046
-883184011
-733091189
-633082211
-610752049
-596008408
-565120141
-557293924
-571412597
-571412597
-571412597
-890303966
-768018116
-768018116
-768018116
-927227191
-816804305
-800480891
-768018116
-768018116
-859487705
-828862795
-828862795
-828862795
-978074668
-978074668
-978074668
-779888757
-779888757
-768018116
-760459926
-760459926
-842790848
-842790848
-753936093
-747619592
-747619592
-736050113
-721939961
-721939961
-718962771
-718962771
-718962771
-718962771
-712679908
-711652184
-696898775
-949967566
-690928182
-690928182
-690928182
-664862893
-631751278
-606877555
-606877555
-606877555
-606877555
-577567647
-577567647
-801078524
-801078524
-801078524
-801078524
-579679054
-579679054
-579679054
-579679054
-993896526
-993896526
-993896526
-577567647
-577567647
-948607221
-948607221
-572093411
-768243580
-768243580
-768243580
-561895687
-561895687
-561895687
-766111769
-766111769
-788668478
-788668478
-905743797
-890404132
-788668478
-788668478
-766111769
-736591014
-736591014
-670212978
-897614974
-588669202
-561895687
-755996421
-788441481
-788441481
-788441481
-987442435
-987442435
-987442435
-987442435
-987442435
-755996421
-741649297
-715181019
-976359132
-976359132
-711690648
-711690648
-706894164
-978563353
-978563353
-726488939
-740776341
-740776341
-740776341
-740776341
-998730269
-871785474
-871785474
-902537534
-809304474
-986251732
-740776341
-824205298
-824205298
-824205298
-711136991
-679320107
-966171271
-966171271
-855662425
-979476760
-811163966
-818171911
-818171911
-818171911
-811163966
-811163966
-811163966
-629860415
-805288448
-903475760
-633715622
-633715622
-795270502
-795270502
-711606906
-711606906
-739499749
-709895283
-652631751
-550361223
-550361223
-550361223
-865543909
-550361223
-535257717
-535257717
-535257717
-800579435
-800579435
-621933003
-772796339
-668011605
-860516052
-747176083
-901538561
-901538561
-824522483
-747176083
-747176083
-694938107
-925665975
-929115539
-763662686
-763662686
-694938107
-677102772
-621933003
-867919817
-769607530
-858378819
-858378819
-858378819
-769607530
-769607530
-896979464
-739584373
-739584373
-945495509
-945495509
-945495509
-709982876
-578440980
-578440980
-653190403
-653190403
-533431614
-883952027
-703571750
-817201821
-599033869
-961234623
-954998098
-954998098
-954998098
-954998098
-752082826
-752082826
-954559277
-954559277
-954559277
-954559277
-954559277
-954559277
-954559277
-896797909
-896797909
-828705389
-663722384
-535491275
-696130147
-535491275
-607587416
-607587416
-607587416
-850790989
-850790989
-850790989
-850790989
-704775095
-545702232
-532550349
-532550349
-532550349
-532030799
-532030799
-525586107
-559216314
-958521510
-531559346
-524432824
-996587087
-996587087
-996587087
-996587087
-996587087
-926620501
-824854427
-612179062
-524432824
-541300281
-666191926
-524432824
-853114594
-853114594
-853114594
-853114594
-853114594
-853114594
-757327476
-780896233
-780896233
-780896233
-854967059
-780896233
-933764364
-933764364
-933764364
-933764364
-933764364
-933764364
-933764364
-930271559
-930271559
-930271559
-930271559
-930271559
-793212428
-793212428
-793212428
-793212428
-795171227
-757327476
-757327476
-757327476
-945913687
-945913687
-945913687
-945913687
-945913687
-938633316
-852178864
-879871806
-879871806
-879871806
-879871806
-710121670
-710121670
-710121670
-693305398
-973236693
-973236693
-692975218
-959306157
-959306157
-957849747
-692975218
-647834968
-903205811
-950502046
-641130913
-613549302
-903455136
-587873894
-585506324
-777160115
-581371910
-577779303
-560520233
-560520233
-560520233
-560520233
-560520233
-556330444
-746209750
-746209750
-746209750
-543521272
-543521272
-541746341
-844640409
-693955606
-643108356
-845577927
-957449371
-957449371
-735844429
-848557875
-848557875
-897394092
-681207721
-764122040
-681207721
-971675718
-791359430
-846320329
-791359430
-615881810
-615881810
-615881810
-603948124
-603948124
-540497672
-540497672
-540497672
-540497672
-540497672
-540497672
-524432824
-524432824
-524242497
-524242497
-524242497
-862338456
-674680911
-674680911
-674680911
-821332384
-846089121
-821332384
-821332384
-821332384
-897786244
-935575187
-935575187
-935575187
-935575187
-821332384
-767841852
-867476201
-767841852
-759835327
-759835327
-759835327
-676930211
-676930211
-674680911
-665595945
-550702248
-550702248
-652793939
-652793939
-652793939
-652793939
-839336073
-839336073
-818518688
-818518688
-709612528
-709612528
-522794946
-831764756
-778001332
-778001332
-778001332
-778001332
-778001332
-741148041
-741148041
-746149815
-656975045
-656975045
-656975045
-656975045
-656975045
-632990073
-522794946
-830657502
-774754735
-518155084
-518155084
-906179997
-972556023
-972556023
-972556023
-529036659
-566826050
-566826050
-529036659
-963911546
-963911546
-963911546
-963911546
-954734283
-568476727
-637252211
-588483706
-677896772
-677896772
-632503120
-952425052
-948354654
-948354654
-948354654
-972624934
-949840357
-948354654
-838701553
-970492349
-970492349
-862428166
-795737322
-791732242
-791732242
-783589147
-931814357
-859890547
-859890547
-859890547
-859890547
-930009623
-873163119
-765897285
-830041687
-850137450
-830041687
-830041687
-909700667
-909700667
-682333164
-889235822
-670172968
-664065992
-680304276
-702063182
-682538549
-682538549
-682538549
-680304276
-680304276
-680304276
-680304276
-632503120
-629561216
-629561216
-611267453
-611267453
-611267453
-708267029
-708267029
-708267029
-708267029
-708267029
-708267029
-708267029
-692950145
-589426085
-589426085
-589426085
-589426085
-589426085
-589426085
-589426085
-589426085
-589426085
-588483706
-588483706
-670817158
-588483706
-708771795
-708771795
-916767912
-916767912
-588483706
-583472995
-583472995
-568476727
-984616976
-984616976
-984616976
-984616976
-984616976
-961515121
-961515121
-961515121
-657059881
-585640843
-603786040
-946019399
-946019399
-893766417
-893766417
-893766417
-851524354
-851524354
-851524354
-840287259
-862651496
-862651496
-713233447
-699837689
-699837689
-801078590
-771617578
-618560103
-618560103
-769976994
-529627483
-529627483
-529036659
-529036659
-940347772
-682621480
-682621480
-596051174
-815447731
-723414005
-596051174
-596051174
-596051174
-596051174
-546996238
-522936578
-972252245
-972252245
-902317475
-940942693
-796843254
-792993952
-728004600
-728004600
-728004600
-728004600
-671234045
-964985181
-964985181
-856421511
-671234045
-990009773
-990009773
-671234045
-671234045
-671706229
-671706229
-666695732
-634654123
-594419481
-594419481
-594419481
-588314305
-661315402
-646724209
-588314305
-587397109
-587397109
-586828671
-981005571
-961967426
-961967426
-961967426
-787000937
-584004035
-584004035
-556264726
-556264726
-786513930
-786513930
-947210902
-947210902
-947210902
-947210902
-947210902
-947210902
-978321557
-947210902
-943909383
-890702932
-890702932
-890702932
-852790342
-562869478
-555209473
-554831916
-900472823
-900472823
-900472823
-545719084
-544542488
-522936578
-522936578
-522936578
-681490002
-681490002
-681490002
-681490002
-668640972
-846241897
-846241897
-846241897
-846241897
-732249109
-989490835
-827210453
-962176803
-941021931
-827210453
-827210453
-732249109
-583181072
-714321058
-714321058
-714321058
-714321058
-714321058
-699776777
-699776777
-930480066
-930480066
-800966203
-578777566
-578777566
-561641885
-560767088
-560767088
-560767088
-664770901
-664770901
-664770901
-549826880
-549826880
-549826880
-549826880
-549826880
-522936578
-900151750
-964915263
-546779775
-819652671
-546779775
-537772793
-537772793
-537772793
-522927220
-522297331
-832877037
-693934461
-938603701
-763553169
-830216244
-830216244
-961847250
-961847250
-961847250
-961847250
-951708929
-951708929
-888485311
-888485311
-888485311
-888485311
-992715174
-992715174
-992715174
-992715174
-992715174
-809926325
-809926325
-885431096
-885431096
-885431096
-885431096
-931361669
-918709302
-918709302
-809926325
-771295378
-771295378
-969220021
-762095183
-690657695
-690657695
-680769524
-630825117
-625999170
-625999170
-625999170
-625999170
-784452390
-625999170
-597854190
-597854190
-984401688
-964707979
-953275901
-772521274
-772521274
-670258728
-670258728
-670258728
-670258728
-686584865
-714621921
-676401844
-840186860
-893490029
-813233643
-813233643
-813233643
-813233643
-813233643
-758408698
-758408698
-769768007
-769768007
-794600111
-698328642
-698328642
-870324628
-670258728
-670258728
-670258728
-643559405
-643559405
-719776751
-641182996
-894978117
-894978117
-894978117
-894978117
-894978117
-894978117
-894978117
-731412505
-731412505
-731412505
-738416520
-962705084
-962705084
-747993582
-831184762
-774159156
-855356392
-855356392
-729611170
-729611170
-729611170
-912255467
-912255467
-912255467
-912255467
-912255467
-912255467
-912255467
-900973175
-900973175
-900973175
-783871140
-722920151
-904670041
-904670041
-713920575
-641182996
-641182996
-638337340
-638337340
-837918853
-780610502
-752922060
-760147948
-760147948
-946890882
-728378451
-728378451
-728378451
-899308503
-728378451
-632968138
-628582027
-822294201
-608124813
-602168038
-602168038
-596569326
-596569326
-590487666
-590487666
-900835349
-900835349
-762418844
-762418844
-762418844
-762418844
-573562997
-601927766
-572889044
-572889044
-567920899
-939841563
-903457029
-722745045
-840333659
-767848554
-858423383
-767848554
-780052952
-780052952
-780052952
-679230765
-679230765
-679230765
-679230765
-595887706
-595887706
-766650984
-797857441
-797857441
-797857441
-884327290
-884327290
-884327290
-884327290
-780703787
-780703787
-780703787
-780703787
-780703787
-780703787
-780703787
-765944972
-755369498
-755369498
-755369498
-567920899
-959183418
-996698697
-996698697
-563688771
-760956912
-563688771
-821518927
-821518927
-821518927
-821518927
-925674631
-925674631
-923892693
-747323876
-747323876
-888671284
-747323876
-976182809
-707813621
-640837247
-640837247
-640837247
-560321542
-559995168
-554450087
-950057652
-770234814
-770234814
-770234814
-770234814
-919176254
-693841046
-599275696
-755840134
-599275696
-551844863
-546707626
-858736812
-858736812
-858736812
-804430145
-804430145
-804430145
-804430145
-804430145
-922369554
-804430145
-774943660
-774943660
-774943660
-611438566
-772011849
-611438566
-611438566
-781170272
-670833546
-593708783
-593708783
-593708783
-543631302
-542488554
-542488554
-716016242
-779854519
-779854519
-779854519
-722567085
-722567085
-716016242
-539539577
-539160552
-539160552
-609084985
-697696539
-536749159
-556279220
-534132267
-533173436
-529362404
-529362404
-833953115
-833953115
-529362404
-966985758
-966985758
-966985758
-966985758
-936956502
-811636637
-811636637
-842217291
-842217291
-794746678
-715068320
-687146915
-521753072
-885037025
-885037025
-638714397
-638714397
-638714397
-517013791
-517013791
-620013427
-516679357
-515354203
-514509196
-514276723
-514276723
-746381918
-746381918
-527208940
-894898125
-894898125
-761049785
-632424690
-632424690
-632424690
-568025422
-527208940
-897983703
-514276723
-514276723
-514088533
-513853289
-510952063
-510952063
-510952063
-842184433
-510952063
-510952063
-510952063
-932701844
-932701844
-932701844
-785810171
-729715631
-655224192
-655224192
-510254303
-510254303
-510254303
-573838410
-510254303
-509565166
-869234471
-833798794
-833798794
-833798794
-680020841
-831900904
-831900904
-667016023
-587087412
-871342887
-871342887
-871342887
-871342887
-836212052
-836212052
-826330475
-826330475
-800092364
-986657887
-849692773
-847025477
-847025477
-851798459
-847025477
-818892336
-666212400
-666212400
-756267356
-601474202
-579980532
-579980532
-579980532
-579980532
-579980532
-579980532
-964491540
-964491540
-964491540
-964491540
-725979034
-935431141
-935431141
-720324325
-950548444
-950548444
-950548444
-950548444
-579082693
-571234016
-694194671
-694194671
-694194671
-694194671
-715887640
-715887640
-715887640
-599566262
-790587719
-790587719
-790587719
-790587719
-968831015
-562818229
-562818229
-820124860
-820124860
-717111041
-717111041
-717111041
-528479774
-509274728
-507284404
-889399787
-889399787
-889399787
-935481094
-964157486
-964157486
-964157486
-889399787
-714672883
-717642309
-717642309
-830610566
-714672883
-543736612
-543736612
-543736612
-951124169
-951124169
-951124169
-951124169
-946035392
-946035392
-946035392
-914444495
-711325837
-708268042
-708268042
-693630353
-880543173
-880543173
-655797015
-646707959
-610676075
-595914365
-890074108
-540407163
-660478697
-826910128
-826910128
-702874467
-944920299
-758682046
-758682046
-851454213
-702874467
-555662645
-553590420
-540407163
-531674415
-516063116
-516063116
-641948149
-507284404
-896671661
-896671661
-790726877
-909038195
-650654241
-650654241
-649700312
-649700312
-698341127
-769754692
-994413436
-669168975
-993699817
-908928362
-908928362
-908928362
-957695802
-957695802
-957695802
-957695802
-739150824
-739150824
-649700312
-649700312
-635544604
-635544604
-629335696
-629335696
-579729826
-571099670
-989139042
-773995568
-571099670
-571099670
-995698294
-995698294
-912276651
-506110138
-516697397
-516697397
-502757805
-502757805
-919640339
-842181899
-968537241
-502757805
-775770290
-816449711
-586461002
-509544214
-770493049
-770493049
-770493049
-640826055
-640826055
-640826055
-702467584
-702467584
-839386388
-839386388
-702467584
-997859975
-563746125
-709457263
-880536337
-949764410
-899237485
-888756784
-888756784
-815957289
-811759682
-811759682
-709457263
-668097480
-919559640
-912535795
-965086583
-912535795
-912535795
-913478334
-897382499
-897382499
-897382499
-717614662
-717614662
-717614662
-994957397
-994957397
-780070162
-780070162
-780070162
-691363858
-935368694
-668097480
-794541925
-898624925
-818741253
-818741253
-718670623
-718670623
-718670623
-678069524
-668097480
-668097480
-668097480
-668097480
-668097480
-668097480
-637749462
-919775604
-919775604
-812393898
-672834244
-672834244
-669019329
-669019329
-635345293
-882377578
-825024154
-825024154
-825024154
-966821820
-966821820
-823358909
-823358909
-970773739
-970773739
-889959962
-713661207
-615699720
-615699720
-608868282
-888768411
-888768411
-617999189
-603251541
-603251541
-599082659
-925241869
-587373975
-587373975
-587373975
-587373975
-587373975
-578047625
-908839012
-908839012
-997916702
-893972302
-893972302
-893972302
-893972302
-768725890
-976707928
-708144409
-708144409
-598091519
-570186596
-570186596
-873068741
-873068741
-866324532
-866324532
-959360283
-866324532
-866324532
-866324532
-728474364
-643833414
-643833414
-570186596
-793306377
-793306377
-596942780
-596942780
-972728512
-972728512
-596942780
-596942780
-580088836
-580088836
-679466224
-679466224
-957992370
-957992370
-679466224
-679466224
-960935549
-844895278
-844895278
-844895278
-821197810
-821197810
-821197810
-821197810
-821197810
-815405419
-815405419
-841030355
-738849080
-869036365
-785105872
-753661856
-753661856
-723443411
-812747788
-812747788
-723443411
-723443411
-990744749
-709143074
-816857916
-909897843
-816857916
-755565973
-826082076
-993246145
-826082076
-748621762
-998761048
-875612828
-690139562
-690139562
-796461131
-674699600
-647457520
-937833042
-639213771
-980020926
-980020926
-731614238
-639213771
-639213771
-766505247
-766505247
-639213771
-639213771
-746940736
-746940736
-746940736
-620644150
-614164954
-953953342
-836950734
-683918061
-683918061
-881709596
-865846531
-720795650
-648198166
-606671048
-778179797
-778179797
-713965468
-643881697
-643881697
-643881697
-643881697
-643881697
-643881697
-737742575
-737742575
-969616834
-737742575
-737742575
-737742575
-971510907
-971510907
-971510907
-971510907
-817528655
-712569676
-662299753
-958597117
-926776793
-841669019
-624389182
-624389182
-606663548
-606663548
-606663548
-606663548
-866835121
-603018616
-896788083
-896788083
-603018616
-594222816
-939267210
-939267210
-939267210
-939267210
-903085788
-988761243
-988761243
-988761243
-783148831
-914923205
-914923205
-914923205
-913480585
-955131547
-955131547
-913480585
-913480585
-913480585
-736332272
-956401901
-956401901
-700293204
-683750198
-718110494
-637107047
-637107047
-637107047
-707650507
-773670883
-773670883
-773670883
-773670883
-773670883
-773670883
-773670883
-786675768
-786675768
-773670883
-677566861
-635158454
-635158454
-614757650
-610159975
-610159975
-583580546
-970963692
-583580546
-583580546
-578213964
-982217145
-858290137
-923649674
-923649674
-858290137
-802790462
-780813917
-710372411
-710372411
-681512734
-943388560
-943388560
-747647740
-747647740
-693923192
-681512734
-681512734
-681512734
-681512734
-857961011
-857961011
-857961011
-857961011
-680426285
-869642780
-680426285
-676528371
-588984065
-688572351
-891645267
-891645267
-891645267
-891645267
-948183919
-948183919
-948183919
-926817530
-926817530
-926817530
-926817530
-926817530
-926817530
-849987549
-849987549
-849987549
-849987549
-849987549
-849987549
-876660992
-806008989
-801752725
-775914850
-699596461
-699596461
-688572351
-613307459
-568180929
-568180929
-568180929
-567747484
-567747484
-567747484
-567747484
-567153786
-567153786
-930762568
-826799263
-567153786
-567153786
-855708500
-735694366
-559911177
-559911177
-559911177
-559911177
-559634214
-559634214
-801371240
-801371240
-801371240
-864899981
-864899981
-895236125
-995687844
-995687844
-995687844
-995687844
-895236125
-881615483
-881615483
-881615483
-881615483
-937158218
-991429643
-991429643
-991429643
-991429643
-937158218
-928350220
-864899981
-864899981
-864899981
-864899981
-864899981
-847000046
-841911070
-841911070
-833057822
-816784292
-803870337
-782238047
-976819954
-976819954
-941333450
-782238047
-782238047
-846084726
-846084726
-782238047
-782238047
-746418978
-746418978
-746418978
-746418978
-705015289
-683945029
-834974507
-834974507
-904923739
-904923739
-955737733
-955737733
-936078583
-936078583
-936078583
-904923739
-904923739
-834974507
-834974507
-834974507
-834974507
-834974507
-834974507
-834974507
-834974507
-797369386
-797369386
-897510274
-780041793
-799647372
-780041793
-722939920
-664845411
-658105538
-656067193
-656067193
-850289931
-766783362
-766783362
-656067193
-656067193
-648409130
-648409130
-761974643
-761974643
-761974643
-761974643
-711926643
-618195331
-893260047
-893260047
-850948346
-850948346
-850948346
-968064799
-968064799
-822651776
-822651776
-805834513
-686401681
-686401681
-823551120
-995931115
-750832694
-750832694
-750832694
-750832694
-750832694
-750832694
-750832694
-834833181
-834833181
-952242726
-834833181
-834833181
-834833181
-834833181
-914703117
-730176316
-730176316
-730176316
-719193915
-719193915
-686401681
-733986396
-684717831
-684717831
-684717831
-684717831
-827439011
-827439011
-679505316
-860707084
-860707084
-860707084
-860707084
-860707084
-693277089
-657747395
-657747395
-657747395
-634676035
-620283989
-620283989
-620283989
-620283989
-620283989
-619995163
-619995163
-743208153
-720100090
-720100090
-964266871
-888505914
-888505914
-855532663
-604454940
-604454940
-812616932
-601975337
-601975337
-714735691
-727822009
-601975337
-908908574
-908908574
-706034578
-601975337
-601975337
-596806504
-956971585
-956971585
-593581592
-593581592
-593581592
-593581592
-601236342
-939721081
-993939232
-862558012
-703564718
-689364364
-600046741
-600046741
-588343924
-588343924
-588343924
-730527852
-730527852
-776478034
-776478034
-776478034
-776478034
-776478034
-776478034
-786729477
-786729477
-786729477
-786729477
-981751141
-888132002
-888132002
-786729477
-776478034
-671066694
-668837821
-799721117
-799721117
-616059712
-785729325
-901918900
-779911602
-814654411
-583115273
-581934825
-931782043
-979708159
-979708159
-931782043
-771991226
-980576191
-771991226
-771991226
-735563927
-735563927
-703550226
-682688519
-578139668
-889605009
-889605009
-889605009
-931759568
-843331064
-823741249
-823741249
-681457979
-681457979
-681457979
-681457979
-681457979
-681457979
-645875520
-832056289
-821149592
-821149592
-821149592
-586842821
-839458298
-884193998
-740860200
-740860200
-578139668
-998415558
-998415558
-998415558
-990738107
-990738107
-990738107
-990738107
-945496705
-945496705
-945496705
-937605828
-937605828
-868722438
-866364610
-771500459
-771500459
-750297008
-745014671
-578139668
-575942235
-573827994
-572635350
-844202926
-690880575
-656740241
-572635350
-931245187
-938555061
-938555061
-938555061
-980227252
-980227252
-569473349
-568936203
-568936203
-568936203
-568936203
-565500760
-706887918
-559970603
-638331526
-638331526
-638331526
-747063990
-558506942
-557749634
-895126747
-895126747
-895126747
-621271501
-593816833
-680004033
-555953738
-723462125
-869414830
-555274576
-555274576
-974652756
-974652756
-554665848
-548484178
-548484178
-739089204
-739089204
-739089204
-739089204
-835723862
-835723862
-835723862
-975508194
-835723862
-739089204
-545626896
-545626896
-545626896
-545626896
-545058378
-545058378
-544878733
-544878733
-544878733
-544878733
-944292647
-944292647
-944292647
-944292647
-944292647
-878173980
-878173980
-635912504
-611223799
-940566526
-810230410
-810230410
-749001275
-749001275
-749001275
-710656948
-710656948
-710656948
-726640391
-726640391
-710656948
-669297605
-543893047
-685545352
-685545352
-928251964
-928251964
-685545352
-685545352
-685545352
-685545352
-685545352
-539969892
-539632470
-581488829
-950973436
-950973436
-613715635
-581488829
-591026329
-989426014
-989426014
-989426014
-989426014
-928394752
-599900802
-599900802
-665999276
-855573287
-714771469
-714771469
-714771469
-714771469
-714771469
-591026329
-630929905
-591026329
-591026329
-562384903
-562384903
-546126672
-540199292
-540199292
-783962769
-673716213
-907792775
-540199292
-539113720
-538403938
-839188566
-839188566
-839188566
-839188566
-839188566
-839188566
-839188566
-839188566
-839188566
-839188566
-839188566
-839188566
-552586166
-664327880
-538089166
-538089166
-538089166
-994454453
-537024047
-535408838
-535408838
-608057763
-904218859
-904218859
-608057763
-976264779
-976264779
-608057763
-608057763
-608057763
-533871935
-530045841
-886758456
-809739680
-797515446
-867251018
-524421384
-524355304
-774544659
-517882754
-517882754
-620475962
-620475962
-937366397
-971469978
-971469978
-785445442
-565424039
-517882754
-583410975
-515237278
-515237278
-698248185
-599742327
-994940722
-994940722
-599742327
-512325951
-931811449
-855574086
-767189464
-847330985
-847330985
-969789705
-969789705
-969789705
-969789705
-876560832
-847330985
-847330985
-771776618
-705521184
-703933488
-703933488
-929957762
-946047688
-913120234
-685677463
-753182686
-696210659
-696210659
-696210659
-696210659
-696210659
-696210659
-696210659
-696210659
-696210659
-685677463
-685677463
-992150438
-992150438
-612750185
-612750185
-606281540
-606281540
-606281540
-606281540
-635560254
-571294944
-811806557
-811806557
-811806557
-704314367
-704314367
-704314367
-853589352
-853589352
-545712918
-949297996
-545712918
-545712918
-788612134
-946309185
-946309185
-844895319
-844895319
-836072379
-982490190
-982490190
-960564221
-960564221
-960564221
-836072379
-836072379
-836072379
-812871603
-980092878
-980092878
-821162350
-788612134
-775852948
-996633925
-775852948
-767847465
-767847465
-767847465
-767847465
-767847465
-767847465
-750815875
-712900400
-700147575
-680998971
-845626646
-845626646
-661112471
-827415994
-827415994
-875339299
-875339299
-810451381
-810451381
-867471267
-867471267
-872572290
-867471267
-867471267
-867471267
-867471267
-694994989
-694994989
-662310841
-623392750
-618702182
-987985989
-618702182
-609819746
-609819746
-609819746
-609819746
-609819746
-630130515
-630130515
-856138578
-889644372
-604516198
-581905990
-822421595
-581905990
-564137262
-564137262
-559046176
-545712918
-545712918
-545712918
-545712918
-545712918
-905115732
-531756544
-799603881
-799603881
-531026109
-529960594
-527526077
-527526077
-598772698
-534378697
-534378697
-527526077
-661443310
-661443310
-661443310
-525423067
-525423067
-758752961
-758752961
-758752961
-510757298
-510757298
-510757298
-507426903
-507426903
-507426903
-657708580
-657708580
-652925979
-743421353
-989678518
-839473716
-952266443
-952266443
-952266443
-846762447
-666876625
-794002385
-794002385
-794002385
-971161917
-907414726
-666876625
-587105934
-587105934
-685474980
-578367608
-521516888
-860489475
-860489475
-913969971
-516091150
-516091150
-923766531
-516091150
-516091150
-516091150
-516091150
-507426903
-798244929
-798244929
-798244929
-506171049
-506171049
-913552629
-998121965
-920012493
-504687465
-504687465
-504687465
-754018355
-504687465
-504569023
-504569023
-905361988
-905361988
-905361988
-510731190
-918072806
-538552549
-796531617
-796531617
-948384475
-948384475
-510731190
-510731190
-584270150
-762666210
-762666210
-584270150
-570134792
-570134792
-986479124
-986479124
-510731190
-842645248
-721061417
-721061417
-721061417
-721061417
-752196908
-752196908
-752196908
-721061417
-589967841
-942759521
-942759521
-642016262
-589967841
-815300662
-806073847
-703287992
-927184313
-589967841
-528895100
-528895100
-528895100
-633235280
-633235280
-967637391
-594872907
-528895100
-528895100
-528895100
-510731190
-510731190
-950485362
-502818286
-502818286
-502447136
-502220570
-502220570
-559478227
-501758703
-951485433
-501758703
-753235360
-500753221
-500511569
-873582267
-873582267
-934930289
-934930289
-873582267
-886711558
-885816207
-885816207
-744445493
-723189291
-653909666
-653909666
-644992669
-500511569
-828796509
-499454049
-499454049
-651395592
-864199611
-649238736
-940152157
-646185053
-646185053
-646185053
-499429363
-499429363
-499429363
-499073995
-499073995
-498914647
-498874661
-774298090
-990665632
-990665632
-912120683
-912120683
-969864667
-969864667
-969864667
-912120683
-907696427
-715638439
-751607161
-673466041
-673466041
-673466041
-663909428
-663909428
-586668764
-981956464
-568745891
-683618794
-594993720
-558607808
-558607808
-707111185
-949984077
-949984077
-949984077
-949984077
-949984077
-938123267
-938123267
-938123267
-938123267
-973430664
-936495117
-936495117
-936495117
-936495117
-933345185
-933345185
-912062832
-900005545
-900005545
-900005545
-871659763
-871659763
-707111185
-997069269
-997069269
-997069269
-997069269
-641086541
-628146467
-628146467
-628146467
-600999770
-600999770
-600999770
-600999770
-632055789
-943446878
-639258512
-639258512
-639258512
-639258512
-558305011
-805283387
-944363492
-698412010
-899642548
-899642548
-711743297
-637740191
-984946298
-984946298
-984946298
-838420210
-993054976
-993054976
-993054976
-968067466
-859287265
-859287265
-859287265
-812341120
-812341120
-812341120
