0
0
1
0
1
0
0
32
2
0
0
0
0
1
2281
2
5
2
2
0
2
3
1
0
0
3
17
0
0
0
0
13
0
2
0
0
0
0
9
2
0
0
0
0
0
0
1256
0
0
0
4
0
1
0
0
2
1
0
1
32
0
1
0
0
1
1
0
0
22
1
0
4
0
0
7
0
0
2
0
0
0
791
0
2
0
1
5
1
0
0
0
10
0
0
7
1
4
0
0
2124
1
3
0
5
0
13
0
0
0
0
7
15
0
0
2
1
0
0
1
27
0
0
11
0
0
4
6
0
0
0
4225
0
0
0
0
4
1
0
0
0
146
0
0
0
0
0
5
0
0
0
0
0
57
0
52
0
2
5
3
28
4
0
84
0
1
0
1
0
1
0
0
0
0
2
1
6
0
7
178
0
0
8
0
3
1
0
1
162
0
0
35
34
0
0
2
0
7
5
7
0
2
1
0
2
0
0
0
0
0
51
0
0
0
5
0
2
1
9
1
0
2
4
0
0
0
4
19
4
0
0
0
0
1
0
556
0
16
0
4
0
0
0
0
4
0
0
2
4
0
0
0
0
0
27
1
6
1
0
1
0
0
1
15
0
0
0
0
0
1
2
0
6
0
0
0
0
1
0
0
0
0
0
2
3
3
1
0
0
0
1
0
0
0
0
2
0
0
0
0
0
3
0
1
0
0
0
0
0
58
0
0
1
1
0
0
1
74
0
0
0
0
919
1
0
1
3
0
6
0
3
13
0
0
1
0
153
0
0
9
14
8
13
1
1
1
2
64
2
0
2
2
0
0
0
1
0
1
128
0
57
7
0
0
0
1
0
0
10
0
0
13
1
0
2
0
2
0
1
0
0
5
0
10
0
1
2
0
0
29
5
0
0
0
0
0
80
0
7
1
0
0
0
0
0
1
0
0
1
0
0
7
0
3
0
12
0
0
0
0
1801
0
1
7
0
0
22
75
0
2
1
2
0
1
7
2
32
41
3
13
2
1
0
5
3
0
9
0
0
0
0
4
7
0
0
21
0
0
0
0
9
0
665
0
1
0
47
41
20
0
3
0
2
1
0
1
14
1
0
10
1
0
0
0
0
0
1
0
0
0
0
0
0
8
3
2
0
0
0
0
1
0
3
186
0
0
7
0
90
0
303
0
151
0
0
0
0
0
7
0
0
9
2
1
0
0
0
0
2
0
2
0
470
0
1
84
240
0
1
0
0
1
2
1
0
0
1
1
9
0
6
3
0
0
0
0
0
2
295
0
2
0
0
0
0
5
0
6
0
0
2
0
1
1
0
3
22
0
38
1
11
0
1
0
27
0
0
0
7
0
4491
63
6
0
0
0
6
0
0
0
69
1
5
0
0
3
0
0
0
0
0
0
0
0
2
0
0
2
7
0
5
1
9
0
1
0
0
47
4
2
1
1
561
1
2
0
1
0
0
0
0
0
0
3
0
0
0
4
84
0
6
8
0
3
1
0
0
0
3
0
1
0
0
0
124
0
0
0
2
0
0
0
0
6
1
1
8
0
0
0
0
44
2
0
0
2
0
5
0
0
5
0
3
2
5
1
0
0
0
2
0
0
2
18
2
0
0
0
2
18
0
26
124
0
0
12
0
0
0
0
2
0
0
3
0
15
8
0
0
0
0
0
0
1
91
4
0
1
8
0
0
1
2
3
0
0
0
2
1
0
0
69
0
0
29
0
0
0
1
0
3
0
0
0
6
0
0
0
0
0
1
0
5
0
0
0
0
0
0
0
0
1
0
9
2
0
1
0
5
1
27
0
0
119
4
0
5
0
1
0
0
0
1
0
0
0
0
0
2
1
0
1
594
0
1801
0
3
0
0
1
0
0
9
3
66
39
0
0
0
0
17
8
0
0
0
0
0
0
0
0
0
0
0
13
0
0
3
8
0
0
0
6
69
7
0
0
126
4
8
5
175
171
2
0
0
19
8
0
1
0
6
0
0
0
1
127
103
0
0
24
0
0
4
2
20
1
1
0
2
0
0
43
2
2
13
0
0
0
1
3
47
84
0
3
2
0
2
2
3
1
0
0
0
0
0
1
1
0
14
0
0
0
3
0
1
0
0
6
1
631
0
0
0
0
170
1
0
0
0
15
3
0
0
0
3
0
0
1
1
1
0
0
11
0
1
9
3
0
0
0
0
0
7
0
1
0
39
0
182
8
0
0
0
0
1
0
0
0
1
1
6
1
1
2
3
0
0
0
6
0
0
1
0
0
0
2
0
0
0
2
0
0
27
0
2
4491
3
0
0
5
0
2
0
0
0
16
0
0
0
303
0
0
0
2
0
2
1
0
2
1
0
0
0
0
0
0
2
0
0
0
38
0
0
0
1
3
13
0
1
0
29
0
0
0
1
0
7
0
0
1
0
0
0
4
0
0
0
0
0
0
0
0
1
0
0
3
0
10
25
15
1
8
5
0
0
65
0
0
1
0
5
6
0
8
0
14
2
1
2
6
6
0
0
0
0
1
0
0
0
13
2
0
91
0
0
0
3
0
0
0
0
2
3
0
1
0
8
0
0
19
1
0
2
0
16
4
0
0
58
0
0
1
0
0
0
0
0
0
1
0
125
0
1
2
0
0
1
0
9
4
153
0
0
3
13
0
11
0
0
1
0
1
0
0
0
8
1
0
0
1
0
0
3
1
0
1
1
0
1
0
0
2
0
15
0
0
0
0
0
8
0
0
0
1
0
0
8
0
0
0
0
57
0
4
0
1
2
21
0
24
0
0
0
0
0
0
0
2
1
4
0
0
0
1
0
0
1
3
0
2
0
0
0
3
0
0
0
4
0
635
2
0
33
721
0
2
0
4225
0
0
0
0
3
0
8
2
4
0
0
0
0
0
6
0
10
0
2
1
3
13
2
4
2
0
0
7
0
15
1
2
0
0
0
0
0
1
0
0
1
0
1
0
2
7
2
13
0
0
2
1
0
1
5
0
2
2
1
0
9
2
7
2
0
0
0
0
0
0
0
1479
0
3
0
6
0
0
0
0
1
0
0
17
0
3
0
0
0
0
298
11
0
0
84
1
0
38
0
0
9
0
0
2
0
5
1
0
0
12
1
1
0
12
0
3
0
2
0
189
0
0
6
0
1
1
1
0
1
2
1
16
178
3
113
0
1
10
0
0
9
0
9
2
0
0
0
67
2
2
0
0
0
0
0
4
0
0
1
13
0
4
1479
1
2
136
1
0
42
1
1
0
0
0
6
6
5
27
0
0
1
0
0
0
2
2
0
1
0
1
0
3
7
0
462
0
0
0
0
0
0
0
1
12
3
1
0
0
0
0
0
9
0
13
50
0
0
1
1
1
2
1
3
0
0
0
3
0
4491
0
1
0
1
0
0
0
7
0
47
38
50
0
4
0
6
0
0
2
7
0
0
0
0
1
2
34
9
2
1
1
0
0
2
0
0
0
0
6
0
9
5
0
0
0
0
1
721
0
1
0
0
0
0
0
2
2
0
18
0
0
0
3
0
0
0
1
1
0
7
3
0
0
18
0
3
2
0
0
0
0
13
0
0
0
2
1
0
2
0
2
0
0
0
0
0
0
2
0
5
16
1
1
0
0
0
0
672
4
0
1
1
2
0
0
0
0
0
5
0
0
0
0
0
0
1
0
5
0
16
0
35
2
9
0
0
1
0
0
0
0
0
0
0
110
3
13
0
0
0
2
0
0
0
3
0
1
0
0
1
0
0
0
0
0
0
0
1
0
168
0
0
1
1
1
1
0
0
0
3
2
471
1
0
0
0
7
0
0
3
0
0
0
2
15
0
1
298
304
0
2
1
0
0
2
3
1
80
0
0
16
0
3
0
19
0
0
0
1
0
2
16
0
3
6
0
0
0
3
0
3
2
0
0
0
6
2
0
2
0
0
30
0
2
4
0
0
0
12
6
0
0
0
1
13
3
0
0
1
0
0
3
0
2
1
1
4
7
0
5
1
0
6
0
0
0
69
1
0
0
0
1
0
0
0
3
1
0
0
0
2
2
0
6
1
1
0
0
0
1
0
0
0
1
1
182
7
0
0
63
2
1
0
0
0
1
1
5
0
1
0
2
1
2
0
6
0
0
0
0
1
4
0
29
3
4
0
12
1
0
0
0
11
0
0
1
0
0
0
0
0
4
0
30
0
0
0
147
14
0
0
0
0
3
0
0
10
1
4
7
0
0
2
0
0
2
8
3
0
2
0
7
0
8
0
0
0
2
0
0
0
1
0
0
3014
0
0
8
2
1
7
1
0
2
0
1
2
0
7
0
0
1
0
0
0
0
34
0
0
0
0
1
14
1
0
0
2
0
0
2
0
0
0
0
34
7
2
0
0
1
3
0
1
1
0
0
0
3
0
2
0
846
0
2
3
0
0
2
0
0
5
9
0
629
259
0
0
0
90
0
1
2
0
0
0
0
2
1
9
38
0
0
0
0
31
39
0
0
23
0
0
0
194
0
2
2
0
18
35
16
1
0
72
5
4
1
0
0
22
0
0
0
0
1
1
29
0
0
5
2
3
434
0
0
10
0
1
14
0
0
17
0
0
1
0
0
2
9
77
0
0
0
0
462
5
0
162
0
0
2
14
0
1
12
2
0
0
2
1
32
10
0
0
1
0
0
0
10
3
0
7
1
5
0
3
0
0
5
3
54
0
0
0
0
1
2
17
0
0
0
30
2
6
14
2
2
3
0
1
791
0
0
0
0
3
0
0
0
0
4
2
2
0
0
0
2
0
6
0
1
0
11
0
0
1
0
0
0
0
0
0
7
1
0
1
1
1
5
0
2
0
1
0
288
9
0
0
1
0
0
0
0
219
0
0
2
9
0
0
0
0
0
20
228
3
4
0
0
5
29
11
0
0
1
2
1
11
47
17
0
0
0
0
3
0
29
1
2
0
54
14
0
0
0
0
1
12
3
0
80
67
0
0
3
3
0
0
10
2
0
3
1
4
0
1
1115
0
11
1
1
0
2
0
1
1
27
1
0
0
0
1
0
0
1
0
0
16
0
0
0
0
0
8
18
0
0
0
3
0
1
0
0
1
0
0
2
15
2
0
3
0
1
0
0
103
1
0
4
0
0
271
0
2
6
1
0
0
0
6
7
2
1
0
0
0
0
107
0
0
5
1
27
0
0
1
0
3
4
0
1
0
0
0
0
0
1
0
0
0
0
0
0
1731
0
1
3
0
0
0
12
0
2
0
0
0
0
0
0
0
0
0
22
0
0
434
0
0
2
0
641
57
2
4
0
0
0
4
0
2
7
3
13
0
1
0
14
0
1
0
0
2
0
0
1
0
0
0
0
0
0
0
1
27
0
1
0
0
0
174
0
1
0
0
0
16
0
0
0
4
0
111
0
7
0
0
0
0
919
0
0
1
7
0
5
1
0
0
10
0
0
0
0
51
84
0
3
0
0
2
4
77
1
0
0
1
2
0
5
0
0
8
1
0
74
0
2702
10
0
175
0
4
9
3
0
0
1
51
0
0
0
0
41
0
0
0
0
0
2
1
0
0
0
1
162
2
0
67
0
28
0
0
7
0
0
6
0
0
5
0
0
0
0
47
43
0
0
0
2
2
0
0
0
0
162
0
0
90
0
0
0
3077
1
0
0
288
0
4
0
13
12
0
2
0
28
0
0
3
0
0
0
0
2
0
17
0
6
0
1
0
0
0
5
3
0
0
24
2
0
0
3
0
0
6
0
0
0
3
3
0
29
0
0
0
15
3
0
151
0
0
0
1
0
2
0
0
0
0
22
1
7
3
0
0
1
4
0
0
1
1
0
0
0
17
0
0
3
0
4
8
0
0
175
0
1
0
1
0
0
0
2
40
0
0
0
0
0
3
2
0
0
14
6
0
1
3
0
0
0
0
0
1
5
11
6
2
1
0
2
0
1
0
94
0
2
27
1
0
0
0
0
2
1
1
0
0
0
0
1
3
0
2
1
0
1
0
1
0
14
0
1
1
1
0
6
6
0
0
629
0
0
0
0
16
0
17
0
6
0
2
0
0
0
0
0
0
28
0
0
0
0
0
0
0
1
0
0
1
0
47
8
0
0
0
4
0
0
1
1
1
16
55
3
0
0
1
0
0
1
0
0
0
0
0
14
5
2
13
3
7
5
0
0
8
4
1070
0
0
0
1
0
11
2443
0
0
3
2857
5
0
2
0
2
0
0
0
0
0
3
1
0
1
0
0
19
1
0
21
0
1
1
0
1
0
10
0
1
2
0
0
354
0
0
0
3077
0
0
0
0
4
0
1
2
0
0
7
0
0
4
7
1
0
0
1
6
0
4
0
0
0
0
0
0
1
0
0
4
3
0
0
281
3
0
0
19
0
0
0
561
2
2
1
0
2
2
0
64
532
45
13
0
0
0
0
0
0
1
1
0
22
0
0
0
0
0
0
0
0
0
0
0
0
0
0
4
0
54
0
47
0
35
19
0
0
4491
0
0
0
1801
0
12
1
0
0
0
0
0
0
0
1
0
0
0
22
69
0
0
0
52
0
2
0
0
0
1
1
4
6
0
1
0
0
0
0
0
0
1
0
9
0
0
1
1
10
0
0
2
10
0
0
1
76
0
0
0
0
5
0
0
2543
3
8
0
0
0
0
9
33
4
2
8
1
0
1
1
1
16
0
0
1801
