2
0
0
2
11
0
0
5
4658
0
4
0
0
2
0
54
0
0
0
0
10
0
0
2
0
0
3
2
0
1
0
0
0
4
1
0
0
0
2
0
0
1
1
0
1
0
0
1
3
1
0
1
1
0
5
310
0
2
0
0
1
61
2
1
3
0
0
0
1
0
0
1
3
2
0
12
18
0
1
12
0
0
0
0
0
10
4
0
5
0
0
0
0
1
1
0
2
10
1
25
3
0
0
0
0
0
0
0
0
0
0
0
2
6
0
0
0
19
0
0
2
0
16
2
0
0
0
2
0
0
0
49
5
2
1
2
8
0
0
0
1
0
2
8
2
0
0
0
5
4
0
0
31
10
0
1
0
2
11
2
0
1
1
0
0
0
0
0
0
0
1
0
0
1
0
0
47
4
0
0
0
1
0
5
0
0
0
88
0
0
0
0
0
14
0
0
1
1
12
1
554
0
0
1
1
0
0
0
2
1
6
0
0
1
0
0
0
16
2253
0
0
1
4
5
6
0
1
9
0
0
0
0
0
1
0
5
4
3
0
0
0
0
0
0
108
67
0
0
0
2
1
0
0
0
0
0
10
0
1
0
1
2
0
351
0
0
0
0
0
0
1
0
40
0
0
0
0
0
0
64
1
0
0
0
1
130
0
0
0
2
2
0
1
0
67
0
0
2
0
0
7
0
1
0
0
0
55
0
0
33
0
0
2
0
4
1
0
0
0
9
2
2
5
1
0
88
1
0
26
3
0
1
17
0
0
0
0
1
9
0
3
0
0
1
6
0
284
0
0
3
5
0
0
2
0
1
1
0
1
0
0
1
0
0
2
0
0
7
2
0
1
1
0
2
0
1
0
0
0
1
0
221
0
0
2
0
2
3
0
7
0
0
0
3
2
10
32
0
719
0
0
4
2
1
0
0
0
167
0
0
3
5
0
0
12
0
0
0
0
12
0
0
6
1
4
115
0
32
2
1
15
4
1
1
1
0
0
0
0
0
0
4
3
4
24
0
0
0
3
3
0
1
0
2
0
0
0
2
0
0
0
1
5
0
5
1
6
0
0
0
0
0
1
0
4
35
0
1
0
27
2
0
0
0
0
0
0
0
0
0
10
1
0
1
37
0
0
1
0
1
1
12
0
2
0
4
4
1
1
0
1
0
0
2
0
0
0
262
0
51
0
0
0
1
0
0
2
0
3
0
0
0
7
1
13
22
0
1
0
36
10
0
0
0
0
0
0
1
6
1
36
0
0
0
2
0
1
0
351
0
0
3
0
1
32
0
17
0
5
27
0
0
16
0
79
0
0
0
0
0
1
1
0
0
0
0
0
0
1
0
0
1
0
27
1
2
24
7
2
19
0
0
22
21
0
0
2
0
0
0
14
0
3
4
1
0
0
0
0
0
0
4
80
0
5
5
15
0
11
0
0
0
8
0
0
0
0
0
0
1
3
0
0
0
0
0
0
23
3
0
51
6
0
1
1
9
1
8
1
1
59
0
775
2
0
31
1
0
1
0
0
0
10
1
2
35
0
8
1
4
0
6
0
0
0
13
2
0
0
9
0
0
6
0
1
2
128
0
0
0
32
0
0
1
1
0
0
15
0
0
0
0
0
0
0
0
1
2
3
21
6
0
1
0
1
0
3
0
0
0
2
1
5
0
3
0
3
0
6
2
1
0
0
3
0
0
1
0
66
0
6
0
0
0
0
0
0
0
0
1
2
1
4
16
1
0
0
13
1
4
7
2
22
0
0
0
0
9
0
0
0
1
0
0
17
1
0
1
1
1
0
0
0
0
4
0
0
9
2
0
1
7
0
0
0
2
50
0
0
0
0
1
0
0
0
29
1
0
0
0
4
1
0
1
0
2
0
6
4
0
1
0
0
21
0
0
0
0
0
24
0
0
104
1
2
0
42
0
0
0
0
0
3
0
26
0
0
0
7
1
0
0
2
0
2
0
1
2
1
0
0
4
0
0
5
0
0
0
0
0
0
6
0
6
226
0
0
2
4
0
5
2
0
0
0
1
0
0
0
0
0
0
0
4
0
0
29
1
0
0
4
15
43
0
0
31
2
2
0
10
0
0
0
0
0
2
0
1
0
0
0
0
0
0
0
0
25
0
0
6
2
0
3
0
8
0
0
5
0
0
0
0
0
0
1
0
7
1
2
0
0
0
8
5
0
1
2
0
5
2
0
0
0
0
2
633
1419
2
3
0
0
0
0
6
0
1
2
5
0
37
0
0
0
0
1
4
1
4
2
6
0
0
1
114
5
0
119
0
0
0
0
3
0
4
0
0
0
2
1
0
5
2
1
2
3
0
0
4
0
0
86
0
0
0
0
0
0
3
10
3
0
0
0
5
0
0
6
0
0
0
0
0
0
0
4
1027
2
0
0
0
1
3
0
855
213
3
3285
1
0
0
14
0
1
0
7
0
68
2
0
1
0
2
0
0
85
85
33
2
2
1
0
0
79
145
0
0
0
2
0
0
0
0
0
0
0
1
0
0
3
1
1
4
0
5
0
1
8
1
0
0
1
1
0
0
0
0
0
0
0
0
65
0
0
0
0
32
1
0
0
1
1
2
0
0
0
0
4
0
2
0
0
1
18
1
0
2
0
0
0
154
36
10
0
0
0
4
0
3
3
0
1
1
13
5
2
0
0
4
0
0
0
0
4
2
0
0
0
0
0
1
0
0
0
0
0
77
0
0
0
0
1
44
0
0
0
3
0
0
1
1
38
1
6
0
4
2
0
709
0
0
19
9
2
0
0
0
0
3
0
1
2
1
0
0
1
0
0
6
0
0
0
19
0
0
0
0
4
2999
18
0
0
1
1
0
0
0
0
0
12
1
0
0
0
1
0
0
4
227
1
0
0
0
0
0
0
0
40
1
0
7
0
4
1
2
0
0
3
21
0
1
5
3
6
1
0
2
1
0
1
0
8
0
0
29
1
3
1
2
171
0
5
7
0
0
9
0
0
1
0
2
3
3
2
2
0
1
18
0
0
4
0
0
2
5
0
1
1
1
1
0
38678
0
0
7
0
0
0
0
0
0
8
0
1
0
119
5
0
1
0
0
0
13
0
3
0
8
0
0
0
1
5
0
3
0
0
0
1
0
4
0
3
1
0
3
0
0
2
4
0
0
0
124
1
0
1
0
0
0
0
0
16
0
0
1
0
0
0
0
0
0
11
0
26
0
2
1
0
0
8
7
0
0
0
0
1
0
4
6
3
0
0
0
0
1
1
0
2
0
2
0
2
0
0
0
0
0
0
0
0
0
0
0
2
0
2
34
7
12
1
0
0
19
0
0
1
5
0
0
0
0
0
58
11
1
0
0
227
0
2
2
0
0
1
0
0
49
0
1
2
0
0
10
1
62
0
1
0
0
1
0
0
0
0
305
0
0
1
1
0
0
0
0
0
0
1
0
0
2
0
0
2
0
6
0
10
0
1
0
0
6603
114
0
0
0
11
36
1
0
2
0
27
0
0
0
0
3
0
3
0
0
0
0
1
0
0
0
115
0
160
0
0
1
0
47
20
0
1
0
0
6
11
0
6
6
1
0
7
1
0
6
401
0
6
1
0
99
1
1
2
2
0
0
102
0
0
1
0
0
10
14
0
0
25
3
3
0
0
0
0
1
0
2
32
0
7
0
0
30
0
2
1
0
517
3
1
0
21
0
0
0
0
7
0
6
0
0
0
1
0
0
0
0
0
0
0
0
3
154
0
8
0
0
0
0
0
0
1
84
0
0
0
2
6
10
0
1
556
66
0
0
0
0
0
42
0
0
2
79
0
0
0
0
42
2
1
603
2
14
0
0
3
2
111
1
25
0
0
0
60
0
9
0
0
41
0
0
0
74
0
3
0
3
0
0
106
0
1
0
3
1
31
1
0
2
1
3
10
0
0
0
4
0
18
76
3
0
2
0
2
0
0
0
1
0
0
1
4
0
4
0
0
118
0
0
0
0
0
0
6
0
6
20
0
1
0
0
0
0
0
4
2
0
24
0
0
9
0
0
1
0
1
0
0
0
8
139
29
0
0
3
0
14
2
16
0
0
0
1
0
1
0
29
6
18
9
0
0
1
88
0
1
14
0
0
0
0
0
8
1
3
0
0
0
0
4
1
113
0
0
2
0
1
0
3
0
0
0
3
0
0
0
0
0
0
0
0
1
0
0
32
0
5
2
7
0
0
4
1
0
0
8
0
1
1
0
0
20
0
1
0
0
0
0
13
0
0
0
0
0
0
0
0
0
18
17
0
0
14
3
0
1
0
0
0
1
1
0
0
0
2
2
1
3
10
0
0
2
3
1
0
1
5
0
0
0
8
3
0
1
0
3
3
1
7
0
59
0
0
0
0
0
12
0
0
1
1
0
0
0
0
3
9
2
0
0
0
0
0
0
1
0
0
25
0
0
0
275
0
2
2
0
0
3
0
4
35
6
2
0
0
1
4
2
49
32
7
0
0
624
0
0
20
2
0
6
0
0
0
0
46
2
0
0
0
0
3
0
2
0
0
4
0
0
11
80
1
71
0
0
0
11
0
2964
0
160
0
1
1
0
0
5
10
0
0
10
0
0
203
1
44
2
0
1
0
0
12
0
2
2
10
1
2
0
0
0
35
3
0
0
2
16
0
0
1
0
8
0
2
0
0
8
1
0
0
49
0
0
8
0
0
0
0
0
0
1
2
4
0
0
1
0
0
0
7
0
5
0
3
56
6
0
0
4
0
0
0
0
0
5
6
0
6
1
0
1
39
1
1
0
5
43
379
0
9
0
0
1
3
0
0
1
0
1
57
2
0
1
0
3
0
0
0
0
0
0
0
2
2
2
0
0
1
0
0
65
1
8
0
0
0
2
1
0
0
0
11
3
3
4
1
0
53
0
0
18
3
0
20
0
0
3
0
0
9
2
0
0
0
0
0
0
0
0
0
0
0
0
0
1
0
0
0
0
1
0
0
0
1
20
2
0
0
0
1
0
0
1
0
0
98
0
1
523
0
0
1
0
0
0
49
7
0
0
0
1
0
0
2
0
0
0
0
0
0
3
1
0
0
0
0
0
1
0
7
2
4
0
1
2
14
0
1
0
0
0
5
0
0
2
97
2
0
2
0
1
0
5
0
1
0
0
1
0
0
0
0
6
0
0
0
9
0
0
1
0
0
0
4
0
1
1
0
2
0
0
0
0
13
1
16
0
1
77
1
30
6
0
0
0
0
0
5
36
13
0
0
4
2832
0
0
3030
1
111
0
7
0
0
0
5
1
0
36
88
0
9
9
0
0
1
1
0
0
0
10
4
3
8
0
0
4
0
0
0
0
1
73
0
33
0
12
9
0
0
1
0
2
0
1
3
0
0
0
4
8
2424
3
20
4
0
18
79
5
3
26
0
0
2
0
0
0
2
0
6
60
0
1
0
0
75
7
2
4
0
0
0
0
465
4
0
0
0
1
0
0
0
0
0
0
0
1
0
0
30
0
1
0
1
2
57
0
7
20
34
0
0
0
4
34
0
0
0
1
101
7
0
1
4
1
0
1
103
0
1
0
2
0
1
0
0
4
6
4
2
1
0
0
1
0
4
0
0
1
0
1
0
0
0
0
2
1
2
0
0
78
0
2
0
0
0
0
11
0
3
0
0
0
0
0
23
3
7
0
1
0
2
0
0
1
47
0
0
0
0
0
43
5
0
0
4
0
28
0
0
2
0
0
12
0
0
0
3
0
1
1
0
0
2
0
0
1
0
4
22
0
1
0
10
2
4
1
0
0
12
12
1
0
1
9
0
3
1
0
0
0
0
0
1
4
0
12
0
0
0
1
1
0
2
0
27
0
0
52
0
0
0
0
1
66
12
15
0
0
2
0
0
6
1
0
2
1
0
80
0
0
0
0
0
0
0
0
1
4
0
1
5
1
0
3
0
0
1
0
0
0
0
4
0
1
0
1
0
0
12
19
200
0
1
16
11
0
29
0
0
0
0
10
0
0
0
1
3
208
1
0
35
0
0
0
3
0
63
0
1
10
0
1
0
0
0
0
0
0
42
0
3
6
1
0
0
0
0
0
2
0
0
1
2
0
351
0
14
8
0
47
0
0
0
0
24
0
0
0
1
135
1
0
8
2
34
0
0
0
106
0
0
0
2
0
0
111
0
7
0
0
0
2
0
0
0
0
1
0
0
80
0
0
105
0
0
1
0
0
21
2
0
69050
3
0
0
0
0
3
0
1
2
1
18
1
23
0
0
1
0
39
109
0
0
21
0
0
0
0
1
0
0
2
1
1
0
0
4
0
1
1
4
11
0
1
210
0
93
0
0
0
0
0
0
3
0
0
0
3
4
1
0
0
0
1
1
8
2
3
0
0
0
0
6
0
0
1
1
7
10
0
15
0
7
7
2
2
2
5
50
0
13
1
0
0
1
1
1
0
0
0
0
23
0
0
0
0
0
0
0
52
6
1
0
9
7
0
11
1
0
3
6
5
10
3
1
0
0
0
0
19
0
21
0
1
0
0
1
0
9
0
0
0
110
2
0
1
4
0
3
0
0
1
1
2
1
0
0
0
90
0
1
1
1
0
0
4
0
0
554
0
0
0
0
0
0
0
0
0
3
0
1
4
0
0
0
22
0
0
13
1
1
11
208
0
8
5
302
0
0
5
8
476
0
3
1
1
1
1
0
43
0
1
0
2
1
0
0
0
0
1
0
2
4
7
16
186
0
6
0
0
0
15
23
22
10
5
14
0
3
4
0
1
0
1
0
0
2
0
0
11
0
0
0
0
0
0
1
0
0
0
1
0
4
0
0
0
0
9
0
0
0
1
0
0
0
0
0
0
0
0
1
0
0
3
1
0
0
0
0
0
0
0
6
0
2
8
1
0
0
1
0
8
1
0
0
0
18
5
8
0
0
0
0
4
0
1
0
3
4
0
0
0
8
0
0
2
0
0
1
0
0
1
3
1
0
3
0
0
5
24
3
3
0
19
0
0
0
16
0
0
0
0
4
0
0
114
3
2
0
0
2
11
4
252
0
3
0
1
9
1
0
3
0
1
0
1
0
0
0
0
1
0
2
3
1
0
5
0
0
0
0
0
0
3
0
0
1027
6
398
2
0
0
0
0
0
0
0
0
0
1
0
1
6
1
35
0
0
2
0
3
4
17
0
0
0
0
2
4
18
0
0
2
0
0
0
0
0
0
18
29
0
0
1
3
5
0
1
0
0
0
0
0
0
0
1
2
0
2
0
0
4
2
149
8
1
43
0
0
1
0
1
1
0
4
34
7
1
8
0
1
0
0
3
0
1
4
1
3
0
132
12
1
2
0
0
51
22
0
0
0
0
5
0
0
0
19
0
0
13
12
0
21
0
0
72
29
1
0
0
24
1
0
0
2
0
0
0
0
215
0
21
0
20
0
0
4
3
0
0
1
20
9
0
0
0
0
0
0
1
0
1
0
8
0
0
1
26
0
0
1
0
0
1
0
1
1
1
0
1
11
1
6
0
0
0
1
0
0
0
0
2
7
0
0
0
0
8
1
6
0
1
4
0
0
0
0
0
0
0
0
20
3
0
0
0
0
0
1
0
0
4
0
0
1
11
0
5
17
0
0
0
0
312
0
135
8
2
0
3
0
6
7
2
1
0
1
3
0
10
0
1
0
0
0
0
0
0
0
0
0
15
0
100
20
1
0
1
1
0
0
1
5
0
0
0
0
2
1
0
0
3
3
0
1
0
0
0
0
0
0
0
0
2
0
0
0
0
12
0
0
5
0
0
2
0
3
0
0
16
1
9
0
0
0
0
1
4
80
2
0
0
2
0
1
0
0
59
3
16
0
0
0
0
10
0
0
1
0
13
0
2
1
0
1
0
0
17
0
2
0
2
0
0
159
0
2902
0
0
6
0
1
13
3
1
1
0
5
0
27
0
17
0
0
2
0
0
0
0
0
1
0
4
0
0
0
2
0
0
2
0
3
1
11
0
0
0
0
0
2
3
3
9
0
0
2
0
1
0
0
0
1
0
0
0
0
0
0
0
0
4
1
3
145
0
0
2
0
0
1
4
1
1
0
3
0
5
0
4
0
0
1
0
0
0
1
0
0
0
0
0
0
0
1
8
1
12
6
0
33
0
0
0
6
0
0
0
0
6
0
2
0
0
2
3
0
0
1
349
3
0
12
0
6
0
0
1
27
0
6
1
0
4
0
4
0
0
3
2
4
388
1
5
3
1
1
0
0
9
2
5
45
0
0
0
0
2
0
1
0
0
0
1
0
9
0
1
0
0
0
2344
1
3
10
1
1
2
0
269
35
2
10
0
0
17
0
333
0
0
3
0
18
0
1
6
1
0
0
0
0
0
0
19
1
0
0
0
0
0
0
2
0
2
0
0
0
21
0
0
0
15
0
0
0
1
1
10
0
0
0
0
7
5
0
21
3531
2
27
1
0
0
3
0
2
2
0
0
2
0
1
2
0
3
0
2
3
0
6192
0
4
0
0
1
1
35
1
0
12
0
0
1
6
0
0
2
0
0
0
1
0
0
0
1
3
0
1
1
0
2
1
0
0
0
52
0
1
0
0
0
8
48
0
0
12
1
0
0
2
14
11
118
0
0
0
0
0
0
148
0
2
0
0
1
111
0
2
1
0
0
0
1
0
0
34
74
0
465
48
5
6
0
9945
0
1
0
0
0
1
1
1
0
1
0
54
0
1
1
0
6
9
0
0
0
0
0
0
995
1
0
2
24
7011
0
2
0
1
0
0
0
3
0
6
0
0
2
0
0
19
0
0
0
0
0
0
4
0
0
0
1
229
0
51
1
1
0
3
8
0
3
7
1
2
0
0
0
0
0
61
134
0
8
0
6
1
0
0
0
3
2
0
2
0
0
1
0
1
4
0
1
0
0
7
0
72
0
0
0
1
12
20
0
0
0
0
0
0
0
0
1
32
0
0
0
68
0
100
2
0
1
3
0
0
3
0
0
11
0
0
0
0
1
11
1
0
1
9
0
2
0
0
0
7
0
2
11
2
0
0
0
0
1
3
1
0
0
23
1
0
0
0
19
0
1
2
0
7
2
1
0
0
0
0
0
6
1
4
3
0
1
1
0
0
1
9
0
2
2
1
2
0
0
1
6
3
4
0
0
0
0
136
4
0
0
45
1
4
0
0
0
0
6
0
4
0
0
1584
0
0
1
0
0
0
0
0
0
0
0
0
2
4
1
0
0
75
0
0
1
2
4
0
3
0
0
0
11
1
0
2
10
0
0
2
0
22
112
1
0
87
0
6
161
0
0
0
2
72
2
0
4
2
0
1
1
0
4
0
7
0
0
1
7
0
0
0
0
0
16
1901
0
0
0
0
1
0
52
0
0
1
0
0
0
3
0
1
0
5
0
3
1
0
0
9
2
1
0
0
4
0
3
1
2
11
0
17
0
77
0
0
1
5
158
0
0
0
0
0
0
6
0
0
4
0
0
2
1
9
0
0
0
1
0
9
1
0
6
0
7
0
0
0
0
0
15
0
0
0
0
29
1
0
6
1
4
0
1
33
0
7
10
10
0
1
2
0
0
0
0
0
0
2
1
0
7
0
1
3
0
0
0
0
0
0
30
1
0
0
0
278
0
0
0
0
56
0
2
0
12
0
0
0
0
0
0
2
0
0
1
1
0
22
1
9
6
36
4
1
5
0
3
0
4
0
0
2
31
0
0
61
2
1
0
1005
0
0
0
7
1
0
0
0
0
5036
0
1
0
0
0
1
16
0
3
0
0
0
0
0
5
5
78
0
1
0
0
0
8
1
0
0
0
0
0
0
5
8
0
0
18
0
10
0
0
0
1
0
4
1
3
0
0
0
4
0
125
2
0
12
6
3
0
0
254
0
0
2
0
0
0
4
9
6
1
1
2
0
0
0
0
0
0
14
0
2
2
0
0
0
0
0
5
7
1
1
0
0
0
1
7
1
0
1
0
0
1736
0
0
0
1
0
89
0
1
1
0
0
275
1
0
0
0
0
15
1
0
0
2
0
11
0
0
0
0
0
1
1
0
1
0
0
85
8
0
0
2
19
2
0
0
1
0
16
0
0
28
1
5
1
55
2
0
1
0
6
0
0
1
3
0
1
2
0
1
3
0
4
0
1
0
0
0
0
0
2
0
6
4
0
1
2
0
7
0
3
0
0
0
2
14
0
0
0
140
7
35
0
114
2
5
1
0
0
0
3
0
0
0
6
0
5
0
14
1
0
0
0
0
18
2
0
3
15
1
0
0
0
1
0
30
2
0
0
0
0
1
0
0
0
1
0
1
0
0
4
0
0
0
0
4
0
0
4
0
0
0
1
0
0
0
0
3
50
1
0
0
0
0
0
0
0
0
1
15
0
0
0
0
0
0
4843
1
1
10
2
2
0
0
0
1
0
3
0
2
0
0
5
0
1
1
199
2
1
0
0
0
32
0
15
10
0
0
0
0
1
0
0
3
0
3
0
32
0
8
0
0
8
1
0
0
0
3
0
0
0
0
2
2
5
1
0
0
95
0
309
0
0
0
6
1
2
0
3
0
1
0
0
0
0
0
388
0
0
0
0
1
0
1
1
1
0
2
3
0
0
3
0
4267
0
0
1
16
3
2
2
1
0
0
0
1
18
16
0
1
6
12
2
1
0
4
0
0
0
1
0
0
0
2
0
5
0
7
0
0
0
3
1
0
0
0
0
0
1
11
0
1
0
0
0
0
17
17
0
11
0
3
0
0
0
0
1
0
0
1938
0
81
0
0
16
0
8
0
0
2
1
12
0
0
11
2
11
4
0
0
2
10
1
0
1
0
0
0
0
1
6
16
19
0
0
0
0
0
1
0
0
0
0
1
0
0
3
1
4
0
1
265
0
0
0
0
60
0
3
3
0
26
0
0
4
0
0
2
4
6
2
0
0
0
2
9
25429
4
0
2
1
1
0
0
0
37
3
1
0
1
0
0
0
3
789
0
0
120
5
0
0
0
1
0
0
0
62
2
7
7
3
5
1
2
22
3
0
74
0
0
0
2
0
6
1
0
1
0
8
5
0
1
0
1
0
0
7
0
0
446
2
96
0
797
0
2
0
0
18
6
0
0
8
4
0
0
0
9
0
2
1
0
4
0
21
12
0
1
1
0
0
2
2
0
7
1
0
0
137
0
0
0
6
1
0
28
10
0
5
1
49
3
0
6
0
1
0
0
0
1
1
1
1
0
0
2
0
2
2
1
38
0
0
2
75
4
15
0
4
5
0
42
1840
0
0
0
508
4
1
7
0
0
0
0
0
1
0
0
0
0
5
3
8
0
3
0
2
0
4
0
0
0
0
0
0
4
2
3
0
0
1
7
0
1
0
3
1
0
1
2
34
16
0
0
0
0
1
0
0
0
0
7
2
0
0
0
1
0
3
0
9
1
3
0
0
1
1
0
3
0
34
1
0
13
0
0
0
0
0
0
0
1
0
0
38
0
0
0
0
0
0
0
22
0
9
0
0
0
109
2
53
1
3
2
7
3
0
143
4
1
1
0
0
0
0
0
4
0
0
4
0
2
0
3
7
0
0
12
1
0
69
1
0
0
0
2
30
0
0
0
0
0
0
0
1
0
0
0
5
0
0
0
1
0
1
0
65
314
1
0
8
0
0
0
0
1
2
0
7
0
1
11
0
0
0
11
7
7
3
2
0
9
4
0
0
1
2
17
2
0
0
1
0
1
0
0
6
0
0
1
0
1
0
2
1
0
2
0
7
2
0
0
6
0
0
0
0
0
0
11
0
0
6
1
0
0
0
1
0
41
0
0
0
3
0
0
0
0
2
2
0
0
251
0
0
3
1
0
0
3
8
0
2
0
8
0
0
0
1791
1
10
0
5
0
20
0
0
1
0
0
0
0
1
0
24
2
0
2
5
2
0
0
0
2
0
0
0
57
0
0
6
3
1
0
0
0
1
1
0
0
0
0
0
4
0
0
1
342
0
7
0
143
1
0
0
2
21
0
0
0
1
0
1
0
0
0
0
0
7
0
37
10
115
0
0
13
0
0
0
47
0
0
93
49
0
0
0
0
2
0
0
0
0
1
0
0
0
0
1
3
36
0
1
1
0
0
1
0
0
0
0
7
0
0
1
1
2
6
35
0
1
0
0
0
5
2
10
12
1
0
0
3
3
0
5
1
0
23
0
0
1
23
0
1
0
0
3
0
0
0
0
0
0
0
0
20
0
0
0
0
1
0
2
0
0
0
11
23
0
4
6
0
0
0
1
0
8
0
0
0
0
44
0
6
1
2
4
1
10
0
0
0
0
0
2
1
2
14
0
0
2
2
4
2
7
0
2
0
0
9
0
3
2
0
1
0
8
1
1
0
2
0
0
7
0
0
19
1
0
0
26
8
0
0
3
12
1
1
0
1
0
1
10
0
0
1
2
1
3
22
0
0
4
3
104
0
0
0
2
2
7
1
0
0
0
1
0
0
0
15
0
0
1
2
1
15
3
0
0
0
0
5
0
0
0
1
1
2
1
0
4
0
0
13
0
0
0
0
5
0
1
0
110
160
0
0
0
29
0
2
0
0
2
1
1
0
11
0
0
72
0
0
0
0
0
2
9
0
0
0
0
1
0
0
0
44
1
0
0
0
0
0
0
2
1
20
1
0
0
2
2
0
0
26
3
0
0
0
4
0
0
1
1
0
1
346
0
0
0
4
9
7
2
4
6
0
0
1
0
0
0
0
0
2
1
0
3
0
0
0
3
0
1
0
1
0
0
0
10
196
6
4
0
3
3
1
2
0
0
3
1
0
0
0
20
0
7
495
1
3
0
0
0
0
299
4
6
308
0
2
0
15
0
0
0
2
0
109
3
0
0
0
1
0
0
0
2
0
12
3
0
2
1
1
0
10
1
0
0
0
0
6
0
0
0
1
5
0
5
0
0
0
4
0
2
1
8
0
2
1
3
1
0
0
0
2
0
0
0
0
0
13430
6
0
0
0
0
0
0
0
7
0
2
3
0
3
9
7
0
1
0
0
0
0
0
1
0
0
0
1
0
0
8
0
0
1
1
21
0
0
0
8
0
0
0
28
0
1
11732
7185
0
0
0
0
1
0
62
0
0
43
335
0
0
1
0
1
2
0
4
14
0
1
2
1
0
2
2
37
0
0
104
0
0
0
0
2
0
8
75
1
0
0
8
2
0
140
0
0
0
0
0
1
1
0
0
10
1
4
0
2
0
2
54
0
0
0
10
0
53
0
0
0
135
2
2
10
12
0
9
9
1
0
5
0
0
13
0
0
0
0
0
1
0
1
2
3
0
0
2
4
0
1
1
0
6
16
65491
0
0
11
92
0
0
0
0
0
82
3
6
1
0
754
0
0
2
0
0
0
0
2
0
2
1
1584
2
0
3
0
0
2
3
0
0
3
79
0
0
0
0
0
0
0
0
0
1
0
6
0
0
0
2
0
0
0
4
2
172
0
0
15
0
2
0
1
0
0
6
0
0
0
0
0
0
11
0
2
0
0
3
0
7
2
2
4
0
0
0
0
0
0
1
0
0
4
2
1810
1
0
1
1
6
71
0
1
0
9
1
0
0
14
0
0
0
6
0
0
0
17
0
0
1
0
0
0
0
0
0
0
45
0
1
4
61
7
2
3
0
686
0
2
0
0
80
0
45
0
1
1
0
13
2
0
1
0
0
0
2
9
0
0
15
0
0
0
5
0
3
6
1
0
0
10
1
0
2
0
0
0
0
0
0
0
0
3
0
0
3
0
1
4
1
0
0
0
0
2
0
0
1
0
0
26
3
0
2
0
15
2
0
0
8
0
0
0
1
0
9
0
1
0
0
0
2
32
18
3
0
0
0
0
0
13
2
0
2
25
1
0
346
0
5
2
0
1
0
1
13
1
1
0
2
0
0
3
0
0
0
0
8
11
6
14
1
3
0
0
7
1
0
140
0
0
1
0
0
4
0
2
0
0
0
18
5
2
18
1
0
1
0
0
2
0
0
2
0
0
0
0
5
0
0
1
1
0
0
3
0
0
4
9
7
87
0
0
0
2
1
0
1
0
1
0
1
1
3
0
0
1
0
7
3
46
0
0
0
0
1
0
1
0
0
7
0
0
4
7
0
0
15
1
10
1
1
1
4
0
0
86
0
0
3
1
0
0
0
0
1
1
1
7
1
0
0
0
1
4
0
0
0
1
0
0
2
1
0
1
44
9
5
2
0
122
1
362
3
0
1
1303
0
0
0
0
5
3
14
0
2
64
0
2
0
0
0
0
3
0
0
2579
2
1
0
8
1
3
0
0
33
0
1
0
0
4
0
7
3
0
0
31
0
0
0
1
23
0
0
0
57
12
0
8
0
0
3
0
0
0
6
2
4
15
5
139
0
2
0
182
0
0
0
11
1
27
0
18
2
0
0
1
0
0
1
3
0
0
1
59
0
0
0
0
1
1
0
1
0
0
0
6
0
14
52
0
0
0
0
0
0
0
1
1
0
28
1
7
1
0
0
2
1
3
0
0
1
0
0
0
0
0
35
5
0
0
3
0
2
25
2
0
0
1
1
7
0
5
3
0
612
0
0
0
0
2
0
0
1
5
3
4
0
4
0
2
0
1
62
2
5
0
0
28
0
1
0
0
318
3
2
2
0
2
1
0
1
0
0
0
1
1
0
0
0
1
34
1
32
0
33
16
0
0
34
0
1
31
0
0
0
17
49
0
0
0
2
1
36
0
0
0
0
0
0
0
1
5
7
1
0
0
0
4
0
0
15
0
0
0
2
0
3
4
0
2
0
0
5
2
0
0
0
0
26
0
0
0
1
0
8
0
0
0
8
2
0
0
1
6
1
0
32
0
2
0
0
0
0
70
12
2
16
0
0
1
30
0
2
0
6
0
5
10
3
3
2
3
0
0
2
0
7
9
0
379
1
24
1
0
0
0
1
1
1
0
0
1
0
3
11
1
0
0
3
0
0
5
0
0
0
0
1
0
0
0
1
0
3
0
1
0
0
0
0
0
2
0
1
0
0
11
0
0
0
0
0
0
0
18
4
1
0
0
7
1
0
0
0
0
0
2
1
0
0
0
0
0
13
0
11
3
4
12
0
1
5
3
0
6
1
0
11
0
2
0
0
3
0
0
0
0
3
5
0
0
2
4
1
0
0
0
179
1
1
0
2
29
63
2
23
5
13
0
0
0
0
1
0
0
1
1
0
0
1
0
0
23
3
0
10
3
0
0
0
22
2
10
0
2
9
0
0
0
1
572
0
0
0
5
0
1
5
7
0
2
6
137
0
1
0
0
0
6
1
0
0
0
0
1
0
7
8
1
0
0
0
4
0
2
0
0
0
2
2
1
0
2
1
0
1
0
119
73
0
0
0
0
1
0
0
0
0
21
0
0
0
4
2
1
6
1
23
4
10
8
1
18
14
0
0
1
0
6
0
0
0
0
3
2
17
0
11
0
0
2
0
2
4
0
0
62
4
0
29009
13
4
7
27
2
1
0
0
9
0
1
0
0
8
0
0
3
16
0
0
8122
0
0
0
1
2
4
0
0
1
0
4
0
0
0
0
1
17
404
37
0
3
0
0
0
0
0
2
5
0
0
3
0
1
4
0
9
46
0
0
0
0
0
0
42
0
14
0
7
1
17342
0
0
0
3
3
0
0
21
33
0
0
0
2
931
0
6
0
2
0
3
1
1
0
0
0
0
0
0
1
3
0
0
69
0
0
11
1
0
37
1
1
88
0
0
1
8
3
0
4
0
0
1
0
0
24
0
2
24
1
1
0
1
0
0
0
0
2
1
3488
0
0
8
0
0
0
0
2
0
108
0
11
769
31
0
0
1
0
0
2
69
0
0
0
0
1
0
0
0
6
0
0
0
0
2
0
0
0
0
13
4
1
0
0
5
2
0
1
0
6
0
0
272
9
3
0
0
0
0
0
6
3
0
0
38
3
21
0
23
4
0
0
0
0
0
13
1
2
1
6
1
0
6
0
0
0
0
2
0
0
1
0
0
0
1
0
0
1
14
1
0
2
3
0
1
1
1
0
0
1
0
0
0
0
0
1
0
0
0
12
11
0
0
0
8
1
0
0
0
3
0
0
0
0
0
0
0
0
4
2
5
21
4
0
3
0
2
0
0
7
1
0
0
29
1
712
6
1
29
4
5
2
0
0
5
1
0
1
0
0
0
223
0
0
1
0
9
0
12
0
0
0
1
41
1
0
0
0
3
0
0
0
0
0
2
3
74
0
1
1
0
6
1
0
0
0
1
1
17135
0
8
0
4
0
666
0
81
0
0
5
15
0
1
2
0
0
1
0
0
0
0
1
0
0
0
8
0
1
0
0
0
10
0
64
0
2
0
0
0
144
11
5
0
0
0
9
0
2
0
4
130
0
17
0
1
0
0
0
0
1
1
37
0
1
0
1
19
2
3465
1
0
0
82
0
0
0
1
0
1
2
3
3
29
0
25
0
0
0
0
26
0
313
0
0
0
0
10
0
0
0
2
0
0
1
1
0
27
0
0
0
3
0
1
4
0
0
4
0
1
0
4
0
3
0
1
0
3
10
0
5
0
0
18
2
1
0
0
4
64
0
0
0
0
1
0
0
0
0
0
1
0
0
0
0
3
0
0
0
0
0
0
0
6
1
2
2
0
71
0
0
0
4
1
0
0
3
5
0
2
8
1
18
4
0
0
0
0
0
0
0
12
0
0
1
11
0
14
0
4
0
0
0
30
0
5
2
0
0
0
0
37
24
0
0
0
0
0
0
3
3
0
19
4
1
0
0
0
0
5
0
0
0
0
0
1
1
0
1
1
2
0
5
1
2
0
6
0
0
0
0
4
32
0
1
453
2
0
0
0
3
0
6
0
0
0
0
87
7
3
0
41
0
1
31
0
0
0
30
3
0
0
0
1
155
6
0
0
2
27
0
0
0
0
0
30
11
0
0
0
0
0
2
1
0
0
20
0
1
0
0
0
9
0
0
79
0
0
2
7
0
0
136
1
2
17
0
11
0
0
0
0
0
1
1
2
0
6
1
0
0
0
0
8
0
7
1
1
10
0
1
23
0
6
4
0
1
25
0
1
1
8
0
0
0
0
4
0
0
3
4
0
7
0
16
20
3
1
66
0
0
2
11
0
1
6
0
0
1
0
0
0
0
144
0
1
1
0
4
0
0
1
7
3
0
21
0
0
0
2
0
12
0
0
0
2
2
5
6
0
2
1
0
0
0
0
2
0
0
3
0
0
1
0
0
0
0
1
11
0
0
0
9
0
7
3
1
0
0
0
31
0
0
0
855
661
3
0
0
23
2
0
0
6
1
13
0
0
0
0
0
1
7
0
2
0
0
0
0
3
0
2
0
0
1
0
6
0
1
0
3
1
0
55
0
0
0
39
5
0
49
0
1
0
1
1
0
1
0
0
0
1
21
0
1
5
2
1
12
0
29
1
0
0
0
0
0
0
0
0
0
0
1
0
0
0
5
4
0
5
14
0
0
0
2
3
1
0
2
2
0
0
4
2
0
1
3
0
0
0
0
1
0
2
0
0
64
0
1
0
2
0
1
0
2
0
4
10
0
0
0
1
2
0
0
2
0
1
1
0
5
0
3
27
8
0
0
0
0
9
0
8
0
0
0
1
1
0
0
0
63
0
0
0
2
0
0
0
36
0
3
1
0
8
6
8
0
0
9
1
39
0
27
1
9
11
0
0
0
0
131
1
1
85
65
1
1
1
0
0
1
0
0
0
0
0
0
1
0
1
0
1
1
9
0
27
2
0
4
0
0
1
44
0
0
0
1
3
7
0
1
0
0
9
11
0
2
0
0
3
0
0
0
0
0
0
0
1
0
1
0
0
0
0
20
7
3
0
7
0
92
6
0
0
0
2
0
0
0
0
10
0
1363
3
0
6
0
0
0
0
11
0
0
23
0
1
0
0
0
74
0
0
1
0
8
0
0
2274
36
0
0
0
182
0
4
0
0
1
4
2
0
0
1
18
1
0
5
3
0
0
1
43
2
10
0
1
1
0
0
0
0
4
1
0
18
4
4
0
6
5
0
1
4
0
241
0
0
0
0
2
44
0
17
0
1
0
6
0
0
1
0
3
0
0
0
0
0
2
0
5
0
0
11
0
0
0
0
0
1
0
0
3
0
0
2
0
0
0
0
9
3
5
0
0
0
14
4
3
0
3
0
0
0
0
4
0
0
6
2
2
0
0
0
0
0
0
0
0
0
4
712
0
0
0
1
0
0
0
1
49
0
0
15
0
1
0
0
2
1
0
1
3
512
0
0
6
0
0
3
2
0
2
21
0
22
0
0
0
3
0
0
0
1
1
3
0
1
8
0
0
0
3
0
4
0
8
0
0
0
0
0
0
1
0
25
3
3
0
0
1
2
0
1
0
0
6
0
5
0
4
0
0
2
9
0
8
0
0
0
0
1
0
1
0
0
0
0
1
0
0
0
4
0
0
0
0
0
0
0
0
0
0
1
0
0
0
0
0
1
132
1
0
7
85
0
0
27
2
7
30
17
7
1
4
0
0
1
2
0
1
0
0
4
3
0
0
0
0
7
228
0
0
0
6
0
17
0
4
15
0
0
1
0
1
0
67
1
0
0
0
20
0
0
0
0
2
0
0
3
0
0
0
2
0
0
7
2
0
1
2
8
1
3
0
0
486
2
7
0
0
1
0
1
0
0
0
1
0
0
0
15
0
0
0
0
0
0
7
0
0
47
1
3
0
1
1
6
2
0
1
14
1
0
0
0
0
2
1
0
0
0
17
1
0
0
0
0
0
0
1
0
2
0
1
0
0
1
0
0
0
3
0
8
0
0
2
0
1
0
0
0
0
0
0
3
7
4
10
4
2
0
0
0
0
0
0
0
4170
0
31
0
31
3
0
0
1
0
0
0
2
0
1
11
0
0
0
0
0
6
0
0
0
1
2
1
0
1
1
0
75
1
0
1
4
0
2
6
2
3
0
1
0
0
0
3
0
3
5
1
4
0
0
0
0
0
1
0
0
0
0
6
0
4
3
1
0
0
2
0
2
11
0
0
2
45512
0
20
1
0
5
41
0
0
3
17
0
27386
0
0
0
2
1
0
8
0
0
0
3
0
0
7
1
0
49
28
0
1
15
0
4
0
0
0
0
1
0
0
0
3
0
5
1
0
0
0
151
2
0
0
2
9
1
1
12
0
1
19
1
0
4
0
1
3
0
3
0
0
1
0
2
0
0
1
22
11
0
0
0
2
0
0
0
0
0
0
0
0
2
0
0
0
0
1
0
3
0
0
3
7
0
0
0
1
1
0
14
0
2
0
0
1
1
0
0
4
0
0
2
20
8
3
0
61
18
2
0
0
0
41
2
0
0
11
10
27
2
1
0
0
19
7
0
3
3
0
0
0
1
0
4
0
0
0
0
136
0
0
2
0
0
3
0
4
0
2
5
0
0
13
1
3
0
3
1724
0
3
0
0
1
0
6
4
1
1
0
0
0
0
0
0
4
0
0
9
0
0
0
11
0
0
0
2
0
5
1
0
1
3
1
0
7
0
27
0
0
0
0
3
1
110
0
0
0
0
4
3
0
0
0
7
2
0
0
0
0
0
0
95
7
12
0
2
6
23
5
2
0
0
0
0
6
0
0
0
1
5
0
19
0
0
14
0
2
2
6
0
0
11
0
4
1
0
0
0
0
1
4
4
0
49
0
0
21
0
0
0
1
1
0
1
0
712
0
0
0
9
0
0
0
0
4
0
0
2
0
0
0
42
37
1
0
1
0
0
0
0
0
11
0
14
0
0
0
3
0
0
1
22
2
6
5
0
5
0
0
3
0
0
21
14
0
19
0
0
2
0
0
15
37
0
0
0
173
3
0
0
12
1
3
0
0
0
0
0
0
0
0
0
0
0
0
2
1
0
6
3
1
0
0
0
0
0
0
0
36
5
4
0
1
3
0
1
0
1
0
0
0
0
0
0
0
0
0
0
25
0
15
0
1
0
123
0
3
1
0
0
0
2
0
1
133
3
6
1
1
1
265
6
3
0
0
1
0
0
4
5
0
12
1
0
0
0
0
2
6
1
0
6
2
6
0
1
0
0
0
0
0
0
0
1
0
0
1
0
0
77
0
1
1
0
0
27
0
0
0
10
3
0
1
1
1
32
2
0
1
0
0
0
0
0
2
1
1
0
0
0
0
0
1
0
0
2
0
1
0
0
1
0
0
0
0
0
1
5
2
0
15
0
0
0
0
0
1
1
0
0
0
1
19
0
0
0
2
0
1
1
0
0
0
10
6
0
0
1
0
0
1
0
0
136
2
0
2
0
0
0
0
13
0
1
0
0
0
6
1
1
88
0
0
0
1
3
1
3
1
34
5
0
26
0
0
0
1
1
0
3
0
0
0
0
0
0
0
6
0
0
0
1
4
0
0
6
0
0
0
0
2
0
1
0
0
11
1
3
1
2
0
2
0
0
6
12
0
0
4
0
22
0
29
0
1
0
0
0
1
0
0
2
0
3
3
0
0
12
0
0
0
0
0
7
2
94
1
0
2
0
0
0
0
0
0
284
0
0
0
0
0
0
4
0
29
0
0
0
5
16
0
0
1
23
0
0
2
4
0
127
17
16
4
0
1
0
0
2
1
44
5
0
14
0
0
8
5504
0
2
0
0
0
1
0
0
1054
2
2
0
8
0
1
25
0
3
0
0
1
0
0
6
0
0
2
3
0
67
0
3
0
2
0
0
0
0
0
0
0
1
1
0
1
0
1
3
3
6
8
0
0
14
1
1
0
0
0
0
0
0
2
0
9
0
0
0
0
6
0
0
12
0
0
0
0
2
0
0
3
0
0
32
182
38
2
0
0
0
3
0
0
2
1
0
0
0
0
3
0
1
0
30
0
13
1
0
0
2
0
0
0
0
4
0
1
0
2
0
0
0
57
0
0
2
0
0
0
8
0
3
0
6
10
1
2
2
0
502
0
0
0
3
0
0
1
0
2
0
0
0
24
0
0
0
9
0
0
1
0
0
1
0
0
0
176
1
0
1
1
0
2
1
2
1
3
0
0
0
4
0
53
1
0
7
0
1
0
0
0
1
0
5
2
0
87
1
7
0
1
0
3
0
1
1
1
1
0
2
7
0
0
4
0
3
2
1916
2
0
7
0
20
0
41
0
0
0
91
0
1
2
0
0
0
0
0
0
0
0
0
693
1
1
1
0
0
0
0
1429
10
0
0
6
0
105
0
0
40
9
0
1
0
22
62
8
0
0
0
1
0
2
0
1
1
0
3
35
21
1
6
0
0
8
0
2
0
0
0
0
6
7
11
0
0
0
0
1
6
0
0
0
0
0
0
0
0
0
2401
0
0
8
3
2
0
3
0
0
0
0
0
3
1
5
1
0
0
0
4
299
2
0
0
0
0
1680
0
9
0
4
3
0
1
0
0
1
0
2
0
0
0
1
0
1
1
1
45
0
0
8
4
11
1
2
0
0
13
7
0
0
0
0
2
2
0
0
0
0
3
0
0
3
11
2
4
7
0
0
0
1
0
60
0
1
0
0
0
3
1
4
11
1
0
1
0
4
0
0
0
0
0
0
0
0
0
1
264
0
0
0
0
0
23
3
0
0
9
0
5
1
0
0
1
1
0
2
0
0
16
0
3
0
0
3
0
76
16
0
1
0
0
1
0
0
0
3
0
1
0
0
0
0
15
6
0
1
1
11
8
9
0
86
21
0
0
0
0
0
8
5
0
1
0
0
1
0
0
1
3
0
0
0
1
5
8
0
0
0
0
0
0
0
0
0
1
0
0
0
0
0
0
70
2
0
0
0
0
0
0
5
0
0
0
0
0
12
0
0
16
130
0
0
1
1
1
9
0
3
0
8
0
0
0
0
24
4
0
70
0
0
0
0
0
0
0
1
17
3
0
0
0
0
0
0
0
8
0
0
1
0
1
0
0
1
23
0
20
0
1
1
0
10
0
0
0
0
11
1
11
15
0
0
0
0
0
1
0
35
0
2
0
0
1
3
0
3
0
11
1
1
1139
0
0
1
0
2
4
4
0
2
0
0
0
2
2
0
0
2
0
3
0
0
0
2
17
34
0
7
0
2
0
2
0
0
0
1
0
0
0
0
33
1
1
0
570
13
0
0
4
2
0
2
8
4
95
1
1
3
1
2
1
0
0
7
59
4
0
4
1
0
0
2
11
0
0
0
0
0
0
0
0
9
3
0
1
1
1
2
0
0
0
5
0
1
3
0
4
0
8
2
0
132
0
1
28
0
0
0
0
0
0
8
2
0
5
0
10
0
0
0
0
2
3599
7
0
11
0
2
7
1
1
0
82
0
0
0
0
0
15
1
0
60
4
1
0
0
0
7
0
9
2
0
1
0
1
4209
1
0
0
1
2
4
0
5
6
0
5
0
0
1
0
0
0
0
0
0
1
1
0
0
0
5
0
0
5
0
1
0
3
0
0
4
9
2
12
4
20
1
14
1
2
8
1
1
0
0
0
140
4
3
1
1
0
1
1
0
0
0
1
1
8
3
1
143
1
0
1
0
0
0
3
18
0
0
2
0
4
0
6
20
0
10
0
0
0
0
31
0
0
0
185
26
1
1
5839
1
0
0
2
6
0
6
1
4
0
0
181
0
1
1
0
5
0
0
7
0
0
0
2
5
0
0
29
0
0
0
0
0
10
0
11
0
2
0
26
2
0
0
0
1
0
594
0
3
0
1
26503
0
8
168
725
1
0
149
0
0
0
0
0
404
1
4
1
0
0
0
3
11
2
0
0
5
0
2
0
0
0
0
1
2
0
0
0
0
0
3
0
0
0
23
0
0
1
10
2
0
49
0
1
5
0
3
4
1
6
0
0
0
0
0
0
0
0
0
15
0
0
0
0
0
1
1
2
2
2
0
39
1
0
5
0
3
4
1
0
0
0
0
1
1
60
57
0
1
1
0
0
11
0
1
0
143
1
0
0
0
1
15
8
0
4
2
1
1
12
943
0
0
30
12
1
0
0
4
0
0
8
1
1
4
0
0
1
1
0
3
3
0
0
0
218
4
0
0
4
0
1
3
1
29
6
0
129
0
3934
45
0
0
0
0
0
12
6
1
1
1
0
27
0
1
2
74
0
0
0
11
0
0
0
1
1
2
0
0
0
0
0
0
0
0
3
0
0
0
0
0
0
0
26
16
0
208
2
2
0
0
0
0
3
0
0
3
0
0
0
8
0
4
2
0
0
5
2
0
0
0
0
48
7
2
0
3
2
2
2
0
1
4
0
158
478
1
5
0
0
10
1
0
0
0
0
0
0
98
0
0
0
6
0
0
1
0
6
2
3
0
0
0
23
0
30
0
6
1
0
0
0
4
74
0
3
7
0
0
0
1
0
3
0
0
0
0
0
0
2
0
235
7
8
0
1
2
0
0
0
0
1
0
0
0
186
0
0
108
1
0
72
41
1
0
0
0
0
9
0
3
12
0
4
0
0
0
6
0
0
8
240
0
0
2
0
0
0
1
11
6
0
5
0
0
0
22
0
0
0
0
0
0
0
13
2
3
15
0
0
0
0
0
0
0
8
0
0
3
3
0
0
0
1
0
65
0
1
0
12
1
0
12
0
0
4
0
1
9
0
0
0
0
0
8
254
18
3
0
2
0
1
0
6
0
0
0
8
0
1
0
0
1
5
118
7
0
0
1
2
11
0
15
7
0
2
5
0
5036
3
0
15
0
0
3
0
9
42
0
0
0
0
1
0
15094
0
3
1
0
0
0
4
2
0
83
2
0
1
11
0
1
6
0
0
0
0
5
9
0
0
7
0
0
1
0
12
253
0
0
2
5
0
1
0
44
0
0
3
14
0
25
0
0
0
0
1
0
1
0
14
2
3
0
0
326
0
0
0
0
5103
0
0
0
0
0
9
0
1
18
2
0
260
0
0
0
0
8
13190
0
0
2
0
0
0
0
0
1
0
0
3
0
0
0
0
0
0
0
230
12
0
0
7
2
1
7
2
0
0
0
0
0
0
0
5
3
0
47523
0
0
0
0
12
0
0
0
0
0
0
0
0
0
0
0
3
0
5
6
0
2
25
2
639
0
0
1
2
37
0
0
0
0
0
0
0
0
0
0
0
0
2
16
4
0
1
1
3
1
0
0
0
0
0
0
0
0
0
5
0
0
0
0
0
0
0
0
9
0
0
0
11
0
0
30
0
13
17
0
0
0
7
36
0
22
0
0
0
26
3
2
6
0
0
0
0
2
0
1
0
23
0
9
4
9
3
0
0
5
0
160
0
1
0
0
2
7
0
1
3
0
4
0
4
4
3
0
0
0
0
0
0
3
0
4
71
0
0
0
0
3
4
46
1
0
1
0
0
0
1
3
0
0
0
10
3
0
17
1
1
0
0
0
0
0
20
0
2
0
0
342
3
1
18
0
1
0
16
0
1
0
21
6
0
0
0
1
29
0
50
0
0
1
0
103
1
0
0
0
0
0
4
38
4
2
0
1
371
1
6
0
12
4
0
5
1
0
0
722
5
0
0
0
26
0
14
0
8
2
0
16
0
3
0
0
5
0
0
0
0
0
4
0
13
0
0
0
4
0
2
0
0
0
0
0
0
4
0
0
14
2
4
6
0
76
0
0
4
2
0
0
136
2
84
4
3
30
0
2
24
1
1
2
0
0
0
0
0
2
0
0
5
10
79
1
5
0
0
8
25
27834
49
2
0
3
2
0
0
0
434
1
0
0
0
8
1
1
0
0
1
1
0
0
1
0
0
1
0
1
1
0
2
2
0
0
0
0
8122
0
0
8
0
108
0
2
0
0
0
0
0
0
0
1
121
2
0
42
320
0
0
63
0
0
0
0
0
0
28
106377
2
1
1
1
0
1
2
0
0
0
1
0
50
0
0
0
1
0
0
0
0
0
0
2
2
0
0
0
0
0
5
0
1
0
0
0
0
0
1
379
0
0
0
3
19
1
0
0
1
0
0
2
12
2
0
0
1
6
1007
0
0
6
19
0
0
0
583
0
1
1
4
0
0
7
4
1
18
2
7
0
1
1
1
6
3
0
0
1
0
0
0
0
0
0
0
0
0
0
0
0
0
5
0
1
0
3
0
0
0
0
132
0
0
0
0
0
31
2
9
0
0
3
0
7
0
0
0
0
63
0
0
0
5
38
27
0
0
3
1
0
0
0
0
0
1
2
0
0
2
3
0
5
4
1
17
0
2690
0
1
2
2
129
1
22
20
2
4
0
6
0
0
1
0
0
0
0
0
0
1
0
182
2
0
0
2
0
0
0
0
11
0
2
0
9
12
0
1
0
0
10
98
0
1
0
0
0
0
0
3
0
6
1
0
0
0
0
0
0
1
0
0
2
0
0
0
0
1
0
0
2
0
5
18
14
0
6
1
0
0
1
0
1
0
0
2
0
1
0
0
1
24
2
5
0
36
0
1
63
0
1
1
2
304
0
0
0
0
14
55
0
0
12
0
63
0
11
1
22
0
0
6
0
0
0
21
0
0
2
0
4
0
0
0
5
6
1
0
0
0
0
8
0
10
0
0
0
0
14
0
33
37
0
1
0
0
0
0
8
2
6
0
1
0
0
0
0
0
0
0
1
0
0
0
14
6
2
4
11
0
0
0
1
7
43
1
3890
0
0
0
0
0
1
15
3
0
0
0
0
0
0
1948
0
0
32
0
0
0
34
0
0
0
0
1
23
23
0
0
7
1
0
0
15
0
1
2
0
1
0
0
4267
51
6
0
0
1
0
0
0
2
2
0
0
1
0
10
0
0
1
0
3
0
0
2
0
32
0
0
1
0
0
0
0
0
22
0
3
0
1
0
0
0
0
1
1
0
2
1
0
0
0
0
1
1
9305
17365
1
1
0
0
0
0
0
0
12
0
0
0
0
8
34
6
0
2
1
0
6
0
22
0
0
1
1
0
6
6
0
4
1
0
1
0
0
1
1
0
0
0
1
0
0
0
4
1
3
4
0
0
0
0
1
2
1
1
2
0
0
0
4
0
0
0
0
0
0
0
0
0
31
1
0
2
0
0
0
3
1
0
0
0
1
4
0
2
1
36
1
0
7
0
1
0
0
0
2
2
75
1
0
2
0
3
0
1
0
1
7
2
1
0
0
0
0
0
1
2
99
1
2
747
0
8
1
1
1
5
1
1
0
0
1
0
0
0
0
0
15
0
74
1
0
33
2
0
0
1
0
0
0
0
0
2
3
31
1
1
1
0
0
177
0
0
0
4
0
18
1
3
0
0
0
0
0
0
1
0
1
0
97
1
1
0
0
0
3
1680
0
0
0
1
4
2
0
31
0
0
2
0
2
1
39
0
1
10
2
0
4
0
2
17
2
39
5
0
1
1
0
6
0
0
0
0
0
0
1
0
12
6
5
0
8
1
0
65
10
22
0
29
0
0
177
0
6
0
0
1
0
456
12
0
7
0
0
0
0
20
0
0
0
25
1
17
0
0
0
0
75
0
0
0
62
1
0
0
0
0
0
2
0
4
0
25
2
19
0
13
17
0
18
0
5
2
1
118
30
157
21
1
0
0
0
0
0
0
1
0
465
2
0
0
36
4
1
1
1
5
0
0
0
0
0
0
0
2
0
0
1
1
2
0
0
3
0
2
0
1
0
0
8
36
1
14
0
0
0
2
2
2
1
24
7
0
1
1107
0
7
0
1
0
5
0
3
0
2
1598
0
3
3751
2
6
24
0
2
0
1
0
0
0
1
0
0
0
0
0
0
0
0
0
3
233
0
5
0
2
0
1
71
2
0
2
5
370
0
5
0
1
1
0
0
5
0
0
0
0
0
1
2
1
0
0
2
129
0
0
53
0
2
2
4
19
1
0
11
0
1
0
4
8
2
1
3
2
0
0
2
1
0
0
1
0
69
5945
12
0
0
33
1
3
1
11
0
0
0
34
6
0
0
7
0
5
2
0
4
1
0
0
1
4
0
6
2
16
1
0
0
0
0
1
0
0
0
0
2
0
0
0
1
0
5
2
0
27
23
0
0
1
0
0
0
0
1
1
32
0
0
1
3
0
4
0
6
0
0
3
19
6
7
1
0
0
1
0
2
0
0
0
0
0
6
0
38
0
4
0
1
0
0
2
0
3
9
0
5
0
0
0
0
0
1
0
257
3
0
0
0
6
0
0
301
0
0
0
0
0
0
0
0
0
0
0
14
8
0
175
0
0
0
0
0
0
0
0
0
0
2
0
1
22534
0
8
0
8
0
24
0
0
0
0
2
0
0
15
5
0
0
1
126
18
0
1
0
7
1
0
0
5
0
0
0
4
3
0
0
1
1
1
0
0
2
2
0
0
0
0
26
0
0
0
0
0
1
0
0
0
31
0
0
0
5
199
0
0
1
37
0
0
162
0
26
3
0
0
3
1
0
11
1
0
0
1
3
0
2324
0
0
0
0
1
0
0
471
0
0
0
6
0
0
0
0
0
27
0
11
3
0
0
2
0
1
1
0
3
1
0
3
5
0
1
0
1
0
0
0
0
0
0
3
0
1
1
0
0
0
0
3
1
3
2
1
1
8
0
6
1
5
3
0
1
1
4
0
0
132
0
5
0
0
20
0
1
0
0
1
0
0
0
0
1
0
2
2
3
8
2
0
2
0
4
0
0
0
16
6
7
0
0
1
0
0
0
11
3
0
0
9
0
2
0
7
0
17
0
1
0
0
16
1
0
3
7
1
0
0
21
0
1
0
0
8
0
0
2
0
5
0
6
0
2
0
0
3
0
3
1
3
0
0
2
13
0
0
22
79
0
0
4
0
1
0
0
0
18
0
7
1
0
7
3
0
3
0
0
0
0
0
0
0
0
0
0
3
0
0
1
3
1
38
0
0
0
2
0
0
0
0
118
0
0
0
1
12
0
0
0
0
0
1
0
2
1
0
0
72
0
0
1
1
0
0
0
0
1
0
0
0
3
0
7
0
162
0
17
0
0
1
1
0
5
1
0
0
0
0
1
0
2
0
0
0
2
23
1
4
0
0
1
2
3
0
1
0
0
0
24
2
0
2
0
246
0
1
3
0
0
1
0
0
5
31
1
0
0
1
0
7
0
4
7
0
11
0
2
0
82
0
0
0
1
1
12
18
4
0
9
2
2
0
0
0
1
0
6
0
0
0
6
0
3
2
9
0
1
0
0
3
0
0
1
4
12
4
5
106
3
5
2
4
0
0
3130
0
0
1
0
1
0
11
0
0
0
0
3
3
0
0
1
1
6
0
0
9
2
0
0
0
1
1
69
0
1
0
0
0
0
0
0
1
24
0
527
0
53
110
1
0
0
12
1
36
0
0
2
2
0
2
0
0
0
0
2
12
0
0
2
0
1
1
0
8
0
0
9
1
2
4
4
150
0
0
0
0
0
0
15
0
0
11
0
0
2
0
1
10
0
0
0
0
0
0
1
0
0
0
0
0
0
0
0
1
0
5
12
0
0
14
0
3
0
11
0
0
59
1
15
1
0
3
0
0
0
0
3
1
1
5
1
1
1
5
0
0
0
2
2
2
1
369
0
0
0
0
0
2
0
0
0
0
0
1
0
0
1
6
0
0
0
1
1
0
0
2
0
0
0
0
0
0
20
4
0
1
0
7
37
0
0
0
0
3
2
0
1
28
1
1
26
1
18
0
0
0
1
2
0
0
0
1
40
0
61
0
1
1
3
0
0
0
1
0
4
0
0
0
0
1
0
0
185
8
0
6
7
0
0
0
1
0
3
0
0
2
0
0
0
0
2
1
1
495
0
2
0
4
1
0
3
0
0
0
0
0
1
2
0
0
0
1
0
0
0
0
1
1
0
0
0
4
7
40
0
5
0
0
0
2
0
0
0
1
0
0
0
59
0
6
0
1
0
0
0
0
0
0
0
6
0
1
1
0
0
2
0
0
3
0
0
0
0
0
3
0
10
0
0
3
0
0
1
0
1
0
2
0
0
2
450
4
0
0
0
63
0
1
0
5
1
0
1
0
0
7
0
0
1
0
1
2
5
2
2
287
11
2
34
0
1
0
1
3
0
0
0
0
2
6
4
18
1
0
0
0
0
0
2
0
0
0
0
0
0
1
24
0
0
0
0
11
0
4
0
0
18
9
0
0
1
0
0
0
3
0
0
3
1
0
1
8
69
0
0
2
0
0
2
1
0
0
0
16
0
118
0
3
3
0
0
0
2
0
0
2
18
0
119
0
0
0
1
1
0
0
1
0
12
1
0
2
0
0
0
1
0
5
0
0
36
0
0
2
0
56
88
2
0
0
1
1
1
16
1
0
0
0
0
2
0
0
1
0
4
0
10
0
4
0
0
7
8
3
3
11
0
0
0
3
13
3
0
5
0
2
0
0
0
0
0
0
0
0
0
0
0
0
2
0
0
0
52
0
1
6
1
1
0
0
31
0
15
2
0
3
0
0
4
0
0
2
2
0
0
2
0
0
20
0
0
1
7
0
0
4
10
3
7
0
0
70
0
0
0
0
0
0
71
0
4
3
0
0
1
82
10
0
0
9
0
0
0
4
0
6
0
0
28
1
0
0
0
0
2
3
2
0
60
0
35
7
0
0
0
0
0
15
0
1
0
6
1
0
0
5
1
0
0
0
0
0
0
8
3
0
5
0
0
0
0
0
9
0
3
0
0
0
4
6
7
0
11
3
1
1
0
14
0
0
0
6
1
0
2
12
0
0
0
2
1
1
2
0
0
0
0
0
0
0
7
0
0
4
0
3457
2
2
0
0
0
7
0
0
13
2
0
0
0
0
2
26
1
0
0
3
0
0
0
4
1
0
2
8
1
6
0
0
1
4
0
0
0
4
0
0
0
1
0
4
0
2
1
7
4
1
1
19
1
0
21
482
7
12
0
1
0
0
1
0
1
1
0
2
0
0
0
0
2
0
0
0
0
1
0
0
0
0
10
0
31
0
6
0
0
2
0
0
0
0
0
14
0
0
1
2
0
0
1
1
1
0
0
2
0
0
6
1
2
0
3
3
51
0
0
7
0
0
0
4
0
0
1
0
5
0
0
1
0
0
1
0
0
1
2
0
0
1
1
0
0
0
0
2
0
0
0
2
0
0
0
5
0
9
25
0
0
1
1
1
1
1
3
0
2
0
0
0
0
0
0
6
0
6141
0
0
0
0
3
4
0
0
0
0
235
0
0
0
0
1
0
0
0
22
4
1
0
0
32
19
2
0
3
1
2
5
11
4
1
0
1
0
0
0
0
44
0
1
0
8
0
54
12
1
15
0
0
4
1
1
0
0
15
1
46
0
199
0
8
2
2
0
164
0
0
568
1
9
1
7
0
1
1
0
0
0
0
0
64
0
4
0
5
0
0
1
3
1
0
0
14
0
4
1
0
18
0
1
0
2
0
1
2
4
29
0
0
0
74
1
5
1
0
0
0
1
1
0
0
0
32
2
3
0
1
0
0
0
0
0
0
9
0
3
6
0
1
0
0
9
1
0
0
0
8
0
10
0
0
0
6
12
0
5
10
0
0
1
5
18
0
0
0
2
0
0
1
1
0
1
0
6192
0
2
0
0
1
1
0
1
0
0
0
0
3
435
9
0
0
0
0
1
1
0
120
3
0
2
5
0
1
1
0
1
0
0
0
3
0
4
0
7
0
0
3
0
2
11
4
6
9
0
0
0
5
20
21
0
1
0
2
25
0
9
0
18
3
0
3
0
1
1
0
2
0
23
1
0
0
0
0
1
0
0
49
0
0
0
0
0
3
2
1
0
0
0
0
1
0
0
3
0
5
3
1
0
4
1
0
0
0
0
9
0
0
0
0
0
5
2
6
0
0
0
7
1
0
0
0
0
0
1
0
0
9
0
0
1
0
0
0
0
0
0
0
1
0
2
5
0
34
1
2
2
0
0
4
1
0
0
1
119
2
1
0
0
0
1
0
78
1
0
0
1
1
1
4
2
0
0
0
0
0
0
0
224
6
0
9
20
1
0
1
0
0
0
0
0
1
28
471
0
0
2
0
0
0
21
12
0
0
20
18
3
5
0
0
0
8
0
0
2
0
4
0
0
7
0
2
7
0
0
7
0
1
0
0
0
0
0
0
88
0
5
0
0
0
0
0
274
1
2
0
0
0
0
14
0
80
2
25
0
1
0
2
1
0
8
1
0
0
2
0
23
0
1
0
0
0
1
0
0
20
0
31
0
0
3
0
0
13
3
0
0
1
0
0
0
66
1
0
0
14
4
1
11
113
0
0
12
2
0
1
0
0
1
0
0
1
0
0
3
0
0
0
0
0
8
0
0
0
11
59
89
0
0
1
0
0
1
0
0
0
0
0
0
1
0
3
0
1
0
0
0
1
0
0
1381
0
1
0
3
49
15
2
0
0
0
1
0
0
0
1
5
0
2
0
0
0
0
3
7
0
6
2
0
0
5
4
1
0
0
0
0
0
8
0
0
17
0
0
0
1
0
30
0
1
0
17
0
0
251
1
0
1
0
0
1
0
21
142
0
0
161
0
0
2
1
0
0
5
0
0
0
2
52
24
13
0
0
0
0
0
0
1
0
0
0
0
5
0
0
0
2
1
0
0
158
6
0
3
0
193
0
0
1
0
12
1
104
0
29
3
0
7
0
126
1
0
0
0
0
0
0
0
0
0
1
3
0
2
0
6
0
4
5
6
23
1
0
2
0
0
1
1
3
2
0
0
0
0
0
80
0
0
0
0
0
0
2
2
0
2
6
1
4
0
0
1
11
5
0
1
0
13
9
0
0
0
0
0
2
0
3
14
11
0
2
253
0
0
19
0
0
2
1
0
41
0
0
4
0
0
32
0
0
8
0
0
1
0
0
12
2
0
4
1
2
2
0
1
0
0
0
0
4
1
0
1
0
0
2660
4
3
1
0
0
0
9
0
0
0
0
99
35
0
0
2
0
1
0
0
13
0
0
0
2
0
0
0
1
1
12
95
0
0
3
0
1
1
2
87
0
28
0
1
0
0
1
39
4
1
96
0
0
12
1
11
0
0
2
424
1
3
1
31
0
0
4
3
2
0
0
0
0
1
6416
1
0
0
0
0
0
0
0
458
1
4
0
0
43
0
1
18
1
8
0
0
7
1
0
4
0
18
6
0
1261
0
503
2
1
0
10
12
1
4
1
0
13
0
14
0
2
0
1
19
0
14
0
0
3
0
0
1
1
7
8
0
7
0
1
8
2
0
0
26
0
2
0
2
3
33
3
0
0
0
0
0
0
0
13
18
1
0
0
2
0
0
0
0
25
9
4
0
0
1
5
0
4
0
76
0
6
2
0
0
0
1
0
0
0
0
1
0
0
232
0
0
0
1
3
0
0
0
0
0
6
2
1
0
0
0
0
0
0
0
3
0
2
4
4
5
0
0
4
1
0
0
0
0
0
1
0
1
0
0
0
1
0
3
0
0
30
8
2
10
0
0
0
93
0
0
0
4
0
0
1
113
18
1
4
5
0
2
5
8
0
0
0
3
0
0
2
1
0
0
0
1
0
0
3
0
1
5
3
0
0
0
0
1
0
1
0
187
0
1
1
0
0
1
0
0
1
21
0
0
0
0
2
1
1
0
0
0
3
2
10
0
0
0
0
0
0
0
1
0
4
2
0
0
20
4
0
0
0
47
0
0
0
22
0
1
0
1
4
0
197
0
1
0
0
0
1497
0
1
3
0
7
0
1
5
1
0
0
0
0
0
5
3
0
0
0
2
0
1
2
7
0
0
0
1
158
0
0
0
0
0
0
1
1
2
1
0
0
0
0
4
1
1
0
0
1
0
3
0
0
0
2
4
6
0
18066
0
1
0
0
0
0
4
0
0
1
0
8
1
1
1
1
0
12
0
126
0
142
1
1
24
0
6
0
5
2
0
13
0
0
0
1
0
1
99
4
3
0
1
217
37
1
3
0
0
0
57
0
0
2
1
0
0
0
1
0
0
0
0
2
0
2
16
0
8
2
1
17
1
0
3
3
0
0
0
0
0
0
0
0
5
30
0
0
0
0
0
0
0
0
0
68
0
0
3
0
0
60
0
0
0
1
0
0
0
13
1
5
0
7
0
3
0
4
5
0
11
0
0
0
0
0
35
6
2
1
0
2
0
0
3
1
0
4
3
1
0
9
0
114
0
1
0
0
17
10
0
0
0
0
0
0
0
0
0
0
2
0
33
0
0
0
0
799
2
0
0
0
5
228
0
0
0
0
0
0
3
0
0
63
0
0
10
0
8
0
0
13
2
0
0
3
2
0
0
0
0
0
0
37725
0
0
0
0
1
0
30
0
7
0
17
0
0
0
1
0
6
0
0
0
8
1
0
6
0
5
7
0
0
9
0
13
2
0
0
0
2
111
1
1
3
1
7
7
4
0
7
0
0
0
0
0
0
1
0
94
0
16
0
0
0
6
39
1
4
454
4
0
0
2
0
8
142
0
1
1
17
6
12
0
0
28
1
1
0
0
59
0
1
0
0
4
16
33
4
2
0
0
0
0
0
0
0
3
0
0
0
0
0
1
0
0
6
284
3
0
3
1
7
0
3
3
79
0
0
34
0
0
61
0
5
58
0
0
0
0
0
1
0
1
1
0
330
0
1
1
0
40
0
1
6
1
0
0
0
1
0
0
0
0
12
1
4
21
0
2
0
0
0
0
1
69
0
47
2
3
0
0
2
13
0
0
0
2
0
1
0
20
0
11
9
4
0
1
2
0
0
0
0
2
0
13
1
0
27
0
0
581
0
1
0
0
1
0
0
25
5
6
0
1
15
5
1
0
6
0
0
0
1
42
0
45
5
2
11
1
19
0
6
0
0
0
1
1
0
1
5
0
7
0
2
4
0
0
0
0
0
0
0
2
2
0
0
3
16
0
1
0
0
14
1
0
0
0
0
0
0
4
0
379
1
4
24
1
0
12
0
9
38
1
0
2
1
0
1
10
3
10
0
0
0
1
0
0
19
0
1
0
3
9
0
0
0
0
2
0
3
0
0
4
0
0
0
3
0
0
10
0
4
1
16
1
0
0
0
0
0
36
0
0
0
0
0
5
0
1
0
22
0
0
17
19
0
5
0
0
0
1
0
0
0
9
3
0
13
0
10
1
0
26
0
0
1
16
0
455
0
4
0
2
36
0
0
2
0
1
3
17
1
0
2
44
1
0
3
0
0
0
2
1
0
1
1
0
1
0
0
0
40
1
1
3
0
2
0
0
0
0
0
18
0
1
1
0
108
1
0
2
0
0
0
0
74
161
2
59
1
0
0
0
0
1
6
2767
0
239
0
0
2
0
2
236
7
0
1
0
6
0
0
17
2898
0
0
2059
1
0
11
4
0
3
0
0
1
0
0
0
0
1
5
262
0
0
0
0
27
0
26
0
4
0
0
2
2
0
2
1
0
0
0
0
2
0
2
4
0
23
11146
82
2
0
7
4
4
0
0
0
1
3
2
0
1
0
0
2
510
0
0
4
0
6
0
0
0
0
0
0
0
2
0
3
7
0
0
2
161
2
17
0
0
5
2
5
0
1
0
0
0
0
0
9
0
0
5
0
2
1
0
1
0
2
35
2
0
0
0
0
12
0
0
4
0
0
1
2
0
5
1
87
0
0
36
8
2
1
0
0
0
0
5
6
3
98
0
0
3
1
9
63
0
60
1
5
0
4
0
0
8
0
0
0
0
0
0
0
14
14
0
0
0
18
0
11
0
0
0
1
6
1
1
0
0
2
1
6
0
13
1
22
0
1
0
0
58
0
0
6
1
0
0
0
0
1
2
1
0
0
3
0
0
0
6
4
4
0
88
2
9
25
1
0
0
11
0
0
0
0
0
0
6
0
2
7
0
0
0
0
1
0
21
9
0
0
0
0
8
12
0
1
0
0
0
0
0
1
4
16
198
0
6
0
4
0
0
0
0
0
0
3
0
0
0
4
1
11
2
1
2
0
0
0
1
0
1
0
0
8
0
0
13
1
7
0
0
8
0
0
0
0
37
4
0
0
0
1
4
0
6
1
0
11
0
411
495
0
0
52
0
0
21
0
23
2
4
18
18
2
0
0
2
0
3
2
59
3
9
0
0
16
0
0
0
0
0
0
0
0
1
5
0
0
0
0
6
47
0
1
3
0
6
0
0
0
3
6
1
1
0
0
159
3
0
0
0
0
3
0
0
0
0
13
3
1
0
3
0
33
2
0
3
7
0
0
0
1
0
13
1
0
8
0
0
33
5
2
0
0
0
0
0
1
7
0
0
1
0
0
0
9
1
1
0
0
0
2
1
0
1
1
1
0
39
0
0
0
2
0
4
62
2
1
0
28
1
0
185
1
0
0
0
0
2
0
0
11
0
0
2
7
3
0
0
0
0
4
1
11
0
0
1
0
7
0
2
0
0
0
0
0
8
0
0
0
0
172
0
0
0
0
0
6
25
0
0
1
0
0
4
0
0
5537
0
4
0
105
0
0
4
0
0
0
249
0
4
0
0
9
0
19
0
0
0
0
0
0
0
45
0
0
0
9
10
0
2
1
1
11
0
5
1
0
12
1
0
2
26
0
0
0
0
1
0
1
0
5
3
0
5
0
3
0
0
24
8
2
0
0
0
2
10
2
6
282
0
0
0
0
3
0
0
0
1
0
0
43
0
0
0
0
0
2
0
3
0
0
0
0
2
0
0
0
2
0
50
0
1
0
77
62
0
2
1
4
1
0
19
0
1
2
0
0
260
8
0
0
0
5
0
61
0
0
0
0
2
0
0
0
0
0
0
2
18
0
6
1
0
1
0
0
0
0
11
5
66
0
1
0
1
0
0
4
0
1
0
0
0
1
2
1
0
2
0
0
0
3
4
12
0
0
14
0
1
1
0
0
1
0
312
0
6
25
0
0
0
2
0
1
1
151
0
10
0
7
3
0
0
80
4
6
0
0
0
0
0
15
20
96
0
0
0
0
0
0
0
0
0
17
24
2277
0
1
2
0
0
0
0
1049
4127
25
0
2
12
12
0
0
0
302
1
1
0
0
1
99
0
45
0
0
1
1
0
0
0
0
0
3
7
0
0
5
3
32
0
0
0
0
2
0
1
1
4
3
7
1
19
67
0
48
40
15
0
1
0
0
12
1
1
3
0
0
0
7
0
2
0
0
0
1
11
0
1
1
0
9
0
0
0
0
4
0
0
0
111
0
0
0
0
6
0
2
18
0
0
5
1
73
1
10
1
0
0
0
1
1
4
0
1
5
0
0
0
5
0
0
2
0
3
1
0
29
0
2
0
0
5
0
0
0
0
74
0
1
0
0
200
1
0
0
30
1
2
1
0
0
0
0
1
0
0
1
0
1
0
0
0
0
14
0
0
2
0
3
0
0
3
0
1
1
0
7
63
1
1
1
3
0
1
1
0
0
1
1
0
0
2
1
0
0
63
3
0
0
3
1
0
0
0
5
0
0
1
0
0
1
0
0
0
13
0
0
1
7
0
0
12
134
0
0
2
0
0
0
1
6
0
10
66
10
0
6
1
0
0
0
7
0
7
4
0
3
0
42
1
9
55539
0
0
0
0
3
2
0
0
0
6
4
1
0
0
18
1
0
0
0
7
1
0
0
0
6
1
5
0
1
0
0
2
0
0
1
0
0
0
4
5
0
0
0
0
0
1
0
16
3
0
8
2
1
4
1
0
0
0
7
9
0
0
0
0
0
4
0
1
0
0
2
1
4
4
2
0
3
3
0
0
0
1
0
4
9
13
0
1
0
0
135
3
0
0
1
0
3
10
8
1
0
0
1
15
4
2
0
0
6
23
0
0
0
0
0
4
1
0
1
4
91
0
741
1
0
1
1
0
0
0
3
7
1
0
1
0
0
1
1
0
0
0
0
5
0
0
0
0
0
1
4
0
0
1
14
2
4
1612
1
0
2
1
1
0
0
0
2
42
1
2
0
2
1
9
0
0
6
0
2
5
0
1
0
9
0
0
0
0
0
7
0
1
0
0
1
0
0
1
2
0
0
0
0
1
1
8
9
0
0
37
1
0
0
1
0
0
1
0
7
2
4
1
0
0
1321
0
0
1
1
0
0
2
0
8
830
0
2
0
0
3
1
40
2
0
6
0
11
1
4
0
0
0
2
0
3
4
119
12
0
0
0
4
3
1
2
1
0
5
2
0
2
0
1
0
0
3
0
0
11
0
0
5
0
0
0
0
0
1
0
4
1
0
1
0
66
0
3
0
0
652
0
0
1
0
0
0
0
0
0
0
1301
0
0
1
1
0
1
9
0
622
0
0
13
0
4
7
3
0
0
0
0
1
2
0
0
2
0
3
0
0
0
3
103
0
0
9
0
0
9
0
0
0
0
4
0
0
0
11
14
4
0
0
0
0
0
29
21
0
3
1
0
10
1
0
0
0
0
5
0
30
0
0
0
6
0
0
0
0
2
4
1
3
3
4
3
24
0
46
0
4
4
0
1
1
1
0
0
0
0
2
0
0
5
3
0
0
0
1
0
14
0
0
152
0
1
0
1
14
0
0
1
1
373
4
0
0
0
10
0
577
18
3
0
0
0
0
0
6
2
0
0
0
240
0
8
1
0
0
1
9
0
0
0
0
1
1
0
0
0
3
2
1
28
2
3
1
4
0
0
14
1
13
1
1
0
3
0
2
3
0
0
152
1
83
3
1
0
0
0
1
0
0
0
0
18
0
0
0
0
0
0
1
0
2
0
2
3
0
0
4
0
0
35
5
0
4
0
0
9
2
0
0
114
6
0
0
0
0
0
0
0
0
4
161
3
4
1
0
1
0
0
2
0
0
28
25
1
5
4
1
1
0
1
0
0
1
34
0
1
10
0
4
1
0
4
1
0
27
0
191
2
45
1
2
2
2
1685
0
3
9
1
0
0
1
1
0
0
1
1
1
0
25
3
3
1
29
3
5
1
0
0
82
1
0
0
2
171
0
0
0
0
283
1
1
16
4
15
0
411
139
15
0
1
0
1
1
0
1
1
4
0
0
0
4
3
3
651
0
1
4
0
1
3
0
0
4
2
0
4
4
4
0
0
0
10
2
0
1
1
1
48
2
8
1
0
125
0
9
0
1
3
1
0
1
108
0
0
0
0
11
0
0
10
119
0
0
0
0
0
0
9
0
2
0
1
0
1
0
0
0
0
0
1
0
1
0
0
0
0
0
1
2
0
66
0
3
0
1
0
0
1
0
1
13
0
0
0
0
0
1
0
0
0
2
0
0
0
0
6
18
1
12
0
0
6
0
0
0
1
0
1
1
1
1
1
6
0
0
0
1
0
1
3
78
2
10
0
2
27
5
1
0
44
0
0
28
0
0
0
8
0
0
0
54
0
0
1
1
2
0
4
4
3144
0
18
0
1
0
0
0
0
0
61
41
4
26
4
0
0
0
0
0
0
0
0
4
2
0
1
0
1
1
0
0
0
4
18
1
0
0
0
0
0
0
1
0
2
0
0
0
0
0
0
0
0
0
0
2
1
2
101
0
62
0
11
0
0
0
0
2
0
12
3
0
4
0
0
16545
0
0
0
21
0
0
0
0
1
0
0
0
8
353
0
0
0
0
0
0
1
0
3
0
1
1588
6
0
0
0
2
0
0
0
1
0
0
4
0
2
5
0
136
1
0
0
2
1
0
0
2
0
0
5
0
3
1
20
0
2
0
1
7
0
0
0
19
2
0
0
1
0
1
1
8
0
0
2
1
0
4
0
1
0
0
0
0
139
0
0
0
0
0
0
1
36
11
0
0
25
45
2
0
3
43
2
0
13
0
0
6
0
0
4
0
3
2
12
4
1
0
0
15
0
0
1
0
0
0
0
0
4
32
0
2
0
0
2
4
1
0
0
0
6
0
0
0
0
0
0
1
0
0
0
1
3
0
0
0
0
0
1
2
0
2
0
0
1
0
7
1
13
0
28
6
0
0
0
2
0
0
1
0
36
1
1
0
2
0
3
733
0
0
3
0
0
0
8
6
4
0
0
12
0
42
0
2
0
3
11
5
1
0
26503
11
0
0
0
0
4
2
1
0
6
0
0
55
0
0
0
1
2
2
0
1
0
113
0
0
4
0
7
0
3
0
0
0
0
1
0
0
0
0
0
0
0
1
5
2
0
1
0
5
0
1
0
3
74
119
0
5
3
0
2
2
0
0
0
0
1
1
0
1
0
0
0
0
1
5
0
0
1
0
0
0
1
0
0
3
0
8
0
3
0
0
0
23
1
0
1
6
0
20
12
12
6
0
0
0
0
20
0
2
0
44
0
0
0
2
1
0
6
0
2
0
0
0
0
3
0
0
4
66
0
468
1
0
0
0
0
0
0
0
4
0
34
31
0
1
55
0
0
1
0
0
0
69
0
0
0
0
0
0
1
1
2
2
0
13
0
9
1
0
0
0
0
0
0
0
6
0
18
0
0
0
10
1
2
0
6
21
0
0
3
1
0
6650
1
0
2
0
0
2
3
0
8
0
0
1
0
0
4
5
0
0
0
2
2
0
1
23
0
0
0
1
6
0
4
0
0
0
0
0
0
2
3
5
0
0
0
13
0
36
17
0
0
1
1
5
0
1
0
0
0
0
4
1
10
0
0
0
739
4
0
0
2
74
1
0
2
0
666
0
8
0
0
0
0
0
52
0
0
1
1
0
0
0
0
2
0
186
1
0
0
0
0
1
1
0
104
7
0
18
44517
0
0
3
0
0
0
1
0
23
0
0
1
1
0
10
0
1
0
3
0
0
52
0
1
4
2
11
0
0
0
2
0
1
2
16
55
0
0
0
0
0
0
1
4
90
1
0
0
0
0
16
2
1
1
1
2
8
0
170
14
0
1369
1
10
0
431
0
2
0
90
0
2
0
1
1
15
16
0
0
0
8
30
0
6
2
10
0
1
0
2
1
1
0
27
3
0
98
0
0
0
1
0
3
1
0
0
1
6
0
69
41
1
5
0
3
2
1
18
0
0
0
11
40
2
0
0
0
11
4
0
0
0
1
0
13
105
0
0
22
1
0
1
44
2
0
0
0
2
1
2
0
0
0
1
87
6
0
0
0
0
0
6
1
4
0
7
0
0
5
0
0
1
0
0
0
0
0
0
0
1
0
0
0
0
2
0
9
0
5
2
0
2
1
16
7
0
114
0
0
1
0
0
0
0
0
0
6
6
1
5
0
1
139
0
0
0
0
0
3
4
0
0
1
0
0
1
3
0
1
20
0
2
0
0
0
8
0
0
0
0
1
67
1
3
2
0
0
0
2
2
2
0
0
1
2
0
0
0
6
5
0
1
3
0
0
0
0
0
0
0
3
6
0
3
0
3
0
1
0
0
2
2
1
0
0
5
1
1
1
0
23
23
21
3
0
58
2
0
0
0
1
2
2
0
0
0
0
12
146
0
2
13
0
0
0
0
0
0
6
1
0
1
1
1
0
0
9
0
0
0
0
0
0
1
4
1
32
2
0
0
0
179
0
0
0
1
0
2
2
0
0
2
0
5
1
0
15
7
14
32
5
16
0
1
0
7
0
2
0
8
1
12
0
2
0
1
0
0
0
0
2
1
0
0
0
2
0
0
0
6
7
7
3
10
0
0
0
0
0
0
0
0
0
0
1
0
29
0
2
10
0
4
1
0
0
0
0
16
10
0
4
0
1
1
0
13
7
0
18
1
0
0
0
675
2
2
138
0
0
0
10
144
0
0
0
1
0
0
18
1
0
0
0
0
1
23
0
2
0
0
3
0
0
1
0
0
5
4
0
4
0
8
2
1
0
0
0
0
0
0
0
0
0
1
0
0
0
0
2
0
4
0
0
0
23
0
0
10
0
2
39
26
0
3
0
1
0
385
0
0
3
0
0
24
0
1
0
1
0
0
0
0
0
0
1
0
0
2
0
15
215
0
1
1
1
0
0
0
0
3
11
2
24
0
2
0
2
71
76
0
0
0
0
13
0
11
1
0
2
1
0
0
1
0
0
1
0
0
0
0
0
0
0
0
2
0
0
2
5
0
0
0
0
0
526
3
0
0
1
0
1
2
5
0
54
1
0
1910
2
0
4
0
24
0
0
0
4
4
0
82
0
0
3
7
0
0
0
0
12
26
8
0
0
20
4
0
2
1
13
0
1
0
1
0
0
0
0
5
1
0
0
0
0
0
0
0
27
0
4
0
2
4
2
0
2
0
5
1
1
0
19
0
0
26
0
0
0
0
0
0
0
0
9
2
0
0
3
2
5
0
0
0
1
0
3
0
54
9
0
0
0
0
0
21
4
0
0
3
4
0
0
4
0
5
1
0
1
5
1
0
7
0
0
0
1
0
0
96
0
0
32
1
0
0
2
0
2
4
1
6
2
6
948
3
0
0
1048
0
0
0
0
0
2
12
0
1
4
0
8
4
2
1
0
1
0
3
0
0
0
0
1
0
0
0
0
0
0
1
0
2
1
0
12
0
0
2
0
0
0
0
1
0
0
0
0
0
2
0
1
0
0
2
0
198
0
0
0
5
1
0
2
0
0
6
1
0
0
0
867
3
4
6
12
15
0
0
0
0
0
0
0
0
0
1
0
1
0
0
0
1
0
9
0
35
0
0
15
0
2
12
0
2
3
0
2
1
1
1
38
1
71
5
0
0
1
24
0
13
0
32
0
0
1
0
1
0
0
12
0
0
0
0
13
0
1
2
3
0
0
0
0
0
2226
4
14
0
0
130
0
101
2
4
0
0
0
0
0
0
0
0
0
0
0
0
0
7
15
4
0
0
0
1
0
3
4
0
0
2
0
0
0
1
64
0
0
0
0
1
1
12
0
0
1
0
8
0
6
540
0
0
3
0
0
9
0
0
1
0
3
0
0
0
3
4
0
4
1
0
0
2
2
3
1
4
1
1
0
0
0
1
0
1
0
0
0
1
1
0
0
0
0
0
0
2
0
34
1
1
1
18
1
0
0
1
0
2
4
0
0
0
0
20
2
3
3
25
0
0
1
1
1
0
889
3
0
0
1
0
3
7
1
0
0
0
0
10
0
0
0
1
0
270
2
601
0
0
1
0
2
0
0
0
4
0
98
0
0
0
0
0
0
0
1
557
5
1
2
0
0
2
2
1
1
3
0
0
0
4
0
0
0
0
0
0
14
0
0
0
0
2
1
1
0
0
5
0
0
0
1
0
0
0
0
0
0
0
0
2
0
0
1
0
0
0
1
2
0
2
0
0
0
22
0
0
0
2
0
0
0
16
1
0
3
2
0
0
4
0
0
0
4
0
2
0
0
0
0
0
24
0
0
0
0
24
16
0
1
0
0
5
6
1
0
0
0
0
1
0
0
0
0
0
0
7
18
1
0
0
0
1
0
0
0
2
1
1
1
6
20
0
9
0
1
0
21
1
0
0
0
0
4
0
0
0
0
0
0
0
2
3
0
1
2
964
1
0
0
2
0
1049
0
0
0
1
1
3
0
0
0
0
0
1
0
0
3
147
0
0
1
0
0
1
1
0
0
0
0
0
6
3
1
5
0
0
0
23
0
1
19
12
0
0
0
3
0
0
0
0
1
2
0
0
0
0
0
0
0
28
1
0
3
1
0
0
0
4
0
0
0
3
1
1948
0
0
19
0
0
0
0
26
0
13
13
0
3
0
8
0
60
0
0
0
0
0
221
0
2
1
0
0
7
0
111
0
86
0
4
0
0
90
0
0
0
5
1
0
10
1
0
0
0
0
81
0
0
1
1
0
3
0
0
0
2
0
7
0
0
0
0
0
0
1
0
0
4
12
5
1
0
0
1
0
218
52
0
3
147
2
0
16
0
1
1
2
0
0
3
0
61
0
4
6
1
9
10
0
0
184
0
4
0
16
0
0
0
0
0
0
3
0
0
0
0
0
0
0
2
0
0
2
2
5
75
5
0
3
7
0
1
0
8
0
0
0
0
0
27
0
3
1
1
43
0
0
0
1
22
0
1
1
0
0
0
12
0
1
0
0
3
0
0
977
0
0
0
0
0
1
2
0
7
1
0
8
0
0
14
147
0
0
3
0
3
0
0
96
0
1
1
12
0
0
0
0
2
79
0
0
0
0
10
0
2
9
0
490
0
0
12
286
1
0
0
0
4
0
0
11
0
0
0
6
2
0
2
0
0
0
2
0
1
1
1
0
0
0
0
0
13
0
1
5
0
0
45
0
0
1
2
3
0
3
0
19
7
5
2
0
0
0
0
0
0
0
0
0
0
0
7
0
0
4
0
0
5
6
0
0
0
2
0
0
0
1
0
0
26
1
0
71
0
6
0
0
0
5
0
0
0
2
15
0
320
0
1
1
1
0
0
29
0
0
0
2
22
0
0
7
1
0
0
0
0
2
1
3
3
0
6
1
0
0
3
4
7
0
11
0
0
1
32
0
1
5
0
1
13
2
1
3
0
12
0
0
0
0
8
0
0
0
0
0
6
2
0
4
0
9577
0
1
0
0
2
0
0
0
0
0
0
0
0
6
0
5
3
4
0
0
2
7
0
6
0
4
1
2
0
0
0
0
0
1
2
0
0
1
0
1
0
0
0
0
4
0
0
0
0
1
6
2
25
0
20
2
18
0
0
0
0
1
0
3
1
0
0
1
60
27
0
6
49063
2
0
0
0
1
0
1
7
0
1
0
1
0
4
0
0
0
0
1
0
0
2
3
4
0
0
0
4
0
1
0
0
0
7
0
5
0
0
0
0
3
0
14
0
0
0
0
0
0
0
0
0
5
2
75
44
1
1
0
1
0
1
0
0
0
9
0
0
0
0
0
0
6
0
4
11
2
0
1
1
0
11
26
33
2
0
1
0
0
0
3
0
369
1
1
1
9
0
0
33
4
137
1
0
1
0
3
8
5
0
4
0
0
4
0
0
1
0
0
3
3
0
0
3
3
3
1
9
0
1
0
0
0
0
0
0
0
11
2
1
0
4
0
0
0
19
0
4
0
0
1
0
42
0
0
6
0
0
18
8
2
0
0
0
0
0
0
3
4
0
32
0
0
0
0
0
0
4
14
0
0
0
2
0
1
0
0
1
0
3
1
0
1
0
0
5
0
1
0
3
0
0
0
0
30
0
1
0
0
0
46
10
160
0
1
0
28
0
2
0
0
0
7
0
2
111
1
3
2
0
3
21
3
0
0
0
1
0
0
0
0
0
0
1
0
5
0
5
2
0
8
0
1
0
0
0
0
11
1
3
13
1
0
0
1
53
8
0
0
0
0
2
3
0
34
2
0
1201
0
3
9
0
0
1
1
0
1
0
0
1
229
0
0
66
3
2
0
0
0
0
0
0
0
3
2
0
0
2
1
17
39
5
4
7
299
0
205
0
2
3
0
45
0
0
0
0
0
6
2
1
7
0
0
0
1
0
0
0
2
512
32
0
8
4
3
2
3
0
0
0
0
0
1
0
1
0
0
0
359
8
0
0
0
0
1
0
2
2
0
2
0
2
0
1
0
114
1
1
1
0
0
0
0
0
0
0
0
2
8
0
0
0
0
0
0
1
0
5
44
0
20
1
5
0
8
4
4
0
4
0
0
0
12
0
16
0
0
340
0
0
12
1
95
0
2
0
0
0
1
0
0
0
0
16
1
0
0
0
2
0
0
0
0
1
1
5
0
1
0
0
0
0
0
0
0
3465
0
0
54171
26
0
26
1
75
0
47
14
1
1
0
12
0
0
0
0
0
1
2
0
0
2
0
0
0
0
0
9
22
2
0
0
2
345
1
1
1
0
0
0
0
0
2
0
1
354
0
37
46
7
1
3
6
0
2
2
6
0
6
0
0
0
764
5583
0
2
5
17
0
0
0
3
0
0
0
804
0
10
0
0
2
1
0
4
5
0
4
0
85
0
0
0
0
1
0
76
0
0
0
0
0
14
131
0
54
0
1
0
0
1
0
89
24
1
0
0
0
1
4
0
7
0
0
0
17
0
2
0
7
0
0
9
0
0
0
0
260
0
1
2
2
1
0
0
0
0
1
9
32
0
0
0
0
32
17
2
0
0
6
2
8
0
0
1
0
0
0
0
1
1
3
2
0
0
2
0
0
24
0
0
0
1
0
0
0
2
8
0
0
0
0
134
0
1
0
0
0
0
0
8
0
35
0
8
0
1
3
32
7
2
2
1
0
0
3
0
4
0
1
0
0
0
0
63
0
1
5
6
0
0
1
0
10
0
0
3
0
0
0
2
48
0
0
2
0
0
0
0
0
22
0
0
0
4
0
0
34
2
7
2
1
0
0
0
4
1
0
0
0
0
0
0
0
0
2
2
5
62
0
1
0
4
1
0
0
0
0
2
0
0
3
0
1
326
0
134
0
4
0
4
0
0
0
0
31
3
1
0
14
0
1
0
0
2
0
0
0
0
0
0
0
2
0
0
3
0
1
0
1
0
29
104
23
0
1
0
1
3
0
1
9377
2
2
1
1
26
16
0
0
2
108
0
1
3
2
0
0
3
0
80
24
2
0
0
152
1
0
1
0
0
0
0
0
0
0
0
4
2
3
0
5
154
0
12
0
3
0
0
0
3
0
1
0
0
10
0
31
993
0
6
1
1
3
0
36
1
13
0
0
0
52
0
2
1
0
36
0
0
0
0
0
0
1
0
0
0
23
74
6
4
10
7
6
5
16
0
0
0
0
1
0
0
0
0
0
2
1
0
2
0
1
2
1
0
0
16
1
1
0
0
18
0
4
1
0
0
0
0
0
0
0
0
1
0
4
0
0
5
0
3
0
1
3
0
0
0
2
0
0
0
0
1
0
1
0
0
492
2
0
0
0
0
2
45
3
0
0
0
9
1
1
0
0
1
0
1
0
0
16
0
0
0
0
25
25
0
0
0
0
0
0
4
1
4
0
245
0
1
0
0
0
0
1
2
0
0
0
1
0
0
2
0
80
0
721
10
0
0
0
2
0
0
12
0
0
0
0
0
120
0
1
2
1
9
17
0
7
0
0
173
1
0
0
6
0
2
1
0
1
0
1
10
0
0
18
0
0
0
1
0
0
2
100
10
0
4
0
193
0
0
0
0
0
2
38
94
4
71
0
0
0
1
0
0
3
5
82
0
1
13
23
1719
1
0
0
0
0
0
0
83
0
0
5
0
0
1
0
0
0
0
10
0
0
0
0
1
0
0
0
0
2
0
146
3
0
4
7
4
4
0
0
0
6
1
5
185
1
0
0
0
0
0
2
2
0
0
0
1
1
0
4
0
13
23
116
1
0
0
0
0
6
0
40
0
0
0
1
0
1
0
0
0
1
14
7
21
0
12
0
2
0
0
25
0
0
0
0
8
0
1
3
0
7
13
9
4
2
0
1
0
0
0
0
0
0
2
6
1
4
0
0
0
0
0
2
1
0
1
0
0
85
8
0
6
3
41
0
0
0
4
1
0
0
5
6
0
1
0
4
0
0
2
0
0
0
0
0
1
0
66
3
0
1
0
6
1
0
1
0
0
2
0
1
0
1
162
0
3
0
0
8
1
0
4
0
1
12
5
9
0
0
0
14
1
0
4
1
2
0
0
5
0
0
0
0
0
0
223
5
0
4
2
0
1
1
0
1
3
0
1
0
0
0
0
1
1
2
3
0
0
251
2
11
2
37
11
105
1
4
1
0
0
2
0
0
0
0
0
0
3
0
8
1
0
0
1
0
0
0
0
3
1
0
2
35
3
0
0
0
0
2
0
3
2
2
0
0
8
0
0
0
0
0
0
0
4
0
1
0
0
0
2
0
0
0
57
0
0
154
11
12
0
0
0
0
6
4
0
5
2
11
7
1
0
193
0
2
0
1
0
1
0
0
0
0
18
0
1
4
0
0
0
1
0
0
0
0
0
1
0
2
0
2
0
1
4
5
0
11
0
5
0
6
11
15
0
0
0
2
0
0
0
4
0
0
0
0
0
0
18
2
2
0
0
3
15
1
0
0
0
0
4
0
0
450
90
0
9
0
3
0
0
0
0
1
89
10
0
0
1
0
4
48
0
1
0
0
4
1
0
13
0
1
1
0
0
2
2
8
0
1
0
1
80
0
1
2
6
0
0
0
0
22
0
5
0
0
0
3
0
0
0
4
0
1
0
0
125
0
0
1
0
0
0
1
0
0
0
0
0
0
0
4
0
0
0
1
8
1
0
0
3
10
0
0
0
15
1
7
0
0
0
84
0
0
0
4
4
0
1
344
0
0
3
0
2
4
0
6
5
0
0
0
3
0
0
7
0
0
0
0
1
0
2
0
1
1
490
4
0
1
0
0
2
0
0
4
11
0
1
2
109
7
0
0
7
0
0
0
9
1
4
0
1
0
0
1
21
132
0
338
0
4
0
1
1
0
0
0
0
31
1
0
0
0
0
0
0
0
0
374
0
0
0
10
22
3
1
0
0
5
0
31
6
0
0
0
0
0
0
0
47
0
5
0
0
0
0
0
0
49
0
0
0
12
0
2
6
0
2
0
0
2999
1
0
0
2
0
0
2
1
3
16
2
17
3
0
0
12
0
0
21
1
1
21
12
8
0
177
0
34
2
0
0
0
0
0
0
5
0
1
9
0
0
5
0
0
0
1
8
9
2
18
0
30
15
0
1
0
19
0
0
0
0
3
2
0
0
108
0
0
0
2
1
0
15
0
5
1
0
0
0
0
1
0
123
0
0
0
3
1
0
0
1
2
4
0
4
0
1143
0
6
40
3
4
0
0
1
3
31
5
1
1
0
0
0
0
0
3
0
0
1
0
0
0
25
1
8
0
0
0
0
0
1
0
0
2
0
0
0
0
2
19
0
59
0
5
5
0
0
2
188
34
1
0
0
0
0
0
0
1
0
0
7
42
13
0
1
0
0
0
1
0
0
0
0
4
0
0
0
1
0
14
1
0
8
4
0
1
0
11
2
14
0
12
1
1
0
1
2
7
0
0
0
3
0
0
0
0
26
0
1
0
5
10
3
0
84
5
0
1
0
1
0
4
0
0
0
0
0
2
0
0
0
0
6
14
0
2
0
0
1
3
0
2
0
1
21603
0
0
2
0
0
0
4
0
0
4
2
1
2
0
0
1
2
0
3
0
0
127
2
0
25
0
0
0
0
0
2
0
0
0
69
0
4
14
1
36
6
0
0
0
2
6
2
0
0
6
1
0
0
0
1
0
0
0
0
0
0
20
0
1
0
10
38
17
0
2
0
2
0
3
0
19
0
5
0
1
0
0
61
0
3
81
8
0
0
26
0
1
2
12
0
139
0
3488
1
1
4
0
0
0
2
0
1
0
0
1
0
55
0
4
1
0
0
0
0
0
0
3
3
0
433
0
0
0
0
3
1
8
0
1
3
0
0
2
0
0
1
0
0
1
1
0
0
0
0
0
1
0
0
2
0
1
0
0
0
0
34
33
7
0
0
0
0
0
1
0
0
0
0
4
0
0
0
0
1
1
0
0
2
0
993
5
3
2
0
0
0
0
0
7
1
0
2
3
9306
0
3
66
0
1
1
1
0
4
2
6388
2
90
0
21
0
0
30
18
72
1
1
1
0
0
15
1
0
2
9
0
0
0
0
2
16
3
1
4
3
0
3
0
18
0
0
7
0
6
1
0
0
0
10
0
16
1
0
3
34
3
1
0
0
0
3
0
0
0
206
0
6
0
0
0
0
0
11
0
21594
1
0
0
0
2
0
0
0
3
1
0
0
2
0
0
23
15
0
65
2
0
0
0
1
0
0
1
0
1
1
4
0
0
0
2
0
3
0
0
3
0
2
106
1
8
0
0
2
4
1
3705
1
359
1
0
13
0
0
0
1
0
0
0
0
0
2
0
0
0
0
0
0
2
6
1
11
1
0
2
1
0
948
0
86
5
4
0
38
1
0
0
0
0
0
0
0
2
0
1
0
0
1
0
0
0
0
0
0
1
1
2
1
0
10
0
0
1
2
51
0
127
4
3
0
0
11
1
0
0
0
0
0
0
0
0
0
0
2
0
0
0
2
6
3
0
0
2
0
3
0
3
0
1
2
0
0
6
0
0
0
6
3
0
2
60
4
0
2
2
1
0
8
1
46
0
0
1
5
14
5
0
0
10
0
1
0
0
1
1
0
66
0
5
20
0
0
0
0
0
3
8
0
0
0
2
3
0
0
37
4
0
0
1
0
0
1
1
1
0
4
0
0
7
0
0
3
0
0
3
4
6
0
1
0
0
27
0
18
0
0
24
0
0
2
25
1
10
62
1
0
3
0
2
7
2
0
16
4
0
1
0
0
0
0
0
2
0
0
11
0
0
2
0
0
1
17
0
0
2
9
2
3
0
0
0
1
1
0
11
0
0
0
0
0
1
1
0
1
5
5
0
0
0
6
0
182
0
0
2
2
0
0
0
1
2
0
9
4
0
0
0
0
0
2
13
0
1
1
1
1
13
2
0
1
0
0
74
0
4
0
0
0
1
0
0
0
0
5
0
0
0
1
3
0
0
0
2
0
0
0
0
0
2
1
0
0
0
0
72
0
123
11
0
0
124
0
2
0
0
0
0
30
2
11
3
0
1
1
0
15
0
0
4
0
0
1
1
5
0
0
1
1
0
12
0
0
1
3
56
0
0
0
0
1
0
0
0
0
0
0
17
0
0
3
0
0
2
0
44
3
0
0
24
0
1
0
54
0
0
0
1
2
0
0
25
1181
2
0
0
0
0
10
1
0
0
0
4
2
1
52
6
0
4
0
0
0
0
0
0
0
0
0
1
4
4
0
0
7
13
0
0
2
0
0
7
0
0
1
0
1
0
0
1
21
0
0
1
4
1
1
2
172
0
0
0
0
124
0
0
0
3
0
0
0
0
20
0
0
218
0
0
0
1
0
0
0
0
0
372
5
0
19
0
0
0
75
0
1
0
0
6
7
0
0
1
0
0
20
3
0
0
1
0
0
0
13
0
0
7
15
0
0
0
13
1
4
0
2
0
2
0
0
0
0
13
19
1
0
57
0
0
0
0
0
653
0
5
12
0
0
0
0
1
2
0
0
0
0
1
0
1
0
0
0
6
0
0
0
15
0
2
0
6
8
0
2
1
0
1
0
38
109
11
16
0
0
0
1
1
0
0
0
1
0
0
0
1
2
0
1
0
1
0
944
5
1
0
0
0
4
0
4
0
0
0
0
0
0
17
0
1
0
0
19
1
1
0
0
0
14051
26
0
0
0
0
0
0
0
0
15
0
0
0
0
0
0
16
0
1
0
0
1
0
3
0
0
0
0
13
0
1
0
0
0
0
2
3
7
0
0
0
0
0
1
0
0
8
0
9
0
0
1
0
24
0
0
0
2609
0
1
0
0
4
0
1
0
2
6
0
0
222
0
0
0
1
7
2
5
0
1
0
0
0
2
0
2
0
0
0
10
0
0
1
29
2
2
0
9
1
0
0
2
2
1
0
0
2
2
0
0
0
0
0
5
0
2
0
41
1
21
0
0
0
0
0
0
0
0
0
0
11
0
0
0
3
0
0
0
2
2
0
0
0
1
0
0
1791
0
5
11
0
0
0
0
2
1
191
0
1
4
8466
0
0
0
0
2
1048
0
2
3
13
0
171
3
0
2
2
0
3
0
0
1
64
1
2
0
0
0
0
4
0
0
2
0
0
2
6
13
0
0
0
20
15
2
0
1
0
2
0
0
3
0
137
0
0
0
7
0
0
8
0
40
0
0
18
0
0
6
2
4
0
1
17
0
2
26
0
0
0
0
0
2296
0
130
0
2
0
11
0
0
1
1
0
0
2
10
0
0
1
0
0
0
79
0
0
0
6
1294
1
1
0
0
0
0
1
5
1
0
1
1
1
0
0
0
0
2
0
5
0
0
1
0
4439
1
10
1
0
0
0
0
0
5
1
47
26
8
9
1
1
0
0
2
8
0
0
1
7
0
0
1
0
14
0
21
0
1
0
253
3
0
6
0
0
1
0
0
0
4
1
12
3
18222
0
0
3
0
1
3
14
3
0
41
65
2
2
0
0
0
0
0
4
0
0
0
8
6
2
0
0
1
1
0
1
1
0
0
0
4
1
0
3
0
0
0
0
1
0
0
0
4
0
0
12
0
0
0
4
0
53
0
0
0
0
0
0
6
0
0
5
0
18
1
0
0
0
6
0
1
0
0
2
0
0
1
0
0
8
1
0
1
0
0
19
0
1
15
6
0
0
0
26
0
0
0
0
0
0
0
0
2
8
0
0
0
0
2
2
0
0
0
2
7
3
1
0
0
0
19
1
2
0
0
1
2
0
0
2
0
0
0
11
0
2
1
0
1
0
0
1
0
12
1
0
0
0
7
0
19
0
0
3
1
2
11
2
0
1
2
1
70
2
6
2
0
4
0
38
0
0
0
0
0
3
0
0
0
3
3
1
0
1
4
0
2
85
26
0
252
0
0
1
12
0
1
1
0
0
0
5
0
0
0
0
0
1
0
10
1
0
1
1
2
0
0
0
0
0
0
39
0
1
0
5
0
1
0
1
1
0
0
4
17
0
0
0
0
18
0
3
1
22
0
5
3
2
0
2
0
0
0
2
31
4
0
0
0
1
10
2
0
0
0
3
0
0
1
0
0
0
1
1
0
0
4
9
1
3
0
0
0
2
0
0
0
1
0
1
1
9
1
0
17
0
1
11
0
0
22
0
1
0
0
3
0
0
3
1
0
298
1
0
2
19
0
2
3
4
0
0
0
0
4
0
0
0
2
0
17
0
4
13
102
0
0
1
7
0
0
0
0
0
10
82
7
0
0
0
1
2
2
0
1
27
1
0
0
0
1
0
0
0
4
3
0
0
2
2
11
6
0
0
6
0
4
0
0
0
16
0
1
0
0
4
0
1
6
0
3
0
0
2
0
0
1
0
0
0
0
2
2
0
0
1
1
0
0
1
4
2
0
0
8
0
1
1
1221
2
0
0
0
0
1
1
1
1
0
1
0
6
0
0
0
0
11
0
8
1
0
0
0
3
8
5
0
1
9
0
0
0
0
2
0
149
0
2
0
11
42
3
8
159
0
0
1
0
0
0
0
1
12
3
8
0
0
2
0
0
0
0
0
0
1
2
0
0
0
22
5
1
0
0
0
0
0
