111 27
0 0
0 0
267 0
29 302
186 0
272 204
0 0
0 0
0 0
91 219
0 0
0 0
0 0
228 140
166 0
0 0
178 237
330 15
0 0
78 0
50 2
202 180
0 0
289 213
0 0
0 0
154 177
232 322
68 0
225 350
0 0
195 0
0 0
0 0
168 0
0 0
10 26
279 0
30 0
0 0
0 0
0 0
84 0
0 0
0 0
0 0
0 0
52 0
0 0
290 9
70 0
291 282
0 0
201 273
0 0
0 0
0 0
246 0
156 0
28 55
0 0
95 0
327 0
41 0
0 0
216 113
0 0
161 136
0 0
5 54
294 0
197 346
0 0
92 0
0 0
163 0
106 129
0 0
221 0
0 0
0 0
13 334
0 0
0 0
209 21
97 244
250 0
0 0
138 0
0 0
46 169
183 82
23 69
0 0
255 7
316 188
336 44
181 328
0 0
14 0
278 155
0 0
131 333
158 0
0 0
125 0
0 0
288 0
199 324
206 0
257 0
245 58
0 0
224 132
314 62
230 109
0 0
139 0
0 0
0 0
80 176
0 0
313 0
226 190
337 0
0 0
247 0
152 251
6 0
145 0
241 20
193 0
34 126
292 274
191 0
264 0
338 0
214 0
254 192
0 0
0 0
0 0
217 107
0 0
0 0
0 0
223 102
0 0
0 0
0 0
60 0
0 0
182 0
243 0
238 75
162 260
0 0
0 0
101 0
120 0
347 35
0 0
210 0
142 72
270 146
233 325
0 0
0 0
65 301
321 24
0 0
305 0
229 342
36 122
310 0
348 0
203 0
42 49
0 0
19 57
0 0
0 0
212 0
248 306
341 0
263 0
0 0
94 174
0 0
0 0
185 0
335 0
88 271
121 0
118 234
8 343
349 285
311 0
242 77
0 0
3 295
0 0
299 144
0 0
300 0
0 0
170 99
135 39
127 0
208 76
194 0
0 0
222 0
0 0
239 133
196 259
323 86
114 12
340 0
43 0
0 0
33 160
200 53
105 266
309 331
0 0
47 0
303 0
304 0
207 0
261 0
0 0
61 0
0 0
159 277
83 25
0 0
16 115
71 0
73 130
147 315
307 231
215 283
184 87
0 0
0 0
0 0
0 0
258 0
143 0
286 0
59 123
32 0
0 0
0 0
262 317
116 0
0 0
218 205
0 0
256 269
31 172
276 148
0 0
0 0
117 198
89 81
319 0
0 0
0 0
0 0
297 98
79 0
0 0
326 0
119 0
0 0
93 0
85 187
0 0
90 227
189 0
0 0
0 0
344 0
0 0
38 0
0 0
312 0
281 0
0 0
332 0
66 0
296 157
173 252
284 150
48 211
51 137
240 0
128 0
67 0
0 0
141 0
0 0
0 0
64 0
0 0
0 0
275 0
179 63
134 318
0 0
220 104
0 0
0 0
265 0
17 268
0 0
18 124
110 153
151 171
112 0
0 0
100 339
0 0
280 74
253 236
167 0
0 0
149 0
235 45
308 0
293 164
37 0
0 0
345 165
249 4
108 103
0 0
0 0
96 320
40 0
0 0
287 0
56 0
329 22
0 0
11 175
298 0
