210 190
214 73
295 232
202 85
0 0
0 0
0 0
27 106
0 0
241 281
0 0
122 296
139 0
0 0
187 249
265 240
392 387
41 0
0 0
37 350
0 0
0 0
0 0
0 0
0 0
0 0
0 0
0 0
56 6
279 0
184 0
0 0
381 309
353 0
330 4
74 247
0 0
321 126
233 152
206 0
306 0
251 0
0 0
0 0
64 0
238 0
275 254
71 263
0 0
0 0
0 0
0 0
24 0
283 0
0 0
204 171
0 0
0 0
43 271
193 0
365 9
201 149
289 91
368 60
236 0
0 0
292 272
57 0
0 0
0 0
70 307
298 35
0 0
0 0
0 0
0 0
18 0
101 0
44 134
154 102
155 383
0 0
0 0
0 0
0 0
98 0
212 0
370 323
144 327
160 182
225 0
30 293
92 349
31 229
0 0
0 0
54 0
0 0
0 0
338 0
336 117
0 0
66 343
227 110
0 0
189 3
342 0
0 0
355 0
0 0
0 0
211 0
8 0
304 0
276 163
0 0
0 0
0 0
362 332
322 243
0 0
0 0
86 0
72 151
157 0
0 0
121 216
48 0
371 215
131 209
218 0
133 0
389 0
0 0
256 0
335 375
0 0
32 0
213 118
0 0
325 0
344 348
0 0
324 0
0 0
0 0
0 0
0 0
153 317
120 0
198 291
301 0
0 0
0 0
186 0
0 0
159 303
337 312
0 0
0 0
168 25
0 0
12 83
351 313
132 0
0 0
156 0
0 0
0 0
33 177
5 385
84 0
172 99
0 0
61 380
261 0
352 285
286 224
345 82
0 0
0 0
0 0
340 136
96 266
68 0
0 0
16 0
0 0
0 0
7 252
97 319
127 0
80 0
23 0
0 0
0 0
95 0
49 94
0 0
176 14
53 0
260 93
0 0
228 0
75 123
268 0
374 376
0 0
239 358
34 179
0 0
147 0
0 0
339 379
0 0
329 0
28 0
287 0
165 178
0 0
250 0
0 0
0 0
17 0
42 0
328 0
282 0
192 145
170 207
0 0
100 47
314 320
0 0
308 273
0 0
299 52
194 0
0 0
183 0
0 0
310 76
107 0
15 0
113 0
137 164
354 150
259 0
231 220
288 0
88 148
217 0
326 45
185 0
19 0
0 0
20 197
363 0
0 0
0 0
258 0
143 0
81 0
173 0
0 0
0 0
305 0
0 0
79 0
203 89
104 0
0 0
333 0
334 0
0 0
0 0
257 0
158 38
181 67
357 0
267 0
360 0
369 0
196 0
166 0
36 128
242 359
188 119
255 0
0 0
62 0
356 40
223 0
226 0
0 0
373 0
394 0
0 0
366 386
0 0
105 347
311 63
39 262
0 0
0 0
199 372
58 65
0 0
161 0
0 0
393 124
331 0
2 0
0 0
140 135
0 0
0 0
264 0
114 0
248 0
112 0
191 103
21 0
146 0
388 0
0 0
277 0
169 284
0 0
341 378
315 0
300 0
346 0
116 0
13 0
253 0
11 0
0 0
87 0
0 0
290 0
297 0
382 0
29 77
180 46
129 302
167 78
59 0
235 26
244 0
22 90
0 0
270 278
274 0
174 316
55 0
0 0
364 0
0 0
130 200
0 0
246 0
245 50
318 0
0 0
0 0
294 69
162 391
208 384
361 0
222 0
219 269
0 0
390 0
138 141
377 125
175 0
115 142
111 0
237 0
205 0
0 0
230 0
234 0
0 0
10 221
0 0
195 51
0 0
0 0
0 0
280 108
109 367
0 0
0 0
