152 399
407 259
0 0
250 0
0 0
380 395
0 0
522 0
236 0
440 0
0 0
0 0
0 0
385 129
336 0
465 338
175 0
282 242
230 22
339 358
81 0
154 181
4 0
475 0
285 0
51 0
0 0
158 501
322 122
102 0
292 35
115 450
362 0
0 0
393 363
30 0
64 415
484 61
143 0
0 0
0 0
0 0
167 0
0 0
111 405
147 221
296 0
178 41
379 140
204 330
66 0
291 0
326 252
219 0
0 0
106 0
441 281
85 382
0 0
0 0
0 0
0 0
470 0
520 0
370 469
0 0
73 0
243 261
77 209
9 0
0 0
36 49
0 0
142 0
253 0
38 149
225 0
271 503
177 0
0 0
32 31
0 0
274 0
414 397
0 0
107 0
229 350
0 0
369 499
207 169
0 0
307 254
182 0
59 0
0 0
286 33
212 62
0 0
87 29
400 117
417 0
425 0
0 0
430 0
0 0
297 0
108 0
442 0
390 494
0 0
0 0
214 472
0 0
0 0
447 411
189 198
433 0
0 0
518 0
47 0
0 0
42 406
0 0
0 0
365 0
0 0
0 0
294 416
272 0
355 0
0 0
342 280
45 58
0 0
104 306
361 0
0 0
131 196
0 0
0 0
185 295
0 0
191 0
79 319
134 0
0 0
0 0
0 0
0 0
402 0
218 0
0 0
232 495
463 0
199 396
0 0
375 0
460 0
0 0
63 471
401 0
305 21
121 445
0 0
466 0
239 0
328 0
90 0
166 0
0 0
329 188
278 0
436 0
0 0
193 343
0 0
349 0
71 0
172 275
492 0
487 163
0 0
438 444
376 0
0 0
0 0
0 0
374 0
0 0
0 0
128 84
11 266
335 132
0 0
521 0
37 420
67 0
310 453
418 0
100 0
0 0
164 0
34 74
0 0
0 0
426 0
504 277
96 0
46 443
26 0
0 0
0 0
206 478
486 0
40 0
0 0
91 435
496 0
0 0
398 89
186 210
197 0
0 0
0 0
480 0
0 0
201 500
0 0
211 0
222 0
110 249
0 0
315 0
262 0
95 0
153 0
0 0
318 235
473 187
316 0
234 0
0 0
357 28
0 0
0 0
241 0
0 0
332 179
410 288
0 0
507 0
75 146
10 92
491 145
313 0
0 0
293 0
194 0
452 367
80 227
78 383
123 0
76 0
498 0
0 0
309 0
24 159
0 0
0 0
493 264
320 150
48 0
483 0
0 0
0 0
0 0
0 0
133 114
323 88
0 0
284 0
0 0
217 0
331 260
0 0
0 0
0 0
0 0
0 0
283 372
476 0
7 126
112 412
386 0
257 0
269 0
409 0
0 0
0 0
0 0
517 103
344 0
448 462
0 0
93 512
251 53
0 0
0 0
0 0
13 0
378 0
391 455
244 0
413 50
0 0
258 138
245 0
381 39
0 0
0 0
20 421
497 155
12 0
287 0
5 0
8 0
468 247
148 0
392 359
427 0
345 364
0 0
303 351
423 403
457 0
377 0
368 0
0 0
125 317
270 0
0 0
0 0
144 127
192 0
279 0
265 0
515 0
2 461
119 0
0 0
0 0
456 65
348 509
246 0
190 0
0 0
0 0
0 0
346 371
312 506
474 3
477 0
157 505
160 0
0 0
0 0
0 0
25 97
228 0
298 43
68 72
0 0
502 0
0 0
0 0
0 0
173 0
226 0
231 0
86 0
513 0
113 139
432 388
0 0
481 394
0 0
202 240
224 54
0 0
130 248
19 428
60 482
109 17
341 0
508 511
422 0
0 0
124 0
116 0
0 0
0 0
70 0
0 0
360 57
268 0
321 333
184 183
0 0
458 0
467 290
419 431
389 0
180 0
302 0
176 0
0 0
464 0
0 0
0 0
0 0
170 0
0 0
408 0
373 0
0 0
195 0
0 0
101 0
434 0
6 0
161 0
238 0
0 0
437 0
0 0
55 0
308 0
0 0
485 0
0 0
276 135
137 334
165 203
449 0
300 488
0 0
454 18
0 0
340 337
0 0
354 0
451 0
14 356
0 0
0 0
0 0
256 0
216 0
304 120
136 0
94 519
215 0
0 0
0 0
324 0
0 0
233 0
15 0
56 208
0 0
223 0
0 0
141 0
0 0
299 424
237 314
429 353
516 99
82 0
0 0
489 404
439 69
325 0
479 162
0 0
27 0
510 0
352 273
171 0
289 0
327 0
98 0
490 301
0 0
514 0
387 0
83 0
384 0
347 263
0 0
0 0
0 0
267 366
255 0
459 52
156 0
174 16
44 151
0 0
200 0
0 0
213 0
105 0
0 0
0 0
446 168
23 0
0 0
311 0
118 0
0 0
205 220
