295 128
0 0
184 158
0 0
306 239
142 36
90 0
334 0
0 0
0 0
0 0
0 0
0 0
162 0
336 0
0 0
63 223
0 0
87 0
111 232
0 0
117 341
183 0
54 292
0 0
0 0
176 0
196 272
235 0
197 0
0 0
217 0
7 0
78 0
286 0
0 0
187 74
252 0
0 0
333 293
240 262
39 267
45 0
0 0
130 0
282 0
125 77
0 0
0 0
181 0
321 110
0 0
194 0
127 0
314 0
147 0
258 72
356 114
118 0
80 107
191 0
149 0
108 281
178 0
17 132
4 146
226 0
255 0
298 160
324 119
115 0
357 0
133 121
299 287
3 0
345 43
0 0
0 0
112 0
12 0
0 0
93 139
0 0
8 312
136 53
0 0
151 47
0 0
0 0
0 0
308 245
0 0
270 10
322 27
0 0
174 0
350 0
0 0
0 0
206 0
202 0
233 219
100 0
0 0
0 0
0 0
230 304
351 0
0 0
0 0
0 0
209 0
173 0
99 65
318 0
11 0
0 0
0 0
0 0
271 0
0 0
361 0
0 0
0 0
227 66
106 0
40 153
211 349
22 224
35 98
83 41
302 0
216 355
141 42
150 360
0 0
229 331
280 208
325 0
358 138
0 0
0 0
9 58
0 0
0 0
144 64
0 0
16 0
0 0
354 0
362 0
169 0
26 0
0 0
62 28
0 0
326 0
135 0
0 0
228 0
18 73
266 328
13 69
303 214
0 0
348 0
34 0
0 0
70 338
55 0
0 0
163 0
0 0
0 0
20 276
0 0
0 0
0 0
0 0
60 274
103 189
159 6
92 243
315 59
44 0
116 161
283 265
0 0
46 86
0 0
0 0
247 0
344 0
0 0
0 0
310 347
124 0
0 0
95 257
123 145
0 0
25 57
38 319
37 220
154 0
0 0
89 0
67 0
52 0
51 14
0 0
172 166
275 23
330 88
0 0
317 215
279 0
288 241
222 186
329 0
0 0
0 0
0 0
342 19
164 113
131 148
205 157
0 0
0 0
179 307
101 182
0 0
213 0
171 0
33 0
0 0
192 134
0 0
301 0
0 0
85 0
185 268
168 0
190 246
212 0
2 0
0 0
337 120
31 0
0 0
277 289
353 0
352 0
0 0
0 0
225 0
0 0
0 0
256 0
193 71
0 0
96 0
0 0
105 290
195 0
291 0
285 203
207 261
76 0
0 0
221 237
140 204
0 0
335 129
199 339
259 0
0 0
332 313
0 0
323 0
0 0
156 284
0 0
316 49
0 0
0 0
343 50
180 269
61 0
0 0
91 0
102 0
0 0
109 0
236 15
264 201
0 0
0 0
253 24
122 0
238 0
0 0
56 188
0 0
177 309
0 0
254 311
278 0
359 0
48 249
170 0
30 0
0 0
0 0
0 0
0 0
0 0
263 0
327 0
75 82
0 0
21 0
297 248
320 305
167 0
29 0
251 0
94 0
0 0
0 0
5 0
0 0
0 0
294 81
0 0
165 340
143 260
0 0
242 210
218 0
155 152
0 0
137 300
84 231
234 200
198 32
175 250
0 0
0 0
0 0
0 0
0 0
346 126
68 0
0 0
0 0
97 244
296 273
0 0
0 0
104 0
79 0
