439 71
0 0
292 237
43 388
66 141
395 0
127 352
0 0
422 179
443 6
0 0
309 0
67 257
164 463
0 0
387 0
0 0
145 74
440 198
117 379
224 268
370 24
262 406
110 0
53 240
391 0
436 250
225 0
411 0
421 0
7 0
280 0
350 0
0 0
0 0
365 54
420 0
95 0
0 0
239 0
0 0
279 0
100 133
135 0
59 358
285 0
291 444
197 273
293 0
0 0
148 18
346 283
0 0
0 0
184 0
230 326
260 0
149 130
0 0
0 0
36 153
186 0
0 0
0 0
460 0
0 0
118 0
0 0
219 0
263 191
0 0
175 0
366 0
376 0
0 0
220 310
73 322
21 319
2 14
318 105
383 0
247 0
265 0
102 307
0 0
41 0
329 0
0 0
335 3
173 125
0 0
188 438
0 0
195 0
0 0
166 0
75 0
0 0
0 0
362 457
0 0
60 0
111 0
427 162
0 0
223 0
152 0
0 0
63 0
0 0
0 0
49 349
0 0
389 267
0 0
156 0
190 398
140 0
0 0
157 297
234 0
272 369
423 22
331 0
0 0
0 0
0 0
382 0
0 0
416 23
0 0
0 0
228 0
264 384
0 0
199 465
238 374
123 0
0 0
325 0
0 0
51 0
261 0
0 0
0 0
163 0
360 107
373 339
0 0
258 233
324 44
0 0
229 0
28 355
345 0
34 449
200 425
0 0
380 0
0 0
311 169
0 0
0 0
0 0
209 214
5 461
0 0
405 0
236 343
0 0
26 129
0 0
0 0
4 0
0 0
269 0
428 176
286 354
181 277
295 0
68 213
242 251
86 0
333 0
287 0
0 0
120 296
0 0
212 0
278 227
17 174
445 0
418 0
104 235
0 0
419 0
0 0
0 0
0 0
0 0
131 327
409 464
0 0
328 80
90 426
0 0
284 0
452 0
158 0
300 92
377 0
0 0
241 368
160 0
211 0
0 0
378 410
98 0
271 97
0 0
85 0
386 0
0 0
29 25
142 0
0 0
441 474
469 33
87 453
451 471
0 0
0 0
0 0
139 39
113 0
0 0
64 0
112 82
0 0
288 94
216 0
281 0
65 407
232 0
0 0
231 0
0 0
304 447
0 0
459 208
0 0
412 276
0 0
0 0
321 0
0 0
99 0
46 115
0 0
165 58
301 132
0 0
336 290
347 0
401 0
154 317
390 243
201 255
0 0
302 0
0 0
256 248
0 0
146 0
150 361
81 308
172 16
0 0
0 0
351 0
0 0
364 348
0 0
338 246
0 0
417 0
194 70
0 0
0 0
0 0
128 393
0 0
0 0
473 0
0 0
446 205
20 47
0 0
0 0
0 0
0 0
83 313
396 462
0 0
0 0
0 0
340 185
0 0
0 0
363 0
0 0
170 0
88 189
155 0
12 217
305 0
137 13
316 0
76 323
32 0
0 0
27 289
432 259
303 0
0 0
0 0
458 0
0 0
0 0
0 0
0 0
136 177
0 0
0 0
399 442
320 356
56 151
91 124
0 0
454 0
0 0
467 0
275 0
475 0
0 0
134 397
0 0
312 193
253 0
424 0
45 472
400 314
0 0
298 0
0 0
50 404
456 0
330 0
0 0
0 0
0 0
72 167
245 437
101 0
0 0
171 344
15 0
0 0
192 161
0 0
470 332
274 0
0 0
435 57
0 0
0 0
0 0
306 159
222 0
0 0
114 394
0 0
353 0
0 0
138 143
79 0
0 0
109 414
52 37
84 0
385 0
183 0
210 266
10 466
0 0
341 0
430 282
196 0
402 0
42 8
0 0
61 0
226 215
69 0
0 0
455 0
121 0
119 0
0 0
433 0
62 381
0 0
204 0
403 218
0 0
38 206
0 0
180 0
299 0
408 0
0 0
0 0
0 0
0 0
270 0
55 0
108 0
116 0
315 202
178 342
375 40
126 103
252 0
0 0
77 89
0 0
93 0
294 434
429 11
415 0
96 0
106 0
30 372
168 31
0 0
0 0
48 0
359 0
431 0
413 0
0 0
0 0
144 19
187 0
450 0
0 0
244 0
357 0
371 0
249 0
0 0
468 0
367 122
207 78
334 0
221 0
0 0
35 0
254 203
392 0
0 0
147 0
0 0
337 182
9 448
