522 290
308 0
517 0
295 271
0 0
125 292
273 0
135 0
36 255
0 0
51 578
0 0
446 232
371 0
552 544
547 0
548 512
95 116
0 0
288 513
0 0
0 0
0 0
143 452
206 422
80 34
260 372
172 0
487 106
435 196
0 0
346 132
0 0
0 0
358 0
0 0
395 0
525 367
0 0
561 28
380 0
0 0
0 0
0 0
0 0
222 0
90 0
0 0
0 0
336 0
500 16
0 0
377 15
274 0
579 0
204 0
229 47
359 494
508 560
564 0
310 0
0 0
176 532
345 0
181 0
356 0
169 327
0 0
225 0
357 0
59 188
361 0
0 0
93 0
91 0
393 506
0 0
573 567
0 0
0 0
0 0
68 50
104 284
152 433
0 0
0 0
0 0
0 0
203 63
568 0
376 112
0 0
0 0
53 167
438 439
0 0
429 428
0 0
29 0
563 0
559 263
0 0
236 0
171 178
107 0
0 0
0 0
214 0
118 340
134 0
503 0
0 0
426 399
0 0
0 0
207 398
381 97
75 46
360 0
0 0
417 0
163 502
0 0
0 0
257 0
0 0
0 0
0 0
520 483
330 0
150 523
421 0
17 0
455 197
40 137
0 0
180 0
0 0
0 0
0 0
41 0
0 0
352 0
375 109
0 0
89 71
524 0
199 444
319 240
0 0
228 0
0 0
323 151
287 43
0 0
0 0
362 324
0 0
48 0
0 0
0 0
466 115
0 0
486 0
177 0
117 492
412 166
264 99
38 0
56 0
425 534
472 447
145 13
0 0
49 0
127 195
11 386
0 0
9 514
189 0
335 0
193 0
457 0
0 0
0 0
0 0
2 0
0 0
250 409
291 456
540 23
0 0
0 0
470 0
504 0
374 575
0 0
0 0
477 0
326 100
314 316
543 0
0 0
0 0
144 0
442 366
311 0
0 0
45 0
0 0
0 0
0 0
410 32
0 0
0 0
129 297
0 0
481 0
282 0
131 0
493 173
126 0
0 0
397 459
0 0
0 0
355 0
0 0
0 0
0 0
8 423
414 515
244 0
0 0
26 0
279 183
94 0
0 0
467 101
527 6
0 0
445 0
0 0
432 424
0 0
249 427
537 0
0 0
0 0
294 0
235 430
312 351
536 315
0 0
238 0
155 388
576 0
0 0
378 482
0 0
0 0
334 77
212 454
190 0
0 0
0 0
124 448
283 489
476 0
541 0
194 405
136 0
138 224
52 0
0 0
0 0
0 0
0 0
0 0
0 0
0 0
35 0
192 300
434 0
0 0
419 0
0 0
114 0
318 0
379 322
507 390
82 67
0 0
0 0
331 14
0 0
0 0
262 0
247 0
0 0
0 0
0 0
0 0
572 384
328 0
0 0
0 0
0 0
0 0
76 320
519 128
302 0
113 0
0 0
87 146
0 0
0 0
0 0
88 0
347 0
69 0
553 0
254 0
0 0
0 0
0 0
307 202
464 0
354 0
0 0
289 0
533 0
550 0
0 0
416 0
148 0
102 0
306 164
0 0
551 86
441 0
133 157
478 545
139 402
31 226
387 554
382 0
61 64
0 0
0 0
0 0
343 0
81 141
12 348
5 453
161 272
0 0
0 0
20 518
21 70
280 0
529 0
242 73
0 0
25 270
531 0
437 413
237 0
0 0
0 0
103 0
72 0
44 0
201 463
0 0
0 0
24 175
0 0
304 58
241 0
208 0
396 0
0 0
239 394
418 0
0 0
0 0
369 0
333 0
153 0
96 0
337 0
179 305
539 344
516 0
511 252
0 0
495 0
66 0
140 411
491 219
373 220
0 0
227 465
98 479
0 0
147 0
574 0
505 0
0 0
0 0
0 0
0 0
391 162
0 0
79 39
108 0
293 275
130 0
0 0
223 460
286 484
555 0
530 0
488 0
230 0
450 0
210 296
0 0
0 0
205 528
149 458
392 332
0 0
209 368
198 385
213 0
281 490
0 0
187 449
0 0
497 0
54 0
562 174
266 443
0 0
0 0
0 0
0 0
499 0
27 0
55 468
546 216
431 0
0 0
186 510
365 30
408 342
303 0
298 0
485 0
111 0
338 570
0 0
3 110
170 121
218 7
258 83
243 0
57 0
299 0
556 0
436 301
569 0
0 0
0 0
159 168
0 0
0 0
0 0
415 0
261 0
277 265
440 0
37 383
0 0
217 119
256 142
0 0
10 0
400 0
0 0
538 123
389 0
0 0
0 0
496 42
268 60
349 313
0 0
0 0
160 0
0 0
0 0
0 0
364 253
285 0
461 234
309 191
78 221
0 0
211 122
350 0
557 0
571 0
0 0
0 0
317 498
329 0
420 200
74 475
404 0
0 0
156 0
92 509
406 182
325 0
0 0
473 0
62 0
501 566
462 0
474 558
0 0
0 0
165 0
0 0
0 0
231 565
0 0
276 403
0 0
120 0
469 0
19 542
577 233
471 105
0 0
521 339
184 353
185 0
0 0
401 363
0 0
526 0
158 0
0 0
535 321
245 0
85 0
18 4
278 0
22 0
248 259
246 341
267 0
0 0
0 0
0 0
549 0
269 0
84 0
407 251
370 0
65 0
451 0
154 33
480 0
215 0
