194 0
0 0
0 0
0 0
645 0
667 391
698 606
204 0
293 503
702 96
708 0
0 0
0 0
471 77
107 0
0 0
152 0
161 486
182 183
513 455
0 0
151 598
0 0
0 0
100 24
230 593
373 0
128 0
0 0
478 624
0 0
0 0
657 241
463 0
504 0
517 0
665 0
395 0
30 0
0 0
677 173
79 417
269 0
0 0
535 380
462 0
314 0
142 0
189 0
84 0
0 0
150 422
0 0
0 0
0 0
0 0
0 0
0 0
0 0
0 0
541 162
568 0
106 305
0 0
170 0
206 614
74 661
0 0
343 0
291 0
547 285
296 506
510 608
505 308
0 0
0 0
377 0
70 609
567 378
672 410
408 674
643 0
662 327
577 0
141 0
356 0
0 0
0 0
21 0
0 0
695 17
295 0
311 0
57 14
562 123
304 353
474 566
94 238
549 187
0 0
118 117
0 0
127 257
105 0
0 0
340 583
0 0
281 0
441 489
246 537
0 0
706 0
0 0
0 0
0 0
420 0
225 195
651 0
0 0
0 0
398 0
69 0
186 0
457 165
0 0
372 175
0 0
494 0
0 0
0 0
0 0
0 0
557 0
542 321
6 0
0 0
0 0
673 545
36 587
156 586
0 0
461 485
168 0
222 0
382 0
388 646
584 0
0 0
362 227
0 0
0 0
406 136
351 0
0 0
0 0
0 0
389 692
585 481
0 0
509 437
288 0
233 73
0 0
294 0
0 0
344 527
453 0
548 27
0 0
434 0
0 0
0 0
699 600
0 0
155 91
0 0
355 523
345 0
224 0
499 0
689 0
298 198
253 83
625 324
66 436
409 0
601 426
588 167
67 551
709 0
111 99
2 0
56 5
492 334
697 536
202 0
0 0
220 639
569 0
516 631
301 205
488 611
649 0
371 0
0 0
159 180
216 37
0 0
265 0
554 217
0 0
0 0
0 0
50 284
498 701
467 0
20 0
574 0
140 475
9 0
447 0
331 103
0 0
342 571
659 0
578 0
693 421
0 0
171 0
245 0
0 0
0 0
164 316
0 0
0 0
442 397
364 0
418 428
0 0
104 0
0 0
137 134
0 0
333 704
35 0
0 0
232 0
429 424
0 0
354 258
0 0
375 22
0 0
654 48
622 0
266 0
348 317
192 0
132 0
0 0
712 563
544 443
522 0
237 0
78 0
425 0
387 13
221 0
487 0
359 0
452 0
0 0
43 0
0 0
339 0
201 0
23 0
320 0
496 0
64 0
451 0
139 402
0 0
543 0
671 313
634 332
381 0
470 0
403 267
0 0
0 0
696 616
0 0
0 0
0 0
656 620
0 0
131 0
675 312
407 602
0 0
287 264
0 0
419 212
0 0
0 0
28 299
713 623
0 0
0 0
135 0
538 0
385 0
138 59
248 412
0 0
160 0
0 0
0 0
610 526
0 0
51 0
0 0
112 18
302 680
0 0
679 0
0 0
87 300
367 521
31 514
15 0
432 0
386 655
349 0
0 0
0 0
243 0
10 0
0 0
0 0
0 0
648 0
346 0
32 650
644 0
360 0
552 46
556 133
357 0
115 68
484 72
0 0
85 641
0 0
0 0
0 0
53 158
61 153
0 0
0 0
0 0
0 0
0 0
120 0
188 34
0 0
200 149
0 0
0 0
86 0
0 0
0 0
197 0
553 0
82 0
261 0
399 0
40 0
635 714
154 411
0 0
482 0
564 0
307 0
558 0
286 700
0 0
0 0
218 438
255 0
0 0
92 0
249 575
0 0
329 0
203 597
446 273
0 0
0 0
328 174
213 236
393 0
240 469
0 0
710 0
0 0
491 628
576 0
415 0
439 0
524 0
520 0
604 0
572 0
618 560
670 0
0 0
0 0
664 0
716 0
534 0
376 512
322 0
582 0
184 0
0 0
630 303
0 0
595 0
116 178
384 607
275 0
235 0
594 530
501 0
292 0
0 0
0 0
26 0
581 0
0 0
297 0
0 0
172 55
0 0
0 0
0 0
0 0
683 532
369 690
405 0
707 0
109 0
0 0
392 0
490 621
310 615
0 0
157 0
525 0
358 0
0 0
590 0
124 603
414 352
231 0
0 0
652 0
638 500
401 0
7 0
62 691
54 427
0 0
0 0
637 0
0 0
477 0
502 0
4 0
456 93
129 0
252 0
102 0
215 495
0 0
636 684
0 0
319 0
309 0
114 0
0 0
60 207
229 325
0 0
0 0
98 244
0 0
640 511
663 347
0 0
668 239
0 0
0 0
145 573
413 97
0 0
592 570
0 0
177 660
282 0
0 0
39 0
290 247
0 0
493 619
76 190
400 0
433 431
0 0
0 0
0 0
423 0
0 0
559 711
338 546
283 0
0 0
41 318
271 306
370 416
379 147
0 0
289 0
148 337
0 0
0 0
0 0
688 44
0 0
0 0
0 0
0 0
627 0
368 33
383 262
0 0
686 472
0 0
464 0
0 0
0 0
196 0
260 0
681 533
0 0
507 596
280 250
458 0
0 0
508 63
476 374
629 326
0 0
539 0
251 0
0 0
16 272
0 0
0 0
528 468
591 278
81 0
518 450
633 0
0 0
465 460
703 694
579 0
0 0
0 0
0 0
685 390
119 0
268 435
71 0
0 0
315 0
0 0
259 682
193 0
65 29
0 0
166 0
529 242
0 0
0 0
0 0
256 0
0 0
0 0
0 0
3 0
0 0
0 0
589 612
130 0
687 0
430 89
440 8
336 125
366 0
219 181
143 49
176 335
613 658
0 0
0 0
0 0
169 0
121 0
0 0
323 234
90 363
454 0
0 0
466 515
0 0
209 226
653 0
0 0
0 0
0 0
0 0
0 0
0 0
0 0
666 0
0 0
191 126
113 228
42 0
449 0
550 0
0 0
642 210
0 0
0 0
144 0
404 52
617 0
647 11
0 0
394 497
0 0
444 0
0 0
108 445
0 0
341 279
95 599
531 146
626 483
540 0
45 0
208 0
0 0
80 38
223 0
0 0
0 0
459 473
0 0
0 0
75 0
58 0
270 19
365 0
0 0
0 0
263 676
330 0
211 0
715 0
0 0
396 110
276 0
0 0
185 179
0 0
47 0
580 0
0 0
88 632
350 0
565 705
448 101
678 0
199 122
0 0
480 519
605 0
25 277
561 479
214 274
0 0
0 0
0 0
0 0
555 669
0 0
0 0
0 0
361 163
254 12
