-4913
16269
NO PATH
-11106
-16901
-826
-16757
14682
-21185
NO PATH
-17305
8561
13665
13420
NO PATH
12254
NO PATH
-14462
-7817
-15746
-16430
NO PATH
-44841
2498
-27074
12392
10834
-25620
NO PATH
NO PATH
-16010
NO PATH
NO PATH
NO PATH
-26843
2047
1250
-31171
-2888
NO PATH
-26851
NO PATH
NO PATH
-20970
NO PATH
NO PATH
-24634
10509
-26054
-12184
14843
-848
-11634
NO PATH
15523
NO PATH
NO PATH
-12412
-39259
NO PATH
-21869
-29171
-41434
-36769
NO PATH
-33923
-2011
-22618
NO PATH
NO PATH
-27680
17214
NO PATH
-13846
NO PATH
-4816
-10457
-16138
12475
-263
-23288
-18929
17568
NO PATH
-13489
-5236
NO PATH
NO PATH
-12998
-32423
NO PATH
NO PATH
NO PATH
NO PATH
-7232
-12496
3743
4129
-20245
-22250
-24720
21870
-19594
-15672
-24194
-8541
NO PATH
-26749
-34400
NO PATH
-19682
51
-36547
-35595
-33839
NO PATH
-27995
NO PATH
-552
NO PATH
-33477
-16981
-16870
274
6930
-779
-5931
-20236
NO PATH
-17081
2584
-41292
1126
-13302
-1226
-31401
-18660
-10385
NO PATH
33205
NO PATH
7606
-17029
NO PATH
-35198
-13851
NO PATH
-12750
-11678
1088
1479
-35246
-17563
-20080
NO PATH
-16592
-25769
10229
5974
-592
NO PATH
NO PATH
NO PATH
-2430
NO PATH
-28353
NO PATH
NO PATH
-25359
6586
-25437
-18832
-2837
5757
-17706
NO PATH
-41031
-25063
-13581
NO PATH
-26835
-16739
5863
NO PATH
2649
-6514
-10191
-26968
-3776
NO PATH
-15360
-13234
-45704
-42853
18850
-13385
25568
-5845
-522
NO PATH
-12401
-36850
3210
2232
-12248
NO PATH
-49044
-8830
-38246
-10864
NO PATH
3922
-41634
-7666
-25255
NO PATH
-13803
-3939
-12663
NO PATH
-34396
-18707
-20253
-36666
-16583
NO PATH
NO PATH
-17209
5051
-916
-24963
4766
22549
-8427
-4271
-43018
NO PATH
NO PATH
-25336
-39120
-5133
-8980
758
-28543
-41215
-19063
3931
-27966
-17092
-18468
NO PATH
-22672
NO PATH
24139
-19434
-8512
26185
-272
NO PATH
-22530
1137
NO PATH
NO PATH
-24808
7671
2177
404
-8233
-18846
-17982
-19190
-38934
33483
8515
NO PATH
-7885
NO PATH
-1212
39332
-35386
-18911
NO PATH
-15411
-37484
-16142
-26277
-4394
NO PATH
-7782
NO PATH
NO PATH
2715
NO PATH
18154
-27452
-2816
-34061
-38081
-16221
NO PATH
9372
1198
-25544
NO PATH
-2786
NO PATH
NO PATH
22019
16276
-29584
1955
-1175
NO PATH
17988
NO PATH
4400
NO PATH
-8932
-27198
-33572
-38162
-3969
NO PATH
-21674
-28860
NO PATH
-40618
-35359
NO PATH
NO PATH
NO PATH
708
-12861
-19564
-357
NO PATH
NO PATH
-32698
-35839
-10594
-18324
-22741
-13083
NO PATH
2388
NO PATH
-18158
-25692
-1232
NO PATH
3475
NO PATH
4048
NO PATH
-5837
NO PATH
3232
2235
-13082
2259
-25282
-20366
-33708
-31914
-23791
-43641
35398
-13996
-13708
-33576
NO PATH
32859
4986
NO PATH
-17915
16945
-28151
11475
-26759
1956
-16527
-39902
15149
-10059
-23760
-23314
-15437
8399
-20764
NO PATH
-15587
-34836
-11926
-6790
NO PATH
-8458
821
11429
NO PATH
34499
NO PATH
2620
NO PATH
24308
NO PATH
NO PATH
9150
-3390
-14162
-24245
NO PATH
37992
28312
6922
-23379
-15349
-13870
-13805
-27619
-8199
-29246
-25853
NO PATH
7692
1973
-7934
-37165
-16867
NO PATH
-39254
-35344
-18796
NO PATH
-38052
-27079
-38501
-21721
12770
NO PATH
-29931
13957
NO PATH
-32491
NO PATH
2174
-1764
NO PATH
-4408
-273
-20449
12465
-20181
NO PATH
-22431
NO PATH
NO PATH
15379
-7324
-14462
7413
6919
4823
-15908
4285
14793
3577
NO PATH
NO PATH
-18770
NO PATH
-23169
-44131
-21849
-33848
-17605
-31108
-11757
-13119
-8305
NO PATH
1364
NO PATH
NO PATH
-20984
20295
NO PATH
-19268
NO PATH
-40330
NO PATH
-35545
1485
-15296
-20597
-19504
-18508
-35288
-15773
23207
NO PATH
NO PATH
991
-15602
NO PATH
19568
-20309
4397
18485
-25573
-19473
6557
-36698
19937
NO PATH
-4982
1930
-18072
-14278
12956
-23843
20707
NO PATH
-22445
NO PATH
-18411
-8111
-8613
-19715
-18967
-17161
-32598
NO PATH
NO PATH
-20634
-14560
NO PATH
NO PATH
6348
-19925
NO PATH
7788
NO PATH
-8596
856
-13036
NO PATH
-7502
NO PATH
-650
-20400
-28309
-7907
-1210
7503
-34222
18219
-39723
NO PATH
-36301
-20355
-12944
NO PATH
NO PATH
-19376
-26194
NO PATH
1520
-41300
27644
-19040
5855
-10537
28297
-35533
2984
NO PATH
NO PATH
355
-13335
34952
3058
-12212
-25549
-3876
NO PATH
-7162
-29115
-22614
-4042
NO PATH
10129
-19771
NO PATH
NO PATH
-20923
-34546
-31254
-24489
-6442
-3209
NO PATH
NO PATH
NO PATH
NO PATH
NO PATH
NO PATH
-22091
-13812
-17020
-30384
10912
-39727
-39615
NO PATH
2436
-21265
-3200
NO PATH
-39156
35985
-32109
-34852
4587
-29384
NO PATH
-17196
-21272
NO PATH
-22966
-24190
-10303
-7762
NO PATH
NO PATH
-16197
-10812
-7934
-26124
-23373
-34936
NO PATH
NO PATH
-7198
NO PATH
2159
2147
-27024
-2392
-3327
-38380
NO PATH
NO PATH
-15238
3621
-38227
NO PATH
-13294
NO PATH
7422
-19528
-19139
11052
NO PATH
3889
-2371
-23075
-28557
-24441
NO PATH
-30695
-25920
NO PATH
-6482
-24368
-4751
NO PATH
7805
-5856
NO PATH
-29316
16375
-20748
-14034
NO PATH
-3577
NO PATH
NO PATH
-36446
NO PATH
-963
NO PATH
-43566
-28698
5377
NO PATH
-22828
-29644
-15002
-19121
-35981
-49825
NO PATH
1388
NO PATH
-20906
-28540
-24821
-25924
NO PATH
4221
-6592
-7214
4135
-32564
-11071
-31283
NO PATH
3648
-32911
-29336
NO PATH
-2875
-37594
NO PATH
-34751
542
NO PATH
-42243
-25174
-30617
-34080
-10432
28761
1087
NO PATH
-27936
NO PATH
6270
NO PATH
4808
NO PATH
3190
-16581
-17489
-428
-8226
1881
-3176
-16132
NO PATH
NO PATH
8860
-34982
-12359
10204
NO PATH
NO PATH
2105
NO PATH
-29882
18239
4594
-20621
-10034
-16040
-7934
-25586
-34240
NO PATH
33197
NO PATH
-16856
28864
-18597
-12206
-25811
NO PATH
-23206
NO PATH
-14784
-14532
-12121
NO PATH
NO PATH
-30166
-19632
NO PATH
-14589
NO PATH
-32611
-33444
-4878
-18751
8212
-11348
-28556
NO PATH
-23445
-21133
-5752
-2137
18258
-3705
-8429
-10379
40509
-6766
-35757
11430
-14702
-35026
-22272
9403
11723
-8488
-49667
25330
-31935
-18705
NO PATH
-10389
-5016
-13222
NO PATH
-12245
NO PATH
-20003
-33658
NO PATH
-9621
11480
2039
NO PATH
-25547
NO PATH
NO PATH
-25938
-2127
4597
-30008
-34334
NO PATH
2507
NO PATH
NO PATH
-24912
NO PATH
-665
31225
-18268
16832
-22699
-33294
NO PATH
-26561
25539
NO PATH
-42702
-7388
NO PATH
-17620
NO PATH
-28764
NO PATH
-18839
-23219
-9785
14963
-31305
2405
NO PATH
-21697
-22616
NO PATH
-15948
-35548
NO PATH
NO PATH
-19094
3448
-21916
-31384
-241
NO PATH
NO PATH
-33829
NO PATH
NO PATH
-24025
6348
-21132
-24005
24174
-9706
-2975
-8453
6531
-20354
NO PATH
-2989
-24312
-8785
NO PATH
526
NO PATH
NO PATH
-8519
-21347
6290
-34429
NO PATH
-19999
10238
-22394
22565
NO PATH
-7399
-24523
NO PATH
-9933
NO PATH
NO PATH
NO PATH
-4466
5834
4275
NO PATH
NO PATH
588
10663
NO PATH
NO PATH
-33056
NO PATH
-5598
NO PATH
-4626
NO PATH
-13735
NO PATH
NO PATH
NO PATH
4853
NO PATH
10069
6834
4385
-17878
-11884
-28643
-12788
-38056
-5605
-5863
675
23456
-32426
NO PATH
-4386
-17121
-22698
-17882
-28106
2365
NO PATH
15583
695
-6291
-24005
873
NO PATH
394
-32159
NO PATH
8790
NO PATH
NO PATH
-2126
12096
NO PATH
18295
-1178
-24473
-20599
NO PATH
NO PATH
NO PATH
-17339
-33689
18182
-19917
-29414
-21176
-26255
-20313
NO PATH
NO PATH
-15917
-16732
NO PATH
250
-33255
2812
-31866
-27493
-26477
NO PATH
-22987
NO PATH
6317
-30989
NO PATH
-2052
-29577
291
-42619
-9982
NO PATH
39395
NO PATH
-13317
NO PATH
-12682
-7473
-766
-18012
-6189
-13327
NO PATH
NO PATH
-6084
14284
6202
NO PATH
NO PATH
NO PATH
12771
38319
-38032
-19078
16972
-36625
4870
-16610
-3989
-16104
3561
7503
-13067
-21843
20066
-22603
-9892
-26788
-38737
28940
8215
-20281
NO PATH
-16467
-29379
-5784
-13744
-31880
-18899
16794
-8894
-31540
30297
NO PATH
-14694
5976
-28709
NO PATH
NO PATH
-2357
-35729
NO PATH
-13429
NO PATH
-17128
-21008
-25209
NO PATH
-38941
27163
NO PATH
-9111
NO PATH
18942
NO PATH
-3117
-9431
6910
3694
NO PATH
-25573
14946
NO PATH
NO PATH
-44020
19146
-19842
4693
NO PATH
-28230
-30233
NO PATH
-16931
-7883
NO PATH
-8006
-37573
-27447
-12931
10199
-16164
NO PATH
32480
NO PATH
-12493
4638
-20528
-373
-9010
-31319
9610
15037
NO PATH
5077
NO PATH
-17079
0
-32775
NO PATH
-27330
2132
30188
18472
-21081
-9789
-15435
-9438
-12142
-20127
NO PATH
NO PATH
NO PATH
-32765
-38986
-4002
-13662
-22649
-42691
NO PATH
42217
-32952
-19090
-17348
NO PATH
-17800
-14323
-48438
-22742
-29428
-6088
2268
NO PATH
-25838
NO PATH
NO PATH
7524
-25280
-25670
-33927
-22114
-31927
-27107
9607
-3864
-31710
-4977
NO PATH
-21233
NO PATH
-23933
NO PATH
-5449
-20449
-13738
2182
-31212
-23263
-17799
-27834
NO PATH
-27610
-16931
-3801
NO PATH
-14770
NO PATH
204
NO PATH
NO PATH
-32163
-11072
1974
NO PATH
-18127
-19353
26168
-25224
9748
-17995
-11189
-9817
-46349
-19792
NO PATH
-41689
-25299
-4258
-20087
NO PATH
NO PATH
3937
-20749
13655
-5384
19765
-23292
NO PATH
NO PATH
-18614
-18569
-3244
-17980
-12881
-49074
-30888
-17150
NO PATH
7442
-15570
-18861
-24746
NO PATH
-6375
NO PATH
16653
3666
-11659
-8474
-4543
-37724
-37333
NO PATH
-19820
-4311
2401
NO PATH
NO PATH
20554
NO PATH
NO PATH
-29536
1051
NO PATH
-28201
4211
-4225
-19209
11002
-19219
NO PATH
NO PATH
NO PATH
NO PATH
7247
-23684
-37060
-31852
-32130
-25119
NO PATH
13182
-13932
NO PATH
8660
-1601
NO PATH
NO PATH
-17660
-11685
-26263
3062
-32431
-20178
32339
-835
8447
-8888
NO PATH
9097
6192
-11863
-16076
-26883
8100
-24193
NO PATH
-18171
3627
35011
-9961
NO PATH
-17656
-2289
-20317
-23774
-33005
5633
357
11662
NO PATH
NO PATH
NO PATH
8787
-18169
-25261
1017
1165
-41252
NO PATH
-9569
-31301
NO PATH
-21372
-7698
-39510
-12968
-17609
-15525
NO PATH
NO PATH
-31625
-13875
-30766
NO PATH
-7640
-12773
NO PATH
NO PATH
-13792
-22228
-36944
-14218
-14430
-24495
-35103
NO PATH
-2012
-19402
NO PATH
7046
-20661
-26185
NO PATH
-27809
-26966
1783
8424
-16547
-27844
-27063
13384
-29720
9411
NO PATH
NO PATH
732
-17632
-27344
-22869
-27333
NO PATH
NO PATH
12798
-26573
NO PATH
-18530
-8983
-7481
-16389
-12594
NO PATH
-22998
-36829
-21032
22325
NO PATH
-5
990
8771
NO PATH
NO PATH
NO PATH
-20515
NO PATH
NO PATH
NO PATH
-26885
10111
-6287
NO PATH
-18924
-29897
-9753
13125
-11908
-16671
-7956
-21889
12816
-7794
NO PATH
-1852
-29850
-26240
-6009
-17081
-45934
NO PATH
NO PATH
-7042
-35182
-10479
NO PATH
33
-11429
-26752
-1321
NO PATH
-12863
6249
11075
3408
-27573
NO PATH
-27548
-4160
-25674
-20703
NO PATH
17182
12269
NO PATH
-15499
NO PATH
-31990
-18976
-9910
-32717
-38411
NO PATH
7442
NO PATH
-24529
NO PATH
7472
-32169
NO PATH
-33753
-32863
-22196
-28944
NO PATH
-15192
-27961
-13352
1338
695
-37476
NO PATH
-21348
1403
-20864
15464
-27782
3853
NO PATH
NO PATH
18362
-2568
12685
NO PATH
-11535
-3668
-18760
-19280
27596
NO PATH
NO PATH
-21061
NO PATH
-16210
15150
-20495
NO PATH
-14368
-38543
-18674
-17122
9516
NO PATH
6956
10915
18629
-13012
26064
-19728
NO PATH
-19700
-42200
-42417
NO PATH
-31639
NO PATH
NO PATH
-17603
-17584
-1706
-6105
NO PATH
9383
-29750
NO PATH
2956
NO PATH
-26847
NO PATH
-14714
NO PATH
22105
-26
4592
3807
612
NO PATH
32177
-29527
-5448
-27364
11582
-16916
34458
NO PATH
29202
-6056
NO PATH
23017
NO PATH
-17207
3160
30557
NO PATH
-8940
6981
-8719
-21973
-20773
NO PATH
2826
NO PATH
-28503
NO PATH
3827
-2342
-29953
NO PATH
-11795
NO PATH
-7096
NO PATH
2736
-30347
-15791
8540
NO PATH
11903
NO PATH
562
-29228
NO PATH
-38158
20618
-15170
-4368
-23267
-18798
-16885
-4486
-23932
-26571
NO PATH
-21930
NO PATH
-7485
NO PATH
-8126
-11822
-19388
-9404
-11496
3899
-10187
-1186
1242
-19897
-15837
-34881
-4230
-37865
NO PATH
-10731
-23291
26884
NO PATH
NO PATH
-5883
NO PATH
-12293
-17813
16186
-9876
-30649
-1920
NO PATH
-14472
NO PATH
-41347
-212
NO PATH
NO PATH
-19607
NO PATH
-29945
NO PATH
-9162
779
20679
NO PATH
822
-35696
-2995
-18132
-27867
-31087
NO PATH
NO PATH
NO PATH
NO PATH
NO PATH
NO PATH
-6167
-16460
6701
NO PATH
NO PATH
10869
-19979
-50433
NO PATH
-32782
-8467
17682
-20073
NO PATH
-12190
-10379
NO PATH
-4443
-22598
-17328
-8621
-7349
NO PATH
-34772
1237
NO PATH
NO PATH
NO PATH
-32734
10345
17481
-14504
10295
NO PATH
-19007
-40223
22800
NO PATH
-38190
10900
NO PATH
-27116
NO PATH
555
NO PATH
-34268
21785
3681
-5202
-28829
11690
1351
-38894
NO PATH
-18254
-10843
-22471
NO PATH
-11158
NO PATH
-13999
-7313
NO PATH
4571
NO PATH
-25655
-7837
9072
32567
NO PATH
9469
2661
8897
10698
NO PATH
NO PATH
NO PATH
-39728
NO PATH
-16322
NO PATH
NO PATH
-18584
-28831
-14914
-20674
NO PATH
-11454
-37853
NO PATH
-14196
-8767
22030
NO PATH
NO PATH
NO PATH
-12546
NO PATH
12503
NO PATH
523
-21636
1791
NO PATH
1744
NO PATH
-28563
-24502
-38618
34816
NO PATH
NO PATH
NO PATH
-18889
-18786
NO PATH
NO PATH
-25875
-16340
-353
-26174
10876
NO PATH
5920
-9846
-17421
-1815
-29779
-14164
NO PATH
-28506
-8211
-19020
-17281
NO PATH
-9930
NO PATH
338
8592
286
1351
-32833
-7616
NO PATH
19276
-34837
NO PATH
-28199
NO PATH
-25733
11259
-24242
-25423
-26800
3023
39774
-24935
NO PATH
-26784
40278
-10103
-5236
-28312
-32208
NO PATH
-27402
-28235
NO PATH
NO PATH
NO PATH
-41953
21659
-18744
-136
NO PATH
NO PATH
-23915
-36015
NO PATH
-19066
2418
-5352
-22405
NO PATH
-22940
NO PATH
-18837
7874
-12077
-13905
NO PATH
12946
-12349
NO PATH
2000
-6708
NO PATH
NO PATH
-29840
-20361
NO PATH
8095
22588
19637
NO PATH
NO PATH
-1518
NO PATH
NO PATH
NO PATH
-36050
-11750
17
NO PATH
NO PATH
NO PATH
-21592
NO PATH
NO PATH
421
-42216
-18248
NO PATH
-27796
-15135
-25977
-399
NO PATH
-26188
-6036
NO PATH
-33424
2176
-23845
NO PATH
NO PATH
-14221
NO PATH
-23548
-14147
-9936
NO PATH
1970
10018
NO PATH
1747
-18702
NO PATH
17026
25181
25837
-12502
2099
NO PATH
-21648
NO PATH
1298
NO PATH
341
-8487
NO PATH
NO PATH
-10771
NO PATH
-19782
6085
-18809
NO PATH
-23187
-21075
-11471
-8893
-14177
6389
-30344
NO PATH
-24056
-14616
-34434
NO PATH
-28446
-30336
-27334
-36449
NO PATH
-17429
NO PATH
NO PATH
-21886
NO PATH
NO PATH
NO PATH
-28349
12839
-5103
NO PATH
4399
NO PATH
-10034
11529
-23989
NO PATH
NO PATH
-15207
NO PATH
-16425
NO PATH
-4288
-39692
-26513
NO PATH
NO PATH
NO PATH
25068
30492
-20924
-34285
-36595
NO PATH
-22107
-37552
-12421
NO PATH
-8193
-16983
-38952
-25449
-8240
23326
1942
-16105
NO PATH
NO PATH
-11487
-16383
4763
-30677
-6477
-31244
-14987
-19901
NO PATH
-20424
-26634
-27801
12517
-12200
6529
-31758
21129
NO PATH
23224
-7113
-2352
-37129
-33782
-17216
18691
-16569
NO PATH
-34444
NO PATH
27114
1006
-15786
19731
NO PATH
-38403
24056
3240
NO PATH
NO PATH
-26640
NO PATH
-13326
-38738
-32216
NO PATH
-14845
NO PATH
9702
-18779
-31262
NO PATH
964
NO PATH
NO PATH
-32433
-19911
-34626
13233
-34848
1740
NO PATH
-13188
-10132
-9211
-15952
NO PATH
-25896
-20243
-39404
5069
-19202
-19647
NO PATH
-434
-14353
NO PATH
-24972
-26851
4216
-13289
NO PATH
-6866
NO PATH
NO PATH
15759
NO PATH
NO PATH
-37441
8853
NO PATH
-19077
NO PATH
-25317
-15648
-27979
-15122
18245
NO PATH
NO PATH
-19059
18010
-15565
-6826
-43182
NO PATH
-8687
NO PATH
-18882
NO PATH
-1925
-22030
11819
10123
-23657
-32999
3035
1991
25116
NO PATH
2999
-16450
3180
NO PATH
NO PATH
NO PATH
11196
NO PATH
NO PATH
NO PATH
-5670
NO PATH
-2119
-21129
-28533
5255
20576
NO PATH
-38838
-40856
-6321
NO PATH
-20775
-26893
-24691
-17794
NO PATH
-19518
-13877
-27591
17710
-14184
NO PATH
-29350
-3280
NO PATH
12066
NO PATH
38223
NO PATH
-27614
-22912
-29884
NO PATH
-30147
-24719
-35197
-18180
-24489
-34908
NO PATH
78
-2889
-24152
-25643
NO PATH
-23994
NO PATH
-30385
25579
-37187
15491
NO PATH
NO PATH
-28564
-12712
14871
17839
-20489
-22841
-13344
-26559
-23081
-23613
-98
-25295
NO PATH
-11457
-40702
-9095
NO PATH
-15426
NO PATH
-20264
-22125
-1202
-10605
12622
NO PATH
30751
NO PATH
NO PATH
-42557
-41422
NO PATH
-24816
3958
NO PATH
-27314
-8242
NO PATH
-32535
NO PATH
-8268
-38283
-22169
13869
-21071
NO PATH
-18631
5785
-24120
28890
-41494
-38009
-5414
NO PATH
NO PATH
-25630
-37101
8997
-18740
-11001
NO PATH
14518
-24159
-38795
NO PATH
34683
-28338
NO PATH
-7366
-17684
-29854
21256
-29053
7943
-1813
-11386
-18467
-39771
-7128
NO PATH
NO PATH
NO PATH
NO PATH
-27740
12016
-34946
-36692
NO PATH
NO PATH
-12611
-30658
-33555
NO PATH
NO PATH
-23047
13211
-19218
-12422
-14351
NO PATH
-31639
-30832
NO PATH
-34559
NO PATH
-41361
14116
NO PATH
-19944
NO PATH
4319
9175
NO PATH
-9456
-31474
10111
-20034
6210
-18098
-24815
-12647
-22055
-36701
-17883
-24019
24732
-20668
-8245
25405
-20956
NO PATH
NO PATH
-22899
13183
NO PATH
NO PATH
-25508
-26658
11374
NO PATH
-40750
NO PATH
10560
-35945
NO PATH
-42028
-25003
NO PATH
-18981
39972
11054
-23303
-14326
NO PATH
13250
7919
NO PATH
2261
-5068
-15562
-32433
NO PATH
-22728
-2449
3721
1824
NO PATH
-14271
-26156
-20571
-29830
NO PATH
-14458
-30417
-43989
1683
-17662
NO PATH
1687
NO PATH
17828
-23535
NO PATH
1468
NO PATH
NO PATH
2487
16624
-29735
27329
-32321
-19167
-26288
NO PATH
NO PATH
-41344
-1749
-15193
NO PATH
2253
4903
9937
-1248
NO PATH
NO PATH
-1365
NO PATH
5081
NO PATH
-5103
-27468
8196
-15234
-32471
-2155
-4432
-16446
-3950
-33738
240
-14274
NO PATH
-13299
19428
-23005
14865
-5446
7417
-33979
NO PATH
3857
NO PATH
NO PATH
NO PATH
NO PATH
24900
NO PATH
-10853
NO PATH
2751
14519
-10007
NO PATH
NO PATH
-8892
-32347
27695
36056
4908
-9868
27954
-2655
-36895
-3943
8533
1881
-28497
-34477
NO PATH
-30531
-32601
-26646
-15224
-14593
-21996
-5951
-20249
-5633
NO PATH
-13040
NO PATH
14775
224
1994
-29046
7686
-26762
NO PATH
-28761
9659
NO PATH
NO PATH
-823
-23364
26005
NO PATH
-37285
-3920
-12260
-15726
-27769
-1236
-4533
39008
NO PATH
-19696
11976
NO PATH
7329
9790
20282
NO PATH
-28487
5106
-25436
3391
-17805
NO PATH
-7659
NO PATH
-22003
15723
-19249
NO PATH
NO PATH
-34352
-8186
NO PATH
NO PATH
NO PATH
-20471
-23210
17941
NO PATH
-40208
NO PATH
4685
-11575
3745
-8835
NO PATH
14507
-18531
-32469
NO PATH
37952
-31962
NO PATH
-32999
NO PATH
-38652
1528
NO PATH
2784
-20022
NO PATH
21974
-6495
NO PATH
-28658
-41361
-21249
17719
-17492
NO PATH
26056
NO PATH
29813
-6255
5082
-19402
NO PATH
-30559
-32827
18895
-8999
NO PATH
NO PATH
-20365
-10035
NO PATH
-28832
-23911
-45610
-27379
NO PATH
12649
-22332
-8930
20328
-23611
-31059
-20219
-21858
-4746
-13563
-2755
22514
-11478
-14656
-29371
NO PATH
11137
3843
-27559
NO PATH
NO PATH
-21100
-4291
NO PATH
NO PATH
-355
-27224
-20546
NO PATH
-26601
-1302
NO PATH
NO PATH
-18435
NO PATH
NO PATH
7337
-29363
NO PATH
2834
-21243
11668
-778
NO PATH
-34869
-17592
-22542
-20503
737
-26753
-19057
-30722
4190
-26809
-23095
NO PATH
-20106
NO PATH
NO PATH
NO PATH
NO PATH
-13796
-18578
-26051
NO PATH
-2711
-9840
NO PATH
NO PATH
NO PATH
-28283
-22771
-20472
-29764
NO PATH
-34481
NO PATH
-17793
-11202
-8192
NO PATH
-6207
-17676
NO PATH
NO PATH
-17717
-29488
-20512
NO PATH
NO PATH
-20403
NO PATH
NO PATH
-5831
-2315
-11268
-22299
-6509
-30657
-23499
-35097
13201
25198
-22314
NO PATH
-35382
4466
37243
NO PATH
-13357
-22431
-10666
NO PATH
16381
-28127
-19840
-21125
-21317
-31328
27704
NO PATH
-34684
-21443
-38134
-10119
6930
NO PATH
NO PATH
-33330
NO PATH
-18946
-29052
NO PATH
-25705
-20333
-6097
-8704
NO PATH
7903
-32067
-18628
-7498
-118
NO PATH
NO PATH
-18790
NO PATH
13548
NO PATH
NO PATH
20123
NO PATH
-23812
-10129
-20879
NO PATH
-8257
NO PATH
-27127
4247
85
NO PATH
2523
NO PATH
NO PATH
-15412
NO PATH
15079
-16112
-3324
NO PATH
-19978
NO PATH
-31209
-34697
-29461
NO PATH
12170
-13728
-22398
NO PATH
-15027
NO PATH
1213
NO PATH
-12478
1368
-10998
-14877
NO PATH
NO PATH
-32669
12925
NO PATH
-8628
6959
NO PATH
-31181
3343
NO PATH
25601
-26347
-19194
NO PATH
-21852
25034
NO PATH
NO PATH
NO PATH
-23213
-28136
-30521
NO PATH
30687
-30185
NO PATH
-18343
4831
16351
NO PATH
-20964
NO PATH
35053
-23284
-23593
351
NO PATH
-32593
-20383
6267
NO PATH
-22962
16589
-15328
NO PATH
-4201
NO PATH
-27461
-35202
5357
NO PATH
NO PATH
NO PATH
4332
-13950
NO PATH
-4840
11056
NO PATH
5491
-13834
NO PATH
-31773
-37734
-25848
-6617
NO PATH
-11169
-20453
-17294
3442
-30998
-28285
-25617
-16648
NO PATH
NO PATH
6189
NO PATH
NO PATH
NO PATH
-7109
-30269
15615
-24082
11504
27031
-9409
NO PATH
-31439
-2165
-28734
-17739
-11589
-32037
NO PATH
-17495
-13403
-23066
-31454
-479
NO PATH
NO PATH
-22108
-9351
-17927
15394
-21268
-36243
2756
-21220
-25314
15879
-32082
36837
-9836
-17046
-23105
-17786
-5637
1812
-21112
-3417
-9611
9001
-20804
-22949
-24676
-35651
-32483
NO PATH
-27877
-26178
NO PATH
1491
NO PATH
-23135
-26379
26356
NO PATH
NO PATH
NO PATH
-26444
NO PATH
-17637
-21177
-25027
-35559
-15114
NO PATH
-26551
1084
-28277
-13714
-19972
-3791
-41446
-7470
-32451
NO PATH
-33773
4647
-38231
NO PATH
-24936
-18147
11812
-26884
NO PATH
-33341
15432
8017
-41018
NO PATH
NO PATH
9726
1058
NO PATH
33189
NO PATH
5263
NO PATH
NO PATH
-21314
712
-15213
-34101
-36449
-11662
25828
-28018
NO PATH
-31664
-40686
-22795
2359
-23409
-21648
NO PATH
NO PATH
-26085
NO PATH
-21120
721
NO PATH
NO PATH
NO PATH
-16492
-6382
NO PATH
NO PATH
19684
-27826
NO PATH
NO PATH
-33979
10187
NO PATH
NO PATH
-19287
NO PATH
-19441
-18739
-4724
-14102
-27186
-21582
-22754
-10306
2877
-19424
-40310
-36968
-25236
-25583
-4972
-18446
-26126
34093
NO PATH
-16498
-17432
-38867
15092
NO PATH
-32788
-20197
-17970
-22213
-44387
5102
4327
-29985
18019
-5042
12183
NO PATH
-9048
-29875
NO PATH
-24064
2837
-3909
NO PATH
NO PATH
-10734
NO PATH
-8480
NO PATH
-27390
NO PATH
-33983
-24883
NO PATH
1343
NO PATH
-20360
NO PATH
-17611
-28441
5761
-16957
NO PATH
-13347
17070
NO PATH
22851
-1657
NO PATH
-30220
-23596
NO PATH
-3797
9998
2977
-18368
4386
-15562
-8672
-21147
-16829
NO PATH
602
-13871
3013
-23370
-19645
-15885
-3166
NO PATH
-37868
-18643
-14343
-12819
NO PATH
-1173
919
-34634
NO PATH
NO PATH
-26753
-23734
-1319
-13057
-20385
10378
NO PATH
-3047
NO PATH
-16127
-20122
NO PATH
-7409
18168
-9437
-29229
NO PATH
NO PATH
NO PATH
2457
NO PATH
NO PATH
-16416
-24084
NO PATH
1995
-29043
-21898
-27685
3462
NO PATH
-21377
NO PATH
-19074
-22761
-13856
19585
-24363
-15460
-5796
-43563
6812
4272
20132
-3650
-39988
-32704
16763
-27450
NO PATH
-14359
12210
-33428
NO PATH
14542
-15572
3898
NO PATH
-32770
3619
-17985
2611
-7495
NO PATH
27383
2861
NO PATH
-36614
-17595
-23755
14109
-3686
-25066
-15992
17390
5003
19391
-3499
665
6063
-19598
-27997
-9981
-38746
NO PATH
NO PATH
NO PATH
-7526
-24778
-31046
23449
NO PATH
-6478
NO PATH
-15000
-1263
-28845
-24509
-10018
NO PATH
18045
NO PATH
-9854
-36536
NO PATH
32338
-24070
NO PATH
-18462
-19876
2629
-20121
34418
-33760
7710
-12528
-17172
-9024
-22226
NO PATH
-6474
24957
NO PATH
NO PATH
-9087
NO PATH
-23538
9683
NO PATH
NO PATH
-29807
-25668
NO PATH
-14918
-6228
NO PATH
NO PATH
-9240
NO PATH
NO PATH
-9550
NO PATH
-16646
-28403
-15998
NO PATH
-21831
NO PATH
24568
-5139
NO PATH
4035
-20144
NO PATH
-6676
-17032
-24743
-13145
-1012
-19448
-20491
-23082
-26921
-24730
-2733
-3993
-22425
NO PATH
-15068
NO PATH
NO PATH
-29176
-13993
27116
-15975
2670
-34470
-20835
NO PATH
1891
-33870
-7046
541
1941
13116
NO PATH
NO PATH
7052
-31312
-14825
-22981
-25336
-28497
-23622
-12404
-17294
-25990
-42825
NO PATH
-24640
NO PATH
-13796
-41725
-9734
-8600
-20335
-979
11041
-12698
NO PATH
-19454
-28242
-33451
-3022
-15878
NO PATH
-39754
-32349
-17873
28193
1518
-30265
-22530
-15094
NO PATH
228
-20152
11353
-22395
NO PATH
-21219
-24250
-13472
NO PATH
-23473
-50400
-46930
NO PATH
NO PATH
NO PATH
NO PATH
-14913
-29044
NO PATH
-19608
-29911
14385
NO PATH
12206
NO PATH
-4534
NO PATH
-22530
-37302
NO PATH
NO PATH
9461
-18247
7708
NO PATH
-24500
21192
-5284
-16540
NO PATH
NO PATH
2778
-42602
NO PATH
2858
NO PATH
-19792
NO PATH
-18264
-38536
NO PATH
-10468
NO PATH
-7696
7864
-25013
9147
-20221
-12728
25811
-3426
NO PATH
-36866
-33938
NO PATH
-8795
NO PATH
-22160
40532
-17556
15066
6912
-12664
NO PATH
-29291
-4472
-10160
NO PATH
-32222
11004
11658
-30513
NO PATH
-13073
-16447
-26663
NO PATH
NO PATH
8961
11153
-36187
-30311
-12190
NO PATH
NO PATH
-28335
-32212
15289
NO PATH
18022
8317
-28981
-5065
-19423
-28866
NO PATH
-35938
328
-40221
-2182
-31954
NO PATH
NO PATH
NO PATH
-6597
-17151
NO PATH
-620
-24492
NO PATH
11409
NO PATH
NO PATH
-25270
NO PATH
-35551
-16136
-14793
-5489
NO PATH
-21620
-22978
8062
NO PATH
NO PATH
-26840
-26066
-25648
-19400
NO PATH
4156
-36299
-11385
19077
28231
-32071
NO PATH
-48793
-33091
9539
-16609
-14326
-15600
-3133
-32377
NO PATH
-17858
-24067
-24998
6167
13022
NO PATH
1313
NO PATH
2946
-44399
-16150
-22992
NO PATH
12747
-17334
NO PATH
7669
-15300
-15980
-26658
NO PATH
NO PATH
25211
-33236
-25514
-25372
2609
-6690
5626
NO PATH
-8355
-34620
6099
-21910
17972
NO PATH
16903
NO PATH
-28174
-16833
-17994
-12396
5274
-5389
NO PATH
NO PATH
-1819
NO PATH
16653
40212
-1475
7939
NO PATH
-19894
NO PATH
-9540
25003
-43388
-32560
-26552
10196
-7640
8920
-47661
26548
-31167
NO PATH
-21613
NO PATH
NO PATH
25254
-43709
-39859
NO PATH
-2610
NO PATH
NO PATH
-4781
-1191
3439
-405
NO PATH
-10458
NO PATH
-22514
NO PATH
-25120
1309
-7703
-30452
-23447
NO PATH
NO PATH
-21750
-9076
21041
-15712
-290
-7884
-19820
NO PATH
NO PATH
-22394
9010
NO PATH
33899
-25864
4014
-11419
-37626
-5809
NO PATH
NO PATH
NO PATH
14421
NO PATH
-373
NO PATH
NO PATH
NO PATH
-30542
-12627
-20149
7669
-5811
NO PATH
8539
1208
NO PATH
42079
NO PATH
NO PATH
-18591
-2422
5632
-20707
NO PATH
-17151
25752
-12909
NO PATH
-5378
-38249
-35675
-24860
NO PATH
NO PATH
NO PATH
NO PATH
-28152
NO PATH
34139
6300
-15364
-23149
NO PATH
-24473
-16654
NO PATH
5764
-33844
-18118
-17672
-35129
-22951
-41184
-15369
NO PATH
-21517
33918
NO PATH
3938
-19685
11688
8243
NO PATH
16597
-21084
NO PATH
-1977
27330
211
32411
-20577
NO PATH
NO PATH
35182
-21706
-18394
-13206
-12573
8623
-25446
-33577
-24725
-4710
-12398
-28698
-31230
-33959
NO PATH
NO PATH
-17674
-9197
-18704
3926
-9897
7113
NO PATH
-13223
16309
26121
-23435
14322
NO PATH
7590
NO PATH
-32269
-12947
-31288
NO PATH
-2472
12665
-8877
-24558
-10773
NO PATH
-50033
1310
-23017
-31574
-23495
511
-19176
NO PATH
-17938
NO PATH
NO PATH
-29206
NO PATH
-34064
-41259
-23413
-12860
NO PATH
906
-21165
-8274
NO PATH
-15174
7131
14680
14268
NO PATH
-431
10116
-38618
NO PATH
-16643
24543
NO PATH
-25543
10756
NO PATH
-21024
1784
-31861
-28466
-24635
-17128
-39746
-22339
NO PATH
NO PATH
10401
-7504
NO PATH
-2375
4566
-24550
NO PATH
-18125
666
NO PATH
-24502
10919
-33956
23657
NO PATH
NO PATH
NO PATH
644
-35826
NO PATH
NO PATH
-35690
NO PATH
9541
NO PATH
22635
-21371
NO PATH
-19097
NO PATH
-34550
12951
-29899
-23347
991
-19986
NO PATH
-12421
3598
-23884
7731
NO PATH
11081
NO PATH
12456
NO PATH
-12287
-20828
NO PATH
-9854
-18042
NO PATH
-21247
2972
-8946
NO PATH
-21063
-21420
33172
NO PATH
-25513
-7734
NO PATH
-19458
2065
-7060
-28940
NO PATH
NO PATH
-6358
-26135
-17620
-29484
NO PATH
-4959
-481
797
5581
-27926
NO PATH
-34494
NO PATH
4668
-35439
9605
-13234
-14712
-24902
12533
-16560
-26651
-11064
NO PATH
NO PATH
10829
1734
-27254
6674
NO PATH
-19826
-41517
NO PATH
9059
NO PATH
-29481
-14460
-20139
-27518
-12243
20968
8060
-2172
-16999
-13755
-16473
-23383
-11680
-22676
1976
NO PATH
NO PATH
NO PATH
-18373
NO PATH
-27223
-1119
NO PATH
NO PATH
NO PATH
-10711
-46412
3173
-1629
-19490
-14239
5183
4863
-29867
-27296
2816
-18930
-11911
1789
NO PATH
-34850
-16029
-16625
-29580
-13389
-39301
17505
-446
NO PATH
2367
-35056
-679
NO PATH
-43246
1774
-15999
9501
-19899
-6201
-39484
9022
12721
-16545
-7500
-41073
-14388
NO PATH
-209
NO PATH
20848
10949
-6779
3535
NO PATH
-20243
3091
NO PATH
NO PATH
NO PATH
28972
23231
NO PATH
2848
NO PATH
NO PATH
-42283
-20621
18306
20659
-2986
NO PATH
-3857
25667
18797
5773
NO PATH
8357
-29289
NO PATH
-6446
NO PATH
-18306
-2334
16407
-22080
5225
-10427
NO PATH
3762
-7790
NO PATH
7179
NO PATH
-36562
9230
-12238
-18711
NO PATH
-7462
NO PATH
NO PATH
-20867
-8217
7983
-29377
NO PATH
11642
-35062
-9099
5038
NO PATH
-32075
6619
-8903
-9890
-22373
NO PATH
-26808
-25439
8506
-29637
12662
-33123
3713
-6619
-43582
-14268
-24084
-30314
-16647
-14259
-12098
NO PATH
NO PATH
NO PATH
-31287
NO PATH
-12019
-17403
NO PATH
6223
NO PATH
-36199
18334
4401
-21639
-1192
-414
-39704
NO PATH
-17529
-30020
-9395
11727
14701
NO PATH
-35483
NO PATH
14411
-23743
-18515
-14570
-38931
-24900
2773
6037
10240
30236
22778
-10788
-22870
NO PATH
NO PATH
25770
NO PATH
-13948
1441
-16692
-22897
2968
-3887
-27650
-8388
NO PATH
-7107
-20317
NO PATH
9848
-28469
-27487
-6271
NO PATH
-30451
-21512
NO PATH
NO PATH
2874
NO PATH
-188
-17898
-25434
-45
-36087
-17824
-16485
NO PATH
3227
16738
-2539
3350
NO PATH
-1374
-30737
-20921
NO PATH
-18057
-39318
NO PATH
-139
-4363
NO PATH
-27549
-16043
26223
NO PATH
7156
-12908
-14420
-307
7899
-7625
NO PATH
-28075
-28585
12585
NO PATH
29008
-16202
NO PATH
-37165
-28975
2007
-17612
NO PATH
-25534
NO PATH
1681
-4426
3980
-32989
NO PATH
NO PATH
-7289
-30844
-718
8841
-34255
18210
-32212
-24870
-21639
-16956
362
NO PATH
-7288
-26737
-31644
-25448
NO PATH
-18009
-34824
2002
-8682
-27829
-26765
NO PATH
NO PATH
NO PATH
1259
NO PATH
-26048
NO PATH
-24643
413
17866
-19098
-18583
-30558
-15995
NO PATH
-10938
-20862
-25345
-8415
-38330
24646
-28871
26016
18326
-33456
957
-16276
-24942
-12669
-18315
NO PATH
5321
17495
-15499
NO PATH
-36317
NO PATH
NO PATH
-25143
-30190
16401
-18799
-6793
-23624
NO PATH
-16593
-12181
3237
-16619
-24853
-1287
-12745
-24517
NO PATH
9280
-40171
-25660
-28131
-3991
NO PATH
NO PATH
-14337
1714
NO PATH
-1763
1971
7068
21230
14040
-40031
18513
-30668
-31952
12696
-26242
-33813
-15092
-19372
-32919
-11913
-2731
-26951
-9780
-15616
NO PATH
4621
12551
6738
NO PATH
NO PATH
-26856
-19957
-11100
NO PATH
-3744
NO PATH
-28096
-30502
-25949
-27193
-3213
NO PATH
22863
-15873
-37215
-16806
2964
NO PATH
-23522
-15741
-8341
-18115
4100
-8268
27303
NO PATH
5975
-37098
-6215
NO PATH
NO PATH
-458
27196
-5979
13628
14252
-27692
6953
-25425
-14751
NO PATH
-13436
-9603
-13843
NO PATH
-6510
-25336
NO PATH
-19455
-26471
-14332
NO PATH
-14558
5583
-6917
NO PATH
8534
NO PATH
-24717
-28581
NO PATH
6446
NO PATH
-13105
NO PATH
NO PATH
-3053
20661
2206
-19268
-36396
-40194
3111
26586
-12004
NO PATH
35686
-17861
-2318
-11769
-2379
NO PATH
5866
-5982
5132
NO PATH
-19268
-18543
-34134
-42763
7206
16691
NO PATH
-25494
NO PATH
-26302
25511
-35819
-33522
NO PATH
NO PATH
-22879
-42797
-24684
-40570
NO PATH
NO PATH
-11489
-31084
NO PATH
NO PATH
-36915
-8352
-25966
NO PATH
NO PATH
-1886
-18760
-15063
15570
-29931
NO PATH
-26942
1865
-3324
-17407
-4313
-5994
9468
9645
-16921
-25105
-31231
19754
2212
-28758
-26884
-48327
NO PATH
NO PATH
-11961
15571
NO PATH
NO PATH
-43362
2163
-23180
-9722
9287
NO PATH
-35245
-20441
-28175
93
-29785
15810
8912
9659
NO PATH
NO PATH
6882
12026
NO PATH
-28124
-19784
-30292
NO PATH
-5344
4586
-35593
NO PATH
14884
-14517
9921
-21653
-18461
-2114
NO PATH
NO PATH
13092
5203
NO PATH
-1900
-26502
NO PATH
3215
-35071
-1480
-25189
1415
2233
-17285
-35790
-13589
13566
-14833
-20926
NO PATH
9566
24068
2567
-19401
-18799
-7655
NO PATH
-1084
4917
23497
-30231
-20274
1343
NO PATH
12886
16446
-16907
-1212
-27233
-36161
-25579
15992
NO PATH
4091
-44442
NO PATH
-18641
-49891
15589
8877
NO PATH
NO PATH
-33191
-30938
3343
-8008
-453
NO PATH
NO PATH
-11356
2071
NO PATH
NO PATH
NO PATH
9518
NO PATH
-18403
-40795
-7088
-27939
-23222
-978
-4223
NO PATH
-26260
-13174
-17056
NO PATH
-9005
-5478
NO PATH
-38192
-3661
NO PATH
-36360
NO PATH
-7596
-514
-22084
-3458
NO PATH
NO PATH
8014
NO PATH
-22373
-20981
-6682
-38909
NO PATH
3506
-20661
-20687
NO PATH
NO PATH
-39013
-19525
6443
105
NO PATH
-42655
-10156
NO PATH
NO PATH
NO PATH
-27932
NO PATH
-18685
-6958
33393
-10698
-23390
4158
18912
-13299
-38807
4355
NO PATH
-17259
-21617
-37687
-6636
NO PATH
NO PATH
-7503
-23474
-9049
-20583
-29859
2513
NO PATH
-23376
2781
-6290
-26953
NO PATH
16180
-25747
-6990
-14494
NO PATH
7546
17665
NO PATH
NO PATH
-18450
2183
-32620
-16443
-16944
-43489
-55
-1729
9704
3824
464
-10415
NO PATH
8764
NO PATH
8410
5928
422
-905
NO PATH
-12235
-36381
1058
878
-25357
-22391
-35002
NO PATH
-16285
-3589
-23430
-5218
-13754
-30131
-4777
-26996
NO PATH
NO PATH
-11122
-20519
-34331
8828
-9773
-13490
3541
21247
-26447
NO PATH
-20354
5224
-23094
-31096
-1787
-23347
NO PATH
4642
NO PATH
-2002
-20507
-16436
5275
27322
-28997
-20831
-3766
-33157
-10227
-30427
-17734
NO PATH
30488
-28909
NO PATH
-2098
2085
-16604
NO PATH
-9431
-12268
-5732
-13769
-11598
-18880
-13945
NO PATH
1859
NO PATH
NO PATH
-17101
NO PATH
NO PATH
-41449
-4619
-20502
-7334
-18445
NO PATH
NO PATH
-29991
6165
NO PATH
NO PATH
NO PATH
NO PATH
-32357
-20824
-2971
NO PATH
3272
6211
-2601
-19039
NO PATH
NO PATH
8140
-21482
-27253
-28929
-16083
NO PATH
-1848
-1071
364
-19959
-24546
NO PATH
14550
NO PATH
-19329
-23216
-24889
-19409
-25205
-20381
-20282
-21851
-25344
NO PATH
NO PATH
32534
NO PATH
11931
-16819
17538
24164
-20976
NO PATH
NO PATH
-36653
NO PATH
-17396
-15177
NO PATH
NO PATH
NO PATH
10748
17412
NO PATH
NO PATH
10789
-14849
-5383
NO PATH
NO PATH
2153
15938
-859
-31979
-23577
-11345
1403
NO PATH
2912
38037
-27167
-9028
NO PATH
NO PATH
-23036
-13458
NO PATH
-19079
-33527
-22512
NO PATH
32022
NO PATH
-29403
-6682
4275
10529
NO PATH
4212
-12411
-8534
2653
-17028
NO PATH
-28979
622
-39344
-24479
NO PATH
13350
2670
-23386
NO PATH
-19243
NO PATH
1155
NO PATH
-17300
31790
-17069
NO PATH
-22289
28714
-33851
-5684
-22284
-26863
-10431
-2152
-7132
700
-8691
-39968
NO PATH
-3653
-1228
11128
-28304
-991
10591
NO PATH
-17348
-12534
-33860
NO PATH
-20960
-8066
NO PATH
10254
NO PATH
NO PATH
334
-26490
-21772
NO PATH
-4508
-21289
-40614
-3571
-9243
2229
10120
-11031
5869
-12131
NO PATH
-39690
NO PATH
-1927
-39799
-16050
-9718
4370
12763
NO PATH
11329
23301
-41204
NO PATH
-25908
-20258
NO PATH
-6591
275
2488
-42836
-417
NO PATH
-27235
-39586
21524
4085
-157
-42528
NO PATH
-37376
NO PATH
-16105
6828
-501
-20643
-19150
-23929
-10022
-7373
NO PATH
-8608
-23591
21148
-14605
-22545
-39664
15528
-21745
-2264
9634
-33253
7166
-21519
-34077
-25800
1592
-15991
9529
-34376
-1627
-12642
-39169
4868
-31960
NO PATH
-29273
-18275
-12730
-28441
NO PATH
-26326
200
8418
-26247
1681
1978
1422
-8088
-26839
-27242
13665
-21292
-39436
-17542
-23424
-27766
-1445
-23670
-21248
-20374
-12824
5990
-20944
-34683
-585
-19329
-12776
19862
NO PATH
-18685
-1283
1931
-34133
-25072
NO PATH
12755
NO PATH
-3886
-19478
NO PATH
35027
-28898
2539
NO PATH
-25242
-15006
8264
5423
-9702
-32393
NO PATH
-16973
NO PATH
18539
NO PATH
1641
NO PATH
707
NO PATH
NO PATH
NO PATH
18647
NO PATH
NO PATH
NO PATH
-9754
-17721
18311
NO PATH
-19955
-22178
NO PATH
-18398
-40163
NO PATH
-3786
3552
-34725
NO PATH
NO PATH
24043
-14453
NO PATH
-17787
-12638
-25886
-11216
-1510
-2181
-24250
-22837
-5481
-15461
-38481
NO PATH
-23447
NO PATH
NO PATH
NO PATH
1953
NO PATH
-10937
-13161
-537
-40169
-41345
NO PATH
6269
-23320
-12419
NO PATH
-12106
-25704
15699
-21595
-11203
NO PATH
-3096
-26461
NO PATH
1530
2389
31768
-10146
20429
-17382
NO PATH
-13393
-20556
913
-2851
-23122
NO PATH
12736
10988
-6789
-21416
9120
NO PATH
NO PATH
-41053
2191
NO PATH
NO PATH
-8724
NO PATH
7090
-23037
NO PATH
NO PATH
NO PATH
-24101
-4937
NO PATH
-28653
NO PATH
NO PATH
-32968
-19341
NO PATH
-14672
NO PATH
NO PATH
-19236
-1196
-21417
-22078
-11668
NO PATH
4374
-18860
2940
NO PATH
-42565
2146
NO PATH
NO PATH
NO PATH
5103
-8029
-24873
-24400
NO PATH
NO PATH
-12283
NO PATH
5779
-27117
-16898
-17301
2497
-19004
-16582
-28652
2666
23828
-11414
NO PATH
-28816
NO PATH
-45584
19941
NO PATH
-2490
NO PATH
NO PATH
-30230
NO PATH
-30149
6103
NO PATH
-39218
NO PATH
-550
-13124
-15444
-8756
-34288
-8338
6294
-2117
-13047
3187
7943
2765
NO PATH
-14556
-32625
NO PATH
-22582
-20831
-14646
-30421
-21337
NO PATH
NO PATH
-37574
-28853
-11753
11629
NO PATH
-5186
-28874
10085
-8501
-27080
-9099
-26714
-28043
-23283
NO PATH
-33756
-42196
-5431
NO PATH
-18920
-930
-9738
-6425
NO PATH
26589
22586
NO PATH
-24325
NO PATH
31863
-23793
NO PATH
-8566
-3954
-18139
-19387
NO PATH
NO PATH
NO PATH
23320
-28689
-24785
-39665
-28087
9552
18713
-7784
-45474
NO PATH
NO PATH
21684
-26003
-34591
NO PATH
-18663
NO PATH
-9589
NO PATH
NO PATH
NO PATH
NO PATH
18249
-16954
-40173
-29378
-10131
-39571
-1686
NO PATH
3293
-6475
-25935
-23092
2856
-13753
2440
-24587
-18727
-17189
-12229
-15230
NO PATH
NO PATH
NO PATH
-16659
27472
NO PATH
161
NO PATH
-43552
-22749
6067
NO PATH
3981
-33344
28
NO PATH
-23386
NO PATH
NO PATH
-24158
-25752
NO PATH
NO PATH
-36011
-2901
NO PATH
NO PATH
-24549
-37627
NO PATH
-21244
3099
14565
10954
-21038
-22441
-11377
NO PATH
NO PATH
NO PATH
-20927
NO PATH
-20788
NO PATH
1668
30428
496
-5029
17481
NO PATH
NO PATH
-9830
-19836
NO PATH
-32048
NO PATH
-27680
-27918
7594
-33799
-3724
-31424
-35027
-22834
38995
-20666
-3047
-5925
4869
NO PATH
17703
6311
NO PATH
8067
-11903
NO PATH
-41047
-30580
2937
NO PATH
-4492
-43483
-16350
18091
-24237
-7321
-37674
-21822
NO PATH
-39017
NO PATH
-11444
304
-43200
-5486
-1973
NO PATH
-3125
NO PATH
-38696
NO PATH
NO PATH
NO PATH
NO PATH
-6380
-22790
-14226
NO PATH
-14057
26453
-26264
-27800
-51351
24372
NO PATH
NO PATH
15630
NO PATH
-41116
1011
NO PATH
3374
-14259
-31881
NO PATH
-35628
-15651
-23760
-15132
-22390
NO PATH
1804
-25046
-23587
NO PATH
1293
17299
NO PATH
-26240
-36312
NO PATH
-8733
-23608
NO PATH
7165
6406
-352
-23650
NO PATH
-26855
NO PATH
NO PATH
-4390
NO PATH
-29148
-1725
-27078
NO PATH
NO PATH
4933
-9864
2289
-2163
NO PATH
-23789
-4331
-19825
NO PATH
NO PATH
1386
NO PATH
25430
-23171
-18849
NO PATH
NO PATH
-29504
-15400
-25101
-3185
6688
-19948
NO PATH
-33882
1385
921
6077
-25015
-26150
-17685
-19278
-28373
-6431
NO PATH
-26528
22408
-21224
-5172
22251
8860
-34936
30339
-19523
2573
-30552
-24700
NO PATH
NO PATH
-8467
-11489
-33106
-22136
-34600
NO PATH
-4330
4708
NO PATH
15747
16039
-25885
NO PATH
NO PATH
-14103
-29837
-21262
NO PATH
-10019
-23882
-24422
5234
24432
-3274
NO PATH
-2557
NO PATH
-11747
NO PATH
302
NO PATH
14468
NO PATH
NO PATH
-32832
11610
2935
-17435
17145
10567
NO PATH
-21910
-14910
-50003
-27390
-26964
-36758
-31846
2899
-27960
4964
-26949
-25834
-27738
NO PATH
-39162
-16227
5493
-3811
4850
-10177
-10380
1190
-6834
-20656
-17221
-5920
NO PATH
NO PATH
23883
-18574
-27576
-32749
-33859
-30764
19099
-21191
-22502
-20310
-24289
40400
11011
-16853
NO PATH
-3640
1645
NO PATH
3786
-23866
NO PATH
-12272
29952
-25056
NO PATH
NO PATH
-35107
NO PATH
NO PATH
4217
-24692
-20052
-17837
-16086
7994
-2498
NO PATH
NO PATH
NO PATH
25492
NO PATH
-34093
-37031
1252
11022
NO PATH
-22290
-24055
-15574
-33228
8700
-17710
-16505
-12493
-8779
-17678
-33405
-18444
NO PATH
4665
24982
NO PATH
NO PATH
-28242
-18481
-33758
4051
325
NO PATH
NO PATH
-35319
-27129
-23131
NO PATH
-529
NO PATH
-26851
22969
3777
-6960
NO PATH
NO PATH
NO PATH
-24060
NO PATH
-2172
-24789
29965
NO PATH
-34995
-35985
-21613
-45031
NO PATH
-13721
-32359
-13701
-17055
-5968
-15101
15787
-18134
-20923
NO PATH
-15363
-26832
-7912
-47670
NO PATH
-17212
NO PATH
-26297
NO PATH
7918
-21652
-2551
-43150
NO PATH
NO PATH
-19793
-36437
-12242
NO PATH
-6873
10655
NO PATH
9775
-24918
31043
NO PATH
16422
4821
-3943
-29628
1134
-19411
-40992
NO PATH
NO PATH
-29467
NO PATH
9396
17451
-15777
-12435
-39073
7981
-16324
4394
NO PATH
26014
-34455
-9719
19787
3850
NO PATH
NO PATH
-18682
NO PATH
-16465
-6460
-813
-16769
-30749
NO PATH
NO PATH
NO PATH
NO PATH
-12821
-25468
-11994
-9826
-17487
-7034
-35547
-11771
-20468
-27218
-17431
-11639
-29300
15197
NO PATH
-6802
-22979
-6438
NO PATH
-25953
-2186
NO PATH
-21093
-25188
-16954
-19046
-42592
-32936
NO PATH
7898
NO PATH
14167
-32244
15160
-19338
NO PATH
-14754
NO PATH
17723
-23933
2296
-17011
-11672
-3067
17645
27198
-35776
NO PATH
NO PATH
-14828
-21248
827
NO PATH
-31628
-24847
9991
16667
-21569
24798
NO PATH
3803
-7274
-31221
-18432
2157
NO PATH
1309
-42496
-27704
484
38859
NO PATH
2706
1876
-29440
NO PATH
28940
9610
NO PATH
-15419
27987
-8816
-27699
10645
-30247
NO PATH
-6096
NO PATH
-36256
NO PATH
34779
26496
NO PATH
-6850
NO PATH
5938
-16649
16027
NO PATH
-12595
-6439
-12434
-39894
-15453
NO PATH
-28700
-37978
NO PATH
NO PATH
-16796
NO PATH
-11612
-14323
-24627
7656
-19115
-29526
-20475
NO PATH
-13680
-1187
-27136
-42035
-3339
NO PATH
-20717
-12378
NO PATH
NO PATH
-26847
5245
-23119
-22692
-2961
2820
NO PATH
-39657
NO PATH
NO PATH
-21221
NO PATH
NO PATH
NO PATH
NO PATH
-12760
-34273
-18268
-22190
9635
-19894
NO PATH
6217
-8522
-8157
-31368
10411
1818
15094
-6015
5156
5968
NO PATH
-21684
24468
-11754
-13197
20780
-39763
NO PATH
1228
1728
-1788
NO PATH
NO PATH
-4039
NO PATH
NO PATH
-10206
-14010
-11796
-6792
-12186
3432
20375
NO PATH
10772
34722
-6300
-29829
1268
9412
-24637
-16356
-8620
17877
4560
-36068
-15453
1658
-8309
NO PATH
-30134
19092
NO PATH
-12613
-10615
NO PATH
-2902
NO PATH
NO PATH
NO PATH
-3679
4143
-31477
-21860
-22874
-1293
NO PATH
-23309
14200
-8076
-24984
-17152
-42807
-2257
-14637
-15158
-6277
NO PATH
NO PATH
NO PATH
NO PATH
-11970
NO PATH
-8444
-16739
-27168
-12394
NO PATH
-31169
16096
-8397
NO PATH
-22346
-36420
4155
NO PATH
NO PATH
NO PATH
NO PATH
NO PATH
-24958
4328
5102
-34444
-1005
NO PATH
18848
-17311
-3452
-18028
-42630
-42355
-18249
NO PATH
NO PATH
-18177
-6360
NO PATH
1396
-20967
-17128
NO PATH
-27744
-26599
NO PATH
-20482
-14938
NO PATH
-18659
14821
-17068
-6283
-35768
-39745
32639
NO PATH
NO PATH
21053
-27093
-21116
-42538
-15628
-33870
NO PATH
NO PATH
14618
28023
-25334
-33072
NO PATH
-28694
NO PATH
NO PATH
4068
NO PATH
-18993
-7437
-12052
-22186
NO PATH
-11129
NO PATH
NO PATH
-5231
-1914
NO PATH
NO PATH
NO PATH
-36350
-31191
-34372
-31954
NO PATH
-10895
-9177
12817
-24133
-15943
-10111
NO PATH
NO PATH
-20917
NO PATH
NO PATH
-19552
-24166
-19236
7396
2230
-34068
-27869
-5748
-25060
-6481
-13179
-27005
-9260
NO PATH
NO PATH
NO PATH
-32243
-12165
NO PATH
-23962
NO PATH
-37833
-39383
-24643
-6840
-14296
-37496
NO PATH
-20362
NO PATH
NO PATH
NO PATH
NO PATH
17776
-25273
1602
-32084
-7549
-9209
5244
-20688
NO PATH
-30888
NO PATH
-14414
-17774
-27451
9418
-16131
NO PATH
16044
4101
2323
-7242
-25495
3365
-25742
-17178
-31591
-14828
-3093
10891
NO PATH
5996
-736
15512
-13761
2159
-23057
29587
-21148
NO PATH
NO PATH
9480
-2826
22083
-14220
29612
3927
-29140
7730
NO PATH
13460
10538
-15387
NO PATH
NO PATH
NO PATH
NO PATH
-32279
NO PATH
-12206
-35671
-28350
-46306
NO PATH
-470
-40439
975
NO PATH
22640
17808
4397
12472
9120
-28279
-18661
NO PATH
-1892
-24096
NO PATH
30983
-42158
-15761
-14062
-12092
13676
-31324
NO PATH
-18068
2441
NO PATH
5081
-16847
-20442
-12015
-3878
-35471
-30236
NO PATH
12293
-5669
30674
-36305
23689
NO PATH
-19754
-34297
7089
-30353
31902
-1159
-1648
-14975
-10556
-30073
NO PATH
13531
-13552
-19567
-6871
NO PATH
-28447
-582
NO PATH
12405
-39239
5096
-5999
NO PATH
-11424
-25849
-7531
NO PATH
-25124
3888
-22461
NO PATH
-14748
-19459
2059
NO PATH
-8620
-24158
-22288
-9838
-11329
NO PATH
NO PATH
NO PATH
-33807
-2115
-25763
-35489
-20179
-39002
NO PATH
NO PATH
-19111
-8036
1141
7631
-25523
NO PATH
-42390
NO PATH
NO PATH
NO PATH
10441
-9742
-61
-15103
NO PATH
NO PATH
-33919
NO PATH
-32929
17954
-20184
-3395
2145
-14581
6383
-16875
NO PATH
NO PATH
2864
890
-1133
NO PATH
-29136
-33814
-23614
NO PATH
20804
20263
NO PATH
-26389
-33781
4349
521
NO PATH
-21626
NO PATH
-6307
2381
-38777
-27539
-30904
-20020
-2931
-18886
NO PATH
-26451
-13149
3592
NO PATH
-21397
12274
-9793
NO PATH
NO PATH
-33696
-9921
NO PATH
NO PATH
3606
-33348
NO PATH
NO PATH
6481
-5626
-23870
-40900
NO PATH
NO PATH
NO PATH
3251
-5833
-6979
-6509
-21837
-34987
NO PATH
-16323
-26033
7381
NO PATH
-21063
