0
0
125
238
126
0
8
129
129
125
584
0
25
6
29
2
0
343
0
125
3
35
124
78
0
2
72
19
581
0
0
27
124
0
222
595
25
148
121
65
126
75
30
125
2
0
0
66
0
341
886
133
1
25
0
338
0
0
1
0
0
7
1
121
5
0
0
2
27
21
0
0
0
0
132
0
16
3
134
0
2
0
1
32
4
213
0
0
125
308
4
0
128
28
23
338
145
587
0
0
22
0
2
0
0
0
3
67
75
0
0
82
0
3
30
0
2
0
186
15
0
1
24
129
131
0
4
0
20
0
3
764
9
23
0
27
353
350
0
21
20
2
1
2
5
137
9
129
134
0
0
126
0
52
21
0
341
4
0
7
23
0
0
0
0
1
9
876
130
0
64
0
129
2
339
2
0
0
2
0
348
0
1
124
336
0
167
0
16
353
27
0
0
72
2
592
22
233
152
0
6
146
8
0
3
1
73
347
0
130
0
2
8
1
26
0
0
0
0
336
1
0
768
24
126
0
594
3
0
0
0
337
329
83
31
28
0
128
125
2
16
0
0
342
1
22
0
4
130
53
0
0
0
20
18
0
585
1
6
0
3
31
0
2
339
125
1
30
138
61
83
124
0
0
0
156
201
4
584
0
0
334
70
0
4
60
584
33
32
144
2
329
128
124
343
11
25
0
1
2
0
0
28
1
0
1
761
2
0
0
129
0
2
1
0
0
12
64
30
1
1
0
0
1
26
1
128
0
2
26
22
73
130
21
0
583
0
0
0
6
0
342
341
0
348
25
1
2
29
0
17
23
0
0
347
0
128
68
2
1
0
29
22
0
3
132
592
9
30
0
4
26
22
0
10
16
0
0
120
15
0
0
63
346
1
764
211
79
2
0
22
768
4
0
1
0
31
0
7
0
29
0
0
31
124
2
128
69
126
4
0
3
121
32
11
583
1
21
1
345
4
0
124
343
29
0
0
878
0
771
0
28
24
0
1
157
67
5
0
1
7
0
67
344
2
21
2
345
1
1
23
2
0
9
4
3
0
134
242
341
0
0
134
6
2
9
21
0
21
28
1
0
318
0
3
22
68
2
87
128
9
128
0
3
0
0
587
0
592
0
3
125
411
0
27
1
340
4
36
11
10
2
2
11
125
20
33
767
0
150
0
22
0
884
0
34
1
57
31
69
121
56
0
4
0
0
0
24
18
4
0
0
77
234
68
0
763
22
0
229
0
30
3
0
128
132
1
4
125
0
121
343
0
0
129
124
134
15
0
132
3
347
125
24
18
339
64
333
12
0
0
25
0
27
0
0
339
29
125
10
0
0
130
1
28
31
0
23
3
3
0
23
23
27
345
0
22
0
27
24
7
69
76
0
338
16
0
2
0
0
7
13
130
0
126
0
21
164
0
126
0
0
16
342
0
128
143
3
20
770
23
1
131
6
0
342
344
157
60
1
4
1
18
338
17
130
86
19
16
57
0
3
1
0
583
57
11
24
347
0
121
129
23
3
0
232
