1
2
23
0
0
158
1
20
0
57
0
0
0
22
0
24
0
4
4
0
5
7
0
69
60
3
0
6
13
0
0
1
4
158
0
13
23
0
0
0
0
0
0
3
20
0
3
22
134
6
60
12
12
4
0
102
11
4
0
32
1
0
6
23
26
0
58
0
3
0
0
8
36
60
58
13
1
4
25
0
24
5
22
138
0
1
21
16
3
1
60
103
27
13
0
58
10
7
1
137
0
56
16
6
22
4
22
59
2
5
4
1
0
3
102
22
4
0
0
11
4
4
0
6
21
62
3
1
24
0
60
11
0
1
57
22
0
0
0
1
0
2
23
2
63
102
22
6
103
0
0
2
4
24
22
0
1
0
0
12
57
0
0
7
27
3
0
0
24
38
1
16
2
1
0
21
14
0
13
23
0
0
23
0
6
22
3
0
24
4
1
0
7
0
0
22
0
1
37
4
6
0
0
0
63
4
61
12
23
3
0
2
23
23
4
1
0
0
8
0
0
24
0
5
0
24
0
23
22
133
4
1
0
22
5
1
6
6
0
22
0
2
1
0
48
1
0
18
62
5
1
22
0
103
14
18
24
0
4
3
61
0
0
22
0
0
0
3
0
1
23
24
24
5
15
0
0
64
5
26
26
0
14
0
59
2
4
22
59
22
0
0
4
3
0
0
23
0
57
0
0
22
22
0
13
22
0
0
0
11
61
0
0
6
0
0
6
22
13
1
24
0
0
57
22
7
1
14
7
6
2
104
0
0
1
23
0
22
0
0
0
5
3
0
24
17
0
1
1
101
0
60
1
25
0
22
0
7
63
0
21
4
1
0
1
25
0
22
62
14
1
1
0
23
0
12
1
0
0
4
22
137
0
4
0
9
23
4
25
0
61
0
5
7
11
0
5
14
0
5
0
0
61
2
60
0
0
0
0
0
