1
108
64
104
0
19
0
0
19
0
727
0
7
3
0
0
59
114
25
12
107
3
19
0
111
3
532
111
1
111
25
0
3
326
11
63
0
0
23
2
0
310
0
0
0
16
2
24
0
3
213
2
9
22
113
0
0
118
6
0
22
0
1
1
0
2
22
1
0
314
709
310
0
13
0
2
304
0
3
26
0
1
0
0
22
2
0
0
1
25
0
0
103
25
111
66
0
307
28
56
0
15
104
2
0
0
107
0
103
0
30
833
19
107
3
66
25
0
107
65
309
0
18
112
1
1
4
26
301
1
15
2
838
0
3
25
0
0
0
12
23
109
718
21
113
20
139
104
6
7
0
309
299
0
322
0
1
0
2
19
0
5
2
107
0
27
113
3
68
65
6
6
22
4
103
534
3
1
21
0
0
1
112
27
13
117
314
24
127
30
25
0
0
0
109
20
0
0
0
0
211
0
56
1
22
0
0
0
22
32
10
0
3
134
0
108
310
0
12
105
0
59
1
68
23
64
0
0
106
3
2
29
0
0
0
0
0
12
17
0
113
6
1
0
108
56
105
31
1
0
356
0
1
0
2
13
117
2
0
727
112
2
3
0
3
0
20
0
0
55
529
1
0
24
1
19
322
7
17
29
0
5
20
320
23
106
0
0
0
2
16
0
1
0
0
0
11
119
0
0
0
98
18
0
0
107
0
106
9
0
0
125
117
21
25
0
17
105
0
59
1
107
96
19
0
105
0
28
1
12
104
1
2
4
0
0
0
21
540
0
24
104
61
21
108
58
0
0
112
110
320
0
5
17
0
41
319
107
19
23
59
312
18
5
107
0
4
319
63
23
0
26
322
1
0
104
530
20
0
318
0
8
3
530
104
0
0
0
5
0
0
0
119
2
535
0
218
18
63
307
0
4
19
315
0
0
12
74
76
4
1
16
17
109
4
20
132
0
2
0
0
111
24
2
17
520
0
0
2
3
194
25
0
312
0
0
18
2
1
26
1
58
26
8
22
109
53
2
8
4
23
0
537
0
20
0
106
0
3
119
21
0
0
537
319
22
104
1
518
2
7
0
0
71
542
1
0
21
64
10
318
104
18
0
0
1
108
75
0
19
7
2
540
111
4
107
3
1
66
124
25
1
0
1
23
2
0
106
1
132
0
46
1
0
0
0
20
65
28
111
65
542
0
311
0
119
0
105
897
0
28
3
0
323
29
65
316
326
108
0
19
0
0
0
0
0
0
8
105
73
0
3
6
0
5
2
320
0
0
21
24
106
15
104
19
1
139
23
108
314
0
0
312
105
20
0
0
32
1
318
0
48
21
125
23
0
1
61
722
0
3
3
124
6
0
8
1
73
0
315
0
4
313
0
3
3
543
1
0
3
6
19
103
72
526
0
0
25
23
720
0
314
111
16
23
0
20
0
0
2
322
2
68
319
15
113
0
113
0
0
1
104
0
23
103
317
327
0
0
61
319
0
2
27
15
831
104
104
1
120
305
126
0
2
106
0
23
0
2
114
20
107
311
0
0
19
80
834
0
106
25
62
25
0
0
