0
66
0
3
10
0
1
1
19
0
104
2
0
22
0
21
62
3
0
13
5
112
0
175
1
0
2
109
0
179
0
0
152
0
0
7
0
0
0
50
19
0
0
0
68
45
20
0
0
1
0
53
3
0
1
0
0
5
0
0
22
0
7
3
0
0
65
21
0
0
0
9
102
1
1
0
0
1
14
23
0
107
108
20
1
0
0
0
0
5
5
2
0
0
0
0
0
0
1
27
0
10
4
0
1
175
7
64
22
0
1
31
16
1
6
19
0
0
0
5
22
3
15
29
0
1
2
0
32
68
65
23
0
113
20
0
0
0
0
0
36
176
21
109
0
68
0
1
18
0
0
0
3
0
104
21
6
0
14
23
101
4
0
4
7
1
21
1
24
20
10
0
0
27
17
0
153
107
101
0
6
0
31
70
0
0
3
22
0
11
23
16
110
0
1
66
13
0
0
13
107
3
21
0
0
0
0
158
155
156
0
1
5
6
0
3
4
8
0
11
1
0
0
23
3
1
0
4
0
13
28
2
67
6
30
0
0
17
0
62
25
0
0
1
37
0
4
0
5
14
21
0
0
153
0
0
0
21
0
175
0
20
0
0
66
0
4
5
22
12
0
2
0
0
21
192
0
0
3
0
1
64
1
19
1
0
0
0
23
0
0
0
0
180
2
14
10
39
0
10
1
0
22
0
3
0
0
7
1
0
21
3
27
0
5
22
3
22
0
41
0
70
0
0
0
0
1
1
0
21
4
0
0
20
4
0
0
103
0
0
24
10
6
0
0
0
12
0
2
0
0
19
0
104
0
3
