5150
53
44
108
74
92
59
92
78
72
45
72
19
22
75
69
50
22
39
79
104
33
86
47
48
76
72
35
51
104
113
76
104
17
59
52
67
71
40
54
110
95
88
64
73
80
26
69
69
38
65
55
26
65
59
14
59
101
57
28
16
76
41
76
80
105
63
107
75
33
42
61
60
36
84
67
81
26
59
40
58
63
87
77
62
64
19
82
83
81
42
45
18
56
62
60
48
27
21
42
42
55
36
45
24
59
35
56
57
63
60
95
53
45
45
60
103
59
106
39
42
71
106
52
37
67
65
58
60
75
53
67
45
94
101
43
61
84
107
80
45
56
60
32
22
47
59
73
66
47
115
76
62
44
70
90
63
81
55
39
41
51
79
50
75
5
115
57
7
53
72
38
64
58
107
68
54
81
57
43
53
68
74
40
113
76
69
75
72
58
49
65
62
39
60
44
42
65
60
38
58
66
60
61
28
54
51
50
95
35
49
98
78
106
68
62
74
44
65
71
81
65
54
57
38
39
42
10
83
81
49
107
99
43
37
110
38
40
77
45
65
40
84
60
41
65
39
77
16
40
104
57
70
79
98
49
50
58
79
39
63
63
81
30
32
70
56
61
58
102
107
68
49
91
89
82
93
59
51
36
53
65
44
28
53
67
29
56
54
54
103
108
38
57
60
81
47
67
61
40
83
65
81
104
95
30
76
105
23
60
60
24
79
39
30
36
35
34
59
70
57
63
72
68
52
40
62
85
54
77
30
59
61
60
39
49
99
83
46
58
68
58
43
41
75
63
16
65
46
49
44
41
43
66
54
102
77
65
57
37
62
35
49
19
62
40
39
34
24
44
105
63
31
69
43
99
48
81
49
89
79
63
80
39
83
31
29
65
58
38
53
110
49
50
81
102
107
71
29
89
19
66
111
71
27
103
57
56
38
67
108
41
59
66
57
62
49
57
27
43
73
104
41
69
58
19
46
63
61
106
29
49
65
53
85
71
43
25
30
40
71
80
36
40
31
52
63
87
106
61
52
46
42
58
64
45
59
92
42
54
102
79
75
92
75
77
45
82
81
48
106
70
64
73
80
48
24
73
20
37
83
60
53
104
65
33
64
77
86
59
65
75
110
42
68
62
18
107
43
63
70
59
67
80
61
59
62
52
53
78
73
75
109
58
58
41
36
64
60
60
55
28
46
77
98
37
108
57
71
56
63
70
42
90
47
39
31
58
77
55
70
31
51
40
24
103
67
64
42
76
49
40
39
47
69
51
78
59
107
111
40
26
55
76
48
31
67
83
66
115
23
65
32
64
67
36
39
82
50
58
86
58
29
50
23
14
64
94
49
57
57
24
82
46
52
88
81
51
55
73
19
53
57
73
25
46
66
54
59
61
50
72
76
100
83
61
62
62
28
59
52
105
40
87
63
78
52
37
50
60
26
80
88
83
82
37
62
66
112
83
78
29
73
85
59
103
25
51
53
30
104
80
39
100
51
61
28
75
39
107
87
69
80
78
102
56
63
60
80
56
108
58
81
106
42
56
59
53
26
64
54
37
20
49
81
40
91
8
109
70
108
62
4
56
75
34
59
40
29
49
113
83
81
70
114
74
23
58
74
62
84
83
63
27
75
7
41
75
84
56
49
76
82
78
74
55
68
31
88
85
74
67
31
32
83
102
107
40
22
71
45
29
76
41
65
110
37
41
99
46
83
61
108
68
38
49
70
109
51
37
95
85
74
40
60
51
50
32
76
68
67
52
63
32
69
74
36
48
23
48
78
50
57
75
66
83
59
68
68
56
58
41
27
63
41
58
39
47
71
66
43
60
52
88
79
69
73
106
71
97
6
66
49
19
41
57
69
76
38
43
70
52
31
73
26
20
75
63
58
84
38
49
110
37
68
59
27
84
79
70
73
74
59
62
64
28
62
103
65
65
26
55
51
84
29
101
103
69
81
66
77
65
47
79
48
17
107
43
79
91
52
61
50
58
68
74
59
81
49
54
110
41
111
61
63
98
64
60
15
85
40
58
111
79
69
60
74
24
75
38
115
50
102
53
47
43
72
69
57
67
68
96
29
60
59
62
32
59
86
28
53
63
41
106
23
35
51
33
81
38
107
95
81
41
84
57
110
83
64
57
44
58
44
70
19
111
11
21
84
41
109
50
63
50
21
83
56
82
77
59
41
67
37
59
50
71
66
55
50
66
35
59
39
54
75
74
15
15
49
63
58
56
61
64
56
62
38
48
110
112
103
52
26
63
36
108
59
110
77
6
69
54
95
110
56
42
85
82
72
32
62
39
38
81
61
79
49
63
90
71
70
57
56
60
91
74
62
41
65
70
64
73
48
58
58
82
103
60
64
30
39
70
83
69
63
31
29
70
34
56
60
22
28
40
59
54
47
48
50
48
78
66
67
52
65
53
68
45
49
46
83
36
37
60
47
49
30
100
108
78
46
64
19
36
41
60
56
45
111
63
45
50
46
64
102
98
103
21
56
63
61
81
59
55
64
20
55
96
87
66
56
49
42
74
52
64
45
65
65
49
58
111
66
82
61
61
56
110
105
74
24
58
109
84
59
74
53
21
99
38
102
41
84
48
62
54
73
66
83
53
32
76
100
34
23
60
65
49
61
32
40
71
56
51
24
72
83
84
82
48
25
50
58
108
84
42
36
58
49
63
44
64
27
72
50
52
106
63
72
22
65
77
95
106
68
58
71
64
65
20
14
61
101
36
78
61
47
59
46
55
13
54
68
71
60
32
67
43
45
34
65
77
71
7
65
53
31
65
72
53
57
69
37
16
40
58
104
59
57
53
47
25
79
35
69
51
25
61
82
58
60
101
98
68
75
53
30
53
50
64
60
79
47
108
70
15
106
21
82
43
75
48
40
103
67
54
34
62
58
35
58
71
30
58
49
48
64
49
72
81
58
67
78
59
26
56
63
100
51
57
47
72
46
85
103
74
62
104
50
20
60
36
27
69
51
63
57
65
108
34
96
52
47
47
54
44
46
101
100
85
63
80
111
37
38
71
48
65
16
52
51
54
18
117
37
62
63
98
102
74
52
67
40
96
111
23
75
82
85
49
62
89
57
97
59
50
56
17
44
63
56
53
73
30
31
37
58
34
61
48
68
82
33
27
52
37
48
25
60
63
84
35
17
97
19
99
83
61
85
63
106
108
67
72
32
59
40
90
58
66
51
34
52
54
100
114
65
50
107
14
109
71
105
50
49
51
59
104
81
72
104
71
62
41
57
108
43
72
62
67
74
79
75
33
79
69
33
78
57
66
44
48
45
31
64
44
102
109
33
107
60
36
62
48
62
8
58
51
60
48
29
66
55
51
24
108
51
58
64
18
63
14
87
82
51
79
51
64
39
65
47
60
24
60
54
34
107
32
35
63
33
104
97
65
42
59
77
6
69
77
64
42
107
58
35
55
54
33
56
38
30
64
78
74
48
42
98
48
23
46
64
46
57
100
44
109
55
60
55
54
76
45
73
68
77
45
51
51
59
74
71
14
67
90
68
60
67
72
78
62
60
44
79
52
59
37
38
113
101
76
102
47
21
63
48
110
81
38
35
82
73
46
59
27
50
73
65
39
109
61
66
33
80
52
63
60
63
79
71
39
69
43
68
76
30
69
53
18
25
107
72
78
44
86
35
48
62
95
73
67
27
73
81
60
110
30
44
41
49
56
65
68
105
109
87
46
61
99
37
62
71
76
67
51
66
24
66
73
47
57
49
42
103
96
65
83
50
25
109
69
99
52
59
74
13
42
19
81
50
56
102
59
64
109
61
52
83
109
57
55
63
107
40
43
33
102
60
103
41
110
45
69
64
76
54
75
62
41
23
55
117
45
74
99
38
59
18
83
43
73
107
52
54
4
64
63
63
103
36
28
48
80
58
98
22
70
100
112
58
54
58
51
105
31
24
43
61
66
46
26
79
57
24
74
48
111
72
54
25
93
63
47
62
21
78
101
47
50
61
19
48
56
71
39
83
57
55
26
111
66
46
55
55
81
48
47
112
83
58
77
41
66
44
59
45
98
60
86
110
93
67
73
81
74
43
38
57
51
106
44
81
50
88
50
65
103
62
50
58
96
38
35
52
84
65
48
6
49
15
64
83
55
17
25
61
58
86
62
62
96
63
47
57
47
43
84
62
64
44
57
95
40
82
42
47
18
64
108
83
45
50
61
31
21
44
22
37
108
85
103
83
8
57
83
63
75
58
107
93
79
57
6
61
39
46
78
94
51
43
48
46
24
40
65
79
100
57
26
67
59
62
61
66
62
112
87
79
35
76
106
59
59
66
77
38
49
24
69
32
16
62
60
34
83
82
61
102
45
81
75
35
63
69
67
60
85
66
90
66
84
78
40
77
73
104
64
37
71
27
5
74
89
71
102
60
44
74
47
46
54
72
55
83
60
54
43
38
48
76
83
62
103
107
49
104
43
51
107
41
71
103
64
71
46
66
80
83
39
27
50
59
78
103
52
89
42
26
51
53
27
64
55
64
45
52
70
45
23
60
63
101
63
56
107
93
102
67
27
57
25
44
111
57
61
45
34
49
82
77
30
79
104
64
65
29
71
48
9
62
37
86
64
66
17
107
52
15
46
75
55
64
57
47
62
110
104
57
60
48
80
44
41
105
8
77
57
29
61
67
56
33
81
56
29
99
49
98
54
38
40
68
22
37
48
56
63
43
77
101
87
61
45
78
56
102
55
108
87
35
62
102
39
35
55
25
46
91
51
59
52
107
69
62
59
65
24
45
70
71
60
67
85
33
95
66
108
33
49
36
107
74
54
60
50
104
63
68
49
47
50
26
29
80
100
82
73
58
47
29
39
72
61
62
31
28
25
61
103
58
57
58
41
51
66
62
52
59
38
72
39
27
59
30
47
56
64
67
74
72
96
78
52
40
53
45
63
31
59
60
66
61
73
61
50
54
87
79
59
46
47
39
36
68
25
74
61
106
85
78
57
20
43
68
13
66
57
58
42
83
41
43
102
82
47
58
58
85
45
53
79
37
82
58
22
60
63
81
43
61
75
102
108
108
51
30
52
73
89
39
20
83
56
81
62
110
59
53
48
79
107
88
56
53
46
39
40
34
21
90
47
83
94
71
54
46
76
62
54
54
78
73
20
59
35
22
55
106
52
74
33
82
43
57
70
48
113
74
37
67
79
27
66
53
67
65
54
75
68
42
29
108
108
37
35
66
69
91
55
54
64
63
61
14
107
53
93
44
53
73
100
18
46
72
49
86
76
47
61
69
107
71
40
57
40
50
62
53
108
54
54
54
27
94
57
16
51
56
45
63
58
83
5
37
18
60
44
84
59
70
106
46
44
102
74
47
2
72
22
110
45
93
62
55
41
42
42
69
94
105
82
24
61
74
34
54
66
65
64
82
51
64
59
52
80
44
46
86
67
50
8
67
66
79
106
61
36
58
61
64
83
61
43
67
27
74
82
66
64
95
73
54
54
77
84
55
87
73
86
105
50
105
41
44
59
55
40
44
60
43
79
69
58
42
52
105
69
34
43
57
40
57
19
51
54
24
37
38
20
59
38
41
60
79
52
50
59
76
58
61
54
84
57
64
32
55
21
37
33
23
60
73
101
88
54
108
6
85
102
49
37
80
74
27
79
50
34
69
85
48
53
44
71
54
65
70
58
25
35
38
56
43
107
105
76
37
63
81
53
104
87
53
59
24
111
56
64
77
59
63
26
56
39
103
48
58
107
46
27
45
52
40
102
38
110
30
105
38
60
52
82
55
72
43
76
55
49
41
47
28
32
60
115
41
59
110
33
53
115
63
80
48
52
66
67
104
50
50
91
109
58
96
111
61
50
69
63
59
75
67
19
58
67
107
69
66
78
102
61
60
68
51
80
72
47
40
82
32
39
62
53
45
79
38
106
99
57
68
37
27
80
46
54
59
14
39
51
106
57
23
118
104
62
81
73
42
63
44
105
77
36
56
76
66
41
60
53
60
50
110
51
82
110
56
87
36
28
27
65
64
46
78
45
73
59
39
107
26
68
113
106
94
71
108
64
37
58
107
6
63
20
22
70
40
63
36
82
56
45
55
103
40
83
85
53
60
61
58
61
90
92
95
51
51
45
63
37
99
25
67
35
66
66
49
8
62
57
47
65
74
60
25
60
68
56
60
47
39
72
59
42
54
52
41
25
66
89
61
34
107
82
70
32
54
64
24
87
104
69
55
104
19
67
59
49
50
82
65
109
85
32
58
62
96
43
20
77
25
21
109
72
61
103
61
57
107
20
52
82
37
27
28
65
117
103
59
114
85
60
84
40
79
83
58
61
12
43
112
38
34
70
61
30
62
74
27
70
60
43
35
40
84
100
62
41
43
43
54
110
109
81
36
51
38
30
60
61
84
63
48
59
73
60
106
59
109
43
83
74
97
26
58
72
44
104
113
47
94
62
47
38
52
46
79
49
38
110
45
65
39
111
61
80
38
56
64
83
94
82
62
57
61
52
89
42
52
54
16
88
76
90
47
60
81
58
80
36
20
45
23
40
60
81
56
76
40
85
57
88
60
70
110
75
109
69
46
60
65
98
22
24
83
43
31
15
40
61
22
57
62
80
81
43
62
84
80
104
44
77
77
67
56
25
103
47
61
62
22
88
23
19
72
40
82
71
26
111
73
64
65
36
83
61
78
28
64
53
45
42
60
36
110
74
116
97
84
50
42
50
66
62
27
75
23
62
78
64
61
24
48
64
46
49
73
78
65
54
48
59
108
74
104
58
50
27
61
62
71
48
74
31
44
61
83
61
53
63
38
37
59
73
44
21
80
54
62
109
61
38
60
70
36
56
66
58
29
61
112
61
109
53
48
47
52
37
69
72
50
55
40
39
76
83
78
48
59
77
75
102
61
77
101
48
37
31
102
66
81
47
74
78
63
86
55
46
103
50
29
50
65
45
60
66
58
52
81
48
36
18
55
44
56
87
54
56
32
101
56
84
53
112
59
65
62
86
89
40
67
73
61
35
69
75
39
106
62
73
57
117
39
101
54
97
36
61
57
35
97
34
81
104
104
36
50
81
75
39
40
51
50
37
56
44
57
69
39
27
113
57
47
111
27
78
109
40
24
61
31
71
57
69
24
36
61
85
34
62
63
49
58
71
42
70
21
65
43
79
24
59
46
71
44
17
50
52
61
50
99
3
34
42
38
84
69
90
40
31
33
80
107
62
77
62
19
20
31
58
75
76
24
93
61
40
96
111
78
37
41
78
39
81
64
70
31
99
35
17
44
114
57
48
20
95
10
63
48
72
111
22
23
99
20
104
28
42
38
34
44
45
53
106
74
74
34
63
46
69
113
63
20
56
71
80
29
58
57
82
70
60
35
61
83
38
108
22
59
83
42
9
46
43
57
17
22
59
26
42
75
63
61
33
36
61
56
62
34
53
56
105
31
71
80
43
29
43
57
34
60
47
96
78
58
68
37
44
76
77
65
69
23
108
80
55
81
88
40
68
46
42
32
55
55
51
56
83
111
65
30
68
60
101
51
84
79
60
25
78
51
50
44
46
39
112
26
38
68
63
80
101
97
56
71
86
45
64
60
30
70
83
67
60
79
63
67
101
60
98
68
47
96
86
58
47
66
45
44
92
48
113
50
29
43
56
65
55
25
17
85
46
63
51
34
82
79
59
54
56
58
62
43
23
55
46
53
106
49
62
70
29
114
51
41
49
73
28
77
101
57
64
48
51
101
82
50
84
65
58
71
69
57
67
102
107
61
36
100
70
24
34
66
38
94
81
64
66
41
118
65
66
65
44
81
89
84
72
70
80
81
41
33
82
46
61
40
34
28
87
106
76
102
64
98
44
84
74
73
114
45
24
105
79
24
27
26
38
43
57
56
40
75
55
39
44
53
52
81
24
58
49
86
57
66
111
51
67
30
77
41
31
51
12
43
57
39
68
97
72
82
58
66
82
58
58
46
80
63
103
68
109
56
50
54
74
62
87
58
102
66
113
57
42
68
24
34
29
75
64
71
98
68
22
46
66
73
26
18
96
34
66
64
58
98
61
108
100
44
26
36
108
39
25
68
109
60
27
50
56
62
77
62
56
28
60
55
9
39
55
17
81
89
82
56
62
20
53
68
108
65
93
59
44
102
53
50
94
118
82
54
44
51
60
99
86
50
98
108
74
19
61
44
101
82
76
18
106
108
87
83
42
62
53
58
86
39
34
35
63
54
62
45
62
40
105
67
98
40
77
30
75
40
32
44
110
25
57
81
42
82
57
112
18
26
73
69
32
82
54
95
106
37
65
77
58
49
62
58
72
27
20
82
89
57
50
58
28
46
79
26
49
62
55
48
111
22
55
73
34
66
73
112
100
86
103
46
83
64
46
85
34
82
69
80
82
39
87
45
32
114
54
42
39
71
18
70
48
60
46
47
59
98
17
47
76
84
47
96
79
72
59
70
55
38
84
52
47
101
82
112
109
60
105
103
55
59
75
67
87
32
50
60
58
42
31
68
65
48
76
80
68
54
27
102
75
43
74
69
69
84
35
75
87
82
41
56
46
40
45
41
107
45
47
104
38
28
108
45
51
36
34
80
68
61
86
32
104
99
45
23
115
60
69
36
58
30
93
51
14
119
108
30
41
51
72
105
52
49
36
33
67
76
33
40
70
104
55
104
69
24
61
86
55
65
34
47
60
31
55
94
28
64
50
108
45
107
23
56
38
49
104
114
72
98
78
103
69
46
60
39
103
52
112
9
68
58
93
101
45
46
59
81
80
110
51
57
85
71
71
52
72
72
78
94
62
34
85
41
40
56
25
55
11
79
63
28
65
73
26
31
108
78
44
58
28
39
87
60
46
16
60
108
50
74
63
48
59
100
49
54
65
59
87
66
26
55
78
43
50
103
83
47
64
61
39
25
22
52
55
34
72
103
35
55
48
35
39
48
113
32
106
49
76
53
96
44
59
23
46
59
114
71
46
101
99
63
33
35
35
112
41
106
65
50
54
34
54
89
62
14
73
37
35
38
2
59
110
58
84
49
34
40
64
113
27
73
43
90
58
80
44
52
74
69
15
48
27
43
81
36
45
102
59
14
48
44
62
56
73
34
51
65
114
68
43
53
70
65
47
43
22
79
35
43
62
37
50
106
77
34
49
32
106
22
16
33
42
50
19
59
60
65
61
55
17
50
30
66
47
71
47
75
13
79
17
48
41
35
60
83
67
33
63
44
65
60
63
69
113
55
48
38
41
70
27
91
106
38
109
53
61
37
44
68
55
83
27
52
43
40
44
33
104
113
48
26
103
41
49
84
103
102
56
42
26
59
32
63
110
44
71
10
38
82
43
75
65
58
35
52
62
84
70
44
24
59
85
72
37
55
46
113
61
67
100
26
44
80
47
59
68
97
114
24
76
48
54
77
46
59
49
92
78
14
20
73
56
113
24
74
41
24
109
41
80
71
109
31
46
33
60
45
68
52
84
35
108
72
46
22
87
42
63
55
107
42
105
77
58
75
52
91
27
74
20
64
60
56
35
77
104
107
37
81
45
87
19
47
31
105
45
90
56
52
79
102
62
24
105
42
82
110
32
51
39
49
71
29
38
69
65
81
74
70
49
39
51
71
23
42
81
82
72
41
84
58
41
84
58
33
105
52
76
62
104
97
44
106
68
90
108
60
51
37
82
102
83
72
39
65
58
106
40
57
51
81
53
105
84
112
79
19
112
59
66
51
84
50
33
23
15
51
62
28
32
50
60
56
74
61
91
44
59
52
47
108
52
85
59
29
33
56
62
84
35
107
91
59
21
61
60
61
42
65
81
5
21
38
4
51
85
64
67
67
48
52
86
62
63
101
57
58
35
71
62
70
52
81
38
39
33
101
12
103
61
27
79
59
106
71
68
23
55
23
48
75
64
84
65
101
24
58
56
100
32
69
35
53
36
56
35
59
83
57
61
40
25
28
58
40
61
102
73
55
59
69
108
52
28
79
39
22
25
80
38
77
19
63
68
64
53
42
60
57
109
83
24
50
43
47
23
37
65
102
51
52
40
31
88
38
41
80
53
88
67
54
64
58
57
60
21
34
74
77
26
48
39
57
61
75
59
43
60
63
90
53
60
69
52
35
43
40
45
76
74
103
51
43
49
36
101
64
34
102
102
51
84
40
62
71
60
37
51
35
50
77
45
61
63
15
103
47
100
64
55
69
59
59
61
33
54
107
41
59
87
53
55
41
42
26
49
111
76
25
80
15
107
56
76
33
78
56
23
114
81
18
82
111
56
44
76
42
22
49
87
62
26
17
51
70
82
77
65
66
74
46
46
36
53
60
64
50
36
37
73
55
32
83
32
33
41
54
5
57
35
77
48
51
39
55
82
64
59
43
45
46
57
112
9
35
74
59
80
66
60
42
77
51
36
41
47
88
53
42
107
19
109
67
51
61
43
66
102
59
48
7
72
73
107
111
64
30
43
52
80
70
63
4
62
44
38
102
39
57
62
59
84
70
81
46
80
29
80
61
97
26
62
53
62
45
32
104
52
50
67
31
72
49
27
41
60
27
58
76
102
16
39
110
44
111
76
55
60
71
61
84
79
84
82
27
52
57
106
37
66
42
51
43
74
65
40
48
26
58
50
84
47
41
75
64
51
92
23
50
34
81
113
104
54
29
106
103
38
101
45
44
89
80
61
36
105
83
56
42
55
70
73
61
41
103
77
62
52
41
108
58
87
50
110
42
39
61
26
18
72
19
106
58
43
108
40
56
68
44
25
47
61
79
25
52
56
75
75
26
47
43
36
43
76
60
82
21
67
60
55
46
16
49
49
72
80
74
94
61
58
31
36
110
75
70
47
62
65
66
39
78
23
106
63
50
83
49
117
113
41
67
55
37
31
60
76
89
50
52
49
63
63
59
74
21
41
22
108
46
19
36
64
66
112
67
22
76
62
43
68
55
103
40
42
54
103
103
92
106
53
113
50
73
33
48
17
74
82
66
56
59
42
112
38
115
65
109
30
70
76
83
40
56
61
102
24
37
45
59
71
46
112
68
79
70
52
42
58
81
28
57
26
67
111
102
106
48
40
23
63
45
20
58
109
80
44
108
66
62
54
109
64
53
106
60
51
52
63
5
44
49
112
38
98
116
76
50
49
31
37
69
61
56
59
112
61
80
109
105
67
71
109
70
30
62
70
67
82
22
61
19
15
51
38
61
35
77
57
36
76
64
71
71
58
105
16
100
15
18
88
60
42
57
78
101
60
107
43
23
81
98
66
57
43
18
112
50
60
64
43
67
39
102
46
53
80
44
75
46
25
32
67
61
49
64
36
64
45
61
105
44
57
77
60
84
57
27
37
43
63
111
68
89
29
51
42
69
65
55
49
56
18
84
60
77
106
107
59
17
83
69
66
20
30
64
43
62
59
33
51
64
57
110
22
80
86
42
79
81
72
74
77
46
53
55
29
81
109
72
66
44
76
23
60
111
79
79
62
50
86
21
102
96
45
24
38
85
84
32
61
53
52
46
104
53
67
110
49
49
63
70
50
78
17
102
40
103
108
67
77
67
107
32
61
40
61
105
102
57
81
36
78
60
53
24
102
13
100
59
26
93
80
83
48
66
25
110
47
100
88
48
107
49
23
60
47
91
40
1
40
80
56
51
61
17
56
64
70
55
55
83
100
57
66
81
48
67
64
80
55
3
64
46
54
58
44
61
41
25
43
100
51
57
54
69
95
31
52
42
84
68
63
83
109
56
32
50
90
106
39
73
74
36
23
61
48
58
51
62
61
74
56
39
62
61
41
51
66
60
60
63
43
81
56
63
54
42
85
52
67
30
78
107
53
108
15
80
75
109
36
91
45
70
102
52
44
45
46
49
81
106
48
48
105
103
102
107
61
79
62
69
66
32
50
30
63
69
44
82
62
43
39
95
30
68
108
105
29
90
111
55
51
46
58
55
28
64
67
49
66
78
72
64
36
112
40
77
50
109
56
71
60
108
44
15
65
67
39
23
57
29
53
83
67
28
65
81
52
54
97
74
28
78
45
110
43
75
100
105
58
85
47
112
46
68
40
78
58
50
110
45
49
105
78
63
44
43
72
104
23
63
39
59
71
107
109
101
63
69
32
60
18
50
72
100
60
56
59
45
86
80
22
58
65
73
51
81
69
63
106
25
100
16
48
68
75
69
11
72
83
24
40
50
72
69
103
89
62
51
47
79
105
42
65
31
82
40
57
36
68
64
63
45
62
100
5
48
75
38
78
68
71
114
111
35
63
49
28
61
60
63
65
53
109
35
48
106
58
18
83
61
40
35
62
58
47
102
98
71
68
46
99
37
82
35
90
28
21
65
31
25
34
69
90
22
42
43
25
87
26
58
61
66
51
27
95
71
44
31
35
109
102
43
91
58
55
77
23
32
47
51
62
59
47
72
16
59
52
65
58
64
101
108
86
39
84
33
103
47
36
82
34
69
63
55
38
69
55
82
99
112
106
93
42
84
48
60
99
30
31
83
27
41
58
56
59
49
45
59
51
62
100
82
109
43
70
67
67
59
61
86
24
27
68
68
65
105
46
63
62
94
79
22
101
42
82
35
63
68
60
58
46
50
38
40
46
81
45
38
9
62
81
35
85
27
72
112
66
40
42
56
108
52
102
41
63
52
109
33
60
42
42
72
34
95
15
84
44
77
58
83
49
69
16
53
44
47
63
53
64
97
64
107
38
21
68
66
30
45
62
33
25
73
50
60
88
51
56
48
84
103
87
54
64
70
51
50
107
65
23
25
66
36
47
64
43
52
63
54
113
18
64
60
43
107
92
33
52
34
64
69
55
45
93
84
39
66
70
64
108
88
107
57
67
44
65
98
84
109
36
30
71
80
118
46
48
59
21
74
44
56
56
99
78
46
76
60
36
53
85
39
88
73
59
36
47
55
75
57
110
55
70
45
32
25
30
66
26
90
60
6
70
57
56
47
58
42
47
64
55
45
50
47
63
83
60
110
59
87
103
10
44
36
37
69
63
49
42
68
63
73
110
102
92
63
47
37
84
38
50
93
75
62
47
85
19
53
39
73
67
69
39
105
83
56
56
54
77
69
36
74
35
106
78
103
33
46
104
101
79
64
111
62
64
75
63
60
47
19
62
77
63
105
61
40
47
71
75
44
53
45
74
25
73
30
85
72
99
76
96
60
43
74
84
80
27
55
47
57
36
38
35
101
82
34
41
62
71
59
21
60
56
106
37
66
80
41
66
54
50
56
86
80
28
59
71
43
68
57
82
56
98
58
111
57
69
44
57
80
65
73
32
60
79
76
65
101
42
81
84
60
86
73
50
86
50
37
21
17
51
83
66
88
103
68
52
88
73
81
81
102
62
61
102
50
41
51
54
26
25
46
51
61
65
33
73
20
33
24
74
101
44
103
49
81
75
84
62
53
55
100
45
66
60
52
108
59
86
59
54
59
56
35
26
25
53
41
44
52
68
80
51
75
85
82
0
1996 4188 5248 
4912 5690 
0
5675 
3257 
1868 2004 2370 5524 
0
0
0
1542 2633 2830 
0
0
0
4033 
758 3881 4483 
4255 4980 
1931 3998 4106 
5962 
0
0
4197 
1169 5254 
0
523 1544 2928 
4571 
0
991 5499 
1128 2378 4235 4267 5403 
3858 
1506 5298 
0
0
1924 
3285 4472 
1066 
0
422 2051 4577 
0
0
0
1941 2872 
0
4249 4561 
5890 
0
1047 
0
0
966 
0
0
0
5945 
976 1265 4307 
481 5367 
2084 4619 
0
0
0
1221 3190 4164 
0
0
0
0
0
3850 
3197 
3463 
3269 
0
0
1232 
0
0
0
3676 
1073 2479 
0
0
2472 5046 
5141 
0
109 1179 
1220 
0
2208 4102 
0
0
374 
0
0
0
446 2515 
2013 5117 
5250 
3232 
3692 
4772 
5047 
2640 3322 4389 
3668 
1302 
437 646 
0
3810 4793 
1870 2773 4357 
3425 5285 5331 
0
2146 3048 4763 
5831 
2184 5320 
0
451 1973 2904 
0
2843 5799 
0
5683 
2690 
5833 
0
930 
390 
2542 3439 
0
0
959 1054 2187 4156 
0
0
1712 2502 3665 
5451 
0
0
5483 
0
3637 5210 
1925 
0
1792 3441 
3244 3705 
0
1758 3152 4336 5155 
0
4803 
1524 3376 
5146 
1305 
0
2284 3922 5167 
0
0
5659 
0
219 4680 
4333 5242 
0
5455 
3130 4538 
2172 
3233 5404 
0
0
0
3765 
1816 2485 
0
0
687 
5227 
1372 3474 4409 
259 1873 3039 4417 
5687 
3044 
995 
5388 
0
0
4904 
3216 4921 5305 
607 
1244 2440 4512 
3101 
1780 
0
958 3045 
0
4529 
1585 
4398 
207 2647 3378 
0
261 1480 
0
0
1116 5243 
5868 
2642 3372 
2182 
2624 3632 3866 
2663 
0
0
0
0
51 562 3582 5282 
802 
161 5638 
0
5709 5841 
610 
3176 
3735 4373 
1962 
0
0
1270 
0
3447 
0
2650 
413 
598 4200 4572 
0
5214 
0
0
0
1390 3331 4684 
0
5916 
2115 
5942 
3491 
0
1745 4544 
0
3444 
5421 
0
0
0
0
2195 4407 4748 5010 
99 1112 4525 
1974 5678 
3126 5116 
3141 
0
0
2545 5255 
0
1281 1762 
474 
0
781 
5963 
0
2132 3523 4787 
0
0
0
2755 
0
927 1591 
403 
2008 
0
2098 
3525 
0
554 5672 
163 2575 
0
0
0
0
3609 3748 
0
0
0
1590 
0
641 3379 
0
4100 
0
0
5160 
3319 
2990 
1132 2578 
2531 
0
136 2180 
0
1271 
181 
691 2243 
1627 
2423 
0
1381 
0
3368 
3212 3507 
83 
3103 
3495 
0
0
3384 4419 
4420 
4899 
385 3185 4444 
759 1344 3205 
1176 2639 2885 
5793 
0
0
0
2031 
806 
0
0
4114 
827 2225 2678 
0
0
1079 4537 5795 
0
198 5892 
2102 
2825 4616 
0
0
5329 5366 
1929 
0
0
5379 
0
0
0
0
2954 
2033 3215 4857 
0
3057 
951 1417 4819 
4503 
548 5759 
0
2110 
0
0
1981 
0
828 1235 4265 
754 
0
1311 5691 
3036 
2775 
0
0
0
316 1514 3634 
0
0
0
0
0
0
0
5163 
2323 3404 3958 4251 
3620 
0
5730 
1592 5238 
5645 
684 4292 
241 249 
0
3956 
3504 4869 5266 
0
0
4993 
2621 
3203 
628 2334 
765 1476 
0
1805 1859 3750 4507 
2337 3907 4756 
0
0
1927 
2679 
0
2796 
0
656 919 
20 
3520 4965 
5053 
0
2202 
0
0
0
0
3759 
0
968 1807 
0
4891 
1455 3010 
1129 2120 
0
0
0
4620 
682 4903 
3138 
0
495 1026 
0
2234 2823 
578 2129 3602 4710 
2710 5136 
1694 
5949 
0
0
2130 
1453 4815 5406 
0
4284 
3450 
0
2209 
0
4565 
0
5637 
67 
1277 1696 
648 
0
905 
786 
3068 3325 
0
2806 2824 
2315 5132 
0
0
3064 4482 4847 
0
1958 
5772 
5886 
0
0
0
1357 5845 
1075 
2034 2774 
0
1416 1804 3927 4058 
4176 4858 
0
0
4765 
775 
5082 
1334 3483 4245 
829 
3003 
205 2875 
4940 5011 
0
4458 
0
2974 3204 3335 3861 
0
1155 
5859 
1151 
0
342 2438 2510 4991 
1907 
0
1666 3616 
2086 3817 
0
2417 4567 
808 
194 4429 
2722 
2882 2920 
364 4495 5493 
0
1573 2310 4083 
2645 
2268 2295 4517 
0
2363 4788 
306 
40 
5698 
2784 
4863 
0
3596 4286 
1891 
1397 
0
3292 
0
0
0
2508 
0
2991 3023 
188 3035 
1741 
1081 
1640 1969 
0
2306 
0
737 890 1841 2789 
1497 3802 
1548 4598 4862 4935 
556 
0
4376 
0
5946 
3457 
2766 5956 
2630 
0
3446 
436 4629 
1509 
766 
0
237 
0
1995 3161 4090 
594 
4683 
3572 5636 
0
3698 3746 
160 
0
3349 5301 
0
210 5099 
767 
0
5034 
131 
0
2105 
0
1382 4367 
0
0
0
0
4399 4728 
0
2833 
2653 3081 
1102 4467 
0
1163 3389 5492 
1474 5930 
4506 4532 
5433 
1617 
0
0
0
0
1777 4432 5194 5441 
1648 2557 4703 5139 
0
0
0
0
2062 3575 
0
0
328 2340 
424 4454 4700 
1349 
0
0
0
0
4679 
0
0
0
0
5932 
1167 
0
156 
0
854 
629 2831 
0
0
0
5682 
586 2165 
868 3900 
508 601 
1139 5575 
5377 
1014 
2160 
5121 
5024 
0
5532 
408 
2827 
0
0
0
1869 2611 
0
2382 
1826 3498 
4469 
0
0
0
5185 
565 
3287 
0
0
1327 3415 4976 
0
0
2024 3024 
0
325 543 
0
2937 3313 
3738 4886 
0
461 
4117 
108 3653 
0
751 2582 
0
0
0
0
592 1914 
497 
4774 
406 2615 3148 5840 
0
0
4668 
0
0
4446 4637 
0
1091 
3678 4543 
0
5765 
0
1788 
2671 
0
1017 2075 
165 2351 4579 
2149 4464 4974 
0
5436 5568 
2547 
933 
0
2123 
0
0
0
0
0
1865 
3150 
842 4642 5130 
0
5515 
2895 
0
5008 
0
4161 4269 5707 
1465 
226 4845 
0
434 
939 
3757 
3049 
937 2791 
5885 
0
665 2892 
423 
0
274 3094 4723 
0
0
0
5725 
0
2964 4261 
1961 4718 
752 3614 5681 
4606 
0
1288 1557 2168 4786 5390 
0
1256 3812 
0
0
2385 
2523 
1012 1795 1810 1956 
4548 
3434 3924 
5510 
0
360 5445 
1535 
3662 5790 
0
0
3350 
5341 
0
389 
1353 2580 
0
0
1433 
0
0
0
1684 2060 3826 
2765 
0
4157 
5096 
5623 
4266 
0
0
0
335 1424 
3836 
720 5343 
1597 2439 
4302 
514 2467 
0
4661 
0
4313 
907 
47 4474 
3416 
1582 
4730 4973 
0
472 1935 
0
0
3462 
1760 3951 
0
75 409 4779 
0
4059 5004 
0
1984 3984 
0
4947 
0
0
0
5449 
0
0
5897 
2200 5928 
4610 
0
5244 
1903 
383 
0
1335 
0
0
841 
713 3481 
3162 
0
886 2979 4706 
0
0
1599 
872 953 
0
49 4129 
186 
764 3843 
0
0
64 4181 
0
0
1356 5964 
1388 
0
53 4867 
2056 3543 
427 
0
4301 5071 
3443 
0
2530 3486 5787 
4442 
0
649 
0
0
0
0
0
0
2204 2711 4800 
2570 3224 4856 
2490 2569 2924 
3856 
2320 
0
282 2500 4022 
3187 
0
1136 
2028 4738 5561 
0
914 3992 
1313 
2901 
110 
87 
3175 
5487 
0
0
0
0
0
0
50 
4875 
5615 
0
3977 
0
0
4154 4724 
756 3406 
1158 5815 
3046 
3942 
0
159 2159 
2962 
5051 
0
2338 3717 
3030 
2355 
2181 2662 
265 531 1264 5547 
0
0
5464 
4651 
263 1282 
1205 
0
5352 
0
0
3913 4743 5470 
3252 4716 
0
1181 
5027 5738 
0
2380 2977 
0
445 4820 
0
0
18 
2301 
3298 
634 957 4281 
2374 
3893 
3559 
0
4330 5769 
1814 5650 
173 200 
1690 
0
91 4227 
739 1196 2262 5849 
0
3869 4299 
0
0
5229 5711 
4746 
5098 
0
0
4240 
0
0
167 782 3132 3511 
337 567 1707 
509 
1595 2437 
0
340 
899 1519 4094 5842 
0
5283 
4623 
1888 
407 
1467 
0
0
3808 
0
0
1569 
0
0
0
3919 
0
1505 
0
0
0
0
0
2726 4747 5273 
0
0
1567 3377 
0
0
2341 4091 
5621 
0
0
1214 1623 4977 
0
5705 
0
0
1536 
0
945 
935 
867 
0
0
3009 
1500 
371 793 4470 4822 
443 
0
2221 
0
0
5080 
0
0
1188 
3169 4360 
1477 3158 
1649 
5473 
0
0
5757 
4053 
0
0
1224 
762 2414 
349 
557 5369 
0
480 
2045 3803 
2994 
744 2503 4385 
1852 5188 
4289 
435 1937 2330 
5641 
2805 
85 4348 5158 
773 1150 3756 4123 5264 
1604 2019 
4496 5423 
4192 
4290 
0
1698 2478 
1470 
0
895 
1106 
0
0
0
5031 
0
1439 3754 
0
0
3696 
0
661 
2620 3876 
0
23 862 
3423 
0
171 2849 
0
987 
2183 4701 
0
0
1677 
1015 1242 
0
1630 
2239 
0
100 5889 
3432 
414 1678 3137 
2095 3339 4782 5094 5335 
4883 
0
0
0
0
1064 
0
2706 
0
4950 5564 
5734 
4453 
4635 
0
3328 
1295 
281 4559 
1267 
3381 3590 4729 
0
4450 
4350 
5120 
3128 3337 3681 
5181 
0
0
0
2536 
0
2416 
2967 
3752 
0
0
0
0
1960 
2471 
402 1088 5425 
1400 4375 4717 5037 
783 
1608 
456 1237 3963 5866 
0
2111 
4667 5708 
4999 
0
1855 2367 5055 5373 
1533 5140 
0
5934 
493 1005 
0
1284 2016 2488 
3277 
3062 
0
0
0
2121 2308 
4536 
0
0
4135 4393 
3166 
0
5165 
1656 1757 3172 3849 5299 
415 3283 
0
0
0
0
3032 
2506 
0
0
0
5612 5785 
1287 5428 
0
0
0
0
1006 3153 
135 
681 4280 
0
4853 
2864 5656 
140 1917 2661 5009 5579 
0
0
0
0
284 4293 
0
844 1038 5740 
0
0
3055 
0
3202 3961 
2511 
0
3966 
26 3453 
0
1109 3930 
0
5607 
0
4671 5912 
4814 4931 
1562 3332 
4641 
0
1460 
4797 5739 
5157 
1200 
3037 
0
5395 
2860 
0
1212 3799 4759 
4140 
3969 
0
5589 
8 1060 3059 
2727 3225 
1861 2053 2399 
0
879 
4657 5361 
5728 
3694 3904 
1275 2263 
2792 4205 5611 
4250 
0
0
2556 
2103 
370 5814 
0
1513 3671 5472 
0
0
3482 
3879 
102 4395 
689 4139 4644 
0
0
0
0
105 1564 2586 
0
269 
1660 3213 5453 
805 1922 4010 
0
3981 
0
2742 
0
3091 
3200 4725 
0
2026 4583 
3747 
1019 2108 
4051 
0
4828 
0
0
0
0
2431 5217 
0
0
0
0
5427 
1901 2622 4411 
0
0
4751 5061 
4930 
5498 
0
0
484 5375 
256 5648 5771 
3412 
1579 4258 
146 4514 
0
863 3165 
0
1989 
0
1692 3417 
57 1755 3970 
4659 
1728 
0
44 5762 
2848 5736 
0
3832 
0
0
4203 
0
2475 5899 
0
3988 
0
0
4190 4363 5960 
679 1115 
2136 
2153 
1658 
209 3989 4359 4500 5426 
0
2517 3492 
1744 4621 
2986 2997 
0
4017 
5491 
664 1456 4118 4408 
0
22 5896 
2387 4913 
0
0
3006 5770 
334 
9 
0
3071 
0
0
1563 4687 
3693 4781 
425 1394 4423 4752 5777 
2629 5695 
0
0
1521 2673 
3610 5521 
0
0
3629 
0
0
0
4296 
0
151 2325 
1042 1166 
0
5340 
0
5280 
1033 1722 2696 
254 
0
2345 3814 
3106 
5363 
0
1530 
4455 4580 
2420 5660 
4009 
1374 5531 
0
0
1705 
1578 3099 
1639 2973 3688 
3497 
3034 
1952 1976 2691 
2798 3242 3707 
283 5865 
5434 
4924 
5290 
0
3617 
0
1398 2486 5965 
2949 3433 4605 
3554 3659 
1526 
0
2319 
1174 
0
2324 
0
4533 4978 
0
1631 
0
0
5035 
0
273 2577 4208 
318 2563 5715 
909 5168 
1994 4918 
0
0
5066 5171 
2000 
166 
3438 
926 
0
0
1575 1624 
1610 
2832 3957 4915 
1425 
2992 4434 4660 
0
1037 
0
0
603 2236 
621 
0
0
458 
4358 5339 
0
0
0
0
0
898 
0
549 
5463 
0
0
0
0
3521 
0
0
0
0
4239 
0
1087 
0
0
695 3235 
0
0
4145 4498 
0
1068 
772 3901 4505 5193 
4595 
0
0
1915 3837 
588 
1625 3646 
3429 
0
4887 
0
512 
1339 
0
432 1883 
0
2408 3999 
0
0
2950 
2235 
2393 3346 
2277 
0
1160 
859 
0
0
1241 4761 
0
2275 3950 
5456 
3262 
4327 
1718 3566 
2309 
0
0
0
0
3380 4617 5484 
2694 2890 5601 
0
0
0
3908 
0
0
291 
0
0
5592 
158 2688 3945 
0
5184 
3719 3912 
0
849 
19 4297 
68 4382 
2117 3996 
2411 
2064 3971 
0
0
1490 2725 4321 
191 218 3763 
3367 3733 
1172 3195 5176 
3874 
455 
0
0
0
2509 4934 
5519 
4204 
0
1440 1793 
0
0
5696 
821 
2035 
0
1919 
611 
4953 
2192 
4092 
5360 
0
0
0
2289 4231 4885 5563 
3156 4901 
0
466 4479 5943 
0
0
1310 4057 
0
0
2785 
0
0
847 
1057 1059 
1724 
0
0
0
0
225 3125 
0
1764 
730 
5147 
518 
3683 5458 
0
2961 3241 4459 5834 
4560 
0
4238 
5399 
2397 2412 
0
3587 
1065 5616 
0
298 3016 5091 5430 
3353 
0
0
0
3211 
4153 
0
2054 5812 
4792 
2358 
0
1759 4055 4612 5810 
4526 
0
3987 
2020 4070 5260 
0
3779 
4773 
0
884 
0
724 
834 
2780 
975 1523 5823 
0
0
5281 
3844 
0
0
0
3294 4688 
5944 
857 1043 
2359 
745 3880 
0
0
3673 
5416 
0
0
0
0
753 3540 
2874 
0
0
0
4210 
3690 
341 707 4005 4791 
0
1735 1955 
1427 1964 4217 
3116 
0
0
0
0
5054 
2283 5646 
1328 3563 
4522 
310 2719 
1695 3544 
585 
1269 4979 
0
0
0
0
0
0
0
235 
2714 
0
0
0
3630 
1110 
5680 
5504 
1141 
940 
2015 
3701 
449 1736 3025 3940 4401 5178 
0
0
892 1354 3226 
749 2395 5706 5798 
0
2657 
0
3078 
0
0
1504 2957 
0
0
0
1581 2037 
0
0
4585 5677 
0
0
4384 
3618 
4 4597 
2672 4741 
5065 
0
4342 4920 
1117 2386 
5052 
5288 
483 3834 
4042 
0
0
877 
0
0
3806 
5867 
3050 
0
0
0
1293 
0
5438 
0
0
0
0
0
0
0
3766 
1249 
5180 
974 3753 5937 
0
3089 
0
851 2372 
0
0
573 1478 1714 1990 3442 
0
5432 
144 
0
3430 3468 3770 5245 
0
1643 3321 
5811 
1199 
831 
3538 4892 
0
4494 
2788 5089 
941 4134 
0
1383 
0
0
1831 
2652 4214 
2686 
3391 5270 
378 
1463 
2668 
0
1134 1980 
1204 2660 
0
2288 2400 4941 5112 
0
309 
0
375 3229 3804 
2772 
2079 
1332 
0
2126 3526 
0
2379 
491 
2394 5701 
3953 
3370 5501 
2463 5658 
1867 
0
0
1473 
379 1361 
2701 3508 
0
0
1596 
278 
1405 
2963 
246 3512 
994 3796 
0
0
0
190 1359 
1223 4622 
964 4928 
1909 2344 2876 
1156 2756 
3087 
4758 
0
3565 4749 
0
0
4521 
2348 
1369 
0
1971 2947 
0
0
3723 4087 5207 
0
0
0
0
1452 1541 
5374 
1829 
791 960 4073 4524 
0
2281 
0
0
3163 
2757 2902 
3741 
2980 
206 3409 
2089 
0
0
132 
2628 4900 5651 
1704 3234 
0
0
303 2021 
0
3583 
1825 3872 
5891 
0
0
412 644 
526 
4789 5562 
0
0
715 
0
299 1682 
0
0
208 
3823 
0
0
1300 2326 
2733 
0
1061 
2049 4531 
4356 5800 
0
1312 2779 
0
1537 
0
4653 
1642 5097 
0
4713 
0
3012 4599 
5007 5122 
2018 2927 
0
0
0
961 4894 
2269 5104 
366 2664 
0
0
0
4576 
4071 5900 
0
4338 
2507 3258 5584 
1133 3732 4295 
2350 3002 5746 
1893 4023 
0
1738 
0
2265 
5654 
4962 
252 
726 910 5411 
4097 
0
0
0
0
0
0
4827 
0
1025 
3749 4966 5118 5278 
0
4955 
1437 
0
1507 1871 2677 5732 
0
4004 
0
0
0
2369 
5819 
0
4607 5495 5767 5817 
0
1031 4025 5927 
0
137 
3001 4465 
2424 3898 
2050 
1488 4366 
272 
0
0
2125 
0
3595 
2576 3065 4043 
5558 
3079 5820 
0
1263 2232 3309 5304 
2873 
2769 2841 5496 
32 2746 4714 
0
3947 
0
0
1289 2819 
0
3640 
845 
0
887 1786 4337 4972 
0
5095 
0
1407 2698 
4755 5020 
5476 
0
0
0
0
0
0
605 
2566 
0
3522 
0
2793 
1487 1837 
3054 
0
908 3680 5879 
670 
2377 2670 
0
0
0
873 
824 4152 
4221 
1894 4835 
3682 
0
0
0
4501 5861 
3937 5391 
0
2999 
0
2512 
490 1503 4696 
0
2162 4945 
2322 
878 2981 
0
0
0
82 3533 3625 
0
3503 
3077 4986 
0
5940 
0
1206 
2641 
3086 5213 
0
1808 2441 
864 1386 2048 5418 5527 
4633 
0
5784 
0
0
0
220 1013 1622 5378 
0
3718 
0
2027 3267 
0
0
314 1373 2544 
0
0
0
3946 
467 
293 2448 
4628 
0
0
336 
3845 4678 
0
0
48 5262 
0
4719 
0
2012 5013 
0
0
780 
0
0
0
4882 
0
0
0
287 
0
0
0
993 5267 5807 
0
3784 
0
0
630 4652 
1775 2880 
0
1593 
913 2178 4776 
4851 
410 5593 
4732 
5380 
0
1409 2594 
2094 
1635 
0
0
0
3301 5627 
0
2446 3437 
0
0
0
0
1258 
2302 2514 2778 4219 
3 3918 
164 1442 4206 
1209 1515 1679 4586 
0
0
0
0
2101 2305 5756 
0
5437 
0
5554 
4063 
2061 4015 
855 
1913 
0
0
0
5727 
0
599 4854 
215 
5761 
3649 
4244 5067 
4112 
2868 3576 
0
34 
980 
1207 
3266 5603 
626 
5110 
1330 2175 
0
2905 
1977 
3697 
2255 
0
0
0
0
0
2984 
0
657 714 4768 
1146 
1393 3111 
1896 2219 3479 5059 
433 
881 1084 3786 
0
0
5671 
4573 
4497 5852 
0
0
3591 4354 4361 
2194 
636 2043 3397 
5923 
0
0
0
0
2603 3297 3743 
0
1272 3830 
3052 
5042 
1739 
826 
1827 2922 
0
0
0
0
4343 
1325 1561 
1659 3709 
1481 
5231 
127 3396 3674 4388 5439 
6 
5223 
0
90 1651 5467 
0
0
0
1574 1815 
0
0
0
0
0
0
0
384 
0
584 
0
172 
4949 
3236 3303 5753 
3191 
31 
116 290 1982 5642 
0
688 2818 5599 
0
0
2218 
0
0
1406 1882 
0
2470 4191 
1832 3657 
275 
0
882 
0
0
2555 
5170 
0
0
2869 4640 
1729 2453 2730 5788 
1074 5744 
183 5393 
0
5444 5954 
3943 
0
4012 4072 
0
5187 5606 
170 5828 
0
0
0
0
0
0
1884 4764 
0
1137 
128 
2118 3825 5410 
570 924 1355 2972 4378 5074 
3083 
736 
903 
2229 
0
639 
3564 5269 
257 2349 4262 
1972 
1628 
0
5328 
0
3570 
2619 5372 5857 
2953 
0
1145 
0
969 
2085 3400 
3828 
0
4484 
0
1588 4179 4905 5545 
0
199 1904 5087 
0
0
703 1020 3256 5159 
4168 5667 
3579 
0
0
43 
1752 
0
4908 
1324 
0
0
222 5644 
875 
4720 
944 
0
2480 
5394 
0
3645 
1957 
0
471 
0
2602 
0
0
3206 
0
0
1001 
1673 
5030 5286 5741 
539 2474 
2748 4523 
0
0
790 891 2406 
3385 3586 
0
5409 
4165 
4426 
5354 
5016 
0
3343 
600 4223 4298 
2976 
3352 
0
0
0
0
0
0
1687 4848 
14 3488 5387 
0
5172 
477 3552 
3228 4380 4437 
0
5249 
1876 2846 3603 
2585 
0
2442 
3291 
2835 3398 4468 
4944 
41 760 2418 3666 
923 
3260 3626 
0
0
1254 
0
0
2006 2573 
1892 2968 3551 
0
2409 
3886 
3669 3840 
667 5832 
130 
0
0
2189 
2087 
0
0
0
323 788 
546 3827 5003 
5133 5152 
4611 
0
962 
1426 2245 4019 
0
861 
0
0
0
3315 3548 
0
4466 
4807 
0
2023 
0
3473 5212 
0
1699 
0
5827 
3782 5536 
0
705 5792 
4222 4551 
448 470 3623 
0
2196 
1985 2634 
4879 5342 
0
0
3410 
3237 5325 
0
1180 
0
3722 
2527 4325 
0
0
213 673 4093 4850 5794 
0
0
3374 4907 
0
0
0
1105 2764 
4323 
0
1170 2720 
0
3102 
947 
72 95 5664 
5353 
0
3259 5924 
2601 
0
0
0
0
0
5261 
2307 4410 
729 
0
5500 
4108 4516 5050 
981 4874 
4549 
2456 
2256 3154 3295 3892 
0
982 2311 4650 
3240 
0
5398 
520 
0
168 
0
3867 5256 
0
0
4220 
3778 
0
2884 
2097 
4596 
0
3369 
0
2384 2469 
3794 
3888 4144 
967 
0
37 
0
561 3274 
0
0
0
2636 4675 
1475 2231 3793 4277 5109 
5200 
0
0
0
3605 3664 4685 
2339 
0
0
0
1944 3917 
3897 
3658 
0
1227 3979 
0
0
0
2290 
0
2941 3184 
0
2127 
619 
1173 
0
5323 
2188 
4654 5821 
0
4370 
5201 
2011 2859 4895 
536 1045 2143 
4804 
0
0
4449 
701 
1162 2723 5639 
2426 
195 1368 
2526 4582 
4328 
0
2207 3179 4198 
0
2131 
5632 
0
0
2375 
2461 4456 5124 
0
3390 
2267 3082 
0
0
4645 
0
0
5308 
5336 
1422 3641 
3795 4346 
3127 
0
0
54 277 3877 4122 
4158 5321 
0
1616 5079 
4917 
0
0
0
0
0
478 
2728 4319 
0
0
0
0
5078 
2147 
1464 1806 
2057 2404 2697 
1605 2445 3863 
0
0
1621 5825 
2828 2978 5640 
0
1655 
2112 4052 5508 
2333 
0
1211 
338 3702 
3251 5056 
119 
0
1885 3699 4390 
0
0
2797 2854 4865 
0
0
1833 
4813 
0
888 5306 
4402 
4104 
0
3496 
1164 
3816 
3478 
0
3589 
0
3772 4105 
1030 1093 1819 4383 
5674 
1899 3667 4689 4897 
0
0
0
1932 5789 
0
532 
2800 
0
0
0
3139 3324 4676 
1063 
0
0
5720 
0
0
0
0
0
221 1028 1489 4028 
0
2790 
2264 4563 
1135 1946 5203 5700 
3758 
3095 4478 
4193 
4013 
2376 
0
3787 
0
0
950 
2294 
4088 
489 2357 
1401 
0
0
98 2767 
0
121 4066 
5917 
1510 
234 5768 5855 
1676 1820 1959 
2450 
426 3387 
0
29 1236 
747 3819 
0
0
39 973 
615 4515 5216 
0
3598 4374 5948 
3628 
1024 
1789 
0
0
4008 
2659 
0
986 1566 4421 5517 
1726 5383 
0
3767 4189 
2959 4016 
1351 
285 5549 
2398 
3870 5581 
0
0
0
5628 
3771 
0
0
1125 
1000 
0
0
0
0
4002 
3018 3333 5747 
0
0
0
0
1767 
0
0
0
0
1078 
734 5041 
3159 
0
101 3383 4842 
387 1586 4439 
0
0
2428 2444 
5723 
0
0
3592 
4425 
0
3935 
0
0
0
832 1127 
5371 5505 5863 
0
1364 3727 5950 
3524 
3348 3514 
0
1753 5851 
663 4802 
2529 3342 3553 4553 
0
2651 
420 1933 2419 5882 
0
1307 2124 3120 
1144 
0
0
4335 4826 5699 
5125 
4872 
0
0
0
1781 3536 
0
0
0
150 
3351 
4371 
0
343 949 3506 4260 
3455 
837 
608 
0
1210 4069 
350 2010 
0
535 972 4673 
0
0
4329 
0
5569 
129 4795 
3847 5316 
2996 
0
0
0
3894 4447 4666 
0
0
3005 5222 
1175 1665 
0
369 2436 3471 
1538 
0
0
2388 
2352 
0
2238 4285 
0
0
4233 
5585 
2658 3558 4833 
416 
1085 1953 4816 
4695 
0
558 866 2329 
0
0
0
5608 
2971 
1252 3547 
1978 4001 
0
473 642 1618 1709 
0
5344 
0
24 1451 4698 
5274 
1680 1921 3243 
0
3941 
4096 
1571 2259 
0
2464 
0
5076 5875 
0
148 568 811 
0
0
0
468 1428 2226 2242 
652 
178 1765 2046 
5317 
2810 4138 5507 
0
0
2568 5597 
0
5415 
112 4427 
533 1018 4471 
0
0
3839 
33 1392 1822 5040 
0
0
0
3043 
1124 2870 
1248 
3393 
157 1800 3494 
2489 
0
0
368 4178 4433 
4735 
0
722 2280 2739 3780 5544 
3882 5164 
1779 
2643 
0
4742 
0
883 
4881 
4626 
0
5138 
0
3789 
0
1471 2114 
5704 
2888 
1657 3652 
710 2356 
5959 
4048 
0
0
0
5310 
0
3223 
702 2632 3118 5060 
2415 3421 3459 3516 4237 
0
4823 
1858 
0
0
0
1447 
0
0
4959 
3905 
3119 3790 
2533 
709 1345 
0
3308 
0
2454 
0
147 4733 5780 
411 
1863 4283 
1228 2366 4194 
0
0
0
0
2291 2572 
1333 1385 2705 
5689 
1828 2995 
0
0
0
0
3268 
352 419 5327 5468 
0
4570 
0
464 
2782 3107 4809 
2907 3613 3643 
0
4027 4308 4499 
498 1965 2815 4131 4590 
0
0
0
59 
63 
0
0
1740 2852 
2948 3448 
0
2145 4530 5137 
3157 
571 1190 1198 
0
0
5931 
0
0
0
2065 
1493 
4431 
0
2430 
835 4589 
1797 2389 4441 
5287 
846 
1864 
3515 3675 
0
0
0
3875 
4910 
0
0
4911 
1286 
5712 
0
2109 
2718 
740 1218 3805 
17 2274 2936 4050 
229 
725 1472 
2001 
3993 
192 506 
0
0
1421 1550 3147 
0
2055 
4451 
0
1520 
1890 3578 5848 
3136 
5913 
0
0
4527 
0
0
292 
3019 3435 
510 
0
5872 
0
0
0
0
0
3687 
5303 
0
0
1304 
0
3042 
4282 5119 
0
0
0
0
1556 
2017 4130 
0
0
0
0
2745 5643 
0
1240 2128 5618 
0
1484 
5045 
2452 4253 5154 
1646 
522 
0
502 4836 
331 
1255 
1483 5520 
0
0
2939 
0
0
602 1796 4984 
595 
1991 
1886 
4078 
1348 
0
3706 
176 2483 
5661 
1050 
401 1122 
1830 3247 
0
1553 
1968 2460 5858 
3871 
0
0
1203 2684 3151 
0
0
0
1459 2738 4218 
0
1702 
0
3445 3604 
79 685 
1140 4491 5764 
0
524 3560 4925 5688 
635 3033 
1306 
513 2760 2840 
2191 
1347 5873 
1811 
0
1632 
4226 
1638 2476 2617 
555 1410 1547 
3519 
0
0
5847 
507 
0
830 4344 4365 
223 
239 2347 
0
0
1053 
3792 
5424 
0
0
5296 
4310 
0
4794 
0
0
4137 
1908 
0
0
0
0
0
617 
0
2092 
666 952 5766 
486 
16 5198 
4166 5049 
0
0
2943 5450 
0
5219 
217 3000 
441 5836 
5469 
3581 
5809 
1008 1950 3736 5365 
2856 2956 3476 
4542 
0
0
3155 
597 
1297 5543 
0
0
2227 
0
0
0
2096 
5179 
1404 2606 2759 4575 
1495 
4341 4364 4981 
2300 
530 3361 
3933 
3345 4919 
3220 3230 
4778 5459 
0
0
1641 4927 
5014 
2707 5382 
3440 
0
515 
0
989 1776 
380 3392 4038 5077 
2546 
4692 
804 
4844 4873 5297 
4587 
240 5307 
0
0
2133 5129 
2820 
1845 
3785 5822 
0
1278 1466 2222 2579 
4785 
0
1653 1809 2762 
946 
1992 
0
4624 
638 4864 
0
104 591 3541 4175 
653 4151 4968 
0
5330 
0
1217 1601 
4463 5779 
3777 4397 
2687 3638 
1069 1326 1529 2851 5000 
0
5113 
2587 3196 5773 
3647 4769 
2303 4215 
0
296 4065 
0
704 
5173 
0
1448 
0
0
2801 
5540 5850 
0
0
1161 
0
0
0
0
3340 
0
1997 3853 
0
242 
0
3222 
0
942 
0
5033 
778 
0
2007 
1794 1834 4477 
0
0
0
3797 
5019 5898 
0
2199 
0
3952 4581 
3394 5860 
1362 2715 
0
143 916 3715 4311 5883 
1746 
672 
3338 
5530 
0
0
0
2770 
376 
809 1502 
0
1671 5550 
0
0
3788 
356 538 
0
5474 
0
3198 
5300 
5166 
4024 
1035 5512 
0
0
774 894 
0
179 
0
2083 
3080 5953 
0
0
2826 5526 
0
2304 4834 
0
4932 5614 
0
1094 4638 4994 
771 
0
0
0
0
3685 
0
2233 3820 
0
2364 4771 
0
0
836 
0
373 3149 5268 
0
5578 
0
1785 
0
2158 
1895 
1092 
4340 
0
727 2912 3146 
0
0
3762 
2141 3461 
662 2919 
3939 5006 
1380 
460 
4681 
0
3775 5877 
4162 
2838 
0
0
0
4992 
1880 
10 
276 3873 
431 
1415 4159 
1340 
0
1534 1626 4273 
0
0
1098 3021 
0
496 5662 
488 
0
0
1185 2155 2392 
0
3041 
0
0
4060 5161 
1434 
3923 
0
4007 
311 5553 
0
0
4452 
396 1681 2119 4332 
1365 4304 4806 
921 5359 
1942 
5232 
569 
0
0
5574 
0
2063 
2952 
355 2541 4896 
1283 
4034 
4485 
0
2090 
0
0
0
0
0
0
1029 
0
4275 5386 
405 
0
2371 
0
4368 5844 
1598 5818 
0
1391 3949 
0
0
0
0
0
4349 
120 
0
0
0
2179 4691 
3069 
0
4228 5199 
0
0
0
0
1168 2942 3255 
0
1219 3997 5846 
0
904 1056 4224 5839 
0
0
2808 
398 582 912 2299 3066 
0
2249 
4737 
0
5887 
0
0
0
0
0
2567 4866 
0
1748 3569 
3978 
1975 3290 4006 4647 4906 4997 
5001 
0
0
2091 
0
0
58 
0
3731 
1086 
5337 
0
0
3088 
0
604 
0
0
1634 3713 
80 671 1177 5572 5737 
2591 
3341 
5189 
769 787 
0
1558 2082 
5058 
572 5114 
1711 3173 
1664 2203 
3599 
388 2534 3534 4669 
38 551 2331 3201 3895 
15 2747 5518 
211 885 3365 3728 
0
2260 5134 
0
0
228 
0
0
4155 
295 
983 
2925 
2328 
997 4745 
1238 
0
3585 5673 
344 
0
728 2877 2897 4445 
0
0
3642 
4029 
453 4754 
0
3774 
0
1614 4074 
305 1076 3355 5826 
2893 4775 4817 4838 
1317 
0
748 2614 
0
308 
2042 4436 5775 
0
4825 
2537 3140 5018 
813 2451 
0
0
0
0
1783 2752 2829 
232 
4798 5804 
0
0
0
97 
359 746 1565 1856 2072 
0
365 5408 
5471 
0
2244 5748 
0
4404 5429 
1731 
0
0
2595 
0
5876 
0
3098 5206 
107 1022 4119 5853 
227 
0
3249 
1342 3721 
2867 
4276 
1396 
0
1187 1715 4199 
1853 3011 
2421 
0
0
0
0
333 1023 1686 1998 
0
0
0
4693 
2113 
0
2836 
0
2106 5724 
450 4352 
0
0
3929 
5400 
0
0
0
825 3248 5044 
0
0
1943 3535 
0
3577 4502 
0
0
3028 4613 4939 5240 
1802 
1835 
0
321 
1413 
501 5749 
0
2540 3644 3648 5151 
970 
0
5802 
0
624 2635 5021 5346 
5174 
0
1688 
122 1193 2613 5252 
874 5422 
1138 
2562 
4169 
2176 3906 5480 
721 4535 5830 
922 
0
2014 2703 
1768 
0
5874 
0
0
0
0
0
86 1082 4952 
4686 5586 
1940 3773 
154 
0
614 955 2865 3265 3703 
0
1320 
1967 2592 
0
0
0
0
0
712 1750 
0
0
0
1097 4457 5626 
750 
155 
189 
0
1889 
4648 5025 
3031 
0
792 
4312 5895 
381 499 1716 3921 
1126 1629 3896 
683 
4987 
706 
3854 4396 
0
2088 4957 
36 1619 
0
184 
134 1202 3744 
0
2518 
0
0
347 5029 5925 
553 3371 3842 
2030 
3974 
0
0
0
4574 
0
0
5559 
69 1517 2116 
0
0
0
0
0
0
5355 5478 
0
0
0
5135 
0
1703 5829 
0
0
0
3883 4143 
3051 
0
139 503 4631 
0
4473 4989 5731 
965 
956 
0
0
1149 1239 2693 
4351 
735 2211 2230 2362 4440 
0
2844 
880 
2327 2695 
807 4288 
4109 
1366 
801 
25 
0
0
1443 5797 
3419 
0
2391 
3293 
0
0
1769 
0
0
89 
1691 
2550 3320 4101 4511 
204 4415 
4736 
1540 
1450 5247 
0
1725 
540 2681 5102 
761 3386 
0
2553 2878 
5713 
0
0
1316 1839 2896 
1322 
0
593 3063 3915 5452 
3275 
0
1874 
5697 
0
0
0
0
0
0
0
3115 5843 
4890 
816 
4309 
447 
485 1458 3458 5668 5926 
0
1077 1414 
4185 
1734 3477 
4926 
0
0
2029 4690 
0
0
133 
1350 1983 4207 
4969 
0
5195 
4225 
1843 3655 
5319 
0
0
1 2314 2520 5092 
0
2220 
0
0
4216 5488 
3284 
62 351 743 2151 5596 
2025 2501 
0
789 3286 
2637 
0
2193 
4655 
623 3755 
2930 
0
0
5142 
0
0
0
304 1002 2700 3221 
386 
3306 5460 5881 
2152 4492 
1633 
3684 
2484 3567 
1492 
0
0
4744 
0
0
2135 
0
5402 
0
2504 
0
3113 
0
0
0
2285 4810 
5752 
0
676 
587 2342 3890 
0
2321 4195 
0
2644 2787 
0
4541 
0
1384 
579 
918 5057 
0
11 2940 
0
0
2982 5202 
0
1192 
1594 
0
0
4256 
716 
815 
1294 2666 4461 
0
2794 
0
938 
5279 
1926 
2278 
4103 5533 
264 4391 
0
312 2186 
0
0
698 1046 
3038 5443 5590 
803 2482 5908 
4504 
0
3729 5156 
428 
1420 
0
3276 5806 
0
3925 
0
3420 
0
0
0
0
0
2293 
2993 4372 
5032 
0
4546 
0
650 4658 
718 934 
0
0
152 
0
0
0
1229 3593 5313 
0
1279 
0
2749 
4486 
0
362 1119 4242 
1083 
0
0
0
5600 
1512 
0
0
288 4578 
5622 
4656 5742 
0
1742 
2845 
4213 5808 5884 
0
0
0
1685 2596 5915 
5182 
0
3117 
2654 3280 
3121 
4085 
0
0
1644 3557 
1314 4291 5541 
1766 
0
2434 5722 
2879 5457 
0
0
896 
2068 2862 
0
0
3177 
0
0
505 
0
0
925 2273 3975 4476 
0
0
3217 
0
1113 
0
0
4520 
0
103 
5957 
0
2740 2899 4796 
0
4664 5005 
1052 2655 3464 
1612 3962 
0
0
1208 4147 
0
0
2036 
0
1067 
5745 
0
1549 1663 4315 
106 361 1243 
0
5291 
0
2593 3427 
4636 5617 
2985 
528 3426 3720 3884 4182 
0
0
2316 2361 2926 
2938 3399 5145 
5880 
3020 
4080 5177 
4805 
818 1577 2822 
0
0
3889 
0
901 1184 5265 
0
5666 
1528 
0
1319 
5546 
0
2886 
0
5442 
5856 
2935 
1761 3395 4545 5225 
1706 3622 
542 1966 
0
0
0
5349 5587 
0
742 2466 
55 1419 2312 2623 3815 3986 4020 
2861 3710 4649 4938 
4970 
230 4821 
3317 
1071 
609 
1142 
0
2383 
0
3851 
0
0
0
0
4540 
0
1157 4784 
1587 
0
0
0
0
0
0
492 5763 
0
0
3180 
5630 
4392 
93 
0
0
0
3909 
2813 
5085 
0
0
0
699 3672 5613 
2413 2804 3769 
0
3539 
0
0
0
2771 
5684 
0
418 1583 1620 
0
2279 3279 3973 4855 
0
5022 
0
4663 
0
2858 
0
0
1693 3621 4670 
606 637 1737 4909 5903 
2987 4300 
3112 5295 
2499 
81 3060 
0
0
5370 
5726 
1468 4075 5015 
1787 2396 3801 
1791 
0
266 2346 3528 
2163 5333 
3408 
2847 5939 
2667 4030 
0
0
0
1101 
0
1911 2724 
0
1723 
900 2561 3807 
0
860 3505 4045 4460 
0
0
5233 
0
1555 
1850 2965 3422 4568 
3199 
0
977 1818 2913 4011 5237 
954 2257 
0
0
3716 
5462 5921 
694 
4120 
5652 
988 
2298 
3456 5936 
0
391 2900 5326 
0
5717 
4026 
0
0
0
1257 2336 
0
279 5716 
3571 5069 5435 
5894 
2933 
0
4608 4971 
4435 
4212 
0
0
0
2403 
625 5345 
0
4480 
0
4708 
618 
187 
0
1654 
4734 
5870 
73 315 
723 1292 
2052 
5947 
0
1842 
3550 
2250 
0
0
1009 5197 
3466 5854 
0
0
2282 5017 
482 
631 1721 4448 
1717 2932 4843 
1399 
3334 
1798 
0
0
3691 
2565 5929 
3493 
2914 
1584 
0
0
3134 
500 4556 
201 1147 
0
0
798 4127 4243 
0
2894 
0
3821 3887 5293 
544 1645 1906 5086 
819 3484 
0
0
0
674 3160 3627 4236 5566 
643 2197 2216 4347 
2161 2465 3090 
0
0
4056 
3556 3695 
0
4032 
0
0
0
1095 3860 
0
3188 
1600 
686 869 
3527 5482 
0
0
2157 2612 3261 
5902 
0
3472 4303 
3661 5634 5714 
2889 4406 4443 
0
4880 5494 
1418 5038 5624 
0
2148 2214 
620 1812 
1007 2134 5966 
2816 3606 3983 
0
0
4174 
0
0
30 
3296 5362 
0
0
0
852 
2737 3982 
0
1233 
1114 1661 
5560 
0
0
3336 5209 
0
3218 
4132 4705 
84 2918 5271 
5 4849 
0
3724 
1371 4914 
3219 
2768 5357 
0
580 
0
0
367 1048 1377 4711 
1532 2205 
3388 
4324 
0
0
2699 
2958 
0
2142 2761 4552 
203 2410 
4839 
2210 2807 3510 
3022 
1123 3708 5871 
0
1189 
0
1939 5417 
4630 
3611 5893 
2857 
5961 
0
1111 1178 2712 4808 
3004 
2519 
0
3848 
395 3047 5083 
0
1662 3928 5039 
4564 
1165 3859 
260 1999 4124 
0
0
577 4859 
0
3314 
4046 
0
5128 
1501 
0
1719 3580 
3310 5864 
2224 
2676 5143 
0
1508 
3144 
0
476 
4047 
563 3467 
0
2786 
2032 
1570 3600 5257 
0
2521 
0
0
3186 
4362 5679 
4726 4960 
0
1375 
417 
0
4082 5220 
0
1280 
0
2373 
46 
430 4326 
4334 
4089 5958 
1836 4270 4946 
0
2803 4481 
0
0
0
0
169 2246 2317 
3407 
0
0
4709 
4699 
262 302 2516 3878 
576 
5292 
3193 
547 5294 
2903 
0
1494 
0
0
0
3651 
0
5633 
4584 5026 
0
1469 2247 
897 2522 5126 5392 
5580 
0
2783 
35 1675 2443 5907 
5620 
0
2741 3318 
3588 
193 3490 
0
377 394 3209 5068 
3013 
3679 
214 2616 
4146 5941 
4081 
2433 
1290 3072 
0
1051 
27 1498 2709 3214 
0
212 1522 1611 
0
0
1234 5149 
268 2505 
0
61 185 
202 
1799 
267 
4510 
5485 
680 
2468 
0
280 920 3238 4609 
0
1854 3170 
794 4180 
1770 4562 
465 
4068 5239 5719 
1934 2574 
2548 2850 4475 
0
5103 
0
5106 
0
0
545 1096 
0
0
1358 5332 
0
0
906 2140 5604 
332 871 3281 5115 
5625 
2871 
0
0
640 
0
94 3985 5774 
0
5497 
0
779 3418 4021 
0
2906 3382 
2059 5368 
2107 
142 2898 5571 
0
5582 5631 
0
0
0
0
4566 
42 
0
2164 
0
1708 1878 5272 
0
0
0
247 
1887 5131 
0
346 4783 5384 
4413 
3428 3499 
0
317 
2462 4416 
0
0
0
3656 3711 
0
0
0
0
4902 
329 
2763 
0
0
5904 
1389 
5837 
0
0
0
1148 3323 3357 
3299 
784 1928 4860 5653 
731 
0
0
1751 
833 
0
2951 5259 
848 5557 
4954 
525 4878 
0
1743 2167 2286 2989 3615 
675 1049 2002 
0
3181 3995 
2477 4186 
5605 
1511 4202 4428 
1103 3489 4086 
0
1730 3910 
0
0
2753 
3868 
4757 
0
0
0
1491 2047 
2 3131 
0
2213 
3811 
0
0
4569 5204 5241 
0
1250 4187 4916 
932 
5289 
0
0
1875 2983 5338 
0
4438 
1525 
469 475 777 1774 4381 
399 2735 
0
1436 4031 4840 5348 
2988 
0
2817 
494 3344 
1412 
3639 5048 
0
125 1402 4614 
2532 5108 
0
755 978 5100 
2713 
0
0
5277 
0
1337 3424 
732 
0
2292 
76 1918 5583 
4964 
0
0
0
4721 
1011 3712 
1036 5509 5905 
0
2675 
0
0
5088 
0
0
1262 3730 4762 
0
1039 3818 5692 
0
0
0
4209 
3635 
1341 1747 1954 3636 5919 
0
0
0
1732 
1988 
1546 
2599 
0
0
0
0
0
4956 
0
0
487 5036 5111 
0
3171 
763 1352 2682 5107 
0
1090 1545 
0
238 3414 
1370 2241 
1674 
1301 
0
0
0
0
300 633 
0
0
2215 3517 4889 
231 
224 929 
3358 5315 
0
0
5347 5878 
0
353 
4740 
4115 
2618 
917 3167 3737 
5475 
0
0
0
0
0
0
1749 
0
0
4331 
3745 5407 5567 
0
4294 
0
438 
2003 4518 
0
313 658 2190 3584 
1916 4876 
3864 5064 5284 
2174 
3183 
1576 
1360 
4098 
0
2923 
0
1683 2911 
0
1222 1431 3968 
0
2154 2631 5542 
0
5350 
0
0
0
196 3760 
0
2177 4513 
0
2625 4279 
0
2552 2795 4014 
0
0
2492 2656 2970 3573 
12 
0
2271 
2313 5258 
3008 5537 
3607 4760 
3142 
0
2332 
4412 
0
3660 
0
0
0
992 
0
1862 
3304 4547 
0
0
1879 
3650 
2287 
0
998 4958 
4933 
0
4837 
1543 5570 
4790 
0
149 4508 
3271 4554 
0
0
0
928 2891 3123 3312 5318 
462 511 2296 
111 931 1840 5477 
843 
0
1159 3084 
0
0
768 2513 
5693 
564 
1089 1315 
4064 4983 
2058 2166 2588 
0
0
0
5234 
2975 
2600 3330 5183 
0
0
0
0
0
0
141 
3740 
2559 5002 
2915 2934 5551 
0
0
1298 3608 
2173 3029 
0
0
0
1560 2721 3359 
0
4037 
4339 4888 5228 
3964 5205 
0
1844 3726 
0
0
0
0
4000 4852 
0
5351 
4422 4558 
0
0
1231 3100 5028 
529 
3231 
1027 
0
0
421 1430 3857 
250 
0
174 659 4625 
0
3475 
647 
2491 
1411 3633 3841 
392 1963 3824 4167 
92 
2038 
2240 5314 
0
0
2881 
2921 
0
552 2254 3108 4241 
0
799 
2543 2855 4674 
822 4184 
0
1191 2638 3305 
4493 5191 
0
590 4400 
0
5796 
0
3791 
0
2560 
2551 
0
0
1445 
0
397 3289 
677 
0
0
2605 
741 2138 
5486 5535 
3135 
0
4594 4923 4936 5334 5522 
0
0
0
5534 
3436 4160 
3545 
1080 3725 4995 
0
3264 4824 
2564 
858 4257 5251 
0
4183 4943 
0
5101 
2039 4731 5516 
0
0
3110 5175 
0
0
3073 3944 4230 
1606 
0
810 
0
2754 3574 4062 
3246 4110 4148 
2139 3568 
0
1343 1700 
0
1486 2821 
393 
5090 
2459 
0
0
1230 
2354 3070 
0
1910 2802 
0
0
0
4841 5869 
0
0
1213 4942 4963 5302 
0
0
3250 4254 
0
711 
1154 
3189 
1309 4211 
1338 
0
1763 4639 
2812 
575 
2170 4975 5123 
0
0
5063 
0
322 
0
0
0
1367 
2481 3085 3109 3619 
60 
4831 
0
1100 1872 
0
1120 
162 258 
2005 2487 5595 
504 1201 2080 3278 
4829 
153 4107 4318 
4877 
4777 
5529 
574 
1195 5208 
2432 5933 
2589 3192 
700 
28 
0
126 
1945 
271 5023 5760 
0
856 990 1652 2689 3936 
0
354 
596 5910 
0
1603 5073 
5447 
0
1446 
0
1559 5215 
1803 3067 4988 
4799 
1936 
0
4646 5573 
1010 
1186 
0
3300 4405 
2198 
655 
0
0
0
0
1838 4126 5072 
0
1727 
0
2258 5465 
5629 
324 4136 4320 5594 
2447 4036 
319 3831 
0
4229 5735 
1423 
4593 
400 
0
4316 
0
2535 4201 
690 1435 1857 
294 
1479 1607 
1813 4643 
2799 
0
1572 
1733 
0
2842 5686 
2704 4355 
1260 
1276 3178 4489 5513 
4766 5598 
0
1034 
0
4539 
1773 
0
0
382 5694 
0
5909 
717 
3207 
0
4846 
5786 
330 3326 
2212 2549 
936 
1647 
770 1923 2708 
3714 
2077 
4141 
1636 2597 4149 
0
45 
668 
0
0
0
2680 
645 
4272 
5577 
1246 5824 
3208 
3631 
2692 5776 
0
3405 4041 
4163 5951 
1225 2252 2609 
145 797 
307 3822 
1516 
1602 
559 1121 4528 
1058 3980 
583 1308 
1454 
0
2649 4707 
2248 
2353 4750 5440 
0
4519 
0
0
0
1754 
1194 4884 
0
0
915 
2732 4263 
2335 3092 
0
0
795 
0
5755 
1444 2402 
0
1055 2067 3768 
1387 2009 
3862 5397 
1551 4170 
2078 
2646 3865 
0
0
3056 
4702 5676 5835 
0
4948 
0
0
4898 
1251 3347 
0
0
4322 
3612 5743 
4387 
0
1143 3075 
7 457 463 3375 
1697 
2365 3991 
4811 
4712 
0
5246 
2969 
0
0
301 2781 
3546 3885 
4534 4767 
0
0
0
0
1274 1790 3362 
0
4550 
175 
357 
0
2524 
692 1713 4345 4634 
245 
5401 
3689 3833 5718 
78 2272 
0
1462 
0
0
0
3329 4386 
2571 
0
2093 
0
1107 
5490 
3402 4996 5710 5778 
2814 
0
3809 5396 
1672 2022 5412 
0
2368 
0
21 4305 
5218 
4317 
1609 5649 
697 
3920 
0
0
0
1438 2608 
1905 4922 5144 
0
0
1044 1099 
2266 
3124 
0
0
0
326 616 985 
0
0
0
3027 3174 
1589 2736 3561 
4488 
0
1268 
3270 
4627 
0
0
0
180 
0
4662 
0
0
0
0
3916 4967 
177 
1898 
2960 
0
0
0
0
4113 
2955 
113 
1948 2253 3316 3460 3783 4830 5922 
1756 
5364 
0
0
0
255 550 
5381 
4271 
0
1318 3624 5236 
3104 
651 3798 
4424 
0
1291 5548 
0
2702 
0
0
0
2081 
0
0
3449 4099 
560 2809 
3734 5084 
372 3053 3288 3761 
4246 
4868 
118 
5275 
0
3026 
1004 1669 2863 4173 5196 
0
1947 
0
719 5153 
286 
1118 
1554 5192 
0
4812 
0
2270 
0
3007 
3537 3955 
814 
5324 
1877 
1003 
3485 
1429 
71 
1457 2834 3015 4095 
0
248 4672 
5043 
2070 5276 
0
1881 
1131 2206 2883 
0
289 1539 
0
3366 3594 5555 
0
0
2685 
0
1771 1951 3751 3932 
4982 
0
0
2493 
0
5803 
5012 
4871 
5358 5503 
0
5952 
0
3954 
0
0
3307 
0
253 1485 
971 
1245 
0
0
1801 2494 2583 
1266 2626 5523 
838 5801 
1846 5169 
0
5479 5609 
840 
65 4727 
1130 
0
2604 
519 
0
1847 
2044 
902 4018 5127 
4588 
0
0
0
363 
0
823 
1568 3363 5565 
0
0
3914 5528 
0
1108 
0
0
963 
0
216 5062 
0
4557 
0
4990 
138 270 1496 1710 2100 3852 5356 
52 3931 
0
865 4061 5105 
2853 3411 
3182 
0
839 
3509 4369 
1580 
0
0
0
0
2946 3105 
0
0
0
0
0
5253 
0
429 2276 4049 
4985 5657 
0
733 
0
0
3253 
1072 2455 
2584 5782 
197 
0
4592 
5813 
0
999 
5758 
817 3959 
796 1040 4252 5783 
0
0
1403 
0
0
442 
0
3529 
5312 
1432 
0
517 2525 
4618 
0
0
776 5754 
4929 5935 
0
2458 4142 
0
0
3532 
244 4704 
1461 
3972 
696 996 
0
0
0
0
0
4067 
2811 
3855 3990 
785 
4832 
0
0
738 3263 
1449 3500 5263 
0
3686 5955 
0
3454 
0
4306 5489 
0
0
77 4893 5729 
0
0
0
0
4077 
870 2776 4268 4739 
0
3555 
1183 
1849 1993 
2473 3663 
2405 5791 
5721 
0
1782 4998 
0
0
0
1930 
0
0
1285 1379 
3742 
345 1346 
4780 
0
0
0
4601 
0
0
56 117 3273 
0
0
0
3465 
5576 
889 
1153 2495 5670 
0
0
0
0
1897 1920 4039 
0
5502 
0
0
943 
0
1848 2910 
613 
0
2665 
2261 3846 
2076 3934 4040 
1303 
812 
1824 
0
0
1215 
74 5938 
3911 
2729 
876 
320 1021 2343 2627 
5431 
3122 4054 
1531 3168 3965 
4278 
0
979 
4487 
0
0
0
0
2297 
1253 3327 3513 
0
3014 3891 
2425 
2931 
521 
5186 
0
0
3239 4753 
534 4035 
0
5619 
0
0
0
4232 
2201 3164 5665 
1070 1860 4076 
0
2743 
0
2407 
1900 2156 
0
0
2607 5506 
3781 4177 
0
0
3401 
0
4128 
2528 4079 5226 
0
0
3093 3838 
0
5376 
0
2929 
0
0
0
0
0
1970 3948 
5602 
454 
3601 4394 
1689 2648 
0
3145 
4694 
4003 
0
5481 
911 2169 
0
2497 
1784 
0
0
0
0
0
0
1949 
2887 
1720 
1197 2040 
0
0
2066 3470 
5405 
0
0
13 3227 4196 
2496 
566 
1226 3194 5461 
0
2683 
0
4770 
0
0
5914 
0
0
527 3254 
1817 
1329 2758 
0
0
4379 
0
440 
123 2731 5230 
5901 
3562 
2734 
2744 2909 3480 4234 
2944 
297 1216 4150 
627 3129 
4462 
0
4722 
0
1104 1259 3469 5663 5805 
1821 
3967 
2750 
4247 
4951 
0
0
3597 
3542 
0
0
0
0
2251 3282 4314 5702 
2360 
2866 
0
3143 3487 
0
0
0
0
4818 
0
1408 1866 2590 3994 4287 
5906 
114 1701 2217 3373 5414 
1902 3518 
1395 
327 
4125 
479 3302 5454 
0
0
3074 3654 5911 
0
2137 2716 5655 
1016 1650 5538 
0
2908 4418 
5419 
2538 5539 
1299 
0
1152 
893 1261 1441 
0
4603 
5211 
2674 
0
5081 5552 
2069 
3451 
708 3531 5322 
0
0
96 1527 
669 693 984 2074 4861 
0
0
2581 
0
0
348 
0
850 4121 
444 541 
1552 2751 
1182 4665 
5148 
1247 1378 
0
0
339 1376 1778 
0
0
0
233 800 
0
0
0
0
4555 4604 
1336 
3704 
948 3452 4682 
0
2945 
0
632 
0
3899 5389 
0
0
3017 
820 1041 4632 5733 
0
2429 
0
3133 4084 
0
2837 2998 
3501 
5751 
3813 
0
0
0
0
0
4615 
0
4677 
0
1615 5385 
2427 3061 4353 
2457 3677 
459 3530 3926 
622 2449 5816 
0
4377 5556 
0
439 2435 4697 
4274 
3776 4116 
2917 4430 
251 
0
0
3356 
124 
0
3076 
0
3360 
0
0
0
0
0
1331 
0
5588 
0
2104 2717 3903 4133 
3040 
2390 3210 
1851 
3764 
4171 
0
0
0
2669 3403 4044 
0
0
2073 
0
0
2610 
0
0
0
678 
0
0
1613 3700 
2318 3097 4172 
4509 
3670 5610 
1363 
0
0
0
0
5224 
2144 2558 3413 3902 
1518 5703 5862 
1032 2498 4111 
0
0
4801 5309 
516 5511 
4490 5448 
5162 
0
4602 5190 
66 1296 5413 
5070 
0
2916 3272 
3800 
5311 
3431 
0
1062 5781 
0
452 5525 
5685 
2554 5838 
654 3502 
3114 
1482 2185 
1667 
0
115 
4259 
0
3835 
581 
0
589 2041 
1637 
0
3976 
2150 
4870 
0
537 5446 
4248 
4600 
182 
3829 
4937 
0
2422 
2401 
0
0
0
0
2228 
0
0
1987 5647 
660 5750 
0
236 5420 
2071 2223 3549 5466 
0
1321 2099 4414 5093 
853 4264 
3096 
2237 
0
0
0
0
3058 
0
2777 
1273 
1499 
0
0
5918 
70 2966 5591 
0
3311 
0
1986 
1323 3938 
2539 
0
0
0
0
0
1912 
1823 4403 
0
1670 
4591 
0
1171 1668 1979 5635 
0
4961 
0
0
0
0
5888 
0
0
2381 
0
757 
243 2122 2598 
0
3354 3364 5075 5221 
1772 3739 
0
358 
0
404 1938 
2839 5920 
4715 
0
0
3960 5235 
3245 5514 
0
2171 5669 
612 
0
88 
