80415255
214133620
3987504
68632705
14852526
250795289
6214581
339640720
3318355
307248931
18395130
3493110
130956124
4085884
126421296
48955117
37202861
201759024
165452641
9057544
12248412
14400825
169557080
282111080
269803836
111794737
318214383
62097498
29780260
139267702
172775563
429945696
123877575
158887438
43363342
121000274
14817328
14566813
51957858
48723940
169941189
263593221
124916477
97894078
189619040
38391130
18544798
235741294
10715669
74006181
137557596
189383959
97185332
31865476
329754056
24642610
2855269
137285274
117271621
126272935
112092896
114342239
54915330
143999518
313476438
89697174
20035898
380334369
130511150
348531806
31578228
412379505
17842235
131043112
77713386
244090050
52808609
32344652
42923238
229078143
166014295
56881304
22377340
37517915
36145309
276035192
12641566
55546991
317449051
94618050
66587292
229623418
84702389
54150301
327203101
3465130
113314310
41526291
222112437
28390944
10508541
150946776
78749465
70732388
248825565
76614976
114678308
202126188
200966605
285973216
217807022
155838033
76250750
46036929
82623219
59044004
47691871
13732685
53891009
35055802
155048009
130895669
134544894
23498271
26527722
3332803
16588989
129459986
16389111
31039431
107237642
11319686
22770600
44618715
286646298
588546
137791601
243865910
362535062
13318481
282664914
136233536
133839962
188139634
150877699
75353461
5645807
36610986
97961790
171280387
121655006
107399231
56931341
282838868
102465481
238144680
21253353
342010800
79943325
298414602
162331456
1618998
110868106
34750362
25900450
41198658
3633230
31713433
294370880
59175611
20601939
302388682
5949168
24542183
95802152
175574565
22105821
309407625
166356045
1567178
24364145
280074495
19390833
187751332
265434483
122632075
289770596
52251179
99183012
224441856
415226421
416679730
259292729
286615995
64363300
112537204
165126986
346323870
12418745
1161339
144613015
23993922
61353137
126449687
10166571
71255480
116669815
68005331
133658967
33214990
59708581
25922461
95397549
321300849
297112142
233857445
2181526
167845787
5943063
18503868
220250542
230864
297915347
19799644
2268027
117643250
35620568
125616375
55018949
59464109
230480843
411289821
86854
87226857
56756243
17430112
305636202
9861592
4934154
296204930
180974293
368567280
112179880
235351194
27029465
22256780
343600102
88544040
27953284
16245838
260850343
761453
194309881
358306705
7794605
38760951
251192869
116002408
177343619
126918559
65255963
383325284
301549798
67886269
28141171
271295
283934860
38937127
271575415
237760029
171163067
67511928
198831020
13354711
165092164
50656847
2193442
244872951
117555378
108724329
22734616
34484833
23146628
165654059
66671040
39077939
136640825
259015338
2833122
289948600
94209155
110149028
9105778
19909265
102735063
25612208
16603895
126191448
193293781
202863815
235482347
130740639
15271843
161085528
120679447
187864094
16859178
54404789
24934495
122005824
120595047
203961752
1792449
217209497
17426508
183015711
47051075
118802475
19945395
195837535
13553491
68795045
20273624
74664378
341049386
14659569
117098190
118778799
20336371
109908498
83935304
158672719
208702939
45289173
257601745
88437807
96807396
40405971
71243912
8124944
98181004
138920597
82412125
347546959
16317647
7023286
94211072
406075397
211195259
48943114
1521220
13947544
324776475
17828503
48741940
76962478
7118123
55324041
3188035
43916556
250601795
24400612
150220517
102176566
69200958
195945664
81933628
20172025
107144785
146599437
1808445
207772658
254886983
272489802
8617017
77967312
9957909
124564870
55917760
232098119
37447935
29165656
836115
1135638
196452385
95937556
104519403
35928325
70882959
16822983
57508753
344165588
214664657
298628232
38568413
264545170
92467888
227227268
270247261
7365102
30198179
248583
20690918
151348194
126235905
80547359
178156328
211720955
106898871
391065671
40984197
112611266
313001781
39105817
2726877
224281444
164326657
167051503
152634618
53474368
104018040
10796125
77256796
145457777
24999075
28791756
180550756
243112814
46877401
111389996
7104767
40607760
205844333
6675809
106446877
244880459
259289478
204815541
51733136
8137224
50891607
12280589
163557005
43107710
282109278
160406012
202869037
56459580
313310221
181841170
135548466
329530600
15577463
151254789
70954852
69721886
307187853
94446225
75656845
57328390
5949286
43148448
179380172
11359916
4736283
95699841
51492611
40231759
113906922
83311871
200254856
219776568
22379781
60794305
330108660
178868408
205236352
117645492
199817552
30933800
3436360
117288574
140235228
12281078
252518230
212568465
8506771
206174299
55925570
63804734
2608373
117515587
392730355
24069399
56026043
203561049
34606964
127935642
167744500
442804747
128402669
224273999
148758714
198679035
219447344
51066695
77100364
317861814
408999453
60302373
727306
220047569
69283915
406247475
186739879
168705037
176073053
31198772
65605043
129786188
2218661
242305022
14177567
19768804
34350303
202453083
225569775
22078962
54005662
55336477
3963119
5220149
583280
165091891
15843030
343709223
144412389
178790890
937535
11760535
162060872
14038990
246967856
115510706
261895229
66777795
253579809
146776878
124081783
133993791
142712312
14553787
182344882
27317483
12387056
89958519
245019063
237733889
191106587
46861303
141706664
342027029
131351897
8735924
127283083
5988635
76103225
123023800
197724436
47837246
175949280
174342197
277521663
21697365
91228823
54351708
216742071
11198657
331183201
204027053
95253169
411651914
338292090
88621347
458073
557506
96524301
311044433
97677402
91648292
294500524
39792187
92481656
188764978
340753737
211651057
114982710
195298324
67901981
152795473
398551096
78027643
251198532
18380496
52216547
1867664
2617648
39346792
1863733
47728280
41302735
383747489
39082571
56850186
198187825
16076170
327807551
2214518
16692650
2591030
170574600
409230763
362641280
51585173
34429820
56422140
32378908
262950484
335810506
254940697
43986837
144349945
37492349
381767996
44632326
88204857
11757707
3652486
191863663
14612637
190240454
30843305
72300083
14953189
262453577
78547519
75077090
209731274
19876495
317498642
62371467
204476239
98739695
425960357
92806463
115983439
315594498
9084880
134221085
349205084
7519761
140154
91808540
146064312
212328320
273419751
135723972
224706746
335859631
31003422
15516828
163893524
21458027
243987381
91092140
176082652
51745113
300207073
33141114
73610164
72943083
54639111
118581883
49404820
77183131
24778762
122609930
76819926
1021966
50090872
109614975
64296824
53423774
13891712
194078814
4965985
89387481
89345065
122842331
287538267
192495743
176312854
116204818
360140821
380973521
265742626
30810733
136567637
56512310
91851186
223074489
92302749
24111495
39875400
134773166
117834544
26578805
59393705
276216502
29047699
35377377
27412602
26712875
309516189
41682309
123071732
242400827
53851813
143447462
15647854
47323921
80560049
252248302
55136871
44448286
159434270
8459565
53165728
54178
179620555
238562320
63776323
139220072
61778442
71356255
9777640
9853031
159935319
165747768
78108938
187170035
242119087
432216319
71925679
24131350
136984302
314818809
172364824
12899720
148896372
19658751
9845649
280774711
97314154
107347142
58460563
66950576
16442689
74334373
190485139
31732832
76709385
38130969
24088768
70346562
153609523
263007410
191637154
33446764
31491141
232983647
27025858
86096554
100653013
91701386
8481127
169878041
157708911
21614060
87079998
46440760
2375599
21270797
71574806
88426748
494969
166689081
166958562
47276744
131460853
412631415
32777329
5224722
229344274
5876397
80284346
351863196
328654251
126620175
8167608
155934494
56874221
16099390
38502060
58064018
300668711
37255542
55975188
1387507
11653640
163701826
103159503
384188237
62726373
106794361
29954773
62089697
276230306
106341879
133678277
9911558
105818772
247999851
29785136
13138706
272382644
6420800
365905747
464514342
93585425
197882459
33341962
160722591
24721448
138196793
100048750
167973395
251631514
89551922
6069081
20432174
90382495
1968339
3221227
148012072
20602610
27436665
161971946
2883551
39806486
322585896
157528233
14931777
220999792
10264377
290690190
18948117
332429609
31309673
306276950
297016544
68274276
372112505
32388953
234306494
290593323
251195716
5600169
29134193
144460998
96510317
199090323
202885801
334855111
47904813
61319980
145920100
8893533
263619933
170443765
288982186
15445317
264378203
223739780
10303687
79585515
312294481
290561249
216079218
259693769
5305297
189790163
4385508
43450446
123558271
10381671
214723976
132296555
22011020
101424241
190827886
301497525
37200978
36967477
7398877
147716098
9085763
262307298
238980644
64251882
280640029
23233934
53642562
153388817
31887905
32794602
65325134
54535323
102556571
220954484
40815946
57937019
96685
27880529
32939920
115436264
8520939
166228507
40550030
105145328
30905684
156160255
113925258
11001853
2225608
367286608
25274862
54150941
3465854
761809
22823505
138084104
260807005
21570183
12960674
249119745
332139390
19033913
120770739
158398665
296161966
22865812
97223932
43629204
109320759
19043743
260300242
66044043
173754222
202590723
136833302
8607500
91127317
364114719
96550884
38647660
42224760
293143880
19972908
364935772
20929514
185933095
89627095
53575630
82446651
280939337
90002037
155883979
9535921
86677339
59215199
60238693
10636357
118835747
160673302
34896094
64707731
7098142
6794454
13223162
193084274
52824928
86440890
63352554
114081118
167544474
83471066
10604862
127187583
52563
77699192
161444718
269800195
361184644
187387517
265509774
19081402
57768353
10873879
46726582
42518607
81719255
66048180
107568551
60054516
92961755
243788832
311381640
39321252
198042732
110971025
147694003
73034518
43897535
39575265
52899431
41286548
206435027
81044225
60660609
28191776
4123594
128195568
318420875
93033795
206213301
100502631
83406139
47608136
226139464
179722365
68231522
15801400
101506228
54364353
238073735
387686252
121241907
48606877
52632411
71383968
7033930
55495521
80586810
167081118
29772953
126185746
167550767
103495146
179104261
3611443
221490664
176278743
165244359
1758486
97934978
133455206
163128994
18744367
159337891
1666319
84009056
4042027
85843330
11166062
309752044
306297736
53069328
319014150
30988994
72495841
236114943
354237838
60990756
184029707
215347776
67957950
214252292
181152507
246848933
41481743
43937962
8591748
70309365
63841796
35259759
157885390
60080317
423654708
198177
27734065
39294000
103968111
200760401
2189981
49668267
154599910
269610408
305190198
281349547
197828341
133888168
344195858
44482252
135122857
275215654
2726804
19233592
133287882
36571896
51172255
451582
40521904
27708307
63365104
146195848
201394422
139242449
95113507
68846311
165745836
158077491
5929107
123796049
105059899
235785706
78725044
260656294
207444076
13378116
4341048
277976138
103950003
68360282
259621168
97582226
20017391
27222279
192024604
639832
73450320
88709639
7551702
324060469
109894722
23525404
263012810
175637127
110358432
12181248
323985893
259919577
66949498
43509439
264079091
218838051
228925572
9435231
382732127
248185405
275611598
163138926
332200441
20673748
117669805
80635386
120752445
239071617
119604766
2169633
160790672
61294562
192667700
21303583
183088862
102672770
30421377
247804697
4496929
61327442
38361343
17380693
40729457
89630791
22477673
96370913
58738083
273813263
83109333
340691255
5045936
195990148
309756508
162451734
40021860
122475645
173885891
319582664
8998840
88242155
100042290
133145058
186867804
89663486
362239032
52838846
146483806
136810655
41729117
203788866
412753581
282473319
54608155
326061952
41936393
257485408
20887948
59444268
270508008
66500806
12366716
135999182
69678567
1269687
302876040
54385349
1107411
315403392
110404306
36614199
56029965
47760083
313165600
256112707
110818242
89520613
95957774
8641038
123839986
50228410
30722479
95765912
42541121
227209322
3136271
10766144
16334530
1388216
21477869
7957599
186533328
227549694
33195871
262020616
81196508
73164412
154055802
101549772
17171264
106155648
70308110
80451666
907066
122568662
247454389
227512132
156701869
30638448
13749938
70586676
229991938
182868948
106323282
94378643
197077039
27317682
291872023
67211741
13201090
20954738
158367942
47259261
112607830
44422100
2056159
177631790
137256216
35958579
57934266
143895810
106870262
91734527
64553619
247616220
353888827
70726200
72622341
281881091
73565560
7113077
43750212
13050570
121245433
140475946
23695827
105045388
78264163
4399490
292815396
139042832
184589247
89858230
368467200
52348233
288358409
109311039
7758726
370287851
17989392
9541573
213085798
114782780
32312911
15111048
230697341
230478292
1559826
38940075
6161802
73976684
86800963
4432569
268684708
24237229
295631536
15581649
192647267
33379835
236011225
185502538
34522428
29040003
60110974
8766151
157933391
164432266
234005986
19096417
298266767
274345266
194573078
38866310
78525640
261450574
74537834
18698591
132107428
69645048
217650866
240577342
13929582
126968172
356667467
86135422
7093020
57898109
121617658
99292450
277336965
44206394
253732876
133699094
295367763
134008831
11016721
5788657
156450072
162221170
175246109
21685515
34740895
190564779
187347630
417878801
196983182
96595988
303437670
146011099
191546370
298506054
24154863
84533276
81843940
237590561
75137850
309363285
19572858
190282863
114006382
216850556
457071340
193537188
91790229
167864193
339076143
101439551
252741150
38204605
208177021
13130755
141866263
192013912
289744114
72870938
155624358
89555110
57772116
1936956
141428738
6919970
39580029
28572196
211273812
307921790
2650703
109417309
211594678
106091055
33023086
1523210
110890959
39289522
2262940
189727588
289292136
77057763
167827676
64692632
224014516
27436541
388058691
221968234
48178083
29791167
54666207
8468619
23321901
1044109
116517217
58909881
225578366
13926390
28942614
56932645
23338748
273306351
105118329
236319
182020784
71549794
311023516
1309276
58699477
72672113
42215952
94497091
63257309
52100858
245461605
356725873
2048003
123673152
241949584
6004716
98557762
38529539
364507665
60780389
43540380
29718313
93025903
1382909
12488522
111757064
136113010
34832760
355128163
65554324
2489026
213990173
15011327
64141799
161571486
141444136
33940347
75109036
74537681
75694970
12770571
321527381
3122331
252986467
16908330
34825408
171473170
128644186
67285081
46101046
5650706
117923337
842252
138454392
375687534
5540947
115490362
94875781
292722293
39308126
164432541
43685322
4568465
59363931
143519650
34254448
56984605
229332624
86088788
266135175
118502997
122501677
12779438
59957942
116293041
280014349
134585524
45940648
53574917
39808267
617313
8762152
161730294
167652841
31980973
345579065
85957106
68637285
189361937
279802202
191483803
191553464
136206826
130208958
11775237
44303275
30094502
163134018
62441329
88087677
385784758
197294227
32008249
51193400
136208612
50705912
76655781
91947682
87668229
303902
126851173
323589595
241043363
3155051
67926215
94051004
203251325
34648669
151115617
94864275
23085669
32182112
103618758
85593238
88111966
11549632
83594620
221447539
86605238
45379894
40932858
35430316
92117481
8352056
13800884
276052463
138070741
195938284
38613296
24972958
65288970
302343556
21118969
78271849
18788236
28232760
218235260
168117295
123680650
132503493
64352123
192754534
113806118
17284960
84387021
10265085
104726846
40371913
6211063
184892403
162072646
20279579
37628926
61441681
43669983
136520805
92266947
245498807
55192967
23115476
12844771
92480345
32577791
95784872
231593899
199538103
57766742
47171435
113569975
68815580
3653945
192262318
39829578
42444925
160809877
258268975
252655782
135211908
20972983
39125260
270462926
1670008
148809664
109910324
35653068
158230494
52992319
444995265
374487855
11709483
241704410
351179732
1747384
253751723
81817955
61730563
46550043
257374998
9291642
69055987
59950833
12537059
18015747
48704300
12365132
116614032
19453897
464804
139902289
320098407
277996676
181495990
195220789
121511445
139299798
44895066
7678498
6697603
218893848
141363755
105314382
149665718
26588538
72200777
6654768
11439840
17940701
11568601
94660411
443011939
280874097
112903825
16358954
15692309
117986519
7819821
69908737
125491359
8995450
218035461
184883071
12721699
431046350
224692063
13284866
130882829
165692342
96381234
101408635
151679536
42067551
126976785
10689693
6942249
248189962
81689144
148827218
4556462
114304485
52556318
75129321
232967922
295901679
55062401
25633277
325585161
13877253
127798503
20026128
37750867
39789148
350264330
94014967
70040259
2966351
74912329
22465861
69976996
52718180
4359936
47410586
352392825
3573742
75164859
64976047
35585161
36631354
144188524
210072939
309907559
230185608
50410877
72025434
320547402
225849260
119957022
93938133
30220008
65613803
296530864
49805267
7087554
63937387
96795485
118058783
37851793
1336120
32099484
61451767
153292696
163027193
134090725
108144134
21499509
9024495
54879016
12015649
271511910
16792835
73422967
6970228
452252542
197330212
206218151
84592225
100659654
167853348
118846798
146562484
19471614
213465941
192154699
41914624
18737138
10278510
315162
19396840
76895208
28241074
315526350
23333674
84465705
106578374
12244643
25501536
53057852
29013631
59840632
7197235
1441505
65667848
71160540
221121750
59973601
175595014
40932469
138783107
14749666
177278814
28923504
171246021
331358306
83604582
92630773
20353659
289691707
85366600
67156511
18112425
107511532
24668420
15901481
84296605
49852077
62782324
14091169
57885575
297873440
112793403
270009586
38758467
222896397
124532030
250905340
71317697
101652384
77461716
97267830
164311581
200489142
20642631
12693314
398383485
56839614
279721962
206135978
97385450
223051287
3497936
81852649
11710514
61239562
293839077
18222636
66032332
64312451
316637381
203158441
319547266
1612843
141394095
234010654
400117979
84866989
157264418
124885010
22413771
180736758
79958669
78092125
18498541
94534487
81094843
48843260
131999876
146968668
126209274
69065384
20975008
730030
191666431
28862434
3782142
64458361
345726932
129635834
384340382
55801297
89635828
11759835
138459393
10620298
43060156
119284125
86742052
30703016
316211586
20104388
231679794
229209584
198964580
68783355
110196251
93903748
80990040
19231812
24075689
226229400
77398444
3451162
161388168
182865717
208916018
7602712
220737603
64823968
4203458
186738295
59282236
269905536
260780553
115062252
206785885
113998242
301132819
134371129
210143266
88279522
14974773
103269164
185561614
57803917
5337435
87680084
168999086
89997184
229114126
137868309
255853
17662930
15109121
15415054
48597787
3780019
15613298
361209709
7325770
51999976
148551088
3860709
278186381
71325770
136332092
217572941
14651228
60031408
22278372
50011133
141989660
222428836
43807375
124903832
17556293
53854721
117915543
4956818
7161124
28507214
21387605
31619312
124708496
27137883
175787457
432347036
352772403
77526419
395889222
35594007
81526086
101692699
16627976
172606099
183494624
1929173
20669391
20467549
263825953
243579792
95306647
39357894
207616739
123944061
14515418
99652102
99540900
56446429
305022792
13037319
13988027
52815959
134633009
2866793
171539392
20785045
13317358
98879333
300684061
154958068
281220841
441288347
61361560
192847297
52609175
194325116
287007336
62248610
34682506
58082393
75218692
225085684
260616035
40095160
46180049
128736661
296571211
148288952
44792529
197990336
900877
227315424
58003115
110051650
26899796
454259948
20237040
879730
30503047
231886440
21848580
6083384
265397331
136647538
18231938
173645209
123155736
138854231
102853023
42565033
284000883
92051885
72688253
72530098
49192941
168347787
35567214
158340053
28004308
170548205
167311558
58436268
1851590
95866460
346572401
14404928
18280932
21080412
173531698
103422371
1490196
171702120
84644744
391567033
44069718
27753858
74085240
30081499
26465393
161397965
136530855
120745256
92618254
285484090
59710819
36514812
404550768
94102124
156300092
28099663
12261419
18741875
21773800
13090526
204160900
9235066
55291645
86208920
78461563
124375549
118035449
6708798
3517368
124568234
208600482
52260322
64787066
130654598
111303589
976637
90202299
12371641
296283801
129692354
57482935
285750947
25108010
123220229
70529541
290703728
39896773
16236950
367245890
76874883
92231378
21076410
303157380
131840216
65467892
165045754
250677469
1127225
255712504
54454698
154426422
181531285
394427
236812149
1160810
40721064
287574871
48502657
123305569
77682999
29038774
32316791
69185561
209084136
54651482
129987863
94126353
143238143
56749152
288588804
312574332
31253564
79942196
41217984
111945304
55507922
6768302
12359213
261315241
197392427
5667698
79810885
77050073
128969814
1872923
43704187
8134465
146193320
16845269
179131076
207345990
83625916
7658164
73466648
56663797
83615087
9594395
13064638
129738411
102090731
297506924
47995310
133031165
268054759
12462654
271778418
170559919
327775212
12893896
60785891
156533382
260165009
79089843
327744931
62944347
34630421
24954666
86957512
275040680
182411198
43997804
118631336
76038030
177819256
309245691
107007288
219045403
33666210
27837532
121631193
3363643
4913038
189697307
332731415
103114620
258744316
137248310
124006188
67596170
209977523
56654477
16103360
110975903
36942033
69734752
116371037
308891012
147959200
7887792
37922544
44521282
61380246
23355015
60643401
160497842
10934386
20323898
66554029
16275202
34463078
197065313
43541057
21895965
2196939
69835343
154909338
102245961
28823074
42528583
9215147
163009503
3435851
19658208
169224531
110009780
76778869
225528758
1953563
35473341
183571188
212720042
302281713
28622579
12626486
138455831
116412260
188775655
179956270
18598110
124705075
10495884
84590883
23472920
2618228
239979105
212417400
206159955
204540589
63380739
55940996
134478635
17583578
254100471
199495691
203402173
24859885
216674322
112693362
395264
219872674
217380865
90415395
142646874
48944211
54068307
66950377
151909341
5255856
208687446
35259649
112574273
15763368
37117188
1036799
54439616
76834223
168193880
8933419
2890246
1455415
336149288
71473068
73123662
273038910
22465621
244721224
149292902
22359441
274389191
158402898
220166875
93130728
58526028
43709448
12039497
181925099
85082199
6431599
385867489
98717781
215151669
282573601
19057694
65578454
23738247
32367247
82092837
244543049
158272247
2927062
28434306
31494058
32593503
410727181
197409658
239132639
24396584
60390718
45721345
133195009
60929519
5176248
38064779
160828788
177576154
90889027
21364176
82871102
111620350
252043293
102888697
4022160
24946552
65576799
162963269
23591221
210540394
112967558
184227160
277476733
144039266
273424884
84023604
30555130
80077144
105510191
94480660
7462535
125424526
11834607
202782536
13745782
21808169
185461267
33682857
37652327
23988257
87377436
104367741
350203124
129549015
96538262
407743220
5926691
8341056
228444153
245224231
287421772
93536806
101594165
91604601
102879641
102608914
154836211
40401538
7199582
141195501
245116590
59495717
223622760
240172172
9223293
307853950
159939777
231536709
132262497
165071000
231902889
116713748
452703
136230002
840554
411704537
297746407
50166114
170783058
321190980
39844298
28499070
24717242
1636248
103012629
18021980
230974397
343415882
14251091
128199657
89895419
103659559
38294665
54041246
55742551
173982521
50218679
123065137
72301682
320374975
220820
50108019
25071473
125187274
236024086
8422504
59283322
346434349
36610060
56138187
2207716
144350785
29580413
16379397
338876364
269111562
58394555
103736228
68585986
275820736
34460916
285877940
1797675
140241623
116994864
19448112
9607626
120720390
146610965
337340316
7799526
30874798
4046286
40793726
14642275
9765606
103649949
304398914
40580552
65811257
606753
17997027
222320073
15954837
16596018
238672490
43429389
37372804
10489085
12794943
14830717
116423513
166352075
139630856
59625661
43498635
37324623
155986706
266669165
266218913
40141645
336333854
42628686
73169825
91562546
45325622
318521453
278720042
308425266
4900771
16186436
75338262
14492063
132259446
260802058
123596521
48715737
130825185
14126263
3878164
21840762
52026318
227314320
28666082
10896375
228654276
33843054
96643182
89597199
72784532
20696088
208942535
325711817
375250815
104085037
12006544
55950910
63476687
116176873
78311940
71266289
377137847
33517001
64860434
136255551
310719697
252094956
11277096
111568031
40784620
31452072
116913567
101318315
349031578
266579611
117367725
244359794
211686936
123408376
19610421
157744490
102837535
179841282
173848632
239793748
168041373
181654991
178416111
1825688
6686160
58700801
9854674
78953108
164458385
178762988
102077692
81124219
273098095
41398400
196430927
214862552
44127774
428729517
264369618
88495853
209507781
131798225
45026996
205973305
86023595
284514461
48022295
13806287
193097515
41161683
82059581
11019935
211766972
110456134
2900821
168491235
169972000
95320205
127873494
305114047
132183269
69259726
135099341
129997206
212890416
152714452
162996489
141195199
132844316
248450835
242039601
6797557
15679482
2847058
240575196
461763548
76160957
115632468
192363437
33822758
5634919
53401289
144517873
31447501
96697043
1507264
2207102
11529472
223786696
24028304
246234641
30859226
57704204
104009512
33323195
150655704
43560300
92777058
100315428
15657450
310409945
45299592
5202128
324367060
349633181
185331689
30632862
104915613
275392223
120798591
121080918
161782521
211383792
144781099
21540338
31413488
7515928
9784514
52178360
26405453
196123619
136065100
138387495
7820968
133358704
258103749
2110555
161059025
52151423
112363762
62092354
381205275
442830181
19225588
25168072
74886698
73697157
35497220
9780049
113694288
123838283
321116111
44939298
56547601
323729927
232163792
30690012
100634396
112926008
233016106
73142665
235721995
207360954
337131422
144996539
7983993
174925832
51887475
95215666
217182295
233447347
210560532
188896301
11194340
66266203
66836766
266875281
62406432
60749391
3143311
199869822
272706601
93656094
411462934
175418521
170774902
6373656
9491295
118343675
87926544
189132945
133798948
259389838
143529
85801115
144952369
104901977
76254978
258111593
282420164
55431468
141601303
10454464
42636474
1701632
216385395
365847834
199883344
77537113
169076393
161445522
205165283
203273560
67258787
300785393
66052834
182176033
157810212
203896130
109905278
286491042
112737617
290321876
369105281
9195676
3423244
7516235
74569626
28292764
21768344
232605151
64648728
206143437
166284221
443789
137327880
57190434
29199197
270277424
272743300
124494161
37370688
264026466
20156797
61329825
104811816
98541200
46990704
117235640
44994806
170208213
265821213
229129632
13005274
16463528
10697554
57602861
298330963
292301387
141757333
19299892
41899910
15099572
15239164
104708151
39103908
237857009
7550696
44707183
239856301
55906653
149395882
316248000
25467108
19341609
46691277
125991197
34820300
301762730
11170595
151286624
245243096
18715475
1404926
63567159
21471206
258965132
79516195
247045524
302397587
359462749
204183002
286177281
15275301
151549731
324909843
62777177
19791499
27223026
73591314
7998394
102524570
199197784
4298544
41320657
104640774
12429563
262486049
7239539
400801946
169797055
145679909
55684022
9845674
241372574
95016383
274706294
236503523
39113731
135551852
150642061
4189029
7772616
227814972
2043416
114764303
14212534
178759241
1508832
310559601
202594586
315248442
130564507
46211913
60756546
334909394
246730456
103736698
32936182
37052764
10166106
9694473
155749975
51142981
196998806
298021640
85752183
283258686
27403808
169552013
99032
184668115
46942230
95689282
114850941
72777575
170726660
172143439
14440333
1881311
16420920
109545618
1127799
41461090
184355700
18439667
151042444
217384811
218190799
124277155
29477003
160680
137895187
278900313
11468947
5682041
197816446
35469758
250589669
334728635
37534857
162611652
103516425
242034097
52869755
11825260
12562812
184332346
342940144
54020128
36746809
69793546
207428934
166580486
5026595
31833797
135741772
17404007
91396569
21445271
47695184
367656798
29867424
57066732
93198478
210435479
147968812
289252749
73266493
165594284
3531134
187203424
250568869
4501450
53666680
239558951
70720154
68978734
99048030
105396664
81564566
7532231
337782302
156850515
109087675
352064
310859585
75800870
222320853
168366436
50721736
188943278
53010948
188092275
109542120
72793720
178354746
109437071
144326610
93243126
4453262
62949709
280912389
239216230
133096490
157481643
5696248
88442534
41010344
154668858
1580453
11942429
387219824
272958518
24612020
232163611
153542273
20077814
159427509
289761553
238185427
35503139
38321126
327567013
220536360
29523723
13327558
423535056
16959426
42093864
86919717
282994820
184298842
48251839
67339454
148802747
294895617
147108215
223713441
83842975
35810594
200995474
53687987
62831711
200373453
3334968
7314800
20243218
101040122
108872233
17590041
103532841
12781037
87859822
91988678
44247016
10324283
135153430
45778993
67393264
201466752
192083012
55226135
113370622
5765378
63185855
80947968
52440045
104261849
331321076
25951136
17746224
259861422
102519303
293772847
12176100
28360276
403250469
125910499
6587052
39953486
209253574
357383330
255493689
134883399
69682801
44815910
109931064
167022748
5466290
7729707
59838722
191530553
169000705
190027581
9894250
129391435
259224867
162234660
78796099
143353459
1075047
20822810
98230678
70720497
138107503
39192150
128748505
30582870
66005094
134333550
96713899
109136223
44561925
79333775
410570357
27813425
169066172
49409340
265936594
260211777
150287066
109199991
17528960
334245639
28517937
47255154
313921376
12496036
198169046
356192815
407921673
1466360
121670587
59624722
30869446
309269302
47498928
25089357
65330406
74852768
24768762
184890201
53045064
21183951
110113380
386303
203243320
151518768
31492123
99547621
47611069
164806636
8865176
207371149
26750823
336794005
144392643
22612617
102698888
173927308
105572900
2048812
5652736
14621759
9967814
18165874
148776288
34299267
18252832
75511397
91032245
270443998
51855219
23365428
166317892
199300824
199803002
5097335
197824372
27835608
8128347
407139057
65981527
169396112
91583833
7491129
124736202
29239461
130382374
134464411
201523339
187409914
163554148
63720608
13892865
56905598
75401215
11608451
62180349
5621853
44241063
39213395
37451779
970719
309391441
8622751
147869986
134547852
62791525
8350296
44737325
37612024
304309005
153833500
53035444
240471084
102904555
45080500
52867949
104387519
65406051
50177603
31108796
39296887
59039573
136664552
76844566
51449348
234856390
228046098
97389572
146927143
89717746
10167374
329004151
57537465
210126737
86145246
215121893
91269673
102899651
9467596
77488188
143175934
321555448
225931222
31361928
4930055
365259144
158521861
138708482
89027632
104014911
240387129
17214068
58393659
53094247
139827514
70535089
4623843
57251196
120271871
33229290
311469607
64345914
350360997
20132815
190606721
55791830
120506713
38079520
5786937
126370206
197528829
361389930
351967789
43429659
398960568
192069974
190085329
47900267
36886802
81959969
1769766
14671029
135235568
2515082
52799165
322196105
119026405
144038575
87902431
65376297
85588870
217563881
303970900
7892356
85383774
77901978
197983351
11276517
262577105
196987209
72146816
173747192
169323354
88674172
145580777
216402804
39036053
349027683
286787449
103753451
135647493
134711633
811194
227376981
180829108
106322727
33311660
19744876
56769607
50468600
5905621
222201097
22104055
135773215
27335309
46131285
270665811
184182771
158821370
118268323
265052
136352100
347202133
52667568
225041058
102872234
137754818
264012636
146728513
32991362
138435761
9688317
8436355
134930146
351552486
235965281
53030459
25118112
28163338
2232027
237307250
87623040
288255073
121587360
9288730
4088235
132561981
144602545
303075757
15032166
8092102
39194937
226854681
27685064
22294311
62503172
207059182
146474845
11809328
312583722
176849828
90663335
80715647
60557069
275258956
239498927
62535944
81782893
209402988
393347452
18757487
9640296
187999357
205313268
272584661
96527008
409536369
350344937
30551591
78097665
181673521
4142754
169664916
125284568
33136009
237171962
137552936
20417143
39408497
198136326
26871078
355210049
145116168
812243
38735511
168942989
15790972
74403736
197270867
135904078
33833536
193469851
381766976
188117820
148634170
282216827
16006347
207697340
90778298
23357872
187316985
17664706
217719734
345637088
17024452
12523813
185702129
17668285
71129107
155075551
72816961
110576657
89114903
36348698
150653688
109297113
46350271
72026274
36176140
14751092
105004030
248384853
61686855
4698833
23341650
168536499
171487729
48248420
30133407
62658848
235625
73865113
22633637
152675464
342524481
99569901
207087805
17995582
245693548
331612865
166286275
201206417
2319800
49095739
5003588
30320234
126656239
3258166
169486450
98393718
337204947
94875000
33654322
145457781
105544705
152767
41225862
5483823
128235342
43472838
20922432
23472516
16209336
135113034
198995696
205417309
33075205
1988049
96451262
19678427
131800176
258733267
397341029
281759201
7657956
93477732
179738103
26418533
39916318
23611648
1578936
325461363
231512706
293818281
10835808
43051809
45251683
218067903
322674902
62871875
138021360
6334502
54376770
415254141
64496037
1437799
97827435
403950402
303162461
127664115
208863863
192680509
360789514
397282373
108058872
62745400
235149907
61630895
23684719
2325495
34183492
334921551
181082235
387846754
45613346
130202113
88841055
104342272
64923805
199469765
187531446
59267388
236583032
23633740
361911600
237978943
30037878
187727939
19780230
273622455
34807056
79044403
64604585
24710296
147117
20788126
4862357
98819205
51506229
103882708
79427054
139417464
86154712
29221939
13370047
10043088
27825489
345245494
11088808
48159029
11033550
73417195
88526024
661819
61654145
476292
232410235
207491840
159097139
198347668
95811494
107137230
186133052
224491188
3332521
191627109
40096283
96714630
307461683
49077716
16213299
8692244
25958469
58245266
124699813
241934093
88250706
215060790
193322934
165797923
164027541
361982607
166064786
147073767
74577539
80134881
110117844
61289288
86522259
95293266
87409798
4209
9559631
173247747
180710474
53730429
23328536
342776865
114677764
162748195
155420057
23715060
60696223
296633295
46206396
81483106
118121169
17553045
118412243
136650469
56336641
5663002
130806261
7754890
224067659
28066925
242608781
185871060
158651374
4746593
43040036
57787062
186168260
17913065
310244806
3043556
10182732
58949684
3427238
292862803
312435382
65897654
378979240
165262929
33074979
174313368
266164203
254363209
14342273
285432856
253908585
449153
293893863
242652188
34530363
136708230
127758416
44050069
8743219
321752578
182557314
25056702
31472844
1918335
14157759
27424210
20476832
137588258
27449893
169797227
101070744
13341066
23528707
45047346
219819976
82686120
84909245
217530358
109787475
2419072
342422763
89178156
40919466
140320188
125577811
222685294
118920383
16749274
256891015
124181324
196183143
67073755
115939599
58159113
57594254
30729
6572418
85031679
275312397
92484005
427408884
474035
16930541
9567422
27052810
32885630
67759230
338806697
86616234
370705243
327129188
136654488
445860595
10342580
84746118
22397078
68749473
328520817
125497574
47607002
121391560
20327677
7860611
20606811
3949006
5229772
76207009
80531430
195370334
167798089
8937946
204565516
146810187
3602021
59597583
133008969
77580725
30423585
297960697
78324719
28219255
99135506
13842400
247715325
67171677
55696191
2341897
108597257
236684290
192736920
129855346
15754772
6158944
29231987
88468152
23905805
130820962
150294649
165368902
275575393
57612559
201892181
146093649
63438220
157929423
131436094
156636192
11575954
281190110
6533953
87429150
198985001
134887227
77185852
51533506
44822729
99010892
29279615
143790522
127355636
92277006
102453596
138150826
200182808
62157275
78469396
78752928
414550399
22476161
318395515
68051986
4426460
31770959
251996929
60635146
363927795
900374
9742473
286706710
109551256
5898527
9943659
108446735
304799985
140763466
96032009
154602260
42462840
213737879
37012530
113504473
2905540
150499750
155045843
127338382
57554066
139943075
20831325
65553600
149719295
95266339
284528876
204474798
194546782
50070142
22989394
44147493
161019057
124362118
5108986
7490531
101480911
27014684
73657637
67999601
43206739
2555002
25104407
319903953
62903655
208140314
456525739
279723122
5557456
205311185
69081415
57110076
276376591
136382869
281623240
14532203
165318850
130139906
242587009
10029257
132422781
37015524
272334627
11327309
275734388
116587104
149792898
224546109
52839596
289090142
182838231
430761236
94577445
51078551
183232465
222412155
2211826
86477853
23216078
24795136
24197908
229177072
19598925
579463
19590718
67617844
114485609
305959040
348393268
282332588
183145561
60310354
20891731
349397351
56153499
65494568
170438480
20826605
15116348
17983024
80983279
91917827
162607577
22588277
87932252
165101538
300025243
29775034
38973329
43305020
91333244
257218980
334447806
230115482
11743323
71322116
41253690
18872394
15278643
78726853
123094157
13671417
59524481
11892271
125113401
14509365
29243553
83411182
149667847
75088181
160736161
285893
386781020
207091054
209420205
64691142
46572047
244470612
120952848
300454053
431049398
117048383
59962868
247879338
108070376
145428722
45125327
24341068
3934799
226732536
19413572
28640089
380687246
16096411
132215728
35727143
123861876
69928520
188303480
24084482
198719054
56771013
31884651
197000611
259111351
23341763
376886008
170847870
184124200
238535298
167809652
37033066
274736394
227330787
118475202
419676758
182701483
174291255
30889515
227316570
126159743
21064860
325929953
19867224
34953915
30262590
215286333
63178281
50580488
291982694
14306431
67837471
253643778
73999198
71862178
158531094
50955692
241097083
69975113
39700460
107599507
39868685
9789669
83694557
5062668
56897103
5646122
31568659
279707838
203833481
391185047
283353
168423692
87731856
6640997
140911920
67208771
59025529
15576503
163940532
25900693
173218722
315291242
53675564
66263848
244202705
33038086
353037558
266196939
207792063
658834
1467452
257954160
4680674
129153622
20537257
240764079
28112133
189822930
84822413
57719026
46121572
248988735
121746863
108609003
202892770
9683566
57927034
162174737
152206243
34847489
48379979
276706589
342383591
27687446
105339177
194418841
146768729
22318664
56843008
38961510
308556790
46854046
77792607
25464982
118443964
6833023
80465996
204518402
59258967
144436711
53235953
138472793
2924359
189866801
43055761
187353958
31683762
347907
105017878
263627639
192432089
29496303
74582740
28251600
15986303
139706218
39016435
16392973
44628368
119698894
34011033
56430010
259466524
53747854
106188247
8094198
11069520
12960213
367757954
187931677
277269786
285635234
13805108
95537539
48250526
415207858
8957288
10226988
11313863
28979016
26775391
326488276
270667080
85036821
198752593
182975763
101427940
3341182
49265132
113659988
20973398
394216944
35193022
60657000
316030225
120017414
19109078
312601002
145340078
68779144
68923479
42647630
11722752
134439931
5232503
121074055
6183121
74924149
271135133
25915594
293418519
3172453
183708141
29042381
158660966
295773759
97767529
50849129
39923785
93930917
48766578
326094
303745580
27809512
209306021
82719993
77370939
18675580
96013602
55993851
112817562
172813740
74726643
10134779
200104139
36599010
81140289
18277537
271536251
351865227
51380997
11089629
192887824
96209679
55729554
13443205
99602835
261413730
106518104
93500301
245353304
43078038
230018287
27096119
222656640
383266001
24201821
76562212
35187311
120648033
39956665
9895072
27977062
11174705
51555397
226833350
68207194
231542722
74179880
437352594
130379501
139349783
327746602
81312626
27793246
98038602
21020168
3908647
36099604
179923424
195100677
43343307
35295469
24718269
160849612
25525798
238064182
41845796
96713490
77537295
163654860
120224421
54981583
264280207
106248954
121093266
7565564
108657626
35416598
25692975
863216
269337956
374991570
5570442
26980986
52985949
185037495
185367151
96718877
15560979
33981186
81472347
94185122
72464520
33983703
113286117
55724603
64238454
2778505
99289863
32997180
169699276
20937517
5867048
70104551
104214641
76978643
24206984
90361531
55905996
199212689
3692643
387987608
101382834
71882467
9768650
119769589
50908111
106942941
237350981
3256184
185388721
54856478
1625534
222533933
52290569
6128501
84251770
7919249
131060793
184420222
170000176
97979646
16272192
276755702
6302291
425821845
59369895
128161587
131473848
141862603
65680870
192171968
39280772
267073901
241204823
297903635
178290911
338280805
123141029
67293649
359342213
91920709
62864559
75520549
173697884
288715042
430812296
137009631
11392358
153902951
57627785
159593707
81123975
191545030
118966321
22134093
146283843
102837564
177420520
195974689
14769569
112211861
9160526
56225539
21569186
195526458
4940824
181526218
198907492
258894058
34062520
282378563
131141153
101036272
295592636
56705145
51381409
402146
81038463
52065925
65243198
16436585
132686802
183547325
11140142
8566286
92059600
76915833
175050453
264965851
97143862
194477162
130303931
18243337
16022240
183326975
135754595
181824573
181520642
193358033
164572995
28613493
128201226
28062897
65368725
69538265
51521018
38668983
120863543
10993014
50649903
185557927
136833293
162071885
31385195
3443309
190726659
41864954
246501309
20645416
23003120
97536220
94828733
4827674
188220697
19747010
39681525
137889320
252072395
73020511
34402344
37647774
37090851
223830016
99244411
124785060
210316397
7883390
183194168
80472299
140140574
170146970
16598653
113334696
112639043
19685639
173098596
285801792
391900226
8025922
9722429
10728464
41669451
34365415
17931616
78895720
83279679
8857397
200067137
29350160
46854504
57380934
306255289
19226476
41031571
25851473
112053549
39263703
222393779
14343608
63302060
32917520
147133410
233448145
302922615
6481975
676417
58263872
69913622
628303
26602544
62228467
340501341
161278746
80007546
16429185
24034801
96764129
61722047
186892388
26007937
138959024
31924763
11819421
72834800
182491613
170685314
310648803
32261807
94035323
208552276
10973265
112974747
98826863
82145538
180949554
119571147
8356901
120082416
208642302
19075540
117699062
123005772
54262161
65526604
36609156
230385961
47543544
207670128
48897870
59566811
51879375
269723784
18001860
231222068
4288976
22627709
280990352
13232724
347962452
290679
21692847
94063053
90950243
2322624
196308877
273706671
250431521
321525602
1887900
78295694
103963449
101956426
48451321
37253948
195114834
85142124
295332261
53168601
457600855
105329187
287155046
113812066
189301580
51529529
17034725
81851687
134260942
300262098
12820202
224478704
7798675
22749786
294987803
188439309
121830785
68455145
170044126
95327166
98016375
65607585
31751464
25937059
40368088
124153765
34895117
52750890
43262413
221775457
28932110
33411721
89778195
10454770
82788216
41839174
10091241
67016787
5629578
61077083
272468569
12064689
158786993
75561798
17391788
42982167
370513312
60076561
37915986
136473545
75905906
106715901
166164883
298654820
524589
67059843
13699348
60995168
82343746
125558278
169698058
296905675
59266117
9250489
227748502
135286311
13307709
85474009
296300847
2899765
273162580
1860884
213359489
56460223
92222309
6482828
53373217
152953802
50130729
56396917
34296329
31624104
30895555
138341169
16047298
19041486
88740813
40338334
181168883
56639098
341049393
221375407
5077129
1878616
157383833
175024677
145203001
119885924
388512431
171566194
390194312
143521651
8904797
102843966
174932233
250688380
83021805
47644980
145661503
39661209
176385713
155378024
364507785
301832245
17867221
1422503
107394814
36866252
25033018
5598494
118382769
163041413
209526737
194234257
109794009
190848423
48575097
84958704
169983193
316432561
24025820
42632495
272851410
74990750
126636427
14130507
343178323
2592056
34542002
79496063
162557044
68584022
113690663
25673517
230517782
10163801
416046435
22172423
87084032
229716121
109966936
33294138
12120522
232904655
225390
87752774
35485699
27859840
187368226
429044522
92613957
56127456
184370332
110499551
33241461
397790378
61824295
89309414
56867982
810533
227567244
22004115
240566895
2719432
50656238
39898776
19828933
213338832
21131279
94536012
35829044
55503248
50564704
1907877
12047111
29667262
206862157
200462446
9404018
41158531
81846863
87541975
297502867
548790
246009973
34367788
22944597
371103247
48081628
114204985
184043728
37945829
40523848
44050548
27535951
20421901
397136461
308661857
42471277
88928570
155270596
24989593
32373425
224214286
297618623
32801303
137215960
9186090
31041059
3862255
281240576
33449067
29020647
192356220
151183208
155043
53713563
88799043
47292230
21202520
56679620
20777514
296880969
190875418
365976974
40109939
290569
1947967
162565960
86180284
154976969
139021723
109849133
60298774
35853555
296349107
192614044
105770404
23876266
77846889
86144102
70721621
146877099
61049665
100777652
139529109
117487354
23907204
179834717
25134286
31117350
83818195
40670703
79781482
246694970
97289570
58560099
202339571
3812916
250548105
104927906
440205195
12491225
9559556
86312193
16208197
61495024
213760061
46501583
105540816
47510541
284896
170075879
1245425
279609567
396373754
88554788
25132728
16158252
85189285
23748154
111977002
80535775
317478105
35978546
215564675
245688382
121835655
24651273
14595208
182305329
216403217
48966372
7069594
49658883
155018179
9432150
103755554
55955006
52205527
152674556
61896371
332671488
6557636
80933241
227457327
110277042
111833086
5689869
224778175
250550422
41281053
99255405
105397084
104677414
97220208
26938295
21454998
2957605
117064804
12719493
386879325
298789960
193401497
1038025
193473006
307881980
3977685
15119633
170002804
687597
76562871
74616315
79609866
217183072
157205662
91947903
205808653
418788326
252473338
46474074
118408971
30969167
120589419
386330515
127348777
299650434
57161929
155135379
108449375
28399697
31354855
301338290
242521225
6758121
174145652
53511544
29783351
165183989
20660599
210421785
219357381
212629025
178851193
79184123
138317614
27770112
6173430
111365775
66930869
234293344
21812931
25966403
280825476
79761688
56334364
49987048
68120966
65360538
70171534
199854205
52515628
40764608
60560002
219673440
259289823
70657495
27792585
404452178
7912534
33748855
110180846
323275085
208810055
398040114
214035761
19693512
162325932
495760
7957875
98645009
73620403
17090895
4623294
1958427
194662810
64408637
126880264
6870164
9253655
156739046
226129225
88196803
208380837
40992449
7330953
144661965
34985773
231221058
98251167
170767447
55572654
313245318
181622070
13685436
27449932
38423603
29736464
68240471
281316452
108791804
367101148
164418265
156548120
160205659
177142540
1008501
55093118
150323883
256304039
78321338
28135989
184361091
127104825
140863020
114210357
15475634
203987566
12329289
220844780
77108070
266777899
143056281
163058796
325361845
59709741
212857662
90111284
25197321
61642996
164216556
180847436
6564202
136943249
361697072
119067948
94282782
145303989
36558191
14757175
65144592
6304857
83522576
182280283
3171508
61475550
160987309
249226772
292565641
317529132
52300668
59280147
14473840
46384041
53238864
26006277
99946258
89366745
182094997
12885889
35234556
217054128
4178343
36924683
674454
166462313
11210639
219300973
222811624
374390813
69895587
66474043
14602623
128645029
25164173
35249363
63757532
343007689
81317177
198122454
157345090
159642042
8258714
151030771
263858882
202633323
58333451
3691070
66850226
6087345
2223556
198159498
81397355
305836438
30129939
262727358
127918471
29019693
344203095
100158064
60072543
221893197
107875177
377167931
470327
43096641
86670412
333520181
214701962
38846955
14543042
135320153
67527396
101943969
58347542
5566044
313260460
224090596
5934310
132902809
312997720
6599271
73952673
40270695
58552680
186935335
32875086
26765824
117390971
31851937
246167256
23882623
270864642
9180269
22343180
284211227
310420123
415367135
316781762
136520864
54521009
670655
161512426
33973097
133615336
122886763
99969943
82883109
73280077
56833115
87980652
176849335
57236135
275087719
43336056
9642899
240327374
140904151
51169821
10498121
196504104
105196480
29540989
211905815
15013658
334796919
107398622
131569121
216027609
162217744
230137889
275066725
5498054
221137228
45071688
127097620
174610894
191097913
95089
92812781
112691112
134654553
102179673
192068594
2028080
251512023
83380671
149957405
23463033
196868321
134907220
107319803
29265363
39991724
249677847
107545063
149330684
73710174
97588753
13149401
98313825
306926592
91126177
203298924
112787362
266275911
56424959
52157819
104726313
278083610
127362900
5792053
102863328
38890613
116258082
307109675
9454267
393458671
194582052
14573018
244699889
43870260
12761245
266058783
50194674
216605722
71349446
10737737
50454515
8034655
30782017
12749190
14230025
227364338
192586663
118438962
18406199
92114613
308528194
185934362
69351564
420492932
328855030
116332600
6671738
97573842
25696056
157160630
95621405
251553766
125019867
103747241
131565168
154101444
73275670
185093172
88021350
279425902
223727007
7019178
186657729
173286917
29760887
145922423
370307081
236027526
311637161
281289865
70636259
18489171
23320582
206531180
154441079
200212006
97671876
101270067
175700921
194305176
80619201
318880062
90533286
19985575
32024675
77944291
108620740
99412343
8659940
10760168
18413344
39019940
214853976
45836608
82240037
172258257
71795873
49033635
69156379
45476518
17763349
19715337
91668356
328177123
162548012
41434938
99325047
128828421
172690346
161074601
248575901
18586726
315082582
77640885
67971903
367663849
15008814
354848725
112468409
93343829
320058320
43356965
222070912
178339270
107333680
371130907
44463090
276660058
146668815
139699389
42094176
46947180
410981910
413669307
20820247
53474682
120583465
76530202
46319681
1912980
56645792
72299534
211392014
338917946
2096068
52461513
55341027
8261748
110483436
91597381
139735511
22018750
432739274
59187230
34389301
112368477
33506141
115105000
307318832
33672860
72818516
22138436
107035205
56268731
317020454
417136338
6226791
222901855
585389
9325793
141947822
248046775
224870816
21592417
37527197
233874631
171766491
229100882
126291071
32192063
126014151
14688661
13760434
34793844
73022998
110073045
14679885
21583723
47526970
59672302
7113069
159923319
8078809
42075837
11021828
49064761
29156774
2743807
10939915
96140936
4410199
299584848
255598410
22414248
1093462
16549359
102839596
291229157
103376118
226146464
184101571
28929080
108466572
44928148
33907050
275574253
52988309
133167415
725784
83354465
251819828
105685065
110816360
28552318
62323263
379020328
12204725
229737554
56228471
204983237
377343020
18195364
22245335
80635388
74938601
82798858
63040808
5015298
116662835
46113232
95504512
78580836
143153846
71874410
349082724
115515204
93114617
308454329
58620410
6482414
177817617
13900792
33626104
162236004
59297644
137297720
275360437
83966123
33071349
95909350
91322491
4954949
70209222
126509792
72688237
141910717
54565811
252305264
57528439
189793988
18654629
197006438
35006210
387815476
252166948
35750924
22154959
6702910
204721103
24256205
37493606
293974136
2106253
10989883
51444301
30139477
25617276
308889904
117299
86881990
189874193
123190015
209832142
260786674
22292785
42466028
36788517
186601508
62835068
267352343
14668372
132738297
334490464
59472329
292205018
151867422
401452134
18591896
2213648
13382705
8899782
157057951
268886742
372661116
47537307
55742339
176172746
104988814
185062718
189831861
70704948
70931371
165246707
1549972
52223143
37344137
388470785
194468879
109239693
195638434
196660423
92546232
225922134
343654085
120494480
300460428
158870539
302097073
176818660
39068595
211559450
35239447
1588901
296131621
73264910
191883014
372044152
129637643
249430404
28403118
144959811
80213548
389656745
208317904
269941897
179346323
38531915
68142370
240442359
285887284
247182202
49255484
17452480
10188208
1474097
79018253
71069296
18803627
156715520
39177074
117974419
311178780
6946834
127049388
94193393
44429807
101078218
179540526
12304550
217296228
40125476
33862051
247981592
299249791
64575936
113720112
17300118
3054919
43145681
4875205
306465896
62251184
148776754
17645553
103332302
189913308
37978145
237029931
69934459
53841658
6903060
322586737
35594508
19152667
64241703
148252308
106035870
188945612
239497381
270856661
9531717
282911561
94215055
98051304
3856236
130992040
211098310
19051186
216162925
65726350
13492576
82627815
23144022
9375691
234273286
58724735
172550949
512149
163165181
3917228
288473541
2230899
9345571
54366734
4383588
324965764
5099247
235263505
112075446
18531254
176881480
232045953
113068282
76491710
5700607
53172067
74615143
258002717
22755284
7418367
56009338
6827035
5979003
225292604
66780545
162154532
319321073
18900812
243401844
194235932
211486930
106495431
225077633
384733357
158546705
2788209
39389074
155278804
55791590
6579764
20157309
208921643
307313807
35723654
97817503
111412590
159082626
428176186
18008394
109933081
10140009
199328749
45541987
18316527
75698658
236675679
84770802
55542611
229043631
9712099
40224673
110192381
25963107
11656125
1070984
68186638
12189639
119085772
148566249
83952966
197946338
349679430
43305429
38070426
184502169
36636593
6958586
58369614
122083227
79299236
85870629
250273322
985217
114030680
32002100
51012919
297242569
206017624
158344661
76412133
16845962
17792419
131324615
37961368
293300126
67791567
9486547
106411976
143832228
14636440
11297352
138144292
110962249
309586435
32247116
25058120
57166439
14536992
54335043
93964293
49238953
60156516
302175141
8695453
120246995
609261
4311303
63223358
252423991
40540507
170687089
49092020
142132578
267358145
77626600
206332777
173679965
4041824
7726610
74584336
100360824
69193301
107129540
73046464
100133879
5873291
64257356
196825949
413145826
136803265
106466371
57515375
235125409
48685544
298272310
444380555
187738397
199515059
318358266
351290840
51586561
24303356
131337380
36288078
16416797
22930701
43592566
239932127
121088755
218408999
56282845
42206758
67372571
110910738
144593771
244560796
21482548
62549618
42117540
15307828
285554078
64958504
23058411
91915754
40637927
36220688
99885850
78406812
10312490
206246840
201284628
70319087
59971514
271616338
16533898
37323312
30529191
195497305
119999261
161149646
87991952
13999309
100991615
80427172
64643434
80854319
270345771
77882736
36382235
4334748
117363631
126699013
402082794
21673423
148761577
1275013
90929051
125917644
9895991
70587826
104502727
170463865
18268137
15217701
9514205
42349751
145859402
284086315
95610580
220335147
37027113
37782206
74708986
324369153
5620404
375035105
122779469
1474528
382821778
121225585
46203288
120929593
53565879
333981974
45503833
413183483
3887074
449953681
45489490
135044697
8944116
342345387
7159622
9600817
261018863
108748516
644209
220568427
91740407
4962259
920937
187862543
242261750
14566759
11459270
179414975
176931495
75641414
62194603
200663151
193661551
38797011
217048845
36443680
125305916
141792794
103619119
8620889
246411591
65179899
149975736
21813156
18255184
43465053
878074
80609527
131403014
165441433
71331751
26248478
31015256
484821
35111294
129780833
100926704
57814712
153808712
224038951
55213617
154285217
31517586
93683152
39331993
342007294
99751549
44467156
106657479
81397503
470019352
344105143
49855877
4867586
6112040
73431538
7273199
147042324
208696794
146846594
130551550
279813232
323343598
40041834
16747715
200920864
2524183
210536968
145151738
239173589
68561999
139794591
236900812
171948626
298843662
292302649
140880872
270656274
87299873
38142794
215427961
45841140
12724137
127424449
358211789
60993872
276148212
188130645
3012741
263606159
85306955
8994973
365653785
104793262
2941962
234039750
12798685
202279547
4092829
264282372
15053136
72295306
8963041
2574907
84129937
81120325
145357454
101252326
109161912
14042371
79833619
48613464
38167362
13841109
133337566
415693742
135277907
60157663
24499699
25292121
176323733
25865357
106670203
218504912
98799933
25971870
100293309
134854010
33495904
76739810
7479457
166638178
211114455
118077531
185466636
10257266
119482339
130339694
88327545
269080204
60007255
65343650
137328818
85443465
72934022
233201512
319006426
81538349
36903335
300824672
51173375
253747909
123839560
18601551
26691309
16752751
379297670
63524476
52993218
1264523
96876668
79547492
22339679
209608630
33825914
47211408
67283166
143280607
153801330
258950622
250646039
176803665
313750328
165587777
36735618
13520506
171233828
33579271
80849262
84582677
78701276
66032926
22932317
19306796
22740589
151502974
14110229
86588393
156696550
1064430
331064812
86338567
1641868
172330936
142863807
369218642
142191546
3574389
215857134
24560563
1327207
169781187
9132189
254157135
290645012
260899165
64004136
27267332
477340
25567752
1316223
51783596
100258005
4447720
31677782
45249415
296574319
3865149
36497171
119437564
207750157
86072510
113232273
111038865
105604699
161191118
101745577
276996642
37317988
345679381
119537356
331578285
364971252
26332357
27018711
93977725
977563
65242276
126934624
152865650
33322857
188709975
65189125
21859115
401424493
212669604
91615169
211611070
126970101
10575018
1181821
53033769
32052434
280923968
129297175
144911750
4739246
218861585
235077937
